SLURM_JOBID=5048926
SLURM_JOB_NODELIST=svl1
SLURM_NNODES=1
SLURMTMPDIR=
working directory = /viscam/projects/objectfolder_benchmark/benchmarks/Multi_Sensory_3D_Reconstruction/code/models/MDN
Start_idx:  20
mem:  1536
mem:  1897984
mem:  1863680
mem:  1871360
mem:  1830400
mem:  1887744
mem:  1837056
mem:  1864192
mem:  1820672
mem:  1893888
mem:  1901568
mem:  1887232
mem:  1933824
mem:  1857536
mem:  1861632
mem:  1843712
mem:  1887744
mem:  1889280
mem:  1904128
mem:  1889792
mem:  1903616
mem:  1928192
mem:  1949184
mem:  1914368
mem:  1923072
mem:  1924608
mem:  1887232
mem:  1914368
mem:  1892864
mem:  1888256
mem:  1912832
mem:  1901056
mem:  1937920
mem:  1859072
mem:  1942016
mem:  1952256
mem:  1922048
mem:  1904128
mem:  1886208
mem:  1965568
mem:  1899008
mem:  1922560
mem:  1960448
mem:  1938944
mem:  1936896
mem:  1939456
mem:  1917952
mem:  1925632
mem:  1956352
mem:  1948160
mem:  1969152
mem:  1951232
mem:  1969664
mem:  1948160
mem:  1920512
mem:  1970688
mem:  1933312
mem:  1970176
mem:  1978880
mem:  1957376
mem:  1952768
mem:  1954304
mem:  1974272
mem:  1989120
mem:  1971200
mem:  1950720
mem:  1997312
mem:  1972224
mem:  1944576
mem:  2001920
mem:  2025472
mem:  2004992
mem:  1977344
mem:  1936384
mem:  2006016
mem:  1968640
mem:  1995776
mem:  2033664
mem:  1969664
mem:  1962496
mem:  2021376
mem:  2003456
mem:  1950208
mem:  2010112
mem:  1995776
mem:  2010624
mem:  2018304
mem:  1994240
mem:  1998336
mem:  2032640
mem:  1975808
mem:  1983488
mem:  2010624
mem:  2038784
mem:  2004992
mem:  1993216
mem:  2030080
mem:  1969664
mem:  2011136
mem:  2067456
mem:  2036224
mem:  2047488
mem:  2036736
mem:  2054144
mem:  2049536
mem:  2053632
mem:  2058752
mem:  2046976
mem:  2036224
mem:  2053632
mem:  2055168
mem:  2066432
mem:  2054656
mem:  2075648
mem:  2057728
mem:  2062848
mem:  2064384
mem:  2039296
mem:  2073600
mem:  2053120
mem:  2089984
mem:  2078208
mem:  2083328
mem:  2061824
mem:  2086400
mem:  2074624
mem:  2095616
mem:  2094592
mem:  2082816
mem:  2084352
mem:  2072576
mem:  2093568
mem:  2088960
mem:  2090496
mem:  2092032
mem:  2099712
mem:  2104832
mem:  2112512
mem:  2098176
mem:  2109440
mem:  2081792
mem:  2115072
mem:  2114048
mem:  2119168
mem:  2103808
mem:  2124800
mem:  2110464
mem:  2108416
mem:  2119680
mem:  2107904
mem:  2132480
mem:  2112000
mem:  2145280
mem:  2130944
mem:  2119168
mem:  2114560
mem:  2135552
mem:  2143232
mem:  2135040
mem:  2146304
mem:  2138112
mem:  2139648
mem:  2141184
mem:  2152448
mem:  2160128
mem:  2097152
mem:  2150912
mem:  2155008
mem:  2150400
mem:  2149376
mem:  2149888
mem:  2155008
mem:  2150400
mem:  2136064
mem:  2146304
mem:  2138112
mem:  2160128
mem:  2173952
mem:  2156032
mem:  2167296
mem:  2159104
mem:  2173952
mem:  2175488
mem:  2163712
mem:  2190848
mem:  2189824
mem:  2181632
mem:  2179584
mem:  2187264
mem:  2182656
mem:  2181632
mem:  2191872
mem:  2177536
mem:  2175488
mem:  2186752
mem:  2160128
mem:  2203136
mem:  2169344
mem:  2186752
mem:  2191872
mem:  2203136
mem:  2226688
mem:  2215936
mem:  2221056
mem:  2231296
mem:  2232832
mem:  2235392
mem:  2233344
mem:  2231296
mem:  2236416
mem:  2224640
mem:  2229760
mem:  2225152
mem:  2238976
mem:  2240512
mem:  2228736
mem:  2249728
mem:  2232832
mem:  2250240
mem:  2242048
mem:  2246144
mem:  2241536
mem:  2246656
mem:  2264064
mem:  2255872
mem:  2260992
mem:  2246656
mem:  2264064
mem:  2238976
mem:  2267136
mem:  2243072
mem:  2263040
mem:  2277888
mem:  2279424
mem:  2267648
mem:  2278912
mem:  2258432
mem:  2279424
mem:  2284544
mem:  2269184
mem:  2290176
mem:  2291712
mem:  2290688
mem:  2292224
mem:  2296320
mem:  2294272
mem:  2289664
mem:  2298368
mem:  2269696
mem:  2297856
mem:  2302976
mem:  2287616
mem:  2305024
mem:  2307584
mem:  2279936
mem:  2307072
mem:  2298880
mem:  2313728
mem:  2298368
mem:  2303488
mem:  2307584
mem:  2299392
mem:  2298368
mem:  2322944
mem:  2324480
mem:  2309120
mem:  2323968
mem:  2325504
mem:  2333184
mem:  2328576
mem:  2322944
mem:  2325504
mem:  2323456
mem:  2321408
mem:  2336256
mem:  2337792
mem:  2339328
mem:  2337280
mem:  2325504
mem:  2334208
mem:  2349056
mem:  2350592
mem:  2352128
mem:  2346496
mem:  2357760
mem:  2356736
mem:  2351104
mem:  2350080
mem:  2357760
mem:  2361856
mem:  2354688
mem:  2364928
mem:  2370048
mem:  2345984
mem:  2359808
mem:  2355200
mem:  2370048
mem:  2358272
mem:  2365952
mem:  2364928
mem:  2376192
mem:  2368000
mem:  2372096
mem:  2380800
mem:  2378752
mem:  2383872
mem:  2381824
mem:  2379776
mem:  2391040
mem:  2392576
mem:  2394112
mem:  2377216
mem:  2400768
mem:  2388992
mem:  2394112
mem:  2389504
mem:  2391040
mem:  2408448
mem:  2400256
mem:  2405376
mem:  2390016
mem:  2398720
mem:  2400256
mem:  2401792
mem:  2409472
mem:  2420736
mem:  2412544
mem:  2421248
mem:  2425344
mem:  2420736
mem:  2424832
mem:  2416640
mem:  2418176
mem:  2433024
mem:  2408960
mem:  2432512
mem:  2418176
mem:  2425856
mem:  2440704
mem:  2438656
mem:  2443776
mem:  2441728
mem:  2446848
mem:  2448384
mem:  2443776
mem:  2432000
mem:  2450432
mem:  2432512
mem:  2452480
mem:  2441728
mem:  2445824
mem:  2460672
mem:  2462208
mem:  2463744
mem:  2465280
mem:  2466816
mem:  2446336
mem:  2460160
mem:  2471424
mem:  2466816
mem:  2455040
mem:  2462720
mem:  2467840
mem:  2459648
mem:  2480640
mem:  2469888
mem:  2477568
mem:  2472960
mem:  2486784
mem:  2478592
mem:  2489856
mem:  2488832
mem:  2489344
mem:  2494464
mem:  2493440
mem:  2493952
mem:  2492928
mem:  2497024
mem:  2502144
mem:  2503680
mem:  2501632
mem:  2493440
mem:  2504704
mem:  2503680
mem:  2507776
mem:  2512896
mem:  2504704
mem:  2506240
mem:  2517504
mem:  2512896
mem:  2508288
mem:  2512384
mem:  2521088
mem:  2519040
mem:  2516992
mem:  2522112
mem:  2513920
mem:  2518016
mem:  2532864
mem:  2530816
mem:  2529792
mem:  2496000
mem:  2535424
mem:  2530816
mem:  2522624
mem:  2533888
mem:  2522112
mem:  2527232
mem:  2532352
mem:  2520576
mem:  2541568
mem:  2521088
mem:  2544640
mem:  2549760
mem:  2547712
mem:  2549248
mem:  2550784
mem:  2546176
mem:  2528256
mem:  2558976
mem:  2534912
mem:  2562048
mem:  2544128
mem:  2557952
mem:  2563072
mem:  2545152
mem:  2546688
mem:  2577408
mem:  2563072
mem:  2564608
mem:  2566144
mem:  2561536
mem:  2559488
mem:  2567168
mem:  2584576
mem:  2576384
mem:  2571776
mem:  2580480
mem:  2584576
mem:  2573824
mem:  2587648
mem:  2592768
mem:  2596864
mem:  2592256
mem:  2590208
mem:  2579456
mem:  2593280
mem:  2588672
mem:  2599936
mem:  2591744
mem:  2606592
mem:  2604544
mem:  2596352
mem:  2594304
mem:  2609152
mem:  2604544
mem:  2615808
mem:  2604032
mem:  2615296
mem:  2607104
mem:  2618368
mem:  2626048
mem:  2615296
mem:  2620416
mem:  2634240
mem:  2629632
mem:  2621440
mem:  2626560
mem:  2627072
mem:  2618880
mem:  2643456
mem:  2638848
mem:  2640384
mem:  2648064
mem:  2624000
mem:  2648576
mem:  2646528
mem:  2640896
mem:  2649600
mem:  2647552
mem:  2646528
mem:  2650624
mem:  2636288
mem:  2628096
mem:  2642944
mem:  2647040
mem:  2661888
mem:  2653696
mem:  2655232
mem:  2662912
mem:  2632704
mem:  2675712
mem:  2657792
mem:  2672640
mem:  2667008
mem:  2681856
mem:  2667520
mem:  2678784
mem:  2673152
mem:  2655232
mem:  2667520
mem:  2675200
mem:  2686464
mem:  2681856
mem:  2660352
mem:  2683904
mem:  2653696
mem:  2684416
mem:  2682368
mem:  2703360
mem:  2704896
mem:  2706432
mem:  2704384
mem:  2697216
mem:  2711040
mem:  2679808
mem:  2684928
mem:  2690048
mem:  2701312
mem:  2718720
mem:  2714112
mem:  2719232
mem:  2707456
mem:  2722304
mem:  2703360
mem:  2702336
mem:  2710016
mem:  2699264
mem:  2726400
mem:  2718208
mem:  2719744
mem:  2733568
mem:  2719232
mem:  2695168
mem:  2706432
mem:  2743296
mem:  2692608
mem:  2730496
mem:  2725888
mem:  2733568
mem:  2712064
mem:  2752512
mem:  2724864
mem:  2743296
mem:  2715648
mem:  2745344
mem:  2728448
mem:  2738688
mem:  2750976
mem:  2748928
mem:  2744320
mem:  2755584
mem:  2743808
mem:  2728448
mem:  2740736
mem:  2764288
mem:  2742784
mem:  2767360
mem:  2749440
mem:  2757120
mem:  2779136
mem:  2780672
mem:  2775040
mem:  2766848
mem:  2768384
mem:  2776064
mem:  2788352
mem:  2772992
mem:  2784256
mem:  2792960
mem:  2765312
mem:  2775552
mem:  2777088
mem:  2795520
mem:  2800640
mem:  2804736
mem:  2796544
mem:  2807808
mem:  2780160
mem:  2797568
mem:  2786816
mem:  2798080
mem:  2783744
mem:  2813440
mem:  2760192
mem:  2781184
mem:  2821632
mem:  2781696
mem:  2812416
mem:  2771456
mem:  2796032
mem:  2793984
mem:  2814976
mem:  2812928
mem:  2814464
mem:  2829312
mem:  2817536
mem:  2822656
mem:  2830336
mem:  2841600
mem:  2833408
mem:  2844672
mem:  2836480
mem:  2845184
mem:  2829824
mem:  2828800
mem:  2832896
mem:  2840576
mem:  2845696
mem:  2841088
mem:  2852352
mem:  2818560
mem:  2849280
mem:  2860544
mem:  2864640
mem:  2856448
mem:  2848256
mem:  2824192
mem:  2870784
mem:  2839552
mem:  2842112
mem:  2830336
mem:  2844160
mem:  2833408
mem:  2860544
mem:  2842624
mem:  2830848
mem:  2878464
mem:  2870272
mem:  2852352
mem:  2883072
mem:  2842112
mem:  2886144
mem:  2884096
mem:  2885632
mem:  2867712
mem:  2865664
mem:  2864640
mem:  2898944
mem:  2864128
mem:  2865664
mem:  2861056
mem:  2874880
mem:  2873856
mem:  2878976
mem:  2899968
mem:  2913792
mem:  2915328
mem:  2871808
mem:  2898944
mem:  2910208
mem:  2911744
mem:  2920448
mem:  2889216
mem:  2906624
mem:  2927616
mem:  2899968
mem:  2920960
mem:  2912768
mem:  2917888
mem:  2913280
mem:  2930688
mem:  2915328
mem:  2924032
mem:  2931712
mem:  2888192
mem:  2944512
mem:  2903552
mem:  2921984
mem:  2946560
mem:  2931200
mem:  2897408
mem:  2924544
mem:  2955264
mem:  2931200
mem:  2946048
mem:  2957312
mem:  2958848
mem:  2930176
mem:  2919424
mem:  2950144
mem:  2951680
mem:  2943488
mem:  2951168
mem:  2910208
mem:  2948096
mem:  2965504
mem:  2973184
mem:  2968576
mem:  2963968
mem:  2952192
mem:  2947584
mem:  2951680
mem:  2979840
mem:  2983936
mem:  2950144
mem:  2987008
mem:  2982400
mem:  2941440
mem:  2995200
mem:  2996736
mem:  2959360
mem:  2990080
mem:  2995200
mem:  3000320
mem:  2969088
mem:  2996224
mem:  2994176
mem:  3009024
mem:  2994688
mem:  2999808
mem:  2984448
mem:  2976256
mem:  2997248
mem:  3002368
mem:  2994176
mem:  3015168
mem:  3006976
mem:  3018240
mem:  2996736
mem:  2998272
mem:  3013120
mem:  3020800
mem:  3012608
mem:  3010560
mem:  3019264
mem:  3007488
mem:  3022336
mem:  2998272
mem:  3041280
mem:  3036672
mem:  3038208
mem:  3036160
mem:  3027968
mem:  3026944
mem:  3027456
mem:  3036160
mem:  3040256
mem:  3055104
mem:  3053056
mem:  3058176
mem:  3030528
mem:  3035648
mem:  3050496
mem:  3064320
mem:  3063296
mem:  3054080
mem:  3056640
mem:  3060736
mem:  3062272
mem:  3054080
mem:  3039744
mem:  3054592
mem:  3048960
mem:  3077120
mem:  3075072
mem:  3070464
mem:  3064832
mem:  3079680
mem:  3081216
mem:  3047424
mem:  3055104
mem:  3072512
mem:  3061760
mem:  3063296
mem:  3086848
mem:  3088384
mem:  3089920
mem:  3048960
mem:  3090432
mem:  3081216
mem:  3076608
mem:  3101184
mem:  3102720
mem:  3071488
mem:  3082752
mem:  3113472
mem:  3105280
mem:  3104256
mem:  3102208
mem:  3094016
mem:  3111424
mem:  3112960
mem:  3092480
mem:  3109888
mem:  3084800
mem:  3125248
mem:  3091456
mem:  3106304
mem:  3088384
mem:  3134976
mem:  3101184
mem:  3122176
mem:  3104256
mem:  3128832
mem:  3142656
mem:  3112448
mem:  3129856
mem:  3147264
mem:  3119616
mem:  3147776
mem:  3145728
mem:  3149824
mem:  3145216
mem:  3150336
mem:  3154432
mem:  3143680
mem:  3154944
mem:  3162624
mem:  3150848
mem:  3146240
mem:  3167232
mem:  3168768
mem:  3166720
mem:  3159552
mem:  3173376
mem:  3174912
mem:  3176448
mem:  3177984
mem:  3169792
mem:  3174912
mem:  3182592
mem:  3174400
mem:  3179520
mem:  3187200
mem:  3182592
mem:  3187712
mem:  3189248
mem:  3173888
mem:  3181568
mem:  3173376
mem:  3191808
mem:  3196928
mem:  3201024
mem:  3198976
mem:  3181056
mem:  3180032
mem:  3204608
mem:  3196416
mem:  3210240
mem:  3205632
mem:  3213312
mem:  3208704
mem:  3216384
mem:  3217920
mem:  3216896
mem:  3205120
mem:  3222528
mem:  3208192
mem:  3225600
mem:  3217408
mem:  3218944
mem:  3230208
mem:  3229184
mem:  3227136
mem:  3218944
mem:  3216896
mem:  3218432
mem:  3229696
mem:  3237376
mem:  3220480
mem:  3244032
mem:  3235840
mem:  3233792
mem:  3248640
mem:  3230720
mem:  3251712
mem:  3249664
mem:  3254784
mem:  3256320
mem:  3248128
mem:  3243520
mem:  3241472
mem:  3258880
mem:  3257856
mem:  3255808
mem:  3264512
mem:  3268608
mem:  3270144
mem:  3261952
mem:  3263488
mem:  3274752
mem:  3270144
mem:  3264512
mem:  3273216
mem:  3278336
mem:  3282432
mem:  3274240
mem:  3269632
mem:  3277312
mem:  3282432
mem:  3270656
mem:  3275776
mem:  3293184
mem:  3294720
mem:  3290112
mem:  3278336
mem:  3293184
mem:  3298304
mem:  3299840
mem:  3300352
mem:  3266560
mem:  3291136
mem:  3276800
mem:  3255296
mem:  3301888
mem:  3313152
mem:  3295232
mem:  3271168
mem:  3282432
mem:  3319296
mem:  3307520
mem:  3309056
mem:  3298304
mem:  3315712
mem:  3323392
mem:  3322368
mem:  3291136
mem:  3286528
mem:  3320832
mem:  3331072
mem:  3326464
mem:  3312128
mem:  3307520
mem:  3299328
mem:  3309568
mem:  3312128
mem:  3325952
mem:  3321344
mem:  3299840
mem:  3314688
mem:  3328512
mem:  3330048
mem:  3319296
mem:  3352576
mem:  3312640
mem:  3349504
mem:  3325440
mem:  3342848
mem:  3357696
mem:  3339776
mem:  3312128
mem:  3356160
mem:  3347968
mem:  3345920
mem:  3369472
mem:  3361280
mem:  3360256
mem:  3345920
mem:  3337728
mem:  3335680
mem:  3353088
mem:  3381248
mem:  3373056
mem:  3347968
mem:  3368960
mem:  3370496
mem:  3385344
mem:  3361280
mem:  3384832
mem:  3386368
mem:  3378176
mem:  3395584
mem:  3352064
mem:  3392512
mem:  3400192
mem:  3373568
mem:  3364352
mem:  3365888
mem:  3368448
mem:  3382272
mem:  3371520
mem:  3369472
mem:  3403776
mem:  3359232
mem:  3399680
mem:  3404800
mem:  3377152
mem:  3398144
mem:  3425280
mem:  3365888
mem:  3402752
mem:  3384832
mem:  3386368
mem:  3391488
mem:  3434496
mem:  3390976
mem:  3433984
mem:  3419648
mem:  3405312
mem:  3419136
mem:  3398656
mem:  3390464
mem:  3443200
mem:  3415552
mem:  3430400
mem:  3435520
mem:  3430912
mem:  3421696
mem:  3410944
