SLURM_JOBID=5049552
SLURM_JOB_NODELIST=svl15
SLURM_NNODES=1
SLURMTMPDIR=
working directory = /viscam/projects/objectfolder_benchmark/benchmarks/Multi_Sensory_3D_Reconstruction/code/models/MDN
Start_idx:  82
mem:  1536
mem:  1920000
mem:  1914880
mem:  1851904
mem:  1908224
mem:  1915904
mem:  1907712
mem:  1883648
mem:  1875456
mem:  1880576
mem:  1930752
mem:  1899520
mem:  1907200
mem:  1925632
mem:  1901568
mem:  1899520
mem:  1946112
mem:  1899008
mem:  1945600
mem:  1940992
mem:  1916928
mem:  1940480
mem:  1926144
mem:  1892352
mem:  1935360
mem:  1947648
mem:  1887232
mem:  1917952
mem:  1935360
mem:  1927168
mem:  1967616
mem:  1963008
mem:  1964544
mem:  1946624
mem:  1973760
mem:  1926656
mem:  1885696
mem:  1910272
mem:  1921536
mem:  1961984
mem:  1918464
mem:  1926144
mem:  1986048
mem:  1968128
mem:  1976832
mem:  1990656
mem:  1908224
mem:  1958400
mem:  1956352
mem:  1951744
mem:  1947136
mem:  1999872
mem:  1946624
mem:  2002944
mem:  1959424
mem:  1931776
mem:  1985536
mem:  1948160
mem:  1939968
mem:  2009600
mem:  1990656
mem:  1927680
mem:  2016768
mem:  2015744
mem:  1994240
mem:  1947136
mem:  2016768
mem:  2018304
mem:  2025984
mem:  1966592
mem:  1951232
mem:  1966080
mem:  1999360
mem:  1985024
mem:  1963520
mem:  1968640
mem:  2032128
mem:  2039808
mem:  2041344
mem:  2042880
mem:  2034688
mem:  2030080
mem:  1989120
mem:  1994240
mem:  1972736
mem:  2003456
mem:  2051072
mem:  2012672
mem:  2023936
mem:  2007040
mem:  2043904
mem:  2012672
mem:  2059264
mem:  2025472
mem:  2033152
mem:  1999360
mem:  2014208
mem:  2064384
mem:  2030592
mem:  2063872
