SLURM_JOBID=5050185
SLURM_JOB_NODELIST=svl9
SLURM_NNODES=1
SLURMTMPDIR=
working directory = /viscam/projects/objectfolder_benchmark/benchmarks/Multi_Sensory_3D_Reconstruction/code/models/MDN
Start_idx:  769
mem:  1536
mem:  1894400
mem:  1902592
mem:  1887232
mem:  1917952
mem:  1913344
mem:  1869824
mem:  1920000
mem:  1891328
mem:  1923072
mem:  1888256
mem:  1905664
mem:  1930240
mem:  1890304
mem:  1923584
mem:  1944576
mem:  1897472
mem:  1902592
mem:  1933312
mem:  1925120
mem:  1909760
mem:  1914880
mem:  1935872
mem:  1931264
mem:  1909760
mem:  1908736
mem:  1889792
mem:  1917952
mem:  1929216
mem:  1927168
mem:  1922560
mem:  1959424
mem:  1918464
mem:  1939456
mem:  1928704
mem:  1975296
mem:  1945088
mem:  1978368
mem:  1948160
mem:  1939968
mem:  1951232
mem:  1916416
mem:  1983488
mem:  1935360
mem:  1956352
mem:  1977344
mem:  1953280
mem:  1958400
mem:  1946624
mem:  1964032
mem:  1972736
mem:  1968128
mem:  1936896
mem:  1961472
mem:  1952256
mem:  1970688
mem:  1968640
mem:  1979904
mem:  1971712
mem:  2009600
mem:  1984512
mem:  1954304
mem:  2013184
mem:  1950208
mem:  2003968
mem:  1982464
mem:  1974272
mem:  1981952
mem:  1983488
mem:  2017792
mem:  1977856
mem:  2020864
mem:  1961472
mem:  1988608
mem:  2015744
mem:  1984512
mem:  2022400
mem:  2010624
mem:  1992704
mem:  1984512
mem:  1983488
mem:  2036224
mem:  2012160
mem:  2042880
mem:  2040832
mem:  1987584
mem:  2018304
mem:  2029568
mem:  2017792
mem:  2054656
mem:  2018304
mem:  2032128
mem:  2033664
mem:  2013184
mem:  2027008
mem:  2045440
mem:  2017792
mem:  2021888
mem:  2017280
mem:  2028544
