SLURM_JOBID=5049599
SLURM_JOB_NODELIST=svl2
SLURM_NNODES=1
SLURMTMPDIR=
working directory = /viscam/projects/objectfolder_benchmark/benchmarks/Multi_Sensory_3D_Reconstruction/code/models/MDN
Start_idx:  160
mem:  1536
mem:  1920000
mem:  1901568
mem:  1916416
mem:  1927680
mem:  1870848
mem:  1872384
mem:  1916416
mem:  1892352
mem:  1886720
mem:  1904128
mem:  1915392
mem:  1930240
mem:  1899008
mem:  1920000
mem:  1905664
mem:  1946112
mem:  1899008
mem:  1916416
mem:  1950720
mem:  1916928
mem:  1953792
mem:  1913856
mem:  1914368
mem:  1896448
mem:  1891840
mem:  1922560
mem:  1933824
mem:  1903616
mem:  1966080
mem:  1889792
mem:  1930240
mem:  1948672
mem:  1917440
mem:  1922560
mem:  1939968
mem:  1931776
mem:  1949184
mem:  1931264
mem:  1971712
mem:  1944064
mem:  1920000
mem:  1937408
mem:  1923072
mem:  1959936
mem:  1942016
mem:  1956864
mem:  1948672
mem:  1959936
mem:  1942016
mem:  1986048
mem:  1970688
mem:  2001408
mem:  1954304
mem:  1971712
mem:  1984000
mem:  1968640
mem:  1999360
mem:  1978880
mem:  1976832
mem:  1974784
mem:  2005504
mem:  1936384
mem:  1967104
mem:  1949184
mem:  1995776
mem:  1960960
mem:  1973248
mem:  1967616
mem:  1988608
mem:  1980416
mem:  1981952
mem:  1948160
mem:  1998336
mem:  1963520
mem:  1988096
mem:  2015232
mem:  1994752
mem:  2006016
mem:  2000384
mem:  2018816
mem:  2014208
mem:  1998848
mem:  2007552
mem:  1995776
mem:  2022912
mem:  2043904
mem:  2010112
mem:  1963008
mem:  2022912
mem:  1989120
mem:  2016256
mem:  2011648
mem:  2009600
mem:  2056192
mem:  2038272
mem:  2023936
mem:  2019328
mem:  2059776
mem:  2015232
