SLURM_JOBID=5049688
SLURM_JOB_NODELIST=svl1
SLURM_NNODES=1
SLURMTMPDIR=
working directory = /viscam/projects/objectfolder_benchmark/benchmarks/Multi_Sensory_3D_Reconstruction/code/models/MDN
Start_idx:  244
mem:  1536
mem:  1913856
mem:  1924608
mem:  1887232
mem:  1895936
mem:  1900032
mem:  1872384
mem:  1932288
mem:  1888768
mem:  1874432
mem:  1930752
mem:  1928704
mem:  1937408
mem:  1928192
mem:  1913856
mem:  1931264
mem:  1868288
mem:  1925632
mem:  1906688
mem:  1931264
mem:  1907200
mem:  1947648
mem:  1949184
mem:  1931264
mem:  1938944
mem:  1940480
mem:  1961472
mem:  1950720
mem:  1964544
mem:  1927168
mem:  1951744
mem:  1933824
mem:  1957376
mem:  1958912
mem:  1964032
mem:  1923072
mem:  1947648
mem:  1920000
mem:  1931264
mem:  1916928
mem:  1924608
mem:  1935872
mem:  1966592
mem:  1968128
mem:  1967104
mem:  1957888
mem:  1979904
mem:  1981440
mem:  1989120
mem:  1983488
mem:  1976320
mem:  1980416
mem:  1972224
mem:  1960448
mem:  1942528
mem:  1941504
mem:  2003968
mem:  1989632
mem:  1981440
mem:  1944064
mem:  1980928
mem:  2001920
mem:  2004480
mem:  2018304
mem:  2013696
mem:  1979904
mem:  1984000
mem:  2014720
mem:  1980928
mem:  1976320
mem:  1984000
mem:  2027008
mem:  2012672
mem:  1994752
mem:  2013184
mem:  2013696
mem:  2012672
mem:  1987584
mem:  1982976
mem:  2011136
mem:  2038272
mem:  2014208
mem:  2041344
mem:  1994240
mem:  2018816
mem:  2030080
mem:  2040320
mem:  2025984
mem:  2043392
mem:  2029056
mem:  2059776
mem:  2029568
mem:  2037248
mem:  2035200
mem:  2027008
mem:  2012672
mem:  2017792
mem:  2047488
mem:  2036736
mem:  2021376
