SLURM_JOBID=5049856
SLURM_JOB_NODELIST=svl18
SLURM_NNODES=1
SLURMTMPDIR=
working directory = /viscam/projects/objectfolder_benchmark/benchmarks/Multi_Sensory_3D_Reconstruction/code/models/MDN
Start_idx:  445
mem:  1536
mem:  1839616
mem:  1885696
mem:  1884672
mem:  1927680
mem:  1864704
mem:  1924608
mem:  1912832
mem:  1908224
mem:  1925632
mem:  1882112
mem:  1889792
mem:  1926656
mem:  1935360
mem:  1923584
mem:  1942016
mem:  1874432
mem:  1928192
mem:  1865216
mem:  1911808
mem:  1897472
mem:  1918464
mem:  1916416
mem:  1911808
mem:  1932800
mem:  1947648
mem:  1945600
mem:  1924096
mem:  1952256
mem:  1962496
mem:  1928704
mem:  1955840
mem:  1929216
mem:  1933312
mem:  1944576
mem:  1933824
mem:  1922048
mem:  1927168
mem:  1956864
mem:  1975296
mem:  1957376
mem:  1949184
mem:  1986048
mem:  1987584
mem:  1944064
mem:  1957888
mem:  1930240
mem:  1929216
mem:  1959936
mem:  1942016
mem:  1994752
mem:  1990144
mem:  1929728
mem:  1942016
mem:  1991168
mem:  1990144
mem:  1943040
mem:  1964032
mem:  1948672
mem:  1953792
mem:  1955328
mem:  1999360
mem:  2007040
mem:  2015744
mem:  1978368
mem:  1982464
mem:  2019328
mem:  1981952
mem:  1987072
mem:  1978880
mem:  1970688
mem:  2014720
mem:  2019840
mem:  2000896
mem:  1973248
mem:  2007552
mem:  1993216
mem:  2010624
mem:  1976832
mem:  2013696
mem:  2032128
mem:  2007040
mem:  1998848
mem:  2006528
mem:  1982464
mem:  2010624
mem:  1985536
mem:  2035712
mem:  2043392
mem:  2025472
mem:  2028032
mem:  2006528
mem:  2043392
mem:  2048512
mem:  2017280
mem:  1999360
mem:  2020352
mem:  2025472
mem:  2062336
mem:  1995776
