SLURM_JOBID=5050225
SLURM_JOB_NODELIST=svl17
SLURM_NNODES=1
SLURMTMPDIR=
working directory = /viscam/projects/objectfolder_benchmark/benchmarks/Multi_Sensory_3D_Reconstruction/code/models/MDN
Start_idx:  842
mem:  1536
mem:  1897984
mem:  1899008
mem:  1871360
mem:  1911808
mem:  1913344
mem:  1911296
mem:  1900544
mem:  1933824
mem:  1902592
mem:  1897984
mem:  1938432
mem:  1897472
mem:  1886720
mem:  1888256
mem:  1866752
mem:  1920512
mem:  1922048
mem:  1904128
mem:  1915392
mem:  1920512
mem:  1934336
mem:  1942016
mem:  1950720
mem:  1942528
mem:  1950208
mem:  1929728
mem:  1921536
mem:  1948672
mem:  1956352
mem:  1961472
mem:  1949696
mem:  1964544
mem:  1907712
mem:  1938432
mem:  1955840
mem:  1937920
mem:  1946624
mem:  1979904
mem:  1969152
mem:  1970688
mem:  1974784
mem:  1954304
mem:  1942528
mem:  1979392
mem:  1987072
mem:  1982464
mem:  1964544
mem:  1966080
mem:  1944576
mem:  1953280
mem:  1954816
mem:  1989120
mem:  1961472
mem:  1972736
mem:  1937920
mem:  1946624
mem:  1983488
mem:  2004480
mem:  2008576
mem:  1990656
mem:  2011648
mem:  1985024
mem:  1979392
mem:  1996800
mem:  2001920
mem:  2007040
mem:  2004992
mem:  2010112
mem:  1985024
mem:  1986560
mem:  1981952
mem:  2019840
mem:  2027520
mem:  1990144
mem:  2004992
mem:  2022400
mem:  2010624
mem:  2009600
mem:  1994240
mem:  2024960
mem:  2039808
mem:  2047488
mem:  2049024
mem:  2050560
mem:  2032640
mem:  2014720
mem:  1990656
mem:  2031104
mem:  2038784
mem:  2050048
mem:  1977344
mem:  2039808
mem:  2015744
mem:  2033152
mem:  2064896
mem:  2055680
mem:  2058240
mem:  2059776
mem:  2038272
