SLURM_JOBID=5049772
SLURM_JOB_NODELIST=svl1
SLURM_NNODES=1
SLURMTMPDIR=
working directory = /viscam/projects/objectfolder_benchmark/benchmarks/Multi_Sensory_3D_Reconstruction/code/models/MDN
Start_idx:  299
mem:  1536
mem:  1859072
mem:  1879552
mem:  1923584
mem:  1886208
mem:  1845248
mem:  1885696
mem:  1867776
mem:  1902080
mem:  1900032
mem:  1907712
mem:  1922560
mem:  1907200
mem:  1886720
mem:  1900544
mem:  1893376
mem:  1910784
mem:  1892864
mem:  1884672
mem:  1905664
mem:  1930240
mem:  1937920
mem:  1890816
mem:  1898496
mem:  1923072
mem:  1921024
mem:  1932288
mem:  1930240
mem:  1951232
mem:  1921024
mem:  1932288
mem:  1953280
mem:  1922048
mem:  1930752
mem:  1928704
mem:  1959424
mem:  1928192
mem:  1939456
mem:  1892352
mem:  1903616
mem:  1944064
mem:  1922560
mem:  1934848
mem:  1929216
mem:  1944064
mem:  1957888
mem:  1953280
mem:  1961984
mem:  1966080
mem:  1964032
mem:  1972736
mem:  1945088
mem:  1952768
mem:  1950720
mem:  1972736
mem:  1990144
mem:  1933312
mem:  1970176
mem:  1975296
mem:  1947648
mem:  1980928
mem:  1973760
mem:  2004480
mem:  1996288
mem:  1951744
mem:  1943552
mem:  1997312
mem:  2024448
mem:  1955328
mem:  2004480
mem:  2009600
mem:  2001408
mem:  1999360
mem:  2004480
mem:  2015744
mem:  2001408
mem:  1976320
mem:  2039808
mem:  1970688
mem:  2003968
mem:  2011648
mem:  2000896
mem:  2008576
mem:  1987072
mem:  2001920
mem:  2032640
mem:  2018304
mem:  2016256
mem:  2023936
mem:  2022912
mem:  1991680
mem:  2038272
mem:  2040832
mem:  2029056
mem:  2027008
mem:  1996800
mem:  2046976
mem:  2015744
mem:  2046464
mem:  2050560
