SLURM_JOBID=5049646
SLURM_JOB_NODELIST=svl15
SLURM_NNODES=1
SLURMTMPDIR=
working directory = /viscam/projects/objectfolder_benchmark/benchmarks/Multi_Sensory_3D_Reconstruction/code/models/MDN
Start_idx:  179
mem:  1536
mem:  1888256
mem:  1879552
mem:  1871360
mem:  1882624
mem:  1884160
mem:  1930752
mem:  1890816
mem:  1875456
mem:  1874432
mem:  1891840
mem:  1934848
mem:  1904640
mem:  1896448
mem:  1871360
mem:  1942016
mem:  1878016
mem:  1892864
mem:  1949184
mem:  1938432
mem:  1878016
mem:  1889280
mem:  1903104
mem:  1895936
mem:  1870848
mem:  1888256
mem:  1916416
mem:  1921536
mem:  1909760
mem:  1911296
mem:  1909248
mem:  1926656
mem:  1925632
mem:  1923584
mem:  1928704
mem:  1952256
mem:  1908736
mem:  1926144
mem:  1921536
mem:  1926656
mem:  1934336
mem:  1981952
mem:  1947136
mem:  1909760
mem:  1944064
mem:  1951744
mem:  1963008
mem:  1993728
mem:  1946624
mem:  1944576
mem:  1965568
mem:  1945088
mem:  1949184
mem:  1938432
mem:  1969152
mem:  1960960
mem:  1958912
mem:  1940992
mem:  1968128
mem:  1963520
mem:  2013696
mem:  1964032
mem:  1958400
mem:  2002432
mem:  2019840
mem:  1976320
mem:  1968128
mem:  1940480
mem:  2000384
mem:  1982464
mem:  1945088
mem:  1972224
mem:  1993216
mem:  1972736
mem:  1993728
mem:  1972224
mem:  1950720
mem:  1981440
mem:  1970688
mem:  1978368
mem:  2005504
mem:  1994752
mem:  1975808
mem:  1974784
mem:  1986048
mem:  1997312
mem:  2047488
mem:  1990656
mem:  2014208
mem:  1999872
mem:  2017280
mem:  1983488
mem:  2010624
mem:  2012160
mem:  2011136
mem:  2067456
mem:  2036224
mem:  2021888
mem:  2023424
mem:  2022400
