SLURM_JOBID=5050138
SLURM_JOB_NODELIST=svl17
SLURM_NNODES=1
SLURMTMPDIR=
working directory = /viscam/projects/objectfolder_benchmark/benchmarks/Multi_Sensory_3D_Reconstruction/code/models/MDN
Start_idx:  748
mem:  1536
mem:  1888256
mem:  1885696
mem:  1890816
mem:  1924096
mem:  1923072
mem:  1918464
mem:  1899520
mem:  1869312
mem:  1893888
mem:  1914880
mem:  1916416
mem:  1885184
mem:  1929216
mem:  1907712
mem:  1893376
mem:  1901056
mem:  1902592
mem:  1927168
mem:  1927680
mem:  1900032
mem:  1944064
mem:  1923584
mem:  1931264
mem:  1955840
mem:  1959936
mem:  1906688
mem:  1956864
mem:  1906176
mem:  1927168
mem:  1957888
mem:  1926656
mem:  1960960
mem:  1943040
mem:  1950720
mem:  1949696
mem:  1931776
mem:  1952768
mem:  1938432
mem:  1961984
mem:  1957376
mem:  1978368
mem:  1937408
mem:  1964544
mem:  1976832
mem:  1932288
mem:  1956864
mem:  1968128
mem:  1981952
mem:  1990656
mem:  1959424
mem:  1984000
mem:  1985536
mem:  1961472
mem:  1972736
mem:  1996288
mem:  1962496
mem:  1987072
mem:  1975296
mem:  1973248
mem:  1997824
mem:  1970176
mem:  1977856
mem:  2006016
mem:  2013696
mem:  1995776
mem:  1968128
mem:  2012160
mem:  2000384
mem:  1982464
mem:  1984000
mem:  2014720
mem:  1989632
mem:  1969152
mem:  1990144
mem:  2030592
mem:  1989632
mem:  2037248
mem:  2031616
mem:  2001408
mem:  1982464
mem:  2010624
mem:  2028032
mem:  1988096
mem:  2021376
mem:  2007040
mem:  2018304
mem:  2032128
mem:  2027520
mem:  2052096
mem:  2056192
mem:  2051584
mem:  2033664
mem:  2015744
mem:  2056192
mem:  2028544
mem:  2065408
mem:  2041344
mem:  2058752
mem:  2060288
