SLURM_JOBID=5050254
SLURM_JOB_NODELIST=svl5
SLURM_NNODES=1
SLURMTMPDIR=
working directory = /viscam/projects/objectfolder_benchmark/benchmarks/Multi_Sensory_3D_Reconstruction/code/models/MDN
Start_idx:  867
mem:  1536
mem:  1881088
mem:  1879552
mem:  1900544
mem:  1869312
mem:  1890304
mem:  1914880
mem:  1899520
mem:  1908224
mem:  1864704
mem:  1927168
mem:  1928704
mem:  1939968
mem:  1906176
mem:  1933312
mem:  1895936
mem:  1913344
mem:  1889280
mem:  1913856
mem:  1909248
mem:  1942528
mem:  1941504
mem:  1910272
mem:  1927680
mem:  1906176
mem:  1901568
mem:  1912832
mem:  1959424
mem:  1954816
mem:  1943040
mem:  1961472
mem:  1914368
mem:  1970688
mem:  1946624
mem:  1967616
mem:  1952256
mem:  1951232
mem:  1923584
mem:  1954304
mem:  1936384
mem:  1947648
mem:  1968640
mem:  1947136
mem:  1977856
mem:  1989120
mem:  1971200
mem:  1986048
mem:  1977856
mem:  1962496
mem:  1964032
mem:  1943552
mem:  1974272
mem:  1969664
mem:  1977344
mem:  1971712
mem:  2006016
mem:  2001408
mem:  1996800
mem:  1975296
mem:  1999872
mem:  1972224
mem:  1992192
mem:  2000896
mem:  1963520
mem:  1980928
mem:  2015232
mem:  1960960
mem:  2024448
mem:  1993216
mem:  2024960
mem:  2029056
mem:  2017280
mem:  1999360
mem:  2033664
mem:  2006016
mem:  1997824
mem:  2038272
mem:  2037248
mem:  2031616
mem:  2019840
mem:  2001920
mem:  2007040
mem:  1998848
mem:  2000384
mem:  2008064
mem:  2048512
mem:  2053632
mem:  2022400
mem:  2040832
mem:  2013184
mem:  2024448
mem:  2029568
mem:  2046976
mem:  2052096
mem:  2040320
mem:  2034688
mem:  2033664
mem:  2070528
mem:  2010112
mem:  2022400
