SLURM_JOBID=5049561
SLURM_JOB_NODELIST=svl17
SLURM_NNODES=1
SLURMTMPDIR=
working directory = /viscam/projects/objectfolder_benchmark/benchmarks/Multi_Sensory_3D_Reconstruction/code/models/MDN
Start_idx:  86
mem:  1536
mem:  1920000
mem:  1905152
mem:  1883648
mem:  1927680
mem:  1841664
mem:  1882112
mem:  1873920
mem:  1869312
mem:  1902592
mem:  1897984
mem:  1893376
mem:  1901056
mem:  1889280
mem:  1851904
mem:  1893376
mem:  1891328
mem:  1908736
mem:  1874944
mem:  1909248
mem:  1870848
mem:  1879552
mem:  1896960
mem:  1885184
mem:  1913344
mem:  1905152
mem:  1928704
mem:  1963008
mem:  1903616
mem:  1907712
mem:  1895936
mem:  1917952
mem:  1954816
mem:  1913856
mem:  1938432
mem:  1975296
mem:  1905152
mem:  1929728
mem:  1905664
mem:  1926656
mem:  1953792
mem:  1912832
mem:  1917952
mem:  1974272
mem:  1918464
mem:  1971200
mem:  1970176
mem:  1993728
mem:  1940480
mem:  1965056
mem:  1955840
mem:  1951232
mem:  1946624
mem:  1957888
mem:  1961984
mem:  1960960
mem:  2007552
mem:  1964032
mem:  1965568
mem:  1960960
mem:  1965056
mem:  2005504
mem:  1981440
mem:  1979392
mem:  2000384
mem:  1986048
mem:  1951232
mem:  1981952
mem:  1971200
mem:  1972736
mem:  2016768
mem:  2018304
mem:  1964032
mem:  1978880
mem:  2031616
mem:  1995264
mem:  1986048
mem:  1988608
mem:  2035200
mem:  1981952
mem:  1976320
mem:  2042368
mem:  1989120
mem:  2007552
mem:  2015232
mem:  2016768
mem:  1998848
mem:  2039296
mem:  2021376
mem:  2054656
mem:  1962496
mem:  2016256
mem:  2001920
mem:  2019328
mem:  2036736
mem:  2015232
mem:  1998336
mem:  2035200
mem:  2046464
mem:  2015232
