SLURM_JOBID=5050089
SLURM_JOB_NODELIST=svl9
SLURM_NNODES=1
SLURMTMPDIR=
working directory = /viscam/projects/objectfolder_benchmark/benchmarks/Multi_Sensory_3D_Reconstruction/code/models/MDN
Start_idx:  676
mem:  1536
mem:  1913856
mem:  1885696
mem:  1904128
mem:  1894912
mem:  1890304
mem:  1869824
mem:  1912832
mem:  1910784
mem:  1900032
mem:  1927168
mem:  1905664
mem:  1898496
mem:  1896448
mem:  1917440
mem:  1882624
mem:  1871872
mem:  1918464
mem:  1904128
mem:  1928704
mem:  1903616
mem:  1937920
mem:  1910272
mem:  1947136
mem:  1938944
mem:  1897984
mem:  1949184
mem:  1931264
mem:  1912320
mem:  1914880
mem:  1942016
mem:  1901056
mem:  1935360
mem:  1920000
mem:  1948160
mem:  1943552
mem:  1967104
mem:  1952768
mem:  1954304
mem:  1961984
mem:  1947648
mem:  1974784
mem:  1950720
mem:  1945088
mem:  1953792
mem:  1974784
mem:  1966592
mem:  1961984
mem:  1940480
mem:  1961472
mem:  1972736
mem:  1935360
mem:  1991680
mem:  1980928
mem:  1975296
mem:  1947648
mem:  1991680
mem:  1950720
mem:  1971712
mem:  1986560
mem:  1929728
mem:  1982464
mem:  1993728
mem:  1975808
mem:  2003968
mem:  1995776
mem:  1999872
mem:  2001408
mem:  1977344
mem:  1975296
mem:  1986560
mem:  2008576
mem:  2006528
mem:  1981440
mem:  2019328
mem:  2011136
mem:  2005504
mem:  2007040
mem:  2025472
mem:  2027008
mem:  2028544
mem:  1993728
mem:  1995264
mem:  2013696
mem:  2005504
mem:  2042368
mem:  2004992
mem:  2010112
mem:  2023936
mem:  2055680
mem:  2037760
mem:  2039296
mem:  2027520
mem:  1990144
mem:  2043904
mem:  2057728
mem:  2016768
mem:  1989120
mem:  2003968
mem:  2034688
