SLURM_JOBID=5049782
SLURM_JOB_NODELIST=svl2
SLURM_NNODES=1
SLURMTMPDIR=
working directory = /viscam/projects/objectfolder_benchmark/benchmarks/Multi_Sensory_3D_Reconstruction/code/models/MDN
Start_idx:  350
mem:  1536
mem:  1921024
mem:  1912320
mem:  1890816
mem:  1894912
mem:  1913344
mem:  1872384
mem:  1916416
mem:  1891328
mem:  1864704
mem:  1905152
mem:  1854464
mem:  1920512
mem:  1915904
mem:  1929728
mem:  1938432
mem:  1916928
mem:  1892864
mem:  1949184
mem:  1937408
mem:  1942528
mem:  1944064
mem:  1935872
mem:  1950720
mem:  1936384
mem:  1934336
mem:  1932288
mem:  1963008
mem:  1938944
mem:  1966080
mem:  1926144
mem:  1966592
mem:  1968128
mem:  1956352
mem:  1964032
mem:  1946112
mem:  1957376
mem:  1958912
mem:  1917952
mem:  1971712
mem:  1980416
mem:  1910272
mem:  1963008
mem:  1958400
mem:  1982976
mem:  1987072
mem:  1947136
mem:  1987584
mem:  1956352
mem:  1973760
mem:  1963008
mem:  1928192
mem:  1995264
mem:  1987072
mem:  1959424
mem:  2003456
mem:  1978368
mem:  2009088
mem:  1985024
mem:  2012160
mem:  1974784
mem:  1976320
mem:  1981440
mem:  2014720
mem:  1997824
mem:  2005504
mem:  1993728
mem:  1979392
mem:  1996800
mem:  2008064
mem:  1945088
mem:  2030592
mem:  2006528
mem:  2033664
mem:  2035200
mem:  1978368
mem:  2012672
mem:  2037248
mem:  1998848
mem:  2029568
mem:  2009088
mem:  2032640
mem:  1996288
mem:  2019840
mem:  2021376
mem:  2049536
mem:  2011136
mem:  2022400
mem:  2046976
mem:  2029056
mem:  2030592
mem:  2055168
mem:  2020352
mem:  2060800
mem:  2053632
mem:  2041856
mem:  2066432
mem:  2064384
mem:  2072064
mem:  2050560
