SLURM_JOBID=5049966
SLURM_JOB_NODELIST=svl17
SLURM_NNODES=1
SLURMTMPDIR=
working directory = /viscam/projects/objectfolder_benchmark/benchmarks/Multi_Sensory_3D_Reconstruction/code/models/MDN
Start_idx:  552
mem:  1536
mem:  1910272
mem:  1908736
mem:  1916416
mem:  1911808
mem:  1916928
mem:  1921024
mem:  1918976
mem:  1914368
mem:  1915904
mem:  1911296
mem:  1938432
mem:  1920512
mem:  1941504
mem:  1927168
mem:  1944576
mem:  1916928
mem:  1947648
mem:  1929728
mem:  1938432
mem:  1952256
mem:  1930752
mem:  1949184
mem:  1953280
mem:  1942528
mem:  1936896
mem:  1932288
mem:  1947136
mem:  1951232
mem:  1966080
mem:  1967616
mem:  1969152
mem:  1967104
mem:  1943040
mem:  1938432
mem:  1949696
mem:  1951232
mem:  1945600
mem:  1979904
mem:  1942528
mem:  1976832
mem:  1984512
mem:  1986048
mem:  1955840
mem:  1982976
mem:  1971200
mem:  1966592
mem:  1987584
mem:  1989120
mem:  1993216
mem:  1998336
mem:  1997312
mem:  1995264
mem:  2002944
mem:  1981440
mem:  1996288
mem:  2004992
mem:  1987072
mem:  1959424
mem:  2008576
mem:  2013696
mem:  2012672
mem:  1991168
mem:  2014720
mem:  2010112
mem:  1995776
mem:  1997312
mem:  2021888
mem:  2023424
mem:  1994752
mem:  2019328
mem:  2030592
mem:  2022400
mem:  2008064
mem:  2035200
mem:  2001408
mem:  2028544
mem:  2030080
mem:  2018304
mem:  2039296
mem:  2018816
mem:  2026496
mem:  2047488
mem:  2046464
mem:  2037248
mem:  2030080
mem:  2014720
mem:  2052608
mem:  2053120
mem:  2058240
mem:  2056192
mem:  2041856
mem:  2060288
mem:  2052096
mem:  2065920
mem:  2038272
mem:  2059264
mem:  2051072
mem:  2072064
mem:  2051584
