SLURM_JOBID=5050078
SLURM_JOB_NODELIST=svl9
SLURM_NNODES=1
SLURMTMPDIR=
working directory = /viscam/projects/objectfolder_benchmark/benchmarks/Multi_Sensory_3D_Reconstruction/code/models/MDN
Start_idx:  671
mem:  1536
mem:  1921024
mem:  1860096
mem:  1848320
mem:  1921536
mem:  1900032
mem:  1882112
mem:  1909248
mem:  1888768
mem:  1873408
mem:  1930752
mem:  1893376
mem:  1875456
mem:  1925632
mem:  1878528
mem:  1911808
mem:  1920512
mem:  1914880
mem:  1936896
mem:  1947136
mem:  1942528
mem:  1908736
mem:  1939456
mem:  1954304
mem:  1946112
mem:  1944064
mem:  1932288
mem:  1908224
mem:  1906176
mem:  1921024
mem:  1954304
mem:  1953280
mem:  1941504
mem:  1890816
mem:  1911808
mem:  1953280
mem:  1957376
mem:  1958912
mem:  1973760
mem:  1913344
mem:  1979392
mem:  1939456
mem:  1966592
mem:  1952256
mem:  1946624
mem:  1955328
mem:  1947136
mem:  1984000
mem:  1963520
mem:  1973760
mem:  1995776
mem:  1951232
mem:  1981952
mem:  1954304
mem:  2000896
mem:  1951232
mem:  1995264
mem:  1999360
mem:  1946112
mem:  1990144
mem:  1958912
mem:  1979904
mem:  1958400
mem:  1969664
mem:  1951744
mem:  1972736
mem:  1981440
mem:  1972224
mem:  1987072
mem:  1995776
mem:  1999872
mem:  1988096
mem:  2002944
mem:  1985024
mem:  1980416
mem:  1975808
mem:  2022400
mem:  2033664
mem:  1999872
mem:  2033152
mem:  2040832
mem:  2013184
mem:  2018304
mem:  1977344
mem:  2044416
mem:  2013184
mem:  2043904
mem:  2010112
mem:  1994752
mem:  2019328
mem:  2018304
mem:  1999360
mem:  2023936
mem:  2019328
mem:  2001408
mem:  2022400
mem:  2062848
mem:  2048512
mem:  2017280
mem:  2054144
