SLURM_JOBID=5049581
SLURM_JOB_NODELIST=svl2
SLURM_NNODES=1
SLURMTMPDIR=
working directory = /viscam/projects/objectfolder_benchmark/benchmarks/Multi_Sensory_3D_Reconstruction/code/models/MDN
Start_idx:  147
mem:  1536
mem:  1891840
mem:  1895424
mem:  1887232
mem:  1927680
mem:  1903616
mem:  1907712
mem:  1870336
mem:  1888768
mem:  1812480
mem:  1917440
mem:  1870336
mem:  1916928
mem:  1876992
mem:  1859072
mem:  1905664
mem:  1878016
mem:  1905152
mem:  1946624
mem:  1917952
mem:  1874432
mem:  1905152
mem:  1910272
mem:  1953280
mem:  1923072
mem:  1914880
mem:  1951744
mem:  1898496
mem:  1912320
mem:  1904128
mem:  1925120
mem:  1939968
mem:  1896448
mem:  1949184
mem:  1922560
mem:  1926656
mem:  1879552
mem:  1943040
mem:  1921536
mem:  1942528
mem:  1976832
mem:  1978368
mem:  1950720
mem:  1987584
mem:  1986560
mem:  1951744
mem:  1972736
mem:  1974272
mem:  1985536
mem:  1965056
mem:  1969152
mem:  1970688
mem:  1991680
mem:  1967616
mem:  1969152
mem:  2003456
mem:  1962496
mem:  1966592
mem:  1949696
mem:  1998848
mem:  1978368
mem:  1992192
mem:  1987584
mem:  2002432
mem:  1984512
mem:  2015232
mem:  1993728
mem:  1969664
mem:  1987072
mem:  1998336
mem:  1999872
mem:  2014720
mem:  1970176
mem:  1965568
mem:  1999872
mem:  2036736
mem:  1964032
mem:  2026496
mem:  2006016
mem:  2011136
mem:  1970176
mem:  1964544
mem:  2012160
mem:  1965056
mem:  2021376
mem:  2026496
mem:  2031616
mem:  2055168
mem:  2044416
mem:  2026496
mem:  2001408
mem:  2010112
mem:  2030080
mem:  2052096
mem:  2033152
mem:  2022400
mem:  2039808
mem:  2044928
mem:  2046464
mem:  2048000
