SLURM_JOBID=5049883
SLURM_JOB_NODELIST=svl15
SLURM_NNODES=1
SLURMTMPDIR=
working directory = /viscam/projects/objectfolder_benchmark/benchmarks/Multi_Sensory_3D_Reconstruction/code/models/MDN
Start_idx:  461
mem:  1536
mem:  1859072
mem:  1895424
mem:  1881088
mem:  1894912
mem:  1913344
mem:  1899008
mem:  1903104
mem:  1898496
mem:  1851392
mem:  1895424
mem:  1864192
mem:  1927680
mem:  1873408
mem:  1927168
mem:  1883648
mem:  1920512
mem:  1914880
mem:  1871360
mem:  1888768
mem:  1923072
mem:  1930752
mem:  1945600
mem:  1892352
mem:  1886720
mem:  1921024
mem:  1860608
mem:  1963008
mem:  1938944
mem:  1930752
mem:  1922560
mem:  1930240
mem:  1883136
mem:  1849344
mem:  1934848
mem:  1913344
mem:  1905152
mem:  1904128
mem:  1902080
mem:  1864704
mem:  1908736
mem:  1958912
mem:  1937408
mem:  1935360
mem:  1944064
mem:  1955328
mem:  1891328
mem:  1948672
mem:  1979392
mem:  1932288
mem:  1917952
mem:  1902592
mem:  1943040
mem:  1948160
mem:  1992192
mem:  1973248
mem:  1877504
mem:  1973760
mem:  1952256
mem:  1922048
mem:  1990656
mem:  1973760
mem:  1948672
mem:  1963520
mem:  1984512
mem:  1976320
mem:  1991168
mem:  1995264
mem:  1948160
mem:  1969152
mem:  1964544
mem:  1978368
mem:  1967616
mem:  1994752
mem:  1999872
mem:  1910272
mem:  1979904
mem:  2000896
mem:  2019328
mem:  1974784
mem:  1937408
mem:  1987584
mem:  1985536
mem:  1988096
mem:  2011648
mem:  1984000
mem:  2012160
mem:  2025984
mem:  1992192
mem:  2003456
mem:  2001408
mem:  2006528
mem:  2021376
mem:  2042368
mem:  2017280
mem:  1956864
mem:  2039808
mem:  2051072
mem:  2030592
mem:  1979904
