SLURM_JOBID=5049897
SLURM_JOB_NODELIST=svl9
SLURM_NNODES=1
SLURMTMPDIR=
working directory = /viscam/projects/objectfolder_benchmark/benchmarks/Multi_Sensory_3D_Reconstruction/code/models/MDN
Start_idx:  469
mem:  1536
mem:  1872384
mem:  1846784
mem:  1858048
mem:  1882624
mem:  1868288
mem:  1889280
mem:  1851904
mem:  1898496
mem:  1909760
mem:  1911296
mem:  1912832
mem:  1898496
mem:  1853952
mem:  1904128
mem:  1912832
mem:  1904640
mem:  1899008
mem:  1916416
mem:  1886208
mem:  1926656
mem:  1914880
mem:  1883648
mem:  1917952
mem:  1900032
mem:  1936896
mem:  1926144
mem:  1939968
mem:  1951232
mem:  1923584
mem:  1932288
mem:  1901056
mem:  1951232
mem:  1913856
mem:  1951744
mem:  1901056
mem:  1931776
mem:  1966080
mem:  1957888
mem:  1955840
mem:  1918464
mem:  1965056
mem:  1953280
mem:  1954816
mem:  1930752
mem:  1922560
mem:  1970176
mem:  1954816
mem:  1975808
mem:  1942016
mem:  1924096
mem:  1964544
mem:  1943040
mem:  1970176
mem:  1971712
mem:  1980416
mem:  1952768
mem:  1966592
mem:  1959424
mem:  1986560
mem:  1984512
mem:  1953280
mem:  1955840
mem:  1995264
mem:  1978368
mem:  1966592
mem:  1999872
mem:  1950208
mem:  2002944
mem:  2011648
mem:  1974272
mem:  2004992
mem:  1961472
mem:  2011648
mem:  2022912
mem:  2007552
mem:  2018816
mem:  2000896
mem:  2038784
mem:  2030592
mem:  2024960
mem:  2030080
mem:  2018304
mem:  2029568
mem:  1992192
mem:  1987584
mem:  2024448
mem:  2052608
mem:  2037248
mem:  1999872
mem:  2034176
mem:  2006528
mem:  2014208
mem:  2015744
mem:  1997824
mem:  2044416
mem:  2016768
mem:  2051072
mem:  2052608
mem:  2034688
