SLURM_JOBID=5050018
SLURM_JOB_NODELIST=svl1
SLURM_NNODES=1
SLURMTMPDIR=
working directory = /viscam/projects/objectfolder_benchmark/benchmarks/Multi_Sensory_3D_Reconstruction/code/models/MDN
Start_idx:  596
mem:  1536
mem:  1868800
mem:  1879552
mem:  1877504
mem:  1872896
mem:  1884160
mem:  1860096
mem:  1893376
mem:  1904640
mem:  1896448
mem:  1859072
mem:  1938432
mem:  1910784
mem:  1867264
mem:  1884672
mem:  1857024
mem:  1884160
mem:  1912320
mem:  1926144
mem:  1895936
mem:  1893888
mem:  1885696
mem:  1920000
mem:  1908224
mem:  1903616
mem:  1901568
mem:  1938432
mem:  1901056
mem:  1938944
mem:  1907712
mem:  1906688
mem:  1908224
mem:  1960960
mem:  1930752
mem:  1944576
mem:  1920512
mem:  1928192
mem:  1929728
mem:  1928704
mem:  1936384
mem:  1944064
mem:  1945600
mem:  1927680
mem:  1955840
mem:  1934336
mem:  1932288
mem:  1927680
mem:  1948672
mem:  1921024
mem:  1932288
mem:  1917952
mem:  1941504
mem:  1956352
mem:  1977344
mem:  1978880
mem:  1937920
mem:  1955328
mem:  1954304
mem:  1965568
mem:  1996288
mem:  1933312
mem:  1972736
mem:  1942528
mem:  2015744
mem:  1965056
mem:  1979904
mem:  1980416
mem:  1979392
mem:  1983488
mem:  1953280
mem:  1980416
mem:  2007552
mem:  1957888
mem:  2017792
mem:  1970688
mem:  1975808
mem:  1970176
mem:  1981440
mem:  1992704
mem:  1981952
mem:  2011648
mem:  2000896
mem:  2008576
mem:  2010112
mem:  1986048
mem:  1974272
mem:  2004992
mem:  2013696
mem:  2008064
mem:  2003456
mem:  2017280
mem:  1990656
mem:  1998336
mem:  2032640
mem:  2036736
mem:  2057728
mem:  2014208
mem:  2044928
mem:  1997824
mem:  2034688
