SLURM_JOBID=5049514
SLURM_JOB_NODELIST=svl15
SLURM_NNODES=1
SLURMTMPDIR=
working directory = /viscam/projects/objectfolder_benchmark/benchmarks/Multi_Sensory_3D_Reconstruction/code/models/MDN
Start_idx:  60
mem:  1536
mem:  1884672
mem:  1863680
mem:  1854464
mem:  1914368
mem:  1926656
mem:  1879552
mem:  1896960
mem:  1885184
mem:  1909760
mem:  1897984
mem:  1876480
mem:  1936384
mem:  1941504
mem:  1913856
mem:  1912832
mem:  1936384
mem:  1902592
mem:  1936896
mem:  1921536
mem:  1916928
mem:  1918464
mem:  1939456
mem:  1956864
mem:  1909760
mem:  1917440
mem:  1918976
mem:  1931264
mem:  1948672
mem:  1950208
mem:  1922560
mem:  1965568
mem:  1915904
mem:  1897984
mem:  1950720
mem:  1971712
mem:  1970688
mem:  1952768
mem:  1934848
mem:  1932800
mem:  1963520
mem:  1945600
mem:  1950720
mem:  1942528
mem:  1982976
mem:  1957888
mem:  1939968
mem:  1938944
mem:  1969664
mem:  1973760
mem:  1933824
mem:  1958400
mem:  1946624
mem:  1948160
mem:  1965568
mem:  1935360
mem:  1997824
mem:  1983488
mem:  2000896
mem:  2006016
mem:  1958912
mem:  1979904
mem:  1987584
mem:  1989120
mem:  2016256
mem:  1972736
mem:  2007040
mem:  1981952
mem:  1987072
mem:  1972736
mem:  1999872
mem:  1985536
mem:  1987072
mem:  1988608
mem:  2032640
mem:  2020864
mem:  1989632
mem:  2007040
mem:  2002432
mem:  2039296
mem:  2021376
mem:  2007040
mem:  2014720
mem:  2010112
mem:  2015232
mem:  1984000
mem:  2028032
mem:  2025984
mem:  1998336
mem:  2032640
mem:  2037760
mem:  2032128
mem:  2056704
mem:  2064384
mem:  1997824
mem:  2038272
mem:  2053120
mem:  2070528
mem:  2072064
mem:  2038272
