SLURM_JOBID=5049509
SLURM_JOB_NODELIST=svl1
SLURM_NNODES=1
SLURMTMPDIR=
working directory = /viscam/projects/objectfolder_benchmark/benchmarks/Multi_Sensory_3D_Reconstruction/code/models/MDN
Start_idx:  55
mem:  1536
mem:  1901568
mem:  1879552
mem:  1896960
mem:  1924096
mem:  1916928
mem:  1899008
mem:  1883648
mem:  1917952
mem:  1893888
mem:  1914880
mem:  1912832
mem:  1910784
mem:  1922048
mem:  1933312
mem:  1866752
mem:  1932800
mem:  1944064
mem:  1913856
mem:  1944576
mem:  1946112
mem:  1950208
mem:  1943040
mem:  1937408
mem:  1936384
mem:  1934336
mem:  1929728
mem:  1910784
mem:  1945088
mem:  1934336
mem:  1951744
mem:  1943552
mem:  1915904
mem:  1936896
mem:  1928704
mem:  1953280
mem:  1951232
mem:  1949184
mem:  1938432
mem:  1955840
mem:  1953792
mem:  1945600
mem:  1966592
mem:  1961984
mem:  1967104
mem:  1903104
mem:  1966592
mem:  1960960
mem:  1973248
mem:  1980928
mem:  1972736
mem:  1987584
mem:  1968640
mem:  1951744
mem:  1972736
mem:  1982976
mem:  1981952
mem:  1986048
mem:  1975296
mem:  1982976
mem:  1994240
mem:  1995776
mem:  1958400
mem:  1995264
mem:  1996800
mem:  1992192
mem:  1991168
mem:  2018304
mem:  1984512
mem:  1972736
mem:  1999872
mem:  2008576
mem:  2002944
mem:  2010624
mem:  2009600
mem:  2024448
mem:  2012672
mem:  2014208
mem:  1989120
mem:  2007552
mem:  2002944
mem:  2023936
mem:  2034176
mem:  2003968
mem:  2017792
mem:  2013184
mem:  2014720
mem:  1990656
mem:  2037248
mem:  2006016
mem:  2037760
mem:  2025984
mem:  2027520
mem:  2022912
mem:  2027008
mem:  2012672
mem:  2020352
mem:  2012160
mem:  2039296
mem:  2034688
