SLURM_JOBID=5049542
SLURM_JOB_NODELIST=svl1
SLURM_NNODES=1
SLURMTMPDIR=
working directory = /viscam/projects/objectfolder_benchmark/benchmarks/Multi_Sensory_3D_Reconstruction/code/models/MDN
Start_idx:  74
mem:  1536
mem:  1872384
mem:  1875968
mem:  1865216
mem:  1882624
mem:  1870848
mem:  1885696
mem:  1906688
mem:  1859584
mem:  1906176
mem:  1891840
mem:  1918976
mem:  1858560
mem:  1860096
mem:  1907712
mem:  1886208
mem:  1926656
mem:  1922048
mem:  1949184
mem:  1902080
mem:  1916928
mem:  1902592
mem:  1910272
mem:  1917952
mem:  1932800
mem:  1918464
mem:  1935872
mem:  1898496
mem:  1896448
mem:  1897984
mem:  1915392
mem:  1924096
mem:  1967104
mem:  1923584
mem:  1950720
mem:  1949696
mem:  1931776
mem:  1910272
mem:  1947136
mem:  1965568
mem:  1959936
mem:  1922560
mem:  1966592
mem:  1932800
mem:  1924608
mem:  1955328
mem:  1982464
mem:  1929216
mem:  1959936
mem:  1912832
mem:  1933824
mem:  1909760
mem:  1985536
mem:  1931264
mem:  1965568
mem:  1945088
mem:  1939456
mem:  1996800
mem:  1949696
mem:  1963520
mem:  1945600
mem:  1986048
mem:  1987584
mem:  1995264
mem:  1974784
mem:  1963008
mem:  2016768
mem:  1946624
mem:  1948160
mem:  1992192
mem:  2013184
mem:  1989120
mem:  1960448
mem:  1981440
mem:  1993728
mem:  2007552
mem:  1983488
mem:  1977856
mem:  2012160
mem:  1968640
mem:  1999360
mem:  1993728
mem:  2012160
mem:  2003968
mem:  2024960
mem:  2048512
mem:  2004992
mem:  2042880
mem:  2017792
mem:  2055680
mem:  2050048
mem:  2032128
mem:  2017792
mem:  2013184
mem:  2065920
mem:  2018816
mem:  2010624
mem:  1998848
mem:  2033152
mem:  2054144
