SLURM_JOBID=5050385
SLURM_JOB_NODELIST=svl9
SLURM_NNODES=1
SLURMTMPDIR=
working directory = /viscam/projects/objectfolder_benchmark/benchmarks/Multi_Sensory_3D_Reconstruction/code/models/MDN
Start_idx:  976
mem:  1536
mem:  1923584
mem:  1918464
mem:  1926144
mem:  1927680
mem:  1919488
mem:  1917440
mem:  1932288
mem:  1924096
mem:  1935360
mem:  1923584
mem:  1938432
mem:  1936384
mem:  1938944
mem:  1943040
mem:  1944576
mem:  1946112
mem:  1947648
mem:  1949184
mem:  1934848
mem:  1952256
mem:  1941504
mem:  1945600
mem:  1954304
mem:  1948672
mem:  1957376
mem:  1961472
mem:  1960448
mem:  1938944
mem:  1959936
mem:  1967616
mem:  1959424
mem:  1951232
mem:  1962496
mem:  1967616
mem:  1972736
mem:  1974272
mem:  1978368
mem:  1977344
mem:  1965568
mem:  1982976
mem:  1984512
mem:  1986048
mem:  1987584
mem:  1982976
mem:  1990656
mem:  1978880
mem:  1993728
mem:  1989120
mem:  1983488
mem:  1998336
mem:  1999872
mem:  2001408
mem:  2002944
mem:  1972736
mem:  2006016
mem:  2007552
mem:  1995776
mem:  1998336
mem:  2012160
mem:  2010112
mem:  2009088
mem:  2016768
mem:  2015744
mem:  2017280
mem:  2021376
mem:  2022912
mem:  2021888
mem:  2016256
mem:  2024960
mem:  2029056
mem:  2030592
mem:  2032128
mem:  2033664
mem:  2035200
mem:  2036736
mem:  2038272
mem:  2037248
mem:  2041344
mem:  2036736
mem:  2044416
mem:  2045952
mem:  2041344
mem:  2049024
mem:  2046976
mem:  2042368
mem:  2037760
mem:  2055168
mem:  2037248
mem:  2052096
mem:  2057216
mem:  2055168
mem:  2060288
mem:  2064384
mem:  2065920
mem:  2067456
mem:  2043392
mem:  2067968
mem:  2069504
mem:  2067456
