SLURM_JOBID=5049986
SLURM_JOB_NODELIST=svl17
SLURM_NNODES=1
SLURMTMPDIR=
working directory = /viscam/projects/objectfolder_benchmark/benchmarks/Multi_Sensory_3D_Reconstruction/code/models/MDN
Start_idx:  569
mem:  1536
mem:  1910272
mem:  1912320
mem:  1912832
mem:  1908224
mem:  1925632
mem:  1911296
mem:  1926144
mem:  1927680
mem:  1935360
mem:  1934336
mem:  1918976
mem:  1939968
mem:  1919488
mem:  1929728
mem:  1942016
mem:  1926656
mem:  1931776
mem:  1939456
mem:  1938432
mem:  1916928
mem:  1947648
mem:  1952768
mem:  1917952
mem:  1955840
mem:  1956352
mem:  1949184
mem:  1947136
mem:  1945088
mem:  1952768
mem:  1955328
mem:  1956864
mem:  1954816
mem:  1968640
mem:  1961472
mem:  1946112
mem:  1974272
mem:  1939456
mem:  1954304
mem:  1965568
mem:  1967104
mem:  1978368
mem:  1954304
mem:  1968128
mem:  1982976
mem:  1980928
mem:  1988608
mem:  1974272
mem:  1969664
mem:  1983488
mem:  1966592
mem:  1993728
mem:  1997824
mem:  1987072
mem:  1981440
mem:  1996288
mem:  1991680
mem:  1987072
mem:  1994752
mem:  2006016
mem:  2010112
mem:  2009088
mem:  1997312
mem:  2018304
mem:  2013696
mem:  2001920
mem:  2019328
mem:  2004992
mem:  2006528
mem:  2023936
mem:  2013184
mem:  2011136
mem:  2019840
mem:  2004480
mem:  2035200
mem:  2030592
mem:  2018816
mem:  2030080
mem:  2021888
mem:  2036736
mem:  2021376
mem:  2036224
mem:  2031616
mem:  2045440
mem:  2027520
mem:  2045952
mem:  2043904
mem:  2032128
mem:  2044416
mem:  2038784
mem:  2050048
mem:  2045440
mem:  2040832
mem:  2058240
mem:  2062336
mem:  2063872
mem:  2056704
mem:  2070528
mem:  2059776
mem:  2060288
