SLURM_JOBID=5050247
SLURM_JOB_NODELIST=svl7
SLURM_NNODES=1
SLURMTMPDIR=
working directory = /viscam/projects/objectfolder_benchmark/benchmarks/Multi_Sensory_3D_Reconstruction/code/models/MDN
Start_idx:  860
mem:  1536
mem:  1923584
mem:  1924608
mem:  1910272
mem:  1925120
mem:  1926656
mem:  1930752
mem:  1932288
mem:  1933824
mem:  1915904
mem:  1933312
mem:  1938432
mem:  1939968
mem:  1938944
mem:  1943040
mem:  1944576
mem:  1939968
mem:  1947648
mem:  1949184
mem:  1948160
mem:  1938944
mem:  1937920
mem:  1955328
mem:  1956864
mem:  1958400
mem:  1953792
mem:  1961472
mem:  1963008
mem:  1964544
mem:  1966080
mem:  1965056
mem:  1969152
mem:  1970688
mem:  1972224
mem:  1973760
mem:  1971712
mem:  1970688
mem:  1978368
mem:  1979904
mem:  1971712
mem:  1976832
mem:  1984512
mem:  1986048
mem:  1987584
mem:  1985536
mem:  1987072
mem:  1976320
mem:  1993728
mem:  1991680
mem:  1990656
mem:  1994752
mem:  1984000
mem:  2001408
mem:  2000384
mem:  2000896
mem:  2003456
mem:  2007552
mem:  2009088
mem:  2010624
mem:  2009600
mem:  2003968
mem:  2001920
mem:  2016768
mem:  2014720
mem:  2013696
mem:  2011648
mem:  2013184
mem:  2024448
mem:  2016256
mem:  2011648
mem:  2029056
mem:  2030592
mem:  2019840
mem:  2033664
mem:  2035200
mem:  2024448
mem:  2015232
mem:  2039808
mem:  2041344
mem:  2033152
mem:  2018816
mem:  2043392
mem:  2041344
mem:  2042880
mem:  2048000
mem:  2042368
mem:  2050048
mem:  2055168
mem:  2056704
mem:  2055680
mem:  2059776
mem:  2058752
mem:  2053120
mem:  2058240
mem:  2062336
mem:  2064896
mem:  2062848
mem:  2064384
mem:  2062336
mem:  2071040
