SLURM_JOBID=5049814
SLURM_JOB_NODELIST=svl1
SLURM_NNODES=1
SLURMTMPDIR=
working directory = /viscam/projects/objectfolder_benchmark/benchmarks/Multi_Sensory_3D_Reconstruction/code/models/MDN
Start_idx:  370
mem:  1536
mem:  1901568
mem:  1922048
mem:  1926144
mem:  1925120
mem:  1929216
mem:  1921024
mem:  1926144
mem:  1904640
mem:  1893888
mem:  1921024
mem:  1938432
mem:  1930240
mem:  1922048
mem:  1940480
mem:  1940992
mem:  1939968
mem:  1941504
mem:  1946624
mem:  1948160
mem:  1936384
mem:  1947648
mem:  1951744
mem:  1940992
mem:  1915904
mem:  1959936
mem:  1958912
mem:  1937408
mem:  1941504
mem:  1930752
mem:  1957888
mem:  1966592
mem:  1967104
mem:  1950208
mem:  1964032
mem:  1965568
mem:  1945088
mem:  1965056
mem:  1976320
mem:  1969152
mem:  1969664
mem:  1971200
mem:  1983488
mem:  1964544
mem:  1969664
mem:  1990656
mem:  1963008
mem:  1968128
mem:  1969664
mem:  1957888
mem:  1955840
mem:  1993728
mem:  2001408
mem:  1979904
mem:  1991168
mem:  1976832
mem:  1981952
mem:  1995776
mem:  1985024
mem:  1999872
mem:  2013696
mem:  1973760
mem:  1971712
mem:  2014720
mem:  1980928
mem:  2018816
mem:  2003456
mem:  2021888
mem:  2025984
mem:  2014208
mem:  2003456
mem:  2007552
mem:  2019840
mem:  2008064
mem:  2006016
mem:  2033152
mem:  2005504
mem:  2030080
mem:  2041344
mem:  2019840
mem:  2024960
mem:  2032640
mem:  2047488
mem:  2013696
mem:  2024960
mem:  2016768
mem:  2047488
mem:  2019840
mem:  2023936
mem:  2055680
mem:  2028032
mem:  2035712
mem:  2059264
mem:  2048512
mem:  2036736
mem:  2048000
mem:  2066432
mem:  2044928
mem:  2065920
mem:  2034688
