SLURM_JOBID=5050290
SLURM_JOB_NODELIST=svl7
SLURM_NNODES=1
SLURMTMPDIR=
working directory = /viscam/projects/objectfolder_benchmark/benchmarks/Multi_Sensory_3D_Reconstruction/code/models/MDN
Start_idx:  896
mem:  1536
mem:  1874944
mem:  1912320
mem:  1865216
mem:  1882624
mem:  1870848
mem:  1895424
mem:  1910272
mem:  1888768
mem:  1883136
mem:  1913856
mem:  1873920
mem:  1865728
mem:  1902592
mem:  1884672
mem:  1905664
mem:  1914368
mem:  1935360
mem:  1949184
mem:  1925120
mem:  1952256
mem:  1928192
mem:  1906688
mem:  1879040
mem:  1946112
mem:  1899008
mem:  1922560
mem:  1940992
mem:  1919488
mem:  1897984
mem:  1928704
mem:  1939968
mem:  1925632
mem:  1949184
mem:  1902080
mem:  1903616
mem:  1928192
mem:  1910272
mem:  1911808
mem:  1955840
mem:  1944064
mem:  1933312
mem:  1937408
mem:  1948672
mem:  1975808
mem:  1945600
mem:  1988608
mem:  1960960
mem:  1950208
mem:  1971200
mem:  1959424
mem:  1964544
mem:  1940480
mem:  1957888
mem:  1969152
mem:  1953792
mem:  1962496
mem:  1976320
mem:  1977856
mem:  1979392
mem:  1968640
mem:  1989632
mem:  1987584
mem:  1989120
mem:  1955328
mem:  1960448
mem:  1977856
mem:  1985536
mem:  1993216
mem:  2014208
mem:  1977856
mem:  1969664
mem:  2002944
mem:  1998336
mem:  1990144
mem:  1972224
mem:  1999360
mem:  1978880
mem:  1990144
mem:  2000384
mem:  2021376
mem:  1993728
mem:  1973248
mem:  2016256
mem:  2024960
mem:  1987584
mem:  2024448
mem:  2006528
mem:  2001920
mem:  2019328
mem:  2028032
mem:  2002944
mem:  2023936
mem:  1999872
mem:  2036736
mem:  2034688
mem:  2020352
mem:  2029056
mem:  2023424
mem:  2022400
