SLURM_JOBID=5050249
SLURM_JOB_NODELIST=svl9
SLURM_NNODES=1
SLURMTMPDIR=
working directory = /viscam/projects/objectfolder_benchmark/benchmarks/Multi_Sensory_3D_Reconstruction/code/models/MDN
Start_idx:  862
mem:  1536
mem:  1923584
mem:  1924608
mem:  1923584
mem:  1921536
mem:  1913344
mem:  1930752
mem:  1912832
mem:  1933824
mem:  1935360
mem:  1936896
mem:  1909248
mem:  1937408
mem:  1938944
mem:  1943040
mem:  1944576
mem:  1946112
mem:  1947648
mem:  1949184
mem:  1944576
mem:  1952256
mem:  1953792
mem:  1932288
mem:  1950720
mem:  1954816
mem:  1959936
mem:  1958912
mem:  1963008
mem:  1964544
mem:  1966080
mem:  1957888
mem:  1965568
mem:  1964544
mem:  1962496
mem:  1973760
mem:  1975296
mem:  1976832
mem:  1974784
mem:  1979904
mem:  1981440
mem:  1979392
mem:  1974784
mem:  1979904
mem:  1985024
mem:  1986560
mem:  1978368
mem:  1992192
mem:  1991168
mem:  1991680
mem:  1996800
mem:  1992192
mem:  1996288
mem:  1995264
mem:  2002944
mem:  2001920
mem:  1990144
mem:  2001408
mem:  2009088
mem:  2010624
mem:  2006016
mem:  2011136
mem:  2015232
mem:  2007040
mem:  2012160
mem:  2010112
mem:  2021376
mem:  2022912
mem:  2024448
mem:  2025984
mem:  2021376
mem:  2022912
mem:  2030592
mem:  2022400
mem:  2030080
mem:  2029056
mem:  2033152
mem:  2038272
mem:  2036224
mem:  2035200
mem:  2042880
mem:  2031104
mem:  2043392
mem:  2047488
mem:  2049024
mem:  2040832
mem:  2052096
mem:  2053632
mem:  2052608
mem:  2056704
mem:  2058240
mem:  2059776
mem:  2051584
mem:  2062848
mem:  2054656
mem:  2065920
mem:  2067456
mem:  2068992
mem:  2070528
mem:  2072064
mem:  2073600
