SLURM_JOBID=5049941
SLURM_JOB_NODELIST=svl3
SLURM_NNODES=1
SLURMTMPDIR=
working directory = /viscam/projects/objectfolder_benchmark/benchmarks/Multi_Sensory_3D_Reconstruction/code/models/MDN
Start_idx:  497
mem:  1536
mem:  1921024
mem:  1911296
mem:  1890816
mem:  1911808
mem:  1915904
mem:  1914880
mem:  1922560
mem:  1917952
mem:  1919488
mem:  1930752
mem:  1909248
mem:  1926656
mem:  1931776
mem:  1907712
mem:  1932288
mem:  1923072
mem:  1934336
mem:  1936896
mem:  1918976
mem:  1939968
mem:  1944064
mem:  1900544
mem:  1947136
mem:  1923072
mem:  1936896
mem:  1935872
mem:  1933824
mem:  1954816
mem:  1959936
mem:  1957888
mem:  1953280
mem:  1937920
mem:  1958912
mem:  1954304
mem:  1955840
mem:  1970688
mem:  1962496
mem:  1947136
mem:  1952256
mem:  1951232
mem:  1968640
mem:  1983488
mem:  1961984
mem:  1973248
mem:  1978368
mem:  1976320
mem:  1981440
mem:  1959936
mem:  1973760
mem:  1982464
mem:  1974272
mem:  1991680
mem:  2000384
mem:  1978880
mem:  1982976
mem:  2004992
mem:  2002944
mem:  2000896
mem:  2002432
mem:  1994240
mem:  1995776
mem:  2013184
mem:  2008576
mem:  1996800
mem:  1986048
mem:  1991168
mem:  2004992
mem:  2002944
mem:  2017792
mem:  2016768
mem:  1991680
mem:  2025984
mem:  2010624
mem:  1999872
mem:  2027008
mem:  2012672
mem:  2017792
mem:  2038784
mem:  2013696
mem:  2021376
mem:  2010624
mem:  2031616
mem:  2029568
mem:  2024960
mem:  2029056
mem:  2037760
mem:  2045440
mem:  2046976
mem:  2054656
mem:  2040320
mem:  2051584
mem:  2023936
mem:  2038784
mem:  2056192
mem:  2045440
mem:  2056704
mem:  2041344
mem:  2062336
mem:  2071040
