SLURM_JOBID=5049695
SLURM_JOB_NODELIST=svl3
SLURM_NNODES=1
SLURMTMPDIR=
working directory = /viscam/projects/objectfolder_benchmark/benchmarks/Multi_Sensory_3D_Reconstruction/code/models/MDN
Start_idx:  247
mem:  1536
mem:  1913856
mem:  1892864
mem:  1913856
mem:  1895936
mem:  1903616
mem:  1891840
mem:  1873920
mem:  1911808
mem:  1851392
mem:  1927168
mem:  1922560
mem:  1888768
mem:  1935360
mem:  1878528
mem:  1922560
mem:  1891328
mem:  1889280
mem:  1888256
mem:  1866752
mem:  1893888
mem:  1860096
mem:  1933312
mem:  1944576
mem:  1907200
mem:  1934336
mem:  1896960
mem:  1939968
mem:  1909760
mem:  1933312
mem:  1912832
mem:  1946112
mem:  1892864
mem:  1968640
mem:  1954304
mem:  1920512
mem:  1941504
mem:  1927168
mem:  1954304
mem:  1952256
mem:  1944064
mem:  1962496
mem:  1986048
mem:  1987584
mem:  1963520
mem:  1978368
mem:  1970176
mem:  1954816
mem:  1943040
mem:  1909248
mem:  1943552
mem:  1954816
mem:  1933312
mem:  2002944
mem:  1975296
mem:  1970688
mem:  1978368
mem:  2009088
mem:  1965568
mem:  1957376
mem:  2003968
mem:  1966592
mem:  1968128
mem:  2002432
mem:  1961472
mem:  1959424
mem:  1971712
mem:  2014720
mem:  2019840
mem:  2001920
mem:  1968128
mem:  1995264
mem:  1980928
mem:  1939968
mem:  1976832
mem:  2014720
mem:  2024960
mem:  1946112
mem:  2006016
mem:  2039296
mem:  2018816
mem:  1987584
mem:  2008576
mem:  2046464
mem:  2005504
mem:  2036224
mem:  2034176
mem:  2029568
mem:  1998336
mem:  2013184
mem:  2020864
mem:  1987072
mem:  2033664
mem:  1980416
mem:  2001408
mem:  2034688
mem:  2016768
mem:  2070528
mem:  2069504
mem:  2028544
