SLURM_JOBID=5050232
SLURM_JOB_NODELIST=svl3
SLURM_NNODES=1
SLURMTMPDIR=
working directory = /viscam/projects/objectfolder_benchmark/benchmarks/Multi_Sensory_3D_Reconstruction/code/models/MDN
Start_idx:  848
mem:  1536
mem:  1894400
mem:  1914880
mem:  1887232
mem:  1882624
mem:  1909760
mem:  1911296
mem:  1896960
mem:  1914368
mem:  1923072
mem:  1891840
mem:  1922560
mem:  1920512
mem:  1906176
mem:  1933312
mem:  1905664
mem:  1910784
mem:  1928192
mem:  1949184
mem:  1925120
mem:  1923072
mem:  1930752
mem:  1945600
mem:  1931264
mem:  1932800
mem:  1914880
mem:  1945600
mem:  1931264
mem:  1938944
mem:  1934336
mem:  1967616
mem:  1963008
mem:  1937920
mem:  1943040
mem:  1954304
mem:  1955840
mem:  1951232
mem:  1965056
mem:  1947136
mem:  1955840
mem:  1953792
mem:  1961472
mem:  1963008
mem:  1961984
mem:  1963520
mem:  1974784
mem:  1963008
mem:  1960960
mem:  1989120
mem:  1957888
mem:  1947136
mem:  1974272
mem:  1956352
mem:  1954304
mem:  1994752
mem:  1986560
mem:  1981952
mem:  1964032
mem:  1994752
mem:  2002432
mem:  1981952
mem:  1992192
mem:  2007040
mem:  1996288
mem:  1994240
mem:  2017792
mem:  2009600
mem:  1995264
mem:  1964032
mem:  2017792
mem:  2013184
mem:  2004992
mem:  1987072
mem:  2027520
mem:  1964544
mem:  2034176
mem:  2015232
mem:  2014208
mem:  1998848
mem:  2023424
mem:  2028544
mem:  2026496
mem:  2002432
mem:  2049024
mem:  1989632
mem:  2019328
mem:  2021888
mem:  2045440
mem:  2044416
mem:  2036224
mem:  2028032
mem:  2025984
mem:  2017792
mem:  2038784
mem:  2052608
mem:  2048000
mem:  2056704
mem:  2070528
mem:  2058752
mem:  2041856
