SLURM_JOBID=5050252
SLURM_JOB_NODELIST=svl3
SLURM_NNODES=1
SLURMTMPDIR=
working directory = /viscam/projects/objectfolder_benchmark/benchmarks/Multi_Sensory_3D_Reconstruction/code/models/MDN
Start_idx:  865
mem:  1536
mem:  1910272
mem:  1905152
mem:  1913856
mem:  1911808
mem:  1923072
mem:  1930752
mem:  1926144
mem:  1904640
mem:  1935360
mem:  1921024
mem:  1922560
mem:  1939968
mem:  1908736
mem:  1933312
mem:  1928704
mem:  1926656
mem:  1915904
mem:  1933312
mem:  1934848
mem:  1926656
mem:  1944064
mem:  1920000
mem:  1956864
mem:  1936384
mem:  1946624
mem:  1945600
mem:  1953280
mem:  1938944
mem:  1943040
mem:  1951744
mem:  1933824
mem:  1960960
mem:  1946624
mem:  1950720
mem:  1961984
mem:  1963520
mem:  1962496
mem:  1964032
mem:  1965568
mem:  1969664
mem:  1974784
mem:  1976320
mem:  1961984
mem:  1966080
mem:  1968640
mem:  1982464
mem:  1968128
mem:  1982976
mem:  1977344
mem:  1988608
mem:  1980416
mem:  1991680
mem:  1989632
mem:  2004480
mem:  1996288
mem:  1985536
mem:  1986048
mem:  2004480
mem:  2006016
mem:  2013696
mem:  2005504
mem:  2014208
mem:  1992704
mem:  2013696
mem:  2001920
mem:  2013184
mem:  2018304
mem:  2025984
mem:  2011648
mem:  2019328
mem:  2014720
mem:  2022400
mem:  2023936
mem:  2022912
mem:  2030592
mem:  1999360
mem:  2017792
mem:  2025472
mem:  2042880
mem:  2015232
mem:  2020352
mem:  2043904
mem:  2049024
mem:  2028544
mem:  2013184
mem:  2041344
mem:  2035712
mem:  2034688
mem:  2038784
mem:  2036736
mem:  2035712
mem:  2056704
mem:  2058240
mem:  2050048
mem:  2057728
mem:  2068992
mem:  2051072
mem:  2046464
mem:  2054144
