SLURM_JOBID=5050127
SLURM_JOB_NODELIST=svl10
SLURM_NNODES=1
SLURMTMPDIR=
working directory = /viscam/projects/objectfolder_benchmark/benchmarks/Multi_Sensory_3D_Reconstruction/code/models/MDN
Start_idx:  699
mem:  1536
mem:  1894400
mem:  1885696
mem:  1922560
mem:  1902080
mem:  1919488
mem:  1899008
mem:  1932288
mem:  1927680
mem:  1909760
mem:  1891840
mem:  1934848
mem:  1904640
mem:  1912320
mem:  1920000
mem:  1915392
mem:  1946112
mem:  1912320
mem:  1904128
mem:  1947136
mem:  1907200
mem:  1912320
mem:  1955328
mem:  1943552
mem:  1900032
mem:  1934336
mem:  1939456
mem:  1960448
mem:  1945088
mem:  1936896
mem:  1935872
mem:  1947136
mem:  1941504
mem:  1946624
mem:  1960448
mem:  1975296
mem:  1967104
mem:  1956352
mem:  1970176
mem:  1965568
mem:  1959936
mem:  1951744
mem:  1972736
mem:  1987584
mem:  1959936
mem:  1977344
mem:  1982464
mem:  1964544
mem:  1972224
mem:  1961472
mem:  1949696
mem:  1990144
mem:  2001408
mem:  1999360
mem:  1994752
mem:  1996288
mem:  1966080
mem:  1996800
mem:  1998336
mem:  1992704
mem:  2000384
mem:  2005504
mem:  1955840
mem:  1996288
mem:  2003968
mem:  1988608
mem:  1993728
mem:  2018304
mem:  1996800
mem:  1992192
mem:  1984000
mem:  2001408
mem:  2032128
mem:  2000896
mem:  1999872
mem:  2023424
mem:  2015232
mem:  2039808
mem:  1998848
mem:  2027008
mem:  2015232
mem:  2033664
mem:  2037760
mem:  2039296
mem:  2048000
mem:  2009600
mem:  2031616
mem:  2019840
mem:  2037248
mem:  2042368
mem:  2053632
mem:  2025984
mem:  2050560
mem:  2041344
mem:  2036736
mem:  2061312
mem:  2062848
mem:  2054656
mem:  2033152
mem:  2061312
