SLURM_JOBID=5049645
SLURM_JOB_NODELIST=svl1
SLURM_NNODES=1
SLURMTMPDIR=
working directory = /viscam/projects/objectfolder_benchmark/benchmarks/Multi_Sensory_3D_Reconstruction/code/models/MDN
Start_idx:  178
mem:  1536
mem:  1878528
mem:  1895424
mem:  1910272
mem:  1917952
mem:  1896448
mem:  1862656
mem:  1873920
mem:  1898496
mem:  1909760
mem:  1913856
mem:  1922560
mem:  1888768
mem:  1915904
mem:  1911296
mem:  1934848
mem:  1930240
mem:  1925632
mem:  1927168
mem:  1934848
mem:  1932800
mem:  1914880
mem:  1861632
mem:  1898496
mem:  1932800
mem:  1917440
mem:  1929728
mem:  1914368
mem:  1948672
mem:  1946624
mem:  1886208
mem:  1933824
mem:  1929216
mem:  1936896
mem:  1925120
mem:  1975296
mem:  1960960
mem:  1965056
mem:  1970176
mem:  1958400
mem:  1908736
mem:  1972224
mem:  1924096
mem:  1961984
mem:  1959936
mem:  1935872
mem:  1917952
mem:  1968128
mem:  1992704
mem:  1977344
mem:  1956864
mem:  1976832
mem:  1956352
mem:  1990656
mem:  1969152
mem:  1996288
mem:  1985536
mem:  1956864
mem:  1946112
mem:  1999872
mem:  1955328
mem:  1995776
mem:  1984000
mem:  2004992
mem:  1957888
mem:  1969152
mem:  2003456
mem:  1972224
mem:  1977344
mem:  1985024
mem:  2015744
mem:  1972224
mem:  1973760
mem:  2010624
mem:  2025472
mem:  2020864
mem:  2038272
mem:  2039808
mem:  1998848
mem:  2017280
mem:  2001920
mem:  2030080
mem:  2021888
mem:  2033152
mem:  1966592
mem:  2032640
mem:  2024448
mem:  2006528
mem:  2044416
mem:  2016768
mem:  2034176
mem:  2041856
mem:  2040832
mem:  2058240
mem:  2059776
mem:  2061312
mem:  2068992
mem:  2018304
mem:  2036736
mem:  2015232
