SLURM_JOBID=5049675
SLURM_JOB_NODELIST=svl1
SLURM_NNODES=1
SLURMTMPDIR=
working directory = /viscam/projects/objectfolder_benchmark/benchmarks/Multi_Sensory_3D_Reconstruction/code/models/MDN
Start_idx:  192
mem:  1536
mem:  1874944
mem:  1899008
mem:  1900544
mem:  1895936
mem:  1870848
mem:  1914880
mem:  1887232
mem:  1914368
mem:  1915904
mem:  1911296
mem:  1909248
mem:  1898496
mem:  1906176
mem:  1897984
mem:  1915392
mem:  1858560
mem:  1922048
mem:  1923584
mem:  1934848
mem:  1878016
mem:  1885696
mem:  1939456
mem:  1953280
mem:  1886720
mem:  1924608
mem:  1909248
mem:  1914368
mem:  1958400
mem:  1959936
mem:  1938432
mem:  1946112
mem:  1931776
mem:  1920000
mem:  1960448
mem:  1939968
mem:  1934336
mem:  1952768
mem:  1944576
mem:  1903616
mem:  1947648
mem:  1910272
mem:  1940992
mem:  1942528
mem:  1959936
mem:  1967616
mem:  1972736
mem:  1977856
mem:  1966080
mem:  1951744
mem:  1956864
mem:  1993728
mem:  1952768
mem:  1922560
mem:  1985024
mem:  1970688
mem:  1962496
mem:  1993216
mem:  1936384
mem:  1973248
mem:  1991680
mem:  1992192
mem:  1991168
mem:  1998848
mem:  1987072
mem:  1982464
mem:  1984000
mem:  1946624
mem:  2012672
mem:  1985024
mem:  1986560
mem:  1981952
mem:  2000384
mem:  1971712
mem:  2006016
mem:  1991680
mem:  2009088
mem:  1975296
mem:  2019328
mem:  2001408
mem:  2021376
mem:  2026496
mem:  2012160
mem:  2000384
mem:  2011648
mem:  1997312
mem:  2018304
mem:  2029568
mem:  2004480
mem:  2042368
mem:  2036736
mem:  2061312
mem:  2037248
mem:  2019328
mem:  2030592
mem:  1989632
mem:  2043392
mem:  2019328
mem:  2003968
mem:  2040832
