SLURM_JOBID=5049773
SLURM_JOB_NODELIST=svl15
SLURM_NNODES=1
SLURMTMPDIR=
working directory = /viscam/projects/objectfolder_benchmark/benchmarks/Multi_Sensory_3D_Reconstruction/code/models/MDN
Start_idx:  300
mem:  1536
mem:  1894400
mem:  1902592
mem:  1910272
mem:  1917952
mem:  1926656
mem:  1899008
mem:  1899520
mem:  1917952
mem:  1935360
mem:  1933312
mem:  1938432
mem:  1939968
mem:  1925632
mem:  1923584
mem:  1938432
mem:  1930240
mem:  1928192
mem:  1945600
mem:  1948160
mem:  1923072
mem:  1947648
mem:  1955328
mem:  1937408
mem:  1958400
mem:  1950208
mem:  1938432
mem:  1963008
mem:  1954816
mem:  1959936
mem:  1961472
mem:  1959424
mem:  1958400
mem:  1949184
mem:  1964032
mem:  1972736
mem:  1967104
mem:  1975808
mem:  1956864
mem:  1968128
mem:  1963520
mem:  1978368
mem:  1979904
mem:  1975296
mem:  1973248
mem:  1977344
mem:  1970176
mem:  1958400
mem:  1989120
mem:  1961472
mem:  1992192
mem:  1999872
mem:  1995264
mem:  2002944
mem:  2000896
mem:  1999872
mem:  2001408
mem:  2009088
mem:  2000896
mem:  1996288
mem:  1981952
mem:  1989632
mem:  1997312
mem:  2002432
mem:  2019840
mem:  2017792
mem:  2013184
mem:  2018304
mem:  2019840
mem:  2015232
mem:  2019328
mem:  2020864
mem:  2012672
mem:  2023936
mem:  2025472
mem:  2027008
mem:  2025984
mem:  2039808
mem:  2041344
mem:  2033152
mem:  2018816
mem:  2045952
mem:  2037760
mem:  2049024
mem:  2024960
mem:  2029056
mem:  2041344
mem:  2055168
mem:  2050560
mem:  2038784
mem:  2059776
mem:  2039296
mem:  2046976
mem:  2058240
mem:  2059776
mem:  2055168
mem:  2049536
mem:  2070528
mem:  2039296
mem:  2061312
