SLURM_JOBID=5049616
SLURM_JOB_NODELIST=svl17
SLURM_NNODES=1
SLURMTMPDIR=
working directory = /viscam/projects/objectfolder_benchmark/benchmarks/Multi_Sensory_3D_Reconstruction/code/models/MDN
Start_idx:  165
mem:  1536
mem:  1901568
mem:  1924608
mem:  1900544
mem:  1902080
mem:  1900032
mem:  1895424
mem:  1909248
mem:  1917952
mem:  1886720
mem:  1891840
mem:  1899520
mem:  1901056
mem:  1928192
mem:  1917440
mem:  1918976
mem:  1936384
mem:  1912320
mem:  1900544
mem:  1931264
mem:  1930240
mem:  1953792
mem:  1916416
mem:  1908224
mem:  1929216
mem:  1934336
mem:  1942016
mem:  1937408
mem:  1964544
mem:  1927168
mem:  1922560
mem:  1933824
mem:  1954816
mem:  1943040
mem:  1973760
mem:  1949696
mem:  1944064
mem:  1927168
mem:  1931264
mem:  1952256
mem:  1957376
mem:  1984512
mem:  1960448
mem:  1961984
mem:  1956352
mem:  1955328
mem:  1956864
mem:  1993728
mem:  1995264
mem:  1973760
mem:  1965568
mem:  1954816
mem:  2001408
mem:  1977344
mem:  1975296
mem:  1976832
mem:  2003968
mem:  1970176
mem:  1965568
mem:  1996288
mem:  1980928
mem:  1986048
mem:  1987584
mem:  1966080
mem:  1988096
mem:  2008064
mem:  1997312
mem:  2012160
mem:  2012672
mem:  2008064
mem:  2026496
mem:  2014720
mem:  1989632
mem:  2010624
mem:  2002432
mem:  2004992
mem:  1996800
mem:  2004480
mem:  2009600
mem:  2029568
mem:  2015232
mem:  2007040
mem:  2021888
mem:  2010112
mem:  2027520
mem:  2036224
mem:  2030592
mem:  2055168
mem:  2027520
mem:  2025472
mem:  2030592
mem:  2058752
mem:  2043392
mem:  2029056
mem:  2034176
mem:  2022400
mem:  2043392
mem:  2037760
mem:  2042880
mem:  2051584
