SLURM_JOBID=5050359
SLURM_JOB_NODELIST=svl9
SLURM_NNODES=1
SLURMTMPDIR=
working directory = /viscam/projects/objectfolder_benchmark/benchmarks/Multi_Sensory_3D_Reconstruction/code/models/MDN
Start_idx:  957
mem:  1536
mem:  1891840
mem:  1924608
mem:  1890816
mem:  1917952
mem:  1864704
mem:  1921024
mem:  1909248
mem:  1875456
mem:  1903616
mem:  1888256
mem:  1925120
mem:  1879040
mem:  1941504
mem:  1943040
mem:  1938432
mem:  1936384
mem:  1918464
mem:  1900544
mem:  1911808
mem:  1923072
mem:  1922048
mem:  1933312
mem:  1953280
mem:  1955840
mem:  1891840
mem:  1900544
mem:  1930240
mem:  1929216
mem:  1950208
mem:  1899520
mem:  1947136
mem:  1970688
mem:  1933312
mem:  1928704
mem:  1949696
mem:  1935360
mem:  1975808
mem:  1905664
mem:  1971712
mem:  1959936
mem:  1939456
mem:  1983488
mem:  1975296
mem:  1953792
mem:  1984512
mem:  1956864
mem:  1987584
mem:  1959936
mem:  1925120
mem:  1939968
mem:  1970688
mem:  1956352
mem:  1990656
mem:  1978880
mem:  1986560
mem:  1975808
mem:  2009088
mem:  2000896
mem:  1960960
mem:  1945600
mem:  1979904
mem:  1987584
mem:  1973248
mem:  2019840
mem:  2011648
mem:  1970688
mem:  2018304
mem:  2019840
mem:  2011648
mem:  2016768
mem:  1972224
mem:  2016256
mem:  2030080
mem:  1999872
mem:  2014720
mem:  2002944
mem:  2020352
mem:  2031616
mem:  2042880
mem:  2038272
mem:  2032640
mem:  2024448
mem:  2046464
mem:  1988608
mem:  2036224
mem:  1998848
mem:  2055168
mem:  2011648
mem:  2032640
mem:  2043904
mem:  2022400
mem:  2053120
mem:  2044928
mem:  2052608
mem:  2048000
mem:  2055680
mem:  2057216
mem:  2027008
mem:  2061312
