SLURM_JOBID=5049912
SLURM_JOB_NODELIST=svl9
SLURM_NNODES=1
SLURMTMPDIR=
working directory = /viscam/projects/objectfolder_benchmark/benchmarks/Multi_Sensory_3D_Reconstruction/code/models/MDN
Start_idx:  483
mem:  1536
mem:  1884672
mem:  1869824
mem:  1877504
mem:  1879040
mem:  1903616
mem:  1882112
mem:  1899520
mem:  1869312
mem:  1912320
mem:  1895424
mem:  1928704
mem:  1852416
mem:  1902592
mem:  1894400
mem:  1915392
mem:  1894912
mem:  1908736
mem:  1906688
mem:  1934848
mem:  1907200
mem:  1879552
mem:  1935872
mem:  1902080
mem:  1923072
mem:  1885696
mem:  1883648
mem:  1939968
mem:  1925632
mem:  1959936
mem:  1967616
mem:  1933824
mem:  1970688
mem:  1927168
mem:  1954304
mem:  1975296
mem:  1947648
mem:  1920000
mem:  1928704
mem:  1981440
mem:  1941504
mem:  1939456
mem:  1937408
mem:  1942528
mem:  1953792
mem:  1945600
mem:  1966592
mem:  1929216
mem:  1959936
mem:  1954304
mem:  1978880
mem:  1984000
mem:  1959936
mem:  1977344
mem:  1930240
mem:  1976832
mem:  1966080
mem:  1970176
mem:  1985024
mem:  1980416
mem:  1988096
mem:  1917952
mem:  1955840
mem:  1979392
mem:  1997824
mem:  1953280
mem:  1970688
mem:  2018304
mem:  1965056
mem:  1972736
mem:  1987584
mem:  1988096
mem:  1973760
mem:  1972736
mem:  2009600
mem:  1994240
mem:  2009088
mem:  2004480
mem:  1999872
mem:  1984512
mem:  2015232
mem:  1975296
mem:  2018304
mem:  2023424
mem:  2015232
mem:  2022912
mem:  2028032
mem:  2019840
mem:  2017792
mem:  2035200
mem:  2018304
mem:  2025984
mem:  2023936
mem:  2019328
mem:  2011136
mem:  2038272
mem:  2059264
mem:  2028032
mem:  2046464
mem:  2048000
