SLURM_JOBID=5048969
SLURM_JOB_NODELIST=svl2
SLURM_NNODES=1
SLURMTMPDIR=
working directory = /viscam/projects/objectfolder_benchmark/benchmarks/Multi_Sensory_3D_Reconstruction/code/models/MDN
Start_idx:  22
mem:  1536
mem:  1911296
mem:  1883136
mem:  1910272
mem:  1902080
mem:  1884160
mem:  1889280
mem:  1903104
mem:  1910784
mem:  1913344
mem:  1905152
mem:  1880064
mem:  1894912
mem:  1922048
mem:  1943040
mem:  1918976
mem:  1943552
mem:  1931776
mem:  1904128
mem:  1911808
mem:  1909760
mem:  1921024
mem:  1910272
mem:  1908224
mem:  1929216
mem:  1921024
mem:  1961472
mem:  1908224
mem:  1960960
mem:  1953792
mem:  1932288
mem:  1920512
mem:  1947648
mem:  1943040
mem:  1938432
mem:  1926656
mem:  1931776
mem:  1927168
mem:  1973760
mem:  1971712
mem:  1960960
mem:  1958912
mem:  1970176
mem:  1952256
mem:  1975808
mem:  1961472
mem:  1921536
mem:  1987584
mem:  1966080
mem:  1926144
mem:  1975296
mem:  1928192
mem:  1966080
mem:  1957888
mem:  1988608
mem:  1974272
mem:  1984512
mem:  2005504
mem:  1958400
mem:  1986560
mem:  2007552
mem:  1970176
mem:  1984000
mem:  1982976
mem:  1996800
mem:  1999360
mem:  2016768
mem:  1998848
mem:  1990656
mem:  2005504
mem:  2006016
mem:  1985536
mem:  2002944
mem:  1985024
mem:  2029056
mem:  2007552
mem:  2015232
mem:  2023936
mem:  2012160
mem:  2036736
mem:  2038272
mem:  1981440
mem:  2012160
mem:  2019840
mem:  2048000
mem:  2042368
mem:  2034176
mem:  2002944
mem:  2017792
mem:  2036224
mem:  2014720
mem:  2006528
mem:  2033664
mem:  2064384
mem:  2007552
mem:  2057728
mem:  2059264
mem:  2047488
mem:  2058752
mem:  2034688
mem:  2023936
mem:  2054656
mem:  2046464
mem:  2044416
mem:  2038784
mem:  2037760
mem:  2049024
mem:  2054144
mem:  2036224
mem:  2040320
mem:  2077184
mem:  2043392
mem:  2051072
mem:  2069504
mem:  2061312
mem:  2062848
mem:  2060800
mem:  2040320
mem:  2067456
mem:  2053120
mem:  2047488
mem:  2064896
mem:  2077184
mem:  2075136
mem:  2066944
mem:  2087936
mem:  2063872
mem:  2042368
mem:  2092544
mem:  2097664
mem:  2098176
mem:  2103296
mem:  2085376
mem:  2103808
mem:  2082304
mem:  2086400
mem:  2068480
mem:  2116096
mem:  2120192
mem:  2115584
mem:  2091520
mem:  2116096
mem:  2081280
mem:  2121728
mem:  2107392
mem:  2128384
mem:  2113024
mem:  2141184
mem:  2107392
mem:  2101760
mem:  2142208
mem:  2114560
mem:  2113536
mem:  2115072
mem:  2132480
mem:  2140160
mem:  2116096
mem:  2120192
mem:  2109440
mem:  2095104
mem:  2153984
mem:  2133504
mem:  2108416
mem:  2126848
mem:  2144256
mem:  2162688
mem:  2127872
mem:  2132992
mem:  2147840
mem:  2116608
mem:  2166784
mem:  2139136
mem:  2160128
mem:  2151936
mem:  2143744
mem:  2161152
mem:  2160128
mem:  2173952
mem:  2156032
mem:  2170880
mem:  2182144
mem:  2150912
mem:  2156032
mem:  2153984
mem:  2136064
mem:  2172928
mem:  2158592
mem:  2156544
mem:  2188288
mem:  2170368
mem:  2174464
mem:  2185728
mem:  2177536
mem:  2179072
mem:  2206208
mem:  2185728
mem:  2190848
mem:  2210816
mem:  2190336
mem:  2116608
mem:  2216448
mem:  2201088
mem:  2196480
mem:  2204160
mem:  2205696
mem:  2197504
mem:  2212352
mem:  2210304
mem:  2219008
mem:  2213376
mem:  2230784
mem:  2243072
mem:  2214400
mem:  2200064
mem:  2224640
mem:  2226176
mem:  2224128
mem:  2229248
mem:  2230784
mem:  2238464
mem:  2233856
mem:  2231808
mem:  2246656
mem:  2238464
mem:  2236416
mem:  2231808
mem:  2233344
mem:  2244608
mem:  2255872
mem:  2273280
mem:  2255360
mem:  2264064
mem:  2238976
mem:  2259968
mem:  2251776
mem:  2247168
mem:  2264576
mem:  2259968
mem:  2287104
mem:  2269184
mem:  2264576
mem:  2220032
mem:  2273792
mem:  2255872
mem:  2270720
mem:  2275840
mem:  2270208
mem:  2275328
mem:  2279424
mem:  2229760
mem:  2279936
mem:  2268160
mem:  2276864
mem:  2310144
mem:  2286080
mem:  2287616
mem:  2269696
mem:  2290688
mem:  2282496
mem:  2293760
mem:  2298880
mem:  2296832
mem:  2321408
mem:  2299904
mem:  2305024
mem:  2309120
mem:  2288640
mem:  2308608
mem:  2311168
mem:  2309120
mem:  2291200
mem:  2298880
mem:  2316288
mem:  2315264
mem:  2313216
mem:  2318336
mem:  2319872
mem:  2311680
mem:  2316800
mem:  2320896
mem:  2328576
mem:  2350592
mem:  2335232
mem:  2327040
mem:  2341888
mem:  2333696
mem:  2348544
mem:  2329600
mem:  2299392
mem:  2349568
mem:  2364416
mem:  2290688
mem:  2340864
mem:  2330112
mem:  2340352
mem:  2349056
mem:  2337280
mem:  2352128
mem:  2343936
mem:  2341888
mem:  2362880
mem:  2354688
mem:  2317312
mem:  2332160
mem:  2372608
mem:  2315776
mem:  2336768
mem:  2338304
mem:  2291200
mem:  2357248
mem:  2397696
mem:  2393088
mem:  2349568
mem:  2341376
mem:  2355200
mem:  2373632
mem:  2354688
mem:  2369536
mem:  2377216
mem:  2378752
mem:  2364416
mem:  2356224
mem:  2357760
mem:  2404352
mem:  2341376
mem:  2397696
mem:  2351616
mem:  2355712
mem:  2386432
mem:  2355200
mem:  2399232
mem:  2429952
mem:  2405888
mem:  2387968
mem:  2389504
mem:  2377728
mem:  2396160
mem:  2400256
mem:  2421248
mem:  2426368
mem:  2392576
mem:  2425856
mem:  2376192
mem:  2422784
mem:  2436608
mem:  2393088
mem:  2414080
mem:  2448384
mem:  2395136
mem:  2428416
mem:  2423808
mem:  2454528
mem:  2417152
mem:  2430976
mem:  2381312
mem:  2385408
mem:  2423296
mem:  2430976
mem:  2406912
mem:  2447360
mem:  2419712
mem:  2466304
mem:  2477568
mem:  2440192
mem:  2425856
mem:  2472448
mem:  2399744
mem:  2475520
mem:  2444288
mem:  2475008
mem:  2466816
mem:  2462208
mem:  2490368
mem:  2471424
mem:  2444800
mem:  2423296
mem:  2440704
mem:  2429952
mem:  2447360
mem:  2445312
mem:  2466304
mem:  2464256
mem:  2482688
mem:  2428416
mem:  2478592
mem:  2442240
mem:  2452480
mem:  2457600
mem:  2484736
mem:  2486272
mem:  2491392
mem:  2483200
mem:  2482176
mem:  2486272
mem:  2481664
mem:  2486784
mem:  2477568
mem:  2482688
mem:  2503680
mem:  2489344
mem:  2503168
mem:  2527744
mem:  2539008
mem:  2528256
mem:  2542080
mem:  2543616
mem:  2541568
mem:  2544128
mem:  2544640
mem:  2547200
mem:  2551296
mem:  2549248
mem:  2548224
mem:  2555904
mem:  2547712
mem:  2558976
mem:  2560512
mem:  2558464
mem:  2557440
mem:  2558976
mem:  2566656
mem:  2558464
mem:  2566144
mem:  2567680
mem:  2563072
mem:  2561024
mem:  2550272
mem:  2571264
mem:  2578944
mem:  2580480
mem:  2572288
mem:  2577408
mem:  2585088
mem:  2586624
mem:  2588160
mem:  2589696
mem:  2575360
mem:  2592768
mem:  2578432
mem:  2595840
mem:  2587648
mem:  2592768
mem:  2600448
mem:  2601984
mem:  2603520
mem:  2602496
mem:  2590720
mem:  2601984
mem:  2609664
mem:  2611200
mem:  2610176
mem:  2604544
mem:  2609664
mem:  2617344
mem:  2616320
mem:  2616832
mem:  2618368
mem:  2619904
mem:  2618880
mem:  2626560
mem:  2628096
mem:  2604032
mem:  2631168
mem:  2629120
mem:  2624512
mem:  2629632
mem:  2637312
mem:  2632704
mem:  2628096
mem:  2638336
mem:  2637312
mem:  2641408
mem:  2640384
mem:  2644480
mem:  2637312
mem:  2651136
mem:  2646528
mem:  2654208
mem:  2630144
mem:  2654720
mem:  2649088
mem:  2656768
mem:  2655744
mem:  2657280
mem:  2658816
mem:  2662912
mem:  2668032
mem:  2669568
mem:  2671104
mem:  2662912
mem:  2658304
mem:  2673152
mem:  2671104
mem:  2675200
mem:  2680320
mem:  2678272
mem:  2673664
mem:  2675200
mem:  2686464
mem:  2688000
mem:  2683392
mem:  2675200
mem:  2659840
mem:  2674688
mem:  2685952
mem:  2687488
mem:  2663424
mem:  2690560
mem:  2676224
mem:  2697216
mem:  2698752
mem:  2677248
mem:  2672640
mem:  2683904
mem:  2691584
mem:  2700288
mem:  2688512
mem:  2686464
mem:  2701312
mem:  2705408
mem:  2706944
mem:  2699776
mem:  2691584
mem:  2708992
mem:  2713088
mem:  2718208
mem:  2726912
mem:  2705408
mem:  2722816
mem:  2724352
mem:  2723328
mem:  2717696
mem:  2722816
mem:  2734080
mem:  2735616
mem:  2733568
mem:  2696192
mem:  2714624
mem:  2725888
mem:  2723840
mem:  2741248
mem:  2733056
mem:  2718720
mem:  2742272
mem:  2741248
mem:  2739200
mem:  2738176
mem:  2748416
mem:  2740224
mem:  2733056
mem:  2756608
mem:  2764288
mem:  2769408
mem:  2757632
mem:  2749440
mem:  2744832
mem:  2749952
mem:  2747904
mem:  2739712
mem:  2780160
mem:  2752512
mem:  2757632
mem:  2759168
mem:  2754560
mem:  2758656
mem:  2766336
mem:  2761728
mem:  2769408
mem:  2764800
mem:  2772480
mem:  2777600
mem:  2776576
mem:  2793984
mem:  2766336
mem:  2787328
mem:  2749952
mem:  2790400
mem:  2807808
mem:  2789888
mem:  2768384
mem:  2792960
mem:  2765312
mem:  2780160
mem:  2774528
mem:  2805248
mem:  2804224
mem:  2805760
mem:  2793984
mem:  2805248
mem:  2826240
mem:  2821632
mem:  2823168
mem:  2801664
mem:  2812928
mem:  2808320
mem:  2823168
mem:  2813952
mem:  2815488
mem:  2833920
mem:  2825728
mem:  2807808
mem:  2844672
mem:  2840064
mem:  2828288
mem:  2843136
mem:  2848256
mem:  2830336
mem:  2834432
mem:  2855424
mem:  2856960
mem:  2855936
mem:  2853888
mem:  2849280
mem:  2856960
mem:  2864640
mem:  2850304
mem:  2844672
mem:  2859520
mem:  2861056
mem:  2872320
mem:  2867712
mem:  2865664
mem:  2864640
mem:  2878464
mem:  2876416
mem:  2871808
mem:  2880512
mem:  2878464
mem:  2886144
mem:  2885120
mem:  2889216
mem:  2881024
mem:  2892288
mem:  2868224
mem:  2883072
mem:  2874880
mem:  2875392
mem:  2886656
mem:  2901504
mem:  2900480
mem:  2852352
mem:  2902528
mem:  2897920
mem:  2883584
mem:  2908160
mem:  2906112
mem:  2904064
mem:  2899456
mem:  2884096
mem:  2892800
mem:  2919936
mem:  2911744
mem:  2890240
mem:  2912256
mem:  2922496
mem:  2917888
mem:  2899968
mem:  2918400
mem:  2929664
mem:  2908160
mem:  2919424
mem:  2933248
mem:  2928640
mem:  2930176
mem:  2929152
mem:  2942976
mem:  2925056
mem:  2913280
mem:  2934272
mem:  2933248
mem:  2950656
mem:  2939904
mem:  2944000
mem:  2949120
mem:  2937344
mem:  2958336
mem:  2959872
mem:  2945536
mem:  2933760
mem:  2964480
mem:  2940416
mem:  2941952
mem:  2969088
mem:  2960896
mem:  2946560
mem:  2954240
mem:  2975232
mem:  2954752
mem:  2968576
mem:  2963968
mem:  2961920
mem:  2982912
mem:  2978304
mem:  2982400
mem:  2983936
mem:  2975744
mem:  2990592
mem:  2992128
mem:  2980352
mem:  2995200
mem:  2993152
mem:  2992128
mem:  2993664
mem:  2979328
mem:  2973696
mem:  2998272
mem:  2986496
mem:  2962432
mem:  2993152
mem:  2987520
mem:  3012096
mem:  3007488
mem:  3015168
mem:  2981376
mem:  3008512
mem:  3019776
mem:  3009024
mem:  3022848
mem:  3008512
mem:  3016192
mem:  3027456
mem:  3022848
mem:  3011072
mem:  3022336
mem:  3017728
mem:  3025408
mem:  3036672
mem:  3028480
mem:  3039744
mem:  3021824
mem:  3026944
mem:  3034624
mem:  3023872
mem:  3005952
mem:  3048960
mem:  3038208
mem:  3045888
mem:  3027968
mem:  3042816
mem:  3040768
mem:  3035136
mem:  3047424
mem:  3018752
mem:  3043328
mem:  3028992
mem:  3046400
mem:  3045376
mem:  3046912
mem:  3025408
mem:  3046400
mem:  3024896
mem:  3039744
mem:  3057152
mem:  3075584
mem:  3050496
mem:  3075072
mem:  3063296
mem:  3084288
mem:  3076096
mem:  3071488
mem:  3057152
mem:  3074560
mem:  3079680
mem:  3083776
mem:  3085312
mem:  3084288
mem:  3075072
mem:  3060736
mem:  3101184
mem:  3073536
mem:  3101696
mem:  3070464
mem:  3084288
mem:  3092992
mem:  3107840
mem:  3098624
mem:  3101184
mem:  3033600
mem:  3093504
mem:  3115520
mem:  3097600
mem:  3118592
mem:  3100672
mem:  3104768
mem:  3077120
mem:  3121152
mem:  3103232
mem:  3101184
mem:  3118592
mem:  3120128
mem:  3093504
mem:  3103744
mem:  3138048
mem:  3120128
mem:  3141120
mem:  3142656
mem:  3095552
mem:  3143168
mem:  3134976
mem:  3119616
mem:  3130880
mem:  3138560
mem:  3091456
mem:  3116032
mem:  3107840
mem:  3112960
mem:  3120640
mem:  3073536
mem:  3117568
mem:  3102208
mem:  3159552
mem:  3079680
mem:  3137024
mem:  3147264
mem:  3148800
mem:  3167232
mem:  3165184
mem:  3102208
mem:  3158528
mem:  3146752
mem:  3128832
mem:  3127808
mem:  3125760
mem:  3146752
mem:  3126272
mem:  3137536
mem:  3170816
mem:  3152896
mem:  3167744
mem:  3130368
mem:  3161088
mem:  3136000
mem:  3154432
mem:  3152384
mem:  3128320
mem:  3165184
mem:  3182592
mem:  3207168
mem:  3173376
mem:  3184640
mem:  3172864
mem:  3213312
mem:  3185664
mem:  3136000
mem:  3188736
mem:  3180544
mem:  3159040
mem:  3196928
mem:  3217920
mem:  3190272
mem:  3175936
mem:  3228672
mem:  3165696
mem:  3218432
mem:  3197952
mem:  3192320
mem:  3191296
mem:  3166208
mem:  3178496
mem:  3215360
mem:  3191296
mem:  3224576
mem:  3196928
mem:  3225088
mem:  3232768
mem:  3211264
mem:  3239424
mem:  3224064
mem:  3206144
mem:  3227136
mem:  3226112
mem:  3207168
mem:  3198976
mem:  3194368
mem:  3218944
mem:  3230208
mem:  3206144
mem:  3194368
mem:  3238400
mem:  3193856
mem:  3237888
mem:  3239424
mem:  3244544
mem:  3203584
mem:  3279360
mem:  3228672
mem:  3237376
mem:  3209728
mem:  3223552
mem:  3199488
mem:  3233792
mem:  3280384
mem:  3230720
mem:  3267584
mem:  3282432
mem:  3245056
mem:  3219968
mem:  3270144
mem:  3269120
mem:  3257344
mem:  3235840
mem:  3305472
mem:  3307008
mem:  3308544
mem:  3306496
mem:  3309056
mem:  3303424
mem:  3304960
mem:  3312640
mem:  3301888
mem:  3319296
mem:  3320832
mem:  3322368
mem:  3323904
mem:  3325440
mem:  3304960
mem:  3322368
mem:  3326464
mem:  3309568
mem:  3333120
mem:  3334656
mem:  3336192
mem:  3337728
mem:  3339264
mem:  3340800
mem:  3336192
mem:  3343872
mem:  3339264
mem:  3343360
mem:  3335168
mem:  3350016
mem:  3329536
mem:  3353088
mem:  3348480
mem:  3350016
mem:  3355136
mem:  3345920
mem:  3347456
mem:  3356160
mem:  3363840
mem:  3362816
mem:  3366912
mem:  3362304
mem:  3366400
mem:  3367936
mem:  3373056
mem:  3374592
mem:  3373568
mem:  3367936
mem:  3369472
mem:  3374592
mem:  3382272
mem:  3377664
mem:  3385344
mem:  3383296
mem:  3388416
mem:  3389952
mem:  3381760
mem:  3377152
mem:  3394560
mem:  3396096
mem:  3397632
mem:  3383296
mem:  3400704
mem:  3402240
mem:  3403776
mem:  3395584
mem:  3403264
mem:  3396096
mem:  3409920
mem:  3411456
mem:  3409408
mem:  3414528
mem:  3406336
mem:  3411456
mem:  3416576
mem:  3414528
mem:  3422208
mem:  3423744
mem:  3425280
mem:  3426816
mem:  3428352
mem:  3429888
mem:  3421696
mem:  3420672
mem:  3434496
mem:  3432448
mem:  3435008
mem:  3439104
mem:  3428352
mem:  3438592
mem:  3443712
mem:  3442688
mem:  3446784
mem:  3448320
mem:  3449856
mem:  3447808
mem:  3450368
mem:  3454464
mem:  3449856
