SLURM_JOBID=5049150
SLURM_JOB_NODELIST=svl2
SLURM_NNODES=1
SLURMTMPDIR=
working directory = /viscam/projects/objectfolder_benchmark/benchmarks/Multi_Sensory_3D_Reconstruction/code/models/MDN
Start_idx:  33
mem:  1536
mem:  1921024
mem:  1905152
mem:  1903104
mem:  1902080
mem:  1903616
mem:  1911296
mem:  1900544
mem:  1908224
mem:  1913344
mem:  1936896
mem:  1906688
mem:  1937408
mem:  1896448
mem:  1943040
mem:  1893376
mem:  1939968
mem:  1924608
mem:  1926144
mem:  1931264
mem:  1926656
mem:  1944064
mem:  1955328
mem:  1940992
mem:  1906176
mem:  1950208
mem:  1935872
mem:  1956864
mem:  1909760
mem:  1924608
mem:  1948160
mem:  1949696
mem:  1954816
mem:  1927168
mem:  1964032
mem:  1965568
mem:  1934336
mem:  1923584
mem:  1967616
mem:  1975296
mem:  1959936
mem:  1949184
mem:  1976320
mem:  1945088
mem:  1985536
mem:  1980928
mem:  1953280
mem:  1952256
mem:  1972224
mem:  1977344
mem:  1988608
mem:  1997312
mem:  1985536
mem:  1973760
mem:  1969152
mem:  1973248
mem:  1997824
mem:  1977344
mem:  1959424
mem:  1959936
mem:  2000384
mem:  1966592
mem:  1987584
mem:  1969664
mem:  1988096
mem:  1972736
mem:  1990144
mem:  1969664
mem:  1983488
mem:  2011648
mem:  1990144
mem:  2030592
mem:  1999360
mem:  1985024
mem:  2019328
mem:  2003968
mem:  2002944
mem:  2017792
mem:  2035200
mem:  2020864
mem:  2012672
mem:  2016768
mem:  2004992
mem:  2013696
mem:  2021376
mem:  2026496
mem:  2053632
mem:  2055168
mem:  2001920
mem:  2054656
mem:  2037760
mem:  2006528
mem:  2014208
mem:  2006016
mem:  2030592
mem:  2067456
mem:  2059264
mem:  2035200
mem:  2050048
mem:  2031104
mem:  2049536
mem:  2028032
mem:  2052608
mem:  2040832
mem:  2058240
mem:  2053632
mem:  2055168
mem:  2053120
mem:  2055680
mem:  2047488
mem:  2058752
mem:  2039808
mem:  2041344
mem:  2065920
mem:  2041856
mem:  2059264
mem:  2074112
mem:  2039296
mem:  2015232
mem:  2045952
mem:  2093568
mem:  2075648
mem:  2063872
mem:  2055680
mem:  2047488
mem:  2062336
mem:  2063872
mem:  2103296
mem:  2092544
mem:  2084352
mem:  2046976
mem:  2091008
mem:  2079232
mem:  2113536
mem:  2078720
mem:  2076672
mem:  2095104
mem:  2106368
mem:  2110464
mem:  2099712
mem:  2097664
mem:  2096640
mem:  2094592
mem:  2102272
mem:  2084352
mem:  2089472
mem:  2114048
mem:  2121728
mem:  2136576
mem:  2115072
mem:  2106880
mem:  2137600
mem:  2109952
mem:  2095616
mem:  2119168
mem:  2120704
mem:  2151424
mem:  2121216
mem:  2102272
mem:  2117120
mem:  2128384
mem:  2137088
mem:  2144768
mem:  2136576
mem:  2144256
mem:  2110464
mem:  2137600
mem:  2174464
mem:  2144256
mem:  2136064
mem:  2141184
mem:  2170880
mem:  2140672
mem:  2161664
mem:  2136576
mem:  2151424
mem:  2162688
mem:  2144768
mem:  2152448
mem:  2177024
mem:  2168832
mem:  2144768
mem:  2132992
mem:  2144256
mem:  2143232
mem:  2150912
mem:  2178048
mem:  2140672
mem:  2136064
mem:  2179072
mem:  2145280
mem:  2160128
mem:  2164224
mem:  2198528
mem:  2213376
mem:  2195456
mem:  2180096
mem:  2181632
mem:  2180608
mem:  2207744
mem:  2193408
mem:  2178048
mem:  2208768
mem:  2181120
mem:  2182656
mem:  2191360
mem:  2212352
mem:  2200576
mem:  2234880
mem:  2187776
mem:  2179584
mem:  2229760
mem:  2185216
mem:  2203648
mem:  2211328
mem:  2245632
mem:  2198528
mem:  2225664
mem:  2234368
mem:  2232320
mem:  2217984
mem:  2237952
mem:  2259968
mem:  2228736
mem:  2201088
mem:  2263552
mem:  2239488
mem:  2228736
mem:  2238976
mem:  2224640
mem:  2229760
mem:  2234880
mem:  2229248
mem:  2246656
mem:  2242048
mem:  2230272
mem:  2238976
mem:  2259968
mem:  2251776
mem:  2246144
mem:  2274304
mem:  2230784
mem:  2219008
mem:  2269184
mem:  2253824
mem:  2262528
mem:  2264064
mem:  2242560
mem:  2279424
mem:  2280960
mem:  2286080
mem:  2277888
mem:  2289152
mem:  2251776
mem:  2253312
mem:  2293760
mem:  2305024
mem:  2251776
mem:  2317824
mem:  2306048
mem:  2281984
mem:  2277376
mem:  2275328
mem:  2309632
mem:  2268672
mem:  2264064
mem:  2294784
mem:  2306048
mem:  2280960
mem:  2289664
mem:  2336256
mem:  2289152
mem:  2277376
mem:  2327552
mem:  2330112
mem:  2330624
mem:  2310144
mem:  2275328
mem:  2313216
mem:  2314752
mem:  2309120
mem:  2300928
mem:  2348544
mem:  2301440
mem:  2357760
mem:  2333696
mem:  2337792
mem:  2358784
mem:  2292224
mem:  2300928
mem:  2344960
mem:  2362368
mem:  2337280
mem:  2338816
mem:  2328064
mem:  2335744
mem:  2317824
mem:  2368000
mem:  2343936
mem:  2332160
mem:  2333696
mem:  2360832
mem:  2356224
mem:  2377216
mem:  2349568
mem:  2380288
mem:  2356224
mem:  2370048
mem:  2391040
mem:  2363392
mem:  2384384
mem:  2373632
mem:  2361856
mem:  2382848
mem:  2384384
mem:  2399232
mem:  2394624
mem:  2382848
mem:  2380800
mem:  2389504
mem:  2364416
mem:  2391552
mem:  2386944
mem:  2415104
mem:  2406912
mem:  2411008
mem:  2408960
mem:  2407936
mem:  2405888
mem:  2401280
mem:  2422272
mem:  2414080
mem:  2419200
mem:  2411008
mem:  2408960
mem:  2416640
mem:  2418176
mem:  2425856
mem:  2385920
mem:  2422784
mem:  2430464
mem:  2425856
mem:  2443264
mem:  2425344
mem:  2430464
mem:  2425856
mem:  2433536
mem:  2431488
mem:  2426880
mem:  2432000
mem:  2446848
mem:  2444800
mem:  2456064
mem:  2434560
mem:  2436096
mem:  2454528
mem:  2468352
mem:  2450432
mem:  2438656
mem:  2447360
mem:  2448896
mem:  2460160
mem:  2477568
mem:  2453504
mem:  2464768
mem:  2466304
mem:  2473984
mem:  2482688
mem:  2461184
mem:  2476032
mem:  2464256
mem:  2471936
mem:  2483200
mem:  2468864
mem:  2486272
mem:  2484224
mem:  2473472
mem:  2498048
mem:  2472960
mem:  2484224
mem:  2460160
mem:  2490880
mem:  2486272
mem:  2500096
mem:  2501632
mem:  2503168
mem:  2508288
mem:  2492928
mem:  2504192
mem:  2503168
mem:  2514432
mem:  2502656
mem:  2500608
mem:  2515456
mem:  2504704
mem:  2512384
mem:  2520064
mem:  2511872
mem:  2523136
mem:  2514944
mem:  2513920
mem:  2518016
mem:  2484224
mem:  2505216
mem:  2497024
mem:  2537472
mem:  2496512
mem:  2544128
mem:  2483712
mem:  2501120
mem:  2508800
mem:  2507776
mem:  2554368
mem:  2475520
mem:  2557440
mem:  2465280
mem:  2556928
mem:  2510848
mem:  2508800
mem:  2523648
mem:  2518016
mem:  2493952
mem:  2511360
mem:  2526208
mem:  2485248
mem:  2523136
mem:  2530816
mem:  2505728
mem:  2510848
mem:  2528256
mem:  2521088
mem:  2560512
mem:  2536448
mem:  2537984
mem:  2468864
mem:  2528768
mem:  2523136
mem:  2502656
mem:  2590720
mem:  2547200
mem:  2545152
mem:  2550272
mem:  2565120
mem:  2527744
mem:  2587648
mem:  2550272
mem:  2606592
mem:  2563072
mem:  2519552
mem:  2566144
mem:  2564096
mem:  2614272
mem:  2551296
mem:  2549248
mem:  2603008
mem:  2542592
mem:  2576896
mem:  2582016
mem:  2564096
mem:  2614272
mem:  2567168
mem:  2561536
mem:  2579968
mem:  2626560
mem:  2595328
mem:  2613760
mem:  2592256
mem:  2557440
mem:  2582016
mem:  2626048
mem:  2643456
mem:  2545152
mem:  2572288
mem:  2550784
mem:  2555904
mem:  2596352
mem:  2623488
mem:  2589696
mem:  2587648
mem:  2641408
mem:  2649088
mem:  2605568
mem:  2607104
mem:  2591744
mem:  2604032
mem:  2611712
mem:  2590208
mem:  2601472
mem:  2596864
mem:  2653184
mem:  2576896
mem:  2669568
mem:  2632192
mem:  2626560
mem:  2615808
mem:  2636800
mem:  2621440
mem:  2659328
mem:  2625536
mem:  2617344
mem:  2615296
mem:  2687488
mem:  2650112
mem:  2681856
mem:  2676224
mem:  2681344
mem:  2682880
mem:  2684416
mem:  2670080
mem:  2677760
mem:  2695168
mem:  2700288
mem:  2685952
mem:  2677760
mem:  2681856
mem:  2654208
mem:  2711552
mem:  2680320
mem:  2701312
mem:  2716160
mem:  2706944
mem:  2715648
mem:  2707456
mem:  2718720
mem:  2722816
mem:  2718208
mem:  2717184
mem:  2721280
mem:  2706944
mem:  2718208
mem:  2716160
mem:  2731008
mem:  2726400
mem:  2724352
mem:  2735616
mem:  2721280
mem:  2738688
mem:  2742784
mem:  2744320
mem:  2745856
mem:  2744832
mem:  2730496
mem:  2754048
mem:  2749440
mem:  2747392
mem:  2752512
mem:  2750464
mem:  2739712
mem:  2747392
mem:  2764800
mem:  2750464
mem:  2765312
mem:  2743808
mem:  2768384
mem:  2740736
mem:  2764288
mem:  2724352
mem:  2770944
mem:  2776064
mem:  2760704
mem:  2762240
mem:  2763776
mem:  2778624
mem:  2783744
mem:  2742784
mem:  2779648
mem:  2784768
mem:  2753536
mem:  2725888
mem:  2763776
mem:  2767872
mem:  2779136
mem:  2757632
mem:  2772480
mem:  2787328
mem:  2798592
mem:  2783232
mem:  2772480
mem:  2799616
mem:  2798592
mem:  2783232
mem:  2791936
mem:  2782720
mem:  2804736
mem:  2802688
mem:  2807808
mem:  2811904
mem:  2807296
mem:  2812416
mem:  2822656
mem:  2792448
mem:  2813440
mem:  2811392
mem:  2812928
mem:  2811904
mem:  2825728
mem:  2834432
mem:  2832384
mem:  2818048
mem:  2831872
mem:  2821120
mem:  2803200
mem:  2820608
mem:  2828288
mem:  2807808
mem:  2809344
mem:  2832896
mem:  2834432
mem:  2835968
mem:  2805760
mem:  2825728
mem:  2766336
mem:  2842112
mem:  2821632
mem:  2822144
mem:  2836992
mem:  2828800
mem:  2843648
mem:  2809856
mem:  2850304
mem:  2864128
mem:  2832896
mem:  2818560
mem:  2833408
mem:  2831360
mem:  2878976
mem:  2824704
mem:  2855424
mem:  2843648
mem:  2839040
mem:  2866176
mem:  2851840
mem:  2863104
mem:  2848768
mem:  2836992
mem:  2857984
mem:  2875392
mem:  2864640
mem:  2850304
mem:  2871296
mem:  2869248
mem:  2890240
mem:  2849280
mem:  2860544
mem:  2891264
mem:  2880512
mem:  2907648
mem:  2909184
mem:  2862080
mem:  2857472
mem:  2890752
mem:  2915328
mem:  2884096
mem:  2891776
mem:  2900480
mem:  2902016
mem:  2880512
mem:  2878464
mem:  2909184
mem:  2927616
mem:  2925568
mem:  2884608
mem:  2883584
mem:  2897408
mem:  2921984
mem:  2936832
mem:  2909184
mem:  2924032
mem:  2912256
mem:  2933248
mem:  2944512
mem:  2952192
mem:  2924544
mem:  2919936
mem:  2947072
mem:  2903552
mem:  2953728
mem:  2932224
mem:  2933760
mem:  2938880
mem:  2913792
mem:  2935808
mem:  2953216
mem:  2931712
mem:  2939392
mem:  2938368
mem:  2926592
mem:  2935296
mem:  2929664
mem:  2925056
mem:  2949632
mem:  2979328
mem:  2949120
mem:  2943488
mem:  2977792
mem:  2950144
mem:  2951680
mem:  2959360
mem:  2948608
mem:  2963456
mem:  2932224
mem:  2965504
mem:  2997248
mem:  2966016
mem:  2963968
mem:  2946048
mem:  2992640
mem:  2997760
mem:  2979840
mem:  2994688
mem:  2967040
mem:  3007488
mem:  3005440
mem:  3003392
mem:  2982912
mem:  3000320
mem:  2989568
mem:  3000832
mem:  3020800
mem:  2990592
mem:  3027456
mem:  3028992
mem:  3018240
mem:  3012608
mem:  3001856
mem:  2996224
mem:  3011072
mem:  3015168
mem:  3030016
mem:  3035136
mem:  2997760
mem:  3034624
mem:  3039744
mem:  3037696
mem:  3042816
mem:  2995712
mem:  3003392
mem:  3034112
mem:  3048960
mem:  3056640
mem:  3003392
mem:  3027968
mem:  3051520
mem:  3008000
mem:  3038720
mem:  3049984
mem:  3057664
mem:  3016704
mem:  3041280
mem:  3019776
mem:  3032064
mem:  3049472
mem:  3076608
mem:  3052544
mem:  3044352
mem:  3032576
mem:  3066880
mem:  3064832
mem:  3054080
mem:  3044864
mem:  3066880
mem:  3057664
mem:  3076096
mem:  3090944
mem:  3082752
mem:  3063808
mem:  3046912
mem:  3083776
mem:  3062272
mem:  3063808
mem:  3078656
mem:  3082752
mem:  3103744
mem:  3108864
mem:  3075072
mem:  3105792
mem:  3090432
mem:  3079680
mem:  3084800
mem:  3095040
mem:  3080704
mem:  3098112
mem:  3087360
mem:  3091456
mem:  3102720
mem:  3121152
mem:  3112960
mem:  3088896
mem:  3112448
mem:  3111424
mem:  3112960
mem:  3132928
mem:  3115008
mem:  3106816
mem:  3128832
mem:  3123200
mem:  3138048
mem:  3142144
mem:  3111936
mem:  3109888
mem:  3150336
mem:  3090944
mem:  3131392
mem:  3119616
mem:  3127296
mem:  3128832
mem:  3159552
mem:  3118592
mem:  3146752
mem:  3138560
mem:  3110912
mem:  3112448
mem:  3116544
mem:  3115520
mem:  3142656
mem:  3138048
mem:  3129856
mem:  3111936
mem:  3162112
mem:  3108864
mem:  3122688
mem:  3176448
mem:  3116032
mem:  3146752
mem:  3161600
mem:  3179008
mem:  3100160
mem:  3160064
mem:  3144704
mem:  3163136
mem:  3153920
mem:  3168768
mem:  3128832
mem:  3201024
mem:  3179520
mem:  3200512
mem:  3203072
mem:  3145216
mem:  3206144
mem:  3155456
mem:  3172864
mem:  3168256
mem:  3195392
mem:  3125248
mem:  3217920
mem:  3174400
mem:  3179520
mem:  3212800
mem:  3149824
mem:  3145216
mem:  3204096
mem:  3196928
mem:  3155968
mem:  3192832
mem:  3210240
mem:  3180032
mem:  3230208
mem:  3212288
mem:  3216384
mem:  3205632
mem:  3242496
mem:  3237888
mem:  3181056
mem:  3172864
mem:  3219456
mem:  3234304
mem:  3218944
mem:  3208192
mem:  3252224
mem:  3217408
mem:  3248128
mem:  3253248
mem:  3247616
mem:  3223552
mem:  3205632
mem:  3220480
mem:  3224576
mem:  3239424
mem:  3221504
mem:  3181568
mem:  3214848
mem:  3196928
mem:  3237376
mem:  3200000
mem:  3227136
mem:  3248128
mem:  3266560
mem:  3270656
mem:  3211264
mem:  3209216
mem:  3243520
mem:  3283968
mem:  3243008
mem:  3238400
mem:  3292160
mem:  3286528
mem:  3258880
mem:  3247104
mem:  3238912
mem:  3244032
mem:  3255296
mem:  3276288
mem:  3307008
mem:  3302400
mem:  3310080
mem:  3295744
mem:  3268096
mem:  3285504
mem:  3303936
mem:  3301888
mem:  3270656
mem:  3311104
mem:  3322368
mem:  3321344
mem:  3322880
mem:  3297792
mem:  3316224
mem:  3300864
mem:  3331584
mem:  3319808
mem:  3309056
mem:  3326464
mem:  3312128
mem:  3329536
mem:  3321344
mem:  3322880
mem:  3331584
mem:  3345408
mem:  3321344
mem:  3342336
mem:  3343872
mem:  3318784
mem:  3323904
mem:  3335168
mem:  3330560
mem:  3341824
mem:  3339776
mem:  3351040
mem:  3333120
mem:  3361280
mem:  3352064
mem:  3360768
mem:  3339264
mem:  3340800
mem:  3332608
mem:  3363328
mem:  3364864
mem:  3356672
mem:  3361792
mem:  3363328
mem:  3368448
mem:  3382272
mem:  3374080
mem:  3379200
mem:  3361280
mem:  3382272
mem:  3380224
mem:  3391488
mem:  3373568
mem:  3326464
mem:  3366912
mem:  3362304
mem:  3383296
mem:  3387392
mem:  3357184
mem:  3381760
mem:  3373568
mem:  3390976
mem:  3385344
mem:  3378176
mem:  3401728
mem:  3403264
mem:  3402240
mem:  3380736
mem:  3362816
mem:  3403264
mem:  3387904
mem:  3416064
mem:  3420160
mem:  3405824
mem:  3410944
mem:  3408896
mem:  3420160
mem:  3405824
mem:  3403776
mem:  3424768
mem:  3400704
mem:  3411968
mem:  3426816
mem:  3437056
mem:  3406848
mem:  3410944
mem:  3441664
mem:  3434496
mem:  3412992
mem:  3427840
mem:  3431936
mem:  3421184
mem:  3435008
mem:  3430400
