SLURM_JOBID=5050394
SLURM_JOB_NODELIST=svl12
SLURM_NNODES=1
SLURMTMPDIR=
working directory = /viscam/projects/objectfolder_benchmark/benchmarks/Multi_Sensory_3D_Reconstruction/code/models/MDN
Start_idx:  983
mem:  1536
mem:  1923584
mem:  1885696
mem:  1920000
mem:  1886208
mem:  1906176
mem:  1930752
mem:  1910272
mem:  1924096
mem:  1919488
mem:  1917440
mem:  1918976
mem:  1904640
mem:  1912320
mem:  1882112
mem:  1928704
mem:  1910784
mem:  1931776
mem:  1881088
mem:  1902080
mem:  1926656
mem:  1914880
mem:  1945600
mem:  1927680
mem:  1929216
mem:  1927168
mem:  1920000
mem:  1917952
mem:  1938944
mem:  1921024
mem:  1951744
mem:  1949696
mem:  1935360
mem:  1933312
mem:  1954304
mem:  1949696
mem:  1957376
mem:  1972224
mem:  1976320
mem:  1909760
mem:  1976832
mem:  1984512
mem:  1966592
mem:  1948672
mem:  1973248
mem:  1990656
mem:  1976320
mem:  1923072
mem:  1989120
mem:  1964032
mem:  1939968
mem:  1951232
mem:  2001408
mem:  1964032
mem:  1978880
mem:  1980416
mem:  1988096
mem:  2009088
mem:  2000896
mem:  1967104
mem:  1971200
mem:  1995776
mem:  1954816
mem:  1979392
mem:  2000384
mem:  1976320
mem:  1977856
mem:  1982976
mem:  1987072
mem:  2027520
mem:  2006016
mem:  2020864
mem:  2012672
mem:  1988608
mem:  2025472
mem:  2007552
mem:  2032128
mem:  2027520
mem:  2008576
mem:  1981952
mem:  2024960
mem:  2016768
mem:  2021888
mem:  2019840
mem:  2017792
mem:  1981440
mem:  1995264
mem:  2010112
mem:  2004480
mem:  2019328
mem:  2020864
mem:  2045440
mem:  2023936
mem:  2041344
mem:  2050048
mem:  2038272
mem:  2007040
mem:  2031616
mem:  2027008
mem:  2051584
