SLURM_JOBID=5050120
SLURM_JOB_NODELIST=svl12
SLURM_NNODES=1
SLURMTMPDIR=
working directory = /viscam/projects/objectfolder_benchmark/benchmarks/Multi_Sensory_3D_Reconstruction/code/models/MDN
Start_idx:  694
mem:  1536
mem:  1904128
mem:  1873408
mem:  1904128
mem:  1866752
mem:  1893888
mem:  1907712
mem:  1903104
mem:  1904640
mem:  1919488
mem:  1894400
mem:  1899520
mem:  1875456
mem:  1925632
mem:  1900544
mem:  1931264
mem:  1924096
mem:  1906176
mem:  1935872
mem:  1908224
mem:  1938944
mem:  1944064
mem:  1939456
mem:  1921536
mem:  1906176
mem:  1950208
mem:  1935872
mem:  1939968
mem:  1935360
mem:  1943040
mem:  1942016
mem:  1963008
mem:  1948672
mem:  1966080
mem:  1942016
mem:  1952256
mem:  1945088
mem:  1946624
mem:  1977344
mem:  1942528
mem:  1944064
mem:  1978368
mem:  1954304
mem:  1961984
mem:  1953792
mem:  1957888
mem:  1966592
mem:  1958400
mem:  1956352
mem:  1977344
mem:  1976320
mem:  1977856
mem:  1975808
mem:  1961472
mem:  1965568
mem:  1941504
mem:  1985536
mem:  1987072
mem:  1965568
mem:  2002432
mem:  1988096
mem:  1970176
mem:  1987584
mem:  1982976
mem:  2000384
mem:  1995776
mem:  1987584
mem:  1943040
mem:  1993216
mem:  2001920
mem:  2029056
mem:  2011136
mem:  1961472
mem:  2008064
mem:  2002432
mem:  2020864
mem:  2009088
mem:  1987584
mem:  2025472
mem:  2000384
mem:  2024960
mem:  1971712
mem:  2018304
mem:  2023424
mem:  2009088
mem:  2007040
mem:  2008576
mem:  1987072
mem:  2014208
mem:  2032640
mem:  2043904
mem:  2055168
mem:  2050560
mem:  2032640
mem:  2033152
mem:  2016256
mem:  2062848
mem:  2021888
mem:  2011136
mem:  2048000
