SLURM_JOBID=5050384
SLURM_JOB_NODELIST=svl10
SLURM_NNODES=1
SLURMTMPDIR=
working directory = /viscam/projects/objectfolder_benchmark/benchmarks/Multi_Sensory_3D_Reconstruction/code/models/MDN
Start_idx:  975
mem:  1536
mem:  1897984
mem:  1924608
mem:  1916416
mem:  1911808
mem:  1903616
mem:  1911296
mem:  1932288
mem:  1882624
mem:  1900032
mem:  1888256
mem:  1916416
mem:  1920512
mem:  1902592
mem:  1936896
mem:  1928704
mem:  1936384
mem:  1905152
mem:  1929728
mem:  1937408
mem:  1942528
mem:  1928192
mem:  1933312
mem:  1940992
mem:  1929216
mem:  1936896
mem:  1951744
mem:  1910784
mem:  1964544
mem:  1950208
mem:  1932288
mem:  1943552
mem:  1931776
mem:  1962496
mem:  1944576
mem:  1924096
mem:  1957376
mem:  1974784
mem:  1947136
mem:  1981440
mem:  1970688
mem:  1974784
mem:  1964032
mem:  1968128
mem:  1989120
mem:  1974784
mem:  1930240
mem:  1990144
mem:  1979392
mem:  1994240
mem:  1959424
mem:  1999872
mem:  1981952
mem:  1983488
mem:  1965568
mem:  1993728
mem:  1984512
mem:  1979904
mem:  2010624
mem:  1976832
mem:  2013696
mem:  1966592
mem:  2016768
mem:  2002432
mem:  1987072
mem:  2021376
mem:  1981440
mem:  1981952
mem:  2013696
mem:  2001920
mem:  1980416
mem:  2011136
mem:  2000384
mem:  2014208
mem:  2035200
mem:  2004992
mem:  1995776
mem:  1998336
mem:  2041344
mem:  2011136
mem:  1995776
mem:  2022912
mem:  2044928
mem:  2025984
mem:  2018816
mem:  2052096
mem:  2031616
mem:  2041856
mem:  2005504
mem:  2042368
mem:  2053632
mem:  2035712
mem:  2033664
mem:  2048512
mem:  2017280
mem:  2045440
mem:  2055680
mem:  2044928
mem:  2017280
mem:  2054144
