SLURM_JOBID=5049885
SLURM_JOB_NODELIST=svl18
SLURM_NNODES=1
SLURMTMPDIR=
working directory = /viscam/projects/objectfolder_benchmark/benchmarks/Multi_Sensory_3D_Reconstruction/code/models/MDN
Start_idx:  462
mem:  1536
mem:  1917440
mem:  1911296
mem:  1896960
mem:  1885184
mem:  1919488
mem:  1897984
mem:  1929728
mem:  1933824
mem:  1919488
mem:  1901568
mem:  1922560
mem:  1924096
mem:  1918464
mem:  1927168
mem:  1940992
mem:  1913344
mem:  1928192
mem:  1917440
mem:  1918976
mem:  1926656
mem:  1953792
mem:  1926144
mem:  1921536
mem:  1946112
mem:  1934336
mem:  1948160
mem:  1953280
mem:  1958400
mem:  1959936
mem:  1912832
mem:  1959424
mem:  1931776
mem:  1968640
mem:  1961472
mem:  1936384
mem:  1914880
mem:  1952768
mem:  1957888
mem:  1975296
mem:  1947648
mem:  1943040
mem:  1956864
mem:  1906176
mem:  1966080
mem:  1980928
mem:  1969152
mem:  1958400
mem:  1973248
mem:  1993216
mem:  1976320
mem:  1974272
mem:  1975808
mem:  1938432
mem:  1975296
mem:  1970688
mem:  1978368
mem:  1989632
mem:  1978880
mem:  1992704
mem:  1994240
mem:  1976320
mem:  1948672
mem:  2018304
mem:  1978368
mem:  2001920
mem:  1997312
mem:  1992704
mem:  2019840
mem:  1985024
mem:  2003456
mem:  2011136
mem:  1999360
mem:  2010624
mem:  2006016
mem:  1972224
mem:  2022400
mem:  2023936
mem:  2029056
mem:  2020864
mem:  2021376
mem:  2010624
mem:  1982976
mem:  2035712
mem:  2021376
mem:  2013184
mem:  2024448
mem:  2029568
mem:  2050560
mem:  2025472
mem:  2050048
mem:  2061312
mem:  2023936
mem:  2058240
mem:  2050048
mem:  2032128
mem:  2046976
mem:  2058240
mem:  2072064
mem:  2057728
