SLURM_JOBID=5049991
SLURM_JOB_NODELIST=svl9
SLURM_NNODES=1
SLURMTMPDIR=
working directory = /viscam/projects/objectfolder_benchmark/benchmarks/Multi_Sensory_3D_Reconstruction/code/models/MDN
Start_idx:  573
mem:  1536
mem:  1849344
mem:  1899008
mem:  1884672
mem:  1888768
mem:  1893888
mem:  1905152
mem:  1880064
mem:  1882624
mem:  1915904
mem:  1884672
mem:  1880064
mem:  1926656
mem:  1883136
mem:  1936896
mem:  1921536
mem:  1916928
mem:  1914880
mem:  1897984
mem:  1909248
mem:  1913344
mem:  1911296
mem:  1916416
mem:  1921536
mem:  1923072
mem:  1911296
mem:  1918976
mem:  1950720
mem:  1919488
mem:  1901568
mem:  1942016
mem:  1907200
mem:  1919488
mem:  1904128
mem:  1932288
mem:  1949696
mem:  1960960
mem:  1923584
mem:  1931264
mem:  1932800
mem:  1963520
mem:  1955328
mem:  1937408
mem:  1955840
mem:  1963520
mem:  1948160
mem:  1978880
mem:  1938944
mem:  1956352
mem:  1967616
mem:  1947136
mem:  1974272
mem:  1940480
mem:  1944576
mem:  1985024
mem:  1976832
mem:  1962496
mem:  1973760
mem:  1955840
mem:  1976832
mem:  1968640
mem:  1979904
mem:  1991168
mem:  1975808
mem:  1980928
mem:  1982464
mem:  1981440
mem:  1969664
mem:  1961472
mem:  1998336
mem:  1976832
mem:  1995264
mem:  2025984
mem:  1991168
mem:  2009600
mem:  2017280
mem:  1976320
mem:  2014208
mem:  1980416
mem:  2017280
mem:  1995776
mem:  2016768
mem:  1995264
mem:  2033152
mem:  2001920
mem:  1993728
mem:  1992704
mem:  1977344
mem:  2017792
mem:  2003456
mem:  1991680
mem:  2048000
mem:  2021376
mem:  2025472
mem:  2004992
mem:  2024960
mem:  2000896
mem:  2021888
mem:  2017280
mem:  2024960
