SLURM_JOBID=5050132
SLURM_JOB_NODELIST=svl18
SLURM_NNODES=1
SLURMTMPDIR=
working directory = /viscam/projects/objectfolder_benchmark/benchmarks/Multi_Sensory_3D_Reconstruction/code/models/MDN
Start_idx:  743
mem:  1536
mem:  1923584
mem:  1891840
mem:  1913856
mem:  1911808
mem:  1900032
mem:  1924608
mem:  1912832
mem:  1911808
mem:  1932800
mem:  1934336
mem:  1935872
mem:  1904640
mem:  1925632
mem:  1907712
mem:  1925120
mem:  1933824
mem:  1941504
mem:  1949184
mem:  1944576
mem:  1948672
mem:  1921024
mem:  1943040
mem:  1937408
mem:  1958400
mem:  1927168
mem:  1942016
mem:  1963008
mem:  1941504
mem:  1956352
mem:  1948160
mem:  1963008
mem:  1958400
mem:  1959936
mem:  1967616
mem:  1955840
mem:  1967104
mem:  1966080
mem:  1977344
mem:  1961984
mem:  1969664
mem:  1978368
mem:  1950720
mem:  1984000
mem:  1986560
mem:  1974784
mem:  1978880
mem:  1977856
mem:  1991680
mem:  1964032
mem:  1963008
mem:  1980416
mem:  1981952
mem:  1996800
mem:  1994752
mem:  1990144
mem:  1962496
mem:  2009088
mem:  1991168
mem:  2006016
mem:  2001408
mem:  2001920
mem:  2007040
mem:  1996288
mem:  2006528
mem:  2008064
mem:  2007040
mem:  2020864
mem:  2013696
mem:  2014208
mem:  2003456
mem:  2024448
mem:  2022400
mem:  2017792
mem:  2035200
mem:  2036736
mem:  2035712
mem:  2033664
mem:  2021888
mem:  1994240
mem:  2034688
mem:  2045952
mem:  2031616
mem:  2033152
mem:  2044416
mem:  2036224
mem:  2051072
mem:  2049024
mem:  2034688
mem:  2042368
mem:  2053632
mem:  2041856
mem:  2050560
mem:  2064384
mem:  2059776
mem:  2055168
mem:  2065408
mem:  2051072
mem:  2027008
mem:  2070016
