SLURM_JOBID=5049901
SLURM_JOB_NODELIST=svl7
SLURM_NNODES=1
SLURMTMPDIR=
working directory = /viscam/projects/objectfolder_benchmark/benchmarks/Multi_Sensory_3D_Reconstruction/code/models/MDN
Start_idx:  473
mem:  1536
mem:  1921024
mem:  1860096
mem:  1900544
mem:  1898496
mem:  1893888
mem:  1914880
mem:  1890816
mem:  1888768
mem:  1923072
mem:  1907712
mem:  1880064
mem:  1939968
mem:  1912320
mem:  1904128
mem:  1944576
mem:  1946112
mem:  1905152
mem:  1894400
mem:  1931264
mem:  1884160
mem:  1908736
mem:  1916416
mem:  1924096
mem:  1890304
mem:  1957376
mem:  1926144
mem:  1939968
mem:  1935360
mem:  1936896
mem:  1967616
mem:  1949696
mem:  1941504
mem:  1929728
mem:  1950720
mem:  1963008
mem:  1976832
mem:  1936896
mem:  1950720
mem:  1978880
mem:  1969664
mem:  1906688
mem:  1966592
mem:  1985024
mem:  1953792
mem:  1932288
mem:  1953280
mem:  1951232
mem:  1966080
mem:  1993216
mem:  1998336
mem:  1964544
mem:  1981952
mem:  1961472
mem:  1942528
mem:  1947648
mem:  1958912
mem:  1960448
mem:  1949696
mem:  1999872
mem:  1978368
mem:  1979904
mem:  2004480
mem:  1947648
mem:  2013696
mem:  2018816
mem:  1993728
mem:  2008576
mem:  2022400
mem:  2008064
mem:  2029056
mem:  1981952
mem:  2018816
mem:  2033664
mem:  2003456
mem:  1981952
mem:  2002944
mem:  2033664
mem:  1992704
mem:  2042880
mem:  2044416
mem:  2020352
mem:  1998848
mem:  2046464
mem:  2048000
mem:  2042368
mem:  2004992
mem:  2055168
mem:  2008064
mem:  2048512
mem:  2056192
mem:  2006528
mem:  2046976
mem:  2035200
mem:  2004992
mem:  2067456
mem:  2037248
mem:  2041344
mem:  2052608
mem:  2009088
