SLURM_JOBID=5050350
SLURM_JOB_NODELIST=svl2
SLURM_NNODES=1
SLURMTMPDIR=
working directory = /viscam/projects/objectfolder_benchmark/benchmarks/Multi_Sensory_3D_Reconstruction/code/models/MDN
Start_idx:  952
mem:  1536
mem:  1861632
mem:  1869824
mem:  1896960
mem:  1895936
mem:  1893888
mem:  1921024
mem:  1893376
mem:  1869312
mem:  1932800
mem:  1917440
mem:  1887232
mem:  1881600
mem:  1883136
mem:  1940480
mem:  1889792
mem:  1887744
mem:  1883136
mem:  1920000
mem:  1925120
mem:  1923072
mem:  1924608
mem:  1910272
mem:  1898496
mem:  1923072
mem:  1889280
mem:  1922560
mem:  1894912
mem:  1925632
mem:  1905152
mem:  1903104
mem:  1924096
mem:  1925632
mem:  1968640
mem:  1918976
mem:  1949696
mem:  1928192
mem:  1933312
mem:  1931264
mem:  1920512
mem:  1908736
mem:  1903104
mem:  1956864
mem:  1916928
mem:  1921024
mem:  1932288
mem:  1960448
mem:  1951232
mem:  1944064
mem:  1957888
mem:  1927680
mem:  1974272
mem:  1946624
mem:  1979904
mem:  1955840
mem:  1944064
mem:  1968640
mem:  1948160
mem:  1975296
mem:  1990144
mem:  1984512
mem:  1931264
mem:  1961984
mem:  1969664
mem:  1980928
mem:  1979904
mem:  1997312
mem:  2018304
mem:  1944576
mem:  1992192
mem:  1957376
mem:  1981952
mem:  1971200
mem:  1998336
mem:  2012160
mem:  1978368
mem:  1957888
mem:  1985024
mem:  2002432
mem:  2007552
mem:  1964032
mem:  1997312
mem:  2012160
mem:  2000384
mem:  1989632
mem:  2013184
mem:  2011136
mem:  2025984
mem:  2008064
mem:  2019328
mem:  2053632
mem:  2061312
mem:  1998336
mem:  2009600
mem:  2034176
mem:  2005504
mem:  2039808
mem:  2021888
mem:  2020864
mem:  2018816
