SLURM_JOBID=5050244
SLURM_JOB_NODELIST=svl10
SLURM_NNODES=1
SLURMTMPDIR=
working directory = /viscam/projects/objectfolder_benchmark/benchmarks/Multi_Sensory_3D_Reconstruction/code/models/MDN
Start_idx:  857
mem:  1536
mem:  1894400
mem:  1924608
mem:  1871360
mem:  1908224
mem:  1913344
mem:  1889280
mem:  1880064
mem:  1888768
mem:  1890304
mem:  1911296
mem:  1905664
mem:  1901056
mem:  1886720
mem:  1923584
mem:  1932288
mem:  1891328
mem:  1912320
mem:  1926144
mem:  1931264
mem:  1890304
mem:  1940480
mem:  1910272
mem:  1915392
mem:  1915904
mem:  1905152
mem:  1918976
mem:  1956864
mem:  1931776
mem:  1943040
mem:  1909248
mem:  1959424
mem:  1935360
mem:  1927168
mem:  1934848
mem:  1933824
mem:  1941504
mem:  1949184
mem:  1950720
mem:  1932800
mem:  1947648
mem:  1939456
mem:  1976320
mem:  1958400
mem:  1969664
mem:  1948160
mem:  1939968
mem:  1993728
mem:  1959936
mem:  1965056
mem:  1933824
mem:  1999872
mem:  1936896
mem:  1989632
mem:  1975296
mem:  1999872
mem:  1978368
mem:  1970176
mem:  1985024
mem:  1947648
mem:  1997824
mem:  2001920
mem:  1991168
mem:  1989120
mem:  1971200
mem:  1969152
mem:  1970688
mem:  1959936
mem:  2000384
mem:  1998336
mem:  2013184
mem:  1981952
mem:  2002944
mem:  1992192
mem:  2012160
mem:  2014720
mem:  2012672
mem:  2010624
mem:  1996288
mem:  1997824
mem:  2011648
mem:  2045952
mem:  2041344
mem:  1980928
mem:  2028544
mem:  2029056
mem:  2012160
mem:  1987072
mem:  2017792
mem:  2032640
mem:  2034176
mem:  2006528
mem:  2008064
mem:  2035200
mem:  2020864
mem:  2022400
mem:  2016768
mem:  2031616
mem:  2050048
mem:  2009088
