SLURM_JOBID=5050250
SLURM_JOB_NODELIST=svl10
SLURM_NNODES=1
SLURMTMPDIR=
working directory = /viscam/projects/objectfolder_benchmark/benchmarks/Multi_Sensory_3D_Reconstruction/code/models/MDN
Start_idx:  863
mem:  1536
mem:  1868800
mem:  1924608
mem:  1881088
mem:  1894912
mem:  1915904
mem:  1924608
mem:  1922560
mem:  1924096
mem:  1886720
mem:  1921024
mem:  1906688
mem:  1901056
mem:  1918464
mem:  1929728
mem:  1918976
mem:  1907200
mem:  1928192
mem:  1933312
mem:  1911808
mem:  1923072
mem:  1937920
mem:  1939456
mem:  1914368
mem:  1919488
mem:  1930752
mem:  1957888
mem:  1953280
mem:  1961984
mem:  1956352
mem:  1954304
mem:  1969152
mem:  1957376
mem:  1946624
mem:  1934848
mem:  1969152
mem:  1931776
mem:  1962496
mem:  1944576
mem:  1971712
mem:  1967104
mem:  1945600
mem:  1937408
mem:  1987584
mem:  1969664
mem:  1971200
mem:  1979904
mem:  1974272
mem:  1946624
mem:  1967616
mem:  1972736
mem:  1986560
mem:  1981952
mem:  1993216
mem:  1969152
mem:  1980416
mem:  2001408
mem:  1989632
mem:  1991168
mem:  1996288
mem:  1984512
mem:  1982464
mem:  1997312
mem:  1973248
mem:  2013696
mem:  1986048
mem:  2020352
mem:  2008576
mem:  2019840
mem:  2021376
mem:  2019328
mem:  2014720
mem:  2002944
mem:  2000896
mem:  2029056
mem:  2017280
mem:  1993216
mem:  2027520
mem:  2015744
mem:  2027008
mem:  2024960
mem:  2036224
mem:  2031616
mem:  2033152
mem:  2028544
mem:  2032640
mem:  2043904
mem:  2052608
mem:  2024960
mem:  2048512
mem:  2059776
mem:  2038272
mem:  2050560
mem:  2029056
mem:  2053632
mem:  2061312
mem:  2068992
mem:  2037760
mem:  2065920
mem:  2073600
