SLURM_JOBID=5049681
SLURM_JOB_NODELIST=svl2
SLURM_NNODES=1
SLURMTMPDIR=
working directory = /viscam/projects/objectfolder_benchmark/benchmarks/Multi_Sensory_3D_Reconstruction/code/models/MDN
Start_idx:  196
mem:  1536
mem:  1904128
mem:  1899008
mem:  1900544
mem:  1875456
mem:  1900032
mem:  1911296
mem:  1916416
mem:  1898496
mem:  1935360
mem:  1921024
mem:  1932288
mem:  1917952
mem:  1915904
mem:  1943040
mem:  1934848
mem:  1910784
mem:  1931776
mem:  1867776
mem:  1950720
mem:  1952256
mem:  1885696
mem:  1916416
mem:  1925120
mem:  1952256
mem:  1957376
mem:  1932288
mem:  1933824
mem:  1931776
mem:  1966080
mem:  1918976
mem:  1943552
mem:  1937920
mem:  1949184
mem:  1973760
mem:  1955840
mem:  1964544
mem:  1974784
mem:  1964032
mem:  1942528
mem:  1959936
mem:  1929728
mem:  1966592
mem:  1952256
mem:  1969664
mem:  1974784
mem:  1972736
mem:  1993728
mem:  1966080
mem:  1996800
mem:  1992192
mem:  1960960
mem:  1981952
mem:  1973760
mem:  1955840
mem:  1947648
mem:  1978368
mem:  1989632
mem:  1997312
mem:  1992704
mem:  1991680
mem:  1995776
mem:  2000896
mem:  1967104
mem:  2019840
mem:  1976320
mem:  2003456
mem:  2008576
mem:  2002944
mem:  2027520
mem:  2003456
mem:  1998848
mem:  2012672
mem:  1994752
mem:  2019328
mem:  2017280
mem:  2016256
mem:  2020352
mem:  2012160
mem:  2013696
mem:  2044416
mem:  2033664
mem:  2028032
mem:  2039296
mem:  2021376
mem:  2052096
mem:  2031616
mem:  2035712
mem:  2034688
mem:  2032640
mem:  2059776
mem:  2012672
mem:  2046976
mem:  2035200
mem:  2042880
mem:  2041856
mem:  2068992
mem:  2031616
mem:  2040320
mem:  2041856
