SLURM_JOBID=5049982
SLURM_JOB_NODELIST=svl5
SLURM_NNODES=1
SLURMTMPDIR=
working directory = /viscam/projects/objectfolder_benchmark/benchmarks/Multi_Sensory_3D_Reconstruction/code/models/MDN
Start_idx:  565
mem:  1536
mem:  1910272
mem:  1918464
mem:  1920000
mem:  1921536
mem:  1913344
mem:  1924608
mem:  1929728
mem:  1904640
mem:  1929216
mem:  1921024
mem:  1932288
mem:  1937408
mem:  1922048
mem:  1929728
mem:  1922560
mem:  1942528
mem:  1918464
mem:  1949184
mem:  1934848
mem:  1946112
mem:  1947648
mem:  1933312
mem:  1954304
mem:  1903616
mem:  1957376
mem:  1938432
mem:  1953280
mem:  1941504
mem:  1936896
mem:  1934848
mem:  1946112
mem:  1967104
mem:  1952768
mem:  1967616
mem:  1965568
mem:  1957376
mem:  1962496
mem:  1954304
mem:  1955840
mem:  1980416
mem:  1980928
mem:  1973760
mem:  1984000
mem:  1963520
mem:  1965056
mem:  1972736
mem:  1974272
mem:  1979392
mem:  1977344
mem:  1992192
mem:  1980416
mem:  1988096
mem:  1990656
mem:  1978880
mem:  1993728
mem:  1997824
mem:  1973760
mem:  2007040
mem:  1986560
mem:  2000384
mem:  1999360
mem:  1987584
mem:  1996288
mem:  2019840
mem:  2001920
mem:  2003456
mem:  2024448
mem:  2010112
mem:  2011648
mem:  2026496
mem:  2020864
mem:  2019840
mem:  2014208
mem:  2013184
mem:  2027008
mem:  2022400
mem:  2037248
mem:  2028032
mem:  2020864
mem:  2024960
mem:  2007040
mem:  2047488
mem:  2049024
mem:  2027520
mem:  2045952
mem:  2028032
mem:  2039296
mem:  2044416
mem:  2048512
mem:  2030592
mem:  2058752
mem:  2062848
mem:  2054656
mem:  2056192
mem:  2067456
mem:  2062848
mem:  2044928
mem:  2052608
mem:  2048000
