SLURM_JOBID=5049464
SLURM_JOB_NODELIST=svl17
SLURM_NNODES=1
SLURMTMPDIR=
working directory = /viscam/projects/objectfolder_benchmark/benchmarks/Multi_Sensory_3D_Reconstruction/code/models/MDN
Start_idx:  48
mem:  1536
mem:  1923584
mem:  1885696
mem:  1922560
mem:  1902080
mem:  1923072
mem:  1927168
mem:  1929728
mem:  1904640
mem:  1906176
mem:  1933312
mem:  1932288
mem:  1927680
mem:  1935360
mem:  1894400
mem:  1918976
mem:  1936384
mem:  1935360
mem:  1939456
mem:  1950720
mem:  1952256
mem:  1944064
mem:  1935872
mem:  1956864
mem:  1932800
mem:  1940480
mem:  1955328
mem:  1943552
mem:  1925632
mem:  1950208
mem:  1955328
mem:  1953280
mem:  1967104
mem:  1933312
mem:  1944576
mem:  1953280
mem:  1976832
mem:  1974784
mem:  1964032
mem:  1978880
mem:  1979392
mem:  1980928
mem:  1966592
mem:  1958400
mem:  1989120
mem:  1990656
mem:  1989632
mem:  1991168
mem:  1989120
mem:  1980928
mem:  1998336
mem:  1997312
mem:  1998848
mem:  1999360
mem:  1998336
mem:  1986560
mem:  1994240
mem:  1993216
mem:  2000896
mem:  1980416
mem:  2000384
mem:  2015232
mem:  1987584
mem:  1998848
mem:  2010112
mem:  2001920
mem:  2003456
mem:  1989120
mem:  2010112
mem:  2023936
mem:  2029056
mem:  2020864
mem:  2010112
mem:  2000896
mem:  2035200
mem:  2011136
mem:  2015232
mem:  2030080
mem:  2035200
mem:  2042880
mem:  2038272
mem:  2033664
mem:  2041344
mem:  2042880
mem:  2034688
mem:  2052096
mem:  2053632
mem:  2051584
mem:  2053120
mem:  2042368
mem:  2046464
mem:  2057728
mem:  2062848
mem:  2051072
mem:  2024448
mem:  2054144
mem:  2059264
mem:  2067968
mem:  2056192
mem:  2063872
