SLURM_JOBID=5049754
SLURM_JOB_NODELIST=svl7
SLURM_NNODES=1
SLURMTMPDIR=
working directory = /viscam/projects/objectfolder_benchmark/benchmarks/Multi_Sensory_3D_Reconstruction/code/models/MDN
Start_idx:  287
mem:  1536
mem:  1917440
mem:  1895424
mem:  1926144
mem:  1921536
mem:  1913344
mem:  1927168
mem:  1932288
mem:  1924096
mem:  1922048
mem:  1913856
mem:  1932288
mem:  1920512
mem:  1938944
mem:  1929728
mem:  1942016
mem:  1939968
mem:  1922048
mem:  1933312
mem:  1940992
mem:  1942528
mem:  1951232
mem:  1935872
mem:  1947136
mem:  1923072
mem:  1944064
mem:  1939456
mem:  1953280
mem:  1932800
mem:  1934336
mem:  1967616
mem:  1920512
mem:  1968128
mem:  1929728
mem:  1960448
mem:  1969152
mem:  1944064
mem:  1972224
mem:  1977344
mem:  1981440
mem:  1963520
mem:  1981952
mem:  1934848
mem:  1981440
mem:  1989120
mem:  1987072
mem:  1988608
mem:  1968128
mem:  1985536
mem:  1990656
mem:  1995776
mem:  1996288
mem:  1969664
mem:  1999360
mem:  1994752
mem:  1990144
mem:  1997824
mem:  2009088
mem:  2000896
mem:  1996288
mem:  1997824
mem:  1989632
mem:  2007040
mem:  2012160
mem:  2013696
mem:  2011648
mem:  2013184
mem:  2018304
mem:  2000384
mem:  2005504
mem:  2013184
mem:  2027008
mem:  2016256
mem:  2004480
mem:  2025472
mem:  2014720
mem:  2028544
mem:  2020352
mem:  2038784
mem:  2027008
mem:  2022400
mem:  2023936
mem:  2028032
mem:  2029568
mem:  2031104
mem:  2049536
mem:  2018304
mem:  2049024
mem:  2050560
mem:  2048512
mem:  2043904
mem:  2041856
mem:  2031104
mem:  2058240
mem:  2033152
mem:  2057728
mem:  2062848
mem:  2064384
mem:  2049024
mem:  2048000
