SLURM_JOBID=5050076
SLURM_JOB_NODELIST=svl7
SLURM_NNODES=1
SLURMTMPDIR=
working directory = /viscam/projects/objectfolder_benchmark/benchmarks/Multi_Sensory_3D_Reconstruction/code/models/MDN
Start_idx:  669
mem:  1536
mem:  1888256
mem:  1856512
mem:  1877504
mem:  1875456
mem:  1919488
mem:  1899008
mem:  1858048
mem:  1885184
mem:  1893888
mem:  1878528
mem:  1934848
mem:  1910784
mem:  1931776
mem:  1894400
mem:  1886208
mem:  1881600
mem:  1885696
mem:  1894400
mem:  1927680
mem:  1948672
mem:  1889280
mem:  1896960
mem:  1905664
mem:  1906176
mem:  1934336
mem:  1916416
mem:  1902080
mem:  1945088
mem:  1917440
mem:  1925120
mem:  1904640
mem:  1912320
mem:  1913856
mem:  1961472
mem:  1946112
mem:  1915904
mem:  1926144
mem:  1911808
mem:  1930240
mem:  1918464
mem:  1933312
mem:  1963008
mem:  1906176
mem:  1989120
mem:  1955328
mem:  1924096
mem:  1990144
mem:  1927168
mem:  1996800
mem:  1920512
mem:  1909760
mem:  1956352
mem:  1989632
mem:  1942528
mem:  1970688
mem:  1952768
mem:  1927680
mem:  1997312
mem:  1944064
mem:  1968640
mem:  1966592
mem:  1946112
mem:  1976832
mem:  1994240
mem:  1956864
mem:  1948672
mem:  2024448
mem:  1957888
mem:  1988608
mem:  2015744
mem:  2017280
mem:  2010112
mem:  1975296
mem:  2035200
mem:  2020864
mem:  2032128
mem:  2033664
mem:  2038784
mem:  1990656
mem:  1953280
mem:  1987584
mem:  2035200
mem:  1990656
mem:  2048000
mem:  2029056
mem:  2008576
mem:  1983488
mem:  2017792
mem:  1999872
mem:  2014720
mem:  2025984
mem:  2062848
mem:  2061824
mem:  2017280
mem:  2061312
mem:  2000896
mem:  2054656
mem:  2036736
mem:  2009088
