SLURM_JOBID=5049904
SLURM_JOB_NODELIST=svl9
SLURM_NNODES=1
SLURMTMPDIR=
working directory = /viscam/projects/objectfolder_benchmark/benchmarks/Multi_Sensory_3D_Reconstruction/code/models/MDN
Start_idx:  476
mem:  1536
mem:  1897984
mem:  1912320
mem:  1890816
mem:  1917952
mem:  1874432
mem:  1891840
mem:  1867776
mem:  1904640
mem:  1880576
mem:  1917440
mem:  1876480
mem:  1937408
mem:  1883136
mem:  1872384
mem:  1905664
mem:  1903616
mem:  1937920
mem:  1929728
mem:  1948160
mem:  1916928
mem:  1892864
mem:  1929728
mem:  1925120
mem:  1903616
mem:  1930752
mem:  1877504
mem:  1943552
mem:  1922048
mem:  1921024
mem:  1928704
mem:  1904640
mem:  1947648
mem:  1952768
mem:  1928704
mem:  1963008
mem:  1970688
mem:  1946624
mem:  1934848
mem:  1942528
mem:  1947648
mem:  1943040
mem:  1943552
mem:  1954816
mem:  1950208
mem:  1951744
mem:  1933824
mem:  1948672
mem:  1923584
mem:  1948160
mem:  1933824
mem:  1947648
mem:  1981952
mem:  1970176
mem:  1953280
mem:  1957376
mem:  1966080
mem:  1995776
mem:  1952256
mem:  1976832
mem:  2001408
mem:  1934848
mem:  1997312
mem:  2012160
mem:  1994240
mem:  1982464
mem:  1960960
mem:  1989120
mem:  1965056
mem:  2011648
mem:  2015744
mem:  1975808
mem:  2009088
mem:  2017792
mem:  1999872
mem:  2007552
mem:  2025984
mem:  2017792
mem:  1996288
mem:  2013696
mem:  1999360
mem:  2010624
mem:  1985536
mem:  1978368
mem:  1992192
mem:  2052096
mem:  2018304
mem:  2033152
mem:  2033664
mem:  2009600
mem:  2008576
mem:  2045440
mem:  2004480
mem:  2044928
mem:  2053632
mem:  1995776
mem:  2053120
mem:  2037760
mem:  2050048
mem:  2040832
