SLURM_JOBID=5049777
SLURM_JOB_NODELIST=svl1
SLURM_NNODES=1
SLURMTMPDIR=
working directory = /viscam/projects/objectfolder_benchmark/benchmarks/Multi_Sensory_3D_Reconstruction/code/models/MDN
Start_idx:  346
mem:  1536
mem:  1897984
mem:  1911296
mem:  1906688
mem:  1911808
mem:  1919488
mem:  1918464
mem:  1881088
mem:  1917952
mem:  1883136
mem:  1872384
mem:  1932288
mem:  1916928
mem:  1929216
mem:  1913856
mem:  1872896
mem:  1910784
mem:  1928192
mem:  1910272
mem:  1892352
mem:  1923072
mem:  1934336
mem:  1939456
mem:  1950720
mem:  1948672
mem:  1944064
mem:  1945600
mem:  1924096
mem:  1960960
mem:  1959936
mem:  1951744
mem:  1959424
mem:  1954816
mem:  1958912
mem:  1934848
mem:  1961984
mem:  1964544
mem:  1955328
mem:  1950720
mem:  1975296
mem:  1973248
mem:  1962496
mem:  1960448
mem:  1961984
mem:  1973248
mem:  1955328
mem:  1960448
mem:  1970688
mem:  1956352
mem:  1984512
mem:  1982464
mem:  1947648
mem:  1981952
mem:  1961472
mem:  1982464
mem:  1990144
mem:  1978368
mem:  1993216
mem:  2004480
mem:  2006016
mem:  1997824
mem:  1993216
mem:  1977856
mem:  1992704
mem:  1997824
mem:  1960448
mem:  1999872
mem:  2024448
mem:  2003968
mem:  2017792
mem:  1974272
mem:  2024448
mem:  2025984
mem:  1963008
mem:  2031616
mem:  2027008
mem:  2028544
mem:  2000896
mem:  2009600
mem:  2019840
mem:  2024960
mem:  2030080
mem:  2031616
mem:  2027008
mem:  2034688
mem:  2038784
mem:  2028032
mem:  2039296
mem:  2046976
mem:  2052096
mem:  2047488
mem:  2058752
mem:  2040832
mem:  2064384
mem:  2020864
mem:  2048000
mem:  2039808
mem:  2051072
mem:  2011136
mem:  2041856
