SLURM_JOBID=5050251
SLURM_JOB_NODELIST=svl2
SLURM_NNODES=1
SLURMTMPDIR=
working directory = /viscam/projects/objectfolder_benchmark/benchmarks/Multi_Sensory_3D_Reconstruction/code/models/MDN
Start_idx:  864
mem:  1536
mem:  1917440
mem:  1918464
mem:  1900544
mem:  1914368
mem:  1909760
mem:  1914880
mem:  1922560
mem:  1910784
mem:  1935360
mem:  1924608
mem:  1887232
mem:  1930240
mem:  1938944
mem:  1921024
mem:  1932288
mem:  1939968
mem:  1908736
mem:  1929728
mem:  1927680
mem:  1946112
mem:  1951232
mem:  1951744
mem:  1937408
mem:  1915904
mem:  1944064
mem:  1948160
mem:  1950720
mem:  1952256
mem:  1966080
mem:  1957888
mem:  1949696
mem:  1964544
mem:  1943040
mem:  1967616
mem:  1969152
mem:  1947648
mem:  1933312
mem:  1954304
mem:  1975296
mem:  1982976
mem:  1980928
mem:  1986048
mem:  1981440
mem:  1979392
mem:  1990656
mem:  1982464
mem:  1958400
mem:  1989120
mem:  1961472
mem:  1972736
mem:  1984000
mem:  1998848
mem:  1980928
mem:  1965568
mem:  2006016
mem:  1988096
mem:  1983488
mem:  1977856
mem:  2006016
mem:  2007552
mem:  2001920
mem:  2007040
mem:  1998848
mem:  1990656
mem:  1999360
mem:  2022912
mem:  2018304
mem:  2006528
mem:  2001920
mem:  1993728
mem:  2028032
mem:  2012672
mem:  2023936
mem:  1999872
mem:  2011136
mem:  2012672
mem:  2023936
mem:  2009600
mem:  2023424
mem:  2001920
mem:  2026496
mem:  2043904
mem:  2039296
mem:  2024960
mem:  2010624
mem:  2043904
mem:  2049024
mem:  2033664
mem:  2042368
mem:  2034176
mem:  2055168
mem:  2040832
mem:  2064384
mem:  2052608
mem:  2055168
mem:  2053120
mem:  2057216
mem:  2046464
mem:  2051584
