SLURM_JOBID=5049945
SLURM_JOB_NODELIST=svl15
SLURM_NNODES=1
SLURMTMPDIR=
working directory = /viscam/projects/objectfolder_benchmark/benchmarks/Multi_Sensory_3D_Reconstruction/code/models/MDN
Start_idx:  500
mem:  1536
mem:  1894400
mem:  1892864
mem:  1894400
mem:  1892352
mem:  1903616
mem:  1899008
mem:  1910272
mem:  1911808
mem:  1909760
mem:  1905152
mem:  1909248
mem:  1920512
mem:  1912320
mem:  1921024
mem:  1925120
mem:  1923072
mem:  1906176
mem:  1923584
mem:  1928704
mem:  1926656
mem:  1928192
mem:  1942016
mem:  1902080
mem:  1929216
mem:  1907712
mem:  1938432
mem:  1943552
mem:  1935360
mem:  1956352
mem:  1951744
mem:  1946112
mem:  1954816
mem:  1946624
mem:  1938432
mem:  1949696
mem:  1931776
mem:  1943040
mem:  1921536
mem:  1959424
mem:  1922048
mem:  1945600
mem:  1937408
mem:  1968128
mem:  1969664
mem:  1961472
mem:  1963008
mem:  1964544
mem:  1975808
mem:  1965056
mem:  1976320
mem:  1974272
mem:  1975808
mem:  1967616
mem:  1959424
mem:  1982976
mem:  1988096
mem:  1979904
mem:  1991168
mem:  1982976
mem:  1997824
mem:  1986048
mem:  1984000
mem:  1996288
mem:  2000384
mem:  1995776
mem:  1958400
mem:  1998848
mem:  1987072
mem:  2001920
mem:  1999872
mem:  1966080
mem:  2012672
mem:  2010624
mem:  1957376
mem:  2011136
mem:  2002944
mem:  2004480
mem:  2012160
mem:  2017280
mem:  2018816
mem:  2023936
mem:  2025472
mem:  2029568
mem:  2031104
mem:  2013184
mem:  2037760
mem:  2025984
mem:  2017792
mem:  2022912
mem:  2059776
mem:  2038272
mem:  2017792
mem:  2029056
mem:  2033152
mem:  2045440
mem:  2049536
mem:  2044928
mem:  2042880
mem:  2060288
