SLURM_JOBID=5049511
SLURM_JOB_NODELIST=svl2
SLURM_NNODES=1
SLURMTMPDIR=
working directory = /viscam/projects/objectfolder_benchmark/benchmarks/Multi_Sensory_3D_Reconstruction/code/models/MDN
Start_idx:  57
mem:  1536
mem:  1882112
mem:  1892864
mem:  1896960
mem:  1888768
mem:  1906176
mem:  1868800
mem:  1887232
mem:  1891328
mem:  1847808
mem:  1927168
mem:  1909248
mem:  1908224
mem:  1902592
mem:  1888256
mem:  1892352
mem:  1916928
mem:  1902592
mem:  1855488
mem:  1915392
mem:  1916928
mem:  1953792
mem:  1916416
mem:  1911808
mem:  1932800
mem:  1953792
mem:  1912832
mem:  1937408
mem:  1948672
mem:  1927168
mem:  1918976
mem:  1939968
mem:  1935360
mem:  1933312
mem:  1915392
mem:  1942528
mem:  1970688
mem:  1920000
mem:  1957888
mem:  1939968
mem:  1934336
mem:  1958912
mem:  1927680
mem:  1961984
mem:  1953792
mem:  1968640
mem:  1959424
mem:  1951232
mem:  1956352
mem:  1957888
mem:  1978880
mem:  1964544
mem:  1929728
mem:  1989632
mem:  1959424
mem:  1992704
mem:  1988096
mem:  1973760
mem:  1978880
mem:  1963520
mem:  1935872
mem:  1960448
mem:  1984000
mem:  1982976
mem:  1974784
mem:  1966592
mem:  1993728
mem:  1979392
mem:  1967616
mem:  1992192
mem:  1993728
mem:  1972224
mem:  2010112
mem:  1992192
mem:  2009600
mem:  1988096
mem:  1983488
mem:  2010624
mem:  2035200
mem:  2007552
mem:  2024960
mem:  1971712
mem:  2021888
mem:  1988096
mem:  2050560
mem:  2020352
mem:  2020864
mem:  2006528
mem:  2011648
mem:  2009600
mem:  2004992
mem:  2035712
mem:  1985024
mem:  2019328
mem:  2040320
mem:  2041856
mem:  2023936
mem:  2015744
mem:  2040320
mem:  2038272
