SLURM_JOBID=5049156
SLURM_JOB_NODELIST=svl17
SLURM_NNODES=1
SLURMTMPDIR=
working directory = /viscam/projects/objectfolder_benchmark/benchmarks/Multi_Sensory_3D_Reconstruction/code/models/MDN
Start_idx:  38
mem:  1536
mem:  1868800
mem:  1901568
mem:  1922560
mem:  1869312
mem:  1880576
mem:  1885696
mem:  1929728
mem:  1879040
mem:  1906176
mem:  1936896
mem:  1935872
mem:  1904640
mem:  1935360
mem:  1927168
mem:  1895936
mem:  1936384
mem:  1935360
mem:  1923584
mem:  1925120
mem:  1948672
mem:  1934336
mem:  1939456
mem:  1950720
mem:  1952256
mem:  1953792
mem:  1948160
mem:  1902080
mem:  1935360
mem:  1911296
mem:  1967616
mem:  1949696
mem:  1958400
mem:  1923584
mem:  1944576
mem:  1913344
mem:  1967104
mem:  1943040
mem:  1928704
mem:  1952256
mem:  1982976
mem:  1972224
mem:  1976320
mem:  1948672
mem:  1944064
mem:  1978368
mem:  1989632
mem:  1960960
mem:  1953792
mem:  1990656
mem:  1953280
mem:  1993728
mem:  1962496
mem:  1993216
mem:  1939968
mem:  1996288
mem:  1962496
mem:  1993216
mem:  1988608
mem:  1998848
mem:  1971200
mem:  1976320
mem:  1948672
mem:  1963520
mem:  1997824
mem:  2021376
mem:  1977856
mem:  1982976
mem:  1961472
mem:  1998336
mem:  1964544
mem:  2020864
mem:  1996800
mem:  2004480
mem:  2022912
mem:  2017280
mem:  1957888
mem:  1978880
mem:  1992704
mem:  2040320
mem:  2009088
mem:  2026496
mem:  2028032
mem:  2039296
mem:  2048000
mem:  2045952
mem:  2020864
mem:  2055168
mem:  2044416
mem:  2032640
mem:  2017280
mem:  2045440
mem:  2031104
mem:  1976832
mem:  2056192
mem:  2035712
mem:  2068992
mem:  2018304
mem:  2027008
mem:  2054144
mem:  2075136
mem:  2028032
mem:  2039296
mem:  2038272
mem:  2010624
mem:  2021888
mem:  2029568
mem:  2027520
mem:  2048512
mem:  2079232
mem:  2009088
mem:  2085888
mem:  2025472
mem:  2059776
mem:  2041856
mem:  2066432
mem:  2074112
mem:  2065920
mem:  2093056
mem:  2068992
mem:  2080256
mem:  2075648
mem:  2093056
mem:  2075136
mem:  2076672
mem:  2068480
mem:  2023936
mem:  2083840
mem:  2063360
mem:  2097664
mem:  2095616
mem:  2097152
mem:  2063360
mem:  2090496
mem:  2092032
mem:  2113024
mem:  2065920
mem:  2077184
mem:  2082304
mem:  2105856
mem:  2101248
mem:  2076160
mem:  2094592
mem:  2098688
mem:  2113536
mem:  2121216
mem:  2077696
mem:  2102272
mem:  2117120
mem:  2107904
mem:  2087424
mem:  2085376
mem:  2116096
mem:  2156544
mem:  2099712
mem:  2104832
mem:  2080768
mem:  2152960
mem:  2144768
mem:  2117120
mem:  2147840
mem:  2143232
mem:  2112000
mem:  2126848
mem:  2170880
mem:  2100736
mem:  2170368
mem:  2113536
mem:  2140672
mem:  2167808
mem:  2124288
mem:  2139136
mem:  2140672
mem:  2154496
mem:  2134016
mem:  2170880
mem:  2166272
mem:  2151936
mem:  2117120
mem:  2153984
mem:  2117632
mem:  2195968
mem:  2148864
mem:  2153984
mem:  2190848
mem:  2157056
mem:  2178048
mem:  2137088
mem:  2155520
mem:  2176512
mem:  2174464
mem:  2182144
mem:  2187264
mem:  2157056
mem:  2157568
mem:  2156544
mem:  2187264
mem:  2152448
mem:  2190336
mem:  2204160
mem:  2173952
mem:  2217984
mem:  2208768
mem:  2159104
mem:  2205696
mem:  2226688
mem:  2192896
mem:  2190848
mem:  2192384
mem:  2223104
mem:  2173440
mem:  2203136
mem:  2165760
mem:  2155008
mem:  2188288
mem:  2229760
mem:  2214400
mem:  2213376
mem:  2236928
mem:  2245632
mem:  2247168
mem:  2238976
mem:  2204160
mem:  2264064
mem:  2220544
mem:  2224640
mem:  2207744
mem:  2250752
mem:  2174464
mem:  2250240
mem:  2233344
mem:  2221568
mem:  2264576
mem:  2250240
mem:  2280960
mem:  2282496
mem:  2270720
mem:  2230784
mem:  2242048
mem:  2249728
mem:  2284032
mem:  2275840
mem:  2257920
mem:  2255872
mem:  2267136
mem:  2255360
mem:  2260480
mem:  2249728
mem:  2286592
mem:  2252800
mem:  2247168
mem:  2255872
mem:  2296320
mem:  2255360
mem:  2269184
mem:  2262016
mem:  2236928
mem:  2273792
mem:  2308096
mem:  2284032
mem:  2281984
mem:  2251776
mem:  2265600
mem:  2325504
mem:  2311168
mem:  2248192
mem:  2297344
mem:  2315776
mem:  2294272
mem:  2286080
mem:  2314240
mem:  2334208
mem:  2288128
mem:  2289664
mem:  2287616
mem:  2314752
mem:  2274816
mem:  2347008
mem:  2297344
mem:  2347520
mem:  2322432
mem:  2288640
mem:  2284032
mem:  2313728
mem:  2332160
mem:  2316800
mem:  2325504
mem:  2333184
mem:  2361344
mem:  2355712
mem:  2315776
mem:  2335744
mem:  2311680
mem:  2313216
mem:  2311168
mem:  2339328
mem:  2376192
mem:  2368000
mem:  2366976
mem:  2302976
mem:  2372608
mem:  2370560
mem:  2342912
mem:  2332160
mem:  2347008
mem:  2328064
mem:  2362368
mem:  2389504
mem:  2392064
mem:  2386432
mem:  2346496
mem:  2347008
mem:  2355712
mem:  2350080
mem:  2384384
mem:  2379776
mem:  2335232
mem:  2373120
mem:  2390528
mem:  2359296
mem:  2348544
mem:  2372096
mem:  2402816
mem:  2392064
mem:  2368000
mem:  2368512
mem:  2412544
mem:  2414080
mem:  2412032
mem:  2401280
mem:  2383360
mem:  2361856
mem:  2425344
mem:  2397696
mem:  2362880
mem:  2368000
mem:  2382848
mem:  2433024
mem:  2399232
mem:  2381312
mem:  2385408
mem:  2383360
mem:  2424832
mem:  2397184
mem:  2414592
mem:  2406400
mem:  2433536
mem:  2419200
mem:  2397696
mem:  2432000
mem:  2459136
mem:  2427904
mem:  2420736
mem:  2454016
mem:  2452992
mem:  2415616
mem:  2429440
mem:  2463744
mem:  2403328
mem:  2427904
mem:  2390528
mem:  2454016
mem:  2444800
mem:  2427904
mem:  2438144
mem:  2439680
mem:  2464256
mem:  2446336
mem:  2435584
mem:  2455552
mem:  2415616
mem:  2449920
mem:  2470912
mem:  2482176
mem:  2427904
mem:  2436608
mem:  2485760
mem:  2436096
mem:  2430464
mem:  2441728
mem:  2446848
mem:  2458112
mem:  2475520
mem:  2474496
mem:  2456576
mem:  2450944
mem:  2482688
mem:  2486784
mem:  2472448
mem:  2493440
mem:  2494976
mem:  2496512
mem:  2504192
mem:  2457088
mem:  2462208
mem:  2505216
mem:  2478592
mem:  2476544
mem:  2464768
mem:  2518528
mem:  2526208
mem:  2459648
mem:  2484224
mem:  2536960
mem:  2467840
mem:  2485248
mem:  2509824
mem:  2511360
mem:  2477568
mem:  2533888
mem:  2480640
mem:  2459136
mem:  2473984
mem:  2494976
mem:  2515968
mem:  2471424
mem:  2525184
mem:  2478080
mem:  2530816
mem:  2484736
mem:  2563072
mem:  2535424
mem:  2505216
mem:  2551808
mem:  2494976
mem:  2490368
mem:  2544128
mem:  2528768
mem:  2527744
mem:  2535424
mem:  2578432
mem:  2534912
mem:  2523136
mem:  2537984
mem:  2533376
mem:  2550784
mem:  2585088
mem:  2573312
mem:  2561536
mem:  2566656
mem:  2546176
mem:  2553856
mem:  2588160
mem:  2563072
mem:  2529280
mem:  2560000
mem:  2544640
mem:  2598400
mem:  2545152
mem:  2611200
mem:  2544640
mem:  2516992
mem:  2567168
mem:  2523648
mem:  2567680
mem:  2571776
mem:  2576896
mem:  2568704
mem:  2595840
mem:  2587648
mem:  2576896
mem:  2580992
mem:  2592256
mem:  2584064
mem:  2583040
mem:  2551808
mem:  2578944
mem:  2574336
mem:  2585600
mem:  2641920
mem:  2565632
mem:  2592768
mem:  2591744
mem:  2603008
mem:  2575360
mem:  2567168
mem:  2613760
mem:  2595840
mem:  2646016
mem:  2621952
mem:  2629632
mem:  2648064
mem:  2622976
mem:  2589184
mem:  2580992
mem:  2601984
mem:  2658304
mem:  2624512
mem:  2612736
mem:  2633728
mem:  2606080
mem:  2662400
mem:  2648064
mem:  2627584
mem:  2668032
mem:  2675712
mem:  2648064
mem:  2642432
mem:  2631680
mem:  2635776
mem:  2673664
mem:  2684928
mem:  2682880
mem:  2655232
mem:  2682368
mem:  2668032
mem:  2685440
mem:  2671104
mem:  2662912
mem:  2691072
mem:  2685440
mem:  2696704
mem:  2705408
mem:  2686464
mem:  2672128
mem:  2708992
mem:  2681344
mem:  2676736
mem:  2691584
mem:  2699264
mem:  2710528
mem:  2709504
mem:  2697728
mem:  2712576
mem:  2697216
mem:  2712064
mem:  2684416
mem:  2715136
mem:  2713088
mem:  2701312
mem:  2700288
mem:  2715136
mem:  2677760
mem:  2730496
mem:  2696704
mem:  2694656
mem:  2738688
mem:  2701312
mem:  2745344
mem:  2720256
mem:  2721792
mem:  2707456
mem:  2721280
mem:  2739712
mem:  2725376
mem:  2723328
mem:  2731008
mem:  2720256
mem:  2750976
mem:  2745344
mem:  2746880
mem:  2738688
mem:  2765824
mem:  2748928
mem:  2756608
mem:  2738688
mem:  2749952
mem:  2738176
mem:  2753024
mem:  2735104
mem:  2740224
mem:  2744320
mem:  2726400
mem:  2725376
mem:  2742784
mem:  2777088
mem:  2739712
mem:  2763264
mem:  2764800
mem:  2762752
mem:  2752000
mem:  2759680
mem:  2761216
mem:  2768896
mem:  2752000
mem:  2752512
mem:  2802688
mem:  2766336
mem:  2776576
mem:  2746368
mem:  2740736
mem:  2804224
mem:  2772992
mem:  2793984
mem:  2812416
mem:  2775040
mem:  2788864
mem:  2761216
mem:  2802688
mem:  2826240
mem:  2808320
mem:  2809856
mem:  2818560
mem:  2812928
mem:  2804736
mem:  2813440
mem:  2811392
mem:  2828800
mem:  2801152
mem:  2806272
mem:  2820096
mem:  2799616
mem:  2813440
mem:  2828288
mem:  2804224
mem:  2818048
mem:  2813440
mem:  2818560
mem:  2829824
mem:  2821632
mem:  2817024
mem:  2811392
mem:  2816512
mem:  2821632
mem:  2819584
mem:  2836992
mem:  2832384
mem:  2855936
mem:  2854912
mem:  2836992
mem:  2832384
mem:  2824192
mem:  2845184
mem:  2829824
mem:  2837504
mem:  2842624
mem:  2824704
mem:  2851840
mem:  2880000
mem:  2848768
mem:  2876928
mem:  2849280
mem:  2853376
mem:  2862080
mem:  2853888
mem:  2867712
mem:  2866688
mem:  2861056
mem:  2868736
mem:  2896896
mem:  2865664
mem:  2861056
mem:  2868736
mem:  2873856
mem:  2875392
mem:  2876928
mem:  2882048
mem:  2872832
mem:  2887680
mem:  2889216
mem:  2877440
mem:  2876416
mem:  2907136
mem:  2892800
mem:  2893312
mem:  2882560
mem:  2887680
mem:  2898944
mem:  2896896
mem:  2908160
mem:  2899968
mem:  2897920
mem:  2903040
mem:  2898432
mem:  2898944
mem:  2910208
mem:  2903040
mem:  2920448
mem:  2898944
mem:  2919936
mem:  2915328
mem:  2926592
mem:  2908672
mem:  2922496
mem:  2908160
mem:  2915840
mem:  2934272
mem:  2941952
mem:  2924032
mem:  2915840
mem:  2930688
mem:  2922496
mem:  2917888
mem:  2915840
mem:  2936832
mem:  2931200
mem:  2942464
mem:  2934272
mem:  2942976
mem:  2944512
mem:  2946048
mem:  2979328
mem:  2939392
mem:  2931200
mem:  2954752
mem:  2953728
mem:  2951680
mem:  2950656
mem:  2958336
mem:  2959872
mem:  2951680
mem:  2995712
mem:  2986496
mem:  2991616
mem:  3002880
mem:  3001856
mem:  3005952
mem:  3003904
mem:  2979840
mem:  3010560
mem:  3012096
mem:  3010048
mem:  3009024
mem:  3006976
mem:  2989056
mem:  3010048
mem:  3011584
mem:  3020288
mem:  3008512
mem:  3019776
mem:  3008000
mem:  3022848
mem:  3017216
mem:  3029504
mem:  3030016
mem:  3035136
mem:  3030528
mem:  3032064
mem:  3023872
mem:  3037696
mem:  3042816
mem:  3032064
mem:  3030016
mem:  3041280
mem:  3039232
mem:  3047936
mem:  3042304
mem:  3049984
mem:  3029504
mem:  3031040
mem:  3052032
mem:  3049984
mem:  3058688
mem:  3059200
mem:  3058176
mem:  3063296
mem:  3067392
mem:  3059200
mem:  3066880
mem:  3072000
mem:  3069952
mem:  3072512
mem:  3076608
mem:  3078144
mem:  3079680
mem:  3077632
mem:  3076608
mem:  3081728
mem:  3083264
mem:  3081216
mem:  3088896
mem:  3087872
mem:  3089408
mem:  3093504
mem:  3091456
mem:  3077120
mem:  3094528
mem:  3097088
mem:  3101184
mem:  3086848
mem:  3104256
mem:  3076608
mem:  3104768
mem:  3079680
mem:  3107840
mem:  3109376
mem:  3103744
mem:  3115008
mem:  3110400
mem:  3118080
mem:  3103744
mem:  3118592
mem:  3106816
mem:  3121664
mem:  3125760
mem:  3107840
mem:  3126272
mem:  3120640
mem:  3125760
mem:  3120128
mem:  3125248
mem:  3126784
mem:  3131904
mem:  3136000
mem:  3134976
mem:  3142656
mem:  3144192
mem:  3145728
mem:  3124224
mem:  3142656
mem:  3150336
mem:  3122688
mem:  3131392
mem:  3132928
mem:  3150336
mem:  3105792
mem:  3124224
mem:  3108864
mem:  3140608
mem:  3111936
mem:  3140096
mem:  3141632
mem:  3097088
mem:  3150848
mem:  3129344
mem:  3157504
mem:  3155456
mem:  3131392
mem:  3162112
mem:  3115008
mem:  3181056
mem:  3133952
mem:  3151360
mem:  3140608
mem:  3142144
mem:  3175424
mem:  3151360
mem:  3113984
mem:  3164160
mem:  3153408
mem:  3192832
mem:  3188224
mem:  3147264
mem:  3162112
mem:  3138048
mem:  3197952
mem:  3154432
mem:  3203584
mem:  3156480
mem:  3142144
mem:  3166720
mem:  3177984
mem:  3198976
mem:  3161600
mem:  3208192
mem:  3196416
mem:  3175936
mem:  3177472
mem:  3217920
mem:  3223040
mem:  3166208
mem:  3196928
mem:  3159552
mem:  3167232
mem:  3171328
mem:  3186176
mem:  3177984
mem:  3231744
mem:  3197952
mem:  3189760
mem:  3226624
mem:  3185664
mem:  3245568
mem:  3225088
mem:  3196416
mem:  3250176
mem:  3196928
mem:  3247104
mem:  3235328
mem:  3227136
mem:  3238400
mem:  3230208
mem:  3258368
mem:  3217408
mem:  3193344
mem:  3242496
mem:  3237888
mem:  3268608
mem:  3225088
mem:  3265536
mem:  3250176
mem:  3251712
mem:  3215360
mem:  3232768
mem:  3240448
mem:  3274752
mem:  3262976
mem:  3245056
mem:  3250176
mem:  3226112
mem:  3272704
mem:  3235328
mem:  3279360
mem:  3244544
mem:  3275264
mem:  3247616
mem:  3243008
mem:  3279872
mem:  3291136
mem:  3279360
mem:  3271168
mem:  3272704
mem:  3303424
mem:  3308544
mem:  3306496
mem:  3295744
mem:  3297280
mem:  3279360
mem:  3316224
mem:  3315200
mem:  3313152
mem:  3318272
mem:  3318784
mem:  3292160
mem:  3270656
mem:  3307520
mem:  3312640
mem:  3314176
mem:  3308544
mem:  3329536
mem:  3266560
mem:  3307008
mem:  3335168
mem:  3290624
mem:  3315200
mem:  3342336
mem:  3334144
mem:  3339264
mem:  3346944
mem:  3315712
mem:  3328000
mem:  3351552
mem:  3349504
mem:  3351040
mem:  3334144
mem:  3309056
mem:  3339776
mem:  3348480
mem:  3346432
mem:  3354112
mem:  3361792
mem:  3347456
mem:  3342848
mem:  3347968
mem:  3352064
mem:  3353600
mem:  3362304
mem:  3331072
mem:  3367936
mem:  3379200
mem:  3374592
mem:  3382272
mem:  3374080
mem:  3375616
mem:  3384320
mem:  3368960
mem:  3387392
mem:  3391488
mem:  3357696
mem:  3394560
mem:  3376640
mem:  3395072
mem:  3393024
mem:  3365376
mem:  3386368
mem:  3403776
mem:  3346944
mem:  3365376
mem:  3402240
mem:  3374592
mem:  3385856
mem:  3380224
mem:  3379200
mem:  3393024
mem:  3388416
mem:  3386368
mem:  3404800
mem:  3406336
mem:  3398144
mem:  3403264
mem:  3423232
mem:  3412480
mem:  3416576
mem:  3428864
mem:  3403776
mem:  3430912
mem:  3406848
mem:  3408384
mem:  3436544
mem:  3421184
mem:  3412992
mem:  3395072
mem:  3445248
mem:  3411456
mem:  3409408
mem:  3426816
mem:  3435520
mem:  3421184
mem:  3454464
mem:  3443712
