SLURM_JOBID=5050270
SLURM_JOB_NODELIST=svl10
SLURM_NNODES=1
SLURMTMPDIR=
working directory = /viscam/projects/objectfolder_benchmark/benchmarks/Multi_Sensory_3D_Reconstruction/code/models/MDN
Start_idx:  882
mem:  1536
mem:  1865216
mem:  1895424
mem:  1887232
mem:  1882624
mem:  1919488
mem:  1901568
mem:  1883648
mem:  1930240
mem:  1873408
mem:  1901568
mem:  1906688
mem:  1926656
mem:  1912320
mem:  1855488
mem:  1892352
mem:  1901056
mem:  1908736
mem:  1896960
mem:  1898496
mem:  1903616
mem:  1947648
mem:  1900544
mem:  1905664
mem:  1907200
mem:  1907712
mem:  1961472
mem:  1933824
mem:  1931776
mem:  1950208
mem:  1942016
mem:  1907200
mem:  1922048
mem:  1923584
mem:  1925120
mem:  1920512
mem:  1937920
mem:  1939456
mem:  1925120
mem:  1932800
mem:  1982976
mem:  1942016
mem:  1947136
mem:  1942528
mem:  1967104
mem:  1990656
mem:  1937408
mem:  1952256
mem:  1950208
mem:  1967616
mem:  1953280
mem:  1951232
mem:  1956352
mem:  1951744
mem:  1949696
mem:  1967104
mem:  1955328
mem:  1940992
mem:  2007040
mem:  1979392
mem:  1968640
mem:  1979904
mem:  1971712
mem:  1976832
mem:  1974784
mem:  1988608
mem:  1958400
mem:  1972224
mem:  2025984
mem:  1978880
mem:  1990144
mem:  1981952
mem:  2002944
mem:  2017792
mem:  1986560
mem:  1997824
mem:  2024960
mem:  2000896
mem:  1992704
mem:  1994240
mem:  2009088
mem:  2007040
mem:  1998848
mem:  2000384
mem:  2005504
mem:  2052096
mem:  2030592
mem:  2010112
mem:  1992192
mem:  2055680
mem:  2014720
mem:  2009088
mem:  2017792
mem:  2012160
mem:  2003968
mem:  2016256
mem:  2007040
mem:  2041344
mem:  2072064
mem:  2034688
