SLURM_JOBID=5050276
SLURM_JOB_NODELIST=svl2
SLURM_NNODES=1
SLURMTMPDIR=
working directory = /viscam/projects/objectfolder_benchmark/benchmarks/Multi_Sensory_3D_Reconstruction/code/models/MDN
Start_idx:  885
mem:  1536
mem:  1888256
mem:  1905152
mem:  1910272
mem:  1902080
mem:  1874432
mem:  1911296
mem:  1887232
mem:  1921536
mem:  1922048
mem:  1907712
mem:  1903104
mem:  1930240
mem:  1896448
mem:  1910272
mem:  1895936
mem:  1920512
mem:  1915904
mem:  1888256
mem:  1921536
mem:  1932800
mem:  1924608
mem:  1920000
mem:  1950720
mem:  1932800
mem:  1934336
mem:  1951744
mem:  1921536
mem:  1964544
mem:  1913856
mem:  1942016
mem:  1927680
mem:  1970688
mem:  1946624
mem:  1928704
mem:  1930240
mem:  1934336
mem:  1958912
mem:  1905664
mem:  1961984
mem:  1940480
mem:  1945600
mem:  1986048
mem:  1964544
mem:  1930752
mem:  1971200
mem:  1976320
mem:  1981440
mem:  1946624
mem:  1957888
mem:  1992192
mem:  1970688
mem:  1981952
mem:  2002944
mem:  2000896
mem:  1980416
mem:  2007552
mem:  1966592
mem:  1977856
mem:  1996288
mem:  1978368
mem:  1989632
mem:  1987584
mem:  1982976
mem:  2019840
mem:  1988608
mem:  1984000
mem:  1985536
mem:  1987072
mem:  1982464
mem:  2013184
mem:  1995264
mem:  1999360
mem:  1994752
mem:  2025472
mem:  2001408
mem:  1993216
mem:  2030080
mem:  1990144
mem:  2003968
mem:  2005504
mem:  2000896
mem:  2002432
mem:  2045440
mem:  2001920
mem:  2052096
mem:  2020864
mem:  2052608
mem:  2017792
mem:  1990144
mem:  2017280
mem:  2009088
mem:  2027520
mem:  2025472
mem:  2030592
mem:  2022400
mem:  2059264
mem:  2060800
mem:  2036736
mem:  2067456
