SLURM_JOBID=5050341
SLURM_JOB_NODELIST=svl7
SLURM_NNODES=1
SLURMTMPDIR=
working directory = /viscam/projects/objectfolder_benchmark/benchmarks/Multi_Sensory_3D_Reconstruction/code/models/MDN
Start_idx:  948
mem:  1536
mem:  1884672
mem:  1889280
mem:  1906688
mem:  1927680
mem:  1887744
mem:  1850368
mem:  1903104
mem:  1885184
mem:  1935360
mem:  1914880
mem:  1938432
mem:  1878016
mem:  1886720
mem:  1933312
mem:  1909248
mem:  1920512
mem:  1860096
mem:  1888256
mem:  1911808
mem:  1880576
mem:  1924608
mem:  1955328
mem:  1944576
mem:  1919488
mem:  1934336
mem:  1932288
mem:  1963008
mem:  1935360
mem:  1897984
mem:  1912832
mem:  1963008
mem:  1970688
mem:  1943040
mem:  1948160
mem:  1916928
mem:  1937920
mem:  1943040
mem:  1967616
mem:  1901056
mem:  1982976
mem:  1949184
mem:  1986048
mem:  1948672
mem:  1986560
mem:  1968640
mem:  1978880
mem:  1942528
mem:  1956352
mem:  1948160
mem:  1969152
mem:  1931776
mem:  1998848
mem:  1925120
mem:  1963008
mem:  1976832
mem:  1984512
mem:  1964032
mem:  1965568
mem:  1992704
mem:  1962496
mem:  1970176
mem:  1987584
mem:  1969664
mem:  1971200
mem:  1976320
mem:  2003456
mem:  1959936
mem:  1973760
mem:  1976320
mem:  1993728
mem:  1956352
mem:  2012672
mem:  1992192
mem:  2006016
mem:  2036736
mem:  2038272
mem:  1959424
mem:  2012160
mem:  2027008
mem:  1993216
mem:  2007040
mem:  1986560
mem:  2006528
mem:  2011648
mem:  1991168
mem:  1995264
mem:  2022400
mem:  2001920
mem:  2003456
mem:  2059776
mem:  2057728
mem:  2014208
mem:  2015744
mem:  2036736
mem:  2015232
mem:  1985024
mem:  2070528
mem:  2065920
mem:  2018816
