SLURM_JOBID=5049585
SLURM_JOB_NODELIST=svl3
SLURM_NNODES=1
SLURMTMPDIR=
working directory = /viscam/projects/objectfolder_benchmark/benchmarks/Multi_Sensory_3D_Reconstruction/code/models/MDN
Start_idx:  150
mem:  1536
mem:  1923584
mem:  1889280
mem:  1912832
mem:  1902080
mem:  1929216
mem:  1882112
mem:  1890816
mem:  1924096
mem:  1906176
mem:  1907712
mem:  1928704
mem:  1920512
mem:  1925632
mem:  1923584
mem:  1911808
mem:  1916928
mem:  1899008
mem:  1920000
mem:  1940992
mem:  1930240
mem:  1928192
mem:  1920000
mem:  1925120
mem:  1929216
mem:  1950208
mem:  1948160
mem:  1963008
mem:  1929216
mem:  1950208
mem:  1961472
mem:  1924096
mem:  1928192
mem:  1930752
mem:  1934848
mem:  1946112
mem:  1954816
mem:  1943040
mem:  1973760
mem:  1981440
mem:  1951232
mem:  1961472
mem:  1970176
mem:  1958400
mem:  1950208
mem:  1984512
mem:  1966592
mem:  1974272
mem:  1985536
mem:  1971200
mem:  1969152
mem:  1996288
mem:  1998848
mem:  1977344
mem:  1971712
mem:  1974272
mem:  2001408
mem:  1976320
mem:  1997312
mem:  1982976
mem:  1981952
mem:  2009088
mem:  1994752
mem:  1998848
mem:  2007552
mem:  2015232
mem:  2000896
mem:  2002432
mem:  2016256
mem:  2011648
mem:  2003456
mem:  1995264
mem:  1999360
mem:  2033664
mem:  2032640
mem:  2001408
mem:  2018816
mem:  2017792
mem:  2002432
mem:  2029568
mem:  2040832
mem:  2020352
mem:  2021888
mem:  2019840
mem:  2017792
mem:  2019328
mem:  2012160
mem:  2025984
mem:  2033664
mem:  2045952
mem:  2020864
mem:  2018816
mem:  2037248
mem:  2058240
mem:  2020864
mem:  2035712
mem:  2066432
mem:  2035200
mem:  2029568
mem:  2054144
