SLURM_JOBID=5049564
SLURM_JOB_NODELIST=svl5
SLURM_NNODES=1
SLURMTMPDIR=
working directory = /viscam/projects/objectfolder_benchmark/benchmarks/Multi_Sensory_3D_Reconstruction/code/models/MDN
Start_idx:  89
mem:  1536
mem:  1913856
mem:  1912320
mem:  1864192
mem:  1843712
mem:  1880576
mem:  1895424
mem:  1896960
mem:  1910784
mem:  1873408
mem:  1897984
mem:  1899520
mem:  1888768
mem:  1935360
mem:  1907712
mem:  1895936
mem:  1942528
mem:  1915904
mem:  1927168
mem:  1905664
mem:  1949696
mem:  1937920
mem:  1945600
mem:  1905664
mem:  1942528
mem:  1907712
mem:  1955328
mem:  1898496
mem:  1906176
mem:  1963520
mem:  1932288
mem:  1969152
mem:  1880576
mem:  1972224
mem:  1944576
mem:  1949696
mem:  1905152
mem:  1897984
mem:  1947136
mem:  1938944
mem:  1967104
mem:  1916416
mem:  1953280
mem:  1916928
mem:  1986560
mem:  1922560
mem:  1976320
mem:  1980416
mem:  1946624
mem:  1961472
mem:  1972736
mem:  1970688
mem:  1968640
mem:  2002944
mem:  2004480
mem:  1976832
mem:  2007552
mem:  2009088
mem:  2000896
mem:  1976832
mem:  1971200
mem:  1931264
mem:  1907200
mem:  2018304
mem:  1965056
mem:  1927680
mem:  1942528
mem:  1995264
mem:  2002944
mem:  2001920
mem:  2013184
mem:  1972224
mem:  2006528
mem:  1975296
mem:  2015744
mem:  1981952
mem:  1999360
mem:  2016768
mem:  1992704
mem:  2001408
mem:  2001920
mem:  2000896
mem:  1963520
mem:  1994240
mem:  1988608
mem:  1993728
mem:  2021888
mem:  2041856
mem:  2015232
mem:  1984000
mem:  2059776
mem:  2032128
mem:  1961984
mem:  2031616
mem:  2063360
mem:  2028544
mem:  1997312
mem:  1982976
mem:  2017280
mem:  1999360
