SLURM_JOBID=5050152
SLURM_JOB_NODELIST=svl1
SLURM_NNODES=1
SLURMTMPDIR=
working directory = /viscam/projects/objectfolder_benchmark/benchmarks/Multi_Sensory_3D_Reconstruction/code/models/MDN
Start_idx:  759
mem:  1536
mem:  1882112
mem:  1885696
mem:  1894400
mem:  1927680
mem:  1890304
mem:  1911296
mem:  1926144
mem:  1881600
mem:  1923072
mem:  1917440
mem:  1932288
mem:  1865728
mem:  1892864
mem:  1943040
mem:  1944576
mem:  1933824
mem:  1924608
mem:  1910272
mem:  1908224
mem:  1938944
mem:  1951232
mem:  1952768
mem:  1947136
mem:  1929216
mem:  1882112
mem:  1910272
mem:  1937408
mem:  1922048
mem:  1930752
mem:  1909248
mem:  1933824
mem:  1931776
mem:  1936896
mem:  1964032
mem:  1971712
mem:  1918464
mem:  1962496
mem:  1979904
mem:  1955840
mem:  1960960
mem:  1942016
mem:  1964032
mem:  1952256
mem:  1950208
mem:  1984512
mem:  1978880
mem:  1968128
mem:  1995264
mem:  1967616
mem:  1978880
mem:  1990144
mem:  1995264
mem:  1925120
mem:  1936384
mem:  1957376
mem:  1968640
mem:  1995776
mem:  1975296
mem:  2012160
mem:  1972224
mem:  1964032
mem:  2007040
mem:  1966080
mem:  1910272
mem:  1989632
mem:  1984000
mem:  1975808
mem:  2000384
mem:  1956864
mem:  2015744
mem:  1962496
mem:  2025984
mem:  2027520
mem:  1935360
mem:  2007552
mem:  1960448
mem:  1988608
mem:  2029056
mem:  2013696
mem:  2034688
mem:  2030080
mem:  1989120
mem:  2033152
mem:  2037248
mem:  2039808
mem:  2047488
mem:  2025984
mem:  2037248
mem:  2045952
mem:  2027008
mem:  2061312
mem:  2033664
mem:  2064384
mem:  2046464
mem:  2024960
mem:  2046976
mem:  2070528
mem:  2062336
mem:  2070016
