SLURM_JOBID=5049996
SLURM_JOB_NODELIST=svl1
SLURM_NNODES=1
SLURMTMPDIR=
working directory = /viscam/projects/objectfolder_benchmark/benchmarks/Multi_Sensory_3D_Reconstruction/code/models/MDN
Start_idx:  577
mem:  1536
mem:  1868800
mem:  1912320
mem:  1896960
mem:  1902080
mem:  1903616
mem:  1872384
mem:  1918976
mem:  1914368
mem:  1906176
mem:  1917440
mem:  1922560
mem:  1930240
mem:  1915904
mem:  1921024
mem:  1915392
mem:  1926656
mem:  1937920
mem:  1927168
mem:  1908224
mem:  1939968
mem:  1924608
mem:  1932288
mem:  1914368
mem:  1923072
mem:  1897984
mem:  1945600
mem:  1894912
mem:  1952256
mem:  1930752
mem:  1957888
mem:  1949696
mem:  1931776
mem:  1956352
mem:  1954304
mem:  1959424
mem:  1951232
mem:  1949184
mem:  1966592
mem:  1939968
mem:  1960960
mem:  1929728
mem:  1972736
mem:  1942528
mem:  1953792
mem:  1974784
mem:  1947136
mem:  1970688
mem:  1982976
mem:  1971200
mem:  1975296
mem:  1958400
mem:  1933312
mem:  1983488
mem:  1975296
mem:  1970688
mem:  1984512
mem:  1986048
mem:  1985024
mem:  1963520
mem:  1988096
mem:  1947136
mem:  1961984
mem:  1950208
mem:  1980928
mem:  2005504
mem:  1977856
mem:  2008576
mem:  2013696
mem:  2004480
mem:  2015744
mem:  2017280
mem:  1993216
mem:  2017792
mem:  2013184
mem:  2007552
mem:  1999360
mem:  2023936
mem:  2018304
mem:  2010112
mem:  2018816
mem:  2026496
mem:  2028032
mem:  2017280
mem:  2031104
mem:  2022912
mem:  2028032
mem:  2010112
mem:  2031104
mem:  2035200
mem:  1998848
mem:  2022400
mem:  2040832
mem:  2029056
mem:  2046464
mem:  2048000
mem:  2017792
mem:  2048512
mem:  2050048
mem:  2032128
