SLURM_JOBID=5050017
SLURM_JOB_NODELIST=svl9
SLURM_NNODES=1
SLURMTMPDIR=
working directory = /viscam/projects/objectfolder_benchmark/benchmarks/Multi_Sensory_3D_Reconstruction/code/models/MDN
Start_idx:  595
mem:  1536
mem:  1823744
mem:  1853952
mem:  1884672
mem:  1915392
mem:  1867264
mem:  1882112
mem:  1922560
mem:  1879040
mem:  1906176
mem:  1913856
mem:  1903104
mem:  1908224
mem:  1935360
mem:  1890816
mem:  1863168
mem:  1904640
mem:  1931776
mem:  1900544
mem:  1918976
mem:  1907200
mem:  1908736
mem:  1920000
mem:  1934848
mem:  1923072
mem:  1944064
mem:  1906688
mem:  1917952
mem:  1925632
mem:  1921024
mem:  1899520
mem:  1955840
mem:  1922048
mem:  1920000
mem:  1918976
mem:  1930240
mem:  1970688
mem:  1913856
mem:  1899520
mem:  1936384
mem:  1951232
mem:  1958912
mem:  1966592
mem:  1946112
mem:  1963520
mem:  1916416
mem:  1972736
mem:  1932800
mem:  1944064
mem:  1983488
mem:  1930240
mem:  1935360
mem:  1975808
mem:  1987072
mem:  1949696
mem:  1957376
mem:  1968640
mem:  2002944
mem:  1969152
mem:  1986560
mem:  1984512
mem:  1986048
mem:  1955840
mem:  1992704
mem:  1965056
mem:  1982464
mem:  1977856
mem:  1973248
mem:  2010112
mem:  2015232
mem:  2019328
mem:  2001408
mem:  1987072
mem:  1975296
mem:  1986560
mem:  2007552
mem:  1999360
mem:  1985024
mem:  2035200
mem:  1974784
mem:  1993216
mem:  1955840
mem:  2002432
mem:  1984512
mem:  2018816
mem:  2009600
mem:  2024448
mem:  2000384
mem:  1992192
mem:  2015744
mem:  1991680
mem:  2022400
mem:  2000896
mem:  2029056
mem:  2036736
mem:  2009088
mem:  2030080
mem:  2025472
mem:  2007552
mem:  2022400
