SLURM_JOBID=5050073
SLURM_JOB_NODELIST=svl2
SLURM_NNODES=1
SLURMTMPDIR=
working directory = /viscam/projects/objectfolder_benchmark/benchmarks/Multi_Sensory_3D_Reconstruction/code/models/MDN
Start_idx:  666
mem:  1536
mem:  1901568
mem:  1914880
mem:  1871360
mem:  1908224
mem:  1897472
mem:  1885696
mem:  1912832
mem:  1894912
mem:  1913344
mem:  1878528
mem:  1932288
mem:  1910784
mem:  1906176
mem:  1921024
mem:  1893376
mem:  1924096
mem:  1922048
mem:  1933312
mem:  1934848
mem:  1926656
mem:  1931776
mem:  1910272
mem:  1931264
mem:  1958400
mem:  1944064
mem:  1935872
mem:  1949696
mem:  1919488
mem:  1933312
mem:  1942016
mem:  1947136
mem:  1929216
mem:  1962496
mem:  1950720
mem:  1953280
mem:  1941504
mem:  1956352
mem:  1964032
mem:  1936384
mem:  1967104
mem:  1971200
mem:  1937408
mem:  1968128
mem:  1967104
mem:  1965056
mem:  1966592
mem:  1984000
mem:  1953792
mem:  1973760
mem:  1959424
mem:  1945088
mem:  1962496
mem:  1964032
mem:  1981440
mem:  1976832
mem:  1972224
mem:  1966592
mem:  2000896
mem:  1967104
mem:  1965056
mem:  1976320
mem:  1997312
mem:  2002432
mem:  2017280
mem:  1989632
mem:  1999872
mem:  1998848
mem:  2013696
mem:  2001920
mem:  1984000
mem:  2020864
mem:  2006528
mem:  2010624
mem:  2022912
mem:  1981952
mem:  2028544
mem:  2010624
mem:  2021888
mem:  1939456
mem:  2024960
mem:  2023936
mem:  2044928
mem:  2042880
mem:  2005504
mem:  2036224
mem:  2024448
mem:  2035712
mem:  2037248
mem:  2019328
mem:  2011136
mem:  2048000
mem:  2037248
mem:  2038784
mem:  2034176
mem:  2022400
mem:  2053120
mem:  2041344
mem:  2056192
mem:  2034688
