SLURM_JOBID=5050279
SLURM_JOB_NODELIST=svl2
SLURM_NNODES=1
SLURMTMPDIR=
working directory = /viscam/projects/objectfolder_benchmark/benchmarks/Multi_Sensory_3D_Reconstruction/code/models/MDN
Start_idx:  886
mem:  1536
mem:  1897984
mem:  1914880
mem:  1923584
mem:  1921536
mem:  1925632
mem:  1914880
mem:  1929728
mem:  1917952
mem:  1931776
mem:  1921024
mem:  1909248
mem:  1920512
mem:  1906176
mem:  1943040
mem:  1925120
mem:  1891328
mem:  1931776
mem:  1946624
mem:  1944576
mem:  1942528
mem:  1937920
mem:  1943040
mem:  1943552
mem:  1929216
mem:  1947648
mem:  1939456
mem:  1953280
mem:  1952256
mem:  1946624
mem:  1965056
mem:  1959424
mem:  1948672
mem:  1956352
mem:  1948160
mem:  1971712
mem:  1963520
mem:  1972224
mem:  1938432
mem:  1977856
mem:  1970688
mem:  1974784
mem:  1966592
mem:  1985024
mem:  1956352
mem:  1984512
mem:  1976320
mem:  1971712
mem:  1981952
mem:  1977344
mem:  1972736
mem:  1980416
mem:  1991680
mem:  1989632
mem:  1992192
mem:  2006016
mem:  2007552
mem:  1986048
mem:  2010624
mem:  2012160
mem:  2000384
mem:  1989632
mem:  2000896
mem:  2002432
mem:  2013696
mem:  2011648
mem:  2013184
mem:  1998848
mem:  2025984
mem:  2004480
mem:  2029056
mem:  2017280
mem:  1983488
mem:  2023936
mem:  2031616
mem:  2020864
mem:  2024960
mem:  2039808
mem:  2015744
mem:  2039296
mem:  2041856
mem:  2026496
mem:  2031616
mem:  1988096
mem:  2011648
mem:  2036224
mem:  2043904
mem:  2010112
mem:  2053120
mem:  2025472
mem:  2027008
mem:  2055168
mem:  2030080
mem:  2060800
mem:  2062336
mem:  2064896
mem:  2056704
mem:  2070528
mem:  2049024
mem:  2073600
