SLURM_JOBID=5050343
SLURM_JOB_NODELIST=svl15
SLURM_NNODES=1
SLURMTMPDIR=
working directory = /viscam/projects/objectfolder_benchmark/benchmarks/Multi_Sensory_3D_Reconstruction/code/models/MDN
Start_idx:  949
mem:  1536
mem:  1921024
mem:  1918464
mem:  1920000
mem:  1898496
mem:  1923072
mem:  1879552
mem:  1932288
mem:  1933824
mem:  1932800
mem:  1930752
mem:  1916416
mem:  1937408
mem:  1929216
mem:  1943040
mem:  1944576
mem:  1903616
mem:  1935360
mem:  1939456
mem:  1948160
mem:  1948672
mem:  1947648
mem:  1935872
mem:  1954304
mem:  1954816
mem:  1957376
mem:  1958912
mem:  1910784
mem:  1958400
mem:  1936896
mem:  1967616
mem:  1965568
mem:  1967104
mem:  1972224
mem:  1973760
mem:  1971712
mem:  1976832
mem:  1975808
mem:  1970176
mem:  1975296
mem:  1947648
mem:  1935872
mem:  1966592
mem:  1981440
mem:  1989120
mem:  1988096
mem:  1963008
mem:  1981440
mem:  1979392
mem:  1967616
mem:  1969152
mem:  1984000
mem:  1972224
mem:  2000384
mem:  2004480
mem:  1990144
mem:  2001408
mem:  2009088
mem:  1985024
mem:  1992704
mem:  1994240
mem:  1976320
mem:  1994752
mem:  2018304
mem:  1974784
mem:  2017792
mem:  2022912
mem:  2014720
mem:  2016256
mem:  2021376
mem:  2009600
mem:  2030592
mem:  2022400
mem:  2027520
mem:  1999872
mem:  2036736
mem:  2038272
mem:  2033664
mem:  2009600
mem:  2033152
mem:  2044416
mem:  2043392
mem:  2037760
mem:  2042880
mem:  2044416
mem:  2048512
mem:  2043904
mem:  2025984
mem:  2053120
mem:  2029056
mem:  2059776
mem:  2058752
mem:  2056704
mem:  2064384
mem:  2062336
mem:  2061312
mem:  2043392
mem:  2054656
mem:  2069504
mem:  2063872
