SLURM_JOBID=5050297
SLURM_JOB_NODELIST=svl1
SLURM_NNODES=1
SLURMTMPDIR=
working directory = /viscam/projects/objectfolder_benchmark/benchmarks/Multi_Sensory_3D_Reconstruction/code/models/MDN
Start_idx:  931
mem:  1536
mem:  1923584
mem:  1891840
mem:  1867776
mem:  1902080
mem:  1890304
mem:  1895424
mem:  1896960
mem:  1891328
mem:  1902592
mem:  1923584
mem:  1926144
mem:  1939968
mem:  1937920
mem:  1911296
mem:  1938432
mem:  1942528
mem:  1873408
mem:  1949184
mem:  1915392
mem:  1952256
mem:  1953792
mem:  1910272
mem:  1925120
mem:  1893888
mem:  1930752
mem:  1945600
mem:  1927680
mem:  1958400
mem:  1933312
mem:  1961472
mem:  1959424
mem:  1970688
mem:  1972224
mem:  1948160
mem:  1971712
mem:  1953792
mem:  1978368
mem:  1964032
mem:  1971712
mem:  1940480
mem:  1984512
mem:  1950720
mem:  1926656
mem:  1963520
mem:  1977344
mem:  1960448
mem:  1993728
mem:  1995264
mem:  1948160
mem:  1956864
mem:  1968128
mem:  1966080
mem:  1977344
mem:  1959424
mem:  1980416
mem:  1978368
mem:  2009088
mem:  1977856
mem:  2006016
mem:  1978368
mem:  1966592
mem:  2000896
mem:  2008576
mem:  1965056
mem:  2009088
mem:  1958400
mem:  2024448
mem:  2012672
mem:  1982464
mem:  1990144
mem:  1991680
mem:  2006528
mem:  2031104
mem:  1953792
mem:  2030592
mem:  1999360
mem:  1994752
mem:  2041344
mem:  2000384
mem:  2018816
mem:  2014208
mem:  2018304
mem:  2049024
mem:  2046976
mem:  1993728
mem:  2051072
mem:  1980928
mem:  2050560
mem:  2058240
mem:  2057216
mem:  2048000
mem:  2039808
mem:  2054656
mem:  2059776
mem:  2061312
mem:  2053120
mem:  2067968
mem:  2052608
mem:  2041856
