SLURM_JOBID=5049995
SLURM_JOB_NODELIST=svl2
SLURM_NNODES=1
SLURMTMPDIR=
working directory = /viscam/projects/objectfolder_benchmark/benchmarks/Multi_Sensory_3D_Reconstruction/code/models/MDN
Start_idx:  576
mem:  1536
mem:  1878528
mem:  1914880
mem:  1912832
mem:  1902080
mem:  1896448
mem:  1889280
mem:  1899520
mem:  1904640
mem:  1880576
mem:  1891840
mem:  1903104
mem:  1891328
mem:  1922048
mem:  1933312
mem:  1932288
mem:  1901056
mem:  1925632
mem:  1920000
mem:  1905664
mem:  1926656
mem:  1947648
mem:  1903104
mem:  1886208
mem:  1938944
mem:  1947648
mem:  1906688
mem:  1959424
mem:  1919488
mem:  1956352
mem:  1955328
mem:  1930240
mem:  1935360
mem:  1956352
mem:  1915392
mem:  1955840
mem:  1941504
mem:  1972224
mem:  1940992
mem:  1971712
mem:  1960960
mem:  1949184
mem:  1964032
mem:  1945088
mem:  1956352
mem:  1980928
mem:  1940992
mem:  1987584
mem:  1963520
mem:  1954304
mem:  1982464
mem:  1976832
mem:  1998848
mem:  1954304
mem:  1988608
mem:  1990144
mem:  1975808
mem:  1960448
mem:  1987584
mem:  1980416
mem:  1994240
mem:  1966592
mem:  1993728
mem:  1975808
mem:  1967616
mem:  2018816
mem:  1971712
mem:  1995264
mem:  1977344
mem:  2011648
mem:  2029056
mem:  1968640
mem:  2032128
mem:  2014208
mem:  2025472
mem:  1997824
mem:  1973760
mem:  2023936
mem:  1986560
mem:  2023424
mem:  2038272
mem:  2016768
mem:  2008576
mem:  2029568
mem:  2037248
mem:  2049536
mem:  2001408
mem:  2022400
mem:  2040832
mem:  2003456
mem:  2056192
mem:  2012672
mem:  2043392
mem:  2009600
mem:  2030592
mem:  2032128
mem:  2030080
mem:  1998848
mem:  2062336
mem:  2028544
