SLURM_JOBID=5050104
SLURM_JOB_NODELIST=svl15
SLURM_NNODES=1
SLURMTMPDIR=
working directory = /viscam/projects/objectfolder_benchmark/benchmarks/Multi_Sensory_3D_Reconstruction/code/models/MDN
Start_idx:  682
mem:  1536
mem:  1913856
mem:  1882112
mem:  1861632
mem:  1924096
mem:  1929216
mem:  1875968
mem:  1918976
mem:  1891328
mem:  1909760
mem:  1868800
mem:  1903104
mem:  1894912
mem:  1892864
mem:  1917440
mem:  1902080
mem:  1893888
mem:  1908736
mem:  1897984
mem:  1925120
mem:  1913344
mem:  1934336
mem:  1943040
mem:  1931264
mem:  1903616
mem:  1950208
mem:  1906688
mem:  1943552
mem:  1902592
mem:  1917440
mem:  1905664
mem:  1955840
mem:  1941504
mem:  1959936
mem:  1971200
mem:  1959424
mem:  1951232
mem:  1927168
mem:  1966592
mem:  1923072
mem:  1976832
mem:  1935872
mem:  1925120
mem:  1942528
mem:  1950208
mem:  1948160
mem:  1963008
mem:  1931776
mem:  1959936
mem:  1967616
mem:  1920512
mem:  1986560
mem:  1995264
mem:  1948160
mem:  1975296
mem:  1996288
mem:  1968640
mem:  1993216
mem:  1977856
mem:  1976832
mem:  1988096
mem:  1986048
mem:  1964544
mem:  1975808
mem:  2010112
mem:  1953280
mem:  1991168
mem:  1959936
mem:  2003968
mem:  1998336
mem:  1974272
mem:  2028032
mem:  1977344
mem:  2001920
mem:  2009600
mem:  1988096
mem:  2018816
mem:  2007040
mem:  2021888
mem:  1994240
mem:  2024960
mem:  1991168
mem:  2012160
mem:  1997824
mem:  2018816
mem:  2013184
mem:  2024448
mem:  2042880
mem:  2015232
mem:  2032640
mem:  2030592
mem:  2035712
mem:  2017792
mem:  2032640
mem:  2034176
mem:  2022400
mem:  2020352
mem:  2041344
mem:  2033152
mem:  2038272
