SLURM_JOBID=5050060
SLURM_JOB_NODELIST=svl12
SLURM_NNODES=1
SLURMTMPDIR=
working directory = /viscam/projects/objectfolder_benchmark/benchmarks/Multi_Sensory_3D_Reconstruction/code/models/MDN
Start_idx:  657
mem:  1536
mem:  1917440
mem:  1918464
mem:  1916416
mem:  1927680
mem:  1919488
mem:  1921024
mem:  1926144
mem:  1930240
mem:  1922048
mem:  1923584
mem:  1905664
mem:  1910784
mem:  1941504
mem:  1939456
mem:  1925120
mem:  1920512
mem:  1925632
mem:  1933312
mem:  1931264
mem:  1938944
mem:  1947648
mem:  1943040
mem:  1940992
mem:  1955840
mem:  1959936
mem:  1961472
mem:  1947136
mem:  1954816
mem:  1966080
mem:  1965056
mem:  1959424
mem:  1960960
mem:  1966080
mem:  1954304
mem:  1963008
mem:  1960960
mem:  1972224
mem:  1960448
mem:  1959424
mem:  1953792
mem:  1984512
mem:  1970176
mem:  1948672
mem:  1969664
mem:  1987072
mem:  1988608
mem:  1987584
mem:  1975808
mem:  1967616
mem:  1992192
mem:  1999872
mem:  1979392
mem:  2002944
mem:  1992192
mem:  2006016
mem:  1981952
mem:  1999360
mem:  2004480
mem:  1992704
mem:  1997824
mem:  2015232
mem:  1991168
mem:  1995264
mem:  2013696
mem:  2011648
mem:  2020352
mem:  2012160
mem:  2016256
mem:  2021376
mem:  1997312
mem:  2020864
mem:  2010112
mem:  2027520
mem:  2009600
mem:  2036736
mem:  2032128
mem:  2020352
mem:  2025472
mem:  2023424
mem:  2038272
mem:  2026496
mem:  2034176
mem:  2042880
mem:  2040832
mem:  2019328
mem:  2053632
mem:  2051584
mem:  2046976
mem:  2048512
mem:  2050048
mem:  2051584
mem:  2053120
mem:  2048512
mem:  2059776
mem:  2051584
mem:  2059264
mem:  2041344
mem:  2072064
mem:  2057728
