SLURM_JOBID=5050400
SLURM_JOB_NODELIST=svl7
SLURM_NNODES=1
SLURMTMPDIR=
working directory = /viscam/projects/objectfolder_benchmark/benchmarks/Multi_Sensory_3D_Reconstruction/code/models/MDN
Start_idx:  987
mem:  1536
mem:  1878528
mem:  1912320
mem:  1920000
mem:  1921536
mem:  1907200
mem:  1918464
mem:  1926144
mem:  1904640
mem:  1923072
mem:  1917440
mem:  1909248
mem:  1910784
mem:  1906176
mem:  1927168
mem:  1893376
mem:  1907200
mem:  1944064
mem:  1939456
mem:  1925120
mem:  1948672
mem:  1940480
mem:  1952768
mem:  1927680
mem:  1929216
mem:  1940480
mem:  1958912
mem:  1947136
mem:  1942528
mem:  1952768
mem:  1948160
mem:  1963008
mem:  1954816
mem:  1943040
mem:  1957888
mem:  1946112
mem:  1976832
mem:  1972224
mem:  1964032
mem:  1948672
mem:  1970688
mem:  1965056
mem:  1960448
mem:  1968128
mem:  1953792
mem:  1988096
mem:  1966592
mem:  1984000
mem:  1981952
mem:  1971200
mem:  1988608
mem:  1997312
mem:  1981952
mem:  1987072
mem:  1963008
mem:  1990144
mem:  1988096
mem:  1995776
mem:  1998336
mem:  1992704
mem:  1974784
mem:  1999360
mem:  2003456
mem:  2018304
mem:  2000384
mem:  2021376
mem:  2016768
mem:  2021888
mem:  2019840
mem:  2015232
mem:  2019328
mem:  2018304
mem:  2022400
mem:  2031104
mem:  2035200
mem:  2004992
mem:  2034688
mem:  2027520
mem:  2021888
mem:  2003968
mem:  2024960
mem:  2036224
mem:  2043904
mem:  2025984
mem:  2037248
mem:  2049536
mem:  2043904
mem:  2035712
mem:  2027520
mem:  2048512
mem:  2050048
mem:  2055168
mem:  2060288
mem:  2003456
mem:  2053632
mem:  2057728
mem:  2066432
mem:  2051072
mem:  2049024
mem:  2070016
