SLURM_JOBID=5049963
SLURM_JOB_NODELIST=svl10
SLURM_NNODES=1
SLURMTMPDIR=
working directory = /viscam/projects/objectfolder_benchmark/benchmarks/Multi_Sensory_3D_Reconstruction/code/models/MDN
Start_idx:  549
mem:  1536
mem:  1907712
mem:  1885696
mem:  1893376
mem:  1905664
mem:  1929216
mem:  1911296
mem:  1903104
mem:  1917952
mem:  1932800
mem:  1923584
mem:  1918976
mem:  1914368
mem:  1935360
mem:  1936896
mem:  1944576
mem:  1924096
mem:  1937920
mem:  1949184
mem:  1928704
mem:  1936384
mem:  1940480
mem:  1939456
mem:  1937408
mem:  1958400
mem:  1946624
mem:  1942016
mem:  1927680
mem:  1941504
mem:  1956352
mem:  1948160
mem:  1956864
mem:  1960960
mem:  1962496
mem:  1973760
mem:  1949696
mem:  1964544
mem:  1966080
mem:  1964032
mem:  1946112
mem:  1979392
mem:  1961472
mem:  1954304
mem:  1977856
mem:  1944064
mem:  1984512
mem:  1969152
mem:  1954816
mem:  1962496
mem:  1983488
mem:  1949696
mem:  1999872
mem:  1995264
mem:  1993216
mem:  1994752
mem:  1970688
mem:  1994240
mem:  1993216
mem:  2008064
mem:  1973248
mem:  2001408
mem:  2001920
mem:  2016768
mem:  1996288
mem:  1990656
mem:  1998336
mem:  1997312
mem:  2024448
mem:  2000384
mem:  2027520
mem:  2029056
mem:  2030592
mem:  2019840
mem:  2008064
mem:  2029056
mem:  2013696
mem:  2028544
mem:  2023936
mem:  2031616
mem:  2023424
mem:  2044416
mem:  2030080
mem:  2041344
mem:  2049024
mem:  2050560
mem:  2052096
mem:  2028032
mem:  2035712
mem:  2015232
mem:  2019328
mem:  2043904
mem:  2055168
mem:  2062848
mem:  2015744
mem:  2050048
mem:  2051584
mem:  2055680
mem:  2060800
mem:  2052608
mem:  2073600
