SLURM_JOBID=5049806
SLURM_JOB_NODELIST=svl5
SLURM_NNODES=1
SLURMTMPDIR=
working directory = /viscam/projects/objectfolder_benchmark/benchmarks/Multi_Sensory_3D_Reconstruction/code/models/MDN
Start_idx:  364
mem:  1536
mem:  1888256
mem:  1924608
mem:  1873920
mem:  1917952
mem:  1919488
mem:  1885696
mem:  1922560
mem:  1927680
mem:  1876992
mem:  1930752
mem:  1916416
mem:  1879040
mem:  1931776
mem:  1933312
mem:  1944576
mem:  1936384
mem:  1899008
mem:  1945600
mem:  1927680
mem:  1932800
mem:  1947648
mem:  1926144
mem:  1933824
mem:  1919488
mem:  1959936
mem:  1900544
mem:  1924096
mem:  1958400
mem:  1943040
mem:  1934848
mem:  1943552
mem:  1912320
mem:  1966080
mem:  1922560
mem:  1959424
mem:  1922048
mem:  1923584
mem:  1960448
mem:  1975296
mem:  1967104
mem:  1926144
mem:  1940992
mem:  1958400
mem:  1973248
mem:  1945600
mem:  1969152
mem:  1961984
mem:  1956352
mem:  1977344
mem:  1994752
mem:  1993728
mem:  1988096
mem:  1967616
mem:  1969152
mem:  1996288
mem:  2007552
mem:  1987072
mem:  1948672
mem:  2009600
mem:  1988096
mem:  1964032
mem:  1987584
mem:  1998848
mem:  2006528
mem:  2021376
mem:  1971712
mem:  2008576
mem:  2002944
mem:  2027520
mem:  1999872
mem:  1975808
mem:  1987072
mem:  2033664
mem:  1976832
mem:  1995264
mem:  2024960
mem:  2016768
mem:  2025472
mem:  2033152
mem:  2044416
mem:  2045952
mem:  2024448
mem:  2042880
mem:  2028544
mem:  2013184
mem:  1991680
mem:  2003968
mem:  2017792
mem:  2058240
mem:  2059776
mem:  1983488
mem:  2062848
mem:  2035200
mem:  2046464
mem:  2067456
mem:  2059264
mem:  2060800
mem:  2058752
mem:  2044416
