SLURM_JOBID=5049969
SLURM_JOB_NODELIST=svl2
SLURM_NNODES=1
SLURMTMPDIR=
working directory = /viscam/projects/objectfolder_benchmark/benchmarks/Multi_Sensory_3D_Reconstruction/code/models/MDN
Start_idx:  555
mem:  1536
mem:  1891840
mem:  1908736
mem:  1904128
mem:  1885184
mem:  1893888
mem:  1829888
mem:  1896960
mem:  1863168
mem:  1886720
mem:  1917440
mem:  1857024
mem:  1885184
mem:  1908736
mem:  1923584
mem:  1883648
mem:  1914368
mem:  1912320
mem:  1913856
mem:  1950720
mem:  1909760
mem:  1928192
mem:  1929728
mem:  1902080
mem:  1938944
mem:  1930752
mem:  1900544
mem:  1930240
mem:  1909760
mem:  1897984
mem:  1945600
mem:  1879040
mem:  1931776
mem:  1946624
mem:  1934848
mem:  1932800
mem:  1922048
mem:  1920000
mem:  1944576
mem:  1955840
mem:  1967104
mem:  1916416
mem:  1937408
mem:  1968128
mem:  1934336
mem:  1984512
mem:  1960448
mem:  1880576
mem:  1982976
mem:  1918976
mem:  1965568
mem:  1986560
mem:  1995264
mem:  1987072
mem:  1959424
mem:  1964544
mem:  1952768
mem:  1954304
mem:  1955840
mem:  1979392
mem:  1974784
mem:  1993216
mem:  1945088
mem:  1928192
mem:  1990656
mem:  1992192
mem:  1984000
mem:  1992704
mem:  1994240
mem:  1963008
mem:  1958400
mem:  2011136
mem:  2025984
mem:  1994752
mem:  2019328
mem:  2020864
mem:  2005504
mem:  2004480
mem:  1990144
mem:  1962496
mem:  2038272
mem:  1968128
mem:  2006016
mem:  1926144
mem:  2044416
mem:  2013184
mem:  2030592
mem:  2032128
mem:  2046976
mem:  1954816
mem:  2014720
mem:  1973760
mem:  2033664
mem:  2006016
mem:  2013696
mem:  2041856
mem:  2017792
mem:  2051072
mem:  2052608
mem:  2009088
