SLURM_JOBID=5050246
SLURM_JOB_NODELIST=svl1
SLURM_NNODES=1
SLURMTMPDIR=
working directory = /viscam/projects/objectfolder_benchmark/benchmarks/Multi_Sensory_3D_Reconstruction/code/models/MDN
Start_idx:  859
mem:  1536
mem:  1900544
mem:  1901568
mem:  1912832
mem:  1908224
mem:  1929216
mem:  1918464
mem:  1916416
mem:  1924096
mem:  1919488
mem:  1927168
mem:  1932288
mem:  1939968
mem:  1935360
mem:  1943040
mem:  1922560
mem:  1946112
mem:  1941504
mem:  1943040
mem:  1931264
mem:  1936384
mem:  1914880
mem:  1949184
mem:  1944576
mem:  1952256
mem:  1944064
mem:  1928704
mem:  1947136
mem:  1958400
mem:  1956352
mem:  1918976
mem:  1969152
mem:  1951232
mem:  1969664
mem:  1971200
mem:  1975296
mem:  1964544
mem:  1958912
mem:  1964032
mem:  1975296
mem:  1970688
mem:  1978368
mem:  1954304
mem:  1942528
mem:  1975808
mem:  1984512
mem:  1976320
mem:  1951232
mem:  1982976
mem:  1990656
mem:  1959424
mem:  1986560
mem:  1989120
mem:  1973760
mem:  1985024
mem:  1976832
mem:  2007552
mem:  2005504
mem:  1981440
mem:  1973248
mem:  1988096
mem:  1995776
mem:  2000896
mem:  2008576
mem:  2000384
mem:  2018816
mem:  2009600
mem:  2021888
mem:  2019840
mem:  2014208
mem:  2007040
mem:  2024448
mem:  2025984
mem:  2033664
mem:  2025472
mem:  2014720
mem:  2038272
mem:  2020352
mem:  2041344
mem:  2036736
mem:  2044416
mem:  2030080
mem:  2018304
mem:  2025984
mem:  2024960
mem:  2020352
mem:  2040320
mem:  2055168
mem:  2037248
mem:  2052096
mem:  2036736
mem:  2048000
mem:  2049536
mem:  2058240
mem:  2036736
mem:  2057728
mem:  2059264
mem:  2057216
mem:  2069504
mem:  2044416
