SLURM_JOBID=5049915
SLURM_JOB_NODELIST=svl2
SLURM_NNODES=1
SLURMTMPDIR=
working directory = /viscam/projects/objectfolder_benchmark/benchmarks/Multi_Sensory_3D_Reconstruction/code/models/MDN
Start_idx:  486
mem:  1536
mem:  1900544
mem:  1895424
mem:  1871360
mem:  1886208
mem:  1878016
mem:  1905152
mem:  1889792
mem:  1840128
mem:  1886720
mem:  1897984
mem:  1912832
mem:  1862144
mem:  1915904
mem:  1907712
mem:  1895936
mem:  1920512
mem:  1873408
mem:  1865216
mem:  1909248
mem:  1913344
mem:  1922048
mem:  1894400
mem:  1885184
mem:  1900032
mem:  1914880
mem:  1918976
mem:  1939968
mem:  1952256
mem:  1923584
mem:  1886208
mem:  1888768
mem:  1954816
mem:  1936896
mem:  1915392
mem:  1930240
mem:  1934336
mem:  1926144
mem:  1970176
mem:  1949696
mem:  1960960
mem:  1942016
mem:  1950720
mem:  1938944
mem:  1975808
mem:  1957888
mem:  1953280
mem:  1964544
mem:  1940480
mem:  1932288
mem:  1963008
mem:  1993728
mem:  1981952
mem:  1925120
mem:  1988608
mem:  1984000
mem:  1978368
mem:  1970176
mem:  1978880
mem:  1996288
mem:  1929728
mem:  1995776
mem:  1987584
mem:  1973248
mem:  1961472
mem:  1960448
mem:  2003456
mem:  2018304
mem:  1928704
mem:  1988608
mem:  1999872
mem:  1981952
mem:  1971200
mem:  2014208
mem:  2009600
mem:  1988096
mem:  2009088
mem:  1994752
mem:  1989120
mem:  2000384
mem:  2044416
mem:  2010624
mem:  2018304
mem:  2013696
mem:  1947136
mem:  2013184
mem:  2008576
mem:  1996800
mem:  2024960
mem:  2009600
mem:  1985536
mem:  1977344
mem:  2040832
mem:  1986560
mem:  2007552
mem:  2028544
mem:  2023936
mem:  2035200
mem:  2050048
mem:  2048000
