SLURM_JOBID=5049590
SLURM_JOB_NODELIST=svl17
SLURM_NNODES=1
SLURMTMPDIR=
working directory = /viscam/projects/objectfolder_benchmark/benchmarks/Multi_Sensory_3D_Reconstruction/code/models/MDN
Start_idx:  154
mem:  1536
mem:  1872384
mem:  1885696
mem:  1861632
mem:  1869312
mem:  1893888
mem:  1907712
mem:  1877504
mem:  1881600
mem:  1913344
mem:  1911296
mem:  1905664
mem:  1939968
mem:  1912320
mem:  1901568
mem:  1903104
mem:  1868288
mem:  1895424
mem:  1935872
mem:  1905664
mem:  1923072
mem:  1911296
mem:  1920000
mem:  1927680
mem:  1913344
mem:  1914880
mem:  1922560
mem:  1875456
mem:  1935360
mem:  1952768
mem:  1965056
mem:  1930240
mem:  1937920
mem:  1917440
mem:  1967616
mem:  1933824
mem:  1960960
mem:  1926144
mem:  1964032
mem:  1955840
mem:  1947648
mem:  1961472
mem:  1950720
mem:  1948672
mem:  1940480
mem:  1987072
mem:  1939968
mem:  1938944
mem:  1923584
mem:  1957888
mem:  1963008
mem:  1960960
mem:  1969664
mem:  1973760
mem:  1939968
mem:  1967104
mem:  1966080
mem:  1960448
mem:  1965568
mem:  1951232
mem:  2000384
mem:  1973760
mem:  1981440
mem:  1979392
mem:  1984512
mem:  1982464
mem:  1977856
mem:  1989120
mem:  1957888
mem:  2021376
mem:  1976832
mem:  1989120
mem:  1970176
mem:  2008064
mem:  1990144
mem:  1981952
mem:  2012672
mem:  1965568
mem:  1989120
mem:  2017280
mem:  2015232
mem:  2020352
mem:  2014720
mem:  2019840
mem:  2024960
mem:  2026496
mem:  2021888
mem:  2039296
mem:  1988608
mem:  2016768
mem:  1998848
mem:  2048000
mem:  2031104
mem:  2038784
mem:  2056192
mem:  1993216
mem:  2036224
mem:  2051072
mem:  2046464
mem:  2038272
