SLURM_JOBID=5049896
SLURM_JOB_NODELIST=svl1
SLURM_NNODES=1
SLURMTMPDIR=
working directory = /viscam/projects/objectfolder_benchmark/benchmarks/Multi_Sensory_3D_Reconstruction/code/models/MDN
Start_idx:  468
mem:  1536
mem:  1881088
mem:  1879552
mem:  1920000
mem:  1894912
mem:  1923072
mem:  1914880
mem:  1896960
mem:  1917952
mem:  1909760
mem:  1924608
mem:  1922560
mem:  1914368
mem:  1941504
mem:  1917440
mem:  1899520
mem:  1916928
mem:  1935360
mem:  1949184
mem:  1911808
mem:  1916928
mem:  1937920
mem:  1949184
mem:  1940992
mem:  1932800
mem:  1930752
mem:  1942016
mem:  1943552
mem:  1960960
mem:  1946624
mem:  1967616
mem:  1939968
mem:  1957376
mem:  1933312
mem:  1973760
mem:  1971712
mem:  1953792
mem:  1946624
mem:  1938432
mem:  1929216
mem:  1969664
mem:  1961472
mem:  1963008
mem:  1981440
mem:  1989120
mem:  1987072
mem:  1970176
mem:  1987584
mem:  1973248
mem:  1954304
mem:  1939968
mem:  1976832
mem:  1972224
mem:  1980928
mem:  2000896
mem:  1986560
mem:  2004992
mem:  2002944
mem:  2008064
mem:  2006016
mem:  2013696
mem:  1964032
mem:  1975296
mem:  2018304
mem:  2017280
mem:  2011648
mem:  1990144
mem:  2002432
mem:  2022400
mem:  2027520
mem:  2013184
mem:  2030592
mem:  1996800
mem:  2011648
mem:  2025472
mem:  1972224
mem:  2006528
mem:  2033664
mem:  2028032
mem:  2036736
mem:  2034688
mem:  1987584
mem:  2047488
mem:  2046464
mem:  2044416
mem:  2048512
mem:  2043904
mem:  2055168
mem:  2054144
mem:  2052096
mem:  2037760
mem:  2035712
mem:  2053120
mem:  2054656
mem:  2065920
mem:  2057728
mem:  2068992
mem:  2051072
mem:  2072064
mem:  2051584
