SLURM_JOBID=5049676
SLURM_JOB_NODELIST=svl5
SLURM_NNODES=1
SLURMTMPDIR=
working directory = /viscam/projects/objectfolder_benchmark/benchmarks/Multi_Sensory_3D_Reconstruction/code/models/MDN
Start_idx:  193
mem:  1536
mem:  1900544
mem:  1860096
mem:  1867776
mem:  1895936
mem:  1867264
mem:  1901568
mem:  1883648
mem:  1882624
mem:  1909760
mem:  1856512
mem:  1883648
mem:  1879040
mem:  1918464
mem:  1907712
mem:  1921536
mem:  1904640
mem:  1869824
mem:  1927168
mem:  1925120
mem:  1926656
mem:  1901568
mem:  1935872
mem:  1947136
mem:  1926656
mem:  1914880
mem:  1951744
mem:  1914368
mem:  1909760
mem:  1913856
mem:  1893376
mem:  1907200
mem:  1958400
mem:  1946624
mem:  1925120
mem:  1969152
mem:  1960960
mem:  1936896
mem:  1940992
mem:  1965568
mem:  1940480
mem:  1962496
mem:  1986048
mem:  1948672
mem:  1953792
mem:  1955328
mem:  1930240
mem:  1958400
mem:  1975808
mem:  1938432
mem:  1975296
mem:  1964544
mem:  1962496
mem:  1921536
mem:  1959424
mem:  1964544
mem:  1975808
mem:  1966592
mem:  2004480
mem:  1980416
mem:  2001408
mem:  1973760
mem:  1942528
mem:  1953792
mem:  1957888
mem:  1998336
mem:  1984000
mem:  1911296
mem:  2019840
mem:  2004480
mem:  1990144
mem:  1962496
mem:  1999360
mem:  1985024
mem:  1984000
mem:  1981952
mem:  1995776
mem:  1978880
mem:  1967104
mem:  1978368
mem:  1989632
mem:  1987584
mem:  2014720
mem:  1990656
mem:  2001920
mem:  1990144
mem:  2028032
mem:  2002944
mem:  2005504
mem:  2035200
mem:  2027008
mem:  2045440
mem:  2000896
mem:  2006016
mem:  2042880
mem:  2002944
mem:  2043392
mem:  2028032
mem:  2003968
mem:  2034688
