SLURM_JOBID=5050291
SLURM_JOB_NODELIST=svl10
SLURM_NNODES=1
SLURMTMPDIR=
working directory = /viscam/projects/objectfolder_benchmark/benchmarks/Multi_Sensory_3D_Reconstruction/code/models/MDN
Start_idx:  897
mem:  1536
mem:  1900544
mem:  1860096
mem:  1887232
mem:  1882624
mem:  1878016
mem:  1905152
mem:  1932288
mem:  1859584
mem:  1919488
mem:  1911296
mem:  1909248
mem:  1908224
mem:  1918464
mem:  1904128
mem:  1899520
mem:  1920512
mem:  1912320
mem:  1906688
mem:  1915392
mem:  1913344
mem:  1914880
mem:  1939456
mem:  1904640
mem:  1942528
mem:  1907712
mem:  1916416
mem:  1953280
mem:  1919488
mem:  1936896
mem:  1942016
mem:  1953280
mem:  1945088
mem:  1911296
mem:  1934848
mem:  1972736
mem:  1957376
mem:  1933312
mem:  1940992
mem:  1952256
mem:  1944064
mem:  1949184
mem:  1950720
mem:  1987584
mem:  1957376
mem:  1961472
mem:  1963008
mem:  1951232
mem:  1936896
mem:  1948160
mem:  1943552
mem:  1945088
mem:  1943040
mem:  1979904
mem:  1965568
mem:  1990144
mem:  1958912
mem:  1979904
mem:  2000896
mem:  1986560
mem:  1962496
mem:  1973760
mem:  1971712
mem:  1998848
mem:  2007552
mem:  1999360
mem:  2007040
mem:  1966080
mem:  2002944
mem:  1976320
mem:  1999872
mem:  2001408
mem:  1971200
mem:  1985024
mem:  2006016
mem:  2017280
mem:  2006528
mem:  2020352
mem:  2038784
mem:  1990656
mem:  2024960
mem:  2013184
mem:  2008576
mem:  2013696
mem:  2015232
mem:  2036224
mem:  2024448
mem:  2010112
mem:  1998336
mem:  2006016
mem:  2037760
mem:  2012672
mem:  2017792
mem:  2048512
mem:  2033152
mem:  2048000
mem:  2030080
mem:  2051072
mem:  2039296
mem:  2038272
