SLURM_JOBID=5050202
SLURM_JOB_NODELIST=svl2
SLURM_NNODES=1
SLURMTMPDIR=
working directory = /viscam/projects/objectfolder_benchmark/benchmarks/Multi_Sensory_3D_Reconstruction/code/models/MDN
Start_idx:  785
mem:  1536
mem:  1923584
mem:  1905152
mem:  1926144
mem:  1927680
mem:  1923072
mem:  1914880
mem:  1910272
mem:  1933824
mem:  1906176
mem:  1936896
mem:  1932288
mem:  1936384
mem:  1929216
mem:  1917440
mem:  1925120
mem:  1930240
mem:  1937920
mem:  1939456
mem:  1950720
mem:  1952256
mem:  1947648
mem:  1949184
mem:  1956864
mem:  1958400
mem:  1957376
mem:  1957888
mem:  1960448
mem:  1964544
mem:  1956352
mem:  1957888
mem:  1969152
mem:  1951232
mem:  1962496
mem:  1971200
mem:  1969152
mem:  1976832
mem:  1978368
mem:  1973760
mem:  1981440
mem:  1982976
mem:  1984512
mem:  1986048
mem:  1977856
mem:  1969664
mem:  1988096
mem:  1986048
mem:  1977856
mem:  1992704
mem:  1993216
mem:  1998336
mem:  1984000
mem:  1988096
mem:  1999360
mem:  2004480
mem:  2006016
mem:  2007552
mem:  2009088
mem:  1994752
mem:  2012160
mem:  2007552
mem:  2015232
mem:  2003456
mem:  2014720
mem:  2013696
mem:  2011648
mem:  2022912
mem:  2020864
mem:  2003968
mem:  2027520
mem:  2029056
mem:  2024448
mem:  2032128
mem:  2023936
mem:  2021888
mem:  2030592
mem:  2022400
mem:  2023936
mem:  2025472
mem:  2040320
mem:  2040832
mem:  2045952
mem:  2047488
mem:  2046464
mem:  2050560
mem:  2045952
mem:  2047488
mem:  2039296
mem:  2056704
mem:  2054656
mem:  2050048
mem:  2061312
mem:  2053120
mem:  2064384
mem:  2059776
mem:  2067456
mem:  2062848
mem:  2070528
mem:  2046464
mem:  2073600
