SLURM_JOBID=5049798
SLURM_JOB_NODELIST=svl1
SLURM_NNODES=1
SLURMTMPDIR=
working directory = /viscam/projects/objectfolder_benchmark/benchmarks/Multi_Sensory_3D_Reconstruction/code/models/MDN
Start_idx:  361
mem:  1536
mem:  1878528
mem:  1924608
mem:  1845760
mem:  1925120
mem:  1926656
mem:  1927168
mem:  1932288
mem:  1892352
mem:  1890304
mem:  1888256
mem:  1922560
mem:  1927680
mem:  1929216
mem:  1929728
mem:  1944576
mem:  1942528
mem:  1925632
mem:  1888256
mem:  1928704
mem:  1916928
mem:  1891840
mem:  1922560
mem:  1954304
mem:  1929216
mem:  1959936
mem:  1926144
mem:  1950720
mem:  1958400
mem:  1959936
mem:  1967616
mem:  1946112
mem:  1925632
mem:  1962496
mem:  1970176
mem:  1916928
mem:  1974272
mem:  1978368
mem:  1950720
mem:  1969152
mem:  1947648
mem:  1945600
mem:  1970176
mem:  1929216
mem:  1979392
mem:  1929728
mem:  1982464
mem:  1954816
mem:  1985536
mem:  1974784
mem:  1998336
mem:  1997312
mem:  1981952
mem:  1948160
mem:  1942528
mem:  1973248
mem:  2001408
mem:  1947136
mem:  2004480
mem:  1950208
mem:  1971200
mem:  2009088
mem:  2016768
mem:  2004992
mem:  2017280
mem:  2021376
mem:  2013184
mem:  1981952
mem:  2022400
mem:  1985024
mem:  1999872
mem:  1975808
mem:  1987072
mem:  1972736
mem:  2031616
mem:  2024448
mem:  2018816
mem:  2039808
mem:  2029056
mem:  2023424
mem:  1999360
mem:  2045952
mem:  2028032
mem:  2025984
mem:  2021376
mem:  2039808
mem:  2011136
mem:  2016256
mem:  2050560
mem:  2038784
mem:  2059776
mem:  2051584
mem:  2030080
mem:  2061824
mem:  2052608
mem:  2012672
mem:  2055680
mem:  2064384
mem:  2042880
mem:  2073600
