SLURM_JOBID=5050013
SLURM_JOB_NODELIST=svl10
SLURM_NNODES=1
SLURMTMPDIR=
working directory = /viscam/projects/objectfolder_benchmark/benchmarks/Multi_Sensory_3D_Reconstruction/code/models/MDN
Start_idx:  592
mem:  1536
mem:  1888256
mem:  1892864
mem:  1874944
mem:  1904640
mem:  1858560
mem:  1879552
mem:  1928704
mem:  1917952
mem:  1893888
mem:  1907712
mem:  1935872
mem:  1937408
mem:  1918464
mem:  1911296
mem:  1889792
mem:  1885184
mem:  1941504
mem:  1929728
mem:  1843712
mem:  1919488
mem:  1914880
mem:  1945600
mem:  1956864
mem:  1938944
mem:  1940480
mem:  1957888
mem:  1927680
mem:  1932800
mem:  1962496
mem:  1935872
mem:  1946112
mem:  1892864
mem:  1943040
mem:  1940992
mem:  1932800
mem:  1951232
mem:  1945600
mem:  1973760
mem:  1965568
mem:  1979392
mem:  1965056
mem:  1937408
mem:  1955840
mem:  1986560
mem:  1990656
mem:  1982464
mem:  1961984
mem:  1950208
mem:  1984512
mem:  1943552
mem:  1976832
mem:  1969664
mem:  1922560
mem:  1975296
mem:  1986560
mem:  1926144
mem:  2009088
mem:  1985024
mem:  1979392
mem:  1980928
mem:  1972736
mem:  1975296
mem:  2014720
mem:  1994240
mem:  1966592
mem:  2016768
mem:  2014720
mem:  1980928
mem:  1994752
mem:  1954816
mem:  2030592
mem:  2018816
mem:  2008064
mem:  2009600
mem:  2034176
mem:  1977344
mem:  1987584
mem:  2038784
mem:  2011136
mem:  1993216
mem:  2020352
mem:  1956352
mem:  1987072
mem:  2031104
mem:  2036224
mem:  2040320
mem:  2049024
mem:  2021376
mem:  2036224
mem:  2001408
mem:  2022400
mem:  2043392
mem:  2015744
mem:  2059776
mem:  2051584
mem:  2033664
mem:  2006016
mem:  2056192
mem:  2071040
