SLURM_JOBID=5049504
SLURM_JOB_NODELIST=svl7
SLURM_NNODES=1
SLURMTMPDIR=
working directory = /viscam/projects/objectfolder_benchmark/benchmarks/Multi_Sensory_3D_Reconstruction/code/models/MDN
Start_idx:  50
mem:  1536
mem:  1907712
mem:  1911296
mem:  1926144
mem:  1908224
mem:  1919488
mem:  1930752
mem:  1909248
mem:  1927680
mem:  1931776
mem:  1936896
mem:  1938432
mem:  1937408
mem:  1931776
mem:  1933312
mem:  1886208
mem:  1932800
mem:  1947648
mem:  1929728
mem:  1947136
mem:  1948672
mem:  1953792
mem:  1955328
mem:  1943552
mem:  1958400
mem:  1940480
mem:  1961472
mem:  1960448
mem:  1960960
mem:  1934336
mem:  1961472
mem:  1955840
mem:  1970688
mem:  1966080
mem:  1944576
mem:  1955840
mem:  1976832
mem:  1945600
mem:  1948160
mem:  1955840
mem:  1963520
mem:  1981952
mem:  1979904
mem:  1981440
mem:  1982976
mem:  1988096
mem:  1947136
mem:  1984000
mem:  1991680
mem:  1990656
mem:  1988608
mem:  1990144
mem:  1991680
mem:  1993216
mem:  1994752
mem:  1999872
mem:  2007552
mem:  1993216
mem:  1994752
mem:  1967104
mem:  1968640
mem:  2012672
mem:  2014208
mem:  2015744
mem:  2013696
mem:  2017792
mem:  2019328
mem:  1985536
mem:  2022400
mem:  2024960
mem:  1999872
mem:  2004992
mem:  2032128
mem:  2021376
mem:  2035200
mem:  2036736
mem:  2016256
mem:  2030080
mem:  2012160
mem:  2033152
mem:  2018816
mem:  2030080
mem:  2047488
mem:  2033152
mem:  2044416
mem:  2003456
mem:  2053632
mem:  2045440
mem:  2044416
mem:  2045952
mem:  2024448
mem:  2035712
mem:  2049536
mem:  2058240
mem:  2004992
mem:  2057728
mem:  2068992
mem:  2057216
mem:  2068480
mem:  2050560
