SLURM_JOBID=5050196
SLURM_JOB_NODELIST=svl9
SLURM_NNODES=1
SLURMTMPDIR=
working directory = /viscam/projects/objectfolder_benchmark/benchmarks/Multi_Sensory_3D_Reconstruction/code/models/MDN
Start_idx:  779
mem:  1536
mem:  1878528
mem:  1885696
mem:  1896960
mem:  1898496
mem:  1915904
mem:  1891840
mem:  1906688
mem:  1898496
mem:  1903616
mem:  1907712
mem:  1909248
mem:  1910784
mem:  1909760
mem:  1921024
mem:  1918976
mem:  1910784
mem:  1941504
mem:  1920000
mem:  1921536
mem:  1890304
mem:  1924608
mem:  1900544
mem:  1917952
mem:  1948672
mem:  1921024
mem:  1949184
mem:  1930240
mem:  1935360
mem:  1952768
mem:  1938432
mem:  1936384
mem:  1935360
mem:  1946624
mem:  1928704
mem:  1961984
mem:  1963520
mem:  1978368
mem:  1957888
mem:  1936384
mem:  1970688
mem:  1942016
mem:  1976320
mem:  1952256
mem:  1944064
mem:  1984512
mem:  1972736
mem:  1977856
mem:  1985536
mem:  1990656
mem:  1975296
mem:  1945088
mem:  1988096
mem:  1954304
mem:  1985024
mem:  1984000
mem:  1968640
mem:  1986048
mem:  1997312
mem:  1992704
mem:  1981952
mem:  1995776
mem:  2013184
mem:  2018304
mem:  1984512
mem:  1979904
mem:  1970688
mem:  1992704
mem:  2025984
mem:  1982464
mem:  2022912
mem:  2001408
mem:  1987072
mem:  2017792
mem:  2019328
mem:  2007552
mem:  2015232
mem:  2023936
mem:  2015744
mem:  2003968
mem:  2015232
mem:  2026496
mem:  2021888
mem:  2006528
mem:  2037248
mem:  2016768
mem:  2037760
mem:  2025984
mem:  2037248
mem:  2036224
mem:  2024448
mem:  2019840
mem:  2039808
mem:  2029056
mem:  2050048
mem:  2045440
mem:  2046976
mem:  2041344
mem:  2020864
mem:  2067456
