SLURM_JOBID=5050267
SLURM_JOB_NODELIST=svl18
SLURM_NNODES=1
SLURMTMPDIR=
working directory = /viscam/projects/objectfolder_benchmark/benchmarks/Multi_Sensory_3D_Reconstruction/code/models/MDN
Start_idx:  879
mem:  1536
mem:  1921024
mem:  1902592
mem:  1881088
mem:  1911808
mem:  1929216
mem:  1889280
mem:  1928704
mem:  1898496
mem:  1929216
mem:  1914880
mem:  1934848
mem:  1920512
mem:  1935360
mem:  1936896
mem:  1932288
mem:  1901056
mem:  1941504
mem:  1949184
mem:  1940992
mem:  1948672
mem:  1951232
mem:  1955328
mem:  1956864
mem:  1958400
mem:  1956352
mem:  1929728
mem:  1939968
mem:  1948672
mem:  1962496
mem:  1945600
mem:  1965568
mem:  1967104
mem:  1946624
mem:  1961472
mem:  1975296
mem:  1967104
mem:  1972224
mem:  1956864
mem:  1969152
mem:  1982976
mem:  1981952
mem:  1972736
mem:  1984000
mem:  1969664
mem:  1990656
mem:  1982464
mem:  1948672
mem:  1985536
mem:  1977344
mem:  1985024
mem:  1999872
mem:  1981952
mem:  1973760
mem:  1998336
mem:  1986560
mem:  2001408
mem:  1983488
mem:  1994752
mem:  1973248
mem:  1997824
mem:  2015232
mem:  2000896
mem:  2008576
mem:  2013696
mem:  2005504
mem:  2016768
mem:  2024448
mem:  2006528
mem:  2008064
mem:  1999872
mem:  2024448
mem:  2025984
mem:  2021376
mem:  2003456
mem:  2030592
mem:  2032128
mem:  2030080
mem:  2041344
mem:  2040320
mem:  2040832
mem:  2043392
mem:  2015744
mem:  2042880
mem:  2044416
mem:  2045952
mem:  2053632
mem:  2055168
mem:  2056704
mem:  2048512
mem:  2057216
mem:  2058752
mem:  2049536
mem:  2054656
mem:  2059776
mem:  2064896
mem:  2049536
mem:  2058240
mem:  2072064
mem:  2071040
