SLURM_JOBID=5049167
SLURM_JOB_NODELIST=svl1
SLURM_NNODES=1
SLURMTMPDIR=
working directory = /viscam/projects/objectfolder_benchmark/benchmarks/Multi_Sensory_3D_Reconstruction/code/models/MDN
Start_idx:  39
mem:  1536
mem:  1923584
mem:  1924608
mem:  1890816
mem:  1908224
mem:  1897472
mem:  1924608
mem:  1918976
mem:  1924096
mem:  1923072
mem:  1921024
mem:  1893376
mem:  1939968
mem:  1912320
mem:  1897984
mem:  1922560
mem:  1936384
mem:  1941504
mem:  1913856
mem:  1938432
mem:  1948672
mem:  1922048
mem:  1910272
mem:  1940992
mem:  1952256
mem:  1946624
mem:  1945600
mem:  1959424
mem:  1941504
mem:  1934336
mem:  1932288
mem:  1956864
mem:  1960960
mem:  1962496
mem:  1950720
mem:  1955840
mem:  1947648
mem:  1943040
mem:  1973760
mem:  1948672
mem:  1924608
mem:  1965056
mem:  1960448
mem:  1977856
mem:  1989120
mem:  1974784
mem:  1937408
mem:  1964544
mem:  1934336
mem:  1971200
mem:  1992192
mem:  1980416
mem:  1972224
mem:  1980928
mem:  2004480
mem:  1976832
mem:  1972224
mem:  2006528
mem:  1952256
mem:  2009600
mem:  2013696
mem:  2012672
mem:  1997312
mem:  2004992
mem:  2007552
mem:  1992192
mem:  1987584
mem:  1985536
mem:  2012672
mem:  2023936
mem:  2026496
mem:  2011136
mem:  2002944
mem:  2014208
mem:  2009600
mem:  2014720
mem:  2032128
mem:  1968128
mem:  1998848
mem:  2013696
mem:  2012672
mem:  2043392
mem:  2037760
mem:  1997824
mem:  2031104
mem:  2042368
mem:  2053632
mem:  2051584
mem:  2037248
mem:  2058240
mem:  2043904
mem:  2045440
mem:  2037248
mem:  2029056
mem:  2059776
mem:  2057728
mem:  2023936
mem:  2054656
mem:  2030592
mem:  2048000
mem:  2068992
mem:  2063360
mem:  2078208
mem:  2034688
mem:  2055680
mem:  2047488
mem:  2042880
mem:  2073600
mem:  2087424
mem:  2043904
mem:  2002944
mem:  2053120
mem:  2081280
mem:  2065920
mem:  2090496
mem:  2098176
mem:  2060800
mem:  2042880
mem:  2061312
mem:  2061824
mem:  2057216
mem:  2078208
mem:  2102784
mem:  2055680
mem:  2089984
mem:  2068480
mem:  2056704
mem:  2044928
mem:  2115584
mem:  2107392
mem:  2078720
mem:  2089984
mem:  2114560
mem:  2123264
mem:  2068992
mem:  2099712
mem:  2117120
mem:  2086912
mem:  2084864
mem:  2096128
mem:  2094080
mem:  2093056
mem:  2104320
mem:  2088960
mem:  2109952
mem:  2122240
mem:  2139648
mem:  2115584
mem:  2113536
mem:  2144256
mem:  2113024
mem:  2153472
mem:  2148864
mem:  2121216
mem:  2119168
mem:  2124288
mem:  2122240
mem:  2094592
mem:  2164224
mem:  2142720
mem:  2134528
mem:  2168832
mem:  2147328
mem:  2156032
mem:  2169856
mem:  2139648
mem:  2147328
mem:  2155008
mem:  2134528
mem:  2165248
mem:  2147328
mem:  2178048
mem:  2160128
mem:  2142208
mem:  2172928
mem:  2161152
mem:  2179584
mem:  2164224
mem:  2169344
mem:  2196480
mem:  2162688
mem:  2180096
mem:  2162176
mem:  2202624
mem:  2159104
mem:  2176512
mem:  2201088
mem:  2173440
mem:  2210304
mem:  2205696
mem:  2171904
mem:  2189312
mem:  2161664
mem:  2179072
mem:  2193920
mem:  2182144
mem:  2210304
mem:  2208256
mem:  2184192
mem:  2188288
mem:  2222592
mem:  2169344
mem:  2208768
mem:  2204160
mem:  2215424
mem:  2232832
mem:  2192896
mem:  2229760
mem:  2172928
mem:  2213376
mem:  2221056
mem:  2210304
mem:  2214400
mem:  2223104
mem:  2224640
mem:  2183680
mem:  2194944
mem:  2209792
mem:  2230784
mem:  2257920
mem:  2198528
mem:  2212352
mem:  2233344
mem:  2212864
mem:  2242560
mem:  2199040
mem:  2210304
mem:  2264064
mem:  2229248
mem:  2273280
mem:  2223616
mem:  2272768
mem:  2252288
mem:  2240512
mem:  2255360
mem:  2250752
mem:  2225664
mem:  2240512
mem:  2261504
mem:  2286080
mem:  2267136
mem:  2262528
mem:  2264064
mem:  2291200
mem:  2286592
mem:  2266112
mem:  2273792
mem:  2268160
mem:  2263552
mem:  2294272
mem:  2286080
mem:  2277888
mem:  2305024
mem:  2288128
mem:  2237440
mem:  2277888
mem:  2289152
mem:  2257920
mem:  2282496
mem:  2303488
mem:  2308608
mem:  2293248
mem:  2285056
mem:  2309632
mem:  2327040
mem:  2312704
mem:  2287616
mem:  2299904
mem:  2288128
mem:  2334720
mem:  2300928
mem:  2283008
mem:  2317312
mem:  2305536
mem:  2316800
mem:  2298880
mem:  2302976
mem:  2278912
mem:  2338816
mem:  2320896
mem:  2326016
mem:  2353152
mem:  2332672
mem:  2317312
mem:  2316288
mem:  2285056
mem:  2344960
mem:  2278400
mem:  2338304
mem:  2339840
mem:  2324480
mem:  2323456
mem:  2321408
mem:  2342400
mem:  2340352
mem:  2345472
mem:  2317824
mem:  2332672
mem:  2336768
mem:  2332160
mem:  2343424
mem:  2370560
mem:  2385408
mem:  2380800
mem:  2359296
mem:  2380288
mem:  2368512
mem:  2393088
mem:  2375168
mem:  2386432
mem:  2397696
mem:  2399232
mem:  2387456
mem:  2402304
mem:  2400256
mem:  2405376
mem:  2375168
mem:  2405888
mem:  2403840
mem:  2411520
mem:  2391040
mem:  2411008
mem:  2416128
mem:  2415104
mem:  2416640
mem:  2420736
mem:  2419712
mem:  2417664
mem:  2422784
mem:  2414592
mem:  2408960
mem:  2423808
mem:  2427904
mem:  2409984
mem:  2430976
mem:  2416640
mem:  2434048
mem:  2436608
mem:  2421248
mem:  2429952
mem:  2443776
mem:  2439168
mem:  2440704
mem:  2442240
mem:  2440192
mem:  2435584
mem:  2437120
mem:  2454528
mem:  2442752
mem:  2457600
mem:  2452992
mem:  2454528
mem:  2449920
mem:  2454016
mem:  2462720
mem:  2460672
mem:  2468352
mem:  2450432
mem:  2445824
mem:  2472960
mem:  2468352
mem:  2462720
mem:  2461696
mem:  2459648
mem:  2477056
mem:  2476032
mem:  2461696
mem:  2465792
mem:  2484224
mem:  2462720
mem:  2483712
mem:  2491392
mem:  2483200
mem:  2488320
mem:  2492416
mem:  2497536
mem:  2495488
mem:  2494464
mem:  2489856
mem:  2501120
mem:  2501632
mem:  2503168
mem:  2502144
mem:  2507264
mem:  2505216
mem:  2506752
mem:  2511872
mem:  2513408
mem:  2511360
mem:  2515456
mem:  2520576
mem:  2509824
mem:  2523648
mem:  2515456
mem:  2497536
mem:  2524672
mem:  2529792
mem:  2511872
mem:  2532864
mem:  2531840
mem:  2533376
mem:  2537472
mem:  2526720
mem:  2530816
mem:  2542080
mem:  2530304
mem:  2515968
mem:  2482176
mem:  2503168
mem:  2547200
mem:  2545152
mem:  2540544
mem:  2515456
mem:  2533888
mem:  2537984
mem:  2516480
mem:  2502144
mem:  2542592
mem:  2534400
mem:  2539520
mem:  2531328
mem:  2535424
mem:  2566144
mem:  2548224
mem:  2559488
mem:  2531840
mem:  2573312
mem:  2551808
mem:  2572800
mem:  2557440
mem:  2566144
mem:  2560512
mem:  2575360
mem:  2564608
mem:  2529792
mem:  2589696
mem:  2588672
mem:  2553856
mem:  2571264
mem:  2554368
mem:  2587648
mem:  2592768
mem:  2568704
mem:  2556928
mem:  2529280
mem:  2589184
mem:  2580992
mem:  2576384
mem:  2593792
mem:  2588160
mem:  2596864
mem:  2610688
mem:  2596352
mem:  2605056
mem:  2612736
mem:  2610688
mem:  2602496
mem:  2613760
mem:  2611712
mem:  2610688
mem:  2589184
mem:  2616320
mem:  2608128
mem:  2622976
mem:  2585600
mem:  2606592
mem:  2617856
mem:  2599936
mem:  2620928
mem:  2622464
mem:  2631168
mem:  2596352
mem:  2633216
mem:  2632192
mem:  2639872
mem:  2625536
mem:  2607616
mem:  2631168
mem:  2639872
mem:  2637824
mem:  2623488
mem:  2634752
mem:  2626560
mem:  2640384
mem:  2639360
mem:  2647040
mem:  2652160
mem:  2643968
mem:  2668544
mem:  2669056
mem:  2644992
mem:  2669568
mem:  2667520
mem:  2649600
mem:  2676736
mem:  2662400
mem:  2679808
mem:  2672640
mem:  2686464
mem:  2664960
mem:  2660352
mem:  2661888
mem:  2620928
mem:  2678272
mem:  2662912
mem:  2687488
mem:  2692608
mem:  2680832
mem:  2695680
mem:  2651136
mem:  2695168
mem:  2677248
mem:  2707968
mem:  2693632
mem:  2688000
mem:  2654208
mem:  2700800
mem:  2696192
mem:  2664960
mem:  2654208
mem:  2700800
mem:  2708480
mem:  2694144
mem:  2715136
mem:  2726400
mem:  2708480
mem:  2677248
mem:  2715136
mem:  2703360
mem:  2708480
mem:  2677248
mem:  2717696
mem:  2722816
mem:  2724352
mem:  2660352
mem:  2727424
mem:  2725376
mem:  2736640
mem:  2747904
mem:  2729984
mem:  2647552
mem:  2723328
mem:  2666496
mem:  2736128
mem:  2695168
mem:  2758656
mem:  2685952
mem:  2745856
mem:  2734080
mem:  2751488
mem:  2750464
mem:  2719232
mem:  2740224
mem:  2770944
mem:  2762752
mem:  2703360
mem:  2775552
mem:  2747904
mem:  2700800
mem:  2770432
mem:  2779136
mem:  2763776
mem:  2761728
mem:  2737664
mem:  2748928
mem:  2789376
mem:  2787328
mem:  2750976
mem:  2764800
mem:  2727424
mem:  2784768
mem:  2786304
mem:  2793984
mem:  2799104
mem:  2777600
mem:  2746368
mem:  2784256
mem:  2717696
mem:  2786304
mem:  2804736
mem:  2812416
mem:  2810368
mem:  2776576
mem:  2745344
mem:  2818560
mem:  2784768
mem:  2821632
mem:  2748928
mem:  2789376
mem:  2787328
mem:  2753536
mem:  2813440
mem:  2798080
mem:  2793472
mem:  2791424
mem:  2786816
mem:  2762752
mem:  2812928
mem:  2840064
mem:  2792960
mem:  2843136
mem:  2786304
mem:  2804736
mem:  2814976
mem:  2804224
mem:  2811904
mem:  2826752
mem:  2828288
mem:  2794496
mem:  2795008
mem:  2816000
mem:  2799104
mem:  2822656
mem:  2830336
mem:  2851328
mem:  2836992
mem:  2822656
mem:  2830336
mem:  2812416
mem:  2823680
mem:  2825216
mem:  2801152
mem:  2831872
mem:  2820096
mem:  2825216
mem:  2852352
mem:  2838016
mem:  2835968
mem:  2831360
mem:  2858496
mem:  2834432
mem:  2832384
mem:  2837504
mem:  2874368
mem:  2850304
mem:  2838528
mem:  2859520
mem:  2870784
mem:  2866176
mem:  2848256
mem:  2840064
mem:  2854912
mem:  2882048
mem:  2873856
mem:  2868224
mem:  2889216
mem:  2855424
mem:  2889728
mem:  2877952
mem:  2860032
mem:  2874880
mem:  2886144
mem:  2903552
mem:  2873344
mem:  2867712
mem:  2892288
mem:  2897408
mem:  2888192
mem:  2893312
mem:  2891264
mem:  2890240
mem:  2897920
mem:  2905600
mem:  2891264
mem:  2896384
mem:  2927104
mem:  2915328
mem:  2916864
mem:  2921984
mem:  2933248
mem:  2886144
mem:  2881536
mem:  2905088
mem:  2916352
mem:  2950656
mem:  2913280
mem:  2934272
mem:  2910208
mem:  2937344
mem:  2906112
mem:  2920960
mem:  2938368
mem:  2939904
mem:  2945024
mem:  2940416
mem:  2921472
mem:  2933760
mem:  2912256
mem:  2962432
mem:  2960384
mem:  2965504
mem:  2937856
mem:  2942976
mem:  2931200
mem:  2932736
mem:  2950144
mem:  2941952
mem:  2924032
mem:  2974208
mem:  2973184
mem:  2945536
mem:  2992128
mem:  2951168
mem:  2962432
mem:  2967552
mem:  2998272
mem:  2957312
mem:  2994176
mem:  2989568
mem:  2961920
mem:  2959872
mem:  2984448
mem:  2979840
mem:  3014144
mem:  2992640
mem:  2987008
mem:  3008000
mem:  3013120
mem:  2969600
mem:  3019776
mem:  3027456
mem:  3022848
mem:  3001344
mem:  3016192
mem:  3014144
mem:  3009536
mem:  3026944
mem:  2973696
mem:  3036160
mem:  3041280
mem:  2994176
mem:  3031040
mem:  3042304
mem:  2992640
mem:  3033088
mem:  3034624
mem:  3028992
mem:  3020800
mem:  3042816
mem:  3044352
mem:  3019264
mem:  3030528
mem:  3041792
mem:  3043328
mem:  3048448
mem:  3020800
mem:  3041792
mem:  3033600
mem:  3021824
mem:  3056128
mem:  3073536
mem:  3059200
mem:  3076608
mem:  3042816
mem:  3076096
mem:  3036160
mem:  3060736
mem:  3032064
mem:  3044352
mem:  3077632
mem:  3043840
mem:  3048960
mem:  3078656
mem:  3071488
mem:  3082752
mem:  3067392
mem:  3053056
mem:  3089920
mem:  3085312
mem:  3083264
mem:  3075072
mem:  3093504
mem:  3091456
mem:  3099136
mem:  3110400
mem:  3082752
mem:  3084288
mem:  3102720
mem:  3113984
mem:  3085312
mem:  3087872
mem:  3056640
mem:  3083776
mem:  3118080
mem:  3106304
mem:  3121152
mem:  3097088
mem:  3104768
mem:  3112448
mem:  3082240
mem:  3105792
mem:  3117056
mem:  3131904
mem:  3113984
mem:  3115520
mem:  3113472
mem:  3101696
mem:  3129856
mem:  3115520
mem:  3136512
mem:  3115008
mem:  3145728
mem:  3150848
mem:  3145216
mem:  3140608
mem:  3136000
mem:  3143680
mem:  3154944
mem:  3146752
mem:  3144704
mem:  3152384
mem:  3144192
mem:  3152896
mem:  3164160
mem:  3148800
mem:  3157504
mem:  3168768
mem:  3160576
mem:  3162112
mem:  3144192
mem:  3161600
mem:  3172864
mem:  3174400
mem:  3121152
mem:  3151872
mem:  3169280
mem:  3148800
mem:  3189248
mem:  3183616
mem:  3165696
mem:  3183104
mem:  3191808
mem:  3173888
mem:  3177984
mem:  3153920
mem:  3204096
mem:  3164160
mem:  3204608
mem:  3206144
mem:  3190784
mem:  3189760
mem:  3203584
mem:  3175936
mem:  3216384
mem:  3198464
mem:  3196416
mem:  3198976
mem:  3200512
mem:  3217920
mem:  3206144
mem:  3220992
mem:  3206656
mem:  3201024
mem:  3219456
mem:  3207680
mem:  3234816
mem:  3216896
mem:  3237888
mem:  3217408
mem:  3231232
mem:  3223040
mem:  3224576
mem:  3245568
mem:  3240960
mem:  3235328
mem:  3227136
mem:  3229696
mem:  3249664
mem:  3252224
mem:  3243008
mem:  3238400
mem:  3239936
mem:  3254784
mem:  3252736
mem:  3248128
mem:  3259392
mem:  3241472
mem:  3258880
mem:  3248128
mem:  3265536
mem:  3267072
mem:  3268608
mem:  3237376
mem:  3261952
mem:  3276800
mem:  3258880
mem:  3256832
mem:  3260928
mem:  3252736
mem:  3257856
mem:  3256832
mem:  3290112
mem:  3269632
mem:  3267584
mem:  3278848
mem:  3292672
mem:  3288064
mem:  3293184
mem:  3288576
mem:  3282944
