SLURM_JOBID=5049682
SLURM_JOB_NODELIST=svl7
SLURM_NNODES=1
SLURMTMPDIR=
working directory = /viscam/projects/objectfolder_benchmark/benchmarks/Multi_Sensory_3D_Reconstruction/code/models/MDN
Start_idx:  197
mem:  1536
mem:  1897984
mem:  1912320
mem:  1887232
mem:  1927680
mem:  1903616
mem:  1891840
mem:  1912832
mem:  1933824
mem:  1912320
mem:  1911296
mem:  1887232
mem:  1917952
mem:  1941504
mem:  1923584
mem:  1912832
mem:  1942528
mem:  1915904
mem:  1890816
mem:  1950720
mem:  1952256
mem:  1922048
mem:  1952768
mem:  1927680
mem:  1923072
mem:  1928192
mem:  1926144
mem:  1959424
mem:  1903616
mem:  1940480
mem:  1918976
mem:  1949696
mem:  1960960
mem:  1946624
mem:  1925120
mem:  1933824
mem:  1967104
mem:  1949184
mem:  1940992
mem:  1946112
mem:  1973248
mem:  1980928
mem:  1943552
mem:  1987584
mem:  1969664
mem:  1955328
mem:  1963008
mem:  1974272
mem:  1966080
mem:  1964032
mem:  1955840
mem:  1986560
mem:  1995264
mem:  1996800
mem:  1952256
mem:  1960960
mem:  1991680
mem:  1986048
mem:  1969152
mem:  1963520
mem:  1972224
mem:  2001920
mem:  2003456
mem:  1998848
mem:  1988096
mem:  2005504
mem:  1981440
mem:  1991680
mem:  1980928
mem:  1963008
mem:  1999872
mem:  1988096
mem:  1993216
mem:  2004480
mem:  2002432
mem:  2017280
mem:  2022400
mem:  2014208
mem:  2021888
mem:  2003968
mem:  2044416
mem:  2010624
mem:  2002432
mem:  2003968
mem:  2050560
mem:  2036224
mem:  2018304
mem:  2029568
mem:  2021376
mem:  2016768
mem:  2037760
mem:  2019840
mem:  2004480
mem:  2032640
mem:  2023424
mem:  2035712
mem:  2027520
mem:  2057216
mem:  2020864
mem:  2048000
