SLURM_JOBID=5050074
SLURM_JOB_NODELIST=svl2
SLURM_NNODES=1
SLURMTMPDIR=
working directory = /viscam/projects/objectfolder_benchmark/benchmarks/Multi_Sensory_3D_Reconstruction/code/models/MDN
Start_idx:  667
mem:  1536
mem:  1901568
mem:  1892864
mem:  1912832
mem:  1911808
mem:  1929216
mem:  1888256
mem:  1860608
mem:  1908224
mem:  1922048
mem:  1895424
mem:  1895936
mem:  1924096
mem:  1925632
mem:  1911296
mem:  1931264
mem:  1926656
mem:  1941504
mem:  1887232
mem:  1915392
mem:  1916928
mem:  1918464
mem:  1904128
mem:  1911808
mem:  1923072
mem:  1934336
mem:  1903104
mem:  1917952
mem:  1945088
mem:  1904128
mem:  1942016
mem:  1947136
mem:  1941504
mem:  1962496
mem:  1960448
mem:  1910784
mem:  1963520
mem:  1968640
mem:  1921536
mem:  1952256
mem:  1957376
mem:  1978368
mem:  1966592
mem:  1977856
mem:  1979392
mem:  1935872
mem:  1943552
mem:  1974272
mem:  1953792
mem:  1944576
mem:  1972736
mem:  1974272
mem:  1981952
mem:  1987072
mem:  1959424
mem:  1937920
mem:  2003968
mem:  1944576
mem:  1991168
mem:  1976832
mem:  2007552
mem:  1925120
mem:  2000896
mem:  1986560
mem:  1997824
mem:  2021376
mem:  2013184
mem:  2004992
mem:  2010112
mem:  1972736
mem:  1996288
mem:  2007552
mem:  2012672
mem:  1955840
mem:  1973248
mem:  1991680
mem:  2006528
mem:  1959424
mem:  2041344
mem:  2027008
mem:  2022400
mem:  2013184
mem:  1989120
mem:  1965056
mem:  2038272
mem:  2003456
mem:  2021888
mem:  2055168
mem:  2046976
mem:  2035200
mem:  2008576
mem:  1993216
mem:  2062848
mem:  2019328
mem:  2030592
mem:  2048000
mem:  2043392
mem:  2041344
mem:  2040320
mem:  2057728
