SLURM_JOBID=5050213
SLURM_JOB_NODELIST=svl18
SLURM_NNODES=1
SLURMTMPDIR=
working directory = /viscam/projects/objectfolder_benchmark/benchmarks/Multi_Sensory_3D_Reconstruction/code/models/MDN
Start_idx:  792
mem:  1536
mem:  1920000
mem:  1921024
mem:  1920000
mem:  1924096
mem:  1916928
mem:  1921024
mem:  1916416
mem:  1927680
mem:  1896448
mem:  1936896
mem:  1938432
mem:  1939968
mem:  1925632
mem:  1936896
mem:  1932288
mem:  1936384
mem:  1937920
mem:  1935872
mem:  1931264
mem:  1948672
mem:  1928192
mem:  1939456
mem:  1947136
mem:  1954816
mem:  1944064
mem:  1955328
mem:  1960448
mem:  1945088
mem:  1930752
mem:  1942016
mem:  1953280
mem:  1960960
mem:  1969664
mem:  1954304
mem:  1943552
mem:  1934336
mem:  1958912
mem:  1964032
mem:  1977856
mem:  1967104
mem:  1945600
mem:  1976320
mem:  1985024
mem:  1969664
mem:  1980928
mem:  1966592
mem:  1974272
mem:  1989120
mem:  1971200
mem:  1992192
mem:  1986560
mem:  1988096
mem:  1979904
mem:  1998336
mem:  2006016
mem:  1962496
mem:  1983488
mem:  1991168
mem:  2002432
mem:  1997824
mem:  1999360
mem:  2013184
mem:  2008576
mem:  2003968
mem:  2018816
mem:  2007040
mem:  2020864
mem:  2016256
mem:  2005504
mem:  2009600
mem:  2008576
mem:  2029568
mem:  2017792
mem:  2015744
mem:  2033152
mem:  2012672
mem:  2023936
mem:  2041344
mem:  2011136
mem:  2024960
mem:  2032640
mem:  2047488
mem:  2049024
mem:  2031104
mem:  2007040
mem:  2053632
mem:  2041856
mem:  2056704
mem:  2032640
mem:  2057216
mem:  2057728
mem:  2062848
mem:  2048512
mem:  2063360
mem:  2063872
mem:  2059264
mem:  2060800
mem:  2062336
mem:  2071040
