SLURM_JOBID=5050053
SLURM_JOB_NODELIST=svl15
SLURM_NNODES=1
SLURMTMPDIR=
working directory = /viscam/projects/objectfolder_benchmark/benchmarks/Multi_Sensory_3D_Reconstruction/code/models/MDN
Start_idx:  651
mem:  1536
mem:  1917440
mem:  1924608
mem:  1926144
mem:  1927680
mem:  1923072
mem:  1930752
mem:  1932288
mem:  1927680
mem:  1935360
mem:  1936896
mem:  1918976
mem:  1939968
mem:  1938944
mem:  1927168
mem:  1944576
mem:  1946112
mem:  1947648
mem:  1949184
mem:  1950720
mem:  1932800
mem:  1953792
mem:  1939456
mem:  1956864
mem:  1948672
mem:  1959936
mem:  1961472
mem:  1956864
mem:  1964544
mem:  1966080
mem:  1948160
mem:  1969152
mem:  1970688
mem:  1972224
mem:  1973760
mem:  1969152
mem:  1976832
mem:  1965056
mem:  1979904
mem:  1981440
mem:  1976832
mem:  1984512
mem:  1986048
mem:  1987584
mem:  1982976
mem:  1984512
mem:  1992192
mem:  1993728
mem:  1995264
mem:  1996800
mem:  1998336
mem:  1999872
mem:  1995264
mem:  1993216
mem:  2004480
mem:  2006016
mem:  1997824
mem:  2002944
mem:  2007040
mem:  2012160
mem:  2011136
mem:  2011648
mem:  2016768
mem:  2018304
mem:  2013696
mem:  2021376
mem:  1987584
mem:  2008576
mem:  2025984
mem:  2027520
mem:  2029056
mem:  2030592
mem:  2032128
mem:  2033664
mem:  2035200
mem:  2036736
mem:  2038272
mem:  2037248
mem:  2041344
mem:  2023424
mem:  2028544
mem:  2032640
mem:  2047488
mem:  2033152
mem:  2050560
mem:  2049536
mem:  2050048
mem:  2055168
mem:  2046976
mem:  2058240
mem:  2059776
mem:  2055168
mem:  2056704
mem:  2064384
mem:  2065920
mem:  2061312
mem:  2033664
mem:  2057216
mem:  2065920
mem:  2073600
