SLURM_JOBID=5049872
SLURM_JOB_NODELIST=svl2
SLURM_NNODES=1
SLURMTMPDIR=
working directory = /viscam/projects/objectfolder_benchmark/benchmarks/Multi_Sensory_3D_Reconstruction/code/models/MDN
Start_idx:  453
mem:  1536
mem:  1923584
mem:  1869824
mem:  1904128
mem:  1917952
mem:  1874432
mem:  1905152
mem:  1887232
mem:  1908224
mem:  1896448
mem:  1901568
mem:  1896960
mem:  1914368
mem:  1899008
mem:  1907712
mem:  1902080
mem:  1926656
mem:  1922048
mem:  1946624
mem:  1934848
mem:  1932800
mem:  1924608
mem:  1923584
mem:  1921536
mem:  1932800
mem:  1937920
mem:  1935872
mem:  1937408
mem:  1906176
mem:  1959936
mem:  1922560
mem:  1930240
mem:  1941504
mem:  1952768
mem:  1942016
mem:  1930240
mem:  1953792
mem:  1952768
mem:  1956864
mem:  1946112
mem:  1973248
mem:  1965056
mem:  1944576
mem:  1965568
mem:  1956352
mem:  1974784
mem:  1960448
mem:  1952256
mem:  1930752
mem:  1973760
mem:  1966592
mem:  1987584
mem:  1968640
mem:  1948160
mem:  2004480
mem:  1973248
mem:  1981952
mem:  1973760
mem:  1981440
mem:  1992704
mem:  1978368
mem:  1983488
mem:  1984000
mem:  1982976
mem:  1965056
mem:  1995776
mem:  2022912
mem:  2018304
mem:  2010112
mem:  2008064
mem:  1999872
mem:  2007552
mem:  1990656
mem:  2010624
mem:  1999872
mem:  2017280
mem:  2025984
mem:  1994752
mem:  2041344
mem:  2036736
mem:  2011648
mem:  2023936
mem:  2028032
mem:  2013696
mem:  1986048
mem:  2030080
mem:  2030592
mem:  2023424
mem:  2031104
mem:  2054656
mem:  2034176
mem:  2022400
mem:  2033664
mem:  2052096
mem:  2013696
mem:  2045440
mem:  2065408
mem:  2051072
mem:  2023424
mem:  2063872
