SLURM_JOBID=5049789
SLURM_JOB_NODELIST=svl7
SLURM_NNODES=1
SLURMTMPDIR=
working directory = /viscam/projects/objectfolder_benchmark/benchmarks/Multi_Sensory_3D_Reconstruction/code/models/MDN
Start_idx:  354
mem:  1536
mem:  1859072
mem:  1856512
mem:  1828864
mem:  1921536
mem:  1868288
mem:  1875968
mem:  1928704
mem:  1924096
mem:  1912320
mem:  1859072
mem:  1877504
mem:  1862144
mem:  1853952
mem:  1917440
mem:  1912832
mem:  1868288
mem:  1892864
mem:  1904128
mem:  1876480
mem:  1897472
mem:  1950208
mem:  1955328
mem:  1902080
mem:  1925632
mem:  1914880
mem:  1883648
mem:  1963008
mem:  1876992
mem:  1959936
mem:  1961472
mem:  1875456
mem:  1915904
mem:  1897984
mem:  1934848
mem:  1903616
mem:  1931776
mem:  1900544
mem:  1927680
mem:  1920512
mem:  1931776
mem:  1916416
mem:  1927680
mem:  1977856
mem:  1989120
mem:  1918976
mem:  1904640
mem:  1987584
mem:  1956352
mem:  1996800
mem:  1920512
mem:  1996288
mem:  1927168
mem:  1940992
mem:  1985024
mem:  1982976
mem:  1985536
mem:  1950720
mem:  2007040
mem:  1928192
mem:  1952768
mem:  1954304
mem:  1968128
mem:  1959936
mem:  1994240
mem:  1976320
mem:  1981440
mem:  1962496
mem:  1983488
mem:  2008064
mem:  1960960
mem:  2030592
mem:  2025984
mem:  2023936
mem:  2013184
mem:  2030592
mem:  1996800
mem:  1991168
mem:  1992704
mem:  1965056
mem:  2015232
mem:  1987584
mem:  2025472
mem:  1990656
mem:  2001920
mem:  1977856
mem:  2008576
mem:  2033152
mem:  1998336
mem:  1990144
mem:  2014720
mem:  2035712
mem:  2062848
mem:  2015744
mem:  2053632
mem:  2012672
mem:  2036224
mem:  2035200
mem:  2046464
mem:  2032128
