SLURM_JOBID=5050085
SLURM_JOB_NODELIST=svl12
SLURM_NNODES=1
SLURMTMPDIR=
working directory = /viscam/projects/objectfolder_benchmark/benchmarks/Multi_Sensory_3D_Reconstruction/code/models/MDN
Start_idx:  674
mem:  1536
mem:  1861632
mem:  1901568
mem:  1844736
mem:  1876480
mem:  1906176
mem:  1905152
mem:  1896960
mem:  1881600
mem:  1863680
mem:  1911296
mem:  1864192
mem:  1894912
mem:  1922048
mem:  1923584
mem:  1902080
mem:  1897472
mem:  1928192
mem:  1920000
mem:  1872896
mem:  1878016
mem:  1924608
mem:  1951744
mem:  1908224
mem:  1893888
mem:  1905152
mem:  1903104
mem:  1894912
mem:  1876992
mem:  1927168
mem:  1934848
mem:  1916928
mem:  1954816
mem:  1920000
mem:  1918976
mem:  1936384
mem:  1944064
mem:  1945600
mem:  1960448
mem:  1971712
mem:  1902592
mem:  1926144
mem:  1921536
mem:  1948672
mem:  1911296
mem:  1971200
mem:  1960448
mem:  1964544
mem:  1975808
mem:  1942016
mem:  1959424
mem:  1929216
mem:  1950208
mem:  1922560
mem:  1975296
mem:  1908736
mem:  1929728
mem:  1993216
mem:  1968128
mem:  1973248
mem:  1958912
mem:  1979904
mem:  1981440
mem:  1956352
mem:  1987072
mem:  1982464
mem:  1981440
mem:  1946624
mem:  1993216
mem:  1949696
mem:  1970688
mem:  1950208
mem:  1980928
mem:  1998336
mem:  2006016
mem:  2033152
mem:  2015232
mem:  1985024
mem:  1998848
mem:  2027008
mem:  2009088
mem:  2014208
mem:  2021888
mem:  2007552
mem:  2021376
mem:  1971712
mem:  2004992
mem:  1994240
mem:  2011648
mem:  2042368
mem:  2034176
mem:  2019840
mem:  1985024
mem:  2006016
mem:  2059776
mem:  2006528
mem:  2036224
mem:  2035200
mem:  2027008
mem:  2018816
