SLURM_JOBID=5050287
SLURM_JOB_NODELIST=svl9
SLURM_NNODES=1
SLURMTMPDIR=
working directory = /viscam/projects/objectfolder_benchmark/benchmarks/Multi_Sensory_3D_Reconstruction/code/models/MDN
Start_idx:  893
mem:  1536
mem:  1907712
mem:  1924608
mem:  1913856
mem:  1895936
mem:  1906176
mem:  1924608
mem:  1928704
mem:  1908224
mem:  1935360
mem:  1921024
mem:  1922560
mem:  1939968
mem:  1900032
mem:  1890816
mem:  1932288
mem:  1946112
mem:  1935360
mem:  1920000
mem:  1950720
mem:  1952256
mem:  1953792
mem:  1951744
mem:  1950720
mem:  1926656
mem:  1950208
mem:  1955328
mem:  1872896
mem:  1958400
mem:  1936896
mem:  1932288
mem:  1920512
mem:  1958400
mem:  1972224
mem:  1967616
mem:  1975296
mem:  1937920
mem:  1943040
mem:  1979904
mem:  1965568
mem:  1928192
mem:  1968640
mem:  1947136
mem:  1981440
mem:  1982976
mem:  1955328
mem:  1966592
mem:  1993728
mem:  1953792
mem:  1961472
mem:  1998336
mem:  1999872
mem:  1972224
mem:  2002944
mem:  2004480
mem:  2006016
mem:  1968640
mem:  1993216
mem:  1997312
mem:  2012160
mem:  1972224
mem:  1989632
mem:  2004480
mem:  1998848
mem:  2019840
mem:  2011648
mem:  2022912
mem:  2014720
mem:  2025984
mem:  2021376
mem:  1990144
mem:  2024448
mem:  1970176
mem:  1988608
mem:  2006016
mem:  2024448
mem:  2002944
mem:  2030080
mem:  2025472
mem:  2042880
mem:  2044416
mem:  2042368
mem:  2025472
mem:  2039296
mem:  2044416
mem:  2052096
mem:  2034176
mem:  2055168
mem:  2015232
mem:  2035200
mem:  2057216
mem:  2045440
mem:  2039808
mem:  2054656
mem:  2024448
mem:  2051584
mem:  2053120
mem:  2070528
mem:  2036736
mem:  2073600
