SLURM_JOBID=5049586
SLURM_JOB_NODELIST=svl7
SLURM_NNODES=1
SLURMTMPDIR=
working directory = /viscam/projects/objectfolder_benchmark/benchmarks/Multi_Sensory_3D_Reconstruction/code/models/MDN
Start_idx:  151
mem:  1536
mem:  1900544
mem:  1891840
mem:  1890816
mem:  1895936
mem:  1919488
mem:  1914880
mem:  1922560
mem:  1904640
mem:  1932800
mem:  1911296
mem:  1938432
mem:  1881600
mem:  1902592
mem:  1891840
mem:  1925120
mem:  1936384
mem:  1937920
mem:  1900544
mem:  1917952
mem:  1920512
mem:  1921024
mem:  1929728
mem:  1921536
mem:  1929216
mem:  1946624
mem:  1932288
mem:  1904640
mem:  1925632
mem:  1936896
mem:  1932288
mem:  1930240
mem:  1937920
mem:  1962496
mem:  1922560
mem:  1939968
mem:  1918464
mem:  1945600
mem:  1960448
mem:  1977856
mem:  1953792
mem:  1972224
mem:  1983488
mem:  1945088
mem:  1963520
mem:  1958912
mem:  1943552
mem:  1993728
mem:  1956352
mem:  1967616
mem:  1995776
mem:  1990144
mem:  1985536
mem:  2002944
mem:  1982464
mem:  1976832
mem:  1958912
mem:  1977344
mem:  1971712
mem:  1998848
mem:  2013696
mem:  1999360
mem:  1984000
mem:  1982976
mem:  2013696
mem:  2011648
mem:  1993728
mem:  2014720
mem:  1973760
mem:  2001920
mem:  2029056
mem:  2011136
mem:  2006528
mem:  2011648
mem:  1996288
mem:  2027008
mem:  2009088
mem:  2004480
mem:  2038784
mem:  2011136
mem:  2018816
mem:  2014208
mem:  2025472
mem:  2017280
mem:  2040832
mem:  2026496
mem:  2034176
mem:  1996800
mem:  2015232
mem:  2035200
mem:  2017280
mem:  2055168
mem:  2053120
mem:  2025472
mem:  2042880
mem:  2067456
mem:  2033664
mem:  2025472
mem:  2072064
mem:  2032128
