SLURM_JOBID=5050155
SLURM_JOB_NODELIST=svl9
SLURM_NNODES=1
SLURMTMPDIR=
working directory = /viscam/projects/objectfolder_benchmark/benchmarks/Multi_Sensory_3D_Reconstruction/code/models/MDN
Start_idx:  762
mem:  1536
mem:  1913856
mem:  1918464
mem:  1923584
mem:  1886208
mem:  1926656
mem:  1911296
mem:  1932288
mem:  1924096
mem:  1915904
mem:  1936896
mem:  1909248
mem:  1939968
mem:  1937920
mem:  1930752
mem:  1902080
mem:  1916928
mem:  1947648
mem:  1949184
mem:  1948160
mem:  1932800
mem:  1937920
mem:  1945600
mem:  1940992
mem:  1958400
mem:  1930752
mem:  1961472
mem:  1950720
mem:  1952256
mem:  1946624
mem:  1961472
mem:  1969152
mem:  1964544
mem:  1950208
mem:  1931264
mem:  1959424
mem:  1947648
mem:  1962496
mem:  1967616
mem:  1968128
mem:  1982976
mem:  1945600
mem:  1966592
mem:  1974272
mem:  1973248
mem:  1980928
mem:  1963008
mem:  1990144
mem:  1995264
mem:  1974784
mem:  1975296
mem:  1993728
mem:  2001408
mem:  1996800
mem:  2004480
mem:  1999872
mem:  2007552
mem:  1993216
mem:  1968128
mem:  1992704
mem:  1984512
mem:  2005504
mem:  1997312
mem:  2018304
mem:  1990656
mem:  2015232
mem:  2013184
mem:  2002432
mem:  2023424
mem:  2021376
mem:  2009600
mem:  2030592
mem:  2022400
mem:  2017792
mem:  2035200
mem:  1997824
mem:  2038272
mem:  2033664
mem:  2041344
mem:  2033152
mem:  2044416
mem:  1997312
mem:  2035200
mem:  2033152
mem:  2040832
mem:  2020352
mem:  2043904
mem:  2055168
mem:  2043392
mem:  2054656
mem:  2059776
mem:  2055168
mem:  2043392
mem:  2051072
mem:  2053632
mem:  2067456
mem:  2039808
mem:  2041344
mem:  2056192
mem:  2073600
