SLURM_JOBID=5050286
SLURM_JOB_NODELIST=svl9
SLURM_NNODES=1
SLURMTMPDIR=
working directory = /viscam/projects/objectfolder_benchmark/benchmarks/Multi_Sensory_3D_Reconstruction/code/models/MDN
Start_idx:  892
mem:  1536
mem:  1901568
mem:  1873408
mem:  1896960
mem:  1888768
mem:  1909760
mem:  1921024
mem:  1893376
mem:  1917952
mem:  1935360
mem:  1936896
mem:  1928704
mem:  1939968
mem:  1922048
mem:  1911296
mem:  1932288
mem:  1924096
mem:  1918464
mem:  1907712
mem:  1915392
mem:  1946112
mem:  1905152
mem:  1943040
mem:  1925120
mem:  1935360
mem:  1947648
mem:  1951744
mem:  1959424
mem:  1929216
mem:  1966080
mem:  1954304
mem:  1956864
mem:  1915904
mem:  1956352
mem:  1938432
mem:  1946112
mem:  1947648
mem:  1936896
mem:  1973760
mem:  1975296
mem:  1934336
mem:  1955328
mem:  1956864
mem:  1977856
mem:  1966080
mem:  1980928
mem:  1989632
mem:  1987584
mem:  1981952
mem:  1996800
mem:  1966592
mem:  1970688
mem:  1978368
mem:  1993216
mem:  2001920
mem:  1982976
mem:  2001408
mem:  1983488
mem:  1994752
mem:  1992704
mem:  2003968
mem:  2005504
mem:  1971712
mem:  2018304
mem:  2019840
mem:  2015232
mem:  1993728
mem:  2024448
mem:  2025984
mem:  2023936
mem:  2009600
mem:  2014720
mem:  2018816
mem:  2033664
mem:  2002432
mem:  2027008
mem:  2012672
mem:  2008064
mem:  2031616
mem:  2027008
mem:  2040832
mem:  2030080
mem:  2002432
mem:  2042880
mem:  2015232
mem:  2019328
mem:  2043904
mem:  2049024
mem:  2040832
mem:  2038784
mem:  2028032
mem:  2045440
mem:  2053120
mem:  2042368
mem:  2056192
mem:  2045440
mem:  2066432
mem:  2070528
mem:  2046464
mem:  2050560
