SLURM_JOBID=5050092
SLURM_JOB_NODELIST=svl9
SLURM_NNODES=1
SLURMTMPDIR=
working directory = /viscam/projects/objectfolder_benchmark/benchmarks/Multi_Sensory_3D_Reconstruction/code/models/MDN
Start_idx:  678
mem:  1536
mem:  1900544
mem:  1885696
mem:  1890816
mem:  1888768
mem:  1897472
mem:  1921024
mem:  1929728
mem:  1898496
mem:  1935360
mem:  1894400
mem:  1906688
mem:  1894912
mem:  1899008
mem:  1901568
mem:  1944576
mem:  1907200
mem:  1902592
mem:  1910272
mem:  1934848
mem:  1949696
mem:  1950208
mem:  1935872
mem:  1917952
mem:  1916928
mem:  1905152
mem:  1932288
mem:  1960448
mem:  1929216
mem:  1927168
mem:  1928704
mem:  1924096
mem:  1964544
mem:  1946624
mem:  1942016
mem:  1924096
mem:  1973248
mem:  1949184
mem:  1957888
mem:  1936384
mem:  1953792
mem:  1949184
mem:  1983488
mem:  1961984
mem:  1973248
mem:  1980928
mem:  1992192
mem:  1958400
mem:  1979392
mem:  1957888
mem:  1946112
mem:  1960960
mem:  1966080
mem:  1964032
mem:  1955840
mem:  1963520
mem:  1972224
mem:  1983488
mem:  1958400
mem:  1959936
mem:  1974784
mem:  2009088
mem:  1987584
mem:  1959936
mem:  1974784
mem:  1982464
mem:  1993728
mem:  2021888
mem:  1996800
mem:  2017792
mem:  1997312
mem:  1985536
mem:  2000384
mem:  1988608
mem:  2003456
mem:  2001408
mem:  1999360
mem:  2033664
mem:  2002432
mem:  2023424
mem:  2011648
mem:  2013184
mem:  2018304
mem:  2013696
mem:  2017792
mem:  2003456
mem:  1995264
mem:  2013696
mem:  2027520
mem:  2032640
mem:  2056192
mem:  2055168
mem:  2023936
mem:  2015744
mem:  2040320
mem:  2038272
mem:  2014208
mem:  2060800
mem:  2040320
mem:  2051584
