SLURM_JOBID=5049648
SLURM_JOB_NODELIST=svl1
SLURM_NNODES=1
SLURMTMPDIR=
working directory = /viscam/projects/objectfolder_benchmark/benchmarks/Multi_Sensory_3D_Reconstruction/code/models/MDN
Start_idx:  180
mem:  1536
mem:  1894400
mem:  1882112
mem:  1874944
mem:  1904640
mem:  1900032
mem:  1901568
mem:  1916416
mem:  1904640
mem:  1890304
mem:  1895424
mem:  1909248
mem:  1901056
mem:  1922048
mem:  1904128
mem:  1902080
mem:  1868288
mem:  1905152
mem:  1946624
mem:  1925120
mem:  1919488
mem:  1922048
mem:  1900544
mem:  1921536
mem:  1938944
mem:  1899008
mem:  1926144
mem:  1937408
mem:  1935360
mem:  1927168
mem:  1951744
mem:  1933824
mem:  1964544
mem:  1917440
mem:  1964032
mem:  1969152
mem:  1931776
mem:  1936896
mem:  1902080
mem:  1961984
mem:  1930752
mem:  1912832
mem:  1944576
mem:  1938944
mem:  1944064
mem:  1978368
mem:  1970176
mem:  1974272
mem:  1962496
mem:  1948160
mem:  1924096
mem:  1993728
mem:  1966080
mem:  1973760
mem:  1963008
mem:  1963520
mem:  1981952
mem:  1944576
mem:  1988608
mem:  1969664
mem:  1978368
mem:  1979904
mem:  1981440
mem:  1973248
mem:  1996800
mem:  1966592
mem:  1987584
mem:  1982976
mem:  2025984
mem:  2023936
mem:  1993728
mem:  1966080
mem:  1964032
mem:  1969152
mem:  2021888
mem:  2017280
mem:  2009088
mem:  2036224
mem:  2002432
mem:  1984512
mem:  2031104
mem:  2022912
mem:  2028032
mem:  2013696
mem:  2017792
mem:  2016768
mem:  2014720
mem:  1996800
mem:  1978880
mem:  2032640
mem:  2020864
mem:  2032128
mem:  2017792
mem:  2042368
mem:  2001408
mem:  2025984
mem:  2043392
mem:  2054656
mem:  2011136
mem:  2038272
