SLURM_JOBID=5049908
SLURM_JOB_NODELIST=svl3
SLURM_NNODES=1
SLURMTMPDIR=
working directory = /viscam/projects/objectfolder_benchmark/benchmarks/Multi_Sensory_3D_Reconstruction/code/models/MDN
Start_idx:  479
mem:  1536
mem:  1849344
mem:  1869824
mem:  1903104
mem:  1872896
mem:  1861120
mem:  1885696
mem:  1864192
mem:  1879040
mem:  1890304
mem:  1913856
mem:  1880064
mem:  1865728
mem:  1869824
mem:  1874944
mem:  1866752
mem:  1893888
mem:  1914880
mem:  1900544
mem:  1872896
mem:  1893888
mem:  1928192
mem:  1910272
mem:  1921536
mem:  1919488
mem:  1911296
mem:  1909248
mem:  1937408
mem:  1925632
mem:  1901568
mem:  1903104
mem:  1963008
mem:  1960960
mem:  1907712
mem:  1942016
mem:  1923072
mem:  1947648
mem:  1923584
mem:  1908224
mem:  1901056
mem:  1959936
mem:  1923584
mem:  1970176
mem:  1946112
mem:  1930752
mem:  1980928
mem:  1927680
mem:  1932800
mem:  1940480
mem:  1994240
mem:  1917952
mem:  1986560
mem:  1956352
mem:  1977344
mem:  1969152
mem:  1941504
mem:  1958912
mem:  1999360
mem:  1965568
mem:  1953792
mem:  1980928
mem:  2015232
mem:  1961984
mem:  1963520
mem:  1942016
mem:  1988608
mem:  2010624
mem:  1956352
mem:  1967616
mem:  2027520
mem:  1987584
mem:  1907712
mem:  1987072
mem:  1988608
mem:  2003456
mem:  1972224
mem:  1983488
mem:  1965568
mem:  1970688
mem:  1994240
mem:  1979904
mem:  1994752
mem:  2012160
mem:  2006528
mem:  2018816
mem:  1977856
mem:  1966080
mem:  2045440
mem:  2046976
mem:  2058240
mem:  2030592
mem:  2012672
mem:  2021376
mem:  1992704
mem:  2003968
mem:  2018816
mem:  2000896
mem:  2064384
mem:  2052608
mem:  2032128
