SLURM_JOBID=5050129
SLURM_JOB_NODELIST=svl15
SLURM_NNODES=1
SLURMTMPDIR=
working directory = /viscam/projects/objectfolder_benchmark/benchmarks/Multi_Sensory_3D_Reconstruction/code/models/MDN
Start_idx:  741
mem:  1536
mem:  1888256
mem:  1902592
mem:  1912832
mem:  1908224
mem:  1878016
mem:  1872384
mem:  1890816
mem:  1865728
mem:  1906176
mem:  1878528
mem:  1860608
mem:  1852416
mem:  1919488
mem:  1878528
mem:  1882624
mem:  1875456
mem:  1876992
mem:  1897984
mem:  1899520
mem:  1938944
mem:  1912320
mem:  1887232
mem:  1879040
mem:  1880576
mem:  1918464
mem:  1916416
mem:  1933824
mem:  1915904
mem:  1895424
mem:  1896960
mem:  1875456
mem:  1912320
mem:  1936896
mem:  1944576
mem:  1936384
mem:  1869824
mem:  1910272
mem:  1911808
mem:  1971712
mem:  1947648
mem:  1926144
mem:  1943552
mem:  1987584
mem:  1959936
mem:  1955328
mem:  1910784
mem:  1964544
mem:  1907712
mem:  1922560
mem:  1936384
mem:  1974272
mem:  1910272
mem:  1951744
mem:  1936384
mem:  1908736
mem:  1956352
mem:  1954304
mem:  1919488
mem:  1982976
mem:  1922560
mem:  1944576
mem:  2016768
mem:  1953792
mem:  1980928
mem:  2001920
mem:  1987584
mem:  1950208
mem:  2003968
mem:  1976320
mem:  2022912
mem:  1956352
mem:  1983488
mem:  1991168
mem:  1982976
mem:  1965056
mem:  1999360
mem:  1969152
mem:  1967104
mem:  2042880
mem:  1970176
mem:  2010624
mem:  2002432
mem:  1974784
mem:  2024960
mem:  2032640
mem:  2018304
mem:  1996800
mem:  2021376
mem:  2009600
mem:  2050048
mem:  1977344
mem:  1965568
mem:  2003456
mem:  1997824
mem:  2018816
mem:  2014208
mem:  2067968
mem:  1988096
mem:  2063872
