SLURM_JOBID=5049891
SLURM_JOB_NODELIST=svl1
SLURM_NNODES=1
SLURMTMPDIR=
working directory = /viscam/projects/objectfolder_benchmark/benchmarks/Multi_Sensory_3D_Reconstruction/code/models/MDN
Start_idx:  463
mem:  1536
mem:  1888256
mem:  1862656
mem:  1861632
mem:  1879040
mem:  1925632
mem:  1862656
mem:  1838592
mem:  1856000
mem:  1874432
mem:  1885696
mem:  1895936
mem:  1888768
mem:  1900032
mem:  1888256
mem:  1918976
mem:  1897472
mem:  1912320
mem:  1874944
mem:  1880064
mem:  1907200
mem:  1905152
mem:  1900544
mem:  1902080
mem:  1900032
mem:  1897984
mem:  1896960
mem:  1872896
mem:  1958400
mem:  1897984
mem:  1906688
mem:  1897472
mem:  1918464
mem:  1972224
mem:  1918976
mem:  1916928
mem:  1915904
mem:  1920000
mem:  1921536
mem:  1952256
mem:  1914880
mem:  1920000
mem:  1940992
mem:  1952256
mem:  1934336
mem:  1990656
mem:  1947136
mem:  1923072
mem:  1927168
mem:  1938432
mem:  1949696
mem:  1945088
mem:  1943040
mem:  1922560
mem:  1952256
mem:  1937920
mem:  1926144
mem:  1954304
mem:  1932800
mem:  1959936
mem:  2007552
mem:  1956864
mem:  1968128
mem:  1959936
mem:  2000384
mem:  2001920
mem:  1974272
mem:  1973248
mem:  1945600
mem:  1965568
mem:  1984000
mem:  1966080
mem:  1980928
mem:  2000896
mem:  1980416
mem:  1972224
mem:  1979904
mem:  1985024
mem:  1986560
mem:  2003968
mem:  1982464
mem:  1987584
mem:  2025472
mem:  2019840
mem:  1979904
mem:  1997312
mem:  2014720
mem:  2000384
mem:  2017792
mem:  2003456
mem:  1966080
mem:  2010112
mem:  1992192
mem:  2006016
mem:  2001408
mem:  1999360
mem:  2014208
mem:  1989120
mem:  2042880
mem:  2071040
