SLURM_JOBID=5049505
SLURM_JOB_NODELIST=svl15
SLURM_NNODES=1
SLURMTMPDIR=
working directory = /viscam/projects/objectfolder_benchmark/benchmarks/Multi_Sensory_3D_Reconstruction/code/models/MDN
Start_idx:  51
mem:  1536
mem:  1874944
mem:  1914880
mem:  1920000
mem:  1927680
mem:  1915904
mem:  1930752
mem:  1916416
mem:  1931264
mem:  1903616
mem:  1917440
mem:  1909248
mem:  1930240
mem:  1931776
mem:  1900544
mem:  1921536
mem:  1904640
mem:  1902592
mem:  1926144
mem:  1934848
mem:  1926656
mem:  1928192
mem:  1945600
mem:  1917952
mem:  1942528
mem:  1914880
mem:  1929728
mem:  1943552
mem:  1919488
mem:  1956352
mem:  1938432
mem:  1963008
mem:  1945088
mem:  1930752
mem:  1970176
mem:  1936384
mem:  1967104
mem:  1946624
mem:  1964032
mem:  1952256
mem:  1963520
mem:  1958912
mem:  1944576
mem:  1985024
mem:  1967104
mem:  1971200
mem:  1963008
mem:  1977856
mem:  1979392
mem:  1955328
mem:  1965568
mem:  1986560
mem:  1975808
mem:  1973760
mem:  1991168
mem:  1967104
mem:  1978368
mem:  2009088
mem:  1997312
mem:  2006016
mem:  2013696
mem:  1983488
mem:  1981440
mem:  2012160
mem:  1984512
mem:  2005504
mem:  1993728
mem:  2018304
mem:  2022400
mem:  2017792
mem:  2029056
mem:  2024448
mem:  1964032
mem:  2011648
mem:  2006016
mem:  2024448
mem:  2034688
mem:  2004480
mem:  2006016
mem:  2039296
mem:  2021376
mem:  2045952
mem:  2031616
mem:  2000384
mem:  2048000
mem:  2007040
mem:  2040320
mem:  2025984
mem:  2044416
mem:  2042368
mem:  2053632
mem:  2045440
mem:  2062848
mem:  2064384
mem:  2007552
mem:  2057728
mem:  2049536
mem:  2038784
mem:  2052608
mem:  2063872
