SLURM_JOBID=5050369
SLURM_JOB_NODELIST=svl1
SLURM_NNODES=1
SLURMTMPDIR=
working directory = /viscam/projects/objectfolder_benchmark/benchmarks/Multi_Sensory_3D_Reconstruction/code/models/MDN
Start_idx:  961
mem:  1536
mem:  1910272
mem:  1924608
mem:  1900544
mem:  1927680
mem:  1919488
mem:  1921024
mem:  1910272
mem:  1927680
mem:  1932800
mem:  1930752
mem:  1932288
mem:  1939968
mem:  1941504
mem:  1940480
mem:  1944576
mem:  1936384
mem:  1941504
mem:  1943040
mem:  1950720
mem:  1952256
mem:  1953792
mem:  1955328
mem:  1956864
mem:  1946112
mem:  1947648
mem:  1961472
mem:  1963008
mem:  1954816
mem:  1966080
mem:  1967616
mem:  1969152
mem:  1968128
mem:  1972224
mem:  1973760
mem:  1975296
mem:  1970688
mem:  1978368
mem:  1979904
mem:  1977856
mem:  1982976
mem:  1984512
mem:  1982464
mem:  1981440
mem:  1989120
mem:  1984512
mem:  1992192
mem:  1984000
mem:  1981952
mem:  1996800
mem:  1992192
mem:  1996288
mem:  2001408
mem:  2002944
mem:  2004480
mem:  2006016
mem:  2007552
mem:  2009088
mem:  2010624
mem:  2012160
mem:  2003968
mem:  2009088
mem:  2010624
mem:  2004992
mem:  2019840
mem:  2021376
mem:  2022912
mem:  2024448
mem:  2023424
mem:  2027520
mem:  2025472
mem:  2028032
mem:  2025984
mem:  2033664
mem:  2035200
mem:  2036736
mem:  2028544
mem:  2030080
mem:  2041344
mem:  2042880
mem:  2038272
mem:  2045952
mem:  2035200
mem:  2029568
mem:  2044416
mem:  2045952
mem:  2053632
mem:  2055168
mem:  2056704
mem:  2058240
mem:  2059776
mem:  2061312
mem:  2050560
mem:  2064384
mem:  2065920
mem:  2067456
mem:  2062848
mem:  2070528
mem:  2062336
mem:  2071040
