SLURM_JOBID=5050256
SLURM_JOB_NODELIST=svl2
SLURM_NNODES=1
SLURMTMPDIR=
working directory = /viscam/projects/objectfolder_benchmark/benchmarks/Multi_Sensory_3D_Reconstruction/code/models/MDN
Start_idx:  868
mem:  1536
mem:  1921024
mem:  1895424
mem:  1912832
mem:  1911808
mem:  1909760
mem:  1897984
mem:  1928704
mem:  1924096
mem:  1913344
mem:  1921024
mem:  1932288
mem:  1914368
mem:  1925632
mem:  1943040
mem:  1925120
mem:  1926656
mem:  1937920
mem:  1929728
mem:  1944576
mem:  1923072
mem:  1934336
mem:  1942016
mem:  1931264
mem:  1954816
mem:  1944064
mem:  1949184
mem:  1927680
mem:  1931776
mem:  1956352
mem:  1957888
mem:  1939968
mem:  1970688
mem:  1923584
mem:  1973760
mem:  1961984
mem:  1951232
mem:  1962496
mem:  1977344
mem:  1965568
mem:  1947648
mem:  1984512
mem:  1970176
mem:  1968128
mem:  1969664
mem:  1987072
mem:  1969152
mem:  1984000
mem:  1995264
mem:  1987072
mem:  1972736
mem:  1999872
mem:  1988096
mem:  1983488
mem:  1991168
mem:  2003456
mem:  1972224
mem:  1995776
mem:  1985024
mem:  1999872
mem:  2007552
mem:  1992192
mem:  1971712
mem:  2002432
mem:  1990656
mem:  2015232
mem:  2007040
mem:  1989120
mem:  2012672
mem:  2004480
mem:  2006016
mem:  2020864
mem:  2012672
mem:  2021376
mem:  2015744
mem:  2024448
mem:  2024960
mem:  2036224
mem:  2035200
mem:  2040320
mem:  2028544
mem:  2020352
mem:  2047488
mem:  2039296
mem:  2024960
mem:  2036224
mem:  2024448
mem:  2029568
mem:  2050560
mem:  2058240
mem:  2034176
mem:  2045440
mem:  2031104
mem:  2038784
mem:  2040320
mem:  2067456
mem:  2059264
mem:  2041344
mem:  2058752
mem:  2063872
