SLURM_JOBID=5050212
SLURM_JOB_NODELIST=svl15
SLURM_NNODES=1
SLURMTMPDIR=
working directory = /viscam/projects/objectfolder_benchmark/benchmarks/Multi_Sensory_3D_Reconstruction/code/models/MDN
Start_idx:  791
mem:  1536
mem:  1923584
mem:  1918464
mem:  1900544
mem:  1925120
mem:  1913344
mem:  1908736
mem:  1906688
mem:  1924096
mem:  1919488
mem:  1927168
mem:  1925120
mem:  1933824
mem:  1928192
mem:  1929728
mem:  1944576
mem:  1916928
mem:  1935360
mem:  1936896
mem:  1940992
mem:  1952256
mem:  1953792
mem:  1955328
mem:  1924096
mem:  1926656
mem:  1944064
mem:  1955328
mem:  1963008
mem:  1938944
mem:  1953792
mem:  1942016
mem:  1963008
mem:  1964544
mem:  1968640
mem:  1944576
mem:  1969152
mem:  1976832
mem:  1962496
mem:  1950720
mem:  1971712
mem:  1957376
mem:  1978368
mem:  1966592
mem:  1985024
mem:  1982976
mem:  1984512
mem:  1963008
mem:  1981440
mem:  1975808
mem:  1996800
mem:  1972736
mem:  1987584
mem:  1989120
mem:  2002944
mem:  1988608
mem:  1982976
mem:  2001408
mem:  2006528
mem:  1997312
mem:  2009600
mem:  2011136
mem:  1993216
mem:  2000896
mem:  1998848
mem:  2003968
mem:  2018816
mem:  2022912
mem:  2014720
mem:  2012672
mem:  2004480
mem:  2026496
mem:  2020864
mem:  2006528
mem:  2027520
mem:  2031616
mem:  2036736
mem:  2018816
mem:  2027520
mem:  2019328
mem:  2042880
mem:  2018816
mem:  2014208
mem:  2047488
mem:  2049024
mem:  2040832
mem:  2049536
mem:  2043904
mem:  2049024
mem:  2040832
mem:  2058240
mem:  2053632
mem:  2051584
mem:  2059264
mem:  2048512
mem:  2056192
mem:  2067456
mem:  2053120
mem:  2064384
mem:  2040320
mem:  2067456
