SLURM_JOBID=5050000
SLURM_JOB_NODELIST=svl10
SLURM_NNODES=1
SLURMTMPDIR=
working directory = /viscam/projects/objectfolder_benchmark/benchmarks/Multi_Sensory_3D_Reconstruction/code/models/MDN
Start_idx:  581
mem:  1536
mem:  1884672
mem:  1889280
mem:  1896960
mem:  1908224
mem:  1915904
mem:  1891840
mem:  1903104
mem:  1914368
mem:  1890304
mem:  1927168
mem:  1899520
mem:  1888768
mem:  1912320
mem:  1888256
mem:  1892352
mem:  1901056
mem:  1914880
mem:  1910272
mem:  1921536
mem:  1936384
mem:  1921024
mem:  1912832
mem:  1947136
mem:  1942528
mem:  1934336
mem:  1920000
mem:  1947136
mem:  1903616
mem:  1952768
mem:  1951744
mem:  1956864
mem:  1937920
mem:  1929728
mem:  1948160
mem:  1926656
mem:  1947648
mem:  1962496
mem:  1940992
mem:  1965568
mem:  1921024
mem:  1916416
mem:  1940992
mem:  1938944
mem:  1953792
mem:  1951744
mem:  1927680
mem:  1974272
mem:  1959936
mem:  1948160
mem:  1963008
mem:  1957376
mem:  1949184
mem:  1993216
mem:  1975296
mem:  1973248
mem:  1972224
mem:  1967616
mem:  1975296
mem:  1928192
mem:  1991680
mem:  1995776
mem:  1994752
mem:  1966080
mem:  1984512
mem:  1998336
mem:  1977856
mem:  2011136
mem:  1967616
mem:  2008064
mem:  2015744
mem:  1995264
mem:  2000384
mem:  2033664
mem:  1970688
mem:  1988096
mem:  1999360
mem:  1998336
mem:  2012160
mem:  2013696
mem:  2001920
mem:  2010624
mem:  1963520
mem:  2000384
mem:  2005504
mem:  2026496
mem:  2053632
mem:  2019840
mem:  2053120
mem:  2006016
mem:  2037760
mem:  2009088
mem:  2043392
mem:  2009600
mem:  2036736
mem:  2035712
mem:  2017792
mem:  2051072
mem:  2040320
mem:  2032128
