SLURM_JOBID=5050301
SLURM_JOB_NODELIST=svl9
SLURM_NNODES=1
SLURMTMPDIR=
working directory = /viscam/projects/objectfolder_benchmark/benchmarks/Multi_Sensory_3D_Reconstruction/code/models/MDN
Start_idx:  943
mem:  1536
mem:  1904128
mem:  1895424
mem:  1916416
mem:  1911808
mem:  1913344
mem:  1901568
mem:  1887232
mem:  1898496
mem:  1896448
mem:  1934336
mem:  1909248
mem:  1908224
mem:  1925632
mem:  1921024
mem:  1912832
mem:  1910784
mem:  1899008
mem:  1933312
mem:  1931264
mem:  1936384
mem:  1930752
mem:  1916416
mem:  1944576
mem:  1938944
mem:  1936896
mem:  1945600
mem:  1924096
mem:  1964544
mem:  1921024
mem:  1961472
mem:  1936384
mem:  1938944
mem:  1927168
mem:  1954304
mem:  1969152
mem:  1967104
mem:  1913856
mem:  1970176
mem:  1936384
mem:  1944064
mem:  1942016
mem:  1963008
mem:  1971712
mem:  1963520
mem:  1971200
mem:  1979904
mem:  1964544
mem:  1969664
mem:  1984512
mem:  1937408
mem:  1964544
mem:  1995264
mem:  1996800
mem:  1972736
mem:  1957376
mem:  1972224
mem:  1976320
mem:  2000896
mem:  1973248
mem:  1971200
mem:  2002944
mem:  1981440
mem:  2018304
mem:  1994240
mem:  1989632
mem:  2009600
mem:  1989120
mem:  2003968
mem:  1988608
mem:  2019328
mem:  1989120
mem:  1977344
mem:  2031104
mem:  2019328
mem:  1988096
mem:  2018816
mem:  2039808
mem:  2002432
mem:  2030592
mem:  2002944
mem:  2042368
mem:  2021888
mem:  2029568
mem:  2031104
mem:  2045952
mem:  2001408
mem:  2012672
mem:  2017792
mem:  2019328
mem:  2011136
mem:  2041856
mem:  2033664
mem:  2058240
mem:  2011136
mem:  2028544
mem:  2039808
mem:  2054656
mem:  2042880
mem:  2071040
