SLURM_JOBID=5050145
SLURM_JOB_NODELIST=svl3
SLURM_NNODES=1
SLURMTMPDIR=
working directory = /viscam/projects/objectfolder_benchmark/benchmarks/Multi_Sensory_3D_Reconstruction/code/models/MDN
Start_idx:  752
mem:  1536
mem:  1920000
mem:  1924608
mem:  1913856
mem:  1924096
mem:  1929216
mem:  1918464
mem:  1912832
mem:  1914368
mem:  1919488
mem:  1930752
mem:  1926144
mem:  1914368
mem:  1941504
mem:  1943040
mem:  1938432
mem:  1924096
mem:  1941504
mem:  1933312
mem:  1927680
mem:  1926656
mem:  1953792
mem:  1955328
mem:  1934848
mem:  1935360
mem:  1950208
mem:  1951744
mem:  1956864
mem:  1938944
mem:  1956352
mem:  1967616
mem:  1965568
mem:  1958400
mem:  1966080
mem:  1967616
mem:  1969152
mem:  1960960
mem:  1962496
mem:  1970176
mem:  1961984
mem:  1980416
mem:  1965056
mem:  1976320
mem:  1968128
mem:  1959936
mem:  1971200
mem:  1988608
mem:  1993728
mem:  1979392
mem:  1983488
mem:  1982464
mem:  1993728
mem:  2001408
mem:  1987072
mem:  1991168
mem:  1990144
mem:  1991680
mem:  1989632
mem:  2010624
mem:  1989120
mem:  1990656
mem:  2005504
mem:  2010624
mem:  2002432
mem:  2010112
mem:  2001920
mem:  2016768
mem:  2021888
mem:  2025984
mem:  2011648
mem:  2022912
mem:  2027008
mem:  2032128
mem:  2030080
mem:  2019328
mem:  2030592
mem:  2012672
mem:  2023936
mem:  2035200
mem:  2039296
mem:  2044416
mem:  2026496
mem:  2044928
mem:  2013696
mem:  2021376
mem:  2045952
mem:  2053632
mem:  2041856
mem:  2031104
mem:  2048512
mem:  2057216
mem:  2061312
mem:  2049536
mem:  2044928
mem:  2062336
mem:  2061312
mem:  2056704
mem:  2047488
mem:  2068480
mem:  2063872
