SLURM_JOBID=5050230
SLURM_JOB_NODELIST=svl12
SLURM_NNODES=1
SLURMTMPDIR=
working directory = /viscam/projects/objectfolder_benchmark/benchmarks/Multi_Sensory_3D_Reconstruction/code/models/MDN
Start_idx:  847
mem:  1536
mem:  1923584
mem:  1869824
mem:  1903104
mem:  1879040
mem:  1906176
mem:  1911296
mem:  1922560
mem:  1924096
mem:  1922048
mem:  1933312
mem:  1926144
mem:  1920512
mem:  1912320
mem:  1930752
mem:  1905664
mem:  1942528
mem:  1925632
mem:  1943040
mem:  1938432
mem:  1942528
mem:  1953792
mem:  1951744
mem:  1940992
mem:  1938944
mem:  1936896
mem:  1945600
mem:  1953280
mem:  1932800
mem:  1956352
mem:  1935872
mem:  1959424
mem:  1970688
mem:  1958912
mem:  1957888
mem:  1969152
mem:  1954816
mem:  1956352
mem:  1954304
mem:  1946112
mem:  1953792
mem:  1980928
mem:  1966592
mem:  1977856
mem:  1973248
mem:  1971200
mem:  1986048
mem:  1968128
mem:  1979392
mem:  1984512
mem:  1992192
mem:  1999872
mem:  1981952
mem:  1989632
mem:  1985024
mem:  1982976
mem:  1995264
mem:  1996800
mem:  1988608
mem:  2009600
mem:  2010112
mem:  2009088
mem:  2000896
mem:  2002432
mem:  2000384
mem:  1982464
mem:  2007040
mem:  1998848
mem:  2023424
mem:  1995776
mem:  2003456
mem:  2017280
mem:  2019840
mem:  2027520
mem:  1992704
mem:  2017280
mem:  2015232
mem:  2030080
mem:  2029056
mem:  2040320
mem:  1999360
mem:  2045952
mem:  2041344
mem:  2033152
mem:  2008064
mem:  2038784
mem:  2034176
mem:  2049024
mem:  2050560
mem:  2022912
mem:  2050048
mem:  2055168
mem:  2050560
mem:  2031616
mem:  2050048
mem:  2061312
mem:  2039808
mem:  2044928
mem:  2027008
mem:  2073600
