SLURM_JOBID=5050253
SLURM_JOB_NODELIST=svl12
SLURM_NNODES=1
SLURMTMPDIR=
working directory = /viscam/projects/objectfolder_benchmark/benchmarks/Multi_Sensory_3D_Reconstruction/code/models/MDN
Start_idx:  866
mem:  1536
mem:  1917440
mem:  1899008
mem:  1916416
mem:  1921536
mem:  1903616
mem:  1914880
mem:  1910272
mem:  1931264
mem:  1929216
mem:  1936896
mem:  1916416
mem:  1936384
mem:  1941504
mem:  1921024
mem:  1932288
mem:  1939968
mem:  1947648
mem:  1939456
mem:  1931264
mem:  1932800
mem:  1941504
mem:  1932288
mem:  1954304
mem:  1948672
mem:  1956352
mem:  1955328
mem:  1963008
mem:  1964544
mem:  1956352
mem:  1961472
mem:  1953280
mem:  1967104
mem:  1952768
mem:  1964032
mem:  1975296
mem:  1954816
mem:  1958912
mem:  1979904
mem:  1971712
mem:  1970688
mem:  1980928
mem:  1976320
mem:  1987584
mem:  1967104
mem:  1951744
mem:  1992192
mem:  1961984
mem:  1982976
mem:  1984512
mem:  1975296
mem:  1987584
mem:  2001408
mem:  1989632
mem:  1959424
mem:  2006016
mem:  1988096
mem:  2009088
mem:  1994752
mem:  1998848
mem:  2013696
mem:  2005504
mem:  1994752
mem:  2008576
mem:  2013696
mem:  2008064
mem:  1997312
mem:  2024448
mem:  2025984
mem:  2024960
mem:  1976832
mem:  2027008
mem:  2018816
mem:  2033664
mem:  2032640
mem:  2034176
mem:  2018816
mem:  2000896
mem:  2041344
mem:  2027008
mem:  2044416
mem:  2030080
mem:  2047488
mem:  2042880
mem:  2024960
mem:  2029056
mem:  2037760
mem:  2042880
mem:  2056704
mem:  2054656
mem:  2020864
mem:  2061312
mem:  2059264
mem:  2054656
mem:  2065920
mem:  2054144
mem:  2059264
mem:  2035200
mem:  2040320
mem:  2048000
