SLURM_JOBID=5049149
SLURM_JOB_NODELIST=svl2
SLURM_NNODES=1
SLURMTMPDIR=
working directory = /viscam/projects/objectfolder_benchmark/benchmarks/Multi_Sensory_3D_Reconstruction/code/models/MDN
Start_idx:  32
mem:  1536
mem:  1913856
mem:  1912320
mem:  1910272
mem:  1927680
mem:  1923072
mem:  1901568
mem:  1909248
mem:  1933824
mem:  1906176
mem:  1930752
mem:  1909248
mem:  1933824
mem:  1941504
mem:  1927168
mem:  1940992
mem:  1924096
mem:  1937920
mem:  1881088
mem:  1944576
mem:  1923072
mem:  1944064
mem:  1943040
mem:  1934848
mem:  1932800
mem:  1914880
mem:  1958912
mem:  1933824
mem:  1958400
mem:  1956352
mem:  1935872
mem:  1901056
mem:  1931776
mem:  1913856
mem:  1971200
mem:  1943552
mem:  1935360
mem:  1978368
mem:  1973760
mem:  1981440
mem:  1976832
mem:  1951744
mem:  1979904
mem:  1964544
mem:  1975808
mem:  1951744
mem:  1978880
mem:  1980416
mem:  1992704
mem:  1967616
mem:  1949696
mem:  1993728
mem:  1979392
mem:  1987072
mem:  1991168
mem:  2006016
mem:  1988096
mem:  2006528
mem:  1987584
mem:  1999872
mem:  2013696
mem:  2012672
mem:  1971712
mem:  2006016
mem:  1961472
mem:  2005504
mem:  2016768
mem:  2014720
mem:  2013696
mem:  2017792
mem:  2029056
mem:  2024448
mem:  2016256
mem:  2033664
mem:  2035200
mem:  2001408
mem:  2012672
mem:  2039808
mem:  2009600
mem:  2042880
mem:  2032128
mem:  2039808
mem:  2047488
mem:  2046464
mem:  1992192
mem:  2032640
mem:  2031616
mem:  2035712
mem:  2031104
mem:  2038784
mem:  2037760
mem:  2038272
mem:  2043392
mem:  2044928
mem:  2040320
mem:  2032128
mem:  2062848
mem:  2070528
mem:  2065920
mem:  2024960
mem:  2075136
mem:  2070528
mem:  2033152
mem:  2021376
mem:  2048512
mem:  2047488
mem:  2042880
mem:  2066432
mem:  2048512
mem:  2056192
mem:  2051584
mem:  2023936
mem:  2077696
mem:  1991680
mem:  2051584
mem:  2049536
mem:  2083840
mem:  2056192
mem:  2060288
mem:  2068992
mem:  2031616
mem:  2045440
mem:  2079744
mem:  2097152
mem:  2086400
mem:  2039296
mem:  2092032
mem:  2097152
mem:  2079232
mem:  2055168
mem:  2066432
mem:  2061824
mem:  2059776
mem:  2100224
mem:  2053120
mem:  2115584
mem:  2108416
mem:  2061312
mem:  2075136
mem:  2082816
mem:  2085376
mem:  2116096
mem:  2088448
mem:  2105856
mem:  2132992
mem:  2085888
mem:  2114048
mem:  2108416
mem:  2086912
mem:  2101760
mem:  2100736
mem:  2104832
mem:  2077184
mem:  2133504
mem:  2119168
mem:  2075648
mem:  2112512
mem:  2104320
mem:  2132480
mem:  2136576
mem:  2128384
mem:  2107904
mem:  2105856
mem:  2126848
mem:  2118656
mem:  2129920
mem:  2157056
mem:  2117120
mem:  2124800
mem:  2158080
mem:  2176512
mem:  2139136
mem:  2172416
mem:  2132480
mem:  2156032
mem:  2158592
mem:  2172416
mem:  2128896
mem:  2117120
mem:  2141696
mem:  2178560
mem:  2177536
mem:  2169344
mem:  2160128
mem:  2204160
mem:  2163200
mem:  2181632
mem:  2121216
mem:  2190848
mem:  2160640
mem:  2155008
mem:  2191872
mem:  2161664
mem:  2147328
mem:  2170880
mem:  2185728
mem:  2206720
mem:  2175488
mem:  2174464
mem:  2156544
mem:  2195968
mem:  2171904
mem:  2177024
mem:  2182144
mem:  2195968
mem:  2181632
mem:  2179584
mem:  2184704
mem:  2237440
mem:  2184192
mem:  2156544
mem:  2187264
mem:  2179072
mem:  2209792
mem:  2214912
mem:  2187264
mem:  2253312
mem:  2196480
mem:  2204160
mem:  2212864
mem:  2207232
mem:  2241536
mem:  2256384
mem:  2209280
mem:  2203648
mem:  2267136
mem:  2194432
mem:  2266624
mem:  2220544
mem:  2253824
mem:  2200576
mem:  2225152
mem:  2190336
mem:  2214912
mem:  2203136
mem:  2214400
mem:  2264576
mem:  2198016
mem:  2238464
mem:  2214400
mem:  2270720
mem:  2246656
mem:  2254336
mem:  2191360
mem:  2241536
mem:  2245632
mem:  2241024
mem:  2213376
mem:  2221056
mem:  2220032
mem:  2247168
mem:  2235392
mem:  2269696
mem:  2226176
mem:  2288640
mem:  2251264
mem:  2263552
mem:  2277376
mem:  2236416
mem:  2235392
mem:  2268672
mem:  2254336
mem:  2271744
mem:  2290176
mem:  2317312
mem:  2273792
mem:  2314240
mem:  2286592
mem:  2258944
mem:  2263040
mem:  2336256
mem:  2337792
mem:  2284544
mem:  2324992
mem:  2274304
mem:  2269696
mem:  2316288
mem:  2308096
mem:  2348544
mem:  2305024
mem:  2296832
mem:  2298368
mem:  2351104
mem:  2268672
mem:  2309120
mem:  2353152
mem:  2289152
mem:  2350080
mem:  2302976
mem:  2310656
mem:  2312192
mem:  2304000
mem:  2309120
mem:  2320384
mem:  2343936
mem:  2319872
mem:  2294784
mem:  2276864
mem:  2317312
mem:  2380800
mem:  2327552
mem:  2354688
mem:  2346496
mem:  2341888
mem:  2372608
mem:  2354688
mem:  2388992
mem:  2341888
mem:  2316800
mem:  2366976
mem:  2319872
mem:  2379776
mem:  2338816
mem:  2337792
mem:  2339328
mem:  2366464
mem:  2342400
mem:  2382848
mem:  2371072
mem:  2395648
mem:  2391040
mem:  2342912
mem:  2364928
mem:  2394624
mem:  2413056
mem:  2378240
mem:  2361344
mem:  2375168
mem:  2386432
mem:  2387968
mem:  2363904
mem:  2388480
mem:  2402304
mem:  2384384
mem:  2347008
mem:  2368000
mem:  2392576
mem:  2407424
mem:  2379776
mem:  2393600
mem:  2401280
mem:  2416128
mem:  2417664
mem:  2370560
mem:  2329600
mem:  2363904
mem:  2378752
mem:  2422784
mem:  2413568
mem:  2408960
mem:  2394624
mem:  2409472
mem:  2391552
mem:  2412544
mem:  2416640
mem:  2414592
mem:  2435584
mem:  2418688
mem:  2448384
mem:  2414592
mem:  2406400
mem:  2430976
mem:  2444800
mem:  2411008
mem:  2393088
mem:  2437120
mem:  2386432
mem:  2436608
mem:  2463744
mem:  2423808
mem:  2427904
mem:  2426880
mem:  2434560
mem:  2391040
mem:  2466816
mem:  2497536
mem:  2473472
mem:  2477568
mem:  2472960
mem:  2490368
mem:  2437120
mem:  2484736
mem:  2466816
mem:  2439168
mem:  2439680
mem:  2444800
mem:  2475520
mem:  2457600
mem:  2505216
mem:  2473984
mem:  2485248
mem:  2447872
mem:  2484736
mem:  2460672
mem:  2435584
mem:  2473472
mem:  2497024
mem:  2525184
mem:  2503680
mem:  2489344
mem:  2477568
mem:  2502144
mem:  2513408
mem:  2521088
mem:  2493440
mem:  2510848
mem:  2512384
mem:  2517504
mem:  2509312
mem:  2491392
mem:  2522112
mem:  2533376
mem:  2519040
mem:  2526720
mem:  2531840
mem:  2520064
mem:  2521600
mem:  2540032
mem:  2528256
mem:  2535936
mem:  2541056
mem:  2545152
mem:  2537984
mem:  2539520
mem:  2543616
mem:  2542592
mem:  2550272
mem:  2545664
mem:  2543616
mem:  2551296
mem:  2550272
mem:  2554368
mem:  2546176
mem:  2544128
mem:  2562560
mem:  2554368
mem:  2562048
mem:  2563584
mem:  2565120
mem:  2564096
mem:  2562048
mem:  2563584
mem:  2561536
mem:  2576384
mem:  2574336
mem:  2572288
mem:  2574848
mem:  2569216
mem:  2586624
mem:  2589184
mem:  2567680
mem:  2569216
mem:  2593792
mem:  2575872
mem:  2583552
mem:  2598400
mem:  2583040
mem:  2600448
mem:  2599424
mem:  2607104
mem:  2589184
mem:  2607616
mem:  2576384
mem:  2593792
mem:  2601472
mem:  2587136
mem:  2601984
mem:  2593792
mem:  2601472
mem:  2599424
mem:  2572800
mem:  2615808
mem:  2605056
mem:  2622464
mem:  2617856
mem:  2629120
mem:  2617344
mem:  2625024
mem:  2597376
mem:  2635264
mem:  2635776
mem:  2634752
mem:  2626560
mem:  2637824
mem:  2623488
mem:  2637312
mem:  2638848
mem:  2620928
mem:  2628608
mem:  2643456
mem:  2651136
mem:  2653696
mem:  2638336
mem:  2653184
mem:  2635264
mem:  2646528
mem:  2663936
mem:  2653184
mem:  2647552
mem:  2646528
mem:  2638336
mem:  2668032
mem:  2673152
mem:  2635776
mem:  2653184
mem:  2654720
mem:  2640384
mem:  2651648
mem:  2689536
mem:  2683904
mem:  2675712
mem:  2661376
mem:  2675200
mem:  2686464
mem:  2688000
mem:  2677248
mem:  2694656
mem:  2680320
mem:  2688000
mem:  2673664
mem:  2704384
mem:  2705920
mem:  2710016
mem:  2695680
mem:  2661888
mem:  2698752
mem:  2677248
mem:  2711552
mem:  2706944
mem:  2704896
mem:  2710016
mem:  2692096
mem:  2713088
mem:  2730496
mem:  2706432
mem:  2721280
mem:  2634240
mem:  2723328
mem:  2712576
mem:  2714112
mem:  2686464
mem:  2694144
mem:  2708992
mem:  2716672
mem:  2731520
mem:  2725888
mem:  2731008
mem:  2745856
mem:  2704896
mem:  2722304
mem:  2698240
mem:  2745856
mem:  2730496
mem:  2738176
mem:  2707968
mem:  2709504
mem:  2736640
mem:  2738176
mem:  2733568
mem:  2747392
mem:  2758656
mem:  2741760
mem:  2722816
mem:  2757120
mem:  2719744
mem:  2756608
mem:  2732544
mem:  2741248
mem:  2762240
mem:  2766336
mem:  2735104
mem:  2772992
mem:  2755072
mem:  2791936
mem:  2789888
mem:  2769408
mem:  2764800
mem:  2765312
mem:  2758144
mem:  2781696
mem:  2779648
mem:  2745856
mem:  2802176
mem:  2768384
mem:  2792960
mem:  2765312
mem:  2786304
mem:  2797568
mem:  2801664
mem:  2804224
mem:  2805760
mem:  2813440
mem:  2801664
mem:  2774016
mem:  2769408
mem:  2803712
mem:  2788352
mem:  2780160
mem:  2814464
mem:  2796544
mem:  2820096
mem:  2805760
mem:  2817024
mem:  2806272
mem:  2810368
mem:  2831360
mem:  2839040
mem:  2791936
mem:  2829824
mem:  2833920
mem:  2809856
mem:  2847744
mem:  2832384
mem:  2824192
mem:  2813440
mem:  2843136
mem:  2842112
mem:  2804736
mem:  2831872
mem:  2849280
mem:  2870272
mem:  2865664
mem:  2870784
mem:  2875904
mem:  2866688
mem:  2840064
mem:  2863616
mem:  2845696
mem:  2863104
mem:  2868224
mem:  2853888
mem:  2881024
mem:  2866688
mem:  2839040
mem:  2846720
mem:  2874880
mem:  2863104
mem:  2874368
mem:  2852864
mem:  2887168
mem:  2881536
mem:  2876928
mem:  2894336
mem:  2895872
mem:  2865664
mem:  2912256
mem:  2907648
mem:  2889728
mem:  2887680
mem:  2866176
mem:  2896896
mem:  2921472
mem:  2893824
mem:  2898944
mem:  2919936
mem:  2914304
mem:  2906112
mem:  2875904
mem:  2896896
mem:  2927616
mem:  2935296
mem:  2904064
mem:  2905600
mem:  2875392
mem:  2919424
mem:  2927104
mem:  2905600
mem:  2877952
mem:  2912256
mem:  2904064
mem:  2905600
mem:  2946048
mem:  2937856
mem:  2955264
mem:  2933760
mem:  2946048
mem:  2940416
mem:  2949120
mem:  2947072
mem:  2958336
mem:  2952704
mem:  2951680
mem:  2943488
mem:  2937856
mem:  2962432
mem:  2921472
mem:  2969088
mem:  2967040
mem:  2972160
mem:  2966528
mem:  2930176
mem:  2969600
mem:  2964992
mem:  2950656
mem:  2965504
mem:  2936832
mem:  2955264
mem:  2985984
mem:  2991104
mem:  2989056
mem:  2984448
mem:  2982400
mem:  2990080
mem:  2991616
mem:  3002880
mem:  2992128
mem:  2996224
mem:  3007488
mem:  3009024
mem:  3000832
mem:  2996224
mem:  2997760
mem:  2993152
mem:  3006976
mem:  2976768
mem:  3019776
mem:  3015168
mem:  3003392
mem:  3008512
mem:  3003904
mem:  2998272
mem:  3009536
mem:  3018240
mem:  3022336
mem:  3023872
mem:  3028992
mem:  3026944
mem:  3038208
mem:  3023872
mem:  3009536
mem:  3007488
mem:  3034624
mem:  3020288
mem:  3047424
mem:  3013632
mem:  3034624
mem:  3049472
mem:  3053568
mem:  3032064
mem:  3046912
mem:  3025408
mem:  3046400
mem:  3055104
mem:  3049472
mem:  3019264
mem:  3062272
mem:  3035648
mem:  3049472
mem:  3041280
mem:  3056128
mem:  3022336
mem:  3045888
mem:  3066880
mem:  3025920
mem:  3073536
mem:  3032576
mem:  3049984
mem:  3078144
mem:  3066368
mem:  3044864
mem:  3088896
mem:  3084288
mem:  3072512
mem:  3087360
mem:  3095040
mem:  3090432
mem:  3082240
mem:  3080192
mem:  3056128
mem:  3073536
mem:  3039744
mem:  3070464
mem:  3095040
mem:  3085824
mem:  3081216
mem:  3092480
mem:  3097600
mem:  3085824
mem:  3084800
mem:  3108352
mem:  3109888
mem:  3121152
mem:  3093504
mem:  3085312
mem:  3077120
mem:  3113984
mem:  3080192
mem:  3120640
mem:  3122176
mem:  3120128
mem:  3134976
mem:  3094016
mem:  3099136
mem:  3120128
mem:  3099648
mem:  3097600
mem:  3115008
mem:  3129856
mem:  3133952
mem:  3119616
mem:  3134464
mem:  3110400
mem:  3133952
mem:  3119616
mem:  3140608
mem:  3132416
mem:  3153408
mem:  3141632
mem:  3149312
mem:  3134976
mem:  3126784
mem:  3138048
mem:  3127296
mem:  3125248
mem:  3140096
mem:  3140608
mem:  3172352
mem:  3137536
mem:  3152384
mem:  3128320
mem:  3174912
mem:  3147264
mem:  3168256
mem:  3146752
mem:  3167744
mem:  3169280
mem:  3141632
mem:  3156480
mem:  3167744
mem:  3191296
mem:  3174400
mem:  3184640
mem:  3183616
mem:  3194880
mem:  3200000
mem:  3200512
mem:  3203072
mem:  3207168
mem:  3185664
mem:  3177472
mem:  3156992
mem:  3193856
mem:  3201536
mem:  3216384
mem:  3205632
mem:  3190272
mem:  3162624
mem:  3183616
mem:  3185152
mem:  3200000
mem:  3172352
mem:  3209216
mem:  3217920
mem:  3222016
mem:  3200512
mem:  3215360
mem:  3203584
mem:  3228160
mem:  3239424
mem:  3202048
mem:  3210752
mem:  3218432
mem:  3190784
mem:  3225088
mem:  3215872
mem:  3234304
mem:  3245568
mem:  3202048
mem:  3215872
mem:  3214848
mem:  3212800
mem:  3217920
mem:  3241472
mem:  3249152
mem:  3238400
mem:  3261952
mem:  3202560
mem:  3252736
mem:  3240960
mem:  3246080
mem:  3259904
mem:  3245568
mem:  3264000
mem:  3271680
mem:  3227136
mem:  3245568
mem:  3282432
mem:  3283968
mem:  3259904
mem:  3271168
mem:  3243520
mem:  3267072
mem:  3236864
mem:  3279872
mem:  3249664
mem:  3286528
mem:  3272192
mem:  3279872
mem:  3278848
mem:  3273216
mem:  3245568
mem:  3305472
mem:  3304448
mem:  3298816
mem:  3303936
mem:  3311616
mem:  3303424
mem:  3314688
mem:  3293184
mem:  3308032
mem:  3315712
mem:  3308544
mem:  3322368
mem:  3314176
mem:  3321856
mem:  3324416
mem:  3328512
mem:  3316736
mem:  3318272
mem:  3326976
mem:  3331072
mem:  3336192
mem:  3328000
mem:  3339264
mem:  3340800
mem:  3307008
mem:  3321856
mem:  3345408
mem:  3315200
mem:  3348480
mem:  3350016
mem:  3345408
mem:  3353088
mem:  3354624
mem:  3356160
mem:  3354112
mem:  3359232
mem:  3354624
mem:  3362304
mem:  3363840
mem:  3365376
mem:  3366912
mem:  3368448
mem:  3369984
mem:  3371520
mem:  3340288
mem:  3374592
mem:  3372544
mem:  3377664
mem:  3366912
mem:  3371008
mem:  3382272
mem:  3381248
mem:  3385344
mem:  3386880
mem:  3372544
mem:  3389952
mem:  3381760
mem:  3377152
mem:  3382272
mem:  3380224
mem:  3385344
mem:  3393024
mem:  3381248
mem:  3398656
mem:  3401216
mem:  3395584
mem:  3406848
mem:  3404800
mem:  3409920
mem:  3407872
mem:  3412992
mem:  3414528
mem:  3416064
mem:  3414016
mem:  3386368
mem:  3420672
mem:  3408896
mem:  3423744
mem:  3419136
mem:  3414528
mem:  3428352
mem:  3423744
mem:  3418112
mem:  3429376
mem:  3408896
mem:  3433472
mem:  3402240
mem:  3439104
mem:  3440640
mem:  3436032
mem:  3443712
mem:  3439104
mem:  3421184
mem:  3448320
mem:  3443712
mem:  3451392
mem:  3446784
mem:  3444736
mem:  3456000
