SLURM_JOBID=5050126
SLURM_JOB_NODELIST=svl9
SLURM_NNODES=1
SLURMTMPDIR=
working directory = /viscam/projects/objectfolder_benchmark/benchmarks/Multi_Sensory_3D_Reconstruction/code/models/MDN
Start_idx:  698
mem:  1536
mem:  1884672
mem:  1908736
mem:  1910272
mem:  1869312
mem:  1876992
mem:  1868800
mem:  1912832
mem:  1881600
mem:  1886720
mem:  1911296
mem:  1903104
mem:  1894912
mem:  1870848
mem:  1917440
mem:  1918976
mem:  1871872
mem:  1899008
mem:  1910272
mem:  1915392
mem:  1900032
mem:  1924608
mem:  1906688
mem:  1934848
mem:  1903616
mem:  1944064
mem:  1912832
mem:  1930240
mem:  1896448
mem:  1934336
mem:  1909248
mem:  1901056
mem:  1931776
mem:  1943040
mem:  1954304
mem:  1955840
mem:  1947648
mem:  1943040
mem:  1915392
mem:  1923072
mem:  1940480
mem:  1929728
mem:  1979904
mem:  1909760
mem:  1967104
mem:  1935872
mem:  1927680
mem:  1900032
mem:  1940480
mem:  1961472
mem:  1953280
mem:  1931776
mem:  1962496
mem:  1983488
mem:  1991168
mem:  1953792
mem:  1929728
mem:  1954304
mem:  1981440
mem:  1982976
mem:  1974784
mem:  1963008
mem:  1971712
mem:  1930752
mem:  1994240
mem:  2001920
mem:  1993728
mem:  2008576
mem:  2016256
mem:  1969152
mem:  2003456
mem:  1995264
mem:  1993216
mem:  2004480
mem:  1990144
mem:  2033152
mem:  1973760
mem:  1946112
mem:  1996288
mem:  1997824
mem:  2038272
mem:  1968128
mem:  2028032
mem:  2023424
mem:  2044416
mem:  1990144
mem:  1982976
mem:  2000384
mem:  2017792
mem:  1997312
mem:  2011136
mem:  1977344
mem:  2017792
mem:  2042368
mem:  2007552
mem:  2032128
mem:  2014208
mem:  2044928
mem:  2010112
mem:  2005504
