SLURM_JOBID=5050339
SLURM_JOB_NODELIST=svl9
SLURM_NNODES=1
SLURMTMPDIR=
working directory = /viscam/projects/objectfolder_benchmark/benchmarks/Multi_Sensory_3D_Reconstruction/code/models/MDN
Start_idx:  947
mem:  1536
mem:  1917440
mem:  1918464
mem:  1910272
mem:  1917952
mem:  1929216
mem:  1924608
mem:  1929728
mem:  1927680
mem:  1919488
mem:  1923584
mem:  1932288
mem:  1924096
mem:  1935360
mem:  1917440
mem:  1905664
mem:  1939968
mem:  1941504
mem:  1945600
mem:  1948160
mem:  1949696
mem:  1931776
mem:  1955328
mem:  1956864
mem:  1958400
mem:  1953792
mem:  1957888
mem:  1963008
mem:  1961984
mem:  1956352
mem:  1961472
mem:  1969152
mem:  1958400
mem:  1962496
mem:  1967616
mem:  1975296
mem:  1937920
mem:  1975808
mem:  1976320
mem:  1978880
mem:  1976832
mem:  1974784
mem:  1986048
mem:  1968128
mem:  1979392
mem:  1987072
mem:  1979904
mem:  1990144
mem:  1979392
mem:  1990656
mem:  1994752
mem:  1999872
mem:  1997824
mem:  1996800
mem:  2004480
mem:  2006016
mem:  2003968
mem:  2002944
mem:  2004480
mem:  2009600
mem:  1990656
mem:  1999360
mem:  2013184
mem:  2015744
mem:  2019840
mem:  2005504
mem:  2016768
mem:  2001408
mem:  2025984
mem:  2015232
mem:  2007040
mem:  2030592
mem:  2025984
mem:  2031104
mem:  2035200
mem:  2017280
mem:  2025984
mem:  2023936
mem:  2035200
mem:  2039296
mem:  2041856
mem:  2043392
mem:  2044928
mem:  2049024
mem:  2037248
mem:  2052096
mem:  2040320
mem:  2055168
mem:  2033664
mem:  2055680
mem:  2024448
mem:  2051584
mem:  2056704
mem:  2061824
mem:  2056192
mem:  2032128
mem:  2059264
mem:  2048512
mem:  2068480
mem:  2067456
