SLURM_JOBID=5049657
SLURM_JOB_NODELIST=svl2
SLURM_NNODES=1
SLURMTMPDIR=
working directory = /viscam/projects/objectfolder_benchmark/benchmarks/Multi_Sensory_3D_Reconstruction/code/models/MDN
Start_idx:  184
mem:  1536
mem:  1911296
mem:  1921024
mem:  1865216
mem:  1872896
mem:  1847808
mem:  1875968
mem:  1871360
mem:  1885184
mem:  1884160
mem:  1878528
mem:  1877504
mem:  1914368
mem:  1899008
mem:  1913856
mem:  1903104
mem:  1894912
mem:  1908736
mem:  1946624
mem:  1925120
mem:  1907200
mem:  1908736
mem:  1904128
mem:  1933824
mem:  1909760
mem:  1891840
mem:  1906688
mem:  1937408
mem:  1964544
mem:  1904128
mem:  1944576
mem:  1959424
mem:  1929216
mem:  1966080
mem:  1957888
mem:  1930240
mem:  1941504
mem:  1929728
mem:  1944576
mem:  1907200
mem:  1924608
mem:  1929728
mem:  1970176
mem:  1961984
mem:  1924608
mem:  1974784
mem:  1979904
mem:  1945088
mem:  1934336
mem:  1942016
mem:  1937408
mem:  1993728
mem:  1981952
mem:  1996800
mem:  1939968
mem:  1996288
mem:  1966080
mem:  1993216
mem:  1952256
mem:  1979392
mem:  1922560
mem:  1970176
mem:  1954816
mem:  1973248
mem:  1994240
mem:  1986048
mem:  1941504
mem:  2004992
mem:  1974784
mem:  1986048
mem:  1960960
mem:  1975808
mem:  1979904
mem:  1972736
mem:  2006016
mem:  1968640
mem:  2028544
mem:  2008064
mem:  2021888
mem:  1981952
mem:  2012672
mem:  1991168
mem:  1989120
mem:  1996800
mem:  2021376
mem:  2052096
mem:  2004992
mem:  2051584
mem:  2027520
mem:  2025472
mem:  2007552
mem:  2061312
mem:  2021376
mem:  2015744
mem:  2014720
mem:  2034688
mem:  2027520
mem:  2051072
mem:  2019840
mem:  2063872
