SLURM_JOBID=5050113
SLURM_JOB_NODELIST=svl9
SLURM_NNODES=1
SLURMTMPDIR=
working directory = /viscam/projects/objectfolder_benchmark/benchmarks/Multi_Sensory_3D_Reconstruction/code/models/MDN
Start_idx:  687
mem:  1536
mem:  1900544
mem:  1902592
mem:  1896960
mem:  1869312
mem:  1900032
mem:  1914880
mem:  1912832
mem:  1904640
mem:  1929216
mem:  1913856
mem:  1903104
mem:  1898496
mem:  1925632
mem:  1927168
mem:  1928704
mem:  1916928
mem:  1944064
mem:  1904128
mem:  1944576
mem:  1897472
mem:  1922048
mem:  1910272
mem:  1940992
mem:  1932800
mem:  1921024
mem:  1945600
mem:  1931264
mem:  1929216
mem:  1943040
mem:  1951744
mem:  1937408
mem:  1892864
mem:  1929728
mem:  1957888
mem:  1914368
mem:  1925632
mem:  1956352
mem:  1960448
mem:  1942528
mem:  1941504
mem:  1935872
mem:  1914368
mem:  1946112
mem:  1979392
mem:  1974784
mem:  1960448
mem:  1964544
mem:  1973248
mem:  1974784
mem:  1994752
mem:  1954816
mem:  1939456
mem:  1993216
mem:  1991168
mem:  1944064
mem:  1997824
mem:  1996800
mem:  1958400
mem:  1996288
mem:  2003968
mem:  1986048
mem:  2010624
mem:  2008576
mem:  2006528
mem:  1986048
mem:  1993728
mem:  2001408
mem:  2022400
mem:  1982464
mem:  2015744
mem:  2008576
mem:  1993216
mem:  2023936
mem:  2021888
mem:  2034176
mem:  1996800
mem:  2008064
mem:  2018304
mem:  2027008
mem:  1995776
mem:  2033664
mem:  2037760
mem:  2029568
mem:  2015232
mem:  2026496
mem:  2014720
mem:  2041856
mem:  2017792
mem:  1993728
mem:  2057216
mem:  2055168
mem:  2023936
mem:  2032640
mem:  2011136
mem:  2038272
mem:  2043392
mem:  2044928
mem:  2023424
mem:  2057728
