SLURM_JOBID=5049845
SLURM_JOB_NODELIST=svl7
SLURM_NNODES=1
SLURMTMPDIR=
working directory = /viscam/projects/objectfolder_benchmark/benchmarks/Multi_Sensory_3D_Reconstruction/code/models/MDN
Start_idx:  394
mem:  1536
mem:  1874944
mem:  1882112
mem:  1900544
mem:  1879040
mem:  1874432
mem:  1917440
mem:  1887232
mem:  1869312
mem:  1913344
mem:  1872384
mem:  1906688
mem:  1926656
mem:  1889280
mem:  1921024
mem:  1928704
mem:  1881600
mem:  1856512
mem:  1887232
mem:  1892352
mem:  1916928
mem:  1899008
mem:  1943040
mem:  1911808
mem:  1878016
mem:  1934336
mem:  1935872
mem:  1927680
mem:  1915904
mem:  1934336
mem:  1915392
mem:  1930240
mem:  1931776
mem:  1911296
mem:  1938432
mem:  1949696
mem:  1957376
mem:  1955328
mem:  1931264
mem:  1965568
mem:  1951232
mem:  1935872
mem:  1925120
mem:  1925632
mem:  1927168
mem:  1968640
mem:  1937408
mem:  1974272
mem:  1979392
mem:  1961472
mem:  1965568
mem:  1964544
mem:  1966080
mem:  1964032
mem:  1969152
mem:  1967104
mem:  1962496
mem:  1956864
mem:  1948672
mem:  1967104
mem:  1971200
mem:  1983488
mem:  1977856
mem:  1969664
mem:  1994240
mem:  1982464
mem:  1977856
mem:  1962496
mem:  1938432
mem:  1998336
mem:  1990144
mem:  1997824
mem:  1989632
mem:  1978880
mem:  1993728
mem:  2020864
mem:  2012672
mem:  2020352
mem:  1996288
mem:  1988096
mem:  2024960
mem:  2016768
mem:  2021888
mem:  2029568
mem:  2031104
mem:  2007040
mem:  2001408
mem:  2000384
mem:  2040832
mem:  2016768
mem:  2034176
mem:  2029568
mem:  2004480
mem:  2013184
mem:  1997824
mem:  2015232
mem:  2008064
mem:  2025472
mem:  2042880
mem:  2032128
