SLURM_JOBID=5049721
SLURM_JOB_NODELIST=svl2
SLURM_NNODES=1
SLURMTMPDIR=
working directory = /viscam/projects/objectfolder_benchmark/benchmarks/Multi_Sensory_3D_Reconstruction/code/models/MDN
Start_idx:  264
mem:  1536
mem:  1904128
mem:  1924608
mem:  1910272
mem:  1927680
mem:  1906176
mem:  1891840
mem:  1906688
mem:  1924096
mem:  1931776
mem:  1934336
mem:  1932288
mem:  1926656
mem:  1935360
mem:  1940480
mem:  1895936
mem:  1930240
mem:  1896448
mem:  1929728
mem:  1915392
mem:  1946112
mem:  1905152
mem:  1949184
mem:  1956864
mem:  1952256
mem:  1936896
mem:  1955328
mem:  1963008
mem:  1925632
mem:  1936896
mem:  1951744
mem:  1963008
mem:  1960960
mem:  1946624
mem:  1951744
mem:  1930240
mem:  1976832
mem:  1965056
mem:  1979904
mem:  1975296
mem:  1982976
mem:  1984512
mem:  1982464
mem:  1975296
mem:  1979392
mem:  1967616
mem:  1950720
mem:  1974272
mem:  1995264
mem:  1965056
mem:  1988608
mem:  1993728
mem:  1968640
mem:  1996800
mem:  2001920
mem:  2003456
mem:  2001408
mem:  2002944
mem:  2010624
mem:  2006016
mem:  1991680
mem:  1999360
mem:  1994752
mem:  2018304
mem:  1978368
mem:  1999360
mem:  2022912
mem:  1975808
mem:  1977344
mem:  2027520
mem:  1996288
mem:  2011136
mem:  2032128
mem:  2023936
mem:  1990144
mem:  2030592
mem:  1996800
mem:  2026496
mem:  2035200
mem:  2033152
mem:  2022400
mem:  2020352
mem:  2035200
mem:  2019840
mem:  2028544
mem:  2036224
mem:  2018304
mem:  2029568
mem:  2031104
mem:  2035200
mem:  2047488
mem:  2018816
mem:  2053120
mem:  2054656
mem:  2046464
mem:  2057728
mem:  2059264
mem:  2051072
mem:  2017280
mem:  2073600
