SLURM_JOBID=5049977
SLURM_JOB_NODELIST=svl18
SLURM_NNODES=1
SLURMTMPDIR=
working directory = /viscam/projects/objectfolder_benchmark/benchmarks/Multi_Sensory_3D_Reconstruction/code/models/MDN
Start_idx:  562
mem:  1536
mem:  1888256
mem:  1892864
mem:  1920000
mem:  1859584
mem:  1926656
mem:  1899008
mem:  1932288
mem:  1910784
mem:  1929216
mem:  1907712
mem:  1918976
mem:  1904640
mem:  1912320
mem:  1907712
mem:  1889792
mem:  1901056
mem:  1906176
mem:  1917440
mem:  1909248
mem:  1923072
mem:  1937920
mem:  1932288
mem:  1950720
mem:  1932800
mem:  1940480
mem:  1922560
mem:  1963008
mem:  1915904
mem:  1936896
mem:  1928704
mem:  1956864
mem:  1954816
mem:  1939456
mem:  1934848
mem:  1936384
mem:  1960960
mem:  1974784
mem:  1944576
mem:  1961984
mem:  1940480
mem:  1955328
mem:  1947136
mem:  1945088
mem:  1967104
mem:  1935872
mem:  1947136
mem:  1952256
mem:  1959936
mem:  1957888
mem:  1975296
mem:  1970688
mem:  1989120
mem:  1980928
mem:  1998336
mem:  1996288
mem:  1978368
mem:  1940992
mem:  1977856
mem:  1986560
mem:  2010112
mem:  2001920
mem:  1968128
mem:  1982976
mem:  1977344
mem:  1995776
mem:  1977856
mem:  2004992
mem:  2002944
mem:  1982464
mem:  2016768
mem:  2024448
mem:  1977344
mem:  1992192
mem:  2025472
mem:  2007552
mem:  1960448
mem:  2027520
mem:  2006016
mem:  2027008
mem:  2040832
mem:  2026496
mem:  2021888
mem:  2023424
mem:  2024960
mem:  2016768
mem:  2021888
mem:  2045440
mem:  2014208
mem:  1999872
mem:  2030592
mem:  2016256
mem:  2059264
mem:  2029056
mem:  2046464
mem:  2028544
mem:  2068992
mem:  2025472
mem:  2036736
mem:  2011648
