SLURM_JOBID=5049569
SLURM_JOB_NODELIST=svl15
SLURM_NNODES=1
SLURMTMPDIR=
working directory = /viscam/projects/objectfolder_benchmark/benchmarks/Multi_Sensory_3D_Reconstruction/code/models/MDN
Start_idx:  93
mem:  1536
mem:  1884672
mem:  1885696
mem:  1890816
mem:  1879040
mem:  1900032
mem:  1908736
mem:  1903104
mem:  1875456
mem:  1890304
mem:  1907712
mem:  1909248
mem:  1917952
mem:  1908736
mem:  1900544
mem:  1847296
mem:  1907200
mem:  1922048
mem:  1917440
mem:  1940992
mem:  1932800
mem:  1908736
mem:  1926144
mem:  1933824
mem:  1915904
mem:  1928192
mem:  1920000
mem:  1933824
mem:  1932800
mem:  1907712
mem:  1899520
mem:  1933824
mem:  1900032
mem:  1929728
mem:  1944576
mem:  1942528
mem:  1935360
mem:  1958912
mem:  1964032
mem:  1942528
mem:  1963520
mem:  1958912
mem:  1950720
mem:  1958400
mem:  1911296
mem:  1955328
mem:  1953280
mem:  1952256
mem:  1966080
mem:  1974784
mem:  1953280
mem:  1929216
mem:  1921024
mem:  1977344
mem:  1971712
mem:  1973248
mem:  1939456
mem:  1964032
mem:  1985024
mem:  1976832
mem:  1990656
mem:  1995776
mem:  1984000
mem:  1998848
mem:  1988096
mem:  1972736
mem:  1970688
mem:  2008576
mem:  1987072
mem:  1988608
mem:  2007040
mem:  1998848
mem:  2009088
mem:  2014208
mem:  1999872
mem:  2014720
mem:  2022400
mem:  2027520
mem:  2002432
mem:  1990656
mem:  2018816
mem:  2016768
mem:  2004992
mem:  2019840
mem:  1979904
mem:  2039808
mem:  1998848
mem:  2006528
mem:  2021376
mem:  2019328
mem:  2008576
mem:  2012672
mem:  2033664
mem:  2035200
mem:  2046464
mem:  2045440
mem:  2023936
mem:  2044928
mem:  2019840
mem:  2051584
