SLURM_JOBID=5049939
SLURM_JOB_NODELIST=svl2
SLURM_NNODES=1
SLURMTMPDIR=
working directory = /viscam/projects/objectfolder_benchmark/benchmarks/Multi_Sensory_3D_Reconstruction/code/models/MDN
Start_idx:  495
mem:  1536
mem:  1888256
mem:  1914880
mem:  1913856
mem:  1892352
mem:  1906176
mem:  1907712
mem:  1920000
mem:  1898496
mem:  1925632
mem:  1901568
mem:  1903104
mem:  1914368
mem:  1912320
mem:  1904128
mem:  1912832
mem:  1881600
mem:  1889280
mem:  1949184
mem:  1950720
mem:  1913344
mem:  1937920
mem:  1916416
mem:  1943552
mem:  1946112
mem:  1947648
mem:  1932288
mem:  1943552
mem:  1929216
mem:  1936896
mem:  1932288
mem:  1924096
mem:  1957376
mem:  1952768
mem:  1928704
mem:  1949696
mem:  1944064
mem:  1949184
mem:  1938432
mem:  1969152
mem:  1957376
mem:  1971200
mem:  1950720
mem:  1958400
mem:  1927168
mem:  1948160
mem:  1969152
mem:  1964544
mem:  1981952
mem:  1971200
mem:  1982464
mem:  1974272
mem:  1991680
mem:  1973760
mem:  1998336
mem:  1980416
mem:  1974784
mem:  2005504
mem:  1987584
mem:  1990144
mem:  1994240
mem:  1995776
mem:  2004480
mem:  2008576
mem:  1994240
mem:  1989632
mem:  1971712
mem:  2008576
mem:  2019840
mem:  2021376
mem:  1993728
mem:  2014720
mem:  1993216
mem:  2033664
mem:  1990144
mem:  2007552
mem:  1996800
mem:  2023936
mem:  2012160
mem:  2033152
mem:  2028544
mem:  2000896
mem:  2034176
mem:  2035712
mem:  2018816
mem:  1999872
mem:  2034176
mem:  2006528
mem:  2031104
mem:  2052096
mem:  2043904
mem:  2041856
mem:  2046976
mem:  2035200
mem:  2034176
mem:  2051584
mem:  2010624
mem:  2025472
mem:  2049024
mem:  2067456
