SLURM_JOBID=5049526
SLURM_JOB_NODELIST=svl1
SLURM_NNODES=1
SLURMTMPDIR=
working directory = /viscam/projects/objectfolder_benchmark/benchmarks/Multi_Sensory_3D_Reconstruction/code/models/MDN
Start_idx:  66
mem:  1536
mem:  1904128
mem:  1905152
mem:  1893376
mem:  1914368
mem:  1913344
mem:  1914880
mem:  1918976
mem:  1917952
mem:  1922048
mem:  1911296
mem:  1912832
mem:  1887744
mem:  1935360
mem:  1913856
mem:  1931264
mem:  1939968
mem:  1905152
mem:  1943040
mem:  1911808
mem:  1887744
mem:  1895424
mem:  1926144
mem:  1917952
mem:  1946112
mem:  1901568
mem:  1935872
mem:  1943552
mem:  1915904
mem:  1936896
mem:  1951744
mem:  1943552
mem:  1935360
mem:  1968640
mem:  1957888
mem:  1939968
mem:  1954816
mem:  1972224
mem:  1970176
mem:  1936384
mem:  1953792
mem:  1949184
mem:  1966592
mem:  1952256
mem:  1924608
mem:  1988096
mem:  1949696
mem:  1993728
mem:  1979392
mem:  1957888
mem:  1966592
mem:  1974272
mem:  1981952
mem:  1996800
mem:  1994752
mem:  1990144
mem:  1978368
mem:  1964032
mem:  1988608
mem:  1967104
mem:  1939456
mem:  1973760
mem:  1977856
mem:  1998848
mem:  2000384
mem:  1989632
mem:  2003456
mem:  2004992
mem:  1994240
mem:  1988608
mem:  2009600
mem:  1991680
mem:  2016256
mem:  2011648
mem:  1976832
mem:  2011136
mem:  2015232
mem:  2017792
mem:  2008576
mem:  2017280
mem:  1964032
mem:  2016768
mem:  2025472
mem:  2029568
mem:  2021376
mem:  2048512
mem:  2043904
mem:  2045440
mem:  2033664
mem:  2036224
mem:  2040320
mem:  2022400
mem:  2040832
mem:  2029056
mem:  2059776
mem:  2028544
mem:  2014208
mem:  2064384
mem:  2065920
mem:  2067456
