SLURM_JOBID=5049718
SLURM_JOB_NODELIST=svl7
SLURM_NNODES=1
SLURMTMPDIR=
working directory = /viscam/projects/objectfolder_benchmark/benchmarks/Multi_Sensory_3D_Reconstruction/code/models/MDN
Start_idx:  262
mem:  1536
mem:  1920000
mem:  1860096
mem:  1916416
mem:  1892352
mem:  1864704
mem:  1862656
mem:  1864192
mem:  1885184
mem:  1929216
mem:  1930752
mem:  1912832
mem:  1939968
mem:  1902592
mem:  1865216
mem:  1883648
mem:  1920512
mem:  1895424
mem:  1894400
mem:  1892352
mem:  1893888
mem:  1895424
mem:  1894400
mem:  1894912
mem:  1919488
mem:  1901568
mem:  1961472
mem:  1924096
mem:  1929216
mem:  1911296
mem:  1951744
mem:  1949696
mem:  1951232
mem:  1943040
mem:  1925120
mem:  1924096
mem:  1914880
mem:  1958912
mem:  1940992
mem:  1946112
mem:  1960960
mem:  1951744
mem:  1976320
mem:  1942528
mem:  1975808
mem:  1958912
mem:  1982464
mem:  1945088
mem:  1930752
mem:  1915392
mem:  1939968
mem:  1976832
mem:  1946624
mem:  1977344
mem:  1969152
mem:  1980416
mem:  1978368
mem:  1956864
mem:  1991168
mem:  1963520
mem:  1968640
mem:  1960448
mem:  1994752
mem:  1973248
mem:  1994240
mem:  1978880
mem:  2000896
mem:  1998848
mem:  1984512
mem:  1969152
mem:  1984000
mem:  2017280
mem:  1987072
mem:  2004480
mem:  1986560
mem:  2011136
mem:  1989632
mem:  2020352
mem:  1982976
mem:  2010112
mem:  2021376
mem:  2007040
mem:  2015744
mem:  2033152
mem:  2009088
mem:  2022912
mem:  2028032
mem:  2029568
mem:  2011648
mem:  2026496
mem:  2037760
mem:  2006528
mem:  2004480
mem:  2051072
mem:  2059776
mem:  2009088
mem:  2053120
mem:  2025472
mem:  2042880
mem:  2024960
