SLURM_JOBID=5049592
SLURM_JOB_NODELIST=svl1
SLURM_NNODES=1
SLURMTMPDIR=
working directory = /viscam/projects/objectfolder_benchmark/benchmarks/Multi_Sensory_3D_Reconstruction/code/models/MDN
Start_idx:  155
mem:  1536
mem:  1865216
mem:  1892864
mem:  1923584
mem:  1917952
mem:  1867264
mem:  1889280
mem:  1929728
mem:  1894912
mem:  1925632
mem:  1936896
mem:  1912832
mem:  1901056
mem:  1873408
mem:  1891840
mem:  1934848
mem:  1930240
mem:  1937920
mem:  1923584
mem:  1908224
mem:  1942528
mem:  1947648
mem:  1903104
mem:  1933824
mem:  1929216
mem:  1917440
mem:  1912832
mem:  1959424
mem:  1954816
mem:  1952768
mem:  1925120
mem:  1953280
mem:  1954816
mem:  1956352
mem:  1960448
mem:  1955840
mem:  1934336
mem:  1978368
mem:  1944576
mem:  1981440
mem:  1950208
mem:  1932288
mem:  1966592
mem:  1964544
mem:  1956352
mem:  1971200
mem:  1963008
mem:  1984000
mem:  1969664
mem:  1934848
mem:  1953280
mem:  1970688
mem:  1943040
mem:  1967616
mem:  2004480
mem:  1967104
mem:  1972224
mem:  1999360
mem:  1965568
mem:  1999872
mem:  2013696
mem:  1964032
mem:  1952256
mem:  1992704
mem:  1978368
mem:  2005504
mem:  1980416
mem:  2008576
mem:  2010112
mem:  2011648
mem:  2007040
mem:  2008576
mem:  1993216
mem:  2031104
mem:  1947648
mem:  2023424
mem:  1986048
mem:  2007040
mem:  2002432
mem:  2013696
mem:  1999360
mem:  1997312
mem:  2044928
mem:  2045440
mem:  1999360
mem:  2013184
mem:  2012160
mem:  2052608
mem:  2008064
mem:  2022912
mem:  2024448
mem:  2022400
mem:  2033664
mem:  2044928
mem:  2065920
mem:  2034688
mem:  2030080
mem:  2018304
mem:  2046464
mem:  2028544
