SLURM_JOBID=5050006
SLURM_JOB_NODELIST=svl18
SLURM_NNODES=1
SLURMTMPDIR=
working directory = /viscam/projects/objectfolder_benchmark/benchmarks/Multi_Sensory_3D_Reconstruction/code/models/MDN
Start_idx:  585
mem:  1536
mem:  1911296
mem:  1922048
mem:  1922560
mem:  1915392
mem:  1900032
mem:  1908736
mem:  1922560
mem:  1908224
mem:  1902592
mem:  1927168
mem:  1899520
mem:  1933824
mem:  1912320
mem:  1929728
mem:  1876480
mem:  1926656
mem:  1935360
mem:  1929728
mem:  1950720
mem:  1946112
mem:  1947648
mem:  1943040
mem:  1924096
mem:  1932800
mem:  1934336
mem:  1948160
mem:  1947136
mem:  1945088
mem:  1959936
mem:  1964032
mem:  1963008
mem:  1964544
mem:  1956352
mem:  1970176
mem:  1949696
mem:  1941504
mem:  1949184
mem:  1954304
mem:  1977856
mem:  1963520
mem:  1974784
mem:  1979904
mem:  1958400
mem:  1959936
mem:  1967616
mem:  1947136
mem:  1968128
mem:  1989120
mem:  1990656
mem:  1972736
mem:  1976832
mem:  1958912
mem:  1987072
mem:  1991168
mem:  1996288
mem:  1966080
mem:  1996800
mem:  2007040
mem:  2006016
mem:  1968640
mem:  2012672
mem:  2003456
mem:  1989120
mem:  2010112
mem:  2005504
mem:  2010624
mem:  1985536
mem:  1993216
mem:  2008064
mem:  2003456
mem:  2027008
mem:  1996800
mem:  2004480
mem:  2032640
mem:  2023424
mem:  2028544
mem:  2036224
mem:  2021888
mem:  2027008
mem:  2034688
mem:  2014208
mem:  2021888
mem:  2042880
mem:  2050560
mem:  2020352
mem:  2047488
mem:  2052608
mem:  2015232
mem:  2029056
mem:  2050048
mem:  2058752
mem:  2059264
mem:  2058240
mem:  2042880
mem:  2057728
mem:  2065408
mem:  2051072
mem:  2072064
mem:  2067456
