SLURM_JOBID=5049130
SLURM_JOB_NODELIST=svl3
SLURM_NNODES=1
SLURMTMPDIR=
working directory = /viscam/projects/objectfolder_benchmark/benchmarks/Multi_Sensory_3D_Reconstruction/code/models/MDN
Start_idx:  24
mem:  1536
mem:  1888256
mem:  1899008
mem:  1916416
mem:  1925120
mem:  1913344
mem:  1930752
mem:  1932288
mem:  1927680
mem:  1906176
mem:  1917440
mem:  1922560
mem:  1930240
mem:  1937920
mem:  1943040
mem:  1944576
mem:  1907200
mem:  1928192
mem:  1935872
mem:  1892352
mem:  1952256
mem:  1953792
mem:  1929728
mem:  1956864
mem:  1958400
mem:  1918464
mem:  1948160
mem:  1956864
mem:  1932800
mem:  1966080
mem:  1928704
mem:  1910784
mem:  1899008
mem:  1962496
mem:  1944576
mem:  1936384
mem:  1976832
mem:  1917440
mem:  1927680
mem:  1946112
mem:  1969664
mem:  1939456
mem:  1976320
mem:  1968128
mem:  1956352
mem:  1955328
mem:  1982464
mem:  1945088
mem:  1946624
mem:  1974784
mem:  1947136
mem:  1951232
mem:  2001408
mem:  1967616
mem:  2004480
mem:  1999872
mem:  1965056
mem:  1934848
mem:  2008064
mem:  1982976
mem:  2007552
mem:  1992192
mem:  1974272
mem:  1963520
mem:  1980928
mem:  1966592
mem:  2019328
mem:  2024448
mem:  1974784
mem:  2014208
mem:  1986560
mem:  1997824
mem:  2032128
mem:  2023936
mem:  2025472
mem:  2030592
mem:  2012672
mem:  2037248
mem:  2038784
mem:  2042880
mem:  2028544
mem:  2007040
mem:  1996288
mem:  2017280
mem:  2040832
mem:  2048512
mem:  2053632
mem:  2016256
mem:  2014208
mem:  2055680
mem:  2056192
mem:  2061312
mem:  2008064
mem:  2064384
mem:  2011136
mem:  1995776
mem:  2068992
mem:  2070528
mem:  2062336
mem:  2073600
mem:  2053120
mem:  2053632
mem:  2019840
mem:  2038272
mem:  2032640
mem:  2018304
mem:  2051584
mem:  2037248
mem:  2067968
mem:  2047488
mem:  2051584
mem:  2085888
mem:  2044928
mem:  2030592
mem:  2035712
mem:  2085888
mem:  2044928
mem:  2033152
mem:  2061312
mem:  2071552
mem:  2096128
mem:  2056192
mem:  2063872
mem:  2061824
mem:  2066944
mem:  2080768
mem:  2105344
mem:  2093568
mem:  2086400
mem:  2064896
mem:  2101760
mem:  2067968
mem:  2072064
mem:  2084352
mem:  2076160
mem:  2109440
mem:  2075648
mem:  2073600
mem:  2114048
mem:  2080256
mem:  2087936
mem:  2102784
mem:  2114048
mem:  2092544
mem:  2084352
mem:  2085888
mem:  2077696
mem:  2102272
mem:  2136576
mem:  2121216
mem:  2091008
mem:  2069504
mem:  2103808
mem:  2101760
mem:  2119168
mem:  2101248
mem:  2116096
mem:  2140672
mem:  2105856
mem:  2126848
mem:  2108928
mem:  2120192
mem:  2119168
mem:  2148864
mem:  2122240
mem:  2139648
mem:  2131456
mem:  2148864
mem:  2134528
mem:  2077696
mem:  2130432
mem:  2139136
mem:  2140672
mem:  2167808
mem:  2124288
mem:  2158592
mem:  2162688
mem:  2180096
mem:  2110976
mem:  2170880
mem:  2143232
mem:  2125312
mem:  2168320
mem:  2186752
mem:  2182144
mem:  2164224
mem:  2136576
mem:  2153984
mem:  2149376
mem:  2163200
mem:  2168320
mem:  2208768
mem:  2171392
mem:  2124288
mem:  2177024
mem:  2156544
mem:  2183680
mem:  2175488
mem:  2145280
mem:  2152960
mem:  2219008
mem:  2217984
mem:  2229248
mem:  2227200
mem:  2234880
mem:  2232832
mem:  2228224
mem:  2235904
mem:  2234880
mem:  2240000
mem:  2241536
mem:  2245632
mem:  2244608
mem:  2245120
mem:  2250240
mem:  2242048
mem:  2247168
mem:  2252288
mem:  2244096
mem:  2251776
mem:  2256896
mem:  2258432
mem:  2262528
mem:  2264064
mem:  2265600
mem:  2231808
mem:  2268672
mem:  2267648
mem:  2252288
mem:  2273280
mem:  2274816
mem:  2276352
mem:  2258432
mem:  2279424
mem:  2278400
mem:  2270208
mem:  2284032
mem:  2285568
mem:  2277376
mem:  2286080
mem:  2290176
mem:  2272256
mem:  2290688
mem:  2278912
mem:  2280448
mem:  2297856
mem:  2295808
mem:  2300928
mem:  2299904
mem:  2301440
mem:  2305536
mem:  2268160
mem:  2308608
mem:  2306560
mem:  2309120
mem:  2307072
mem:  2295296
mem:  2310144
mem:  2311680
mem:  2274304
mem:  2295296
mem:  2322432
mem:  2285056
mem:  2313216
mem:  2305024
mem:  2309120
mem:  2326528
mem:  2331648
mem:  2333184
mem:  2332160
mem:  2336256
mem:  2331648
mem:  2335744
mem:  2340864
mem:  2342400
mem:  2331648
mem:  2332160
mem:  2340864
mem:  2322944
mem:  2347520
mem:  2338304
mem:  2353152
mem:  2352128
mem:  2346496
mem:  2357760
mem:  2355712
mem:  2360832
mem:  2342912
mem:  2363904
mem:  2345984
mem:  2364416
mem:  2368512
mem:  2337280
mem:  2365440
mem:  2366976
mem:  2374656
mem:  2370048
mem:  2352128
mem:  2357248
mem:  2374656
mem:  2370048
mem:  2329088
mem:  2363392
mem:  2309120
mem:  2336256
mem:  2357248
mem:  2358784
mem:  2328576
mem:  2375168
mem:  2337792
mem:  2356224
mem:  2370048
mem:  2375168
mem:  2353664
mem:  2345472
mem:  2383360
mem:  2371584
mem:  2386432
mem:  2361344
mem:  2339840
mem:  2387456
mem:  2362368
mem:  2383360
mem:  2372608
mem:  2415616
mem:  2385408
mem:  2377216
mem:  2392064
mem:  2390016
mem:  2401280
mem:  2386944
mem:  2369024
mem:  2402304
mem:  2374656
mem:  2356736
mem:  2397184
mem:  2404864
mem:  2384384
mem:  2417664
mem:  2371584
mem:  2443776
mem:  2413568
mem:  2427392
mem:  2416640
mem:  2443776
mem:  2416128
mem:  2400768
mem:  2422784
mem:  2430464
mem:  2447872
mem:  2387456
mem:  2427904
mem:  2423296
mem:  2408960
mem:  2436096
mem:  2418176
mem:  2439168
mem:  2415104
mem:  2406912
mem:  2440192
mem:  2442752
mem:  2421248
mem:  2432512
mem:  2446336
mem:  2438144
mem:  2433536
mem:  2441216
mem:  2456064
mem:  2405376
mem:  2449408
mem:  2435072
mem:  2446336
mem:  2469888
mem:  2465280
mem:  2441216
mem:  2439168
mem:  2450432
mem:  2467840
mem:  2434048
mem:  2441728
mem:  2485760
mem:  2428928
mem:  2475520
mem:  2486784
mem:  2476032
mem:  2483712
mem:  2472960
mem:  2463744
mem:  2494464
mem:  2477568
mem:  2458624
mem:  2486784
mem:  2436096
mem:  2499584
mem:  2485248
mem:  2473472
mem:  2490880
mem:  2496000
mem:  2497536
mem:  2491904
mem:  2458112
mem:  2492416
mem:  2503680
mem:  2511360
mem:  2493440
mem:  2502144
mem:  2515968
mem:  2511360
mem:  2477568
mem:  2527744
mem:  2535424
mem:  2517504
mem:  2525184
mem:  2540032
mem:  2518528
mem:  2523648
mem:  2518016
mem:  2516992
mem:  2524672
mem:  2520064
mem:  2537472
mem:  2532864
mem:  2521088
mem:  2535936
mem:  2572800
mem:  2519552
mem:  2534400
mem:  2551808
mem:  2549760
mem:  2531840
mem:  2540544
mem:  2567680
mem:  2546176
mem:  2567168
mem:  2543104
mem:  2531328
mem:  2549760
mem:  2547712
mem:  2562560
mem:  2554368
mem:  2555904
mem:  2544128
mem:  2567680
mem:  2556928
mem:  2545152
mem:  2582016
mem:  2573824
mem:  2578944
mem:  2580480
mem:  2595328
mem:  2577408
mem:  2608128
mem:  2615808
mem:  2584576
mem:  2570240
mem:  2587648
mem:  2583040
mem:  2597888
mem:  2589696
mem:  2574336
mem:  2579456
mem:  2594304
mem:  2609152
mem:  2597376
mem:  2595328
mem:  2612736
mem:  2611712
mem:  2638848
mem:  2607616
mem:  2618880
mem:  2594816
mem:  2603520
mem:  2607616
mem:  2618880
mem:  2630144
mem:  2609664
mem:  2600448
mem:  2628608
mem:  2642432
mem:  2608640
mem:  2610176
mem:  2648064
mem:  2648576
mem:  2653696
mem:  2619904
mem:  2627584
mem:  2635264
mem:  2601472
mem:  2649088
mem:  2614272
mem:  2631680
mem:  2624512
mem:  2638336
mem:  2639872
mem:  2625536
mem:  2627072
mem:  2640896
mem:  2649600
mem:  2664448
mem:  2655232
mem:  2663936
mem:  2668032
mem:  2643968
mem:  2680832
mem:  2689536
mem:  2655744
mem:  2689024
mem:  2657792
mem:  2692096
mem:  2697216
mem:  2702336
mem:  2677248
mem:  2707968
mem:  2705920
mem:  2701312
mem:  2712576
mem:  2707968
mem:  2709504
mem:  2691584
mem:  2689536
mem:  2697216
mem:  2712064
mem:  2703872
mem:  2721280
mem:  2677760
mem:  2727936
mem:  2690560
mem:  2724864
mem:  2713088
mem:  2724352
mem:  2729472
mem:  2724864
mem:  2719232
mem:  2720768
mem:  2722304
mem:  2723840
mem:  2731520
mem:  2740224
mem:  2741760
mem:  2733568
mem:  2735104
mem:  2749952
mem:  2747904
mem:  2745856
mem:  2753536
mem:  2758656
mem:  2754048
mem:  2739712
mem:  2763264
mem:  2752512
mem:  2760192
mem:  2767872
mem:  2769408
mem:  2757632
mem:  2762752
mem:  2744832
mem:  2752512
mem:  2767360
mem:  2775040
mem:  2754560
mem:  2752512
mem:  2754048
mem:  2761728
mem:  2743808
mem:  2768384
mem:  2785792
mem:  2765312
mem:  2788864
mem:  2793984
mem:  2795520
mem:  2787328
mem:  2795008
mem:  2767360
mem:  2766336
mem:  2797056
mem:  2792448
mem:  2800128
mem:  2791936
mem:  2803200
mem:  2804736
mem:  2790400
mem:  2804224
mem:  2792448
mem:  2813440
mem:  2805248
mem:  2798080
mem:  2799616
mem:  2781696
mem:  2802688
mem:  2820096
mem:  2824192
mem:  2819584
mem:  2811392
mem:  2828800
mem:  2833920
mem:  2802688
mem:  2827264
mem:  2812928
mem:  2808320
mem:  2812416
mem:  2840576
mem:  2796032
mem:  2778112
mem:  2816000
mem:  2787328
mem:  2818048
mem:  2801152
mem:  2853888
mem:  2823680
mem:  2818048
mem:  2819584
mem:  2799104
mem:  2855424
mem:  2863104
mem:  2858496
mem:  2821120
mem:  2825216
mem:  2804736
mem:  2812416
mem:  2849280
mem:  2815488
mem:  2830336
mem:  2838016
mem:  2878464
mem:  2870272
mem:  2848768
mem:  2844160
mem:  2839552
mem:  2860544
mem:  2887680
mem:  2889216
mem:  2881024
mem:  2849792
mem:  2884096
mem:  2872320
mem:  2861568
mem:  2833920
mem:  2831872
mem:  2839552
mem:  2842112
mem:  2875392
mem:  2896384
mem:  2866176
mem:  2870272
mem:  2875392
mem:  2867200
mem:  2852864
mem:  2880000
mem:  2914304
mem:  2889216
mem:  2884608
mem:  2882560
mem:  2916864
mem:  2875904
mem:  2923520
mem:  2911744
mem:  2877952
mem:  2930688
mem:  2864128
mem:  2885120
mem:  2880512
mem:  2936832
mem:  2903040
mem:  2917888
mem:  2902528
mem:  2936832
mem:  2911744
mem:  2920448
mem:  2898944
mem:  2906624
mem:  2888704
mem:  2887680
mem:  2953728
mem:  2906624
mem:  2898432
mem:  2909696
mem:  2959872
mem:  2899456
mem:  2920448
mem:  2935296
mem:  2959872
mem:  2948096
mem:  2920448
mem:  2921984
mem:  2972160
mem:  2882560
mem:  2939904
mem:  2976768
mem:  2904064
mem:  2976256
mem:  2958336
mem:  2940416
mem:  2949120
mem:  2956800
mem:  2987520
mem:  2946560
mem:  2939392
mem:  2982400
mem:  2968064
mem:  2979328
mem:  2938368
mem:  2955776
mem:  2976768
mem:  2985472
mem:  2971136
mem:  2962944
mem:  2990080
mem:  2991616
mem:  3002880
mem:  2988544
mem:  3012096
mem:  3010048
mem:  3002880
mem:  3000832
mem:  2995200
mem:  3016192
mem:  2988544
mem:  2980352
mem:  2998784
mem:  3010048
mem:  2992128
mem:  3022848
mem:  2981888
mem:  2963968
mem:  2982400
mem:  3005952
mem:  3017216
mem:  3018752
mem:  3033600
mem:  3041280
mem:  3007488
mem:  2972672
mem:  3010560
mem:  3014656
mem:  3036672
mem:  3034624
mem:  3049472
mem:  3041280
mem:  3016192
mem:  3024896
mem:  3022848
mem:  3007488
mem:  2990592
mem:  3053056
mem:  3060736
mem:  3026944
mem:  3028480
mem:  3059200
mem:  3054592
mem:  3011072
mem:  3073536
mem:  3036160
mem:  3037696
mem:  3042816
mem:  3067392
mem:  3038720
mem:  3043840
mem:  3068416
mem:  3066368
mem:  3084800
mem:  3056128
mem:  3084288
mem:  3078656
mem:  3077632
mem:  3081728
mem:  3063808
mem:  3078656
mem:  3083776
mem:  3072000
mem:  3080704
mem:  3075072
mem:  3096064
mem:  3068416
mem:  3089408
mem:  3110400
mem:  3073024
mem:  3103744
mem:  3089408
mem:  3074048
mem:  3102208
mem:  3074560
mem:  3121152
mem:  3061760
mem:  3069440
mem:  3123200
mem:  3127296
mem:  3109376
mem:  3079168
mem:  3099136
mem:  3133440
mem:  3134976
mem:  3087872
mem:  3108864
mem:  3133440
mem:  3115520
mem:  3113472
mem:  3131904
mem:  3116544
mem:  3092480
mem:  3123200
mem:  3147776
mem:  3112960
mem:  3108352
mem:  3103744
mem:  3111424
mem:  3138560
mem:  3153408
mem:  3145216
mem:  3098112
mem:  3089920
mem:  3117056
mem:  3141632
mem:  3123712
mem:  3141120
mem:  3103744
mem:  3111424
mem:  3126272
mem:  3154432
mem:  3154944
mem:  3115008
mem:  3129856
mem:  3166720
mem:  3080704
mem:  3134464
mem:  3158016
mem:  3137536
mem:  3128320
mem:  3101696
mem:  3167744
mem:  3124224
mem:  3176960
mem:  3136000
mem:  3180032
mem:  3149824
mem:  3167232
mem:  3168768
mem:  3186176
mem:  3171840
mem:  3144192
mem:  3171328
mem:  3192320
mem:  3139072
mem:  3133440
mem:  3187200
mem:  3155968
mem:  3193856
mem:  3205120
mem:  3193344
mem:  3208192
mem:  3131904
mem:  3178496
mem:  3158016
mem:  3204608
mem:  3173376
mem:  3217408
mem:  3182592
mem:  3236352
mem:  3196416
mem:  3219968
mem:  3227648
mem:  3220480
mem:  3192832
mem:  3193344
mem:  3175424
mem:  3184128
mem:  3195392
mem:  3241984
mem:  3204608
mem:  3180544
mem:  3240448
mem:  3226112
mem:  3249664
mem:  3218432
mem:  3213824
mem:  3218944
mem:  3226624
mem:  3224576
mem:  3227136
mem:  3244544
mem:  3216896
mem:  3201536
mem:  3226112
mem:  3247104
mem:  3203584
mem:  3228160
mem:  3235840
mem:  3247104
mem:  3264512
mem:  3223552
mem:  3248128
mem:  3246080
mem:  3202560
mem:  3266048
mem:  3248128
mem:  3239936
mem:  3218432
mem:  3268608
mem:  3273728
mem:  3261952
mem:  3244032
mem:  3239424
mem:  3305472
mem:  3277824
mem:  3304960
mem:  3300352
mem:  3301888
mem:  3287552
mem:  3311104
mem:  3306496
mem:  3292160
mem:  3313152
mem:  3311104
mem:  3316224
mem:  3304448
mem:  3282944
mem:  3324416
mem:  3325952
mem:  3294720
mem:  3321856
mem:  3320832
mem:  3322368
mem:  3316736
mem:  3335168
mem:  3300352
mem:  3318784
mem:  3329024
mem:  3330560
mem:  3345408
mem:  3327488
mem:  3332608
mem:  3301376
mem:  3339264
mem:  3323904
mem:  3329024
mem:  3353600
mem:  3334656
mem:  3355648
mem:  3338752
mem:  3356160
mem:  3361280
mem:  3349504
mem:  3334144
mem:  3368448
mem:  3360256
mem:  3342336
mem:  3366912
mem:  3335680
mem:  3360256
mem:  3348480
mem:  3353600
mem:  3358720
mem:  3372544
mem:  3374080
mem:  3375616
mem:  3332096
mem:  3378688
mem:  3374080
mem:  3372032
mem:  3341824
mem:  3372544
mem:  3374080
mem:  3397632
mem:  3399168
mem:  3400704
mem:  3386368
mem:  3361280
mem:  3385856
mem:  3344896
mem:  3404800
mem:  3403776
mem:  3411456
mem:  3412992
mem:  3408384
mem:  3416064
mem:  3407872
mem:  3419136
mem:  3398656
mem:  3393024
mem:  3372544
mem:  3405824
mem:  3424256
mem:  3408896
mem:  3429888
mem:  3421696
mem:  3413504
mem:  3421184
mem:  3406848
mem:  3392512
mem:  3400192
mem:  3434496
mem:  3416576
mem:  3440128
mem:  3442688
mem:  3446784
mem:  3448320
mem:  3443712
mem:  3441664
mem:  3427328
mem:  3454464
mem:  3446272
