SLURM_JOBID=5049840
SLURM_JOB_NODELIST=svl2
SLURM_NNODES=1
SLURMTMPDIR=
working directory = /viscam/projects/objectfolder_benchmark/benchmarks/Multi_Sensory_3D_Reconstruction/code/models/MDN
Start_idx:  389
mem:  1536
mem:  1894400
mem:  1875968
mem:  1896960
mem:  1898496
mem:  1880576
mem:  1905152
mem:  1909248
mem:  1917952
mem:  1906176
mem:  1891840
mem:  1906688
mem:  1836544
mem:  1912320
mem:  1904128
mem:  1912832
mem:  1881600
mem:  1914880
mem:  1913856
mem:  1899520
mem:  1913344
mem:  1914880
mem:  1916416
mem:  1931264
mem:  1923072
mem:  1899008
mem:  1906688
mem:  1940992
mem:  1912320
mem:  1930752
mem:  1932288
mem:  1953280
mem:  1948672
mem:  1943040
mem:  1918976
mem:  1969152
mem:  1951232
mem:  1945600
mem:  1927680
mem:  1948672
mem:  1960960
mem:  1929728
mem:  1921536
mem:  1954816
mem:  1959936
mem:  1961472
mem:  1976320
mem:  1964544
mem:  1953792
mem:  1938432
mem:  1937408
mem:  1987584
mem:  1936896
mem:  1944576
mem:  1981440
mem:  1960960
mem:  1975808
mem:  1964032
mem:  1965568
mem:  1982976
mem:  1997824
mem:  1972736
mem:  1991168
mem:  1989120
mem:  1997824
mem:  1992192
mem:  1997312
mem:  1989120
mem:  2002944
mem:  1998336
mem:  1999872
mem:  1950208
mem:  1973760
mem:  1994752
mem:  2013184
mem:  2003968
mem:  1987072
mem:  1991168
mem:  1998848
mem:  2001408
mem:  2002944
mem:  2016768
mem:  1985536
mem:  2019840
mem:  1995776
mem:  2007040
mem:  2037760
mem:  2013696
mem:  2023936
mem:  2022912
mem:  2024448
mem:  2038272
mem:  2004480
mem:  2032640
mem:  2040320
mem:  2057728
mem:  2053120
mem:  2029056
mem:  2030592
mem:  2044416
