SLURM_JOBID=5050058
SLURM_JOB_NODELIST=svl1
SLURM_NNODES=1
SLURMTMPDIR=
working directory = /viscam/projects/objectfolder_benchmark/benchmarks/Multi_Sensory_3D_Reconstruction/code/models/MDN
Start_idx:  655
mem:  1536
mem:  1921024
mem:  1924608
mem:  1887232
mem:  1875456
mem:  1880576
mem:  1882112
mem:  1899520
mem:  1894912
mem:  1900032
mem:  1878528
mem:  1918976
mem:  1920512
mem:  1912320
mem:  1872384
mem:  1918976
mem:  1910784
mem:  1902592
mem:  1945600
mem:  1915392
mem:  1913344
mem:  1953792
mem:  1955328
mem:  1956864
mem:  1946112
mem:  1959936
mem:  1893376
mem:  1947136
mem:  1906176
mem:  1930752
mem:  1928704
mem:  1910784
mem:  1892864
mem:  1946624
mem:  1944576
mem:  1932800
mem:  1928192
mem:  1975808
mem:  1973760
mem:  1920512
mem:  1931776
mem:  1945600
mem:  1943552
mem:  1958400
mem:  1946624
mem:  1929728
mem:  1959424
mem:  1960960
mem:  1927168
mem:  1994240
mem:  1998336
mem:  1977856
mem:  1969664
mem:  2002944
mem:  1991168
mem:  2006016
mem:  1981952
mem:  2009088
mem:  1926656
mem:  1976832
mem:  1968640
mem:  1973760
mem:  1994752
mem:  1982976
mem:  1990656
mem:  2011648
mem:  2016768
mem:  1998848
mem:  1967616
mem:  1995776
mem:  2009600
mem:  2030592
mem:  1990656
mem:  1991168
mem:  2013184
mem:  2004992
mem:  1986048
mem:  2026496
mem:  1963520
mem:  1994240
mem:  2024960
mem:  1981440
mem:  2012160
mem:  2003968
mem:  1998336
mem:  1997312
mem:  2034176
mem:  2023424
mem:  2004480
mem:  2009600
mem:  2008576
mem:  2025984
mem:  2020352
mem:  2032640
mem:  2050048
mem:  2057728
mem:  2068992
mem:  2057216
mem:  2059776
mem:  2057728
