SLURM_JOBID=5049686
SLURM_JOB_NODELIST=svl2
SLURM_NNODES=1
SLURMTMPDIR=
working directory = /viscam/projects/objectfolder_benchmark/benchmarks/Multi_Sensory_3D_Reconstruction/code/models/MDN
Start_idx:  199
mem:  1536
mem:  1891840
mem:  1924608
mem:  1913856
mem:  1927680
mem:  1887744
mem:  1927168
mem:  1926144
mem:  1920512
mem:  1902592
mem:  1930752
mem:  1912832
mem:  1920512
mem:  1941504
mem:  1943040
mem:  1903104
mem:  1946112
mem:  1922048
mem:  1913856
mem:  1934848
mem:  1926656
mem:  1941504
mem:  1929728
mem:  1954304
mem:  1952256
mem:  1928192
mem:  1951744
mem:  1956864
mem:  1935360
mem:  1963520
mem:  1942016
mem:  1969152
mem:  1938944
mem:  1936896
mem:  1973760
mem:  1939968
mem:  1953792
mem:  1945600
mem:  1931264
mem:  1977856
mem:  1979392
mem:  1974784
mem:  1983488
mem:  1961984
mem:  1966080
mem:  1987072
mem:  1976320
mem:  1954816
mem:  1985536
mem:  1987072
mem:  1969152
mem:  1964544
mem:  1972224
mem:  1977344
mem:  1982464
mem:  1999872
mem:  1978368
mem:  1979904
mem:  1985024
mem:  2012160
mem:  2013696
mem:  2005504
mem:  2016768
mem:  1963520
mem:  2000384
mem:  2018816
mem:  1990144
mem:  2018304
mem:  2010112
mem:  2015232
mem:  2009600
mem:  2020864
mem:  1987072
mem:  2017792
mem:  2031616
mem:  1985536
mem:  2012672
mem:  2036224
mem:  2006016
mem:  2027008
mem:  2044416
mem:  2045952
mem:  2037760
mem:  2035712
mem:  2050560
mem:  2052096
mem:  2024448
mem:  2049024
mem:  2037248
mem:  2055680
mem:  2004992
mem:  2032128
mem:  2031104
mem:  2044928
mem:  2040320
mem:  2048000
mem:  2049536
mem:  2070528
mem:  2069504
mem:  2061312
