SLURM_JOBID=5050028
SLURM_JOB_NODELIST=svl1
SLURM_NNODES=1
SLURMTMPDIR=
working directory = /viscam/projects/objectfolder_benchmark/benchmarks/Multi_Sensory_3D_Reconstruction/code/models/MDN
Start_idx:  647
mem:  1536
mem:  1855488
mem:  1914880
mem:  1900544
mem:  1869312
mem:  1876992
mem:  1868800
mem:  1867776
mem:  1888768
mem:  1890304
mem:  1856512
mem:  1928704
mem:  1904640
mem:  1919488
mem:  1917440
mem:  1892352
mem:  1881600
mem:  1863680
mem:  1929728
mem:  1880064
mem:  1923072
mem:  1889280
mem:  1903104
mem:  1917952
mem:  1952256
mem:  1872384
mem:  1922560
mem:  1904640
mem:  1935360
mem:  1901568
mem:  1909248
mem:  1904640
mem:  1947648
mem:  1933312
mem:  1883648
mem:  1953280
mem:  1928192
mem:  1917440
mem:  1889792
mem:  1942528
mem:  1885696
mem:  1935872
mem:  1953280
mem:  1938944
mem:  1927168
mem:  1949184
mem:  1931264
mem:  1971712
mem:  1921024
mem:  1955328
mem:  1943552
mem:  1960960
mem:  1939456
mem:  1938432
mem:  1955840
mem:  1947648
mem:  1927168
mem:  1956864
mem:  1971712
mem:  1937920
mem:  1984512
mem:  1944576
mem:  1965568
mem:  1950208
mem:  1961472
mem:  1986048
mem:  2016768
mem:  1985536
mem:  1965056
mem:  1963008
mem:  1958400
mem:  1959936
mem:  1957888
mem:  1946112
mem:  1996288
mem:  1972224
mem:  2012672
mem:  1997312
mem:  2015744
mem:  1974784
mem:  1983488
mem:  1977856
mem:  2012160
mem:  1984512
mem:  1995776
mem:  2009600
mem:  1991680
mem:  2019840
mem:  2005504
mem:  2009600
mem:  2036736
mem:  2022400
mem:  2027520
mem:  1980416
mem:  2040320
mem:  2018816
mem:  2033664
mem:  2047488
mem:  2023424
mem:  2050560
