SLURM_JOBID=5049155
SLURM_JOB_NODELIST=svl3
SLURM_NNODES=1
SLURMTMPDIR=
working directory = /viscam/projects/objectfolder_benchmark/benchmarks/Multi_Sensory_3D_Reconstruction/code/models/MDN
Start_idx:  37
mem:  1536
mem:  1890816
mem:  1891840
mem:  1896960
mem:  1898496
mem:  1916928
mem:  1921024
mem:  1909248
mem:  1914368
mem:  1922048
mem:  1911296
mem:  1938432
mem:  1916928
mem:  1915904
mem:  1920000
mem:  1915392
mem:  1936384
mem:  1947648
mem:  1916416
mem:  1925120
mem:  1926656
mem:  1944064
mem:  1935872
mem:  1956864
mem:  1945088
mem:  1959936
mem:  1948160
mem:  1960448
mem:  1913344
mem:  1930752
mem:  1967616
mem:  1956864
mem:  1970688
mem:  1929728
mem:  1928704
mem:  1952256
mem:  1963520
mem:  1975808
mem:  1970176
mem:  1971712
mem:  1957376
mem:  1958912
mem:  1947136
mem:  1948672
mem:  1973248
mem:  1980928
mem:  1947136
mem:  1958400
mem:  1956352
mem:  1965056
mem:  1963008
mem:  1977856
mem:  1995264
mem:  1967616
mem:  1965568
mem:  1986560
mem:  1994240
mem:  1987072
mem:  2007040
mem:  1980416
mem:  1990656
mem:  2009088
mem:  1997312
mem:  2012160
mem:  1987072
mem:  2001920
mem:  2020352
mem:  2021888
mem:  2016256
mem:  2021376
mem:  1976832
mem:  1972224
mem:  2012672
mem:  1994752
mem:  2009600
mem:  1995264
mem:  1989632
mem:  2010624
mem:  2035200
mem:  2007552
mem:  2024960
mem:  2033664
mem:  2002432
mem:  2039296
mem:  2031104
mem:  2036224
mem:  2008576
mem:  2012672
mem:  2056704
mem:  2036224
mem:  2028032
mem:  2025984
mem:  2037248
mem:  2025472
mem:  2042880
mem:  2035712
mem:  2056704
mem:  2035200
mem:  2058752
mem:  2057728
mem:  2045952
mem:  2014720
mem:  2049024
mem:  2034688
mem:  2049536
mem:  1969664
mem:  2062336
mem:  2056704
mem:  2067968
mem:  2059776
mem:  2071040
mem:  2056704
mem:  2080256
mem:  2059776
mem:  2061312
mem:  2056704
mem:  2035200
mem:  2091520
mem:  2073600
mem:  2049536
mem:  2066944
mem:  2072064
mem:  2044416
mem:  2052096
mem:  2073088
mem:  2033152
mem:  2073600
mem:  2071552
mem:  2073088
mem:  2086912
mem:  2085888
mem:  2113024
mem:  2079232
mem:  2102784
mem:  2117632
mem:  2099712
mem:  2046464
mem:  2106368
mem:  2104320
mem:  2082816
mem:  2081792
mem:  2079744
mem:  2129920
mem:  2115584
mem:  2103808
mem:  2076160
mem:  2097152
mem:  2102272
mem:  2090496
mem:  2111488
mem:  2132480
mem:  2121728
mem:  2090496
mem:  2111488
mem:  2116608
mem:  2147328
mem:  2086912
mem:  2120192
mem:  2148352
mem:  2140160
mem:  2044416
mem:  2098176
mem:  2127872
mem:  2117120
mem:  2131968
mem:  2143232
mem:  2088960
mem:  2139136
mem:  2138112
mem:  2165248
mem:  2141184
mem:  2096640
mem:  2146816
mem:  2177536
mem:  2137600
mem:  2155008
mem:  2156544
mem:  2177536
mem:  2171904
mem:  2153984
mem:  2168832
mem:  2164224
mem:  2169344
mem:  2169856
mem:  2194432
mem:  2163200
mem:  2164736
mem:  2153984
mem:  2126336
mem:  2189824
mem:  2178048
mem:  2189312
mem:  2184704
mem:  2192384
mem:  2200064
mem:  2172416
mem:  2183680
mem:  2179072
mem:  2183168
mem:  2172416
mem:  2216448
mem:  2194944
mem:  2208768
mem:  2223616
mem:  2209280
mem:  2207232
mem:  2189312
mem:  2217472
mem:  2215424
mem:  2230272
mem:  2231808
mem:  2226176
mem:  2227712
mem:  2219520
mem:  2214912
mem:  2245632
mem:  2241024
mem:  2241536
mem:  2227200
mem:  2209280
mem:  2224128
mem:  2251264
mem:  2252800
mem:  2244608
mem:  2240000
mem:  2237952
mem:  2233344
mem:  2244608
mem:  2238976
mem:  2257408
mem:  2262528
mem:  2241024
mem:  2235392
mem:  2244096
mem:  2258944
mem:  2260480
mem:  2264576
mem:  2269696
mem:  2273792
mem:  2266624
mem:  2270720
mem:  2275840
mem:  2277376
mem:  2278912
mem:  2274304
mem:  2284544
mem:  2260480
mem:  2262016
mem:  2292736
mem:  2268672
mem:  2279936
mem:  2264576
mem:  2295296
mem:  2284544
mem:  2295808
mem:  2297344
mem:  2298880
mem:  2306560
mem:  2292224
mem:  2290176
mem:  2308608
mem:  2293248
mem:  2278912
mem:  2299904
mem:  2297856
mem:  2302976
mem:  2320384
mem:  2315776
mem:  2319872
mem:  2305536
mem:  2307072
mem:  2328064
mem:  2304000
mem:  2311680
mem:  2313216
mem:  2314752
mem:  2333184
mem:  2278912
mem:  2335232
mem:  2320896
mem:  2322432
mem:  2337280
mem:  2312192
mem:  2305024
mem:  2341888
mem:  2333696
mem:  2347520
mem:  2342912
mem:  2318848
mem:  2339840
mem:  2344960
mem:  2345472
mem:  2347008
mem:  2336256
mem:  2351104
mem:  2352640
mem:  2356736
mem:  2352128
mem:  2350080
mem:  2358784
mem:  2356736
mem:  2370560
mem:  2373120
mem:  2357760
mem:  2382336
mem:  2383872
mem:  2378240
mem:  2373632
mem:  2375168
mem:  2370560
mem:  2365952
mem:  2399232
mem:  2369024
mem:  2380288
mem:  2387968
mem:  2385920
mem:  2393600
mem:  2365952
mem:  2394112
mem:  2405376
mem:  2380288
mem:  2408448
mem:  2390528
mem:  2385920
mem:  2403328
mem:  2404864
mem:  2408960
mem:  2404352
mem:  2421760
mem:  2423296
mem:  2399232
mem:  2414080
mem:  2409472
mem:  2423296
mem:  2408960
mem:  2426368
mem:  2425344
mem:  2417152
mem:  2434560
mem:  2432512
mem:  2404864
mem:  2413568
mem:  2444288
mem:  2426368
mem:  2449920
mem:  2445312
mem:  2450432
mem:  2444800
mem:  2424320
mem:  2451456
mem:  2443264
mem:  2444800
mem:  2442752
mem:  2457600
mem:  2455552
mem:  2460672
mem:  2445312
mem:  2454016
mem:  2451968
mem:  2470400
mem:  2448896
mem:  2460160
mem:  2475008
mem:  2469376
mem:  2467328
mem:  2476032
mem:  2464256
mem:  2456064
mem:  2477056
mem:  2488320
mem:  2483712
mem:  2458624
mem:  2457600
mem:  2482176
mem:  2466816
mem:  2462208
mem:  2477056
mem:  2484736
mem:  2488832
mem:  2500096
mem:  2485760
mem:  2506752
mem:  2494976
mem:  2509824
mem:  2491904
mem:  2503168
mem:  2494976
mem:  2513408
mem:  2507776
mem:  2499584
mem:  2504704
mem:  2515968
mem:  2513920
mem:  2505728
mem:  2516992
mem:  2525696
mem:  2500608
mem:  2505728
mem:  2526720
mem:  2531840
mem:  2533376
mem:  2498560
mem:  2507264
mem:  2521088
mem:  2470400
mem:  2527744
mem:  2502656
mem:  2511360
mem:  2505728
mem:  2530304
mem:  2541568
mem:  2533376
mem:  2554368
mem:  2549760
mem:  2522112
mem:  2543104
mem:  2515456
mem:  2507264
mem:  2550272
mem:  2535936
mem:  2511872
mem:  2542592
mem:  2544128
mem:  2549248
mem:  2563072
mem:  2551296
mem:  2544128
mem:  2542080
mem:  2540032
mem:  2564608
mem:  2582016
mem:  2550784
mem:  2585088
mem:  2586624
mem:  2568704
mem:  2560512
mem:  2591232
mem:  2580480
mem:  2555392
mem:  2582528
mem:  2548736
mem:  2550272
mem:  2558976
mem:  2588672
mem:  2571776
mem:  2605056
mem:  2584576
mem:  2592256
mem:  2564608
mem:  2591744
mem:  2587136
mem:  2592256
mem:  2590208
mem:  2565120
mem:  2612736
mem:  2591232
mem:  2599936
mem:  2584576
mem:  2589696
mem:  2610688
mem:  2621952
mem:  2597888
mem:  2599424
mem:  2609664
mem:  2631680
mem:  2619904
mem:  2624000
mem:  2584064
mem:  2634240
mem:  2600448
mem:  2643456
mem:  2619392
mem:  2643968
mem:  2606592
mem:  2626560
mem:  2615808
mem:  2613760
mem:  2648064
mem:  2610688
mem:  2637824
mem:  2645504
mem:  2644480
mem:  2638848
mem:  2592768
mem:  2606592
mem:  2631168
mem:  2642432
mem:  2636800
mem:  2618880
mem:  2670080
mem:  2664448
mem:  2646528
mem:  2648064
mem:  2647040
mem:  2664448
mem:  2681856
mem:  2625024
mem:  2659328
mem:  2618368
mem:  2649088
mem:  2638336
mem:  2638848
mem:  2659840
mem:  2655232
mem:  2676224
mem:  2658304
mem:  2676736
mem:  2641920
mem:  2647040
mem:  2681344
mem:  2665984
mem:  2661376
mem:  2665472
mem:  2690048
mem:  2668544
mem:  2679808
mem:  2714112
mem:  2654720
mem:  2652672
mem:  2696704
mem:  2681344
mem:  2673152
mem:  2674688
mem:  2689536
mem:  2710528
mem:  2675712
mem:  2674688
mem:  2705408
mem:  2700800
mem:  2695168
mem:  2702848
mem:  2666496
mem:  2738688
mem:  2701312
mem:  2689536
mem:  2675200
mem:  2692608
mem:  2678272
mem:  2689536
mem:  2720256
mem:  2718208
mem:  2703872
mem:  2708992
mem:  2742272
mem:  2724352
mem:  2719744
mem:  2721280
mem:  2726400
mem:  2685440
mem:  2748928
mem:  2714112
mem:  2713088
mem:  2749952
mem:  2735616
mem:  2750464
mem:  2741248
mem:  2759680
mem:  2735616
mem:  2746880
mem:  2735104
mem:  2733056
mem:  2738176
mem:  2743296
mem:  2760704
mem:  2717184
mem:  2734592
mem:  2752000
mem:  2757120
mem:  2716160
mem:  2744320
mem:  2761728
mem:  2772992
mem:  2787840
mem:  2740736
mem:  2764288
mem:  2769408
mem:  2780672
mem:  2759168
mem:  2774016
mem:  2762240
mem:  2812416
mem:  2788352
mem:  2760704
mem:  2787840
mem:  2789376
mem:  2775040
mem:  2763264
mem:  2780672
mem:  2799104
mem:  2767872
mem:  2798592
mem:  2800128
mem:  2789376
mem:  2764288
mem:  2785280
mem:  2796544
mem:  2823680
mem:  2796032
mem:  2810880
mem:  2769920
mem:  2794496
mem:  2809344
mem:  2768384
mem:  2786816
mem:  2775040
mem:  2776576
mem:  2813440
mem:  2773504
mem:  2832384
mem:  2841088
mem:  2797568
mem:  2791936
mem:  2829824
mem:  2801152
mem:  2773504
mem:  2817536
mem:  2799616
mem:  2801152
mem:  2838016
mem:  2801664
mem:  2857984
mem:  2801152
mem:  2808832
mem:  2790912
mem:  2811904
mem:  2809856
mem:  2844160
mem:  2861568
mem:  2818048
mem:  2825728
mem:  2838016
mem:  2842112
mem:  2804736
mem:  2848768
mem:  2856448
mem:  2877440
mem:  2856960
mem:  2868224
mem:  2823680
mem:  2844672
mem:  2843648
mem:  2828288
mem:  2845696
mem:  2827776
mem:  2858496
mem:  2902528
mem:  2874880
mem:  2889728
mem:  2862080
mem:  2856448
mem:  2900480
mem:  2876416
mem:  2852352
mem:  2895360
mem:  2793472
mem:  2843648
mem:  2845184
mem:  2908672
mem:  2870272
mem:  2917888
mem:  2838016
mem:  2845696
mem:  2899456
mem:  2869248
mem:  2863616
mem:  2897920
mem:  2876416
mem:  2881536
mem:  2928128
mem:  2900480
mem:  2915328
mem:  2868224
mem:  2891776
mem:  2890752
mem:  2911744
mem:  2909696
mem:  2872320
mem:  2890752
mem:  2927616
mem:  2919424
mem:  2878464
mem:  2928640
mem:  2900992
mem:  2876928
mem:  2910208
mem:  2899456
mem:  2946048
mem:  2908672
mem:  2949120
mem:  2915328
mem:  2952192
mem:  2959872
mem:  2961408
mem:  2911744
mem:  2961920
mem:  2934272
mem:  2964992
mem:  2933760
mem:  2971648
mem:  2952704
mem:  2934784
mem:  2982400
mem:  2997248
mem:  2988032
mem:  2983424
mem:  2978816
mem:  2986496
mem:  3003904
mem:  3009024
mem:  2987520
mem:  3005952
mem:  3010048
mem:  3011584
mem:  3013120
mem:  2992640
mem:  3013632
mem:  2992128
mem:  3009536
mem:  3004928
mem:  3022336
mem:  3024896
mem:  2999808
mem:  3024384
mem:  3032064
mem:  3033600
mem:  2999808
mem:  3011072
mem:  3034624
mem:  3027456
mem:  3012096
mem:  3036672
mem:  3044352
mem:  3030016
mem:  3027968
mem:  3033088
mem:  3040768
mem:  3048448
mem:  3020800
mem:  3016192
mem:  3054080
mem:  3054592
mem:  3053568
mem:  3022336
mem:  3043328
mem:  3060736
mem:  3056128
mem:  3061248
mem:  3066368
mem:  3066880
mem:  3062272
mem:  3044352
mem:  3045888
mem:  3073024
mem:  3075584
mem:  3067392
mem:  3071488
mem:  3076608
mem:  3078144
mem:  3063808
mem:  3083776
mem:  3059712
mem:  3090432
mem:  3082240
mem:  3061760
mem:  3092480
mem:  3084288
mem:  3091968
mem:  3060736
mem:  3075584
mem:  3086848
mem:  3088384
mem:  3099648
mem:  3103744
mem:  3096576
mem:  3097088
mem:  3102208
mem:  3084288
mem:  3105280
mem:  3087360
mem:  3111936
mem:  3103744
mem:  3091968
mem:  3122688
mem:  3092480
mem:  3125760
mem:  3115008
mem:  3128832
mem:  3110912
mem:  3131904
mem:  3113984
mem:  3122688
mem:  3132928
mem:  3128320
mem:  3136000
mem:  3125248
mem:  3126784
mem:  3141632
mem:  3139584
mem:  3143680
mem:  3148800
mem:  3144192
mem:  3142144
mem:  3133952
mem:  3145216
mem:  3121152
mem:  3142144
mem:  3117056
mem:  3119616
mem:  3146752
mem:  3138560
mem:  3136512
mem:  3147776
mem:  3149312
mem:  3150848
mem:  3149824
mem:  3147776
mem:  3132416
mem:  3143680
mem:  3152384
mem:  3144192
mem:  3171328
mem:  3133952
mem:  3154944
mem:  3153920
mem:  3145728
mem:  3159552
mem:  3158528
mem:  3166208
mem:  3167744
mem:  3162112
mem:  3157504
mem:  3165184
mem:  3160576
mem:  3162112
mem:  3147776
mem:  3155456
mem:  3202048
mem:  3181568
mem:  3173376
mem:  3184640
mem:  3192320
mem:  3207168
mem:  3192832
mem:  3184640
mem:  3194880
mem:  3197440
mem:  3191808
mem:  3189760
mem:  3179008
mem:  3209728
mem:  3201536
mem:  3206656
mem:  3207168
mem:  3202560
mem:  3223552
mem:  3203072
mem:  3201024
mem:  3218432
mem:  3200512
mem:  3205632
mem:  3219456
mem:  3218432
mem:  3212800
mem:  3227648
mem:  3209728
mem:  3211264
mem:  3235840
mem:  3208192
mem:  3215872
mem:  3256320
mem:  3222528
mem:  3249664
mem:  3245056
mem:  3217408
mem:  3244544
mem:  3233792
mem:  3237888
mem:  3239424
mem:  3240960
mem:  3255808
mem:  3247616
mem:  3243008
mem:  3231232
mem:  3258368
mem:  3269632
mem:  3255296
mem:  3256832
mem:  3248640
mem:  3262464
mem:  3273728
mem:  3288576
mem:  3274240
mem:  3262464
mem:  3280896
mem:  3265536
mem:  3254784
mem:  3274752
mem:  3270144
mem:  3268096
mem:  3290112
mem:  3274752
mem:  3292160
mem:  3281408
mem:  3282944
mem:  3294208
mem:  3282432
mem:  3297280
mem:  3314688
mem:  3296768
mem:  3308032
mem:  3280384
mem:  3285504
mem:  3300352
mem:  3323904
mem:  3315712
mem:  3311104
mem:  3309056
mem:  3326464
mem:  3325440
mem:  3326976
mem:  3299328
mem:  3320320
mem:  3321856
mem:  3313664
mem:  3317760
mem:  3332608
mem:  3312128
mem:  3323392
mem:  3337216
mem:  3335168
mem:  3330560
mem:  3332096
mem:  3317760
mem:  3335168
mem:  3343872
mem:  3347968
mem:  3336192
mem:  3351040
mem:  3352576
mem:  3341824
mem:  3316736
mem:  3363328
mem:  3368448
mem:  3340800
mem:  3355648
mem:  3363328
mem:  3361280
mem:  3373568
mem:  3352064
mem:  3379200
mem:  3351552
mem:  3356672
mem:  3335168
mem:  3373056
mem:  3384320
mem:  3368960
mem:  3377664
mem:  3385344
mem:  3350528
mem:  3381248
mem:  3373056
mem:  3355136
mem:  3383296
mem:  3388416
mem:  3382784
mem:  3390464
mem:  3401728
mem:  3377664
mem:  3373056
mem:  3386880
mem:  3382272
mem:  3400704
mem:  3404800
mem:  3409920
mem:  3417600
mem:  3397120
mem:  3395072
mem:  3412480
mem:  3388416
mem:  3399680
mem:  3414528
mem:  3425792
mem:  3414016
mem:  3418112
mem:  3423232
mem:  3415040
mem:  3426304
mem:  3437568
mem:  3436544
mem:  3417600
mem:  3416576
mem:  3411968
mem:  3406336
mem:  3415040
mem:  3432448
mem:  3404800
mem:  3441664
mem:  3433472
mem:  3402240
mem:  3420672
