SLURM_JOBID=5050214
SLURM_JOB_NODELIST=svl1
SLURM_NNODES=1
SLURMTMPDIR=
working directory = /viscam/projects/objectfolder_benchmark/benchmarks/Multi_Sensory_3D_Reconstruction/code/models/MDN
Start_idx:  793
mem:  1536
mem:  1871360
mem:  1895424
mem:  1904128
mem:  1902080
mem:  1890304
mem:  1901568
mem:  1903104
mem:  1910784
mem:  1902592
mem:  1907712
mem:  1912832
mem:  1924096
mem:  1847808
mem:  1910272
mem:  1918976
mem:  1914368
mem:  1889280
mem:  1913856
mem:  1934848
mem:  1916928
mem:  1937920
mem:  1922560
mem:  1947136
mem:  1932800
mem:  1895424
mem:  1887232
mem:  1927680
mem:  1954816
mem:  1917440
mem:  1903104
mem:  1956864
mem:  1922048
mem:  1950208
mem:  1944576
mem:  1959424
mem:  1951232
mem:  1900544
mem:  1956864
mem:  1923072
mem:  1967104
mem:  1935872
mem:  1953280
mem:  1964544
mem:  1976832
mem:  1971200
mem:  1953280
mem:  1981440
mem:  1927168
mem:  1977344
mem:  1933824
mem:  1951232
mem:  1969664
mem:  1934848
mem:  1982464
mem:  1973248
mem:  1917440
mem:  1957888
mem:  1961984
mem:  1970688
mem:  1945600
mem:  1921536
mem:  1984000
mem:  1982976
mem:  1978368
mem:  2011648
mem:  1977856
mem:  2008576
mem:  2010112
mem:  2008064
mem:  1997312
mem:  2017280
mem:  1957888
mem:  2000896
mem:  1986560
mem:  1991680
mem:  1999360
mem:  2014208
mem:  2021888
mem:  2039296
mem:  2024960
mem:  1977856
mem:  2028032
mem:  2010112
mem:  1988608
mem:  2036224
mem:  2031616
mem:  2010112
mem:  2040832
mem:  2003456
mem:  2034176
mem:  2016256
mem:  2037248
mem:  2052096
mem:  2056192
mem:  2038272
mem:  1991168
mem:  2035200
mem:  2040320
mem:  1989632
