SLURM_JOBID=5049771
SLURM_JOB_NODELIST=svl1
SLURM_NNODES=1
SLURMTMPDIR=
working directory = /viscam/projects/objectfolder_benchmark/benchmarks/Multi_Sensory_3D_Reconstruction/code/models/MDN
Start_idx:  298
mem:  1536
mem:  1888256
mem:  1911296
mem:  1906688
mem:  1898496
mem:  1916928
mem:  1895424
mem:  1920000
mem:  1908224
mem:  1900032
mem:  1914880
mem:  1909248
mem:  1891328
mem:  1896448
mem:  1917440
mem:  1918976
mem:  1914368
mem:  1934336
mem:  1936896
mem:  1934848
mem:  1926656
mem:  1941504
mem:  1910272
mem:  1917952
mem:  1948672
mem:  1921024
mem:  1916416
mem:  1959424
mem:  1945088
mem:  1956352
mem:  1957888
mem:  1939968
mem:  1947648
mem:  1943040
mem:  1957888
mem:  1943552
mem:  1970688
mem:  1946624
mem:  1944576
mem:  1952256
mem:  1957376
mem:  1955328
mem:  1947136
mem:  1952256
mem:  1969664
mem:  1949184
mem:  1956864
mem:  1964544
mem:  1927168
mem:  1957888
mem:  1965568
mem:  1951232
mem:  1981952
mem:  1977344
mem:  1985024
mem:  1967104
mem:  1978368
mem:  1999360
mem:  1929216
mem:  1989120
mem:  2003968
mem:  1995776
mem:  1961984
mem:  1989120
mem:  2003968
mem:  1976320
mem:  1984000
mem:  1975808
mem:  2006528
mem:  1982464
mem:  2019328
mem:  1995264
mem:  2000384
mem:  1978880
mem:  2002432
mem:  2023424
mem:  2006528
mem:  1961984
mem:  2015744
mem:  2023424
mem:  2021376
mem:  2010624
mem:  2012160
mem:  2036736
mem:  2031104
mem:  2016768
mem:  2024448
mem:  1996800
mem:  2008064
mem:  1974272
mem:  2018304
mem:  2010112
mem:  2053120
mem:  2041344
mem:  2042880
mem:  2035712
mem:  2062848
mem:  2044928
mem:  2062336
mem:  2024960
