SLURM_JOBID=5050119
SLURM_JOB_NODELIST=svl9
SLURM_NNODES=1
SLURMTMPDIR=
working directory = /viscam/projects/objectfolder_benchmark/benchmarks/Multi_Sensory_3D_Reconstruction/code/models/MDN
Start_idx:  693
mem:  1536
mem:  1865216
mem:  1872384
mem:  1871360
mem:  1869312
mem:  1880576
mem:  1860096
mem:  1922560
mem:  1908224
mem:  1884160
mem:  1927168
mem:  1880064
mem:  1885184
mem:  1902592
mem:  1927168
mem:  1886208
mem:  1907200
mem:  1922048
mem:  1913856
mem:  1876480
mem:  1897472
mem:  1895424
mem:  1906688
mem:  1931264
mem:  1916928
mem:  1908736
mem:  1918976
mem:  1902080
mem:  1931776
mem:  1917440
mem:  1918976
mem:  1920512
mem:  1922048
mem:  1921024
mem:  1932288
mem:  1959424
mem:  1934336
mem:  1974784
mem:  1938432
mem:  1948672
mem:  1957376
mem:  1900544
mem:  1986048
mem:  1946112
mem:  1937920
mem:  1922560
mem:  1937408
mem:  1984000
mem:  1950208
mem:  1948160
mem:  1956864
mem:  1941504
mem:  1943040
mem:  1993216
mem:  1998336
mem:  1960960
mem:  1955328
mem:  1947136
mem:  1965568
mem:  1959936
mem:  1955328
mem:  1950720
mem:  1961984
mem:  1967104
mem:  1961472
mem:  1999360
mem:  1993728
mem:  2008576
mem:  1996800
mem:  1959424
mem:  2007040
mem:  2030592
mem:  2018816
mem:  1988608
mem:  1963520
mem:  1988096
mem:  1977344
mem:  2033664
mem:  1976832
mem:  1958912
mem:  2002944
mem:  1971712
mem:  2012160
mem:  2023424
mem:  1986048
mem:  2026496
mem:  1989120
mem:  2022400
mem:  2043392
mem:  1999872
mem:  2050048
mem:  2035712
mem:  2056704
mem:  2003456
mem:  2007552
mem:  2045440
mem:  2020352
mem:  1990144
mem:  2013696
mem:  2034688
