SLURM_JOBID=5049858
SLURM_JOB_NODELIST=svl9
SLURM_NNODES=1
SLURMTMPDIR=
working directory = /viscam/projects/objectfolder_benchmark/benchmarks/Multi_Sensory_3D_Reconstruction/code/models/MDN
Start_idx:  447
mem:  1536
mem:  1884672
mem:  1905152
mem:  1887232
mem:  1856000
mem:  1890304
mem:  1856512
mem:  1873920
mem:  1885184
mem:  1915904
mem:  1933312
mem:  1883648
mem:  1924096
mem:  1915904
mem:  1882112
mem:  1925120
mem:  1885184
mem:  1944064
mem:  1933312
mem:  1938432
mem:  1926656
mem:  1889280
mem:  1920000
mem:  1931264
mem:  1913344
mem:  1914880
mem:  1883648
mem:  1914368
mem:  1909760
mem:  1917440
mem:  1925120
mem:  1936384
mem:  1925632
mem:  1897984
mem:  1918976
mem:  1946112
mem:  1941504
mem:  1949184
mem:  1927680
mem:  1900032
mem:  1944064
mem:  1955328
mem:  1937408
mem:  1952256
mem:  1927168
mem:  1926144
mem:  1976320
mem:  1952256
mem:  1940480
mem:  1955328
mem:  1963008
mem:  1941504
mem:  1995264
mem:  1948160
mem:  1942528
mem:  1928192
mem:  1968640
mem:  1964032
mem:  1975296
mem:  1953792
mem:  1961472
mem:  1982464
mem:  1974272
mem:  1930752
mem:  1987072
mem:  1972736
mem:  1961984
mem:  1969664
mem:  1980928
mem:  2001920
mem:  1970688
mem:  1981952
mem:  2010112
mem:  1981440
mem:  2035200
mem:  1981952
mem:  1983488
mem:  2004480
mem:  2035200
mem:  2010112
mem:  2015232
mem:  1997312
mem:  2014720
mem:  2016256
mem:  1992192
mem:  2000896
mem:  2004992
mem:  2019840
mem:  2011648
mem:  2019328
mem:  1991680
mem:  2038272
mem:  1994752
mem:  2064384
mem:  2001408
mem:  2034688
mem:  2020352
mem:  2054656
mem:  2027008
mem:  2038272
