SLURM_JOBID=5049669
SLURM_JOB_NODELIST=svl2
SLURM_NNODES=1
SLURMTMPDIR=
working directory = /viscam/projects/objectfolder_benchmark/benchmarks/Multi_Sensory_3D_Reconstruction/code/models/MDN
Start_idx:  188
mem:  1536
mem:  1891840
mem:  1899008
mem:  1906688
mem:  1904640
mem:  1916928
mem:  1885696
mem:  1932288
mem:  1930240
mem:  1906176
mem:  1907712
mem:  1893376
mem:  1914368
mem:  1899008
mem:  1888256
mem:  1915392
mem:  1914368
mem:  1902592
mem:  1900544
mem:  1911808
mem:  1923072
mem:  1937920
mem:  1920000
mem:  1956864
mem:  1919488
mem:  1927168
mem:  1922560
mem:  1963008
mem:  1919488
mem:  1944064
mem:  1945600
mem:  1930240
mem:  1954816
mem:  1966080
mem:  1928704
mem:  1953280
mem:  1947648
mem:  1939456
mem:  1976320
mem:  1948672
mem:  1947648
mem:  1913856
mem:  1966592
mem:  1952256
mem:  1956352
mem:  1951744
mem:  1992192
mem:  1977856
mem:  1959936
mem:  1954304
mem:  1956864
mem:  1970688
mem:  1979392
mem:  1957888
mem:  2004480
mem:  1964544
mem:  1972224
mem:  2009088
mem:  1971712
mem:  1986560
mem:  1955328
mem:  2015232
mem:  1981440
mem:  1982976
mem:  1990656
mem:  1972736
mem:  1997312
mem:  2024448
mem:  2025984
mem:  1986048
mem:  1990144
mem:  2017280
mem:  2002944
mem:  1988608
mem:  1996288
mem:  2013696
mem:  2002944
mem:  1997312
mem:  2012160
mem:  2019840
mem:  2024960
mem:  2026496
mem:  2006016
mem:  2019840
mem:  2028544
mem:  2036224
mem:  2014720
mem:  2016256
mem:  1998336
mem:  2029056
mem:  2020864
mem:  2025984
mem:  2020352
mem:  2035200
mem:  2042880
mem:  2038272
mem:  2055680
mem:  2067968
mem:  2023424
mem:  2073600
