SLURM_JOBID=5049768
SLURM_JOB_NODELIST=svl3
SLURM_NNODES=1
SLURMTMPDIR=
working directory = /viscam/projects/objectfolder_benchmark/benchmarks/Multi_Sensory_3D_Reconstruction/code/models/MDN
Start_idx:  296
mem:  1536
mem:  1913856
mem:  1911296
mem:  1910272
mem:  1927680
mem:  1926656
mem:  1914880
mem:  1916416
mem:  1930240
mem:  1915904
mem:  1895424
mem:  1932288
mem:  1933824
mem:  1925632
mem:  1878528
mem:  1925120
mem:  1920512
mem:  1945088
mem:  1945600
mem:  1925120
mem:  1920512
mem:  1918464
mem:  1935872
mem:  1956864
mem:  1925632
mem:  1940480
mem:  1945600
mem:  1920512
mem:  1941504
mem:  1962496
mem:  1957888
mem:  1953280
mem:  1967104
mem:  1972224
mem:  1951744
mem:  1963008
mem:  1947648
mem:  1943040
mem:  1956864
mem:  1978880
mem:  1976832
mem:  1974784
mem:  1982464
mem:  1958400
mem:  1967104
mem:  1957888
mem:  1982464
mem:  1974272
mem:  1985536
mem:  1984512
mem:  1975296
mem:  1990144
mem:  1998848
mem:  1973760
mem:  2004480
mem:  1999872
mem:  2001408
mem:  2002944
mem:  2000896
mem:  1976832
mem:  1997824
mem:  2011648
mem:  2007040
mem:  2018304
mem:  2000384
mem:  2021376
mem:  2019328
mem:  2004992
mem:  2019840
mem:  2008064
mem:  2022912
mem:  2028032
mem:  2032128
mem:  2033664
mem:  2035200
mem:  2020864
mem:  2028544
mem:  2010624
mem:  1996288
mem:  2039296
mem:  2034688
mem:  2039808
mem:  2002432
mem:  2046464
mem:  2050560
mem:  1999872
mem:  2040320
mem:  2042880
mem:  2053120
mem:  2045952
mem:  2024448
mem:  2048000
mem:  2020352
mem:  2038784
mem:  2056192
mem:  2061312
mem:  2062848
mem:  2057216
mem:  2046464
mem:  2032128
