SLURM_JOBID=5050356
SLURM_JOB_NODELIST=svl17
SLURM_NNODES=1
SLURMTMPDIR=
working directory = /viscam/projects/objectfolder_benchmark/benchmarks/Multi_Sensory_3D_Reconstruction/code/models/MDN
Start_idx:  955
mem:  1536
mem:  1923584
mem:  1901568
mem:  1926144
mem:  1924096
mem:  1907200
mem:  1905152
mem:  1906688
mem:  1911808
mem:  1912320
mem:  1901568
mem:  1925120
mem:  1939968
mem:  1919488
mem:  1939456
mem:  1912832
mem:  1926656
mem:  1912320
mem:  1933312
mem:  1925120
mem:  1952256
mem:  1934336
mem:  1933312
mem:  1956864
mem:  1935360
mem:  1921024
mem:  1935872
mem:  1940992
mem:  1945088
mem:  1966080
mem:  1938432
mem:  1949696
mem:  1970688
mem:  1943040
mem:  1970176
mem:  1946112
mem:  1954816
mem:  1955328
mem:  1950720
mem:  1942528
mem:  1953792
mem:  1958912
mem:  1976320
mem:  1958400
mem:  1989120
mem:  1990656
mem:  1966592
mem:  1964544
mem:  1969664
mem:  1996800
mem:  1998336
mem:  1976832
mem:  1966080
mem:  1996800
mem:  1978880
mem:  1986560
mem:  1978368
mem:  1983488
mem:  2010624
mem:  1982976
mem:  1978368
mem:  1989632
mem:  1984000
mem:  2018304
mem:  2019840
mem:  1998336
mem:  2022912
mem:  2002432
mem:  1983488
mem:  2004480
mem:  2007040
mem:  2007552
mem:  2010112
mem:  2008064
mem:  1993728
mem:  2011136
mem:  2012672
mem:  2039808
mem:  2021888
mem:  2010112
mem:  2018816
mem:  2026496
mem:  2012160
mem:  2029568
mem:  2028544
mem:  2019328
mem:  2043904
mem:  2045440
mem:  2056704
mem:  2019328
mem:  2008576
mem:  2061312
mem:  2031104
mem:  2064384
mem:  2027008
mem:  2045440
mem:  2062848
mem:  2044928
mem:  2046464
mem:  2071040
