SLURM_JOBID=5050128
SLURM_JOB_NODELIST=svl2
SLURM_NNODES=1
SLURMTMPDIR=
working directory = /viscam/projects/objectfolder_benchmark/benchmarks/Multi_Sensory_3D_Reconstruction/code/models/MDN
Start_idx:  700
mem:  1536
mem:  1868800
mem:  1840640
mem:  1871360
mem:  1863168
mem:  1929216
mem:  1860096
mem:  1900544
mem:  1914368
mem:  1876992
mem:  1930752
mem:  1858048
mem:  1869312
mem:  1857536
mem:  1839616
mem:  1853440
mem:  1848832
mem:  1847808
mem:  1933312
mem:  1889792
mem:  1878016
mem:  1850368
mem:  1894400
mem:  1885184
mem:  1893888
mem:  1895424
mem:  1922560
mem:  1920512
mem:  1896448
mem:  1924608
mem:  1880064
mem:  1862144
mem:  1909760
mem:  1897984
mem:  1951744
mem:  1913344
mem:  1912320
mem:  1904128
mem:  1931264
mem:  1961984
mem:  1883136
mem:  1926144
mem:  1914368
mem:  1870848
mem:  1940480
mem:  1945600
mem:  1904640
mem:  1964544
mem:  1924608
mem:  1918976
mem:  1969152
mem:  1922048
mem:  1985536
mem:  1967616
mem:  1946112
mem:  1934336
mem:  1927168
mem:  1902080
mem:  1948672
mem:  1976832
mem:  1939456
mem:  1979904
mem:  1965568
mem:  2012160
mem:  1918976
mem:  1982464
mem:  2022912
mem:  1921024
mem:  1964032
mem:  1953280
mem:  1984000
mem:  1975808
mem:  1957888
mem:  1988608
mem:  1992704
mem:  1968640
mem:  1983488
mem:  1948672
mem:  1963520
mem:  1961472
mem:  1953280
mem:  2004480
mem:  2021888
mem:  2003968
mem:  1966592
mem:  1971712
mem:  1946624
mem:  1945600
mem:  1959424
mem:  2029056
mem:  1975808
mem:  2035712
mem:  1978880
mem:  1986560
mem:  1978368
mem:  1986048
mem:  2027520
mem:  2037760
mem:  2068480
mem:  2024960
