SLURM_JOBID=5050050
SLURM_JOB_NODELIST=svl7
SLURM_NNODES=1
SLURMTMPDIR=
working directory = /viscam/projects/objectfolder_benchmark/benchmarks/Multi_Sensory_3D_Reconstruction/code/models/MDN
Start_idx:  649
mem:  1536
mem:  1920000
mem:  1922048
mem:  1920000
mem:  1927680
mem:  1929216
mem:  1930752
mem:  1932288
mem:  1933824
mem:  1912320
mem:  1936896
mem:  1938432
mem:  1927680
mem:  1941504
mem:  1923584
mem:  1932288
mem:  1946112
mem:  1941504
mem:  1945600
mem:  1940992
mem:  1939968
mem:  1950208
mem:  1945600
mem:  1953280
mem:  1954816
mem:  1956352
mem:  1961472
mem:  1963008
mem:  1958400
mem:  1966080
mem:  1967616
mem:  1969152
mem:  1970688
mem:  1972224
mem:  1973760
mem:  1963008
mem:  1970688
mem:  1978368
mem:  1957888
mem:  1981440
mem:  1980416
mem:  1984512
mem:  1982464
mem:  1985024
mem:  1989120
mem:  1984512
mem:  1992192
mem:  1991168
mem:  1985536
mem:  1983488
mem:  1992192
mem:  1999872
mem:  1988096
mem:  2002944
mem:  1998336
mem:  2003456
mem:  2007552
mem:  2009088
mem:  2004480
mem:  1992704
mem:  2013696
mem:  2015232
mem:  2016768
mem:  2018304
mem:  2019840
mem:  2015232
mem:  2016768
mem:  2024448
mem:  2010112
mem:  2023936
mem:  2029056
mem:  2018304
mem:  2025984
mem:  2031104
mem:  2035200
mem:  2030592
mem:  2038272
mem:  2027520
mem:  2041344
mem:  2033152
mem:  2041856
mem:  2030080
mem:  2047488
mem:  2049024
mem:  2050560
mem:  2052096
mem:  2047488
mem:  2055168
mem:  2050560
mem:  2058240
mem:  2057216
mem:  2061312
mem:  2062848
mem:  2064384
mem:  2046464
mem:  2057728
mem:  2059264
mem:  2070528
mem:  2065920
mem:  2073600
