SLURM_JOBID=5049713
SLURM_JOB_NODELIST=svl2
SLURM_NNODES=1
SLURMTMPDIR=
working directory = /viscam/projects/objectfolder_benchmark/benchmarks/Multi_Sensory_3D_Reconstruction/code/models/MDN
Start_idx:  260
mem:  1536
mem:  1855488
mem:  1883136
mem:  1900544
mem:  1843712
mem:  1841664
mem:  1872384
mem:  1896960
mem:  1924096
mem:  1838080
mem:  1891840
mem:  1928704
mem:  1930240
mem:  1890304
mem:  1917440
mem:  1880064
mem:  1901056
mem:  1945088
mem:  1920000
mem:  1915392
mem:  1864704
mem:  1918464
mem:  1916416
mem:  1869312
mem:  1890304
mem:  1934336
mem:  1955328
mem:  1947136
mem:  1919488
mem:  1907712
mem:  1918976
mem:  1949696
mem:  1951232
mem:  1972224
mem:  1967616
mem:  1943552
mem:  1899008
mem:  1939456
mem:  1927680
mem:  1975296
mem:  1930752
mem:  1920000
mem:  1953280
mem:  1942528
mem:  1950208
mem:  1957888
mem:  1937408
mem:  1942528
mem:  1975808
mem:  1932288
mem:  1959424
mem:  1951232
mem:  1975808
mem:  1973760
mem:  1991168
mem:  1951232
mem:  1968640
mem:  1964032
mem:  1958400
mem:  1953792
mem:  1955328
mem:  1995776
mem:  1952256
mem:  1911296
mem:  1974784
mem:  1943552
mem:  1960960
mem:  1963520
mem:  1994240
mem:  1937408
mem:  1993728
mem:  2020864
mem:  1934848
mem:  1955840
mem:  1982976
mem:  2030592
mem:  2012672
mem:  1977856
mem:  1992704
mem:  1994240
mem:  1960448
mem:  2010624
mem:  1975808
mem:  1990656
mem:  1986048
mem:  2010624
mem:  1992704
mem:  2016256
mem:  2033664
mem:  2035200
mem:  1972224
mem:  2038272
mem:  2043392
mem:  2019328
mem:  2056192
mem:  2044416
mem:  2046976
mem:  1999872
mem:  2023424
mem:  2018816
