SLURM_JOBID=5050080
SLURM_JOB_NODELIST=svl1
SLURM_NNODES=1
SLURMTMPDIR=
working directory = /viscam/projects/objectfolder_benchmark/benchmarks/Multi_Sensory_3D_Reconstruction/code/models/MDN
Start_idx:  673
mem:  1536
mem:  1920000
mem:  1924608
mem:  1926144
mem:  1902080
mem:  1926656
mem:  1930752
mem:  1900544
mem:  1931264
mem:  1931776
mem:  1936896
mem:  1928704
mem:  1936384
mem:  1938944
mem:  1936896
mem:  1944576
mem:  1920512
mem:  1944064
mem:  1894400
mem:  1947136
mem:  1942528
mem:  1953792
mem:  1955328
mem:  1950720
mem:  1903616
mem:  1950208
mem:  1957888
mem:  1963008
mem:  1925632
mem:  1921024
mem:  1967616
mem:  1966592
mem:  1922048
mem:  1972224
mem:  1973760
mem:  1946112
mem:  1976832
mem:  1968640
mem:  1973760
mem:  1981440
mem:  1982976
mem:  1984512
mem:  1976320
mem:  1977856
mem:  1989120
mem:  1988096
mem:  1992192
mem:  1991168
mem:  1995264
mem:  1996800
mem:  1982464
mem:  1967104
mem:  1991680
mem:  2002944
mem:  1994752
mem:  2006016
mem:  1978368
mem:  2009088
mem:  1958400
mem:  2012160
mem:  2000384
mem:  2015232
mem:  2016768
mem:  2015744
mem:  1988096
mem:  2015232
mem:  2022912
mem:  2018304
mem:  1996800
mem:  2017792
mem:  1987584
mem:  1998848
mem:  1990656
mem:  1992192
mem:  2031616
mem:  2036736
mem:  2034688
mem:  1994752
mem:  2028032
mem:  1990656
mem:  2032128
mem:  2045952
mem:  2041344
mem:  2010112
mem:  2050560
mem:  2052096
mem:  2034176
mem:  2051584
mem:  2005504
mem:  2048512
mem:  2047488
mem:  2061312
mem:  2053120
mem:  2058240
mem:  2062336
mem:  2057728
mem:  2062848
mem:  2070528
mem:  2069504
mem:  2071040
