SLURM_JOBID=5050118
SLURM_JOB_NODELIST=svl1
SLURM_NNODES=1
SLURMTMPDIR=
working directory = /viscam/projects/objectfolder_benchmark/benchmarks/Multi_Sensory_3D_Reconstruction/code/models/MDN
Start_idx:  692
mem:  1536
mem:  1904128
mem:  1918464
mem:  1887232
mem:  1915392
mem:  1880576
mem:  1878528
mem:  1887232
mem:  1885184
mem:  1900032
mem:  1907712
mem:  1928704
mem:  1865728
mem:  1929216
mem:  1891840
mem:  1886208
mem:  1920512
mem:  1908736
mem:  1920000
mem:  1899520
mem:  1923072
mem:  1928192
mem:  1932288
mem:  1894912
mem:  1887744
mem:  1937920
mem:  1926144
mem:  1940992
mem:  1964544
mem:  1921024
mem:  1905664
mem:  1943552
mem:  1941504
mem:  1907712
mem:  1905664
mem:  1949696
mem:  1908736
mem:  1913856
mem:  1902080
mem:  1978880
mem:  1944064
mem:  1939456
mem:  1892352
mem:  1961984
mem:  1979392
mem:  1958912
mem:  1950720
mem:  1961984
mem:  1950208
mem:  1903104
mem:  1965568
mem:  1968128
mem:  1936896
mem:  1987072
mem:  1969152
mem:  1922048
mem:  1968640
mem:  1999360
mem:  1939968
mem:  1989120
mem:  1988096
mem:  1993216
mem:  1991168
mem:  1976832
mem:  2019840
mem:  2001920
mem:  1977856
mem:  1991680
mem:  1994240
mem:  1982464
mem:  1954816
mem:  1981952
mem:  1977344
mem:  1965568
mem:  1970688
mem:  1991680
mem:  2012672
mem:  1997312
mem:  1986560
mem:  1991680
mem:  1995776
mem:  2043392
mem:  2012160
mem:  2013696
mem:  2015232
mem:  2016768
mem:  2012160
mem:  2045440
mem:  2001920
mem:  2013184
mem:  2036736
mem:  2048000
mem:  2001920
mem:  2012160
mem:  2020864
mem:  1979904
mem:  2037248
mem:  2038784
mem:  2058752
mem:  2038272
