SLURM_JOBID=5049582
SLURM_JOB_NODELIST=svl5
SLURM_NNODES=1
SLURMTMPDIR=
working directory = /viscam/projects/objectfolder_benchmark/benchmarks/Multi_Sensory_3D_Reconstruction/code/models/MDN
Start_idx:  148
mem:  1536
mem:  1907712
mem:  1885696
mem:  1900544
mem:  1904640
mem:  1890304
mem:  1907712
mem:  1887232
mem:  1856000
mem:  1922048
mem:  1936896
mem:  1922560
mem:  1930240
mem:  1879552
mem:  1888256
mem:  1902080
mem:  1916928
mem:  1934336
mem:  1887232
mem:  1889792
mem:  1949696
mem:  1950208
mem:  1904128
mem:  1917952
mem:  1948672
mem:  1899008
mem:  1955328
mem:  1950720
mem:  1906176
mem:  1921024
mem:  1909248
mem:  1953280
mem:  1922048
mem:  1968640
mem:  1925120
mem:  1936384
mem:  1922048
mem:  1975808
mem:  1973760
mem:  1939968
mem:  1911296
mem:  1961472
mem:  1947136
mem:  1929216
mem:  1973248
mem:  1980928
mem:  1943552
mem:  1948672
mem:  1933312
mem:  1973760
mem:  1959424
mem:  1951232
mem:  1972224
mem:  1944576
mem:  2000896
mem:  1976832
mem:  1991680
mem:  1986048
mem:  1969152
mem:  1967104
mem:  1952768
mem:  2012672
mem:  1977856
mem:  1992704
mem:  1971200
mem:  1972736
mem:  1997312
mem:  1995264
mem:  2023424
mem:  1978880
mem:  2029056
mem:  1975808
mem:  2012672
mem:  2017792
mem:  2015744
mem:  2024448
mem:  1970176
mem:  2037248
mem:  2012160
mem:  2003968
mem:  2024960
mem:  2039808
mem:  2041344
mem:  2019840
mem:  2001920
mem:  1993728
mem:  2043904
mem:  2039296
mem:  2050560
mem:  2055680
mem:  2024448
mem:  2035712
mem:  2023936
mem:  2038784
mem:  2004992
mem:  2063872
mem:  2046976
mem:  2028032
mem:  2046464
mem:  2011648
