SLURM_JOBID=5049672
SLURM_JOB_NODELIST=svl15
SLURM_NNODES=1
SLURMTMPDIR=
working directory = /viscam/projects/objectfolder_benchmark/benchmarks/Multi_Sensory_3D_Reconstruction/code/models/MDN
Start_idx:  189
mem:  1536
mem:  1897984
mem:  1901568
mem:  1903104
mem:  1905664
mem:  1929216
mem:  1901568
mem:  1928704
mem:  1933824
mem:  1886720
mem:  1936896
mem:  1909248
mem:  1933824
mem:  1906176
mem:  1927168
mem:  1912832
mem:  1920512
mem:  1924608
mem:  1935872
mem:  1950720
mem:  1929216
mem:  1914880
mem:  1912832
mem:  1927680
mem:  1919488
mem:  1905152
mem:  1929728
mem:  1920512
mem:  1938944
mem:  1966080
mem:  1932288
mem:  1920512
mem:  1945088
mem:  1936896
mem:  1921536
mem:  1949696
mem:  1935360
mem:  1978368
mem:  1950720
mem:  1936384
mem:  1976832
mem:  1955328
mem:  1950720
mem:  1961984
mem:  1966080
mem:  1961472
mem:  1972736
mem:  1964544
mem:  1959936
mem:  1944576
mem:  1978880
mem:  1999872
mem:  1997824
mem:  1954304
mem:  1955840
mem:  1967104
mem:  1972224
mem:  1957888
mem:  1981440
mem:  1979392
mem:  1997824
mem:  2015232
mem:  1971712
mem:  1986560
mem:  1978368
mem:  2018816
mem:  1977856
mem:  1995264
mem:  2025984
mem:  2011648
mem:  1993728
mem:  2008576
mem:  2006528
mem:  1985024
mem:  2029056
mem:  1981952
mem:  2006528
mem:  1991168
mem:  2015744
mem:  2001408
mem:  2040832
mem:  1991168
mem:  2021888
mem:  2029568
mem:  1995776
mem:  2030080
mem:  2024448
mem:  2029568
mem:  2027520
mem:  2009600
mem:  2034176
mem:  2018816
mem:  2030080
mem:  2038784
mem:  2062336
mem:  2051584
mem:  2046976
mem:  2041344
mem:  2052608
mem:  2050560
