SLURM_JOBID=5049775
SLURM_JOB_NODELIST=svl18
SLURM_NNODES=1
SLURMTMPDIR=
working directory = /viscam/projects/objectfolder_benchmark/benchmarks/Multi_Sensory_3D_Reconstruction/code/models/MDN
Start_idx:  344
mem:  1536
mem:  1862656
mem:  1908736
mem:  1855488
mem:  1895936
mem:  1913344
mem:  1917440
mem:  1881088
mem:  1904640
mem:  1902592
mem:  1882112
mem:  1895936
mem:  1924096
mem:  1863680
mem:  1920000
mem:  1905664
mem:  1923072
mem:  1850368
mem:  1926144
mem:  1902080
mem:  1897472
mem:  1902592
mem:  1900544
mem:  1921536
mem:  1946112
mem:  1959936
mem:  1932288
mem:  1901056
mem:  1935360
mem:  1917440
mem:  1915392
mem:  1898496
mem:  1915904
mem:  1900544
mem:  1918976
mem:  1959424
mem:  1964544
mem:  1927168
mem:  1970176
mem:  1893888
mem:  1953792
mem:  1961472
mem:  1976320
mem:  1968128
mem:  1914880
mem:  1951744
mem:  1924096
mem:  1935360
mem:  1950208
mem:  1951744
mem:  1978880
mem:  1908736
mem:  1962496
mem:  1973760
mem:  1988608
mem:  1957376
mem:  1968640
mem:  1964032
mem:  2000896
mem:  2012160
mem:  1968640
mem:  1917952
mem:  1952256
mem:  1928192
mem:  2013696
mem:  1986048
mem:  1971712
mem:  1989120
mem:  1977344
mem:  1947136
mem:  1957376
mem:  1979392
mem:  1971200
mem:  1969152
mem:  2035200
mem:  1988096
mem:  1987072
mem:  1958400
mem:  1992704
mem:  1962496
mem:  2009088
mem:  2007040
mem:  1989120
mem:  1984512
mem:  2018816
mem:  1977856
mem:  2004992
mem:  1980928
mem:  1959424
mem:  1986560
mem:  2024448
mem:  2038272
mem:  1991168
mem:  2038784
mem:  1975808
mem:  2034688
mem:  1987584
mem:  2025472
mem:  2011136
mem:  1999360
