SLURM_JOBID=5049706
SLURM_JOB_NODELIST=svl17
SLURM_NNODES=1
SLURMTMPDIR=
working directory = /viscam/projects/objectfolder_benchmark/benchmarks/Multi_Sensory_3D_Reconstruction/code/models/MDN
Start_idx:  254
mem:  1536
mem:  1913856
mem:  1895424
mem:  1910272
mem:  1902080
mem:  1900032
mem:  1921024
mem:  1926144
mem:  1879040
mem:  1906176
mem:  1924608
mem:  1932288
mem:  1920512
mem:  1925632
mem:  1923584
mem:  1903104
mem:  1910784
mem:  1908736
mem:  1933312
mem:  1931264
mem:  1942528
mem:  1924608
mem:  1929728
mem:  1944576
mem:  1942528
mem:  1930752
mem:  1916416
mem:  1960448
mem:  1941504
mem:  1963520
mem:  1925120
mem:  1937408
mem:  1945088
mem:  1959936
mem:  1942016
mem:  1952256
mem:  1960960
mem:  1952768
mem:  1964032
mem:  1948672
mem:  1970688
mem:  1974784
mem:  1966592
mem:  1987584
mem:  1976832
mem:  1980928
mem:  1956864
mem:  1993728
mem:  1950208
mem:  1980928
mem:  1988608
mem:  1997312
mem:  1966080
mem:  1980928
mem:  1991168
mem:  1951232
mem:  1984512
mem:  1995776
mem:  1971712
mem:  2012160
mem:  1997824
mem:  2015232
mem:  1997312
mem:  1996288
mem:  1994240
mem:  2021376
mem:  2000896
mem:  2012160
mem:  2000384
mem:  1986048
mem:  2022912
mem:  2018304
mem:  2032128
mem:  2008064
mem:  2021888
mem:  2020864
mem:  2015232
mem:  2020352
mem:  2006016
mem:  2023424
mem:  2028544
mem:  2032640
mem:  2037760
mem:  2010112
mem:  2005504
mem:  2016768
mem:  2018304
mem:  2042880
mem:  2021376
mem:  2038784
mem:  2014720
mem:  2032128
mem:  2021376
mem:  2021888
mem:  2046464
mem:  2048000
mem:  2043392
mem:  2064384
mem:  2040320
mem:  2044416
