SLURM_JOBID=5049853
SLURM_JOB_NODELIST=svl17
SLURM_NNODES=1
SLURMTMPDIR=
working directory = /viscam/projects/objectfolder_benchmark/benchmarks/Multi_Sensory_3D_Reconstruction/code/models/MDN
Start_idx:  443
mem:  1536
mem:  1872384
mem:  1869824
mem:  1904128
mem:  1876480
mem:  1887744
mem:  1879552
mem:  1909248
mem:  1881600
mem:  1864704
mem:  1907712
mem:  1909248
mem:  1907200
mem:  1931776
mem:  1884672
mem:  1912832
mem:  1920512
mem:  1931776
mem:  1913856
mem:  1940992
mem:  1893888
mem:  1901568
mem:  1943040
mem:  1931264
mem:  1909760
mem:  1897984
mem:  1958912
mem:  1917952
mem:  1896448
mem:  1907712
mem:  1903104
mem:  1924096
mem:  1915904
mem:  1952768
mem:  1905664
mem:  1916928
mem:  1928192
mem:  1933312
mem:  1948160
mem:  1969152
mem:  1976832
mem:  1935872
mem:  1960448
mem:  1907200
mem:  1953792
mem:  1967616
mem:  1969152
mem:  1941504
mem:  1963520
mem:  1938432
mem:  1982464
mem:  1964544
mem:  1952768
mem:  1951744
mem:  1971712
mem:  1964544
mem:  1962496
mem:  1966592
mem:  1985024
mem:  1979392
mem:  1978368
mem:  1956864
mem:  1993728
mem:  1989120
mem:  2010112
mem:  2005504
mem:  1961984
mem:  2001408
mem:  1987072
mem:  1994752
mem:  1987584
mem:  1962496
mem:  1960448
mem:  1985024
mem:  2015744
mem:  1997824
mem:  2002944
mem:  1961984
mem:  2028032
mem:  2013696
mem:  1999360
mem:  2000896
mem:  2004992
mem:  2010112
mem:  2021376
mem:  2016768
mem:  2030592
mem:  2025984
mem:  1998336
mem:  2013184
mem:  2028032
mem:  2038272
mem:  2014208
mem:  2029056
mem:  2033152
mem:  2009088
mem:  2033664
mem:  2025472
mem:  2058752
mem:  2034688
