SLURM_JOBID=5050300
SLURM_JOB_NODELIST=svl1
SLURM_NNODES=1
SLURMTMPDIR=
working directory = /viscam/projects/objectfolder_benchmark/benchmarks/Multi_Sensory_3D_Reconstruction/code/models/MDN
Start_idx:  942
mem:  1536
mem:  1894400
mem:  1905152
mem:  1912832
mem:  1888768
mem:  1929216
mem:  1891840
mem:  1912832
mem:  1914368
mem:  1913344
mem:  1924608
mem:  1928704
mem:  1908224
mem:  1922048
mem:  1921024
mem:  1944576
mem:  1920512
mem:  1876992
mem:  1923584
mem:  1948160
mem:  1923072
mem:  1914880
mem:  1935872
mem:  1956864
mem:  1919488
mem:  1914880
mem:  1942016
mem:  1949696
mem:  1919488
mem:  1966080
mem:  1954304
mem:  1955840
mem:  1960960
mem:  1950208
mem:  1940992
mem:  1969152
mem:  1976832
mem:  1943040
mem:  1970176
mem:  1961984
mem:  1970688
mem:  1981952
mem:  1982464
mem:  1942528
mem:  1985536
mem:  1949184
mem:  1976320
mem:  1971712
mem:  1975808
mem:  1977344
mem:  1969152
mem:  1941504
mem:  1985536
mem:  1957888
mem:  1985024
mem:  1935360
mem:  1988096
mem:  1964032
mem:  1981440
mem:  1996288
mem:  2001408
mem:  1976320
mem:  1977856
mem:  1989120
mem:  1996800
mem:  2005504
mem:  1993728
mem:  2018304
mem:  2019840
mem:  1978880
mem:  1984000
mem:  2011136
mem:  2016256
mem:  2010624
mem:  2029056
mem:  2004992
mem:  2022400
mem:  2039808
mem:  2012160
mem:  2036736
mem:  2015232
mem:  2013184
mem:  2012160
mem:  1988096
mem:  1999360
mem:  2016768
mem:  2047488
mem:  2033152
mem:  2033664
mem:  2054656
mem:  2020864
mem:  2061312
mem:  2031104
mem:  2019328
mem:  2056192
mem:  2032128
mem:  2030080
mem:  2054656
mem:  2072064
mem:  2038272
