SLURM_JOBID=5049938
SLURM_JOB_NODELIST=svl9
SLURM_NNODES=1
SLURMTMPDIR=
working directory = /viscam/projects/objectfolder_benchmark/benchmarks/Multi_Sensory_3D_Reconstruction/code/models/MDN
Start_idx:  494
mem:  1536
mem:  1884672
mem:  1875968
mem:  1877504
mem:  1869312
mem:  1907200
mem:  1917440
mem:  1890816
mem:  1904640
mem:  1876992
mem:  1907712
mem:  1883648
mem:  1904640
mem:  1883136
mem:  1904128
mem:  1928704
mem:  1943552
mem:  1912320
mem:  1913856
mem:  1944576
mem:  1926656
mem:  1908736
mem:  1912832
mem:  1917952
mem:  1903616
mem:  1901568
mem:  1918976
mem:  1901056
mem:  1915904
mem:  1933312
mem:  1916416
mem:  1943552
mem:  1968128
mem:  1907712
mem:  1970176
mem:  1949696
mem:  1974272
mem:  1935872
mem:  1940992
mem:  1936384
mem:  1912320
mem:  1958912
mem:  1979904
mem:  1946112
mem:  1975808
mem:  1971200
mem:  1986048
mem:  1945088
mem:  1956352
mem:  1942016
mem:  1969152
mem:  1980416
mem:  1956352
mem:  1957888
mem:  1991168
mem:  1974272
mem:  1991680
mem:  1970176
mem:  1985024
mem:  1980416
mem:  1988096
mem:  2002944
mem:  1974272
mem:  1957376
mem:  2017280
mem:  1979904
mem:  1997312
mem:  1959936
mem:  2010112
mem:  2023936
mem:  2026496
mem:  2024448
mem:  1993216
mem:  2027520
mem:  1999872
mem:  1991680
mem:  2018816
mem:  2030080
mem:  1989120
mem:  2007552
mem:  2015232
mem:  2042368
mem:  2008576
mem:  2027008
mem:  2005504
mem:  1997312
mem:  2014720
mem:  2010112
mem:  2031104
mem:  2016768
mem:  2020864
mem:  2025984
mem:  2027520
mem:  2044928
mem:  2024448
mem:  2032128
mem:  2000896
mem:  2051072
mem:  2000384
mem:  2028544
