SLURM_JOBID=5050303
SLURM_JOB_NODELIST=svl2
SLURM_NNODES=1
SLURMTMPDIR=
working directory = /viscam/projects/objectfolder_benchmark/benchmarks/Multi_Sensory_3D_Reconstruction/code/models/MDN
Start_idx:  944
mem:  1536
mem:  1923584
mem:  1924608
mem:  1923584
mem:  1888768
mem:  1929216
mem:  1911296
mem:  1932288
mem:  1910784
mem:  1935360
mem:  1930752
mem:  1916416
mem:  1930240
mem:  1941504
mem:  1917440
mem:  1944576
mem:  1946112
mem:  1914880
mem:  1943040
mem:  1918976
mem:  1936384
mem:  1953792
mem:  1926144
mem:  1950720
mem:  1948672
mem:  1930752
mem:  1949184
mem:  1949696
mem:  1964544
mem:  1936896
mem:  1957888
mem:  1966592
mem:  1967104
mem:  1972224
mem:  1957888
mem:  1965568
mem:  1951232
mem:  1939456
mem:  1964032
mem:  1959424
mem:  1973248
mem:  1974784
mem:  1953280
mem:  1987584
mem:  1979392
mem:  1965056
mem:  1989632
mem:  1993728
mem:  1973248
mem:  1983488
mem:  1992192
mem:  1964544
mem:  1959936
mem:  1993216
mem:  2004480
mem:  1990144
mem:  2007552
mem:  1987072
mem:  2007040
mem:  2012160
mem:  2010112
mem:  1993216
mem:  2004480
mem:  1996288
mem:  2016256
mem:  2008064
mem:  2007040
mem:  1998848
mem:  2010112
mem:  1998336
mem:  2013184
mem:  1998848
mem:  2032128
mem:  2033664
mem:  1990144
mem:  2024448
mem:  2022400
mem:  2033664
mem:  2018304
mem:  2036736
mem:  2012672
mem:  2010624
mem:  2047488
mem:  2049024
mem:  2040832
mem:  2022912
mem:  2053632
mem:  2029568
mem:  2050560
mem:  2058240
mem:  2046464
mem:  2045440
mem:  2062848
mem:  2032640
mem:  2050048
mem:  2061312
mem:  2053120
mem:  2054656
mem:  2046464
mem:  2054144
