SLURM_JOBID=5049531
SLURM_JOB_NODELIST=svl3
SLURM_NNODES=1
SLURMTMPDIR=
working directory = /viscam/projects/objectfolder_benchmark/benchmarks/Multi_Sensory_3D_Reconstruction/code/models/MDN
Start_idx:  69
mem:  1536
mem:  1923584
mem:  1914880
mem:  1922560
mem:  1927680
mem:  1926656
mem:  1927168
mem:  1903104
mem:  1933824
mem:  1912320
mem:  1921024
mem:  1899520
mem:  1930240
mem:  1929216
mem:  1943040
mem:  1918976
mem:  1920512
mem:  1937920
mem:  1943040
mem:  1950720
mem:  1932800
mem:  1934336
mem:  1939456
mem:  1947136
mem:  1929216
mem:  1924608
mem:  1955328
mem:  1953280
mem:  1935360
mem:  1953792
mem:  1967616
mem:  1953280
mem:  1970688
mem:  1962496
mem:  1944576
mem:  1972736
mem:  1957376
mem:  1949184
mem:  1979904
mem:  1965568
mem:  1979392
mem:  1978368
mem:  1950720
mem:  1981440
mem:  1985536
mem:  1987072
mem:  1992192
mem:  1993728
mem:  1989120
mem:  1994240
mem:  1978880
mem:  1990144
mem:  1981952
mem:  1970176
mem:  1998336
mem:  2006016
mem:  1995264
mem:  1989632
mem:  2004480
mem:  2008576
mem:  1997824
mem:  2015232
mem:  2007040
mem:  2008576
mem:  2013696
mem:  2008064
mem:  2007040
mem:  2014720
mem:  2010112
mem:  2011648
mem:  2022912
mem:  2030592
mem:  2016256
mem:  2014208
mem:  2032640
mem:  2027008
mem:  2022400
mem:  2030080
mem:  2025472
mem:  2039296
mem:  2031104
mem:  2016768
mem:  2021888
mem:  2029568
mem:  2044416
mem:  2042368
mem:  2031616
mem:  2045440
mem:  2031104
mem:  2058240
mem:  2008576
mem:  2045440
mem:  2043392
mem:  2044928
mem:  2062336
mem:  2048000
mem:  2033664
mem:  2070528
mem:  2068480
mem:  2034688
