SLURM_JOBID=5049913
SLURM_JOB_NODELIST=svl18
SLURM_NNODES=1
SLURMTMPDIR=
working directory = /viscam/projects/objectfolder_benchmark/benchmarks/Multi_Sensory_3D_Reconstruction/code/models/MDN
Start_idx:  484
mem:  1536
mem:  1907712
mem:  1905152
mem:  1916416
mem:  1927680
mem:  1907200
mem:  1897984
mem:  1906688
mem:  1924096
mem:  1909760
mem:  1924608
mem:  1925120
mem:  1916928
mem:  1906176
mem:  1927168
mem:  1905664
mem:  1930240
mem:  1931776
mem:  1917440
mem:  1940992
mem:  1920512
mem:  1914880
mem:  1945600
mem:  1937408
mem:  1936384
mem:  1917440
mem:  1929728
mem:  1947136
mem:  1945088
mem:  1936896
mem:  1951744
mem:  1956864
mem:  1957376
mem:  1962496
mem:  1950720
mem:  1959424
mem:  1964544
mem:  1968640
mem:  1957888
mem:  1971712
mem:  1960960
mem:  1968640
mem:  1976320
mem:  1961984
mem:  1982976
mem:  1967616
mem:  1976320
mem:  1961984
mem:  1975808
mem:  1955328
mem:  1972736
mem:  1974272
mem:  1968640
mem:  1993216
mem:  1991168
mem:  1992704
mem:  1968640
mem:  1996800
mem:  1948672
mem:  1979392
mem:  1988096
mem:  1982464
mem:  1991168
mem:  1996288
mem:  1994240
mem:  2021376
mem:  2013184
mem:  1989120
mem:  2023424
mem:  2021376
mem:  2025472
mem:  2018304
mem:  2006528
mem:  1985024
mem:  2009600
mem:  2017280
mem:  2009088
mem:  2027520
mem:  1986560
mem:  2013696
mem:  2044416
mem:  2010624
mem:  2028032
mem:  2010112
mem:  2028544
mem:  2036224
mem:  2037760
mem:  2032128
mem:  2043392
mem:  2045952
mem:  2057216
mem:  2025984
mem:  2043392
mem:  2048512
mem:  2050048
mem:  2051584
mem:  2023936
mem:  2051072
mem:  2056192
mem:  2044416
