SLURM_JOBID=5050292
SLURM_JOB_NODELIST=svl17
SLURM_NNODES=1
SLURMTMPDIR=
working directory = /viscam/projects/objectfolder_benchmark/benchmarks/Multi_Sensory_3D_Reconstruction/code/models/MDN
Start_idx:  898
mem:  1536
mem:  1920000
mem:  1869824
mem:  1922560
mem:  1927680
mem:  1929216
mem:  1921024
mem:  1903104
mem:  1888768
mem:  1883136
mem:  1897984
mem:  1903104
mem:  1904640
mem:  1909760
mem:  1910272
mem:  1938432
mem:  1904640
mem:  1914880
mem:  1946624
mem:  1921536
mem:  1946112
mem:  1928192
mem:  1920000
mem:  1950720
mem:  1958400
mem:  1944064
mem:  1961472
mem:  1901056
mem:  1919488
mem:  1936896
mem:  1942016
mem:  1959424
mem:  1951232
mem:  1972224
mem:  1934848
mem:  1936384
mem:  1941504
mem:  1968640
mem:  1977344
mem:  1942528
mem:  1951232
mem:  1958912
mem:  1976320
mem:  1954816
mem:  1953792
mem:  1968640
mem:  1978880
mem:  1951232
mem:  1975808
mem:  1955328
mem:  1947136
mem:  1970688
mem:  1962496
mem:  1951744
mem:  2001920
mem:  1960960
mem:  1994240
mem:  1986048
mem:  1987584
mem:  1959936
mem:  2001408
mem:  2012672
mem:  2010624
mem:  2002432
mem:  2000384
mem:  1972736
mem:  1993728
mem:  2021888
mem:  2016256
mem:  1995776
mem:  2026496
mem:  2014720
mem:  2019840
mem:  1982464
mem:  2031616
mem:  2024448
mem:  2009088
mem:  1994752
mem:  2025472
mem:  2013696
mem:  1986048
mem:  2030080
mem:  2021888
mem:  2023424
mem:  2046976
mem:  2030080
mem:  2053632
mem:  2012672
mem:  2056704
mem:  2042368
mem:  2028032
mem:  2035712
mem:  2043392
mem:  2035200
mem:  2024448
mem:  2032128
mem:  2039808
mem:  2025472
mem:  2062336
mem:  2073600
