SLURM_JOBID=5049903
SLURM_JOB_NODELIST=svl9
SLURM_NNODES=1
SLURMTMPDIR=
working directory = /viscam/projects/objectfolder_benchmark/benchmarks/Multi_Sensory_3D_Reconstruction/code/models/MDN
Start_idx:  475
mem:  1536
mem:  1894400
mem:  1914880
mem:  1920000
mem:  1882624
mem:  1913344
mem:  1905152
mem:  1896960
mem:  1930240
mem:  1912320
mem:  1936896
mem:  1905664
mem:  1898496
mem:  1929216
mem:  1910272
mem:  1902080
mem:  1946112
mem:  1935360
mem:  1929728
mem:  1902080
mem:  1901056
mem:  1953792
mem:  1912832
mem:  1915392
mem:  1948672
mem:  1953792
mem:  1916416
mem:  1917952
mem:  1951232
mem:  1959936
mem:  1951744
mem:  1930240
mem:  1938944
mem:  1968640
mem:  1928704
mem:  1910784
mem:  1945088
mem:  1943040
mem:  1927680
mem:  1981440
mem:  1973248
mem:  1922560
mem:  1940992
mem:  1974272
mem:  1953792
mem:  1965056
mem:  1966592
mem:  1980416
mem:  1946624
mem:  1938432
mem:  1946112
mem:  1968128
mem:  1946624
mem:  1996800
mem:  1988608
mem:  1970688
mem:  1981952
mem:  1944576
mem:  1994752
mem:  1982976
mem:  1965056
mem:  1972736
mem:  1984000
mem:  1986560
mem:  1977344
mem:  1969152
mem:  2003456
mem:  1985536
mem:  1984512
mem:  2023936
mem:  1990144
mem:  1985536
mem:  1987072
mem:  1988608
mem:  2025472
mem:  2014720
mem:  2012672
mem:  1991168
mem:  2035200
mem:  2013696
mem:  2021376
mem:  2010624
mem:  2031616
mem:  2049024
mem:  2021376
mem:  2036224
mem:  2014720
mem:  2022400
mem:  2017792
mem:  2052096
mem:  2014720
mem:  2029568
mem:  2049536
mem:  2038784
mem:  2040320
mem:  2022400
mem:  2033664
mem:  2031616
mem:  2042880
mem:  2034688
