SLURM_JOBID=5050016
SLURM_JOB_NODELIST=svl9
SLURM_NNODES=1
SLURMTMPDIR=
working directory = /viscam/projects/objectfolder_benchmark/benchmarks/Multi_Sensory_3D_Reconstruction/code/models/MDN
Start_idx:  594
mem:  1536
mem:  1859072
mem:  1885696
mem:  1887232
mem:  1894912
mem:  1870848
mem:  1914880
mem:  1896960
mem:  1888768
mem:  1896448
mem:  1882112
mem:  1912832
mem:  1904640
mem:  1906176
mem:  1929728
mem:  1921536
mem:  1901056
mem:  1908736
mem:  1904128
mem:  1915392
mem:  1897472
mem:  1918464
mem:  1916416
mem:  1921536
mem:  1903616
mem:  1928192
mem:  1909248
mem:  1937408
mem:  1923072
mem:  1895424
mem:  1932288
mem:  1930240
mem:  1935360
mem:  1962496
mem:  1942016
mem:  1910784
mem:  1954816
mem:  1978368
mem:  1918976
mem:  1958400
mem:  1947648
mem:  1962496
mem:  1970176
mem:  1958400
mem:  1967104
mem:  1938432
mem:  1953280
mem:  1960960
mem:  1959936
mem:  1948160
mem:  1963008
mem:  1986560
mem:  1959936
mem:  1954304
mem:  1969152
mem:  1986560
mem:  1975808
mem:  1993216
mem:  1985024
mem:  1947648
mem:  2001408
mem:  1970176
mem:  2007040
mem:  1985536
mem:  1965056
mem:  1982464
mem:  1977856
mem:  1989120
mem:  1990656
mem:  1992192
mem:  2009600
mem:  1998848
mem:  1993216
mem:  1998336
mem:  1996288
mem:  1985536
mem:  2009088
mem:  2020352
mem:  2002432
mem:  1990656
mem:  2015232
mem:  2007040
mem:  2028032
mem:  2006528
mem:  2009088
mem:  2020352
mem:  2020864
mem:  2019840
mem:  2031104
mem:  2035200
mem:  2034176
mem:  1990656
mem:  2033664
mem:  2025472
mem:  2040320
mem:  2022400
mem:  2030080
mem:  2035200
mem:  2049024
mem:  2050560
