SLURM_JOBID=5049717
SLURM_JOB_NODELIST=svl1
SLURM_NNODES=1
SLURMTMPDIR=
working directory = /viscam/projects/objectfolder_benchmark/benchmarks/Multi_Sensory_3D_Reconstruction/code/models/MDN
Start_idx:  261
mem:  1536
mem:  1891840
mem:  1905152
mem:  1920000
mem:  1892352
mem:  1890304
mem:  1914880
mem:  1867776
mem:  1908224
mem:  1922048
mem:  1891840
mem:  1918976
mem:  1939968
mem:  1915904
mem:  1933312
mem:  1902080
mem:  1939968
mem:  1944064
mem:  1929728
mem:  1902080
mem:  1909760
mem:  1928192
mem:  1955328
mem:  1921536
mem:  1929216
mem:  1946624
mem:  1935872
mem:  1949696
mem:  1929216
mem:  1956352
mem:  1964032
mem:  1933824
mem:  1925632
mem:  1962496
mem:  1934848
mem:  1949696
mem:  1941504
mem:  1978368
mem:  1970176
mem:  1946112
mem:  1947648
mem:  1965056
mem:  1970176
mem:  1961984
mem:  1969664
mem:  1990656
mem:  1989632
mem:  1993728
mem:  1969664
mem:  1974784
mem:  1969152
mem:  1951232
mem:  1995264
mem:  1993216
mem:  1978880
mem:  1976832
mem:  2001408
mem:  1979904
mem:  2000896
mem:  2006016
mem:  1994240
mem:  2009088
mem:  1993728
mem:  1998848
mem:  2013696
mem:  2001920
mem:  2003456
mem:  2014720
mem:  2023424
mem:  1994752
mem:  2006016
mem:  2014720
mem:  1996800
mem:  2020352
mem:  2021888
mem:  2020864
mem:  2028544
mem:  2014208
mem:  2037760
mem:  2030592
mem:  2022400
mem:  2020352
mem:  2015744
mem:  2010112
mem:  2034688
mem:  2036224
mem:  2047488
mem:  2032128
mem:  2027520
mem:  2042368
mem:  2036736
mem:  2006528
mem:  1998336
mem:  2044928
mem:  2056192
mem:  2038272
mem:  2010624
mem:  2060800
mem:  2046464
mem:  2038272
