SLURM_JOBID=5050289
SLURM_JOB_NODELIST=svl9
SLURM_NNODES=1
SLURMTMPDIR=
working directory = /viscam/projects/objectfolder_benchmark/benchmarks/Multi_Sensory_3D_Reconstruction/code/models/MDN
Start_idx:  895
mem:  1536
mem:  1894400
mem:  1891840
mem:  1874944
mem:  1879040
mem:  1880576
mem:  1897984
mem:  1909248
mem:  1901056
mem:  1896448
mem:  1917440
mem:  1870336
mem:  1865728
mem:  1915904
mem:  1897984
mem:  1903104
mem:  1885184
mem:  1883136
mem:  1845760
mem:  1921536
mem:  1929216
mem:  1901568
mem:  1920000
mem:  1950720
mem:  1913344
mem:  1879552
mem:  1926144
mem:  1939968
mem:  1929216
mem:  1927168
mem:  1850880
mem:  1881600
mem:  1935360
mem:  1946624
mem:  1925120
mem:  1926656
mem:  1937920
mem:  1933312
mem:  1950720
mem:  1955840
mem:  1963520
mem:  1949184
mem:  1904640
mem:  1952256
mem:  1911296
mem:  1955328
mem:  1959424
mem:  1964544
mem:  1921024
mem:  1980928
mem:  1963008
mem:  1960960
mem:  1952768
mem:  1967616
mem:  1932800
mem:  1970688
mem:  1920000
mem:  1967616
mem:  1961984
mem:  1967104
mem:  1965056
mem:  1979904
mem:  1952256
mem:  1992704
mem:  1971200
mem:  1953280
mem:  1980416
mem:  1989120
mem:  2002944
mem:  1992192
mem:  2003456
mem:  1985536
mem:  1993216
mem:  2000896
mem:  2002432
mem:  1988096
mem:  1993216
mem:  1949696
mem:  2015744
mem:  1974784
mem:  2009088
mem:  1975296
mem:  2015744
mem:  2010112
mem:  1992192
mem:  2022912
mem:  2011136
mem:  2023424
mem:  2044416
mem:  2022912
mem:  1985536
mem:  2019840
mem:  1994752
mem:  1999872
mem:  2003968
mem:  2034688
mem:  2062848
mem:  2021888
mem:  2033152
mem:  2032128
