SLURM_JOBID=5049736
SLURM_JOB_NODELIST=svl1
SLURM_NNODES=1
SLURMTMPDIR=
working directory = /viscam/projects/objectfolder_benchmark/benchmarks/Multi_Sensory_3D_Reconstruction/code/models/MDN
Start_idx:  279
mem:  1536
mem:  1923584
mem:  1922048
mem:  1894400
mem:  1898496
mem:  1900032
mem:  1924608
mem:  1932288
mem:  1924096
mem:  1935360
mem:  1911296
mem:  1918976
mem:  1920512
mem:  1941504
mem:  1900544
mem:  1932288
mem:  1920512
mem:  1937920
mem:  1923584
mem:  1931264
mem:  1897472
mem:  1931776
mem:  1955328
mem:  1937408
mem:  1919488
mem:  1924608
mem:  1951744
mem:  1947136
mem:  1938944
mem:  1950208
mem:  1928704
mem:  1955840
mem:  1935360
mem:  1968640
mem:  1928704
mem:  1969152
mem:  1951232
mem:  1966080
mem:  1964032
mem:  1981440
mem:  1982976
mem:  1965056
mem:  1940992
mem:  1964544
mem:  1986560
mem:  1984512
mem:  1976320
mem:  1987584
mem:  1992704
mem:  1984512
mem:  1998336
mem:  1980416
mem:  2001408
mem:  1964032
mem:  2000896
mem:  1984000
mem:  1991680
mem:  1986048
mem:  1981440
mem:  1996288
mem:  2003968
mem:  2015232
mem:  1977856
mem:  2012160
mem:  2003968
mem:  2005504
mem:  2016768
mem:  2024448
mem:  2010112
mem:  2027520
mem:  1990144
mem:  2011136
mem:  2019840
mem:  2010624
mem:  2035200
mem:  1994240
mem:  2038272
mem:  2033664
mem:  2025472
mem:  1997824
mem:  2044416
mem:  1991168
mem:  2014720
mem:  2035712
mem:  2040832
mem:  2020352
mem:  2050048
mem:  2055168
mem:  2031104
mem:  2042368
mem:  2057216
mem:  2035712
mem:  2056704
mem:  2035200
mem:  2065920
mem:  2048000
mem:  2062848
mem:  2054656
mem:  2056192
mem:  2051584
