SLURM_JOBID=5050200
SLURM_JOB_NODELIST=svl7
SLURM_NNODES=1
SLURMTMPDIR=
working directory = /viscam/projects/objectfolder_benchmark/benchmarks/Multi_Sensory_3D_Reconstruction/code/models/MDN
Start_idx:  783
mem:  1536
mem:  1917440
mem:  1921024
mem:  1900544
mem:  1917952
mem:  1919488
mem:  1878528
mem:  1929728
mem:  1924096
mem:  1909760
mem:  1905152
mem:  1903104
mem:  1937408
mem:  1928192
mem:  1904128
mem:  1915392
mem:  1946112
mem:  1931776
mem:  1926144
mem:  1940992
mem:  1936384
mem:  1922048
mem:  1939456
mem:  1956864
mem:  1919488
mem:  1950208
mem:  1935872
mem:  1960448
mem:  1958400
mem:  1950208
mem:  1951744
mem:  1939968
mem:  1922048
mem:  1962496
mem:  1928704
mem:  1963008
mem:  1973248
mem:  1968640
mem:  1948160
mem:  1952256
mem:  1980416
mem:  1968640
mem:  1986048
mem:  1952256
mem:  1946624
mem:  1987072
mem:  1982464
mem:  1964544
mem:  1953792
mem:  1961472
mem:  1972736
mem:  1990144
mem:  1998848
mem:  1999360
mem:  1991168
mem:  1996288
mem:  1995264
mem:  1973760
mem:  1997312
mem:  1989120
mem:  1990656
mem:  2005504
mem:  2013184
mem:  1992704
mem:  2007552
mem:  2017792
mem:  1980416
mem:  1998848
mem:  1993216
mem:  2014208
mem:  1993728
mem:  2004992
mem:  2032128
mem:  2027520
mem:  2025472
mem:  2030592
mem:  1996800
mem:  2007040
mem:  2038784
mem:  2039296
mem:  2028544
mem:  2026496
mem:  2037760
mem:  2027008
mem:  2044416
mem:  2036224
mem:  2031616
mem:  2049024
mem:  2046976
mem:  2025472
mem:  2014720
mem:  2028544
mem:  2023936
mem:  2029056
mem:  2017280
mem:  2025984
mem:  2066432
mem:  2067968
mem:  2065920
mem:  2044416
