SLURM_JOBID=5049811
SLURM_JOB_NODELIST=svl15
SLURM_NNODES=1
SLURMTMPDIR=
working directory = /viscam/projects/objectfolder_benchmark/benchmarks/Multi_Sensory_3D_Reconstruction/code/models/MDN
Start_idx:  368
mem:  1536
mem:  1913856
mem:  1885696
mem:  1910272
mem:  1849856
mem:  1887744
mem:  1882112
mem:  1903104
mem:  1879040
mem:  1923072
mem:  1859072
mem:  1905664
mem:  1910784
mem:  1906176
mem:  1897984
mem:  1915392
mem:  1930240
mem:  1908736
mem:  1929728
mem:  1886208
mem:  1942528
mem:  1918464
mem:  1939456
mem:  1911808
mem:  1919488
mem:  1940480
mem:  1949184
mem:  1937408
mem:  1919488
mem:  1944064
mem:  1951744
mem:  1885184
mem:  1941504
mem:  1923584
mem:  1925120
mem:  1959424
mem:  1931776
mem:  1926144
mem:  1944576
mem:  1939968
mem:  1959936
mem:  1965056
mem:  1947136
mem:  1981440
mem:  1940480
mem:  1912832
mem:  1943552
mem:  1954816
mem:  1966080
mem:  1955328
mem:  1972736
mem:  1986560
mem:  1972224
mem:  1977344
mem:  1949696
mem:  1957376
mem:  1968640
mem:  1987072
mem:  1985024
mem:  1982976
mem:  1951744
mem:  1986048
mem:  1977856
mem:  1989120
mem:  1994240
mem:  1978880
mem:  1999872
mem:  1979392
mem:  1990656
mem:  1986048
mem:  1990144
mem:  2001408
mem:  1999360
mem:  2008064
mem:  2025472
mem:  1997824
mem:  2005504
mem:  1994752
mem:  1982976
mem:  2011136
mem:  2015232
mem:  2030080
mem:  2014720
mem:  2010112
mem:  2001920
mem:  1999872
mem:  1975808
mem:  2029568
mem:  2015232
mem:  2042368
mem:  2020864
mem:  2010112
mem:  2031104
mem:  2038784
mem:  2013696
mem:  2051584
mem:  2008064
mem:  2044928
mem:  2033152
mem:  2048000
