SLURM_JOBID=5049151
SLURM_JOB_NODELIST=svl3
SLURM_NNODES=1
SLURMTMPDIR=
working directory = /viscam/projects/objectfolder_benchmark/benchmarks/Multi_Sensory_3D_Reconstruction/code/models/MDN
Start_idx:  34
mem:  1536
mem:  1894400
mem:  1902592
mem:  1926144
mem:  1921536
mem:  1923072
mem:  1907712
mem:  1912832
mem:  1933824
mem:  1915904
mem:  1905152
mem:  1893376
mem:  1908224
mem:  1941504
mem:  1913856
mem:  1940992
mem:  1946112
mem:  1941504
mem:  1949184
mem:  1931264
mem:  1949696
mem:  1953792
mem:  1955328
mem:  1914368
mem:  1925632
mem:  1953792
mem:  1942016
mem:  1949696
mem:  1954816
mem:  1946624
mem:  1961472
mem:  1966592
mem:  1970688
mem:  1966080
mem:  1967616
mem:  1969152
mem:  1960960
mem:  1946624
mem:  1970176
mem:  1955840
mem:  1963520
mem:  1984512
mem:  1960448
mem:  1961984
mem:  1979392
mem:  1990656
mem:  1992192
mem:  1990144
mem:  1975808
mem:  1983488
mem:  1969152
mem:  1987584
mem:  1936896
mem:  1977344
mem:  2000896
mem:  1999872
mem:  2003968
mem:  2006528
mem:  2000896
mem:  2006016
mem:  2007552
mem:  2015232
mem:  2010624
mem:  2002432
mem:  2010112
mem:  2015232
mem:  2022912
mem:  2014720
mem:  1993216
mem:  1986048
mem:  1980416
mem:  1997824
mem:  2002944
mem:  2010624
mem:  2021888
mem:  2027008
mem:  2006528
mem:  2020352
mem:  2029056
mem:  2013696
mem:  2024960
mem:  2039808
mem:  2047488
mem:  2039296
mem:  2044416
mem:  2052096
mem:  2028032
mem:  2055168
mem:  2054144
mem:  2042368
mem:  2034176
mem:  2055168
mem:  2053120
mem:  2051072
mem:  2056192
mem:  2051584
mem:  2053120
mem:  2047488
mem:  2072064
mem:  2073600
mem:  2065408
mem:  2021888
mem:  2046464
mem:  2040832
mem:  2055680
mem:  2051072
mem:  1993216
mem:  2050560
mem:  2081280
mem:  2053632
mem:  2045440
mem:  2039808
mem:  2032640
mem:  2020864
mem:  2071040
mem:  2007040
mem:  2038784
mem:  2065920
mem:  2041856
mem:  2065408
mem:  2060800
mem:  2072064
mem:  2031104
mem:  2042368
mem:  2063360
mem:  2071040
mem:  2076160
mem:  2042368
mem:  2073088
mem:  2084352
mem:  2070016
mem:  2083840
mem:  2065920
mem:  2055168
mem:  2046976
mem:  2080256
mem:  2085376
mem:  2108928
mem:  2094592
mem:  2080256
mem:  2085376
mem:  2099200
mem:  2104320
mem:  2112000
mem:  2109952
mem:  2105344
mem:  2074112
mem:  2125312
mem:  2146304
mem:  2117632
mem:  2074112
mem:  2121728
mem:  2148864
mem:  2082304
mem:  2103296
mem:  2134016
mem:  2128384
mem:  2127360
mem:  2112000
mem:  2117120
mem:  2128384
mem:  2114048
mem:  2144768
mem:  2132992
mem:  2124800
mem:  2129920
mem:  2105856
mem:  2132992
mem:  2105344
mem:  2159104
mem:  2143744
mem:  2131968
mem:  2150400
mem:  2135040
mem:  2126848
mem:  2170880
mem:  2137088
mem:  2183680
mem:  2126848
mem:  2167296
mem:  2143232
mem:  2177536
mem:  2156032
mem:  2130944
mem:  2110464
mem:  2170368
mem:  2175488
mem:  2192896
mem:  2181120
mem:  2186240
mem:  2184192
mem:  2166272
mem:  2161664
mem:  2176512
mem:  2180608
mem:  2149376
mem:  2196992
mem:  2179072
mem:  2118656
mem:  2188288
mem:  2212864
mem:  2230272
mem:  2222080
mem:  2194432
mem:  2212864
mem:  2204672
mem:  2208768
mem:  2206720
mem:  2225152
mem:  2203648
mem:  2234368
mem:  2187264
mem:  2215424
mem:  2242560
mem:  2211328
mem:  2220032
mem:  2217984
mem:  2213376
mem:  2227200
mem:  2242048
mem:  2240000
mem:  2235392
mem:  2207744
mem:  2238464
mem:  2226688
mem:  2251264
mem:  2249216
mem:  2219008
mem:  2246144
mem:  2250240
mem:  2239488
mem:  2270208
mem:  2262016
mem:  2244096
mem:  2271232
mem:  2249728
mem:  2238976
mem:  2217472
mem:  2287104
mem:  2214400
mem:  2202624
mem:  2256384
mem:  2293248
mem:  2294784
mem:  2224640
mem:  2265088
mem:  2299392
mem:  2238976
mem:  2299904
mem:  2294272
mem:  2279936
mem:  2293760
mem:  2292736
mem:  2290688
mem:  2266624
mem:  2299904
mem:  2236928
mem:  2306560
mem:  2295808
mem:  2296320
mem:  2317312
mem:  2296832
mem:  2259456
mem:  2303488
mem:  2317312
mem:  2244608
mem:  2307072
mem:  2299904
mem:  2294272
mem:  2315264
mem:  2300928
mem:  2331648
mem:  2323456
mem:  2263040
mem:  2297344
mem:  2298880
mem:  2345472
mem:  2324992
mem:  2303488
mem:  2320896
mem:  2351616
mem:  2331136
mem:  2332672
mem:  2327040
mem:  2312704
mem:  2333696
mem:  2335232
mem:  2346496
mem:  2341888
mem:  2349568
mem:  2337792
mem:  2342912
mem:  2370048
mem:  2352128
mem:  2373120
mem:  2368512
mem:  2360320
mem:  2377728
mem:  2340352
mem:  2355200
mem:  2372608
mem:  2370560
mem:  2385408
mem:  2326016
mem:  2343424
mem:  2328064
mem:  2349056
mem:  2351616
mem:  2394624
mem:  2393600
mem:  2349056
mem:  2350592
mem:  2381312
mem:  2359808
mem:  2394112
mem:  2370048
mem:  2404352
mem:  2369536
mem:  2364928
mem:  2362880
mem:  2371584
mem:  2408448
mem:  2416128
mem:  2375168
mem:  2344960
mem:  2414592
mem:  2373632
mem:  2394624
mem:  2412032
mem:  2395136
mem:  2399232
mem:  2368000
mem:  2370560
mem:  2390528
mem:  2360320
mem:  2410496
mem:  2379264
mem:  2423296
mem:  2417664
mem:  2370560
mem:  2414592
mem:  2435584
mem:  2392064
mem:  2419200
mem:  2391552
mem:  2416128
mem:  2433536
mem:  2405888
mem:  2426880
mem:  2424832
mem:  2420224
mem:  2441216
mem:  2403840
mem:  2408960
mem:  2452992
mem:  2460672
mem:  2442752
mem:  2392064
mem:  2432512
mem:  2460672
mem:  2432000
mem:  2421248
mem:  2442240
mem:  2469376
mem:  2432000
mem:  2427392
mem:  2458112
mem:  2436608
mem:  2470912
mem:  2466304
mem:  2444800
mem:  2452480
mem:  2441728
mem:  2439680
mem:  2437632
mem:  2478080
mem:  2460160
mem:  2488320
mem:  2449920
mem:  2451456
mem:  2460160
mem:  2454528
mem:  2459648
mem:  2445312
mem:  2472448
mem:  2467840
mem:  2475520
mem:  2480640
mem:  2475008
mem:  2473984
mem:  2488832
mem:  2473472
mem:  2507776
mem:  2499584
mem:  2484224
mem:  2518528
mem:  2523648
mem:  2519040
mem:  2478080
mem:  2505216
mem:  2513920
mem:  2498560
mem:  2497536
mem:  2508800
mem:  2493440
mem:  2488832
mem:  2480640
mem:  2498048
mem:  2519040
mem:  2516992
mem:  2502656
mem:  2481152
mem:  2512896
mem:  2542592
mem:  2537984
mem:  2488320
mem:  2541056
mem:  2507264
mem:  2521088
mem:  2526208
mem:  2521600
mem:  2516992
mem:  2534400
mem:  2551808
mem:  2524160
mem:  2539008
mem:  2543104
mem:  2555392
mem:  2553344
mem:  2525696
mem:  2546688
mem:  2532352
mem:  2559488
mem:  2551296
mem:  2539520
mem:  2556928
mem:  2493952
mem:  2522112
mem:  2568704
mem:  2537472
mem:  2568192
mem:  2579456
mem:  2545664
mem:  2543616
mem:  2561024
mem:  2553856
mem:  2557952
mem:  2576384
mem:  2584064
mem:  2566144
mem:  2593280
mem:  2582528
mem:  2590208
mem:  2568704
mem:  2579968
mem:  2597376
mem:  2569728
mem:  2561536
mem:  2599424
mem:  2574336
mem:  2576896
mem:  2613760
mem:  2556928
mem:  2574336
mem:  2583040
mem:  2610176
mem:  2608128
mem:  2580480
mem:  2595328
mem:  2619904
mem:  2610688
mem:  2606080
mem:  2617344
mem:  2612736
mem:  2614272
mem:  2599936
mem:  2594304
mem:  2621440
mem:  2614272
mem:  2637824
mem:  2627072
mem:  2656768
mem:  2622976
mem:  2640384
mem:  2629632
mem:  2621440
mem:  2642432
mem:  2646528
mem:  2590720
mem:  2608128
mem:  2644992
mem:  2653696
mem:  2645504
mem:  2643456
mem:  2654720
mem:  2646528
mem:  2641920
mem:  2649600
mem:  2657280
mem:  2649088
mem:  2628608
mem:  2691072
mem:  2692608
mem:  2678272
mem:  2685952
mem:  2693632
mem:  2669568
mem:  2671104
mem:  2670080
mem:  2680320
mem:  2682880
mem:  2655232
mem:  2694656
mem:  2668032
mem:  2681856
mem:  2667520
mem:  2691072
mem:  2680320
mem:  2703872
mem:  2689536
mem:  2684928
mem:  2690048
mem:  2697728
mem:  2712576
mem:  2700800
mem:  2698752
mem:  2690560
mem:  2731008
mem:  2720256
mem:  2734080
mem:  2706432
mem:  2714112
mem:  2725376
mem:  2720768
mem:  2725888
mem:  2717696
mem:  2715648
mem:  2707456
mem:  2706432
mem:  2720256
mem:  2705920
mem:  2713600
mem:  2734592
mem:  2729984
mem:  2735104
mem:  2758656
mem:  2734592
mem:  2729984
mem:  2737664
mem:  2733056
mem:  2737152
mem:  2732544
mem:  2749952
mem:  2758656
mem:  2739712
mem:  2725376
mem:  2746368
mem:  2754048
mem:  2753024
mem:  2780160
mem:  2781696
mem:  2754048
mem:  2761728
mem:  2776576
mem:  2746368
mem:  2776064
mem:  2748416
mem:  2759680
mem:  2752512
mem:  2769920
mem:  2777600
mem:  2776576
mem:  2770944
mem:  2760192
mem:  2783744
mem:  2756096
mem:  2764800
mem:  2778624
mem:  2766848
mem:  2795008
mem:  2783232
mem:  2771456
mem:  2793472
mem:  2784256
mem:  2796544
mem:  2816512
mem:  2786304
mem:  2784256
mem:  2812416
mem:  2794496
mem:  2814464
mem:  2819584
mem:  2811392
mem:  2793472
mem:  2814464
mem:  2803712
mem:  2805248
mem:  2803200
mem:  2840064
mem:  2809856
mem:  2827264
mem:  2825216
mem:  2840064
mem:  2834432
mem:  2843136
mem:  2808320
mem:  2842624
mem:  2847744
mem:  2845696
mem:  2850816
mem:  2839040
mem:  2821120
mem:  2832384
mem:  2856960
mem:  2864640
mem:  2866176
mem:  2861568
mem:  2866688
mem:  2845184
mem:  2852864
mem:  2857984
mem:  2852352
mem:  2873344
mem:  2878464
mem:  2876416
mem:  2871808
mem:  2869760
mem:  2855424
mem:  2886144
mem:  2887680
mem:  2875904
mem:  2855424
mem:  2872832
mem:  2868224
mem:  2879488
mem:  2881024
mem:  2898432
mem:  2890240
mem:  2889216
mem:  2867712
mem:  2904576
mem:  2906112
mem:  2878464
mem:  2893312
mem:  2904576
mem:  2873344
mem:  2910208
mem:  2915328
mem:  2891264
mem:  2914816
mem:  2900480
mem:  2895872
mem:  2907136
mem:  2918400
mem:  2887168
mem:  2927616
mem:  2880512
mem:  2927104
mem:  2912768
mem:  2933760
mem:  2923008
mem:  2917376
mem:  2912768
mem:  2930176
mem:  2935296
mem:  2940416
mem:  2932224
mem:  2939904
mem:  2931712
mem:  2946560
mem:  2944512
mem:  2929152
mem:  2928128
mem:  2951680
mem:  2915328
mem:  2954752
mem:  2957312
mem:  2945536
mem:  2940928
mem:  2958336
mem:  2946560
mem:  2934784
mem:  2956800
mem:  2945024
mem:  2962432
mem:  2957824
mem:  2961920
mem:  2974208
mem:  2949120
mem:  2950656
mem:  2946048
mem:  2976768
mem:  2962432
mem:  2966528
mem:  2974208
mem:  2969600
mem:  2961408
mem:  2989568
mem:  2977792
mem:  2989056
mem:  2963968
mem:  2982400
mem:  2983936
mem:  2995200
mem:  3002880
mem:  3004416
mem:  2982912
mem:  2994176
mem:  3002880
mem:  3004416
mem:  2989056
mem:  2991616
mem:  3015168
mem:  2997248
mem:  2998784
mem:  3010048
mem:  3018752
mem:  3009536
mem:  3018240
mem:  3025920
mem:  3008000
mem:  3028992
mem:  3008512
mem:  3012608
mem:  3000832
mem:  3021824
mem:  3036672
mem:  3038208
mem:  3039744
mem:  3028992
mem:  3030528
mem:  3024896
mem:  3033600
mem:  3037696
mem:  3025920
mem:  3037184
mem:  3045888
mem:  3030528
mem:  3041792
mem:  3056640
mem:  3028992
mem:  3059712
mem:  3048960
mem:  3062784
mem:  3041280
mem:  3052544
mem:  3067392
mem:  3053056
mem:  3060736
mem:  3072000
mem:  3069952
mem:  3068928
mem:  3060736
mem:  3062272
mem:  3050496
mem:  3055616
mem:  3060736
mem:  3084288
mem:  3069952
mem:  3077632
mem:  3053568
mem:  3055104
mem:  3072512
mem:  3074048
mem:  3095040
mem:  3077120
mem:  3078656
mem:  3099648
mem:  3101184
mem:  3083264
mem:  3104256
mem:  3096064
mem:  3101184
mem:  3089408
mem:  3094528
mem:  3102208
mem:  3107328
mem:  3082240
mem:  3116544
mem:  3079168
mem:  3107328
mem:  3107840
mem:  3122688
mem:  3108352
mem:  3096576
mem:  3111424
mem:  3099648
mem:  3130368
mem:  3128320
mem:  3133440
mem:  3125248
mem:  3124224
mem:  3138048
mem:  3129856
mem:  3131392
mem:  3123200
mem:  3128320
mem:  3120128
mem:  3147264
mem:  3148800
mem:  3144192
mem:  3106816
mem:  3104768
mem:  3084288
mem:  3117568
mem:  3097088
mem:  3149824
mem:  3073536
mem:  3117568
mem:  3105792
mem:  3078144
mem:  3118592
mem:  3129856
mem:  3131392
mem:  3119616
mem:  3134464
mem:  3142144
mem:  3098624
mem:  3142656
mem:  3140608
mem:  3142144
mem:  3140096
mem:  3123200
mem:  3134464
mem:  3158016
mem:  3124224
mem:  3128320
mem:  3137024
mem:  3128832
mem:  3159552
mem:  3147776
mem:  3178496
mem:  3150848
mem:  3142656
mem:  3151360
mem:  3159040
mem:  3202048
mem:  3187712
mem:  3167232
mem:  3174912
mem:  3153408
mem:  3170816
mem:  3166208
mem:  3161600
mem:  3163136
mem:  3164672
mem:  3185664
mem:  3128832
mem:  3163136
mem:  3157504
mem:  3207680
mem:  3203072
mem:  3181568
mem:  3225600
mem:  3168768
mem:  3212800
mem:  3185152
mem:  3208704
mem:  3174912
mem:  3195904
mem:  3203584
mem:  3183104
mem:  3184640
mem:  3214336
mem:  3232768
mem:  3178496
mem:  3196928
mem:  3217920
mem:  3174400
mem:  3197952
mem:  3225088
mem:  3191296
mem:  3208704
mem:  3236864
mem:  3248128
mem:  3230208
mem:  3228160
mem:  3233280
mem:  3247104
mem:  3197440
mem:  3208704
mem:  3210240
mem:  3266560
mem:  3232768
mem:  3227136
mem:  3229696
mem:  3237376
mem:  3232768
mem:  3230720
mem:  3248128
mem:  3236352
mem:  3237888
mem:  3227136
mem:  3254272
mem:  3213312
mem:  3234304
mem:  3268608
mem:  3234816
mem:  3248640
mem:  3250176
mem:  3239424
mem:  3282432
mem:  3268096
mem:  3257344
mem:  3278336
mem:  3311616
mem:  3271680
mem:  3275776
mem:  3254272
mem:  3259392
mem:  3274240
mem:  3295232
mem:  3296768
mem:  3304448
mem:  3303424
mem:  3294208
mem:  3296768
mem:  3287552
mem:  3282944
mem:  3319808
mem:  3295744
mem:  3268096
mem:  3331584
mem:  3277312
mem:  3311616
mem:  3303424
mem:  3320832
mem:  3325952
mem:  3298304
mem:  3303424
mem:  3314688
mem:  3329536
mem:  3330048
mem:  3348480
mem:  3336704
mem:  3316224
mem:  3333632
mem:  3341312
mem:  3323392
mem:  3318784
mem:  3336192
mem:  3302400
mem:  3342848
mem:  3327488
mem:  3338752
mem:  3331584
mem:  3339264
mem:  3366400
mem:  3352064
mem:  3357184
mem:  3348992
mem:  3356672
mem:  3344896
mem:  3353600
mem:  3371008
mem:  3356672
mem:  3366912
mem:  3385344
mem:  3347968
mem:  3330048
mem:  3353600
mem:  3342848
mem:  3338240
mem:  3400704
mem:  3373056
mem:  3358720
mem:  3360256
mem:  3384832
mem:  3373056
mem:  3384320
mem:  3378688
mem:  3374080
mem:  3404800
mem:  3355136
mem:  3365376
mem:  3393536
mem:  3401216
mem:  3367424
mem:  3372544
mem:  3415552
mem:  3417088
mem:  3399168
mem:  3404288
mem:  3363328
mem:  3397632
mem:  3412480
mem:  3410432
mem:  3418112
mem:  3429376
mem:  3405312
mem:  3428864
mem:  3437568
mem:  3432960
mem:  3398144
mem:  3442176
mem:  3410944
mem:  3399168
mem:  3365376
mem:  3409408
mem:  3387904
