SLURM_JOBID=5050215
SLURM_JOB_NODELIST=svl2
SLURM_NNODES=1
SLURMTMPDIR=
working directory = /viscam/projects/objectfolder_benchmark/benchmarks/Multi_Sensory_3D_Reconstruction/code/models/MDN
Start_idx:  794
mem:  1536
mem:  1829888
mem:  1866240
mem:  1851904
mem:  1827840
mem:  1880576
mem:  1860096
mem:  1844736
mem:  1862144
mem:  1883136
mem:  1901568
mem:  1880064
mem:  1871872
mem:  1873408
mem:  1865216
mem:  1889792
mem:  1871872
mem:  1889280
mem:  1868800
mem:  1889792
mem:  1903616
mem:  1911296
mem:  1894400
mem:  1882624
mem:  1890304
mem:  1924608
mem:  1945600
mem:  1885184
mem:  1890304
mem:  1956352
mem:  1903104
mem:  1885184
mem:  1886720
mem:  1930752
mem:  1899520
mem:  1914368
mem:  1908736
mem:  1890816
mem:  1886208
mem:  1907200
mem:  1889280
mem:  1932288
mem:  1937408
mem:  1955840
mem:  1908736
mem:  1903104
mem:  1920512
mem:  1948672
mem:  1959936
mem:  1928704
mem:  1930240
mem:  1937920
mem:  1958912
mem:  1957888
mem:  1952256
mem:  1953792
mem:  1958912
mem:  1934848
mem:  1949696
mem:  1924608
mem:  1929728
mem:  1963008
mem:  1985024
mem:  1953792
mem:  1978368
mem:  1939968
mem:  1929216
mem:  1950208
mem:  1957888
mem:  1988608
mem:  1990144
mem:  1981952
mem:  1973760
mem:  1955840
mem:  1976832
mem:  1968640
mem:  1950720
mem:  1985024
mem:  1982976
mem:  1981952
mem:  1956864
mem:  1984000
mem:  1989120
mem:  1968640
mem:  1989632
mem:  1964544
mem:  1969664
mem:  1977344
mem:  2004480
mem:  1968128
mem:  2017280
mem:  1987072
mem:  1978880
mem:  1982976
mem:  2004992
mem:  1989632
mem:  2020352
mem:  2009600
mem:  2003968
mem:  2011648
