SLURM_JOBID=5049765
SLURM_JOB_NODELIST=svl2
SLURM_NNODES=1
SLURMTMPDIR=
working directory = /viscam/projects/objectfolder_benchmark/benchmarks/Multi_Sensory_3D_Reconstruction/code/models/MDN
Start_idx:  294
mem:  1536
mem:  1897984
mem:  1885696
mem:  1881088
mem:  1905664
mem:  1890304
mem:  1901568
mem:  1871360
mem:  1865728
mem:  1890304
mem:  1875968
mem:  1915392
mem:  1891328
mem:  1900032
mem:  1907712
mem:  1899520
mem:  1939968
mem:  1889280
mem:  1900544
mem:  1899520
mem:  1887744
mem:  1912320
mem:  1906688
mem:  1925120
mem:  1903616
mem:  1897984
mem:  1945600
mem:  1914368
mem:  1922048
mem:  1924608
mem:  1912832
mem:  1939968
mem:  1929216
mem:  1927168
mem:  1934848
mem:  1933824
mem:  1931776
mem:  1936896
mem:  1931264
mem:  1913344
mem:  1912320
mem:  1920000
mem:  1947136
mem:  1942528
mem:  1963520
mem:  1967616
mem:  1885184
mem:  1945088
mem:  1953792
mem:  1957888
mem:  1949696
mem:  1970688
mem:  1929728
mem:  1960448
mem:  1982464
mem:  1980416
mem:  1956352
mem:  1989632
mem:  1991168
mem:  1944064
mem:  1968640
mem:  1973760
mem:  2014208
mem:  2002432
mem:  1980928
mem:  2001920
mem:  1977856
mem:  1989120
mem:  1967616
mem:  2024960
mem:  2009600
mem:  1995264
mem:  1961472
mem:  1963008
mem:  2009600
mem:  2013696
mem:  1977344
mem:  2039808
mem:  2035200
mem:  1988096
mem:  1989632
mem:  1993728
mem:  2041344
mem:  2029568
mem:  1999360
mem:  2007040
mem:  1982976
mem:  1987072
mem:  2034688
mem:  2015744
mem:  2020864
mem:  2035712
mem:  2017792
mem:  2038784
mem:  2043904
mem:  2045440
mem:  2008064
mem:  2064384
mem:  2040320
mem:  2060288
