SLURM_JOBID=5049750
SLURM_JOB_NODELIST=svl2
SLURM_NNODES=1
SLURMTMPDIR=
working directory = /viscam/projects/objectfolder_benchmark/benchmarks/Multi_Sensory_3D_Reconstruction/code/models/MDN
Start_idx:  285
mem:  1536
mem:  1923584
mem:  1914880
mem:  1893376
mem:  1904640
mem:  1887744
mem:  1901568
mem:  1877504
mem:  1892352
mem:  1900032
mem:  1907712
mem:  1909248
mem:  1914368
mem:  1883136
mem:  1911296
mem:  1921536
mem:  1936384
mem:  1947648
mem:  1920000
mem:  1925120
mem:  1897472
mem:  1922048
mem:  1920000
mem:  1875456
mem:  1909760
mem:  1918464
mem:  1957888
mem:  1914368
mem:  1938944
mem:  1917440
mem:  1935872
mem:  1955840
mem:  1970688
mem:  1936896
mem:  1942016
mem:  1959424
mem:  1973248
mem:  1884672
mem:  1948160
mem:  1932800
mem:  1969664
mem:  1971200
mem:  1950720
mem:  1984000
mem:  1940480
mem:  1990656
mem:  1979904
mem:  1980416
mem:  1985536
mem:  1987072
mem:  1955840
mem:  1915904
mem:  1969664
mem:  1954304
mem:  1978880
mem:  2006016
mem:  1985536
mem:  1964032
mem:  1961984
mem:  1967104
mem:  1991680
mem:  1986048
mem:  1977856
mem:  2018304
mem:  1971200
mem:  1995776
mem:  1997312
mem:  1985536
mem:  1993216
mem:  1975296
mem:  1997312
mem:  1950208
mem:  1940992
mem:  2033664
mem:  1999872
mem:  1984512
mem:  2015232
mem:  1985024
mem:  1976832
mem:  2003968
mem:  2028544
mem:  2036224
mem:  2034176
mem:  2025984
mem:  1986048
mem:  2030080
mem:  2037760
mem:  2000384
mem:  2056704
mem:  2029056
mem:  2046464
mem:  2032128
mem:  2033664
mem:  2054656
mem:  2063360
mem:  2024960
mem:  2062848
mem:  2031616
mem:  2062336
mem:  2018816
