SLURM_JOBID=5050402
SLURM_JOB_NODELIST=svl15
SLURM_NNODES=1
SLURMTMPDIR=
working directory = /viscam/projects/objectfolder_benchmark/benchmarks/Multi_Sensory_3D_Reconstruction/code/models/MDN
Start_idx:  989
mem:  1536
mem:  1868800
mem:  1914880
mem:  1848320
mem:  1908224
mem:  1893888
mem:  1918464
mem:  1871360
mem:  1882624
mem:  1886720
mem:  1921024
mem:  1883648
mem:  1933824
mem:  1915904
mem:  1910272
mem:  1912832
mem:  1943552
mem:  1912320
mem:  1861632
mem:  1931264
mem:  1907200
mem:  1889280
mem:  1935872
mem:  1937408
mem:  1916928
mem:  1944064
mem:  1957888
mem:  1960448
mem:  1906176
mem:  1917440
mem:  1926144
mem:  1939968
mem:  1951232
mem:  1910272
mem:  1928704
mem:  1949696
mem:  1947648
mem:  1913856
mem:  1921536
mem:  1916928
mem:  1953792
mem:  1974784
mem:  1960448
mem:  1938944
mem:  1969664
mem:  1957888
mem:  1963008
mem:  1931776
mem:  1936896
mem:  1971200
mem:  1994752
mem:  1925632
mem:  1936896
mem:  1951744
mem:  1971712
mem:  1957376
mem:  1978368
mem:  1950720
mem:  1975296
mem:  2006016
mem:  1962496
mem:  2009088
mem:  2007040
mem:  1985536
mem:  1987072
mem:  2021376
mem:  1990144
mem:  1975808
mem:  2006528
mem:  1943552
mem:  1990144
mem:  1978368
mem:  1971200
mem:  1963008
mem:  2006016
mem:  2013696
mem:  1999360
mem:  2008064
mem:  2041344
mem:  2011136
mem:  2011648
mem:  2004480
mem:  2031616
mem:  2007552
mem:  2005504
mem:  1987584
mem:  2001408
mem:  1994240
mem:  1978880
mem:  2044928
mem:  2050048
mem:  2045440
mem:  2039808
mem:  2002432
mem:  2024448
mem:  2028544
mem:  2023936
mem:  2031616
mem:  2042880
mem:  2009088
