SLURM_JOBID=5049879
SLURM_JOB_NODELIST=svl2
SLURM_NNODES=1
SLURMTMPDIR=
working directory = /viscam/projects/objectfolder_benchmark/benchmarks/Multi_Sensory_3D_Reconstruction/code/models/MDN
Start_idx:  458
mem:  1536
mem:  1881088
mem:  1873408
mem:  1890816
mem:  1888768
mem:  1861120
mem:  1911296
mem:  1918976
mem:  1892352
mem:  1919488
mem:  1924608
mem:  1876480
mem:  1897472
mem:  1890304
mem:  1913856
mem:  1922560
mem:  1916928
mem:  1934336
mem:  1890816
mem:  1938432
mem:  1920512
mem:  1928192
mem:  1926144
mem:  1924096
mem:  1926656
mem:  1924608
mem:  1909248
mem:  1924096
mem:  1935360
mem:  1943040
mem:  1954304
mem:  1937408
mem:  1958400
mem:  1959936
mem:  1918976
mem:  1949696
mem:  1957376
mem:  1962496
mem:  1950720
mem:  1929216
mem:  1982976
mem:  1984512
mem:  1927680
mem:  1987584
mem:  1947648
mem:  1935872
mem:  1959424
mem:  1964544
mem:  1952768
mem:  1977344
mem:  1972736
mem:  1974272
mem:  1981952
mem:  2002944
mem:  1975296
mem:  1982976
mem:  1991680
mem:  1986048
mem:  1969152
mem:  1992704
mem:  2000384
mem:  1986048
mem:  2007040
mem:  1956352
mem:  1948160
mem:  1995776
mem:  2003456
mem:  1995264
mem:  2000384
mem:  1972736
mem:  1986560
mem:  2020864
mem:  2018816
mem:  2008064
mem:  2029056
mem:  2017280
mem:  1983488
mem:  1991168
mem:  2015744
mem:  1997824
mem:  2009088
mem:  1952256
mem:  2025472
mem:  2019840
mem:  1972736
mem:  2013184
mem:  2028032
mem:  2035712
mem:  2040832
mem:  2015744
mem:  2028032
mem:  2049024
mem:  2033664
mem:  2048512
mem:  2050048
mem:  2022400
mem:  2039808
mem:  2048512
mem:  2046464
mem:  2041856
