SLURM_JOBID=5049940
SLURM_JOB_NODELIST=svl9
SLURM_NNODES=1
SLURMTMPDIR=
working directory = /viscam/projects/objectfolder_benchmark/benchmarks/Multi_Sensory_3D_Reconstruction/code/models/MDN
Start_idx:  496
mem:  1536
mem:  1891840
mem:  1911296
mem:  1900544
mem:  1892352
mem:  1900032
mem:  1882112
mem:  1922560
mem:  1863168
mem:  1884160
mem:  1914880
mem:  1889792
mem:  1930240
mem:  1892864
mem:  1884672
mem:  1915392
mem:  1914368
mem:  1892864
mem:  1900544
mem:  1892352
mem:  1913344
mem:  1895424
mem:  1923584
mem:  1933824
mem:  1929216
mem:  1914880
mem:  1928704
mem:  1933824
mem:  1954816
mem:  1921024
mem:  1967616
mem:  1914368
mem:  1922048
mem:  1907712
mem:  1964032
mem:  1975296
mem:  1947648
mem:  1958912
mem:  1950720
mem:  1936384
mem:  1957376
mem:  1935872
mem:  1953280
mem:  1946112
mem:  1982976
mem:  1974784
mem:  1947136
mem:  1987584
mem:  1956352
mem:  1990656
mem:  1959424
mem:  1976832
mem:  1978368
mem:  1928704
mem:  1949696
mem:  1976832
mem:  1978368
mem:  1999360
mem:  1959424
mem:  1963520
mem:  1974784
mem:  1982464
mem:  1984000
mem:  1963520
mem:  1980928
mem:  1982464
mem:  1974272
mem:  1959936
mem:  2016256
mem:  1992192
mem:  1974272
mem:  1981952
mem:  1977344
mem:  2011648
mem:  2003456
mem:  1975808
mem:  1995776
mem:  2000896
mem:  1973248
mem:  2023424
mem:  1995776
mem:  2045952
mem:  1998848
mem:  2029568
mem:  2021376
mem:  2016768
mem:  1991680
mem:  1993216
mem:  2023936
mem:  2019328
mem:  2018304
mem:  2032128
mem:  2027520
mem:  2038784
mem:  2036736
mem:  2025984
mem:  2008064
mem:  2009600
mem:  2042880
mem:  2038272
