SLURM_JOBID=5049525
SLURM_JOB_NODELIST=svl17
SLURM_NNODES=1
SLURMTMPDIR=
working directory = /viscam/projects/objectfolder_benchmark/benchmarks/Multi_Sensory_3D_Reconstruction/code/models/MDN
Start_idx:  65
mem:  1536
mem:  1923584
mem:  1924608
mem:  1910272
mem:  1921536
mem:  1913344
mem:  1930752
mem:  1932288
mem:  1921536
mem:  1925632
mem:  1921024
mem:  1932288
mem:  1930240
mem:  1922048
mem:  1933312
mem:  1942016
mem:  1939968
mem:  1937920
mem:  1939456
mem:  1944576
mem:  1949696
mem:  1947648
mem:  1949184
mem:  1956864
mem:  1958400
mem:  1944064
mem:  1961472
mem:  1963008
mem:  1958400
mem:  1940480
mem:  1928704
mem:  1969152
mem:  1951232
mem:  1958912
mem:  1971200
mem:  1959424
mem:  1973248
mem:  1975808
mem:  1967616
mem:  1969152
mem:  1973248
mem:  1980928
mem:  1944576
mem:  1958400
mem:  1989120
mem:  1955328
mem:  1988608
mem:  1977856
mem:  1989120
mem:  1973760
mem:  1998336
mem:  1984000
mem:  1998848
mem:  2002944
mem:  2004480
mem:  2003456
mem:  1949184
mem:  1976320
mem:  2004480
mem:  1976832
mem:  1988096
mem:  2015232
mem:  2007040
mem:  2018304
mem:  2016256
mem:  2008064
mem:  2009600
mem:  2008576
mem:  2019840
mem:  2023936
mem:  2003456
mem:  1985536
mem:  2022400
mem:  2021376
mem:  2019328
mem:  2027008
mem:  2038272
mem:  2007040
mem:  2041344
mem:  2023424
mem:  2034688
mem:  2010624
mem:  2024448
mem:  2042880
mem:  2034688
mem:  2022912
mem:  2024448
mem:  2039296
mem:  2054144
mem:  2048512
mem:  2030592
mem:  2041856
mem:  2062848
mem:  2060800
mem:  2040320
mem:  2067456
mem:  2059264
mem:  2054656
mem:  2069504
mem:  2057728
