SLURM_JOBID=5050375
SLURM_JOB_NODELIST=svl2
SLURM_NNODES=1
SLURMTMPDIR=
working directory = /viscam/projects/objectfolder_benchmark/benchmarks/Multi_Sensory_3D_Reconstruction/code/models/MDN
Start_idx:  967
mem:  1536
mem:  1907712
mem:  1912320
mem:  1916416
mem:  1908224
mem:  1925632
mem:  1918464
mem:  1909248
mem:  1898496
mem:  1925632
mem:  1911296
mem:  1918976
mem:  1914368
mem:  1918464
mem:  1920000
mem:  1909248
mem:  1936384
mem:  1944064
mem:  1916416
mem:  1940992
mem:  1942528
mem:  1937920
mem:  1949184
mem:  1927680
mem:  1919488
mem:  1950208
mem:  1942016
mem:  1949696
mem:  1954816
mem:  1956352
mem:  1967616
mem:  1949696
mem:  1964544
mem:  1968640
mem:  1961472
mem:  1955840
mem:  1947648
mem:  1962496
mem:  1967616
mem:  1975296
mem:  1982976
mem:  1968640
mem:  1960448
mem:  1955840
mem:  1989120
mem:  1968640
mem:  1986048
mem:  1968128
mem:  1989120
mem:  1977344
mem:  1994752
mem:  1993728
mem:  1985536
mem:  2002944
mem:  1978880
mem:  1993728
mem:  2007552
mem:  1999360
mem:  2000896
mem:  2002432
mem:  1974784
mem:  1995776
mem:  2010624
mem:  2014720
mem:  2019840
mem:  2001920
mem:  2013184
mem:  2014720
mem:  2000384
mem:  2017792
mem:  2016768
mem:  2011136
mem:  2022400
mem:  2031104
mem:  2032640
mem:  2033152
mem:  2012672
mem:  2037248
mem:  2037760
mem:  2033152
mem:  2024960
mem:  2010624
mem:  2041344
mem:  2023424
mem:  2021376
mem:  2039808
mem:  2043904
mem:  2055168
mem:  2037248
mem:  2044928
mem:  2053632
mem:  2035712
mem:  2043392
mem:  2022912
mem:  2053632
mem:  2063872
mem:  2053120
mem:  2031616
mem:  2042880
mem:  2060288
