SLURM_JOBID=5049821
SLURM_JOB_NODELIST=svl7
SLURM_NNODES=1
SLURMTMPDIR=
working directory = /viscam/projects/objectfolder_benchmark/benchmarks/Multi_Sensory_3D_Reconstruction/code/models/MDN
Start_idx:  375
mem:  1536
mem:  1890816
mem:  1889280
mem:  1894400
mem:  1902080
mem:  1900032
mem:  1901568
mem:  1916416
mem:  1904640
mem:  1919488
mem:  1933312
mem:  1903104
mem:  1927680
mem:  1915904
mem:  1920000
mem:  1925120
mem:  1943552
mem:  1937920
mem:  1946624
mem:  1925120
mem:  1946112
mem:  1928192
mem:  1939456
mem:  1927680
mem:  1942528
mem:  1944064
mem:  1961472
mem:  1943552
mem:  1935360
mem:  1936896
mem:  1957888
mem:  1939968
mem:  1951232
mem:  1972224
mem:  1957888
mem:  1942528
mem:  1954816
mem:  1974784
mem:  1970176
mem:  1955840
mem:  1982976
mem:  1958912
mem:  1963008
mem:  1952256
mem:  1959936
mem:  1965056
mem:  1956864
mem:  1958400
mem:  1991680
mem:  1977344
mem:  1966592
mem:  1976832
mem:  2001408
mem:  1989632
mem:  1961984
mem:  1999872
mem:  1978368
mem:  2006528
mem:  1985024
mem:  1973248
mem:  1984512
mem:  2012672
mem:  1977856
mem:  1986560
mem:  2000384
mem:  2021376
mem:  1987584
mem:  2002432
mem:  2012672
mem:  2001920
mem:  2009600
mem:  2024448
mem:  2006528
mem:  2017792
mem:  2012160
mem:  2017280
mem:  2005504
mem:  2007040
mem:  2038784
mem:  2040320
mem:  2015232
mem:  2020352
mem:  2041344
mem:  2023424
mem:  2027520
mem:  2022912
mem:  2020864
mem:  2022400
mem:  2024960
mem:  2026496
mem:  2053632
mem:  2049024
mem:  2027520
mem:  2029056
mem:  2034176
mem:  2028544
mem:  2043392
mem:  2051072
mem:  2065920
mem:  2054144
