SLURM_JOBID=5049832
SLURM_JOB_NODELIST=svl17
SLURM_NNODES=1
SLURMTMPDIR=
working directory = /viscam/projects/objectfolder_benchmark/benchmarks/Multi_Sensory_3D_Reconstruction/code/models/MDN
Start_idx:  384
mem:  1536
mem:  1901568
mem:  1882112
mem:  1900544
mem:  1902080
mem:  1929216
mem:  1901568
mem:  1926144
mem:  1908224
mem:  1906176
mem:  1885696
mem:  1926144
mem:  1930240
mem:  1912320
mem:  1874944
mem:  1909248
mem:  1914368
mem:  1922048
mem:  1920000
mem:  1931264
mem:  1913344
mem:  1934336
mem:  1920000
mem:  1925120
mem:  1909760
mem:  1921024
mem:  1903104
mem:  1904640
mem:  1929216
mem:  1940480
mem:  1942016
mem:  1937408
mem:  1951232
mem:  1939456
mem:  1954304
mem:  1952256
mem:  1967104
mem:  1962496
mem:  1960448
mem:  1936384
mem:  1976832
mem:  1984512
mem:  1966592
mem:  1958400
mem:  1946624
mem:  1957888
mem:  1978880
mem:  1958400
mem:  1995264
mem:  1957888
mem:  1965568
mem:  1960960
mem:  1943040
mem:  1977344
mem:  1971712
mem:  2006016
mem:  1978368
mem:  1993216
mem:  1994752
mem:  2002432
mem:  1984512
mem:  1947136
mem:  2010624
mem:  2018304
mem:  2010112
mem:  1963008
mem:  1970688
mem:  2012160
mem:  1987072
mem:  1969152
mem:  1990144
mem:  2030592
mem:  2032128
mem:  2011648
mem:  2019328
mem:  1997824
mem:  2009088
mem:  2010624
mem:  2015744
mem:  2036736
mem:  2028544
mem:  2010624
mem:  2041344
mem:  2010112
mem:  2027520
mem:  1993728
mem:  2028032
mem:  2029568
mem:  2050560
mem:  2052096
mem:  2024448
mem:  2022400
mem:  2062848
mem:  2031616
mem:  2030592
mem:  2038272
mem:  2043392
mem:  2060800
mem:  2030592
mem:  2034688
