SLURM_JOBID=5049902
SLURM_JOB_NODELIST=svl9
SLURM_NNODES=1
SLURMTMPDIR=
working directory = /viscam/projects/objectfolder_benchmark/benchmarks/Multi_Sensory_3D_Reconstruction/code/models/MDN
Start_idx:  474
mem:  1536
mem:  1923584
mem:  1924608
mem:  1916416
mem:  1927680
mem:  1919488
mem:  1930752
mem:  1899520
mem:  1930240
mem:  1929216
mem:  1936896
mem:  1928704
mem:  1939968
mem:  1941504
mem:  1929728
mem:  1944576
mem:  1932800
mem:  1937920
mem:  1946624
mem:  1940992
mem:  1949696
mem:  1941504
mem:  1945600
mem:  1956864
mem:  1958400
mem:  1940480
mem:  1957888
mem:  1904640
mem:  1941504
mem:  1966080
mem:  1954304
mem:  1943552
mem:  1960960
mem:  1969664
mem:  1967616
mem:  1972736
mem:  1918464
mem:  1978368
mem:  1976320
mem:  1965568
mem:  1982976
mem:  1962496
mem:  1982464
mem:  1975296
mem:  1944064
mem:  1968640
mem:  1992192
mem:  1993728
mem:  1989120
mem:  1994240
mem:  1998336
mem:  1974272
mem:  1995264
mem:  1987072
mem:  1981440
mem:  2006016
mem:  1997824
mem:  2006528
mem:  2000896
mem:  2012160
mem:  2000384
mem:  2001920
mem:  2003456
mem:  1989120
mem:  2016256
mem:  1989632
mem:  2022912
mem:  2020864
mem:  2025984
mem:  2027520
mem:  2006016
mem:  2030592
mem:  2028544
mem:  2020352
mem:  2019328
mem:  2033152
mem:  2035712
mem:  2033664
mem:  2035200
mem:  2033152
mem:  2022400
mem:  2030080
mem:  2044928
mem:  2025984
mem:  2050560
mem:  2036224
mem:  2031616
mem:  2035712
mem:  2040832
mem:  2058240
mem:  2043904
mem:  2035712
mem:  2059264
mem:  2064384
mem:  2059776
mem:  2057728
mem:  2068992
mem:  2066944
mem:  2030592
mem:  2067456
