SLURM_JOBID=5048927
SLURM_JOB_NODELIST=svl7
SLURM_NNODES=1
SLURMTMPDIR=
working directory = /viscam/projects/objectfolder_benchmark/benchmarks/Multi_Sensory_3D_Reconstruction/code/models/MDN
Start_idx:  21
mem:  1536
mem:  1890816
mem:  1895424
mem:  1896960
mem:  1882624
mem:  1884160
mem:  1908736
mem:  1918976
mem:  1933824
mem:  1931776
mem:  1927168
mem:  1928704
mem:  1908224
mem:  1919488
mem:  1936896
mem:  1934848
mem:  1914368
mem:  1918464
mem:  1933312
mem:  1947136
mem:  1942528
mem:  1944064
mem:  1949184
mem:  1937408
mem:  1942528
mem:  1959936
mem:  1961472
mem:  1933824
mem:  1954816
mem:  1936896
mem:  1948160
mem:  1959424
mem:  1964544
mem:  1962496
mem:  1971200
mem:  1971712
mem:  1951232
mem:  1945600
mem:  1973760
mem:  1981440
mem:  1960960
mem:  1981952
mem:  1979904
mem:  1981440
mem:  1986560
mem:  1987072
mem:  1966592
mem:  1987584
mem:  1985536
mem:  1990656
mem:  1995776
mem:  1996288
mem:  1975808
mem:  1999360
mem:  1994752
mem:  2002432
mem:  1978368
mem:  1989632
mem:  2004480
mem:  2002432
mem:  1988096
mem:  2005504
mem:  1975296
mem:  2004992
mem:  1994240
mem:  1998336
mem:  1997312
mem:  1975808
mem:  2025984
mem:  2001920
mem:  2003456
mem:  2024448
mem:  1996800
mem:  2017792
mem:  2015744
mem:  2013696
mem:  2032128
mem:  2036224
mem:  1999872
mem:  2039296
mem:  2034688
mem:  2016768
mem:  2015744
mem:  2042880
mem:  2031104
mem:  2045952
mem:  2053632
mem:  2023424
mem:  2056704
mem:  2048512
mem:  2046464
mem:  2039296
mem:  2043392
mem:  2044928
mem:  2043904
mem:  2061312
mem:  2065408
mem:  2054656
mem:  2046464
mem:  2048000
mem:  2068992
mem:  2031616
mem:  2035712
mem:  2027520
mem:  2071552
mem:  2037760
mem:  2006528
mem:  2079744
mem:  2077696
mem:  2057216
mem:  1983488
mem:  2043392
mem:  2044928
mem:  2059776
mem:  2045440
mem:  2059264
mem:  2064384
mem:  2056192
mem:  2060288
mem:  2053120
mem:  2063360
mem:  2068480
mem:  2048000
mem:  2075136
mem:  2070528
mem:  2062336
mem:  2040832
mem:  2106880
mem:  2086400
mem:  2084352
mem:  2088448
mem:  2067968
mem:  2088960
mem:  2096640
mem:  2082304
mem:  2099712
mem:  2087936
mem:  2054144
mem:  2055680
mem:  2122752
mem:  2130432
mem:  2083328
mem:  2120192
mem:  2079232
mem:  2087936
mem:  2085888
mem:  2116608
mem:  2137600
mem:  2113536
mem:  2079744
mem:  2106880
mem:  2114560
mem:  2109952
mem:  2088448
mem:  2115584
mem:  2124288
mem:  2106368
mem:  2084864
mem:  2074112
mem:  2165760
mem:  2108928
mem:  2100736
mem:  2137600
mem:  2094080
mem:  2128384
mem:  2120192
mem:  2147328
mem:  2142720
mem:  2128384
mem:  2106880
mem:  2137600
mem:  2164736
mem:  2123776
mem:  2136064
mem:  2137600
mem:  2125824
mem:  2152960
mem:  2144768
mem:  2143744
mem:  2151424
mem:  2152960
mem:  2154496
mem:  2188800
mem:  2199040
mem:  2188288
mem:  2172928
mem:  2123264
mem:  2138112
mem:  2168832
mem:  2108416
mem:  2158592
mem:  2156544
mem:  2164224
mem:  2195968
mem:  2203648
mem:  2140672
mem:  2167808
mem:  2185216
mem:  2170880
mem:  2191872
mem:  2180096
mem:  2179072
mem:  2222080
mem:  2191872
mem:  2192384
mem:  2201088
mem:  2214912
mem:  2213888
mem:  2241024
mem:  2223104
mem:  2244096
mem:  2206720
mem:  2247168
mem:  2209792
mem:  2250240
mem:  2212864
mem:  2233856
mem:  2252288
mem:  2256384
mem:  2238464
mem:  2226688
mem:  2238976
mem:  2233344
mem:  2244608
mem:  2220544
mem:  2267136
mem:  2223616
mem:  2260480
mem:  2268160
mem:  2244096
mem:  2271232
mem:  2237440
mem:  2223104
mem:  2247680
mem:  2235904
mem:  2243584
mem:  2241536
mem:  2263552
mem:  2257920
mem:  2259456
mem:  2254848
mem:  2258944
mem:  2241024
mem:  2269184
mem:  2264576
mem:  2297856
mem:  2266624
mem:  2298368
mem:  2267136
mem:  2229760
mem:  2270208
mem:  2242560
mem:  2266112
mem:  2268672
mem:  2289664
mem:  2287616
mem:  2305024
mem:  2287104
mem:  2243584
mem:  2280448
mem:  2291712
mem:  2293248
mem:  2294784
mem:  2286592
mem:  2284544
mem:  2276352
mem:  2310656
mem:  2331648
mem:  2288128
mem:  2315264
mem:  2303488
mem:  2334208
mem:  2310144
mem:  2298368
mem:  2316800
mem:  2314752
mem:  2329600
mem:  2334720
mem:  2296320
mem:  2327040
mem:  2351616
mem:  2347008
mem:  2338816
mem:  2314752
mem:  2332160
mem:  2323968
mem:  2344960
mem:  2339328
mem:  2344448
mem:  2330112
mem:  2360832
mem:  2368512
mem:  2350592
mem:  2352128
mem:  2331648
mem:  2349056
mem:  2327552
mem:  2342400
mem:  2350080
mem:  2332160
mem:  2349568
mem:  2383872
mem:  2369536
mem:  2341888
mem:  2388480
mem:  2377728
mem:  2368512
mem:  2357760
mem:  2352128
mem:  2347520
mem:  2381824
mem:  2383360
mem:  2384896
mem:  2386432
mem:  2384384
mem:  2399232
mem:  2365440
mem:  2375680
mem:  2394112
mem:  2411520
mem:  2397184
mem:  2398720
mem:  2409984
mem:  2359296
mem:  2399744
mem:  2411008
mem:  2408960
mem:  2400768
mem:  2421760
mem:  2417152
mem:  2412544
mem:  2384896
mem:  2415616
mem:  2390528
mem:  2424832
mem:  2397184
mem:  2418176
mem:  2426880
mem:  2401792
mem:  2409472
mem:  2398720
mem:  2442752
mem:  2392064
mem:  2403328
mem:  2411008
mem:  2441728
mem:  2401792
mem:  2450944
mem:  2449920
mem:  2432000
mem:  2439680
mem:  2454528
mem:  2426880
mem:  2454016
mem:  2451968
mem:  2418176
mem:  2456064
mem:  2450432
mem:  2455552
mem:  2463232
mem:  2468352
mem:  2473472
mem:  2442240
mem:  2434048
mem:  2477056
mem:  2476032
mem:  2422784
mem:  2426880
mem:  2477056
mem:  2462720
mem:  2458112
mem:  2449920
mem:  2438144
mem:  2471424
mem:  2489856
mem:  2458624
mem:  2489344
mem:  2484736
mem:  2492416
mem:  2497536
mem:  2492928
mem:  2504192
mem:  2446336
mem:  2507264
mem:  2478592
mem:  2444800
mem:  2481664
mem:  2515968
mem:  2514944
mem:  2489856
mem:  2514432
mem:  2519552
mem:  2498048
mem:  2483712
mem:  2491392
mem:  2499072
mem:  2526208
mem:  2486272
mem:  2526720
mem:  2512384
mem:  2516480
mem:  2504704
mem:  2529280
mem:  2489344
mem:  2481152
mem:  2518016
mem:  2519552
mem:  2524672
mem:  2548224
mem:  2491392
mem:  2506240
mem:  2504192
mem:  2511872
mem:  2540032
mem:  2544128
mem:  2527232
mem:  2527744
mem:  2513408
mem:  2553856
mem:  2539520
mem:  2527744
mem:  2548736
mem:  2499072
mem:  2520064
mem:  2547200
mem:  2496512
mem:  2517504
mem:  2534912
mem:  2549760
mem:  2525696
mem:  2536960
mem:  2532352
mem:  2553344
mem:  2534400
mem:  2549248
mem:  2556928
mem:  2548736
mem:  2576896
mem:  2542080
mem:  2564096
mem:  2564608
mem:  2524672
mem:  2590720
mem:  2563072
mem:  2548736
mem:  2550272
mem:  2565120
mem:  2569216
mem:  2577920
mem:  2562560
mem:  2596864
mem:  2585088
mem:  2609664
mem:  2578432
mem:  2554368
mem:  2565632
mem:  2596352
mem:  2578432
mem:  2586112
mem:  2562048
mem:  2612224
mem:  2551808
mem:  2611712
mem:  2607104
mem:  2614784
mem:  2600448
mem:  2578944
mem:  2619392
mem:  2591744
mem:  2600448
mem:  2614272
mem:  2638848
mem:  2636800
mem:  2573824
mem:  2636288
mem:  2570752
mem:  2629632
mem:  2595840
mem:  2591232
mem:  2634240
mem:  2594304
mem:  2644480
mem:  2642432
mem:  2634240
mem:  2635776
mem:  2650624
mem:  2622976
mem:  2647552
mem:  2616320
mem:  2650624
mem:  2584064
mem:  2624512
mem:  2657792
mem:  2639872
mem:  2664448
mem:  2662400
mem:  2683392
mem:  2684928
mem:  2654720
mem:  2627072
mem:  2634752
mem:  2649600
mem:  2657280
mem:  2694144
mem:  2682368
mem:  2668032
mem:  2653696
mem:  2655232
mem:  2699264
mem:  2660864
mem:  2662400
mem:  2664960
mem:  2705408
mem:  2706944
mem:  2695168
mem:  2663936
mem:  2659328
mem:  2712064
mem:  2711040
mem:  2650624
mem:  2684928
mem:  2686464
mem:  2688000
mem:  2683392
mem:  2704384
mem:  2686464
mem:  2729472
mem:  2692096
mem:  2697216
mem:  2731520
mem:  2723328
mem:  2711552
mem:  2690048
mem:  2730496
mem:  2718720
mem:  2694656
mem:  2709504
mem:  2720768
mem:  2738176
mem:  2700800
mem:  2728960
mem:  2726912
mem:  2679808
mem:  2726400
mem:  2689024
mem:  2729472
mem:  2721280
mem:  2719232
mem:  2759680
mem:  2716160
mem:  2760192
mem:  2715648
mem:  2740224
mem:  2729472
mem:  2743296
mem:  2738688
mem:  2743808
mem:  2732032
mem:  2739712
mem:  2754560
mem:  2768384
mem:  2761216
mem:  2749440
mem:  2737664
mem:  2764800
mem:  2738176
mem:  2777600
mem:  2769408
mem:  2774528
mem:  2776064
mem:  2777600
mem:  2743808
mem:  2790400
mem:  2756608
mem:  2732544
mem:  2763264
mem:  2757632
mem:  2807808
mem:  2760704
mem:  2801152
mem:  2777088
mem:  2765312
mem:  2796032
mem:  2803712
mem:  2785792
mem:  2775040
mem:  2782720
mem:  2797568
mem:  2779648
mem:  2771456
mem:  2818048
mem:  2803712
mem:  2828288
mem:  2781184
mem:  2801152
mem:  2822144
mem:  2830848
mem:  2825216
mem:  2830336
mem:  2790400
mem:  2811392
mem:  2792448
mem:  2756096
mem:  2792960
mem:  2781184
mem:  2776576
mem:  2774528
mem:  2769920
mem:  2793472
mem:  2856960
mem:  2796544
mem:  2821120
mem:  2816512
mem:  2769408
mem:  2806272
mem:  2791936
mem:  2803200
mem:  2817024
mem:  2792960
mem:  2800640
mem:  2841088
mem:  2810880
mem:  2808832
mem:  2823680
mem:  2808320
mem:  2797568
mem:  2808832
mem:  2812928
mem:  2831360
mem:  2839040
mem:  2821120
mem:  2816512
mem:  2820608
mem:  2864640
mem:  2827264
mem:  2848256
mem:  2859520
mem:  2861056
mem:  2820096
mem:  2819072
mem:  2875392
mem:  2854912
mem:  2846720
mem:  2864128
mem:  2848768
mem:  2824704
mem:  2874880
mem:  2850816
mem:  2848768
mem:  2889216
mem:  2919936
mem:  2853376
mem:  2923008
mem:  2862592
mem:  2861568
mem:  2856960
mem:  2884096
mem:  2869760
mem:  2864128
mem:  2853376
mem:  2884096
mem:  2901504
mem:  2876416
mem:  2871808
mem:  2935296
mem:  2868736
mem:  2870272
mem:  2865664
mem:  2883072
mem:  2888192
mem:  2876416
mem:  2893824
mem:  2902528
mem:  2893312
mem:  2898432
mem:  2899968
mem:  2885632
mem:  2903040
mem:  2908160
mem:  2893824
mem:  2907648
mem:  2922496
mem:  2904576
mem:  2915840
mem:  2913792
mem:  2925056
mem:  2920448
mem:  2898944
mem:  2919936
mem:  2938368
mem:  2897408
mem:  2924544
mem:  2922496
mem:  2985984
mem:  2896384
mem:  2911232
mem:  2926080
mem:  2937344
mem:  2919424
mem:  2936832
mem:  2935808
mem:  2953216
mem:  2997248
mem:  2985472
mem:  2967552
mem:  3000832
mem:  2970624
mem:  2994176
mem:  2983424
mem:  2991104
mem:  2998784
mem:  3013632
mem:  2995712
mem:  2977792
mem:  2998784
mem:  2994176
mem:  2992128
mem:  3016704
mem:  3014656
mem:  3000320
mem:  3011584
mem:  2999808
mem:  3024384
mem:  3028480
mem:  3030016
mem:  3009536
mem:  3024384
mem:  3038208
mem:  3039744
mem:  3031552
mem:  3042816
mem:  3044352
mem:  3026432
mem:  3043840
mem:  3019776
mem:  3031040
mem:  3036160
mem:  3053568
mem:  3048960
mem:  3037184
mem:  3058176
mem:  3040256
mem:  3022336
mem:  3050496
mem:  3054592
mem:  3065856
mem:  3045376
mem:  3043328
mem:  3060736
mem:  3065856
mem:  3073536
mem:  3075072
mem:  3064320
mem:  3074560
mem:  3056640
mem:  3078656
mem:  3076608
mem:  3055104
mem:  3085824
mem:  3087360
mem:  3088896
mem:  3051520
mem:  3056640
mem:  3067904
mem:  3095040
mem:  3054080
mem:  3084800
mem:  3097088
mem:  3088896
mem:  3089408
mem:  3088384
mem:  3099648
mem:  3074560
mem:  3108864
mem:  3100672
mem:  3069440
mem:  3081728
mem:  3105280
mem:  3100672
mem:  3108352
mem:  3100160
mem:  3118592
mem:  3112960
mem:  3120640
mem:  3122176
mem:  3091968
mem:  3122688
mem:  3091456
mem:  3125760
mem:  3123712
mem:  3111936
mem:  3120640
mem:  3135488
mem:  3106816
mem:  3092480
mem:  3117056
mem:  3130880
mem:  3100672
mem:  3121664
mem:  3132928
mem:  3144192
mem:  3083776
mem:  3091456
mem:  3116032
mem:  3130880
mem:  3112960
mem:  3107328
mem:  3112448
mem:  3162624
mem:  3141120
mem:  3104768
mem:  3108864
mem:  3110400
mem:  3166720
mem:  3130368
mem:  3118592
mem:  3126272
mem:  3102208
mem:  3113472
mem:  3160064
mem:  3132416
mem:  3163136
mem:  3125760
mem:  3121152
mem:  3144704
mem:  3126784
mem:  3157504
mem:  3169792
mem:  3128832
mem:  3179008
mem:  3164672
mem:  3145728
mem:  3144704
mem:  3132928
mem:  3153920
mem:  3165184
mem:  3173888
mem:  3142656
mem:  3146752
mem:  3151872
mem:  3140096
mem:  3164672
mem:  3189248
mem:  3164160
mem:  3182592
mem:  3174400
mem:  3188224
mem:  3164160
mem:  3201024
mem:  3192832
mem:  3168768
mem:  3189760
mem:  3204608
mem:  3179520
mem:  3227136
mem:  3192320
mem:  3210752
mem:  3218432
mem:  3204096
mem:  3205632
mem:  3207168
mem:  3211264
mem:  3200512
mem:  3237376
mem:  3200000
mem:  3195392
mem:  3187200
mem:  3239936
mem:  3202560
mem:  3217408
mem:  3215360
mem:  3239936
mem:  3192832
mem:  3229696
mem:  3248128
mem:  3226624
mem:  3222016
mem:  3233280
mem:  3209216
mem:  3223040
mem:  3234304
mem:  3261440
mem:  3233792
mem:  3223040
mem:  3227136
mem:  3228672
mem:  3239936
mem:  3264512
mem:  3246592
mem:  3241984
mem:  3253248
mem:  3238912
mem:  3233280
mem:  3277312
mem:  3271680
mem:  3276800
mem:  3243008
mem:  3234816
mem:  3284992
mem:  3276800
mem:  3226112
mem:  3279872
mem:  3291136
mem:  3282944
mem:  3300352
mem:  3301888
mem:  3260928
mem:  3272192
mem:  3267584
mem:  3298304
mem:  3297280
mem:  3291648
mem:  3279872
mem:  3288576
mem:  3290112
mem:  3272192
mem:  3302912
mem:  3300864
mem:  3298816
mem:  3326976
mem:  3318784
mem:  3333632
mem:  3308544
mem:  3294208
mem:  3340800
mem:  3329024
mem:  3281920
mem:  3310080
mem:  3327488
mem:  3329024
mem:  3340288
mem:  3302912
mem:  3311616
mem:  3348480
mem:  3336704
mem:  3338240
mem:  3359232
mem:  3354624
mem:  3330560
mem:  3357696
mem:  3365376
mem:  3315712
mem:  3339264
mem:  3328512
mem:  3355648
mem:  3351040
mem:  3348992
mem:  3346944
mem:  3322880
mem:  3346432
mem:  3335680
mem:  3362816
mem:  3383808
mem:  3379200
mem:  3357696
mem:  3382272
mem:  3351040
mem:  3362304
mem:  3393024
mem:  3362816
mem:  3380224
mem:  3352576
mem:  3389440
mem:  3397120
mem:  3402240
mem:  3355136
mem:  3405312
mem:  3404288
mem:  3382784
mem:  3403776
mem:  3378688
mem:  3403264
mem:  3372032
mem:  3390464
mem:  3414016
mem:  3415552
mem:  3381760
mem:  3396608
mem:  3388416
mem:  3405824
mem:  3391488
mem:  3425792
mem:  3414016
mem:  3425280
mem:  3394048
mem:  3430912
mem:  3400704
mem:  3418112
mem:  3439104
mem:  3411456
mem:  3393536
mem:  3441152
mem:  3432960
mem:  3440640
mem:  3432448
mem:  3446272
mem:  3438080
mem:  3427328
mem:  3422720
mem:  3436544
