SLURM_JOBID=5050380
SLURM_JOB_NODELIST=svl3
SLURM_NNODES=1
SLURMTMPDIR=
working directory = /viscam/projects/objectfolder_benchmark/benchmarks/Multi_Sensory_3D_Reconstruction/code/models/MDN
Start_idx:  971
mem:  1536
mem:  1917440
mem:  1924608
mem:  1923584
mem:  1927680
mem:  1929216
mem:  1930752
mem:  1929728
mem:  1931264
mem:  1935360
mem:  1934336
mem:  1935872
mem:  1936384
mem:  1938944
mem:  1940480
mem:  1940992
mem:  1946112
mem:  1947648
mem:  1949184
mem:  1950720
mem:  1952256
mem:  1953792
mem:  1952768
mem:  1956864
mem:  1955840
mem:  1959936
mem:  1961472
mem:  1963008
mem:  1964544
mem:  1963520
mem:  1967616
mem:  1969152
mem:  1970688
mem:  1972224
mem:  1973760
mem:  1969152
mem:  1976832
mem:  1978368
mem:  1979904
mem:  1981440
mem:  1982976
mem:  1984512
mem:  1983488
mem:  1987584
mem:  1989120
mem:  1990656
mem:  1992192
mem:  1990144
mem:  1995264
mem:  1996800
mem:  1995776
mem:  1999872
mem:  2001408
mem:  2002944
mem:  2001920
mem:  2006016
mem:  2007552
mem:  2006528
mem:  2010624
mem:  2012160
mem:  2011136
mem:  2015232
mem:  2014208
mem:  2018304
mem:  2019840
mem:  2021376
mem:  2016768
mem:  2024448
mem:  2025984
mem:  2027520
mem:  2025472
mem:  2030592
mem:  2029568
mem:  2033664
mem:  2035200
mem:  2036736
mem:  2034688
mem:  2039808
mem:  2038784
mem:  2042880
mem:  2044416
mem:  2043392
mem:  2047488
mem:  2049024
mem:  2050560
mem:  2052096
mem:  2053632
mem:  2055168
mem:  2056704
mem:  2058240
mem:  2059776
mem:  2061312
mem:  2062848
mem:  2061824
mem:  2065920
mem:  2064896
mem:  2062848
mem:  2070528
mem:  2068480
mem:  2071040
