SLURM_JOBID=5050001
SLURM_JOB_NODELIST=svl12
SLURM_NNODES=1
SLURMTMPDIR=
working directory = /viscam/projects/objectfolder_benchmark/benchmarks/Multi_Sensory_3D_Reconstruction/code/models/MDN
Start_idx:  582
mem:  1536
mem:  1890816
mem:  1889280
mem:  1881088
mem:  1875456
mem:  1897472
mem:  1899008
mem:  1889792
mem:  1888768
mem:  1902592
mem:  1913856
mem:  1870336
mem:  1868288
mem:  1935360
mem:  1907712
mem:  1931264
mem:  1916928
mem:  1914880
mem:  1935872
mem:  1921536
mem:  1926656
mem:  1912320
mem:  1881088
mem:  1908224
mem:  1896448
mem:  1934336
mem:  1899520
mem:  1924096
mem:  1945088
mem:  1933312
mem:  1928704
mem:  1946112
mem:  1909760
mem:  1907712
mem:  1944576
mem:  1926656
mem:  1941504
mem:  1939456
mem:  1908224
mem:  1955840
mem:  1967104
mem:  1945600
mem:  1953280
mem:  1945088
mem:  1950208
mem:  1961472
mem:  1949696
mem:  1954816
mem:  1966080
mem:  1967616
mem:  1956864
mem:  1968128
mem:  1933312
mem:  1957888
mem:  1963008
mem:  1967104
mem:  1943040
mem:  1950720
mem:  1988608
mem:  1979392
mem:  1972224
mem:  1993216
mem:  1987584
mem:  1989120
mem:  1994240
mem:  1986048
mem:  1968128
mem:  2001408
mem:  1990656
mem:  1982464
mem:  1967104
mem:  2014720
mem:  1996800
mem:  2023936
mem:  1986560
mem:  2004992
mem:  2009088
mem:  1991168
mem:  1973248
mem:  2013696
mem:  1992192
mem:  2016768
mem:  1985536
mem:  2023424
mem:  2021376
mem:  2026496
mem:  2008576
mem:  2010112
mem:  2001920
mem:  1999872
mem:  2056192
mem:  2028544
mem:  2049536
mem:  2025472
mem:  2042880
mem:  2038272
mem:  2036224
mem:  2021888
mem:  2040320
mem:  2044416
