SLURM_JOBID=5049971
SLURM_JOB_NODELIST=svl9
SLURM_NNODES=1
SLURMTMPDIR=
working directory = /viscam/projects/objectfolder_benchmark/benchmarks/Multi_Sensory_3D_Reconstruction/code/models/MDN
Start_idx:  556
mem:  1536
mem:  1874944
mem:  1902592
mem:  1904128
mem:  1892352
mem:  1884160
mem:  1895424
mem:  1896960
mem:  1908224
mem:  1923072
mem:  1905152
mem:  1938432
mem:  1926656
mem:  1906176
mem:  1890816
mem:  1892352
mem:  1901056
mem:  1928192
mem:  1949184
mem:  1928704
mem:  1939968
mem:  1905152
mem:  1929728
mem:  1927680
mem:  1926656
mem:  1907712
mem:  1920000
mem:  1908224
mem:  1938944
mem:  1923584
mem:  1948160
mem:  1927680
mem:  1948672
mem:  1923584
mem:  1915392
mem:  1965568
mem:  1924608
mem:  1958912
mem:  1960448
mem:  1952256
mem:  1982976
mem:  1984512
mem:  1970176
mem:  1938944
mem:  1985536
mem:  1961472
mem:  1986048
mem:  1993728
mem:  1963520
mem:  1987072
mem:  1994752
mem:  1986560
mem:  1956352
mem:  2002944
mem:  2000896
mem:  1954816
mem:  1988096
mem:  1993216
mem:  2010624
mem:  1976832
mem:  1984512
mem:  1995776
mem:  1981440
mem:  1982976
mem:  1990656
mem:  2015232
mem:  1997312
mem:  1998848
mem:  1980928
mem:  1972736
mem:  2003456
mem:  2014720
mem:  2025984
mem:  2014208
mem:  1996288
mem:  2007552
mem:  2016256
mem:  2000896
mem:  2019328
mem:  2023424
mem:  2032128
mem:  2016768
mem:  2015744
mem:  2042880
mem:  2024960
mem:  2003456
mem:  2037760
mem:  2000384
mem:  2027520
mem:  2032640
mem:  2053632
mem:  2045440
mem:  2023936
mem:  2058240
mem:  2043904
mem:  2038272
mem:  2033664
mem:  2058240
mem:  2039296
mem:  2034688
