SLURM_JOBID=5049729
SLURM_JOB_NODELIST=svl5
SLURM_NNODES=1
SLURMTMPDIR=
working directory = /viscam/projects/objectfolder_benchmark/benchmarks/Multi_Sensory_3D_Reconstruction/code/models/MDN
Start_idx:  272
mem:  1536
mem:  1920000
mem:  1924608
mem:  1926144
mem:  1921536
mem:  1925632
mem:  1930752
mem:  1928704
mem:  1924096
mem:  1935360
mem:  1901568
mem:  1938432
mem:  1939968
mem:  1931776
mem:  1917440
mem:  1938432
mem:  1926656
mem:  1924608
mem:  1935872
mem:  1938432
mem:  1952256
mem:  1947648
mem:  1955328
mem:  1943552
mem:  1958400
mem:  1936896
mem:  1935872
mem:  1949696
mem:  1941504
mem:  1940480
mem:  1967616
mem:  1965568
mem:  1964544
mem:  1952768
mem:  1964032
mem:  1971712
mem:  1976832
mem:  1972224
mem:  1979904
mem:  1981440
mem:  1969664
mem:  1978368
mem:  1976320
mem:  1968128
mem:  1985536
mem:  1990656
mem:  1976320
mem:  1990144
mem:  1991680
mem:  1996800
mem:  1982464
mem:  1990144
mem:  1998848
mem:  1977344
mem:  2004480
mem:  2002432
mem:  1991680
mem:  2009088
mem:  2010624
mem:  1999872
mem:  2007552
mem:  1982464
mem:  1975296
mem:  2012160
mem:  2013696
mem:  2005504
mem:  1993728
mem:  2014720
mem:  2025984
mem:  2027520
mem:  1997312
mem:  2030592
mem:  2032128
mem:  1998336
mem:  2022912
mem:  2036736
mem:  2025984
mem:  2014208
mem:  2035200
mem:  2036736
mem:  2044416
mem:  2045952
mem:  2043904
mem:  2042880
mem:  2046976
mem:  2052096
mem:  2053632
mem:  2032128
mem:  2040832
mem:  2035200
mem:  2059776
mem:  2048000
mem:  2053120
mem:  2051072
mem:  2059776
mem:  2054144
mem:  2043392
mem:  2060800
mem:  2068480
mem:  2071040
