SLURM_JOBID=5050264
SLURM_JOB_NODELIST=svl17
SLURM_NNODES=1
SLURMTMPDIR=
working directory = /viscam/projects/objectfolder_benchmark/benchmarks/Multi_Sensory_3D_Reconstruction/code/models/MDN
Start_idx:  876
mem:  1536
mem:  1904128
mem:  1924608
mem:  1904128
mem:  1911808
mem:  1915904
mem:  1897984
mem:  1903104
mem:  1917952
mem:  1935360
mem:  1913856
mem:  1938432
mem:  1939968
mem:  1896448
mem:  1884672
mem:  1909248
mem:  1907200
mem:  1925632
mem:  1910272
mem:  1921536
mem:  1946112
mem:  1931776
mem:  1939456
mem:  1914368
mem:  1909760
mem:  1934336
mem:  1932288
mem:  1927680
mem:  1919488
mem:  1966080
mem:  1938432
mem:  1956864
mem:  1922048
mem:  1943040
mem:  1931264
mem:  1975296
mem:  1928192
mem:  1952768
mem:  1976320
mem:  1981440
mem:  1982976
mem:  1926144
mem:  1924096
mem:  1987584
mem:  1979392
mem:  1958912
mem:  1992192
mem:  1932800
mem:  1975808
mem:  1945600
mem:  1947136
mem:  1980416
mem:  1981952
mem:  1999360
mem:  1959424
mem:  1960960
mem:  2007552
mem:  1970176
mem:  1988608
mem:  1976832
mem:  1978368
mem:  2015232
mem:  2007040
mem:  1998848
mem:  1990656
mem:  1998336
mem:  2010624
mem:  2014720
mem:  2016256
mem:  2024960
mem:  2016768
mem:  1988096
mem:  2025984
mem:  2030080
mem:  2022912
mem:  2017280
mem:  2022400
mem:  2027520
mem:  2025472
mem:  2040320
mem:  2024960
mem:  2007040
mem:  2041344
mem:  2007552
mem:  2021376
mem:  2048512
mem:  2037760
mem:  2029568
mem:  2056704
mem:  2052096
mem:  2047488
mem:  2058752
mem:  2060288
mem:  2029056
mem:  2056192
mem:  2034688
mem:  2062848
mem:  2066944
mem:  2049024
mem:  2044416
