SLURM_JOBID=5049148
SLURM_JOB_NODELIST=svl2
SLURM_NNODES=1
SLURMTMPDIR=
working directory = /viscam/projects/objectfolder_benchmark/benchmarks/Multi_Sensory_3D_Reconstruction/code/models/MDN
Start_idx:  31
mem:  1536
mem:  1923584
mem:  1921024
mem:  1890816
mem:  1924096
mem:  1929216
mem:  1869824
mem:  1932288
mem:  1933824
mem:  1876992
mem:  1934336
mem:  1932288
mem:  1926656
mem:  1935360
mem:  1933312
mem:  1934848
mem:  1930240
mem:  1908736
mem:  1943040
mem:  1940992
mem:  1942528
mem:  1944064
mem:  1916416
mem:  1953280
mem:  1938944
mem:  1957376
mem:  1942016
mem:  1963008
mem:  1960960
mem:  1921024
mem:  1965056
mem:  1955840
mem:  1970688
mem:  1911296
mem:  1954304
mem:  1969152
mem:  1928192
mem:  1978368
mem:  1960448
mem:  1975296
mem:  1979392
mem:  1984512
mem:  1960448
mem:  1971712
mem:  1969664
mem:  1958912
mem:  1960448
mem:  1993728
mem:  1995264
mem:  1996800
mem:  1975296
mem:  1997312
mem:  1985536
mem:  1977344
mem:  1994752
mem:  2002432
mem:  2004992
mem:  1996800
mem:  1994752
mem:  1992704
mem:  1990656
mem:  1954304
mem:  2007040
mem:  2014720
mem:  2019840
mem:  2015232
mem:  2013184
mem:  2021888
mem:  2023424
mem:  1988608
mem:  2029056
mem:  2004992
mem:  2012672
mem:  2023936
mem:  2019328
mem:  1994240
mem:  2035712
mem:  2014208
mem:  2025472
mem:  2042880
mem:  2024960
mem:  2030080
mem:  2015744
mem:  2029568
mem:  2037248
mem:  2052096
mem:  2047488
mem:  2052608
mem:  2050560
mem:  2055680
mem:  2057216
mem:  2051584
mem:  2062848
mem:  2051072
mem:  2050048
mem:  2061312
mem:  2039808
mem:  2070528
mem:  2069504
mem:  2057728
mem:  2033664
mem:  2057216
mem:  2042880
mem:  2067456
mem:  2058240
mem:  2034176
mem:  2062336
mem:  2062848
mem:  2054656
mem:  2057216
mem:  2048000
mem:  2072576
mem:  2067968
mem:  2069504
mem:  2077184
mem:  2072576
mem:  2087424
mem:  2072064
mem:  2067456
mem:  2104320
mem:  2089984
mem:  2072064
mem:  2057728
mem:  2071552
mem:  2040320
mem:  2058752
mem:  2093056
mem:  2091008
mem:  2092544
mem:  2087936
mem:  2098176
mem:  2064384
mem:  2102272
mem:  2086912
mem:  2095616
mem:  2099712
mem:  2088960
mem:  2102784
mem:  2084864
mem:  2105856
mem:  2113536
mem:  2128384
mem:  2097152
mem:  2141184
mem:  2084352
mem:  2102784
mem:  2114048
mem:  2118144
mem:  2113536
mem:  2078720
mem:  2119168
mem:  2137600
mem:  2116096
mem:  2140672
mem:  2148352
mem:  2124288
mem:  2118656
mem:  2137088
mem:  2132480
mem:  2149888
mem:  2135552
mem:  2152960
mem:  2098688
mem:  2117120
mem:  2131968
mem:  2155520
mem:  2160640
mem:  2119680
mem:  2137088
mem:  2138624
mem:  2157056
mem:  2139136
mem:  2127360
mem:  2128896
mem:  2149888
mem:  2145280
mem:  2160128
mem:  2144768
mem:  2142720
mem:  2147840
mem:  2176000
mem:  2166784
mem:  2181632
mem:  2161152
mem:  2181120
mem:  2180096
mem:  2171904
mem:  2169856
mem:  2165248
mem:  2186240
mem:  2155008
mem:  2195456
mem:  2167808
mem:  2157056
mem:  2180608
mem:  2176000
mem:  2181120
mem:  2162176
mem:  2200064
mem:  2198016
mem:  2199552
mem:  2185216
mem:  2150400
mem:  2174976
mem:  2150912
mem:  2185216
mem:  2183168
mem:  2155520
mem:  2160640
mem:  2174464
mem:  2205184
mem:  2220032
mem:  2169344
mem:  2190336
mem:  2182144
mem:  2158080
mem:  2198528
mem:  2186752
mem:  2188288
mem:  2193408
mem:  2197504
mem:  2237952
mem:  2204160
mem:  2202112
mem:  2201088
mem:  2208768
mem:  2216448
mem:  2209280
mem:  2209792
mem:  2224640
mem:  2190848
mem:  2273792
mem:  2226688
mem:  2275840
mem:  2280960
mem:  2227712
mem:  2225664
mem:  2252800
mem:  2209280
mem:  2240000
mem:  2225664
mem:  2184704
mem:  2225152
mem:  2224128
mem:  2224640
mem:  2249216
mem:  2241024
mem:  2252288
mem:  2298880
mem:  2235904
mem:  2227712
mem:  2223104
mem:  2257408
mem:  2306560
mem:  2231296
mem:  2245120
mem:  2275840
mem:  2304000
mem:  2285056
mem:  2277888
mem:  2281984
mem:  2279936
mem:  2281472
mem:  2267136
mem:  2252800
mem:  2244608
mem:  2288640
mem:  2267136
mem:  2333184
mem:  2253312
mem:  2238976
mem:  2276864
mem:  2265088
mem:  2279936
mem:  2303488
mem:  2269696
mem:  2284544
mem:  2272768
mem:  2274304
mem:  2269696
mem:  2257920
mem:  2282496
mem:  2303488
mem:  2317312
mem:  2315264
mem:  2291200
mem:  2315776
mem:  2288128
mem:  2305536
mem:  2313216
mem:  2286592
mem:  2313728
mem:  2299392
mem:  2326528
mem:  2334208
mem:  2319872
mem:  2334720
mem:  2344960
mem:  2365952
mem:  2302976
mem:  2317824
mem:  2335232
mem:  2365952
mem:  2338304
mem:  2343424
mem:  2335232
mem:  2342912
mem:  2338304
mem:  2353152
mem:  2312192
mem:  2381824
mem:  2327552
mem:  2369024
mem:  2369536
mem:  2361344
mem:  2356736
mem:  2374144
mem:  2385408
mem:  2406400
mem:  2372608
mem:  2377728
mem:  2373120
mem:  2386944
mem:  2388480
mem:  2390016
mem:  2401280
mem:  2380800
mem:  2411520
mem:  2360832
mem:  2426880
mem:  2415104
mem:  2391040
mem:  2398720
mem:  2381824
mem:  2395648
mem:  2410496
mem:  2421760
mem:  2384384
mem:  2440704
mem:  2397184
mem:  2404864
mem:  2403840
mem:  2405376
mem:  2426368
mem:  2372096
mem:  2393088
mem:  2382336
mem:  2432512
mem:  2385408
mem:  2418688
mem:  2358272
mem:  2409472
mem:  2456064
mem:  2395648
mem:  2432512
mem:  2431488
mem:  2445312
mem:  2440704
mem:  2467840
mem:  2414592
mem:  2464768
mem:  2450432
mem:  2409472
mem:  2456064
mem:  2445312
mem:  2462720
mem:  2425344
mem:  2452480
mem:  2486784
mem:  2468864
mem:  2438656
mem:  2465792
mem:  2463744
mem:  2459136
mem:  2444800
mem:  2465792
mem:  2469888
mem:  2475008
mem:  2480128
mem:  2503680
mem:  2462720
mem:  2467840
mem:  2465792
mem:  2506240
mem:  2498048
mem:  2458112
mem:  2443776
mem:  2461184
mem:  2484736
mem:  2476544
mem:  2471936
mem:  2489344
mem:  2449408
mem:  2503168
mem:  2491392
mem:  2479616
mem:  2507776
mem:  2472960
mem:  2497536
mem:  2508800
mem:  2512896
mem:  2486272
mem:  2519552
mem:  2505216
mem:  2542080
mem:  2524160
mem:  2542592
mem:  2543104
mem:  2519040
mem:  2547200
mem:  2528256
mem:  2533376
mem:  2541056
mem:  2546176
mem:  2557440
mem:  2552832
mem:  2502144
mem:  2546176
mem:  2551296
mem:  2555392
mem:  2560512
mem:  2539008
mem:  2560000
mem:  2557952
mem:  2553344
mem:  2558464
mem:  2524672
mem:  2574848
mem:  2572800
mem:  2570752
mem:  2558976
mem:  2571264
mem:  2585088
mem:  2551296
mem:  2574848
mem:  2583552
mem:  2555904
mem:  2553856
mem:  2574848
mem:  2564096
mem:  2548736
mem:  2595328
mem:  2580992
mem:  2582528
mem:  2597376
mem:  2601472
mem:  2596864
mem:  2592256
mem:  2606080
mem:  2588160
mem:  2571264
mem:  2582528
mem:  2603520
mem:  2611200
mem:  2618880
mem:  2610688
mem:  2612224
mem:  2617344
mem:  2609152
mem:  2593792
mem:  2608640
mem:  2613760
mem:  2631168
mem:  2597376
mem:  2620928
mem:  2622464
mem:  2637312
mem:  2609664
mem:  2611200
mem:  2626048
mem:  2598400
mem:  2638848
mem:  2640384
mem:  2628608
mem:  2633728
mem:  2644992
mem:  2640384
mem:  2648064
mem:  2624000
mem:  2647552
mem:  2639360
mem:  2647040
mem:  2636288
mem:  2647552
mem:  2641920
mem:  2617856
mem:  2664448
mem:  2647552
mem:  2619904
mem:  2656768
mem:  2668032
mem:  2669568
mem:  2677248
mem:  2662912
mem:  2664448
mem:  2658816
mem:  2679808
mem:  2671616
mem:  2680320
mem:  2646528
mem:  2654208
mem:  2681344
mem:  2643968
mem:  2680832
mem:  2672640
mem:  2664448
mem:  2682880
mem:  2680832
mem:  2676224
mem:  2664448
mem:  2656256
mem:  2700288
mem:  2659328
mem:  2687488
mem:  2679296
mem:  2686976
mem:  2694656
mem:  2683904
mem:  2701312
mem:  2699264
mem:  2717696
mem:  2712064
mem:  2694144
mem:  2685952
mem:  2706944
mem:  2714624
mem:  2694144
mem:  2721280
mem:  2697216
mem:  2708480
mem:  2712576
mem:  2721280
mem:  2719232
mem:  2697728
mem:  2732032
mem:  2737152
mem:  2738688
mem:  2720768
mem:  2724864
mem:  2710528
mem:  2709504
mem:  2730496
mem:  2734592
mem:  2752000
mem:  2741248
mem:  2739200
mem:  2727424
mem:  2722816
mem:  2749952
mem:  2729472
mem:  2750464
mem:  2726400
mem:  2747392
mem:  2719744
mem:  2753024
mem:  2748416
mem:  2743808
mem:  2751488
mem:  2753024
mem:  2750976
mem:  2765824
mem:  2767360
mem:  2743296
mem:  2776576
mem:  2768384
mem:  2776064
mem:  2775040
mem:  2776576
mem:  2781696
mem:  2776064
mem:  2748416
mem:  2785280
mem:  2797568
mem:  2768896
mem:  2761728
mem:  2775552
mem:  2764800
mem:  2788352
mem:  2793472
mem:  2768384
mem:  2777088
mem:  2794496
mem:  2780160
mem:  2803712
mem:  2767360
mem:  2813952
mem:  2798592
mem:  2774528
mem:  2795520
mem:  2797056
mem:  2788864
mem:  2823168
mem:  2817536
mem:  2820096
mem:  2814464
mem:  2809856
mem:  2830848
mem:  2812928
mem:  2833920
mem:  2806272
mem:  2833408
mem:  2844672
mem:  2833920
mem:  2838016
mem:  2843136
mem:  2844672
mem:  2823168
mem:  2828288
mem:  2855424
mem:  2841088
mem:  2835456
mem:  2860032
mem:  2851840
mem:  2847232
mem:  2848768
mem:  2853888
mem:  2867712
mem:  2869248
mem:  2870784
mem:  2869760
mem:  2864128
mem:  2865664
mem:  2867200
mem:  2878464
mem:  2857984
mem:  2878976
mem:  2869760
mem:  2882048
mem:  2882560
mem:  2877952
mem:  2885632
mem:  2865152
mem:  2872832
mem:  2877952
mem:  2885632
mem:  2893312
mem:  2885120
mem:  2864640
mem:  2895360
mem:  2903040
mem:  2900992
mem:  2896384
mem:  2905088
mem:  2903040
mem:  2910720
mem:  2899968
mem:  2911232
mem:  2886144
mem:  2916864
mem:  2898944
mem:  2919936
mem:  2921472
mem:  2920448
mem:  2920960
mem:  2926080
mem:  2908160
mem:  2925568
mem:  2930688
mem:  2932224
mem:  2924032
mem:  2929152
mem:  2930688
mem:  2938368
mem:  2933760
mem:  2921984
mem:  2927104
mem:  2932224
mem:  2936320
mem:  2947584
mem:  2942976
mem:  2947072
mem:  2938880
mem:  2947584
mem:  2955264
mem:  2953216
mem:  2938880
mem:  2959872
mem:  2949120
mem:  2959360
mem:  2931712
mem:  2956288
mem:  2967552
mem:  2959360
mem:  2951168
mem:  2968576
mem:  2963968
mem:  2969088
mem:  2951168
mem:  2975744
mem:  2967552
mem:  2975232
mem:  2982912
mem:  2974720
mem:  2985984
mem:  2975232
mem:  2953728
mem:  2968576
mem:  2985984
mem:  2987520
mem:  2995200
mem:  2990592
mem:  2988544
mem:  2993664
mem:  2985472
mem:  2990592
mem:  2988544
mem:  2993664
mem:  2994176
mem:  2973696
mem:  3000832
mem:  3012096
mem:  2988032
mem:  3009024
mem:  3003392
mem:  3008512
mem:  3000320
mem:  3008000
mem:  3013120
mem:  3011072
mem:  3003904
mem:  3011584
mem:  3003392
mem:  3024384
mem:  3012608
mem:  3033600
mem:  3032576
mem:  3036672
mem:  3025920
mem:  3026432
mem:  3028992
mem:  3036672
mem:  3041792
mem:  3020288
mem:  3035136
mem:  3042816
mem:  3031040
mem:  3036160
mem:  3027968
mem:  3042816
mem:  3050496
mem:  3058176
mem:  3037696
mem:  3048960
mem:  3062784
mem:  3042304
mem:  3059712
mem:  3067392
mem:  3068928
mem:  3064320
mem:  3072000
mem:  3038208
mem:  3042304
mem:  3060736
mem:  3078144
mem:  3067392
mem:  3078656
mem:  3082752
mem:  3061248
mem:  3085824
mem:  3061760
mem:  3066880
mem:  3090432
mem:  3082240
mem:  3081216
mem:  3062272
mem:  3086848
mem:  3062784
mem:  3074048
mem:  3101184
mem:  3096576
mem:  3091968
mem:  3092480
mem:  3091456
mem:  3096576
mem:  3094528
mem:  3092480
mem:  3113472
mem:  3112448
mem:  3110400
mem:  3118080
mem:  3116032
mem:  3121152
mem:  3122688
mem:  3124224
mem:  3119616
mem:  3101696
mem:  3125248
mem:  3114496
mem:  3119616
mem:  3121152
mem:  3128832
mem:  3123200
mem:  3115008
mem:  3120128
mem:  3131392
mem:  3119616
mem:  3144192
mem:  3136000
mem:  3147264
mem:  3139072
mem:  3140608
mem:  3103232
mem:  3114496
mem:  3083264
mem:  3130880
mem:  3119104
mem:  3104768
mem:  3102720
mem:  3127296
mem:  3109376
mem:  3140096
mem:  3118592
mem:  3107840
mem:  3105792
mem:  3123200
mem:  3130880
mem:  3112960
mem:  3147264
mem:  3123200
mem:  3134464
mem:  3142144
mem:  3098624
mem:  3151360
mem:  3127296
mem:  3148288
mem:  3153408
mem:  3161088
mem:  3098112
mem:  3128832
mem:  3153408
mem:  3157504
mem:  3117568
mem:  3156992
mem:  3140096
mem:  3167232
mem:  3159040
mem:  3173888
mem:  3158528
mem:  3169792
mem:  3159040
mem:  3160576
mem:  3164672
mem:  3179520
mem:  3151872
mem:  3159552
mem:  3176960
mem:  3166208
mem:  3170304
mem:  3194880
mem:  3176960
mem:  3178496
mem:  3196928
mem:  3155968
mem:  3167232
mem:  3194368
mem:  3199488
mem:  3201024
mem:  3183104
mem:  3194368
mem:  3195904
mem:  3207168
mem:  3182080
mem:  3206656
mem:  3202048
mem:  3197440
mem:  3179520
mem:  3222528
mem:  3217920
mem:  3223040
mem:  3204096
mem:  3203072
mem:  3204608
mem:  3208704
mem:  3197952
mem:  3238400
mem:  3232768
mem:  3237888
mem:  3219968
mem:  3244544
mem:  3209728
mem:  3257344
mem:  3232256
mem:  3233792
mem:  3242496
mem:  3214848
mem:  3203072
mem:  3243520
mem:  3235328
mem:  3246592
mem:  3232256
mem:  3239936
mem:  3247616
mem:  3239424
mem:  3257856
mem:  3252224
mem:  3276800
mem:  3258880
mem:  3277312
mem:  3252224
mem:  3263488
