SLURM_JOBID=5049922
SLURM_JOB_NODELIST=svl2
SLURM_NNODES=1
SLURMTMPDIR=
working directory = /viscam/projects/objectfolder_benchmark/benchmarks/Multi_Sensory_3D_Reconstruction/code/models/MDN
Start_idx:  491
mem:  1536
mem:  1911296
mem:  1924608
mem:  1910272
mem:  1927680
mem:  1919488
mem:  1924608
mem:  1932288
mem:  1930240
mem:  1935360
mem:  1927168
mem:  1934848
mem:  1924096
mem:  1941504
mem:  1940480
mem:  1944576
mem:  1939968
mem:  1947648
mem:  1917440
mem:  1947136
mem:  1949696
mem:  1953792
mem:  1955328
mem:  1944576
mem:  1946112
mem:  1950208
mem:  1955328
mem:  1953280
mem:  1951232
mem:  1966080
mem:  1957888
mem:  1959424
mem:  1964544
mem:  1966080
mem:  1957888
mem:  1972736
mem:  1951232
mem:  1949184
mem:  1964032
mem:  1961984
mem:  1979392
mem:  1974784
mem:  1979904
mem:  1955840
mem:  1989120
mem:  1984512
mem:  1986048
mem:  1987584
mem:  1995264
mem:  1990656
mem:  1998336
mem:  1980416
mem:  1997824
mem:  1973760
mem:  1981440
mem:  2006016
mem:  2007552
mem:  2005504
mem:  2007040
mem:  2012160
mem:  1984512
mem:  1986048
mem:  2014208
mem:  2008576
mem:  2016256
mem:  2015232
mem:  1981440
mem:  2021888
mem:  1990656
mem:  2023936
mem:  2019328
mem:  2017280
mem:  2032128
mem:  2033664
mem:  2025472
mem:  2030592
mem:  2032128
mem:  2030080
mem:  2025472
mem:  2027008
mem:  2044416
mem:  2045952
mem:  2037760
mem:  2039296
mem:  2044416
mem:  2042368
mem:  2043904
mem:  2041856
mem:  2050560
mem:  2058240
mem:  2056192
mem:  2057728
mem:  2033664
mem:  2051072
mem:  2056192
mem:  2067456
mem:  2059264
mem:  2064384
mem:  2065920
mem:  2073600
