SLURM_JOBID=5050143
SLURM_JOB_NODELIST=svl9
SLURM_NNODES=1
SLURMTMPDIR=
working directory = /viscam/projects/objectfolder_benchmark/benchmarks/Multi_Sensory_3D_Reconstruction/code/models/MDN
Start_idx:  750
mem:  1536
mem:  1882112
mem:  1869824
mem:  1890816
mem:  1888768
mem:  1890304
mem:  1878528
mem:  1864192
mem:  1901056
mem:  1857536
mem:  1874944
mem:  1928704
mem:  1868288
mem:  1892864
mem:  1888256
mem:  1899520
mem:  1901056
mem:  1922048
mem:  1927168
mem:  1911808
mem:  1932800
mem:  1899008
mem:  1896960
mem:  1921536
mem:  1909760
mem:  1930752
mem:  1883648
mem:  1920512
mem:  1925632
mem:  1874944
mem:  1944576
mem:  1949696
mem:  1960960
mem:  1900544
mem:  1925120
mem:  1936384
mem:  1941504
mem:  1978368
mem:  1964032
mem:  1932800
mem:  1930752
mem:  1896960
mem:  1921536
mem:  1942528
mem:  1969664
mem:  1928704
mem:  1943552
mem:  1958400
mem:  1975808
mem:  1951744
mem:  1959424
mem:  1928192
mem:  1979392
mem:  1934848
mem:  1942528
mem:  1951232
mem:  1966080
mem:  1928704
mem:  2004480
mem:  1951232
mem:  1945600
mem:  1964032
mem:  1961984
mem:  1975808
mem:  1951744
mem:  2005504
mem:  1952256
mem:  1953792
mem:  1980928
mem:  1986048
mem:  1951232
mem:  1991680
mem:  2019840
mem:  1985024
mem:  2025472
mem:  1995264
mem:  1993216
mem:  2030080
mem:  2028032
mem:  2007552
mem:  1986048
mem:  2003456
mem:  2004992
mem:  1988096
mem:  2027520
mem:  2013184
mem:  2037760
mem:  2006528
mem:  2001920
mem:  2009600
mem:  2024448
mem:  2045440
mem:  2031104
mem:  2021888
mem:  2017280
mem:  2032128
mem:  2036224
mem:  2041344
mem:  2033152
mem:  2028544
