SLURM_JOBID=5049796
SLURM_JOB_NODELIST=svl2
SLURM_NNODES=1
SLURMTMPDIR=
working directory = /viscam/projects/objectfolder_benchmark/benchmarks/Multi_Sensory_3D_Reconstruction/code/models/MDN
Start_idx:  360
mem:  1536
mem:  1894400
mem:  1899008
mem:  1884672
mem:  1892352
mem:  1913344
mem:  1914880
mem:  1896960
mem:  1908224
mem:  1900032
mem:  1907712
mem:  1909248
mem:  1920512
mem:  1902592
mem:  1936896
mem:  1903104
mem:  1926656
mem:  1896448
mem:  1926144
mem:  1928704
mem:  1887744
mem:  1928192
mem:  1939456
mem:  1940992
mem:  1896448
mem:  1946624
mem:  1916416
mem:  1950720
mem:  1923072
mem:  1927168
mem:  1942016
mem:  1930240
mem:  1960960
mem:  1959936
mem:  1964032
mem:  1953280
mem:  1957376
mem:  1952768
mem:  1948160
mem:  1955840
mem:  1941504
mem:  1945600
mem:  1979904
mem:  1977856
mem:  1950208
mem:  1957888
mem:  1947136
mem:  1964544
mem:  1936896
mem:  1980928
mem:  1978880
mem:  1977856
mem:  1956352
mem:  1961472
mem:  1985024
mem:  1963520
mem:  1965056
mem:  1957888
mem:  1965568
mem:  1996288
mem:  1988096
mem:  2005504
mem:  2000896
mem:  1975808
mem:  1997824
mem:  1986048
mem:  1997312
mem:  2012160
mem:  1987072
mem:  2001920
mem:  2029056
mem:  1975808
mem:  1996800
mem:  2014208
mem:  2022912
mem:  1995264
mem:  2018816
mem:  2023936
mem:  2021888
mem:  2017280
mem:  2024960
mem:  2016768
mem:  2037760
mem:  2017280
mem:  2008064
mem:  2036224
mem:  2047488
mem:  2045440
mem:  2017792
mem:  2036224
mem:  2040320
mem:  2039296
mem:  2040832
mem:  2029056
mem:  2046464
mem:  2055168
mem:  2033664
mem:  2041344
mem:  2023424
mem:  2057728
