SLURM_JOBID=5050293
SLURM_JOB_NODELIST=svl12
SLURM_NNODES=1
SLURMTMPDIR=
working directory = /viscam/projects/objectfolder_benchmark/benchmarks/Multi_Sensory_3D_Reconstruction/code/models/MDN
Start_idx:  899
mem:  1536
mem:  1913856
mem:  1908736
mem:  1906688
mem:  1911808
mem:  1900032
mem:  1911296
mem:  1900544
mem:  1920512
mem:  1909760
mem:  1904128
mem:  1903104
mem:  1933824
mem:  1912320
mem:  1917440
mem:  1931264
mem:  1936384
mem:  1902592
mem:  1939456
mem:  1940992
mem:  1930240
mem:  1930752
mem:  1929728
mem:  1950720
mem:  1955840
mem:  1944064
mem:  1948160
mem:  1963008
mem:  1938944
mem:  1940480
mem:  1961472
mem:  1963008
mem:  1941504
mem:  1950208
mem:  1921536
mem:  1975296
mem:  1967104
mem:  1958912
mem:  1970176
mem:  1959424
mem:  1941504
mem:  1978368
mem:  1947136
mem:  1971712
mem:  1969664
mem:  1971200
mem:  1953280
mem:  1971712
mem:  1973248
mem:  1984512
mem:  1994752
mem:  1999872
mem:  1956352
mem:  1967616
mem:  1981440
mem:  1990144
mem:  1972224
mem:  1983488
mem:  1978880
mem:  2002432
mem:  2003968
mem:  2011648
mem:  2010624
mem:  1953792
mem:  2019840
mem:  2008064
mem:  2013184
mem:  2018304
mem:  2010112
mem:  1998336
mem:  2015744
mem:  2024448
mem:  2032128
mem:  2008064
mem:  2022912
mem:  2024448
mem:  1983488
mem:  2026496
mem:  2041344
mem:  2011136
mem:  2038272
mem:  2032640
mem:  2028032
mem:  2042880
mem:  2031104
mem:  2045952
mem:  2037760
mem:  2049024
mem:  2008064
mem:  2036224
mem:  2043904
mem:  2049024
mem:  2046976
mem:  2042368
mem:  2030592
mem:  2045440
mem:  2056704
mem:  2012160
mem:  2065920
mem:  2067456
