SLURM_JOBID=5049958
SLURM_JOB_NODELIST=svl1
SLURM_NNODES=1
SLURMTMPDIR=
working directory = /viscam/projects/objectfolder_benchmark/benchmarks/Multi_Sensory_3D_Reconstruction/code/models/MDN
Start_idx:  546
mem:  1536
mem:  1894400
mem:  1908736
mem:  1896960
mem:  1892352
mem:  1909760
mem:  1908736
mem:  1903104
mem:  1908224
mem:  1896448
mem:  1921024
mem:  1903104
mem:  1924096
mem:  1941504
mem:  1923584
mem:  1934848
mem:  1920512
mem:  1928192
mem:  1939456
mem:  1934848
mem:  1923072
mem:  1940480
mem:  1943040
mem:  1947136
mem:  1948672
mem:  1924608
mem:  1922560
mem:  1960448
mem:  1932800
mem:  1940480
mem:  1957888
mem:  1943552
mem:  1960960
mem:  1927168
mem:  1950720
mem:  1975296
mem:  1974272
mem:  1974784
mem:  1948160
mem:  1959424
mem:  1928192
mem:  1978368
mem:  1986048
mem:  1985024
mem:  1959936
mem:  1987072
mem:  1982464
mem:  1977856
mem:  1946624
mem:  1971200
mem:  1963008
mem:  1986560
mem:  1991680
mem:  1979904
mem:  1965568
mem:  1976832
mem:  1991680
mem:  1960448
mem:  1994752
mem:  1992704
mem:  1991680
mem:  1953280
mem:  1981440
mem:  1995264
mem:  2017280
mem:  1982464
mem:  2003456
mem:  2018304
mem:  2023424
mem:  1994752
mem:  2019328
mem:  2001408
mem:  1993216
mem:  2008064
mem:  2025472
mem:  2036736
mem:  2022400
mem:  2020352
mem:  2009600
mem:  2030592
mem:  2018816
mem:  2007040
mem:  2031616
mem:  2013696
mem:  2050560
mem:  2026496
mem:  2004992
mem:  2025984
mem:  2056704
mem:  2055680
mem:  2053632
mem:  2032128
mem:  2059264
mem:  2035200
mem:  2030592
mem:  2041856
mem:  2033664
mem:  2054656
mem:  2042880
mem:  2067456
