SLURM_JOBID=5050199
SLURM_JOB_NODELIST=svl10
SLURM_NNODES=1
SLURMTMPDIR=
working directory = /viscam/projects/objectfolder_benchmark/benchmarks/Multi_Sensory_3D_Reconstruction/code/models/MDN
Start_idx:  782
mem:  1536
mem:  1917440
mem:  1901568
mem:  1926144
mem:  1876480
mem:  1900032
mem:  1911296
mem:  1903104
mem:  1908224
mem:  1935360
mem:  1901568
mem:  1903104
mem:  1939968
mem:  1915904
mem:  1913856
mem:  1905664
mem:  1916928
mem:  1947648
mem:  1935872
mem:  1944576
mem:  1926656
mem:  1940480
mem:  1935872
mem:  1914368
mem:  1932800
mem:  1930752
mem:  1961472
mem:  1937408
mem:  1938944
mem:  1956352
mem:  1932288
mem:  1956864
mem:  1954816
mem:  1946624
mem:  1967616
mem:  1975296
mem:  1953792
mem:  1952768
mem:  1947136
mem:  1948672
mem:  1953792
mem:  1958912
mem:  1973760
mem:  1964544
mem:  1959936
mem:  1988096
mem:  1992192
mem:  1952256
mem:  1985536
mem:  1967616
mem:  1963008
mem:  1980416
mem:  1959936
mem:  1971200
mem:  1994752
mem:  1970688
mem:  1974784
mem:  1973760
mem:  1977856
mem:  1998848
mem:  2000384
mem:  1972736
mem:  1993728
mem:  2018304
mem:  1984512
mem:  2008064
mem:  1990144
mem:  2011136
mem:  2025984
mem:  1998336
mem:  2006016
mem:  2024448
mem:  2022400
mem:  2023936
mem:  2002432
mem:  2020864
mem:  2024960
mem:  2007040
mem:  2019328
mem:  2007552
mem:  2009088
mem:  2045952
mem:  2002432
mem:  2016256
mem:  2018816
mem:  2020352
mem:  2034176
mem:  2019840
mem:  2046976
mem:  2042368
mem:  2028032
mem:  2061312
mem:  2049536
mem:  2051072
mem:  2024448
mem:  2044416
mem:  2037248
mem:  2047488
mem:  2058752
mem:  2073600
