SLURM_JOBID=5049555
SLURM_JOB_NODELIST=svl7
SLURM_NNODES=1
SLURMTMPDIR=
working directory = /viscam/projects/objectfolder_benchmark/benchmarks/Multi_Sensory_3D_Reconstruction/code/models/MDN
Start_idx:  83
mem:  1536
mem:  1874944
mem:  1895424
mem:  1926144
mem:  1882624
mem:  1893888
mem:  1907712
mem:  1912832
mem:  1914368
mem:  1913344
mem:  1884672
mem:  1915392
mem:  1939968
mem:  1906176
mem:  1900544
mem:  1938432
mem:  1891328
mem:  1889280
mem:  1935872
mem:  1911808
mem:  1952256
mem:  1899008
mem:  1945600
mem:  1927680
mem:  1958400
mem:  1959936
mem:  1922560
mem:  1921536
mem:  1935360
mem:  1956352
mem:  1967616
mem:  1924096
mem:  1945088
mem:  1956352
mem:  1964032
mem:  1949696
mem:  1976832
mem:  1978368
mem:  1940992
mem:  1952256
mem:  1963520
mem:  1974784
mem:  1911808
mem:  1971712
mem:  1940480
mem:  1951744
mem:  1986048
mem:  1984000
mem:  1936896
mem:  1971200
mem:  1992192
mem:  1958400
mem:  2001408
mem:  2002944
mem:  1994752
mem:  2003456
mem:  2007552
mem:  1986048
mem:  1968128
mem:  1986560
mem:  1994240
mem:  1970176
mem:  2007040
mem:  1969664
mem:  2019840
mem:  2015232
mem:  2022912
mem:  2024448
mem:  1957888
mem:  2008064
mem:  2003456
mem:  2001408
mem:  1967616
mem:  2033664
mem:  1982976
mem:  1988096
mem:  1996800
mem:  2014208
mem:  2041344
mem:  2013696
mem:  2024960
mem:  2016768
mem:  2047488
mem:  2017280
mem:  2024960
mem:  2026496
mem:  2047488
mem:  2012672
mem:  2053120
mem:  2025472
mem:  2059776
mem:  2061312
mem:  2050560
mem:  2064384
mem:  2062336
mem:  2032128
mem:  2065408
mem:  2057216
mem:  2072064
mem:  2048000
