SLURM_JOBID=5050397
SLURM_JOB_NODELIST=svl2
SLURM_NNODES=1
SLURMTMPDIR=
working directory = /viscam/projects/objectfolder_benchmark/benchmarks/Multi_Sensory_3D_Reconstruction/code/models/MDN
Start_idx:  985
mem:  1536
mem:  1871360
mem:  1924608
mem:  1910272
mem:  1902080
mem:  1909760
mem:  1914880
mem:  1932288
mem:  1933824
mem:  1925632
mem:  1921024
mem:  1909248
mem:  1891328
mem:  1935360
mem:  1927168
mem:  1934848
mem:  1924096
mem:  1945088
mem:  1946624
mem:  1944576
mem:  1938944
mem:  1924608
mem:  1916416
mem:  1917952
mem:  1932800
mem:  1911296
mem:  1922560
mem:  1937408
mem:  1929216
mem:  1953792
mem:  1945600
mem:  1969152
mem:  1928192
mem:  1933312
mem:  1951744
mem:  1932800
mem:  1976832
mem:  1949184
mem:  1940992
mem:  1975296
mem:  1941504
mem:  1926144
mem:  1953280
mem:  1964544
mem:  1982976
mem:  1949184
mem:  1986048
mem:  1938944
mem:  1969664
mem:  1974784
mem:  1982464
mem:  1967104
mem:  1956352
mem:  1979904
mem:  1965568
mem:  1986560
mem:  2001408
mem:  1979904
mem:  1977856
mem:  1996288
mem:  1965056
mem:  1960448
mem:  2003456
mem:  2006016
mem:  2019840
mem:  1986048
mem:  1997312
mem:  1981952
mem:  1996800
mem:  2001920
mem:  1997312
mem:  2017280
mem:  1993216
mem:  1988608
mem:  1996288
mem:  2027008
mem:  2002944
mem:  2020352
mem:  2025472
mem:  2042880
mem:  2032128
mem:  2036224
mem:  2014720
mem:  2029568
mem:  2031104
mem:  2032640
mem:  2028032
mem:  2039296
mem:  2046976
mem:  2026496
mem:  1995264
mem:  2018816
mem:  2050560
mem:  2035200
mem:  2046464
mem:  2016256
mem:  2068992
mem:  2051072
mem:  2040320
mem:  2057728
