SLURM_JOBID=5050399
SLURM_JOB_NODELIST=svl5
SLURM_NNODES=1
SLURMTMPDIR=
working directory = /viscam/projects/objectfolder_benchmark/benchmarks/Multi_Sensory_3D_Reconstruction/code/models/MDN
Start_idx:  986
mem:  1536
mem:  1907712
mem:  1918464
mem:  1926144
mem:  1911808
mem:  1919488
mem:  1908736
mem:  1928704
mem:  1902080
mem:  1922048
mem:  1911296
mem:  1932288
mem:  1937408
mem:  1937920
mem:  1929728
mem:  1944576
mem:  1926656
mem:  1937920
mem:  1917440
mem:  1948160
mem:  1932800
mem:  1947648
mem:  1955328
mem:  1937408
mem:  1958400
mem:  1950208
mem:  1948160
mem:  1943552
mem:  1958400
mem:  1963520
mem:  1948160
mem:  1966592
mem:  1951232
mem:  1952768
mem:  1951744
mem:  1975296
mem:  1960960
mem:  1920000
mem:  1966592
mem:  1981440
mem:  1976832
mem:  1984512
mem:  1972736
mem:  1975296
mem:  1979392
mem:  1984512
mem:  1972736
mem:  1987584
mem:  1973248
mem:  1967616
mem:  1994752
mem:  1990144
mem:  1997824
mem:  2002944
mem:  2004480
mem:  2002432
mem:  2007552
mem:  1989632
mem:  1991168
mem:  1959936
mem:  1997824
mem:  2012672
mem:  2007040
mem:  2012160
mem:  2000384
mem:  2021376
mem:  2000896
mem:  2008576
mem:  2012672
mem:  2017792
mem:  2022912
mem:  2030592
mem:  2025984
mem:  2020352
mem:  2029056
mem:  2027008
mem:  2018816
mem:  2039808
mem:  2041344
mem:  2030592
mem:  2024960
mem:  2033664
mem:  2037760
mem:  2049024
mem:  2021376
mem:  2026496
mem:  2043904
mem:  2041856
mem:  2056704
mem:  2058240
mem:  2057216
mem:  2045440
mem:  2062848
mem:  2041344
mem:  2056192
mem:  2067456
mem:  2049536
mem:  2015744
mem:  2056192
mem:  2071040
