SLURM_JOBID=5050285
SLURM_JOB_NODELIST=svl9
SLURM_NNODES=1
SLURMTMPDIR=
working directory = /viscam/projects/objectfolder_benchmark/benchmarks/Multi_Sensory_3D_Reconstruction/code/models/MDN
Start_idx:  891
mem:  1536
mem:  1907712
mem:  1914880
mem:  1920000
mem:  1902080
mem:  1915904
mem:  1927168
mem:  1896960
mem:  1914368
mem:  1900032
mem:  1885696
mem:  1932288
mem:  1917952
mem:  1931776
mem:  1943040
mem:  1944576
mem:  1932800
mem:  1908736
mem:  1910272
mem:  1915392
mem:  1932800
mem:  1905152
mem:  1939456
mem:  1943552
mem:  1929216
mem:  1934336
mem:  1955328
mem:  1943552
mem:  1925632
mem:  1943040
mem:  1935872
mem:  1953280
mem:  1954816
mem:  1946624
mem:  1957888
mem:  1965568
mem:  1937920
mem:  1958912
mem:  1940992
mem:  1958400
mem:  1934336
mem:  1929728
mem:  1986048
mem:  1984000
mem:  1963520
mem:  1968640
mem:  1979904
mem:  1964544
mem:  1985536
mem:  1980928
mem:  1985024
mem:  1970688
mem:  1995264
mem:  2002944
mem:  1982464
mem:  1976832
mem:  1956352
mem:  1986048
mem:  1978880
mem:  1976832
mem:  2000384
mem:  1956864
mem:  1993728
mem:  1989120
mem:  2013696
mem:  2008064
mem:  2000896
mem:  1995264
mem:  2010112
mem:  2011648
mem:  2013184
mem:  2011136
mem:  2009088
mem:  2023936
mem:  2021888
mem:  2011136
mem:  2032128
mem:  2014208
mem:  2006016
mem:  1997824
mem:  2018816
mem:  1997312
mem:  2012160
mem:  1996800
mem:  2034688
mem:  2045952
mem:  2047488
mem:  2039296
mem:  2021376
mem:  2032640
mem:  2047488
mem:  2039296
mem:  2049536
mem:  2048512
mem:  2046464
mem:  2057728
mem:  2065408
mem:  2044928
mem:  2046464
mem:  2044416
