SLURM_JOBID=5050114
SLURM_JOB_NODELIST=svl2
SLURM_NNODES=1
SLURMTMPDIR=
working directory = /viscam/projects/objectfolder_benchmark/benchmarks/Multi_Sensory_3D_Reconstruction/code/models/MDN
Start_idx:  688
mem:  1536
mem:  1923584
mem:  1921024
mem:  1926144
mem:  1902080
mem:  1907200
mem:  1908736
mem:  1906688
mem:  1898496
mem:  1923072
mem:  1936896
mem:  1905664
mem:  1908224
mem:  1925632
mem:  1923584
mem:  1944576
mem:  1936384
mem:  1941504
mem:  1946624
mem:  1950720
mem:  1952256
mem:  1941504
mem:  1929728
mem:  1956864
mem:  1952256
mem:  1946624
mem:  1951744
mem:  1956864
mem:  1954816
mem:  1953792
mem:  1935872
mem:  1943552
mem:  1935360
mem:  1956352
mem:  1954304
mem:  1969152
mem:  1953792
mem:  1974784
mem:  1940992
mem:  1981440
mem:  1957376
mem:  1949184
mem:  1976320
mem:  1955840
mem:  1979392
mem:  1967616
mem:  1992192
mem:  1993728
mem:  1966080
mem:  1977344
mem:  1992192
mem:  1964544
mem:  1979392
mem:  1971200
mem:  2004480
mem:  2006016
mem:  1978368
mem:  1989632
mem:  1987584
mem:  2012160
mem:  2013696
mem:  1989632
mem:  2016768
mem:  2018304
mem:  2003968
mem:  2021376
mem:  2016768
mem:  2008576
mem:  2016256
mem:  2017792
mem:  2019328
mem:  2027008
mem:  2019840
mem:  2031104
mem:  2013184
mem:  2036736
mem:  2032128
mem:  2033664
mem:  2037760
mem:  2029568
mem:  2044416
mem:  2043392
mem:  2012160
mem:  2027008
mem:  2018816
mem:  2036224
mem:  2053632
mem:  2055168
mem:  2044416
mem:  2054656
mem:  2034176
mem:  2039296
mem:  2031104
mem:  2054656
mem:  2065920
mem:  2067456
mem:  2053120
mem:  2044928
mem:  2036736
mem:  2050560
