SLURM_JOBID=5049810
SLURM_JOB_NODELIST=svl18
SLURM_NNODES=1
SLURMTMPDIR=
working directory = /viscam/projects/objectfolder_benchmark/benchmarks/Multi_Sensory_3D_Reconstruction/code/models/MDN
Start_idx:  367
mem:  1536
mem:  1923584
mem:  1912320
mem:  1906688
mem:  1905664
mem:  1903616
mem:  1897984
mem:  1920000
mem:  1914368
mem:  1929216
mem:  1897984
mem:  1915392
mem:  1924096
mem:  1929216
mem:  1917440
mem:  1921536
mem:  1946112
mem:  1937920
mem:  1946624
mem:  1931264
mem:  1948672
mem:  1937920
mem:  1933312
mem:  1921536
mem:  1932800
mem:  1940480
mem:  1957888
mem:  1943552
mem:  1935360
mem:  1944064
mem:  1938432
mem:  1956864
mem:  1941504
mem:  1962496
mem:  1964032
mem:  1955840
mem:  1976832
mem:  1978368
mem:  1957888
mem:  1930240
mem:  1957376
mem:  1955328
mem:  1986048
mem:  1977856
mem:  1976832
mem:  1980928
mem:  1953280
mem:  1977856
mem:  1963520
mem:  1938432
mem:  1969152
mem:  1980416
mem:  1972224
mem:  1973760
mem:  1985024
mem:  1990144
mem:  1994240
mem:  1995776
mem:  2004480
mem:  2012160
mem:  2013696
mem:  1995776
mem:  2007040
mem:  2015744
mem:  2019840
mem:  2001920
mem:  2013184
mem:  2024448
mem:  2016256
mem:  2017792
mem:  2016768
mem:  2030592
mem:  2006528
mem:  2033664
mem:  2015744
mem:  2003968
mem:  2025984
mem:  2017792
mem:  2031616
mem:  2017280
mem:  2044416
mem:  2036224
mem:  2002432
mem:  2033152
mem:  2050560
mem:  2042368
mem:  2037760
mem:  2052608
mem:  2027520
mem:  2055680
mem:  2043904
mem:  2045440
mem:  2030080
mem:  2048512
mem:  2052608
mem:  2045440
mem:  2059264
mem:  2054656
mem:  2056192
mem:  2054144
