SLURM_JOBID=5049753
SLURM_JOB_NODELIST=svl1
SLURM_NNODES=1
SLURMTMPDIR=
working directory = /viscam/projects/objectfolder_benchmark/benchmarks/Multi_Sensory_3D_Reconstruction/code/models/MDN
Start_idx:  286
mem:  1536
mem:  1874944
mem:  1914880
mem:  1896960
mem:  1902080
mem:  1874432
mem:  1895424
mem:  1873920
mem:  1902080
mem:  1906176
mem:  1936896
mem:  1896960
mem:  1891328
mem:  1902592
mem:  1913856
mem:  1918976
mem:  1891328
mem:  1912320
mem:  1913856
mem:  1880064
mem:  1926656
mem:  1937920
mem:  1932288
mem:  1908224
mem:  1907200
mem:  1895424
mem:  1957888
mem:  1920512
mem:  1935360
mem:  1966080
mem:  1938432
mem:  1949696
mem:  1954816
mem:  1943040
mem:  1932288
mem:  1930240
mem:  1914880
mem:  1894400
mem:  1954304
mem:  1939968
mem:  1950208
mem:  1968640
mem:  1970176
mem:  1975296
mem:  1940480
mem:  1984512
mem:  1960448
mem:  1931776
mem:  1952768
mem:  1954304
mem:  1963008
mem:  1945088
mem:  1985536
mem:  1964032
mem:  1991168
mem:  1963520
mem:  1972224
mem:  1957888
mem:  2000896
mem:  1963520
mem:  1997824
mem:  1979904
mem:  2016768
mem:  1975808
mem:  1974784
mem:  1986048
mem:  2013184
mem:  2004992
mem:  2016256
mem:  1995776
mem:  1990144
mem:  2024448
mem:  1987072
mem:  1978880
mem:  1984000
mem:  2014720
mem:  1996800
mem:  1998336
mem:  2035200
mem:  2040320
mem:  2009088
mem:  2010624
mem:  2002432
mem:  2029568
mem:  1998336
mem:  1980416
mem:  2043904
mem:  2016256
mem:  2001920
mem:  2016768
mem:  2014720
mem:  2028544
mem:  2023936
mem:  2006016
mem:  2013696
mem:  2055168
mem:  2004480
mem:  2047488
mem:  2003968
mem:  2028544
