SLURM_JOBID=5050110
SLURM_JOB_NODELIST=svl10
SLURM_NNODES=1
SLURMTMPDIR=
working directory = /viscam/projects/objectfolder_benchmark/benchmarks/Multi_Sensory_3D_Reconstruction/code/models/MDN
Start_idx:  685
mem:  1536
mem:  1923584
mem:  1924608
mem:  1926144
mem:  1925120
mem:  1913344
mem:  1928192
mem:  1928704
mem:  1930240
mem:  1931776
mem:  1936896
mem:  1926144
mem:  1910784
mem:  1937920
mem:  1936896
mem:  1944576
mem:  1939968
mem:  1945088
mem:  1927168
mem:  1950720
mem:  1929216
mem:  1937920
mem:  1951744
mem:  1950720
mem:  1958400
mem:  1959936
mem:  1951744
mem:  1956864
mem:  1951232
mem:  1962496
mem:  1967616
mem:  1969152
mem:  1954816
mem:  1972224
mem:  1970176
mem:  1972736
mem:  1967104
mem:  1975808
mem:  1979904
mem:  1978880
mem:  1982976
mem:  1974784
mem:  1986048
mem:  1987584
mem:  1989120
mem:  1977344
mem:  1989632
mem:  1993728
mem:  1995264
mem:  1967616
mem:  1998336
mem:  1999872
mem:  1998848
mem:  1999360
mem:  2004480
mem:  2006016
mem:  1994240
mem:  2009088
mem:  2007040
mem:  2002432
mem:  1984512
mem:  2015232
mem:  1997312
mem:  1992704
mem:  2019840
mem:  2021376
mem:  2009600
mem:  2014720
mem:  2025984
mem:  2027520
mem:  2029056
mem:  2020864
mem:  2032128
mem:  2031104
mem:  2032640
mem:  2030592
mem:  2034688
mem:  2030080
mem:  2037760
mem:  2040320
mem:  2028544
mem:  2039808
mem:  2047488
mem:  2046464
mem:  2048000
mem:  2052096
mem:  2034176
mem:  2049024
mem:  2046976
mem:  2036224
mem:  2056192
mem:  2057728
mem:  2062848
mem:  2061824
mem:  2063360
mem:  2067456
mem:  2039808
mem:  2070528
mem:  2052608
mem:  2067456
