SLURM_JOBID=5049628
SLURM_JOB_NODELIST=svl18
SLURM_NNODES=1
SLURMTMPDIR=
working directory = /viscam/projects/objectfolder_benchmark/benchmarks/Multi_Sensory_3D_Reconstruction/code/models/MDN
Start_idx:  171
mem:  1536
mem:  1888256
mem:  1869824
mem:  1887232
mem:  1879040
mem:  1909760
mem:  1901568
mem:  1932288
mem:  1933824
mem:  1925632
mem:  1891840
mem:  1895936
mem:  1927680
mem:  1935360
mem:  1940480
mem:  1918976
mem:  1946112
mem:  1906176
mem:  1920000
mem:  1940992
mem:  1910784
mem:  1944064
mem:  1943040
mem:  1956864
mem:  1948672
mem:  1953792
mem:  1929728
mem:  1910784
mem:  1929216
mem:  1966080
mem:  1948160
mem:  1939968
mem:  1935360
mem:  1972224
mem:  1931264
mem:  1949696
mem:  1928192
mem:  1935872
mem:  1979904
mem:  1958400
mem:  1973248
mem:  1955328
mem:  1970176
mem:  1964544
mem:  1957376
mem:  1942016
mem:  1992192
mem:  1971712
mem:  1995264
mem:  1922560
mem:  1985024
mem:  1997312
mem:  2001408
mem:  1954304
mem:  1994752
mem:  2006016
mem:  1968640
mem:  2009088
mem:  1977856
mem:  2002432
mem:  1958912
mem:  2001920
mem:  2013184
mem:  1986560
mem:  2016256
mem:  2005504
mem:  2007040
mem:  1985536
mem:  1994240
mem:  2017792
mem:  1990144
mem:  2007552
mem:  2029568
mem:  2008064
mem:  2013184
mem:  1988096
mem:  2016256
mem:  2030080
mem:  2041344
mem:  2023424
mem:  1999360
mem:  2036224
mem:  2014720
mem:  1997824
mem:  2009088
mem:  2029056
mem:  2018304
mem:  2055168
mem:  2005504
mem:  2048512
mem:  2018304
mem:  2061312
mem:  2037248
mem:  2064384
mem:  2020864
mem:  2022400
mem:  2053120
mem:  2060800
mem:  2046464
mem:  2057728
