SLURM_JOBID=5049575
SLURM_JOB_NODELIST=svl17
SLURM_NNODES=1
SLURMTMPDIR=
working directory = /viscam/projects/objectfolder_benchmark/benchmarks/Multi_Sensory_3D_Reconstruction/code/models/MDN
Start_idx:  96
mem:  1536
mem:  1806848
mem:  1875968
mem:  1890816
mem:  1905664
mem:  1893888
mem:  1905152
mem:  1912832
mem:  1872896
mem:  1880576
mem:  1895424
mem:  1873920
mem:  1881600
mem:  1863680
mem:  1907712
mem:  1870336
mem:  1920512
mem:  1886720
mem:  1910272
mem:  1938432
mem:  1900032
mem:  1895424
mem:  1916416
mem:  1895936
mem:  1900032
mem:  1901568
mem:  1906688
mem:  1943552
mem:  1929216
mem:  1956352
mem:  1948160
mem:  1920512
mem:  1915904
mem:  1933312
mem:  1918976
mem:  1943552
mem:  1908736
mem:  1933312
mem:  1944576
mem:  1913344
mem:  1951232
mem:  1929728
mem:  1940992
mem:  1981440
mem:  1969664
mem:  1974784
mem:  1986048
mem:  1935360
mem:  1917440
mem:  1942016
mem:  1963008
mem:  1931776
mem:  1972224
mem:  1989632
mem:  1998336
mem:  1954816
mem:  1975808
mem:  1970176
mem:  1981440
mem:  1960960
mem:  1939456
mem:  1960448
mem:  1946112
mem:  1985536
mem:  1961472
mem:  1947136
mem:  1990144
mem:  1975808
mem:  1987072
mem:  1943552
mem:  1984000
mem:  1972224
mem:  2009088
mem:  2004480
mem:  2029056
mem:  2020864
mem:  2009088
mem:  2000896
mem:  1976832
mem:  2011136
mem:  2011648
mem:  2004480
mem:  1930752
mem:  1996800
mem:  2017792
mem:  1974272
mem:  1966080
mem:  1971200
mem:  2023936
mem:  1977856
mem:  1998848
mem:  2009088
mem:  2004480
mem:  2035200
mem:  2020864
mem:  2025984
mem:  2010624
mem:  2031616
mem:  2033152
mem:  2054144
