SLURM_JOBID=5049759
SLURM_JOB_NODELIST=svl2
SLURM_NNODES=1
SLURMTMPDIR=
working directory = /viscam/projects/objectfolder_benchmark/benchmarks/Multi_Sensory_3D_Reconstruction/code/models/MDN
Start_idx:  292
mem:  1536
mem:  1884672
mem:  1914880
mem:  1916416
mem:  1927680
mem:  1919488
mem:  1868800
mem:  1896960
mem:  1898496
mem:  1935360
mem:  1884672
mem:  1903104
mem:  1937408
mem:  1928192
mem:  1900544
mem:  1940992
mem:  1926656
mem:  1915904
mem:  1945600
mem:  1950720
mem:  1952256
mem:  1947648
mem:  1933312
mem:  1954304
mem:  1955840
mem:  1946624
mem:  1939456
mem:  1933824
mem:  1932800
mem:  1966080
mem:  1944576
mem:  1933824
mem:  1951232
mem:  1962496
mem:  1932288
mem:  1949696
mem:  1974272
mem:  1978368
mem:  1979904
mem:  1936384
mem:  1980416
mem:  1958912
mem:  1966592
mem:  1954816
mem:  1973248
mem:  1990656
mem:  1970176
mem:  1958400
mem:  1989120
mem:  1974784
mem:  1995776
mem:  1993728
mem:  1962496
mem:  2002944
mem:  2000896
mem:  2003456
mem:  1997824
mem:  1993216
mem:  1985024
mem:  2006016
mem:  2007552
mem:  1976320
mem:  1997312
mem:  2015744
mem:  2006528
mem:  2021376
mem:  1999872
mem:  2018304
mem:  1996800
mem:  2008064
mem:  2022912
mem:  2018304
mem:  2006528
mem:  2004480
mem:  2015744
mem:  2003968
mem:  2038272
mem:  2026496
mem:  2028032
mem:  2036736
mem:  2034688
mem:  2033664
mem:  2028032
mem:  2042880
mem:  2050560
mem:  2045952
mem:  2053632
mem:  2041856
mem:  2017792
mem:  2052096
mem:  2059776
mem:  2051584
mem:  2062848
mem:  2048512
mem:  2036736
mem:  2038272
mem:  2059264
mem:  2054656
mem:  2069504
mem:  2071040
