SLURM_JOBID=5049859
SLURM_JOB_NODELIST=svl1
SLURM_NNODES=1
SLURMTMPDIR=
working directory = /viscam/projects/objectfolder_benchmark/benchmarks/Multi_Sensory_3D_Reconstruction/code/models/MDN
Start_idx:  448
mem:  1536
mem:  1901568
mem:  1899008
mem:  1881088
mem:  1886208
mem:  1893888
mem:  1879552
mem:  1899520
mem:  1898496
mem:  1913344
mem:  1904128
mem:  1905664
mem:  1881600
mem:  1915904
mem:  1933312
mem:  1918976
mem:  1913344
mem:  1918464
mem:  1943040
mem:  1927680
mem:  1887744
mem:  1922048
mem:  1913856
mem:  1914368
mem:  1942528
mem:  1924608
mem:  1922560
mem:  1940992
mem:  1923072
mem:  1936896
mem:  1938432
mem:  1907200
mem:  1925632
mem:  1946624
mem:  1957888
mem:  1913344
mem:  1918464
mem:  1936896
mem:  1947136
mem:  1949696
mem:  1953792
mem:  1945600
mem:  1960448
mem:  1958400
mem:  1959936
mem:  1961472
mem:  1943552
mem:  1990144
mem:  1969664
mem:  1951744
mem:  1972736
mem:  1974272
mem:  1969664
mem:  1967616
mem:  1971712
mem:  1970688
mem:  1984512
mem:  1983488
mem:  1975296
mem:  1960960
mem:  1984512
mem:  1995776
mem:  1955840
mem:  1992704
mem:  2003968
mem:  1988608
mem:  1997312
mem:  1973248
mem:  1957888
mem:  1985024
mem:  1993728
mem:  2004992
mem:  2000384
mem:  2000896
mem:  2009600
mem:  1997824
mem:  1979904
mem:  1997312
mem:  1992704
mem:  1958912
mem:  2021376
mem:  1977856
mem:  2004992
mem:  2016256
mem:  2031104
mem:  2022912
mem:  1989120
mem:  2025984
mem:  2021376
mem:  2032640
mem:  2034176
mem:  2025984
mem:  2037248
mem:  2044928
mem:  2050048
mem:  2032128
mem:  2023936
mem:  2051072
mem:  2056192
mem:  2038272
