SLURM_JOBID=5049699
SLURM_JOB_NODELIST=svl1
SLURM_NNODES=1
SLURMTMPDIR=
working directory = /viscam/projects/objectfolder_benchmark/benchmarks/Multi_Sensory_3D_Reconstruction/code/models/MDN
Start_idx:  249
mem:  1536
mem:  1890816
mem:  1914880
mem:  1887232
mem:  1895936
mem:  1913344
mem:  1901568
mem:  1932288
mem:  1927680
mem:  1909760
mem:  1927168
mem:  1903104
mem:  1904640
mem:  1906176
mem:  1901568
mem:  1909248
mem:  1910784
mem:  1947648
mem:  1933312
mem:  1940992
mem:  1897472
mem:  1953792
mem:  1916416
mem:  1927680
mem:  1952256
mem:  1959936
mem:  1938432
mem:  1933824
mem:  1915904
mem:  1952768
mem:  1967616
mem:  1943552
mem:  1960960
mem:  1952768
mem:  1948160
mem:  1939968
mem:  1951232
mem:  1975808
mem:  1940992
mem:  1939968
mem:  1957376
mem:  1965056
mem:  1986048
mem:  1977856
mem:  1963520
mem:  1977344
mem:  1978880
mem:  1980416
mem:  1944064
mem:  1926144
mem:  1978880
mem:  1999872
mem:  1952768
mem:  1961472
mem:  1969152
mem:  2006016
mem:  1978368
mem:  1979904
mem:  1971712
mem:  1959936
mem:  1978368
mem:  2015232
mem:  1981440
mem:  1969664
mem:  2006528
mem:  2021376
mem:  2007040
mem:  1989120
mem:  1996800
mem:  1992192
mem:  2019328
mem:  2027008
mem:  2028544
mem:  2008064
mem:  2009600
mem:  2013696
mem:  2016256
mem:  2000896
mem:  1986560
mem:  2030592
mem:  2009088
mem:  1987584
mem:  1992704
mem:  2045440
mem:  2031104
mem:  2016768
mem:  2050048
mem:  2052608
mem:  1998336
mem:  2055680
mem:  2024448
mem:  2055168
mem:  2021376
mem:  2048512
mem:  2020864
mem:  2044416
mem:  2068992
mem:  2054656
mem:  2039296
mem:  2051584
