SLURM_JOBID=5049848
SLURM_JOB_NODELIST=svl9
SLURM_NNODES=1
SLURMTMPDIR=
working directory = /viscam/projects/objectfolder_benchmark/benchmarks/Multi_Sensory_3D_Reconstruction/code/models/MDN
Start_idx:  397
mem:  1536
mem:  1900544
mem:  1885696
mem:  1871360
mem:  1902080
mem:  1896448
mem:  1895424
mem:  1887232
mem:  1891328
mem:  1909760
mem:  1897984
mem:  1899520
mem:  1904640
mem:  1890304
mem:  1894400
mem:  1899520
mem:  1907200
mem:  1918464
mem:  1890816
mem:  1921536
mem:  1920512
mem:  1899008
mem:  1893376
mem:  1888768
mem:  1929216
mem:  1924608
mem:  1920000
mem:  1927680
mem:  1906176
mem:  1927168
mem:  1932288
mem:  1956864
mem:  1951232
mem:  1927168
mem:  1931264
mem:  1946112
mem:  1931776
mem:  1933312
mem:  1934848
mem:  1916928
mem:  1947648
mem:  1951744
mem:  1937408
mem:  1954816
mem:  1911296
mem:  1967616
mem:  1963008
mem:  1942528
mem:  1966080
mem:  1955328
mem:  1953280
mem:  1958400
mem:  1966080
mem:  1971200
mem:  1955840
mem:  1973248
mem:  1968640
mem:  1973760
mem:  1971712
mem:  1973248
mem:  1984512
mem:  1976320
mem:  1961984
mem:  1982976
mem:  1974784
mem:  1933824
mem:  1942528
mem:  1985536
mem:  1990656
mem:  1992192
mem:  1999872
mem:  1975808
mem:  1993216
mem:  1978880
mem:  1990144
mem:  1997824
mem:  2009088
mem:  1985024
mem:  2002432
mem:  1990656
mem:  2005504
mem:  1977856
mem:  2008576
mem:  1990656
mem:  2005504
mem:  2022912
mem:  2014720
mem:  2012672
mem:  1992192
mem:  2029056
mem:  2024448
mem:  2022400
mem:  2008064
mem:  2009600
mem:  1985536
mem:  2044416
mem:  2017792
mem:  1990144
mem:  2042880
mem:  2054144
