SLURM_JOBID=5049827
SLURM_JOB_NODELIST=svl5
SLURM_NNODES=1
SLURMTMPDIR=
working directory = /viscam/projects/objectfolder_benchmark/benchmarks/Multi_Sensory_3D_Reconstruction/code/models/MDN
Start_idx:  380
mem:  1536
mem:  1874944
mem:  1889280
mem:  1887232
mem:  1898496
mem:  1919488
mem:  1908736
mem:  1899520
mem:  1869312
mem:  1890304
mem:  1917440
mem:  1899520
mem:  1904640
mem:  1892864
mem:  1894400
mem:  1909248
mem:  1893888
mem:  1905152
mem:  1929728
mem:  1898496
mem:  1919488
mem:  1918464
mem:  1923584
mem:  1914368
mem:  1919488
mem:  1895424
mem:  1887232
mem:  1947136
mem:  1925632
mem:  1930752
mem:  1951744
mem:  1943552
mem:  1896448
mem:  1940480
mem:  1928704
mem:  1959424
mem:  1967104
mem:  1968640
mem:  1938432
mem:  1965568
mem:  1947648
mem:  1926144
mem:  1960448
mem:  1958400
mem:  1944064
mem:  1957888
mem:  1978880
mem:  1954816
mem:  1992704
mem:  1994240
mem:  1963008
mem:  1980416
mem:  1958912
mem:  1987072
mem:  1924096
mem:  1973248
mem:  1975808
mem:  1973760
mem:  1985024
mem:  1957376
mem:  1984512
mem:  1927680
mem:  1997312
mem:  1966080
mem:  1980928
mem:  1976320
mem:  1993728
mem:  2011136
mem:  1977344
mem:  1982464
mem:  2009600
mem:  2011136
mem:  2002944
mem:  2000896
mem:  2006016
mem:  1997824
mem:  2028544
mem:  1994752
mem:  2012160
mem:  2033152
mem:  2015232
mem:  2007040
mem:  2012160
mem:  2000384
mem:  2005504
mem:  1971712
mem:  1969664
mem:  1967616
mem:  2040832
mem:  2029056
mem:  2057216
mem:  2039296
mem:  2017792
mem:  2042368
mem:  2036736
mem:  2034688
mem:  2020352
mem:  2060800
mem:  2050048
mem:  2034688
