SLURM_JOBID=5049734
SLURM_JOB_NODELIST=svl18
SLURM_NNODES=1
SLURMTMPDIR=
working directory = /viscam/projects/objectfolder_benchmark/benchmarks/Multi_Sensory_3D_Reconstruction/code/models/MDN
Start_idx:  277
mem:  1536
mem:  1871360
mem:  1918464
mem:  1916416
mem:  1895936
mem:  1909760
mem:  1911296
mem:  1926144
mem:  1911808
mem:  1892864
mem:  1907712
mem:  1928704
mem:  1917952
mem:  1919488
mem:  1923584
mem:  1940992
mem:  1924096
mem:  1945088
mem:  1916416
mem:  1925120
mem:  1942528
mem:  1928192
mem:  1945600
mem:  1911808
mem:  1948672
mem:  1930752
mem:  1935872
mem:  1956864
mem:  1948672
mem:  1956352
mem:  1948160
mem:  1914368
mem:  1964544
mem:  1966080
mem:  1970176
mem:  1926656
mem:  1974272
mem:  1972224
mem:  1944576
mem:  1961984
mem:  1980416
mem:  1965056
mem:  1944576
mem:  1965568
mem:  1959936
mem:  1951744
mem:  1972736
mem:  1961984
mem:  1989120
mem:  1977344
mem:  1949696
mem:  1993728
mem:  1972224
mem:  2002944
mem:  1969152
mem:  1963520
mem:  2001408
mem:  1999360
mem:  1988608
mem:  1979392
mem:  2000384
mem:  1986048
mem:  2013184
mem:  1967104
mem:  1980928
mem:  1989632
mem:  2016768
mem:  2004992
mem:  2025984
mem:  2023936
mem:  1990144
mem:  1997824
mem:  2012672
mem:  2004480
mem:  2035200
mem:  2007552
mem:  1993216
mem:  2023936
mem:  2028032
mem:  2036736
mem:  2022400
mem:  2020352
mem:  2024448
mem:  2029568
mem:  2011648
mem:  2013184
mem:  2028032
mem:  2022400
mem:  2050560
mem:  2032640
mem:  2059776
mem:  2058752
mem:  2017792
mem:  2058240
mem:  2013696
mem:  2044416
mem:  2033664
mem:  2035200
mem:  2023424
mem:  2073600
