SLURM_JOBID=5049133
SLURM_JOB_NODELIST=svl17
SLURM_NNODES=1
SLURMTMPDIR=
working directory = /viscam/projects/objectfolder_benchmark/benchmarks/Multi_Sensory_3D_Reconstruction/code/models/MDN
Start_idx:  25
mem:  1536
mem:  1849344
mem:  1875968
mem:  1871360
mem:  1853440
mem:  1876992
mem:  1918464
mem:  1926144
mem:  1885184
mem:  1900032
mem:  1923584
mem:  1893376
mem:  1939968
mem:  1931776
mem:  1894400
mem:  1938432
mem:  1907200
mem:  1892864
mem:  1894400
mem:  1879040
mem:  1864704
mem:  1883136
mem:  1910272
mem:  1921536
mem:  1896448
mem:  1959936
mem:  1920000
mem:  1930240
mem:  1915904
mem:  1936896
mem:  1967616
mem:  1924096
mem:  1928192
mem:  1940480
mem:  1922560
mem:  1955840
mem:  1976832
mem:  1927168
mem:  1944576
mem:  1955840
mem:  1928192
mem:  1939456
mem:  1921536
mem:  1893888
mem:  1914880
mem:  1957888
mem:  1959424
mem:  1958400
mem:  1956352
mem:  1945600
mem:  1939968
mem:  1990144
mem:  1950208
mem:  1989632
mem:  1985024
mem:  1996288
mem:  1933312
mem:  1950720
mem:  2004480
mem:  1973248
mem:  1994240
mem:  1995776
mem:  1991168
mem:  1953792
mem:  1965056
mem:  1979904
mem:  2010624
mem:  1985536
mem:  2019840
mem:  2021376
mem:  2026496
mem:  2007552
mem:  1996800
mem:  1985024
mem:  2029056
mem:  1943040
mem:  1986048
mem:  1981440
mem:  2041344
mem:  1988096
mem:  2031104
mem:  2026496
mem:  1982976
mem:  2019840
mem:  1978880
mem:  2013184
mem:  1995264
mem:  2000384
mem:  2017792
mem:  2058240
mem:  2056192
mem:  2057728
mem:  2014208
mem:  2044928
mem:  1975808
mem:  2051584
mem:  2023936
mem:  2015744
mem:  2046464
mem:  2015232
mem:  2033664
mem:  2025472
mem:  2016256
mem:  2040832
mem:  2009600
mem:  2011136
mem:  2025984
mem:  2034688
mem:  2029056
mem:  2086400
mem:  2028544
mem:  2088448
mem:  2025472
mem:  2043904
mem:  2038272
mem:  2045952
mem:  2087424
mem:  2039296
mem:  2054144
mem:  2081280
mem:  2051072
mem:  2035712
mem:  2099200
mem:  2055680
mem:  2050048
mem:  2107392
mem:  2066432
mem:  2061824
mem:  2050048
mem:  2061312
mem:  2062848
mem:  2093568
mem:  2079232
mem:  2057728
mem:  2078720
mem:  2080256
mem:  2068480
mem:  2089472
mem:  2065408
mem:  2113024
mem:  2072064
mem:  2063872
mem:  2052096
mem:  2092544
mem:  2091520
mem:  2056704
mem:  2061824
mem:  2073088
mem:  2136576
mem:  2118656
mem:  2116608
mem:  2052608
mem:  2151424
mem:  2078720
mem:  2086400
mem:  2101248
mem:  2102784
mem:  2110464
mem:  2066944
mem:  2156032
mem:  2102784
mem:  2114048
mem:  2112000
mem:  2123264
mem:  2112512
mem:  2165248
mem:  2131456
mem:  2100224
mem:  2105344
mem:  2142208
mem:  2088960
mem:  2139136
mem:  2173440
mem:  2148352
mem:  2140160
mem:  2108928
mem:  2179584
mem:  2183680
mem:  2142720
mem:  2122240
mem:  2145792
mem:  2127872
mem:  2181632
mem:  2196480
mem:  2178560
mem:  2150912
mem:  2187776
mem:  2206208
mem:  2132480
mem:  2202112
mem:  2181632
mem:  2127360
mem:  2158080
mem:  2140160
mem:  2215936
mem:  2188288
mem:  2189824
mem:  2120704
mem:  2151424
mem:  2155520
mem:  2180096
mem:  2210816
mem:  2208768
mem:  2201600
mem:  2219008
mem:  2191360
mem:  2218496
mem:  2229760
mem:  2215424
mem:  2213376
mem:  2218496
mem:  2222592
mem:  2221568
mem:  2223104
mem:  2230784
mem:  2232320
mem:  2227712
mem:  2225664
mem:  2224640
mem:  2232320
mem:  2204672
mem:  2235392
mem:  2243072
mem:  2234880
mem:  2240000
mem:  2215936
mem:  2249216
mem:  2241024
mem:  2246144
mem:  2231808
mem:  2216448
mem:  2234880
mem:  2252288
mem:  2259968
mem:  2255360
mem:  2259456
mem:  2262016
mem:  2236928
mem:  2264064
mem:  2249728
mem:  2260992
mem:  2262528
mem:  2241024
mem:  2271744
mem:  2296320
mem:  2275840
mem:  2283520
mem:  2275328
mem:  2280448
mem:  2294272
mem:  2282496
mem:  2277888
mem:  2257408
mem:  2277376
mem:  2286080
mem:  2287616
mem:  2279424
mem:  2293248
mem:  2292224
mem:  2287616
mem:  2307584
mem:  2296832
mem:  2271744
mem:  2309632
mem:  2295296
mem:  2302976
mem:  2304512
mem:  2302464
mem:  2311168
mem:  2309120
mem:  2330112
mem:  2318336
mem:  2297856
mem:  2309120
mem:  2322944
mem:  2314752
mem:  2345472
mem:  2288640
mem:  2329088
mem:  2320896
mem:  2312704
mem:  2333696
mem:  2331648
mem:  2356224
mem:  2328576
mem:  2347008
mem:  2351104
mem:  2342912
mem:  2321408
mem:  2342400
mem:  2289152
mem:  2339328
mem:  2334720
mem:  2339840
mem:  2347520
mem:  2339328
mem:  2360320
mem:  2358272
mem:  2363392
mem:  2377216
mem:  2356736
mem:  2360832
mem:  2379264
mem:  2380800
mem:  2382336
mem:  2383872
mem:  2388992
mem:  2389504
mem:  2391040
mem:  2390016
mem:  2384384
mem:  2395648
mem:  2394624
mem:  2386432
mem:  2394112
mem:  2405376
mem:  2397184
mem:  2388992
mem:  2397696
mem:  2401792
mem:  2410496
mem:  2411008
mem:  2403840
mem:  2411520
mem:  2399744
mem:  2411008
mem:  2412544
mem:  2407936
mem:  2419200
mem:  2411008
mem:  2402816
mem:  2426368
mem:  2415616
mem:  2423296
mem:  2434560
mem:  2423808
mem:  2431488
mem:  2436608
mem:  2438144
mem:  2429952
mem:  2430464
mem:  2432000
mem:  2440704
mem:  2445824
mem:  2434048
mem:  2451456
mem:  2433536
mem:  2444800
mem:  2434048
mem:  2447872
mem:  2439680
mem:  2457088
mem:  2458624
mem:  2460160
mem:  2462720
mem:  2460672
mem:  2464768
mem:  2460160
mem:  2459136
mem:  2463232
mem:  2468352
mem:  2469888
mem:  2471424
mem:  2472960
mem:  2480640
mem:  2478592
mem:  2481152
mem:  2475520
mem:  2486784
mem:  2472448
mem:  2486272
mem:  2481664
mem:  2483200
mem:  2484736
mem:  2480128
mem:  2484224
mem:  2496512
mem:  2488320
mem:  2498560
mem:  2493952
mem:  2505216
mem:  2494464
mem:  2479104
mem:  2509824
mem:  2491904
mem:  2487296
mem:  2514432
mem:  2502656
mem:  2511360
mem:  2512896
mem:  2510848
mem:  2518528
mem:  2521088
mem:  2509312
mem:  2524160
mem:  2522112
mem:  2506752
mem:  2525184
mem:  2520576
mem:  2528256
mem:  2535936
mem:  2466816
mem:  2503680
mem:  2485760
mem:  2483712
mem:  2518016
mem:  2512384
mem:  2507776
mem:  2532352
mem:  2533888
mem:  2500096
mem:  2520064
mem:  2522624
mem:  2536448
mem:  2514944
mem:  2510336
mem:  2498560
mem:  2539008
mem:  2518528
mem:  2549248
mem:  2511872
mem:  2552320
mem:  2514944
mem:  2528768
mem:  2553344
mem:  2529280
mem:  2536960
mem:  2542080
mem:  2518016
mem:  2545152
mem:  2549248
mem:  2554368
mem:  2569216
mem:  2570752
mem:  2562560
mem:  2556928
mem:  2569216
mem:  2557440
mem:  2526208
mem:  2589696
mem:  2575360
mem:  2534400
mem:  2558976
mem:  2592256
mem:  2591232
mem:  2566144
mem:  2587136
mem:  2592256
mem:  2570752
mem:  2585600
mem:  2596864
mem:  2578944
mem:  2567168
mem:  2578432
mem:  2573824
mem:  2620416
mem:  2612224
mem:  2562560
mem:  2576384
mem:  2607104
mem:  2569728
mem:  2606592
mem:  2572800
mem:  2597376
mem:  2589184
mem:  2619904
mem:  2608128
mem:  2616832
mem:  2620928
mem:  2632192
mem:  2604544
mem:  2631680
mem:  2634240
mem:  2618880
mem:  2608128
mem:  2631680
mem:  2617344
mem:  2618880
mem:  2632704
mem:  2602496
mem:  2649088
mem:  2640896
mem:  2616832
mem:  2640384
mem:  2629632
mem:  2611712
mem:  2635264
mem:  2647552
mem:  2626048
mem:  2656768
mem:  2648576
mem:  2633216
mem:  2635776
mem:  2665472
mem:  2660864
mem:  2659840
mem:  2663936
mem:  2646016
mem:  2651136
mem:  2672128
mem:  2673664
mem:  2691072
mem:  2692608
mem:  2691584
mem:  2685952
mem:  2681344
mem:  2695168
mem:  2697728
mem:  2695680
mem:  2699776
mem:  2704896
mem:  2686976
mem:  2707968
mem:  2709504
mem:  2711040
mem:  2712576
mem:  2714112
mem:  2709504
mem:  2717184
mem:  2708992
mem:  2720256
mem:  2721792
mem:  2711040
mem:  2724864
mem:  2716672
mem:  2721792
mem:  2726912
mem:  2724864
mem:  2726400
mem:  2727936
mem:  2723328
mem:  2733568
mem:  2738688
mem:  2740224
mem:  2735616
mem:  2733568
mem:  2738688
mem:  2736640
mem:  2744320
mem:  2749440
mem:  2741248
mem:  2742784
mem:  2747904
mem:  2755584
mem:  2757120
mem:  2755072
mem:  2760192
mem:  2761728
mem:  2760704
mem:  2764800
mem:  2760192
mem:  2758144
mem:  2759680
mem:  2768384
mem:  2769920
mem:  2774016
mem:  2775552
mem:  2777088
mem:  2776064
mem:  2780160
mem:  2779136
mem:  2763776
mem:  2784768
mem:  2782720
mem:  2784256
mem:  2779648
mem:  2790912
mem:  2779136
mem:  2784256
mem:  2792960
mem:  2797056
mem:  2796032
mem:  2800128
mem:  2799104
mem:  2793472
mem:  2802176
mem:  2800128
mem:  2805248
mem:  2809344
mem:  2798592
mem:  2808832
mem:  2807808
mem:  2811904
mem:  2813440
mem:  2808832
mem:  2810368
mem:  2805760
mem:  2817024
mem:  2808832
mem:  2826240
mem:  2827776
mem:  2823168
mem:  2827264
mem:  2826240
mem:  2831360
mem:  2835456
mem:  2836992
mem:  2819072
mem:  2840064
mem:  2829312
mem:  2836992
mem:  2805760
mem:  2817024
mem:  2799104
mem:  2806784
mem:  2811904
mem:  2842624
mem:  2851328
mem:  2839552
mem:  2788864
mem:  2826752
mem:  2828288
mem:  2810368
mem:  2863104
mem:  2793984
mem:  2860032
mem:  2844672
mem:  2849792
mem:  2825728
mem:  2852864
mem:  2854400
mem:  2863104
mem:  2814976
mem:  2862592
mem:  2864128
mem:  2855936
mem:  2867200
mem:  2874880
mem:  2883584
mem:  2868224
mem:  2838016
mem:  2881024
mem:  2880000
mem:  2871808
mem:  2882048
mem:  2832384
mem:  2830336
mem:  2893824
mem:  2866176
mem:  2880000
mem:  2878976
mem:  2870784
mem:  2904064
mem:  2886144
mem:  2829312
mem:  2879488
mem:  2894336
mem:  2883584
mem:  2907136
mem:  2898944
mem:  2910208
mem:  2908160
mem:  2907136
mem:  2889216
mem:  2890752
mem:  2914304
mem:  2890240
mem:  2901504
mem:  2926080
mem:  2931200
mem:  2932736
mem:  2927104
mem:  2903040
mem:  2917888
mem:  2921984
mem:  2911232
mem:  2934784
mem:  2884096
mem:  2931712
mem:  2919936
mem:  2921472
mem:  2932736
mem:  2912256
mem:  2932224
mem:  2934784
mem:  2945024
mem:  2940416
mem:  2926080
mem:  2956800
mem:  2964480
mem:  2959872
mem:  2951680
mem:  2939904
mem:  2941440
mem:  2962432
mem:  2934784
mem:  2913280
mem:  2974208
mem:  2935808
mem:  2925056
mem:  2961920
mem:  2947584
mem:  2968576
mem:  2924032
mem:  2977792
mem:  2963456
mem:  2980864
mem:  2940928
mem:  2974208
mem:  2979328
mem:  2961408
mem:  2982400
mem:  2987520
mem:  2989056
mem:  2987008
mem:  2961920
mem:  2996224
mem:  2991616
mem:  2966528
mem:  3004416
mem:  2996224
mem:  2984448
mem:  3009024
mem:  2991104
mem:  2982912
mem:  2997760
mem:  2995712
mem:  3013120
mem:  2995200
mem:  3003904
mem:  2994688
mem:  3013120
mem:  2995200
mem:  3009024
mem:  3027456
mem:  3035136
mem:  3013632
mem:  3028480
mem:  3020288
mem:  3018240
mem:  3042816
mem:  3015168
mem:  3013120
mem:  3035136
mem:  3013632
mem:  3024896
mem:  3042304
mem:  3041280
mem:  3055104
mem:  3046912
mem:  3038720
mem:  3040256
mem:  3051520
mem:  3062784
mem:  3028992
mem:  3043840
mem:  3054080
mem:  3043328
mem:  3058176
mem:  3056128
mem:  3060224
mem:  3065344
mem:  3041280
mem:  3035648
mem:  3067392
mem:  3071488
mem:  3073024
mem:  3068416
mem:  3069952
mem:  3081216
mem:  3069440
mem:  3045376
mem:  3076096
mem:  3089920
mem:  3033088
mem:  3064832
mem:  3072512
mem:  3070464
mem:  3062272
mem:  3083264
mem:  3091968
mem:  3096064
mem:  3052544
mem:  3079680
mem:  3090944
mem:  3096064
mem:  3097600
mem:  3082240
mem:  3087360
mem:  3114496
mem:  3119616
mem:  3082240
mem:  3116544
mem:  3095040
mem:  3122176
mem:  3078656
mem:  3096064
mem:  3118080
mem:  3122176
mem:  3127296
mem:  3099648
mem:  3120640
mem:  3131904
mem:  3106816
mem:  3092480
mem:  3123200
mem:  3095552
mem:  3122688
mem:  3125248
mem:  3148800
mem:  3134464
mem:  3142144
mem:  3149824
mem:  3148800
mem:  3150336
mem:  3148288
mem:  3159552
mem:  3154944
mem:  3149312
mem:  3161600
mem:  3149824
mem:  3161088
mem:  3168768
mem:  3160576
mem:  3165696
mem:  3167232
mem:  3171328
mem:  3172864
mem:  3177984
mem:  3173376
mem:  3171328
mem:  3172864
mem:  3174400
mem:  3182080
mem:  3181056
mem:  3172864
mem:  3186688
mem:  3172352
mem:  3183616
mem:  3194880
mem:  3193856
mem:  3178496
mem:  3183616
mem:  3197440
mem:  3202560
mem:  3200512
mem:  3199488
mem:  3201024
mem:  3206144
mem:  3200512
mem:  3195904
mem:  3213312
mem:  3211264
mem:  3206656
mem:  3215360
mem:  3207168
mem:  3201536
mem:  3206656
mem:  3208192
mem:  3215872
mem:  3220992
mem:  3228672
mem:  3220480
mem:  3229184
mem:  3230720
mem:  3228672
mem:  3230208
mem:  3235328
mem:  3235840
mem:  3237376
mem:  3229184
mem:  3244032
mem:  3235840
mem:  3221504
mem:  3245056
mem:  3247616
mem:  3241984
mem:  3253248
mem:  3251200
mem:  3240448
mem:  3255296
mem:  3247104
mem:  3251200
mem:  3262464
mem:  3264000
mem:  3253248
mem:  3251200
mem:  3262464
mem:  3250688
mem:  3246080
mem:  3273216
mem:  3272192
mem:  3273728
mem:  3255808
mem:  3279360
mem:  3280896
mem:  3260416
mem:  3254784
mem:  3285504
mem:  3280896
mem:  3282432
mem:  3287552
mem:  3281920
mem:  3273728
mem:  3292160
mem:  3286528
mem:  3297792
mem:  3279872
mem:  3297280
mem:  3296256
mem:  3294208
mem:  3253248
mem:  3291136
mem:  3295232
mem:  3294208
mem:  3311616
mem:  3283968
mem:  3285504
mem:  3271168
mem:  3298304
mem:  3319296
mem:  3266048
mem:  3293184
mem:  3308032
mem:  3299840
mem:  3291648
mem:  3309056
mem:  3291136
mem:  3331584
mem:  3300352
mem:  3334656
mem:  3313152
mem:  3308544
mem:  3326976
mem:  3337216
mem:  3332608
mem:  3324416
mem:  3345408
mem:  3298304
mem:  3338752
mem:  3340288
mem:  3341824
mem:  3311616
mem:  3354624
mem:  3346432
mem:  3351552
mem:  3333632
mem:  3319296
mem:  3359744
mem:  3354112
mem:  3345920
mem:  3353600
mem:  3325952
mem:  3337216
mem:  3365376
mem:  3340288
mem:  3352576
mem:  3353088
mem:  3375104
mem:  3343872
mem:  3380736
mem:  3376128
mem:  3367936
mem:  3326976
mem:  3361280
mem:  3378688
mem:  3374080
mem:  3362304
mem:  3393024
mem:  3382272
mem:  3396096
mem:  3348992
mem:  3363840
mem:  3400704
mem:  3396096
mem:  3384320
mem:  3402752
mem:  3374080
mem:  3404800
mem:  3394048
mem:  3405312
mem:  3390976
mem:  3404800
mem:  3390464
mem:  3384832
mem:  3399680
mem:  3420672
mem:  3373568
mem:  3404288
mem:  3425280
mem:  3395072
mem:  3425792
mem:  3400704
mem:  3399680
mem:  3413504
mem:  3415040
mem:  3384832
mem:  3405824
mem:  3429376
mem:  3407872
mem:  3429888
mem:  3414528
mem:  3432960
mem:  3440640
mem:  3444736
mem:  3440128
mem:  3422208
mem:  3404288
mem:  3431424
mem:  3456000
