SLURM_JOBID=5049637
SLURM_JOB_NODELIST=svl3
SLURM_NNODES=1
SLURMTMPDIR=
working directory = /viscam/projects/objectfolder_benchmark/benchmarks/Multi_Sensory_3D_Reconstruction/code/models/MDN
Start_idx:  173
mem:  1536
mem:  1884672
mem:  1866240
mem:  1890816
mem:  1902080
mem:  1893888
mem:  1930752
mem:  1889792
mem:  1914368
mem:  1886720
mem:  1921024
mem:  1895936
mem:  1920512
mem:  1908736
mem:  1917440
mem:  1912832
mem:  1897472
mem:  1905152
mem:  1923584
mem:  1915392
mem:  1907200
mem:  1930752
mem:  1923584
mem:  1925120
mem:  1923072
mem:  1924608
mem:  1922560
mem:  1937408
mem:  1931776
mem:  1944064
mem:  1932288
mem:  1949696
mem:  1957376
mem:  1913856
mem:  1954304
mem:  1952256
mem:  1951232
mem:  1956352
mem:  1967616
mem:  1948672
mem:  1959936
mem:  1942016
mem:  1944576
mem:  1955840
mem:  1959936
mem:  1957888
mem:  1992192
mem:  1958400
mem:  1959936
mem:  1957888
mem:  1972736
mem:  1984000
mem:  1956352
mem:  1987072
mem:  1969152
mem:  1973248
mem:  1981952
mem:  1993216
mem:  2004480
mem:  1976832
mem:  1988096
mem:  1972736
mem:  1971712
mem:  1982976
mem:  1968640
mem:  1999360
mem:  2000896
mem:  2011136
mem:  1990656
mem:  1992192
mem:  1990144
mem:  2004992
mem:  2016256
mem:  1991168
mem:  1986560
mem:  2023424
mem:  2002944
mem:  2004480
mem:  1999872
mem:  2042880
mem:  2001920
mem:  2023936
mem:  2028032
mem:  2033152
mem:  1986048
mem:  2032640
mem:  2018304
mem:  2025984
mem:  2008064
mem:  2032640
mem:  2011136
mem:  2025984
mem:  2043392
mem:  2021888
mem:  2023424
mem:  2024960
mem:  2033664
mem:  2070528
mem:  2046464
mem:  2048000
