SLURM_JOBID=5049893
SLURM_JOB_NODELIST=svl9
SLURM_NNODES=1
SLURMTMPDIR=
working directory = /viscam/projects/objectfolder_benchmark/benchmarks/Multi_Sensory_3D_Reconstruction/code/models/MDN
Start_idx:  465
mem:  1536
mem:  1862656
mem:  1899008
mem:  1894400
mem:  1879040
mem:  1919488
mem:  1882112
mem:  1918976
mem:  1911808
mem:  1890304
mem:  1917440
mem:  1918976
mem:  1897472
mem:  1908736
mem:  1907712
mem:  1882624
mem:  1901056
mem:  1914880
mem:  1884672
mem:  1915392
mem:  1926656
mem:  1928192
mem:  1935872
mem:  1911808
mem:  1925632
mem:  1914880
mem:  1906688
mem:  1924096
mem:  1941504
mem:  1943040
mem:  1935872
mem:  1933824
mem:  1922048
mem:  1943040
mem:  1934848
mem:  1949696
mem:  1931776
mem:  1949184
mem:  1979904
mem:  1942528
mem:  1982976
mem:  1913856
mem:  1986048
mem:  1932800
mem:  1946624
mem:  1961472
mem:  1953280
mem:  1948672
mem:  1995264
mem:  1967616
mem:  1955840
mem:  1968128
mem:  1979392
mem:  1912832
mem:  1965568
mem:  1960960
mem:  2007552
mem:  1954304
mem:  2010624
mem:  1992704
mem:  1962496
mem:  1972736
mem:  1997312
mem:  1982976
mem:  1948160
mem:  2001920
mem:  2022912
mem:  2024448
mem:  2000384
mem:  1982464
mem:  2029056
mem:  1998848
mem:  1996800
mem:  1978880
mem:  2029056
mem:  2017280
mem:  2015232
mem:  1961984
mem:  2021888
mem:  2023424
mem:  2044416
mem:  2022912
mem:  2014720
mem:  2000384
mem:  2009088
mem:  2019328
mem:  2011136
mem:  2006528
mem:  2011648
mem:  2019328
mem:  2018304
mem:  2025984
mem:  2037248
mem:  2012160
mem:  2033152
mem:  2015232
mem:  2023936
mem:  2019328
mem:  2029568
mem:  2048000
