SLURM_JOBID=5050192
SLURM_JOB_NODELIST=svl2
SLURM_NNODES=1
SLURMTMPDIR=
working directory = /viscam/projects/objectfolder_benchmark/benchmarks/Multi_Sensory_3D_Reconstruction/code/models/MDN
Start_idx:  776
mem:  1536
mem:  1888256
mem:  1882112
mem:  1864192
mem:  1894912
mem:  1929216
mem:  1868800
mem:  1916416
mem:  1904640
mem:  1906176
mem:  1905152
mem:  1925120
mem:  1898496
mem:  1941504
mem:  1923584
mem:  1912832
mem:  1904640
mem:  1892864
mem:  1904128
mem:  1918976
mem:  1926656
mem:  1918464
mem:  1929728
mem:  1927680
mem:  1919488
mem:  1914880
mem:  1942016
mem:  1911808
mem:  1915904
mem:  1966080
mem:  1925120
mem:  1949696
mem:  1948672
mem:  1946624
mem:  1928704
mem:  1949696
mem:  1953792
mem:  1974784
mem:  1960448
mem:  1955840
mem:  1967104
mem:  1939456
mem:  1960448
mem:  1923072
mem:  1969664
mem:  1955328
mem:  1960448
mem:  1961984
mem:  1963520
mem:  1967616
mem:  1969152
mem:  1964544
mem:  1966080
mem:  1983488
mem:  1981440
mem:  2006016
mem:  1991680
mem:  1956864
mem:  1991168
mem:  1982976
mem:  1974784
mem:  1989632
mem:  1997312
mem:  1969664
mem:  1987072
mem:  1986048
mem:  1990144
mem:  1989120
mem:  1973760
mem:  1988608
mem:  2025472
mem:  2008576
mem:  1990656
mem:  1992192
mem:  1996288
mem:  2014720
mem:  2006528
mem:  1971712
mem:  2021888
mem:  2023424
mem:  1992192
mem:  2003456
mem:  2014720
mem:  2023424
mem:  2050560
mem:  2030080
mem:  2030592
mem:  2055168
mem:  2021376
mem:  2042368
mem:  2043904
mem:  2002944
mem:  2039808
mem:  2006016
mem:  2040320
mem:  2024960
mem:  2026496
mem:  2048512
mem:  2029568
mem:  2038272
