SLURM_JOBID=5050144
SLURM_JOB_NODELIST=svl1
SLURM_NNODES=1
SLURMTMPDIR=
working directory = /viscam/projects/objectfolder_benchmark/benchmarks/Multi_Sensory_3D_Reconstruction/code/models/MDN
Start_idx:  751
mem:  1536
mem:  1921024
mem:  1895424
mem:  1906688
mem:  1876480
mem:  1926656
mem:  1930752
mem:  1877504
mem:  1921536
mem:  1854976
mem:  1933312
mem:  1916416
mem:  1887744
mem:  1902592
mem:  1927168
mem:  1940992
mem:  1933824
mem:  1931776
mem:  1929728
mem:  1911808
mem:  1938944
mem:  1912320
mem:  1939456
mem:  1915392
mem:  1945088
mem:  1934336
mem:  1961472
mem:  1930240
mem:  1922048
mem:  1907712
mem:  1926144
mem:  1908224
mem:  1948672
mem:  1927168
mem:  1957888
mem:  1961984
mem:  1947648
mem:  1972224
mem:  1964032
mem:  1952256
mem:  1934336
mem:  1913856
mem:  1964032
mem:  1909760
mem:  1963520
mem:  1948160
mem:  1950720
mem:  1942528
mem:  1995264
mem:  1965056
mem:  1975296
mem:  1958400
mem:  1962496
mem:  1954304
mem:  1946112
mem:  1999872
mem:  1995264
mem:  1970176
mem:  1920512
mem:  1963520
mem:  1974784
mem:  1972736
mem:  1981440
mem:  1998848
mem:  2003968
mem:  1972736
mem:  1977856
mem:  1966080
mem:  1994240
mem:  1994752
mem:  1976832
mem:  1995264
mem:  1993216
mem:  1994752
mem:  1970688
mem:  1988096
mem:  2016256
mem:  2033664
mem:  1992704
mem:  2023424
mem:  1992192
mem:  2023936
mem:  2034176
mem:  2007552
mem:  1989632
mem:  2032640
mem:  2018304
mem:  2023424
mem:  2005504
mem:  1997312
mem:  2004992
mem:  1983488
mem:  2056704
mem:  2032640
mem:  2063360
mem:  2035712
mem:  2068992
mem:  2044928
mem:  2033152
mem:  2067456
