SLURM_JOBID=5050295
SLURM_JOB_NODELIST=svl9
SLURM_NNODES=1
SLURMTMPDIR=
working directory = /viscam/projects/objectfolder_benchmark/benchmarks/Multi_Sensory_3D_Reconstruction/code/models/MDN
Start_idx:  928
mem:  1536
mem:  1897984
mem:  1885696
mem:  1890816
mem:  1892352
mem:  1903616
mem:  1899008
mem:  1912832
mem:  1882624
mem:  1919488
mem:  1911296
mem:  1932288
mem:  1897472
mem:  1876992
mem:  1923584
mem:  1938432
mem:  1887744
mem:  1944064
mem:  1929728
mem:  1889792
mem:  1923072
mem:  1951232
mem:  1929728
mem:  1921536
mem:  1946112
mem:  1914880
mem:  1926144
mem:  1963008
mem:  1942528
mem:  1956352
mem:  1925120
mem:  1943552
mem:  1879552
mem:  1911296
mem:  1957888
mem:  1932800
mem:  1964544
mem:  1945600
mem:  1931264
mem:  1977856
mem:  1976832
mem:  1949184
mem:  1902080
mem:  1948672
mem:  1953792
mem:  1955328
mem:  1953280
mem:  1987584
mem:  1963520
mem:  1964032
mem:  1969152
mem:  1948672
mem:  1966080
mem:  1987072
mem:  2004480
mem:  1990144
mem:  1997824
mem:  1993216
mem:  1975296
mem:  1979392
mem:  1968640
mem:  1992192
mem:  1994752
mem:  2015744
mem:  2010112
mem:  1976320
mem:  2016768
mem:  2014720
mem:  1983488
mem:  1972736
mem:  1980416
mem:  2004992
mem:  1989632
mem:  2020352
mem:  1999872
mem:  1985536
mem:  1989632
mem:  1985024
mem:  2012160
mem:  2007552
mem:  2021376
mem:  2020352
mem:  2002432
mem:  1997824
mem:  2005504
mem:  2042368
mem:  1989120
mem:  2041856
mem:  2027520
mem:  2058240
mem:  2040320
mem:  2016256
mem:  2062848
mem:  2064384
mem:  2065920
mem:  2055168
mem:  2046976
mem:  2008576
mem:  2042880
mem:  2044416
