SLURM_JOBID=5050131
SLURM_JOB_NODELIST=svl1
SLURM_NNODES=1
SLURMTMPDIR=
working directory = /viscam/projects/objectfolder_benchmark/benchmarks/Multi_Sensory_3D_Reconstruction/code/models/MDN
Start_idx:  742
mem:  1536
mem:  1923584
mem:  1908736
mem:  1881088
mem:  1924096
mem:  1916928
mem:  1901568
mem:  1922560
mem:  1927680
mem:  1923072
mem:  1917440
mem:  1893376
mem:  1930240
mem:  1906176
mem:  1939456
mem:  1938432
mem:  1946112
mem:  1928192
mem:  1943040
mem:  1931264
mem:  1923072
mem:  1928192
mem:  1949184
mem:  1950720
mem:  1954816
mem:  1959936
mem:  1906688
mem:  1943552
mem:  1960960
mem:  1963520
mem:  1967616
mem:  1939968
mem:  1960960
mem:  1966080
mem:  1964032
mem:  1971712
mem:  1974272
mem:  1962496
mem:  1970176
mem:  1968128
mem:  1973248
mem:  1961472
mem:  1976320
mem:  1987584
mem:  1973248
mem:  1978368
mem:  1939968
mem:  1974272
mem:  1989120
mem:  1987072
mem:  1976320
mem:  1990144
mem:  1995264
mem:  2002944
mem:  2001920
mem:  1990144
mem:  2001408
mem:  2002944
mem:  2000896
mem:  1950208
mem:  2011136
mem:  2001920
mem:  2000896
mem:  1998848
mem:  2017280
mem:  2001920
mem:  2022912
mem:  2021888
mem:  2025984
mem:  2005504
mem:  2029056
mem:  1981952
mem:  2006528
mem:  2030080
mem:  2025472
mem:  2011136
mem:  2012672
mem:  2039808
mem:  2035200
mem:  2017280
mem:  2015232
mem:  2045952
mem:  2031616
mem:  2019840
mem:  2050560
mem:  2007040
mem:  2047488
mem:  2049024
mem:  2054144
mem:  2058240
mem:  2059776
mem:  2048000
mem:  2014208
mem:  2044928
mem:  2001408
mem:  2045440
mem:  2062848
mem:  2058240
mem:  2023424
mem:  2067456
