SLURM_JOBID=5050223
SLURM_JOB_NODELIST=svl10
SLURM_NNODES=1
SLURMTMPDIR=
working directory = /viscam/projects/objectfolder_benchmark/benchmarks/Multi_Sensory_3D_Reconstruction/code/models/MDN
Start_idx:  800
mem:  1536
mem:  1910272
mem:  1899008
mem:  1906688
mem:  1927680
mem:  1929216
mem:  1905152
mem:  1912832
mem:  1933824
mem:  1935360
mem:  1914880
mem:  1934848
mem:  1937408
mem:  1937920
mem:  1917440
mem:  1944576
mem:  1939968
mem:  1912320
mem:  1935872
mem:  1947136
mem:  1939968
mem:  1937920
mem:  1951744
mem:  1933824
mem:  1958400
mem:  1957376
mem:  1951744
mem:  1940992
mem:  1964544
mem:  1930752
mem:  1954304
mem:  1949696
mem:  1947648
mem:  1966080
mem:  1973760
mem:  1961984
mem:  1976832
mem:  1927168
mem:  1973760
mem:  1971712
mem:  1953792
mem:  1984512
mem:  1986048
mem:  1952256
mem:  1973248
mem:  1987072
mem:  1953280
mem:  1968128
mem:  1995264
mem:  1955328
mem:  1963008
mem:  1997312
mem:  2001408
mem:  1977344
mem:  2004480
mem:  1976832
mem:  2003968
mem:  1931264
mem:  1991168
mem:  2002432
mem:  2007552
mem:  1979904
mem:  2016768
mem:  2006016
mem:  1994240
mem:  2018816
mem:  1997312
mem:  1992704
mem:  2019840
mem:  1992192
mem:  2016768
mem:  1995264
mem:  2032128
mem:  2011648
mem:  2003456
mem:  2023424
mem:  2038272
mem:  2037248
mem:  2031616
mem:  2013696
mem:  2021376
mem:  2045952
mem:  2021888
mem:  2029568
mem:  2015232
mem:  2052096
mem:  2018304
mem:  2039296
mem:  2056704
mem:  2052096
mem:  2020864
mem:  2028544
mem:  2037248
mem:  2054656
mem:  2053632
mem:  2063872
mem:  2037248
mem:  2070528
mem:  2062336
mem:  2032128
