SLURM_JOBID=5050219
SLURM_JOB_NODELIST=svl9
SLURM_NNODES=1
SLURMTMPDIR=
working directory = /viscam/projects/objectfolder_benchmark/benchmarks/Multi_Sensory_3D_Reconstruction/code/models/MDN
Start_idx:  797
mem:  1536
mem:  1907712
mem:  1905152
mem:  1904128
mem:  1898496
mem:  1929216
mem:  1930752
mem:  1926144
mem:  1914368
mem:  1929216
mem:  1934336
mem:  1938432
mem:  1933824
mem:  1929216
mem:  1939456
mem:  1942016
mem:  1930240
mem:  1915904
mem:  1926144
mem:  1950720
mem:  1952256
mem:  1944064
mem:  1949184
mem:  1954304
mem:  1948672
mem:  1937920
mem:  1961472
mem:  1959424
mem:  1960960
mem:  1956352
mem:  1955328
mem:  1920512
mem:  1960960
mem:  1917440
mem:  1973760
mem:  1971712
mem:  1974272
mem:  1952768
mem:  1979904
mem:  1961984
mem:  1976832
mem:  1984512
mem:  1972736
mem:  1987584
mem:  1975808
mem:  1965056
mem:  1982464
mem:  1980416
mem:  1989120
mem:  1996800
mem:  1998336
mem:  1997312
mem:  2001408
mem:  1970176
mem:  2004480
mem:  2003456
mem:  2001408
mem:  1989632
mem:  2004480
mem:  1990144
mem:  2011136
mem:  1982464
mem:  2003456
mem:  2008576
mem:  2017280
mem:  2005504
mem:  2013184
mem:  1992704
mem:  2010112
mem:  2014208
mem:  2003456
mem:  2027008
mem:  2029568
mem:  2023936
mem:  2032640
mem:  2020864
mem:  2034688
mem:  2033664
mem:  2029056
mem:  2039296
mem:  2038272
mem:  2036224
mem:  2043904
mem:  2027008
mem:  2048000
mem:  2049536
mem:  2001408
mem:  2049024
mem:  2053120
mem:  2019328
mem:  2030592
mem:  2057728
mem:  2062848
mem:  2064384
mem:  2042880
mem:  2063872
mem:  2056704
mem:  2070528
mem:  2046464
mem:  2073600
