SLURM_JOBID=5049191
SLURM_JOB_NODELIST=svl7
SLURM_NNODES=1
SLURMTMPDIR=
working directory = /viscam/projects/objectfolder_benchmark/benchmarks/Multi_Sensory_3D_Reconstruction/code/models/MDN
Start_idx:  41
mem:  1536
mem:  1923584
mem:  1914880
mem:  1890816
mem:  1882624
mem:  1909760
mem:  1868800
mem:  1920000
mem:  1924096
mem:  1922048
mem:  1897984
mem:  1932288
mem:  1939968
mem:  1908736
mem:  1923584
mem:  1928704
mem:  1946112
mem:  1931776
mem:  1913856
mem:  1915392
mem:  1949696
mem:  1950208
mem:  1922560
mem:  1950720
mem:  1926656
mem:  1924608
mem:  1889792
mem:  1950720
mem:  1938944
mem:  1930752
mem:  1922560
mem:  1939968
mem:  1922048
mem:  1956352
mem:  1964032
mem:  1936384
mem:  1963520
mem:  1968640
mem:  1956864
mem:  1981440
mem:  1963520
mem:  1974784
mem:  1976320
mem:  1971712
mem:  1957376
mem:  1974784
mem:  1986048
mem:  1974272
mem:  1959936
mem:  1971200
mem:  1978880
mem:  1984000
mem:  1995264
mem:  1983488
mem:  2001920
mem:  1980416
mem:  1994240
mem:  1989632
mem:  2010624
mem:  2006016
mem:  1984512
mem:  2015232
mem:  2007040
mem:  1973248
mem:  2013696
mem:  2021376
mem:  1997312
mem:  1995264
mem:  2002944
mem:  1992192
mem:  2009600
mem:  2020864
mem:  2028544
mem:  2011648
mem:  2019328
mem:  2007552
mem:  2038272
mem:  2039808
mem:  2021888
mem:  2010112
mem:  2021376
mem:  2030080
mem:  2008576
mem:  2029568
mem:  2015232
mem:  2026496
mem:  2034176
mem:  2016256
mem:  2021376
mem:  2052096
mem:  2040320
mem:  2038272
mem:  2053120
mem:  2021888
mem:  2040320
mem:  2048000
mem:  2062848
mem:  2064384
mem:  2062336
mem:  2054144
mem:  2065408
mem:  2041344
mem:  2042880
mem:  2046976
mem:  2016768
mem:  1979392
mem:  2039296
mem:  2050560
mem:  2061824
mem:  2057216
mem:  2064896
mem:  2060288
mem:  2067968
mem:  2073088
mem:  2061312
mem:  2062848
mem:  2064384
mem:  2081792
mem:  2071040
mem:  2075136
mem:  2082816
mem:  2074624
mem:  2040832
mem:  2065408
mem:  2076672
mem:  2071040
mem:  2076160
mem:  2083840
mem:  2065920
mem:  2109952
mem:  2095616
mem:  2087424
mem:  2091520
mem:  2077184
mem:  2101760
mem:  2103296
mem:  2091520
mem:  2106368
mem:  2072576
mem:  2113024
mem:  2114560
mem:  2077184
mem:  2110464
mem:  2089984
mem:  2084352
mem:  2099200
mem:  2122752
mem:  2115584
mem:  2117120
mem:  2115072
mem:  2119168
mem:  2095104
mem:  2086912
mem:  2114048
mem:  2135040
mem:  2081792
mem:  2106368
mem:  2139648
mem:  2141184
mem:  2124288
mem:  2141696
mem:  2145792
mem:  2154496
mem:  2148864
mem:  2151424
mem:  2139648
mem:  2098688
mem:  2109952
mem:  2150400
mem:  2171392
mem:  2179072
mem:  2116096
mem:  2156544
mem:  2138624
mem:  2186240
mem:  2161152
mem:  2159104
mem:  2154496
mem:  2142720
mem:  2167296
mem:  2165248
mem:  2176512
mem:  2159616
mem:  2153984
mem:  2178560
mem:  2154496
mem:  2168320
mem:  2163712
mem:  2161664
mem:  2189824
mem:  2161152
mem:  2192896
mem:  2187264
mem:  2182656
mem:  2190336
mem:  2207744
mem:  2189824
mem:  2198528
mem:  2190336
mem:  2194432
mem:  2158080
mem:  2191360
mem:  2169856
mem:  2155520
mem:  2202112
mem:  2216960
mem:  2192896
mem:  2194432
mem:  2221568
mem:  2197504
mem:  2201600
mem:  2212864
mem:  2205696
mem:  2209792
mem:  2182144
mem:  2200576
mem:  2230272
mem:  2232832
mem:  2221056
mem:  2234880
mem:  2171904
mem:  2206208
mem:  2194432
mem:  2238464
mem:  2240000
mem:  2199040
mem:  2210304
mem:  2238464
mem:  2226688
mem:  2222080
mem:  2187264
mem:  2270208
mem:  2225664
mem:  2199040
mem:  2248192
mem:  2227712
mem:  2235392
mem:  2250240
mem:  2212864
mem:  2201088
mem:  2254848
mem:  2201600
mem:  2254336
mem:  2253312
mem:  2218496
mem:  2220032
mem:  2211840
mem:  2287616
mem:  2218496
mem:  2255360
mem:  2263040
mem:  2281472
mem:  2234368
mem:  2265088
mem:  2243584
mem:  2225664
mem:  2275840
mem:  2271232
mem:  2263040
mem:  2270720
mem:  2288128
mem:  2289664
mem:  2269184
mem:  2257408
mem:  2272256
mem:  2264064
mem:  2304512
mem:  2263552
mem:  2300416
mem:  2260480
mem:  2281472
mem:  2312192
mem:  2284544
mem:  2256896
mem:  2297344
mem:  2298880
mem:  2319872
mem:  2344448
mem:  2315776
mem:  2297856
mem:  2316288
mem:  2282496
mem:  2286592
mem:  2278400
mem:  2324992
mem:  2275328
mem:  2325504
mem:  2294272
mem:  2309120
mem:  2310656
mem:  2328064
mem:  2300416
mem:  2331136
mem:  2326528
mem:  2301440
mem:  2312704
mem:  2315264
mem:  2329088
mem:  2347520
mem:  2329600
mem:  2343424
mem:  2329088
mem:  2359808
mem:  2357760
mem:  2362880
mem:  2383872
mem:  2359808
mem:  2334720
mem:  2371584
mem:  2370560
mem:  2362368
mem:  2399232
mem:  2368000
mem:  2373120
mem:  2374656
mem:  2383360
mem:  2374144
mem:  2398720
mem:  2409984
mem:  2382336
mem:  2383872
mem:  2372096
mem:  2380800
mem:  2382336
mem:  2364416
mem:  2368512
mem:  2402816
mem:  2381312
mem:  2357248
mem:  2381824
mem:  2418688
mem:  2381312
mem:  2382848
mem:  2407424
mem:  2393088
mem:  2403328
mem:  2402304
mem:  2403840
mem:  2427392
mem:  2399744
mem:  2404864
mem:  2409984
mem:  2407936
mem:  2426368
mem:  2447360
mem:  2422272
mem:  2433536
mem:  2413056
mem:  2420736
mem:  2451456
mem:  2420224
mem:  2412032
mem:  2436608
mem:  2444288
mem:  2420224
mem:  2431488
mem:  2429440
mem:  2434560
mem:  2455552
mem:  2469376
mem:  2425856
mem:  2437120
mem:  2422784
mem:  2463232
mem:  2461184
mem:  2460160
mem:  2461696
mem:  2442752
mem:  2434560
mem:  2475008
mem:  2464256
mem:  2485248
mem:  2470912
mem:  2459136
mem:  2486272
mem:  2475520
mem:  2463744
mem:  2448384
mem:  2470400
mem:  2455040
mem:  2479616
mem:  2467840
mem:  2488832
mem:  2493952
mem:  2476032
mem:  2487296
mem:  2488832
mem:  2474496
mem:  2478592
mem:  2480128
mem:  2485248
mem:  2500096
mem:  2507776
mem:  2486272
mem:  2524160
mem:  2515968
mem:  2497024
mem:  2482688
mem:  2500096
mem:  2508800
mem:  2520064
mem:  2514432
mem:  2539008
mem:  2491904
mem:  2535936
mem:  2501120
mem:  2542592
mem:  2543104
mem:  2548224
mem:  2540032
mem:  2518528
mem:  2552832
mem:  2544640
mem:  2536448
mem:  2551296
mem:  2523648
mem:  2548224
mem:  2546176
mem:  2551296
mem:  2543104
mem:  2547200
mem:  2548736
mem:  2540544
mem:  2565120
mem:  2566656
mem:  2574336
mem:  2550272
mem:  2564096
mem:  2563072
mem:  2561024
mem:  2582016
mem:  2583552
mem:  2569216
mem:  2580480
mem:  2582016
mem:  2570240
mem:  2581504
mem:  2583040
mem:  2572288
mem:  2586112
mem:  2581504
mem:  2586624
mem:  2580992
mem:  2595840
mem:  2600960
mem:  2585600
mem:  2583552
mem:  2586112
mem:  2596352
mem:  2605056
mem:  2589696
mem:  2600960
mem:  2609664
mem:  2611200
mem:  2603008
mem:  2600960
mem:  2606080
mem:  2619904
mem:  2609152
mem:  2610688
mem:  2596352
mem:  2616320
mem:  2621440
mem:  2619392
mem:  2630656
mem:  2619904
mem:  2608128
mem:  2638848
mem:  2637824
mem:  2618880
mem:  2627584
mem:  2619392
mem:  2630656
mem:  2628608
mem:  2624000
mem:  2631680
mem:  2642944
mem:  2641920
mem:  2646016
mem:  2644992
mem:  2635776
mem:  2650624
mem:  2652160
mem:  2651136
mem:  2658816
mem:  2660352
mem:  2661888
mem:  2653696
mem:  2671104
mem:  2662912
mem:  2661888
mem:  2675712
mem:  2667520
mem:  2675200
mem:  2654720
mem:  2678272
mem:  2673664
mem:  2675200
mem:  2680320
mem:  2684416
mem:  2689536
mem:  2681344
mem:  2682880
mem:  2680832
mem:  2692096
mem:  2683904
mem:  2679296
mem:  2694144
mem:  2692096
mem:  2699776
mem:  2689024
mem:  2667520
mem:  2701824
mem:  2699776
mem:  2711040
mem:  2706432
mem:  2707968
mem:  2715648
mem:  2717184
mem:  2718720
mem:  2720256
mem:  2705920
mem:  2723328
mem:  2712576
mem:  2713088
mem:  2712064
mem:  2706432
mem:  2724864
mem:  2706944
mem:  2708480
mem:  2719744
mem:  2723840
mem:  2732544
mem:  2727936
mem:  2732032
mem:  2731008
mem:  2732544
mem:  2740224
mem:  2735616
mem:  2729984
mem:  2741248
mem:  2740224
mem:  2728448
mem:  2742272
mem:  2757120
mem:  2742784
mem:  2738176
mem:  2749440
mem:  2763264
mem:  2748928
mem:  2743296
mem:  2764288
mem:  2743808
mem:  2764800
mem:  2772480
mem:  2764288
mem:  2762240
mem:  2767360
mem:  2775040
mem:  2780160
mem:  2769408
mem:  2773504
mem:  2778624
mem:  2780160
mem:  2778112
mem:  2777088
mem:  2777600
mem:  2789888
mem:  2784256
mem:  2779648
mem:  2794496
mem:  2786304
mem:  2793984
mem:  2798080
mem:  2793472
mem:  2802176
mem:  2806272
mem:  2801664
mem:  2809344
mem:  2795008
mem:  2800128
mem:  2804224
mem:  2812928
mem:  2813440
mem:  2808832
mem:  2807808
mem:  2805760
mem:  2813440
mem:  2814976
mem:  2812928
mem:  2811904
mem:  2823168
mem:  2821120
mem:  2822656
mem:  2824192
mem:  2829312
mem:  2817536
mem:  2835968
mem:  2837504
mem:  2839040
mem:  2823680
mem:  2825216
mem:  2830336
mem:  2814976
mem:  2827264
mem:  2828800
mem:  2832896
mem:  2841600
mem:  2820096
mem:  2853376
mem:  2816000
mem:  2795520
mem:  2842112
mem:  2860544
mem:  2835456
mem:  2830848
mem:  2838528
mem:  2855936
mem:  2857472
mem:  2856448
mem:  2873856
mem:  2859520
mem:  2828288
mem:  2878464
mem:  2857984
mem:  2840064
mem:  2863616
mem:  2868736
mem:  2866688
mem:  2868224
mem:  2857472
mem:  2832384
mem:  2856960
mem:  2891264
mem:  2866176
mem:  2884608
mem:  2869248
mem:  2880512
mem:  2856448
mem:  2870272
mem:  2891264
mem:  2883072
mem:  2882048
mem:  2906624
mem:  2871808
mem:  2889216
mem:  2910208
mem:  2856960
mem:  2891264
mem:  2912256
mem:  2896896
mem:  2905600
mem:  2903552
mem:  2898944
mem:  2906624
mem:  2921472
mem:  2926592
mem:  2911232
mem:  2896896
mem:  2921472
mem:  2892800
mem:  2917376
mem:  2905600
mem:  2908160
mem:  2919424
mem:  2923520
mem:  2928640
mem:  2930176
mem:  2935296
mem:  2939392
mem:  2909184
mem:  2926592
mem:  2947584
mem:  2922496
mem:  2931200
mem:  2942464
mem:  2956288
mem:  2939392
mem:  2950656
mem:  2954752
mem:  2923520
mem:  2926080
mem:  2936320
mem:  2928128
mem:  2936832
mem:  2960384
mem:  2971648
mem:  2957312
mem:  2926080
mem:  2973696
mem:  2975232
mem:  2953728
mem:  2972160
mem:  2956800
mem:  2981376
mem:  2979328
mem:  2948096
mem:  2989568
mem:  2983936
mem:  2969600
