SLURM_JOBID=5049906
SLURM_JOB_NODELIST=svl1
SLURM_NNODES=1
SLURMTMPDIR=
working directory = /viscam/projects/objectfolder_benchmark/benchmarks/Multi_Sensory_3D_Reconstruction/code/models/MDN
Start_idx:  477
mem:  1536
mem:  1910272
mem:  1921024
mem:  1884672
mem:  1921536
mem:  1923072
mem:  1928192
mem:  1922560
mem:  1924096
mem:  1909760
mem:  1934336
mem:  1934848
mem:  1936384
mem:  1937920
mem:  1927168
mem:  1928704
mem:  1923072
mem:  1945088
mem:  1923584
mem:  1944576
mem:  1929216
mem:  1950208
mem:  1951744
mem:  1953280
mem:  1955840
mem:  1947648
mem:  1951744
mem:  1947136
mem:  1945088
mem:  1959936
mem:  1957888
mem:  1963008
mem:  1954816
mem:  1946624
mem:  1967616
mem:  1972736
mem:  1963520
mem:  1978368
mem:  1970176
mem:  1958400
mem:  1957376
mem:  1980928
mem:  1960448
mem:  1977856
mem:  1976832
mem:  1984512
mem:  1986048
mem:  1977856
mem:  1992704
mem:  1993216
mem:  1969152
mem:  1999872
mem:  1991680
mem:  1977344
mem:  1998336
mem:  1963520
mem:  1978368
mem:  1996800
mem:  1988608
mem:  1999872
mem:  2001408
mem:  2012672
mem:  1997312
mem:  1995264
mem:  2003968
mem:  2011648
mem:  2003456
mem:  2018304
mem:  2019840
mem:  2017792
mem:  2019328
mem:  2011136
mem:  2029568
mem:  2021376
mem:  2031616
mem:  2007552
mem:  2009088
mem:  2033664
mem:  1992704
mem:  2036736
mem:  2028544
mem:  2043392
mem:  2037760
mem:  2046464
mem:  2044416
mem:  2042368
mem:  2050048
mem:  2035712
mem:  2037248
mem:  2032640
mem:  2050048
mem:  2055168
mem:  2027520
mem:  2058240
mem:  2050048
mem:  2061312
mem:  2046976
mem:  2070528
mem:  2059776
mem:  2061312
