SLURM_JOBID=5049723
SLURM_JOB_NODELIST=svl18
SLURM_NNODES=1
SLURMTMPDIR=
working directory = /viscam/projects/objectfolder_benchmark/benchmarks/Multi_Sensory_3D_Reconstruction/code/models/MDN
Start_idx:  266
mem:  1536
mem:  1884672
mem:  1885696
mem:  1913856
mem:  1892352
mem:  1909760
mem:  1928192
mem:  1887232
mem:  1891328
mem:  1935360
mem:  1904128
mem:  1925120
mem:  1887744
mem:  1900032
mem:  1929728
mem:  1870336
mem:  1897472
mem:  1902592
mem:  1904128
mem:  1925120
mem:  1919488
mem:  1934336
mem:  1932288
mem:  1927680
mem:  1919488
mem:  1918464
mem:  1920000
mem:  1914368
mem:  1896448
mem:  1878528
mem:  1932288
mem:  1943552
mem:  1964544
mem:  1952768
mem:  1938432
mem:  1926656
mem:  1912320
mem:  1949184
mem:  1934848
mem:  1942528
mem:  1944064
mem:  1945600
mem:  1940992
mem:  1942528
mem:  1986560
mem:  1951744
mem:  1963008
mem:  1948672
mem:  1940480
mem:  1984512
mem:  1963008
mem:  1937920
mem:  1985536
mem:  1954304
mem:  1969152
mem:  1982976
mem:  1926144
mem:  1983488
mem:  1965568
mem:  1967104
mem:  1965056
mem:  1992192
mem:  2004480
mem:  1992704
mem:  1988096
mem:  1995776
mem:  1990144
mem:  2014720
mem:  1993216
mem:  1985024
mem:  1947648
mem:  1991680
mem:  1999360
mem:  2011648
mem:  1996288
mem:  2017280
mem:  2012672
mem:  2037248
mem:  1992704
mem:  1990656
mem:  2044416
mem:  2013184
mem:  2018304
mem:  2042880
mem:  2040832
mem:  1987584
mem:  1992704
mem:  1974784
mem:  2024960
mem:  2016768
mem:  2024448
mem:  1996800
mem:  2000896
mem:  2003456
mem:  2020864
mem:  2032128
mem:  2039808
mem:  2031616
mem:  2036736
mem:  2012672
