SLURM_JOBID=5049839
SLURM_JOB_NODELIST=svl1
SLURM_NNODES=1
SLURMTMPDIR=
working directory = /viscam/projects/objectfolder_benchmark/benchmarks/Multi_Sensory_3D_Reconstruction/code/models/MDN
Start_idx:  388
mem:  1536
mem:  1881088
mem:  1883136
mem:  1896960
mem:  1869312
mem:  1841664
mem:  1891840
mem:  1844736
mem:  1865728
mem:  1876992
mem:  1884672
mem:  1909248
mem:  1924096
mem:  1870848
mem:  1927168
mem:  1883648
mem:  1901056
mem:  1883136
mem:  1945600
mem:  1869312
mem:  1900032
mem:  1908736
mem:  1887232
mem:  1902080
mem:  1958400
mem:  1891840
mem:  1920000
mem:  1902080
mem:  1909760
mem:  1946624
mem:  1925120
mem:  1924096
mem:  1931776
mem:  1888256
mem:  1925120
mem:  1887744
mem:  1947648
mem:  1900544
mem:  1895936
mem:  1932800
mem:  1951232
mem:  1923584
mem:  1937408
mem:  1942528
mem:  1901568
mem:  1955328
mem:  1963008
mem:  1935360
mem:  1924608
mem:  1990656
mem:  1978880
mem:  1970688
mem:  1952768
mem:  1979904
mem:  1952256
mem:  1967104
mem:  1949184
mem:  1911808
mem:  1969152
mem:  1982976
mem:  2013696
mem:  1995776
mem:  1974272
mem:  1966080
mem:  2000384
mem:  2021376
mem:  1991168
mem:  1975808
mem:  1964032
mem:  1933824
mem:  1941504
mem:  1978368
mem:  1970176
mem:  1998336
mem:  2035200
mem:  1981952
mem:  1960448
mem:  1994752
mem:  2012160
mem:  2033152
mem:  1986048
mem:  2023936
mem:  1985536
mem:  2036736
mem:  2015232
mem:  2022912
mem:  2050048
mem:  2045440
mem:  1985024
mem:  1986560
mem:  1998848
mem:  2019840
mem:  2014208
mem:  2035200
mem:  2004992
mem:  1996800
mem:  2026496
mem:  2035200
mem:  2033152
mem:  2034688
