SLURM_JOBID=5049731
SLURM_JOB_NODELIST=svl1
SLURM_NNODES=1
SLURMTMPDIR=
working directory = /viscam/projects/objectfolder_benchmark/benchmarks/Multi_Sensory_3D_Reconstruction/code/models/MDN
Start_idx:  274
mem:  1536
mem:  1865216
mem:  1860096
mem:  1910272
mem:  1863168
mem:  1868288
mem:  1879552
mem:  1910272
mem:  1865728
mem:  1929216
mem:  1891840
mem:  1886208
mem:  1885184
mem:  1912320
mem:  1933312
mem:  1903104
mem:  1914368
mem:  1906176
mem:  1933312
mem:  1911808
mem:  1916928
mem:  1934336
mem:  1906688
mem:  1892352
mem:  1923072
mem:  1897984
mem:  1906688
mem:  1908224
mem:  1900032
mem:  1930752
mem:  1912832
mem:  1947136
mem:  1912320
mem:  1904128
mem:  1928704
mem:  1910784
mem:  1944064
mem:  1910272
mem:  1927680
mem:  1946112
mem:  1914880
mem:  1933312
mem:  1908224
mem:  1896448
mem:  1940480
mem:  1932288
mem:  1972736
mem:  1971712
mem:  1944064
mem:  1965056
mem:  1939968
mem:  1980416
mem:  1949184
mem:  1957888
mem:  1988608
mem:  1976832
mem:  1978368
mem:  1967616
mem:  1923072
mem:  1944064
mem:  1994240
mem:  1989632
mem:  2003456
mem:  1953792
mem:  2003968
mem:  2001920
mem:  1974272
mem:  2008576
mem:  2010112
mem:  2011648
mem:  2019328
mem:  1981952
mem:  1944576
mem:  2011648
mem:  1973248
mem:  2027008
mem:  1964032
mem:  2023936
mem:  2002432
mem:  2007552
mem:  2024960
mem:  1994752
mem:  1979392
mem:  2029568
mem:  2031104
mem:  2042368
mem:  2037760
mem:  2019840
mem:  1994752
mem:  2032640
mem:  2011136
mem:  2041856
mem:  2023936
mem:  2032640
mem:  2027008
mem:  2022400
mem:  2030080
mem:  2009600
mem:  2046464
mem:  1986048
