SLURM_JOBID=5050153
SLURM_JOB_NODELIST=svl18
SLURM_NNODES=1
SLURMTMPDIR=
working directory = /viscam/projects/objectfolder_benchmark/benchmarks/Multi_Sensory_3D_Reconstruction/code/models/MDN
Start_idx:  760
mem:  1536
mem:  1891840
mem:  1883136
mem:  1874944
mem:  1915392
mem:  1923072
mem:  1901568
mem:  1903104
mem:  1888768
mem:  1886720
mem:  1897984
mem:  1932288
mem:  1939968
mem:  1925632
mem:  1910272
mem:  1934848
mem:  1907200
mem:  1922048
mem:  1936896
mem:  1917952
mem:  1923072
mem:  1953792
mem:  1929728
mem:  1956864
mem:  1948672
mem:  1946624
mem:  1935872
mem:  1953280
mem:  1948672
mem:  1923584
mem:  1938432
mem:  1949696
mem:  1906176
mem:  1946624
mem:  1954304
mem:  1936384
mem:  1931776
mem:  1927168
mem:  1979904
mem:  1981440
mem:  1960960
mem:  1949184
mem:  1970176
mem:  1942528
mem:  1953792
mem:  1980928
mem:  1982464
mem:  1941504
mem:  1981952
mem:  1983488
mem:  1949696
mem:  1954816
mem:  1978368
mem:  1973760
mem:  1969152
mem:  1993728
mem:  1995264
mem:  1979904
mem:  1994752
mem:  1969664
mem:  1991680
mem:  1992192
mem:  1997312
mem:  1982976
mem:  1990656
mem:  1998336
mem:  1981440
mem:  1975808
mem:  1987072
mem:  2001920
mem:  1977856
mem:  1997824
mem:  2022400
mem:  1975296
mem:  2019328
mem:  1997824
mem:  2018816
mem:  2020352
mem:  2019328
mem:  1981952
mem:  2028544
mem:  2026496
mem:  2018304
mem:  2033152
mem:  2034688
mem:  2045952
mem:  2028032
mem:  2019840
mem:  2023936
mem:  2044928
mem:  2034176
mem:  2025984
mem:  2027520
mem:  2029056
mem:  2030592
mem:  2061312
mem:  2065408
mem:  2015744
mem:  2052608
mem:  2012672
