SLURM_JOBID=5049722
SLURM_JOB_NODELIST=svl15
SLURM_NNODES=1
SLURMTMPDIR=
working directory = /viscam/projects/objectfolder_benchmark/benchmarks/Multi_Sensory_3D_Reconstruction/code/models/MDN
Start_idx:  265
mem:  1536
mem:  1923584
mem:  1921024
mem:  1916416
mem:  1895936
mem:  1926656
mem:  1911296
mem:  1887232
mem:  1930240
mem:  1925632
mem:  1911296
mem:  1935872
mem:  1933824
mem:  1908736
mem:  1940480
mem:  1938432
mem:  1946112
mem:  1947648
mem:  1907712
mem:  1944576
mem:  1916928
mem:  1934336
mem:  1922560
mem:  1934848
mem:  1923072
mem:  1959936
mem:  1949184
mem:  1956864
mem:  1951232
mem:  1959936
mem:  1964032
mem:  1956864
mem:  1958400
mem:  1956352
mem:  1957888
mem:  1955840
mem:  1957376
mem:  1972224
mem:  1970176
mem:  1952256
mem:  1979392
mem:  1952768
mem:  1972736
mem:  1985024
mem:  1957376
mem:  1967616
mem:  1986048
mem:  1987584
mem:  1985536
mem:  1980928
mem:  1982464
mem:  1974272
mem:  1991680
mem:  1989632
mem:  1994752
mem:  2006016
mem:  1991680
mem:  2006528
mem:  2008064
mem:  1976832
mem:  2003968
mem:  2009088
mem:  2000896
mem:  2008576
mem:  2003968
mem:  1998336
mem:  2019328
mem:  2018304
mem:  2016256
mem:  2004480
mem:  2013184
mem:  2024448
mem:  2022400
mem:  2017792
mem:  2025472
mem:  2024448
mem:  2009088
mem:  2014208
mem:  2028032
mem:  2023424
mem:  2034688
mem:  2010624
mem:  2034176
mem:  2023424
mem:  2037248
mem:  2042368
mem:  2043904
mem:  2049024
mem:  2054144
mem:  2032640
mem:  2034176
mem:  2048000
mem:  2027520
mem:  2064384
mem:  2059776
mem:  2057728
mem:  2030080
mem:  2064384
mem:  2052608
mem:  2048000
