SLURM_JOBID=5050222
SLURM_JOB_NODELIST=svl1
SLURM_NNODES=1
SLURMTMPDIR=
working directory = /viscam/projects/objectfolder_benchmark/benchmarks/Multi_Sensory_3D_Reconstruction/code/models/MDN
Start_idx:  799
mem:  1536
mem:  1913856
mem:  1908736
mem:  1920000
mem:  1869312
mem:  1923072
mem:  1891840
mem:  1899520
mem:  1908224
mem:  1925632
mem:  1905152
mem:  1932288
mem:  1933824
mem:  1931776
mem:  1921024
mem:  1915392
mem:  1903616
mem:  1944064
mem:  1949184
mem:  1928704
mem:  1948672
mem:  1931776
mem:  1945600
mem:  1937408
mem:  1929216
mem:  1953792
mem:  1932288
mem:  1956864
mem:  1964544
mem:  1950208
mem:  1934848
mem:  1949696
mem:  1935360
mem:  1946624
mem:  1934848
mem:  1953280
mem:  1918464
mem:  1966080
mem:  1964032
mem:  1969152
mem:  1967104
mem:  1935872
mem:  1970176
mem:  1977856
mem:  1989120
mem:  1971200
mem:  1979904
mem:  1970688
mem:  1975808
mem:  1990656
mem:  1949696
mem:  1948672
mem:  1972224
mem:  1954304
mem:  1998336
mem:  1984000
mem:  2007552
mem:  1993216
mem:  1988608
mem:  1976832
mem:  2001408
mem:  2002944
mem:  1981440
mem:  1976832
mem:  2013696
mem:  2001920
mem:  2000896
mem:  2024448
mem:  2025984
mem:  2023936
mem:  2007040
mem:  2024448
mem:  2022400
mem:  2027520
mem:  2029056
mem:  2011136
mem:  1979904
mem:  2014208
mem:  2009600
mem:  2042880
mem:  2034688
mem:  2026496
mem:  2031616
mem:  2046464
mem:  2031104
mem:  2013184
mem:  2031616
mem:  2045440
mem:  2037248
mem:  2048512
mem:  2057216
mem:  2025984
mem:  2049536
mem:  2051072
mem:  2050048
mem:  2018816
mem:  2046976
mem:  2041344
mem:  2069504
mem:  2028544
