SLURM_JOBID=5049506
SLURM_JOB_NODELIST=svl17
SLURM_NNODES=1
SLURMTMPDIR=
working directory = /viscam/projects/objectfolder_benchmark/benchmarks/Multi_Sensory_3D_Reconstruction/code/models/MDN
Start_idx:  52
mem:  1536
mem:  1923584
mem:  1899008
mem:  1900544
mem:  1882624
mem:  1913344
mem:  1930752
mem:  1922560
mem:  1930240
mem:  1900032
mem:  1930752
mem:  1886208
mem:  1869312
mem:  1941504
mem:  1929728
mem:  1905664
mem:  1946112
mem:  1947648
mem:  1939456
mem:  1895936
mem:  1893888
mem:  1924608
mem:  1939456
mem:  1904640
mem:  1923072
mem:  1930752
mem:  1900544
mem:  1908224
mem:  1941504
mem:  1888256
mem:  1934848
mem:  1949696
mem:  1912320
mem:  1933312
mem:  1971200
mem:  1897472
mem:  1892864
mem:  1962496
mem:  1970176
mem:  1958400
mem:  1937920
mem:  1896960
mem:  1973760
mem:  1985024
mem:  1944064
mem:  1961472
mem:  1966592
mem:  1993728
mem:  1952768
mem:  1951744
mem:  1956864
mem:  1951232
mem:  1985536
mem:  1987072
mem:  1959424
mem:  1947648
mem:  1920000
mem:  1960448
mem:  1988608
mem:  1963520
mem:  1968640
mem:  1970176
mem:  1961984
mem:  1934336
mem:  1967616
mem:  1963008
mem:  1948672
mem:  1981952
mem:  1980928
mem:  1963008
mem:  2029056
mem:  1946624
mem:  2022400
mem:  1985024
mem:  1982976
mem:  1995264
mem:  2016256
mem:  1978880
mem:  1967104
mem:  1997824
mem:  2005504
mem:  2045952
mem:  1973248
mem:  2036736
mem:  2021376
mem:  1999872
mem:  2047488
mem:  2042880
mem:  2046976
mem:  2009600
mem:  1958912
mem:  2061312
mem:  2017792
mem:  2044928
mem:  2034176
mem:  2067456
mem:  2065408
mem:  2029056
mem:  2019840
mem:  2073600
