SLURM_JOBID=5049978
SLURM_JOB_NODELIST=svl10
SLURM_NNODES=1
SLURMTMPDIR=
working directory = /viscam/projects/objectfolder_benchmark/benchmarks/Multi_Sensory_3D_Reconstruction/code/models/MDN
Start_idx:  563
mem:  1536
mem:  1904128
mem:  1908736
mem:  1904128
mem:  1905664
mem:  1926656
mem:  1882112
mem:  1918976
mem:  1910784
mem:  1931776
mem:  1930752
mem:  1932288
mem:  1927680
mem:  1922048
mem:  1891840
mem:  1938432
mem:  1936384
mem:  1922048
mem:  1949184
mem:  1938432
mem:  1926656
mem:  1934336
mem:  1952768
mem:  1954304
mem:  1958400
mem:  1944064
mem:  1955328
mem:  1960448
mem:  1954816
mem:  1963520
mem:  1948160
mem:  1949696
mem:  1968128
mem:  1962496
mem:  1973760
mem:  1969152
mem:  1964544
mem:  1975808
mem:  1954304
mem:  1981440
mem:  1963520
mem:  1945600
mem:  1976320
mem:  1985024
mem:  1973248
mem:  1984512
mem:  1947136
mem:  1974272
mem:  1969664
mem:  1957888
mem:  1966592
mem:  1951232
mem:  1988096
mem:  2002944
mem:  1981440
mem:  1986560
mem:  1978368
mem:  2006528
mem:  1971712
mem:  2002432
mem:  1997824
mem:  2009088
mem:  2016768
mem:  1989120
mem:  2019840
mem:  2017792
mem:  1991168
mem:  1995264
mem:  1993216
mem:  2004480
mem:  2016768
mem:  2020864
mem:  1996800
mem:  2011648
mem:  2012160
mem:  2036736
mem:  2032128
mem:  2020352
mem:  2041344
mem:  2029568
mem:  2038272
mem:  2032640
mem:  2043904
mem:  2027008
mem:  2044416
mem:  2009600
mem:  2028032
mem:  2049024
mem:  2037248
mem:  2032640
mem:  2056192
mem:  2032128
mem:  2056704
mem:  2032640
mem:  2050048
mem:  2057728
mem:  2043392
mem:  2057216
mem:  2023424
mem:  2057728
