SLURM_JOBID=5050116
SLURM_JOB_NODELIST=svl7
SLURM_NNODES=1
SLURMTMPDIR=
working directory = /viscam/projects/objectfolder_benchmark/benchmarks/Multi_Sensory_3D_Reconstruction/code/models/MDN
Start_idx:  690
mem:  1536
mem:  1836032
mem:  1885696
mem:  1883648
mem:  1863168
mem:  1900032
mem:  1895424
mem:  1867776
mem:  1862144
mem:  1876992
mem:  1852928
mem:  1922560
mem:  1917952
mem:  1880576
mem:  1897984
mem:  1909248
mem:  1936384
mem:  1922048
mem:  1878528
mem:  1917952
mem:  1932800
mem:  1953792
mem:  1939456
mem:  1882624
mem:  1909760
mem:  1924608
mem:  1887232
mem:  1875456
mem:  1935360
mem:  1911296
mem:  1928704
mem:  1949696
mem:  1928192
mem:  1929728
mem:  1915392
mem:  1969152
mem:  1889280
mem:  1945600
mem:  1918976
mem:  1949696
mem:  1937920
mem:  1978368
mem:  1960448
mem:  1977856
mem:  1930752
mem:  1990656
mem:  1963008
mem:  1958400
mem:  1975808
mem:  1990656
mem:  1988608
mem:  1980416
mem:  1952768
mem:  1957888
mem:  1933824
mem:  1976832
mem:  1994240
mem:  1993216
mem:  1981440
mem:  1950208
mem:  1994240
mem:  1970176
mem:  1958400
mem:  2004992
mem:  1942016
mem:  2011648
mem:  1970688
mem:  2021888
mem:  1984512
mem:  2011648
mem:  1999872
mem:  2001408
mem:  1996800
mem:  1978880
mem:  2021888
mem:  2027008
mem:  2022400
mem:  1971712
mem:  1967104
mem:  2019840
mem:  2015232
mem:  2007040
mem:  2018304
mem:  1994240
mem:  2037248
mem:  2045952
mem:  2043904
mem:  2000384
mem:  2011648
mem:  2044928
mem:  2018304
mem:  2006528
mem:  2027520
mem:  2019328
mem:  2030592
mem:  2035712
mem:  2053120
mem:  2015744
mem:  2056192
mem:  2051584
