SLURM_JOBID=5049997
SLURM_JOB_NODELIST=svl9
SLURM_NNODES=1
SLURMTMPDIR=
working directory = /viscam/projects/objectfolder_benchmark/benchmarks/Multi_Sensory_3D_Reconstruction/code/models/MDN
Start_idx:  578
mem:  1536
mem:  1904128
mem:  1905152
mem:  1900544
mem:  1921536
mem:  1919488
mem:  1879552
mem:  1922560
mem:  1931264
mem:  1929216
mem:  1878528
mem:  1899520
mem:  1926656
mem:  1909760
mem:  1881088
mem:  1909248
mem:  1893888
mem:  1908736
mem:  1933312
mem:  1934848
mem:  1900032
mem:  1895424
mem:  1929728
mem:  1940992
mem:  1958400
mem:  1921024
mem:  1922560
mem:  1949696
mem:  1960960
mem:  1936896
mem:  1935872
mem:  1959424
mem:  1938944
mem:  1962496
mem:  1928704
mem:  1946112
mem:  1967104
mem:  1978368
mem:  1917952
mem:  1968128
mem:  1944064
mem:  1961472
mem:  1973760
mem:  1955840
mem:  1959936
mem:  1971200
mem:  1963008
mem:  1935360
mem:  1966080
mem:  1926144
mem:  1976320
mem:  1968128
mem:  1978368
mem:  1964032
mem:  1988608
mem:  1986560
mem:  1968640
mem:  1944576
mem:  1965568
mem:  2002432
mem:  2003968
mem:  1983488
mem:  1971712
mem:  1998848
mem:  1974784
mem:  1989632
mem:  1984000
mem:  1998848
mem:  1984512
mem:  2011648
mem:  2019328
mem:  2011136
mem:  2016256
mem:  2011648
mem:  2013184
mem:  1997824
mem:  1995776
mem:  2027520
mem:  1990144
mem:  2023424
mem:  2018816
mem:  2030080
mem:  2043904
mem:  2019840
mem:  2031104
mem:  2036224
mem:  2024448
mem:  2032128
mem:  2021376
mem:  2042368
mem:  2008576
mem:  2035712
mem:  2033664
mem:  2060800
mem:  2059776
mem:  2028544
mem:  2045952
mem:  2025472
mem:  2062336
mem:  2041856
