SLURM_JOBID=5050106
SLURM_JOB_NODELIST=svl5
SLURM_NNODES=1
SLURMTMPDIR=
working directory = /viscam/projects/objectfolder_benchmark/benchmarks/Multi_Sensory_3D_Reconstruction/code/models/MDN
Start_idx:  684
mem:  1536
mem:  1897984
mem:  1908736
mem:  1912832
mem:  1915392
mem:  1897472
mem:  1891840
mem:  1903104
mem:  1914368
mem:  1909760
mem:  1914880
mem:  1934848
mem:  1933824
mem:  1918464
mem:  1907712
mem:  1944576
mem:  1923072
mem:  1931776
mem:  1945600
mem:  1888768
mem:  1891328
mem:  1922048
mem:  1926144
mem:  1950720
mem:  1952256
mem:  1946624
mem:  1938432
mem:  1937408
mem:  1909760
mem:  1924608
mem:  1922560
mem:  1933824
mem:  1947648
mem:  1943040
mem:  1957888
mem:  1975296
mem:  1976832
mem:  1939456
mem:  1960448
mem:  1961984
mem:  1947648
mem:  1984512
mem:  1943552
mem:  1935360
mem:  1967104
mem:  1984512
mem:  1930240
mem:  1981440
mem:  1963520
mem:  1961472
mem:  1963008
mem:  1974272
mem:  1966080
mem:  1977344
mem:  2000896
mem:  1970688
mem:  1991680
mem:  1921536
mem:  1971712
mem:  1986560
mem:  1991680
mem:  2005504
mem:  1987584
mem:  2018304
mem:  2003968
mem:  1986048
mem:  1977856
mem:  2021888
mem:  1980928
mem:  2015232
mem:  1997312
mem:  2011136
mem:  2032128
mem:  2021376
mem:  1993728
mem:  2011136
mem:  2024960
mem:  2033664
mem:  2018304
mem:  1991680
mem:  2022400
mem:  2042368
mem:  2021888
mem:  2029568
mem:  1982464
mem:  2049536
mem:  2050048
mem:  2033152
mem:  2017792
mem:  2048512
mem:  1989120
mem:  2019840
mem:  2040832
mem:  2064384
mem:  2042880
mem:  2048000
mem:  2036224
mem:  2057216
mem:  2019840
mem:  2034688
