SLURM_JOBID=5049704
SLURM_JOB_NODELIST=svl2
SLURM_NNODES=1
SLURMTMPDIR=
working directory = /viscam/projects/objectfolder_benchmark/benchmarks/Multi_Sensory_3D_Reconstruction/code/models/MDN
Start_idx:  252
mem:  1536
mem:  1874944
mem:  1850368
mem:  1865216
mem:  1888768
mem:  1906176
mem:  1888256
mem:  1896960
mem:  1882624
mem:  1896448
mem:  1917440
mem:  1925120
mem:  1910784
mem:  1909760
mem:  1913856
mem:  1905664
mem:  1894912
mem:  1867264
mem:  1897984
mem:  1892352
mem:  1923072
mem:  1918464
mem:  1910272
mem:  1911808
mem:  1870848
mem:  1930752
mem:  1932288
mem:  1921536
mem:  1893888
mem:  1940480
mem:  1925120
mem:  1885184
mem:  1925632
mem:  1927168
mem:  1905664
mem:  1955840
mem:  1947648
mem:  1945600
mem:  1938432
mem:  1942528
mem:  1950208
mem:  1949184
mem:  1970176
mem:  1948672
mem:  1944064
mem:  1958912
mem:  1950720
mem:  1970688
mem:  1930752
mem:  1925120
mem:  1946112
mem:  1980416
mem:  1975808
mem:  1948160
mem:  1946112
mem:  1947648
mem:  1978368
mem:  1979904
mem:  1965568
mem:  1950208
mem:  1942016
mem:  1950720
mem:  1984000
mem:  1976832
mem:  2000384
mem:  1972736
mem:  2013184
mem:  2004992
mem:  2002944
mem:  1972736
mem:  1987584
mem:  1998848
mem:  2006528
mem:  1991168
mem:  1964544
mem:  1978368
mem:  1947136
mem:  2000896
mem:  2019328
mem:  2003968
mem:  1995776
mem:  2003456
mem:  1986560
mem:  2023424
mem:  2021376
mem:  2003456
mem:  1982976
mem:  2035712
mem:  2004480
mem:  2007040
mem:  1988096
mem:  2028544
mem:  2033664
mem:  2031616
mem:  2017280
mem:  1979904
mem:  2023936
mem:  2035200
mem:  2052608
mem:  2032128
