SLURM_JOBID=5049783
SLURM_JOB_NODELIST=svl3
SLURM_NNODES=1
SLURMTMPDIR=
working directory = /viscam/projects/objectfolder_benchmark/benchmarks/Multi_Sensory_3D_Reconstruction/code/models/MDN
Start_idx:  351
mem:  1536
mem:  1917440
mem:  1918464
mem:  1916416
mem:  1927680
mem:  1923072
mem:  1930752
mem:  1932288
mem:  1931264
mem:  1929216
mem:  1917440
mem:  1928704
mem:  1933824
mem:  1929216
mem:  1940480
mem:  1934848
mem:  1939968
mem:  1941504
mem:  1949184
mem:  1940992
mem:  1936384
mem:  1944064
mem:  1955328
mem:  1947136
mem:  1948672
mem:  1956352
mem:  1951744
mem:  1953280
mem:  1958400
mem:  1963520
mem:  1964032
mem:  1966592
mem:  1958400
mem:  1949184
mem:  1954304
mem:  1969152
mem:  1970688
mem:  1972224
mem:  1979904
mem:  1981440
mem:  1973248
mem:  1972224
mem:  1986048
mem:  1971712
mem:  1982976
mem:  1974784
mem:  1992192
mem:  1987584
mem:  1992704
mem:  1994240
mem:  1978880
mem:  1997312
mem:  1997824
mem:  1989632
mem:  1998336
mem:  1986560
mem:  2007552
mem:  2005504
mem:  2010624
mem:  2002432
mem:  2010112
mem:  2009088
mem:  2007040
mem:  2015744
mem:  2019840
mem:  2021376
mem:  2013184
mem:  2021888
mem:  2016256
mem:  2027520
mem:  2029056
mem:  2024448
mem:  2025984
mem:  2030080
mem:  2035200
mem:  2023424
mem:  2038272
mem:  2026496
mem:  2041344
mem:  2036736
mem:  2034688
mem:  2033664
mem:  2025472
mem:  2046464
mem:  2040832
mem:  2039808
mem:  2053632
mem:  2045440
mem:  2054144
mem:  2048512
mem:  2043904
mem:  2055168
mem:  2056704
mem:  2052096
mem:  2046464
mem:  2067456
mem:  2066432
mem:  2070528
mem:  2072064
mem:  2073600
