SLURM_JOBID=5050197
SLURM_JOB_NODELIST=svl1
SLURM_NNODES=1
SLURMTMPDIR=
working directory = /viscam/projects/objectfolder_benchmark/benchmarks/Multi_Sensory_3D_Reconstruction/code/models/MDN
Start_idx:  780
mem:  1536
mem:  1878528
mem:  1901568
mem:  1871360
mem:  1863168
mem:  1884160
mem:  1895424
mem:  1873920
mem:  1904640
mem:  1886720
mem:  1904128
mem:  1867776
mem:  1898496
mem:  1886720
mem:  1904128
mem:  1902080
mem:  1891328
mem:  1899008
mem:  1904128
mem:  1895936
mem:  1952256
mem:  1914880
mem:  1929728
mem:  1940992
mem:  1893888
mem:  1934336
mem:  1906688
mem:  1917952
mem:  1945088
mem:  1907712
mem:  1909248
mem:  1894912
mem:  1918464
mem:  1923584
mem:  1899520
mem:  1963008
mem:  1934336
mem:  1920000
mem:  1925120
mem:  1932800
mem:  1892864
mem:  1955328
mem:  1973760
mem:  1958400
mem:  1969664
mem:  1949184
mem:  1953280
mem:  1935360
mem:  1940480
mem:  1938432
mem:  1949696
mem:  1974272
mem:  1956352
mem:  1938432
mem:  1955840
mem:  1951232
mem:  1968640
mem:  1954304
mem:  1961984
mem:  1959936
mem:  1952768
mem:  1970176
mem:  2010624
mem:  1975808
mem:  1980928
mem:  1970176
mem:  1971712
mem:  1979392
mem:  1980928
mem:  1939968
mem:  2016768
mem:  1991680
mem:  1993216
mem:  2017792
mem:  1984000
mem:  1991680
mem:  1999360
mem:  1997312
mem:  1986560
mem:  2003968
mem:  2038272
mem:  2004480
mem:  2008576
mem:  1965056
mem:  2011648
mem:  1990144
mem:  2043904
mem:  2000384
mem:  2001920
mem:  1993728
mem:  2040320
mem:  2016256
mem:  2033664
mem:  2041344
mem:  2027008
mem:  2012672
mem:  2033664
mem:  2012160
mem:  1981952
mem:  2034688
