SLURM_JOBID=5049758
SLURM_JOB_NODELIST=svl18
SLURM_NNODES=1
SLURMTMPDIR=
working directory = /viscam/projects/objectfolder_benchmark/benchmarks/Multi_Sensory_3D_Reconstruction/code/models/MDN
Start_idx:  291
mem:  1536
mem:  1881088
mem:  1869824
mem:  1874944
mem:  1892352
mem:  1890304
mem:  1882112
mem:  1910272
mem:  1894912
mem:  1886720
mem:  1897984
mem:  1928704
mem:  1901056
mem:  1906176
mem:  1913856
mem:  1925120
mem:  1893888
mem:  1885696
mem:  1929728
mem:  1911808
mem:  1913344
mem:  1895424
mem:  1920000
mem:  1898496
mem:  1903616
mem:  1872384
mem:  1922560
mem:  1914368
mem:  1935360
mem:  1930752
mem:  1918976
mem:  1946112
mem:  1931776
mem:  1958912
mem:  1928704
mem:  1969152
mem:  1928192
mem:  1920000
mem:  1928704
mem:  1930240
mem:  1947648
mem:  1926144
mem:  1931264
mem:  1948672
mem:  1953792
mem:  1949184
mem:  1953280
mem:  1952256
mem:  1950208
mem:  1942016
mem:  1959424
mem:  1931776
mem:  1978368
mem:  1961472
mem:  1985024
mem:  1960960
mem:  1981952
mem:  1950720
mem:  1975296
mem:  1953792
mem:  1949184
mem:  1966592
mem:  1958400
mem:  1975808
mem:  1965056
mem:  1992192
mem:  1980416
mem:  1998848
mem:  1980928
mem:  1963008
mem:  1974272
mem:  1985536
mem:  2006528
mem:  1978880
mem:  1990144
mem:  1997824
mem:  2009088
mem:  1988608
mem:  2002432
mem:  1994240
mem:  1995776
mem:  2007040
mem:  2018304
mem:  2007552
mem:  1995776
mem:  2007040
mem:  1962496
mem:  2002944
mem:  2027520
mem:  1990144
mem:  2011136
mem:  2025984
mem:  2008064
mem:  2019328
mem:  2020864
mem:  2061312
mem:  2026496
mem:  2035200
mem:  1997824
mem:  2044416
