SLURM_JOBID=5049455
SLURM_JOB_NODELIST=svl2
SLURM_NNODES=1
SLURMTMPDIR=
working directory = /viscam/projects/objectfolder_benchmark/benchmarks/Multi_Sensory_3D_Reconstruction/code/models/MDN
Start_idx:  47
mem:  1536
mem:  1855488
mem:  1895424
mem:  1877504
mem:  1894912
mem:  1907200
mem:  1914880
mem:  1893376
mem:  1888768
mem:  1935360
mem:  1934336
mem:  1903104
mem:  1901056
mem:  1902592
mem:  1929728
mem:  1915392
mem:  1910784
mem:  1908736
mem:  1939456
mem:  1911808
mem:  1909760
mem:  1914880
mem:  1929728
mem:  1915392
mem:  1919488
mem:  1921024
mem:  1935872
mem:  1927680
mem:  1925632
mem:  1914880
mem:  1932288
mem:  1943552
mem:  1912320
mem:  1972224
mem:  1961472
mem:  1910784
mem:  1918464
mem:  1949184
mem:  1925120
mem:  1949696
mem:  1911296
mem:  1974784
mem:  1960448
mem:  1952256
mem:  1963520
mem:  1957888
mem:  1963008
mem:  1954816
mem:  1953792
mem:  1948160
mem:  1953280
mem:  1970688
mem:  1997824
mem:  1964032
mem:  1959424
mem:  1980416
mem:  1988096
mem:  1979904
mem:  1965568
mem:  1982976
mem:  1949184
mem:  1966592
mem:  2000896
mem:  1975808
mem:  2010112
mem:  1989632
mem:  1980416
mem:  1966080
mem:  2016256
mem:  2017792
mem:  1997312
mem:  1988096
mem:  2016256
mem:  2014208
mem:  1993728
mem:  1991680
mem:  2025984
mem:  2037248
mem:  1992704
mem:  2017280
mem:  2009088
mem:  2045952
mem:  2012160
mem:  2000384
mem:  2017792
mem:  2009600
mem:  2047488
mem:  2000384
mem:  2014208
mem:  2007040
mem:  1969664
mem:  2012672
mem:  2014208
mem:  2031616
mem:  2024448
mem:  2034688
mem:  2066432
mem:  2070528
mem:  2030592
mem:  2028544
