SLURM_JOBID=5049755
SLURM_JOB_NODELIST=svl15
SLURM_NNODES=1
SLURMTMPDIR=
working directory = /viscam/projects/objectfolder_benchmark/benchmarks/Multi_Sensory_3D_Reconstruction/code/models/MDN
Start_idx:  288
mem:  1536
mem:  1920000
mem:  1872384
mem:  1920000
mem:  1917952
mem:  1903616
mem:  1921024
mem:  1906688
mem:  1931264
mem:  1935360
mem:  1921024
mem:  1928704
mem:  1930240
mem:  1925632
mem:  1930752
mem:  1902080
mem:  1933824
mem:  1937920
mem:  1927168
mem:  1938432
mem:  1952256
mem:  1934336
mem:  1951744
mem:  1947136
mem:  1948672
mem:  1937920
mem:  1942016
mem:  1947136
mem:  1945088
mem:  1966080
mem:  1957888
mem:  1959424
mem:  1968128
mem:  1949184
mem:  1967616
mem:  1955840
mem:  1970688
mem:  1972224
mem:  1979904
mem:  1975296
mem:  1963520
mem:  1968640
mem:  1979904
mem:  1984000
mem:  1969664
mem:  1971200
mem:  1976320
mem:  1968128
mem:  1989120
mem:  1994240
mem:  1988608
mem:  1999872
mem:  1978368
mem:  1977344
mem:  1985024
mem:  1990144
mem:  2003968
mem:  2009088
mem:  1991168
mem:  1986560
mem:  2010112
mem:  2012672
mem:  2004480
mem:  2004992
mem:  1996800
mem:  2015232
mem:  2020352
mem:  2011136
mem:  2019840
mem:  1998336
mem:  2016768
mem:  2020864
mem:  2025984
mem:  2027520
mem:  2025472
mem:  2030592
mem:  2018816
mem:  2039808
mem:  2025472
mem:  2036736
mem:  2040832
mem:  2045952
mem:  2037760
mem:  2003968
mem:  2040832
mem:  2036224
mem:  2043904
mem:  2051584
mem:  2044416
mem:  2054656
mem:  2034176
mem:  2061312
mem:  2053120
mem:  2064384
mem:  2040320
mem:  2067456
mem:  2053120
mem:  2060800
mem:  2068480
mem:  2063872
