SLURM_JOBID=5049593
SLURM_JOB_NODELIST=svl2
SLURM_NNODES=1
SLURMTMPDIR=
working directory = /viscam/projects/objectfolder_benchmark/benchmarks/Multi_Sensory_3D_Reconstruction/code/models/MDN
Start_idx:  156
mem:  1536
mem:  1897984
mem:  1872384
mem:  1867776
mem:  1902080
mem:  1897472
mem:  1885696
mem:  1889792
mem:  1920512
mem:  1915904
mem:  1911296
mem:  1938432
mem:  1904640
mem:  1941504
mem:  1917440
mem:  1918976
mem:  1930240
mem:  1918464
mem:  1923584
mem:  1895936
mem:  1907200
mem:  1934336
mem:  1920000
mem:  1940992
mem:  1900032
mem:  1940480
mem:  1918976
mem:  1927680
mem:  1964544
mem:  1940480
mem:  1948160
mem:  1933824
mem:  1947648
mem:  1929728
mem:  1954304
mem:  1946112
mem:  1934336
mem:  1946624
mem:  1954304
mem:  1965568
mem:  1953792
mem:  1926144
mem:  1947136
mem:  1965568
mem:  1959936
mem:  1957888
mem:  1939968
mem:  1964544
mem:  1992704
mem:  1971200
mem:  1969152
mem:  1977856
mem:  1972224
mem:  1960448
mem:  1972736
mem:  1976832
mem:  1985536
mem:  1964032
mem:  1987584
mem:  2012160
mem:  2011136
mem:  1983488
mem:  1981440
mem:  1982976
mem:  1997824
mem:  1998336
mem:  1993728
mem:  2011136
mem:  2000384
mem:  2008064
mem:  2007040
mem:  2001408
mem:  1996800
mem:  2008064
mem:  1999872
mem:  2017280
mem:  2012672
mem:  1998336
mem:  2038784
mem:  2040320
mem:  2015232
mem:  2020352
mem:  2034176
mem:  2017280
mem:  2018816
mem:  2032640
mem:  2028032
mem:  2055168
mem:  2040832
mem:  2035200
mem:  2027008
mem:  2022400
mem:  2050560
mem:  2041344
mem:  2036736
mem:  2015232
mem:  2023936
mem:  2051072
mem:  2039296
mem:  2041856
