SLURM_JOBID=5049854
SLURM_JOB_NODELIST=svl1
SLURM_NNODES=1
SLURMTMPDIR=
working directory = /viscam/projects/objectfolder_benchmark/benchmarks/Multi_Sensory_3D_Reconstruction/code/models/MDN
Start_idx:  444
mem:  1536
mem:  1904128
mem:  1892864
mem:  1903104
mem:  1902080
mem:  1867264
mem:  1914880
mem:  1903104
mem:  1869312
mem:  1906176
mem:  1914880
mem:  1889792
mem:  1891328
mem:  1886720
mem:  1913856
mem:  1909248
mem:  1930240
mem:  1918464
mem:  1913856
mem:  1925120
mem:  1913344
mem:  1905152
mem:  1896960
mem:  1954304
mem:  1919488
mem:  1914880
mem:  1932288
mem:  1953280
mem:  1915904
mem:  1891840
mem:  1938432
mem:  1956864
mem:  1957376
mem:  1927168
mem:  1931264
mem:  1943552
mem:  1960960
mem:  1955328
mem:  1909248
mem:  1942528
mem:  1944064
mem:  1962496
mem:  1964032
mem:  1965568
mem:  1895424
mem:  1965056
mem:  1976320
mem:  1960960
mem:  1973248
mem:  1935872
mem:  1966592
mem:  1974272
mem:  1943040
mem:  1961472
mem:  1978880
mem:  1953792
mem:  1985536
mem:  1989632
mem:  2007040
mem:  1989120
mem:  1994240
mem:  1993216
mem:  1994752
mem:  1998848
mem:  1984512
mem:  1992192
mem:  2003456
mem:  2002432
mem:  1996800
mem:  1959424
mem:  2016768
mem:  1975808
mem:  1999360
mem:  2014208
mem:  1976832
mem:  1972224
mem:  1999360
mem:  1997312
mem:  2035200
mem:  1994240
mem:  1947136
mem:  1987584
mem:  2028032
mem:  1988096
mem:  1976320
mem:  2013184
mem:  1989120
mem:  2022400
mem:  2037248
mem:  1974272
mem:  2043904
mem:  2022400
mem:  2033664
mem:  2035200
mem:  2046464
mem:  2038272
mem:  2059264
mem:  2031616
mem:  2065920
mem:  2044416
