SLURM_JOBID=5050112
SLURM_JOB_NODELIST=svl17
SLURM_NNODES=1
SLURMTMPDIR=
working directory = /viscam/projects/objectfolder_benchmark/benchmarks/Multi_Sensory_3D_Reconstruction/code/models/MDN
Start_idx:  686
mem:  1536
mem:  1871360
mem:  1911296
mem:  1912832
mem:  1875456
mem:  1884160
mem:  1930752
mem:  1877504
mem:  1931264
mem:  1890304
mem:  1901568
mem:  1912832
mem:  1871872
mem:  1915904
mem:  1894400
mem:  1912832
mem:  1878016
mem:  1905152
mem:  1917440
mem:  1902080
mem:  1923072
mem:  1914880
mem:  1935872
mem:  1933824
mem:  1954816
mem:  1930752
mem:  1945600
mem:  1937408
mem:  1922048
mem:  1946624
mem:  1899520
mem:  1939968
mem:  1922048
mem:  1943040
mem:  1915392
mem:  1953280
mem:  1951232
mem:  1978368
mem:  1979904
mem:  1948672
mem:  1941504
mem:  1922560
mem:  1954304
mem:  1984000
mem:  1928192
mem:  1971200
mem:  1979904
mem:  1970688
mem:  1995264
mem:  1984512
mem:  1959424
mem:  1974272
mem:  1962496
mem:  1973760
mem:  1969152
mem:  1976832
mem:  1958912
mem:  1989632
mem:  1994752
mem:  2006016
mem:  1997824
mem:  1989632
mem:  1968128
mem:  1975808
mem:  1990656
mem:  2018816
mem:  1974272
mem:  1998848
mem:  1974784
mem:  1995776
mem:  1987584
mem:  2004992
mem:  2000384
mem:  1978880
mem:  1999872
mem:  1968640
mem:  2018816
mem:  2010624
mem:  1976832
mem:  2007552
mem:  2038272
mem:  2030080
mem:  1995264
mem:  1994240
mem:  2017792
mem:  2052096
mem:  2030592
mem:  2023424
mem:  2023936
mem:  2052096
mem:  2024448
mem:  2029568
mem:  2014208
mem:  2060800
mem:  2036736
mem:  2024960
mem:  2020352
mem:  2048512
mem:  2039296
mem:  2034688
