SLURM_JOBID=5050115
SLURM_JOB_NODELIST=svl2
SLURM_NNODES=1
SLURMTMPDIR=
working directory = /viscam/projects/objectfolder_benchmark/benchmarks/Multi_Sensory_3D_Reconstruction/code/models/MDN
Start_idx:  689
mem:  1536
mem:  1891840
mem:  1895424
mem:  1873920
mem:  1904640
mem:  1903616
mem:  1908736
mem:  1903104
mem:  1904640
mem:  1929216
mem:  1907712
mem:  1899520
mem:  1891328
mem:  1935360
mem:  1923584
mem:  1918976
mem:  1910784
mem:  1902592
mem:  1927168
mem:  1947136
mem:  1936384
mem:  1941504
mem:  1900544
mem:  1940992
mem:  1954816
mem:  1930752
mem:  1926144
mem:  1939968
mem:  1906176
mem:  1940480
mem:  1944576
mem:  1946112
mem:  1922048
mem:  1958912
mem:  1938432
mem:  1936384
mem:  1902592
mem:  1952768
mem:  1950720
mem:  1949696
mem:  1963520
mem:  1971200
mem:  1940992
mem:  1952256
mem:  1963520
mem:  1945600
mem:  1986048
mem:  1993728
mem:  1973248
mem:  1928704
mem:  1978880
mem:  1906176
mem:  1952768
mem:  1971200
mem:  1952256
mem:  2002432
mem:  1994240
mem:  1983488
mem:  1991168
mem:  2008576
mem:  1997824
mem:  1964032
mem:  1985024
mem:  2004992
mem:  2006528
mem:  1972736
mem:  2010624
mem:  1995264
mem:  1980928
mem:  1998336
mem:  2006016
mem:  2004992
mem:  1993216
mem:  1992192
mem:  2032640
mem:  2036736
mem:  2015232
mem:  2000896
mem:  1992704
mem:  2020864
mem:  2034688
mem:  1997312
mem:  2002432
mem:  2046464
mem:  2015232
mem:  2052096
mem:  2001408
mem:  2035712
mem:  1978880
mem:  2022912
mem:  2050048
mem:  2019840
mem:  2020352
mem:  2029056
mem:  2036736
mem:  2025984
mem:  2017792
mem:  2044928
mem:  2036736
mem:  2067456
