SLURM_JOBID=5049973
SLURM_JOB_NODELIST=svl9
SLURM_NNODES=1
SLURMTMPDIR=
working directory = /viscam/projects/objectfolder_benchmark/benchmarks/Multi_Sensory_3D_Reconstruction/code/models/MDN
Start_idx:  558
mem:  1536
mem:  1913856
mem:  1885696
mem:  1910272
mem:  1898496
mem:  1903616
mem:  1868800
mem:  1870336
mem:  1904640
mem:  1915904
mem:  1907712
mem:  1928704
mem:  1885184
mem:  1915904
mem:  1888256
mem:  1905664
mem:  1885184
mem:  1902592
mem:  1939456
mem:  1892352
mem:  1900032
mem:  1928192
mem:  1920000
mem:  1921536
mem:  1915904
mem:  1899008
mem:  1922560
mem:  1927680
mem:  1909760
mem:  1959936
mem:  1932288
mem:  1949696
mem:  1957376
mem:  1946624
mem:  1957888
mem:  1926656
mem:  1964544
mem:  1939456
mem:  1944576
mem:  1952256
mem:  1957376
mem:  1894400
mem:  1950720
mem:  1965568
mem:  1979392
mem:  1957888
mem:  1963008
mem:  1951232
mem:  1962496
mem:  1942016
mem:  1966592
mem:  1974272
mem:  1952768
mem:  1967616
mem:  1965568
mem:  1974272
mem:  1943040
mem:  1970176
mem:  2000896
mem:  1992704
mem:  1942016
mem:  1989632
mem:  1974272
mem:  1998848
mem:  2010112
mem:  1995776
mem:  1990144
mem:  1989120
mem:  1983488
mem:  1939968
mem:  1997312
mem:  2030592
mem:  2010112
mem:  1982464
mem:  2021888
mem:  1972224
mem:  2012672
mem:  1998336
mem:  1989120
mem:  1997824
mem:  2015232
mem:  1981440
mem:  1969664
mem:  2007552
mem:  2021376
mem:  2016768
mem:  1998848
mem:  2025984
mem:  2027520
mem:  2009600
mem:  2014720
mem:  2025984
mem:  2059264
mem:  2038784
mem:  2020864
mem:  2044416
mem:  2062848
mem:  2064384
mem:  2069504
mem:  2034688
