SLURM_JOBID=5049820
SLURM_JOB_NODELIST=svl3
SLURM_NNODES=1
SLURMTMPDIR=
working directory = /viscam/projects/objectfolder_benchmark/benchmarks/Multi_Sensory_3D_Reconstruction/code/models/MDN
Start_idx:  374
mem:  1536
mem:  1900544
mem:  1850368
mem:  1910272
mem:  1882624
mem:  1876992
mem:  1833472
mem:  1910272
mem:  1871872
mem:  1880576
mem:  1885696
mem:  1909248
mem:  1875456
mem:  1890304
mem:  1923584
mem:  1912832
mem:  1852416
mem:  1885696
mem:  1943040
mem:  1902080
mem:  1952256
mem:  1928192
mem:  1887232
mem:  1898496
mem:  1903616
mem:  1911296
mem:  1903104
mem:  1927680
mem:  1945088
mem:  1897984
mem:  1912832
mem:  1953280
mem:  1960960
mem:  1958912
mem:  1892352
mem:  1930240
mem:  1976832
mem:  1949184
mem:  1957888
mem:  1897472
mem:  1891840
mem:  1904128
mem:  1931264
mem:  1961984
mem:  1976832
mem:  1958912
mem:  1978880
mem:  1993728
mem:  1933312
mem:  1945600
mem:  1947136
mem:  1951232
mem:  1936896
mem:  1957888
mem:  1985024
mem:  1993728
mem:  1981952
mem:  1977344
mem:  1978880
mem:  1982976
mem:  1968640
mem:  2005504
mem:  1993728
mem:  1996288
mem:  2000384
mem:  2001920
mem:  1997312
mem:  1950208
mem:  1961472
mem:  1959424
mem:  2019328
mem:  1995264
mem:  1944576
mem:  2031104
mem:  2013184
mem:  2001408
mem:  1957888
mem:  1961984
mem:  1992704
mem:  1984512
mem:  2024960
mem:  1977856
mem:  2037760
mem:  1994240
mem:  1976320
mem:  2003456
mem:  2034176
mem:  2013696
mem:  1988608
mem:  2048512
mem:  1989120
mem:  2022400
mem:  1998336
mem:  2061824
mem:  2062336
mem:  2038272
mem:  2023936
mem:  1973248
mem:  2003968
mem:  2071040
