SLURM_JOBID=5049998
SLURM_JOB_NODELIST=svl9
SLURM_NNODES=1
SLURMTMPDIR=
working directory = /viscam/projects/objectfolder_benchmark/benchmarks/Multi_Sensory_3D_Reconstruction/code/models/MDN
Start_idx:  579
mem:  1536
mem:  1882112
mem:  1901568
mem:  1881088
mem:  1905664
mem:  1887744
mem:  1872384
mem:  1899520
mem:  1908224
mem:  1915904
mem:  1911296
mem:  1866752
mem:  1894912
mem:  1912320
mem:  1911296
mem:  1934848
mem:  1920512
mem:  1941504
mem:  1913856
mem:  1902080
mem:  1887744
mem:  1934336
mem:  1926144
mem:  1933824
mem:  1945088
mem:  1930752
mem:  1912832
mem:  1908224
mem:  1931776
mem:  1936896
mem:  1905664
mem:  1930240
mem:  1941504
mem:  1943040
mem:  1934848
mem:  1923072
mem:  1954816
mem:  1920000
mem:  1921536
mem:  1930240
mem:  1951232
mem:  1939456
mem:  1953280
mem:  1955840
mem:  1969664
mem:  1984512
mem:  1976320
mem:  1974272
mem:  1982976
mem:  1964032
mem:  1969152
mem:  1964544
mem:  1981952
mem:  1990656
mem:  1969152
mem:  1999872
mem:  1972224
mem:  1976320
mem:  1985024
mem:  1970688
mem:  1958912
mem:  1983488
mem:  1997312
mem:  1973248
mem:  1978368
mem:  1999360
mem:  2003456
mem:  1933312
mem:  1990656
mem:  1969152
mem:  1999872
mem:  1981952
mem:  2019840
mem:  1965568
mem:  1992704
mem:  2011136
mem:  1970176
mem:  2004480
mem:  2018304
mem:  1965056
mem:  2034688
mem:  1974272
mem:  2024448
mem:  1984512
mem:  2015232
mem:  2003456
mem:  1991680
mem:  2039296
mem:  2037248
mem:  2045952
mem:  2030592
mem:  2035712
mem:  1992192
mem:  2035200
mem:  2030592
mem:  2041856
mem:  1985024
mem:  2037760
mem:  2023424
mem:  2021376
