SLURM_JOBID=5050147
SLURM_JOB_NODELIST=svl1
SLURM_NNODES=1
SLURMTMPDIR=
working directory = /viscam/projects/objectfolder_benchmark/benchmarks/Multi_Sensory_3D_Reconstruction/code/models/MDN
Start_idx:  754
mem:  1536
mem:  1878528
mem:  1899008
mem:  1923584
mem:  1925120
mem:  1919488
mem:  1930752
mem:  1916416
mem:  1898496
mem:  1932800
mem:  1917440
mem:  1928704
mem:  1937408
mem:  1896448
mem:  1923584
mem:  1931264
mem:  1936384
mem:  1922048
mem:  1936896
mem:  1925120
mem:  1952256
mem:  1899008
mem:  1913856
mem:  1956864
mem:  1954816
mem:  1950208
mem:  1899520
mem:  1953280
mem:  1964544
mem:  1953792
mem:  1935872
mem:  1930240
mem:  1937920
mem:  1956352
mem:  1973760
mem:  1924096
mem:  1960960
mem:  1972224
mem:  1979904
mem:  1971712
mem:  1960960
mem:  1974784
mem:  1979904
mem:  1974272
mem:  1989120
mem:  1990656
mem:  1940992
mem:  1974272
mem:  1946624
mem:  1993216
mem:  1972736
mem:  1970688
mem:  1995264
mem:  1983488
mem:  1969152
mem:  1996288
mem:  2004992
mem:  1986048
mem:  1975296
mem:  1992704
mem:  1968640
mem:  1992192
mem:  2010624
mem:  2014720
mem:  2016256
mem:  2005504
mem:  1970688
mem:  2021888
mem:  2000384
mem:  2015232
mem:  1993728
mem:  2017280
mem:  2032128
mem:  2023936
mem:  1976832
mem:  2017280
mem:  2018816
mem:  2033664
mem:  2021888
mem:  2020864
mem:  2038272
mem:  2030080
mem:  2018304
mem:  2029568
mem:  2018816
mem:  2026496
mem:  2037760
mem:  2055168
mem:  2046976
mem:  2032640
mem:  2007552
mem:  2035712
mem:  2050560
mem:  2060800
mem:  2050048
mem:  2018816
mem:  2062848
mem:  2060800
mem:  2059776
mem:  2018816
