SLURM_JOBID=5050361
SLURM_JOB_NODELIST=svl1
SLURM_NNODES=1
SLURMTMPDIR=
working directory = /viscam/projects/objectfolder_benchmark/benchmarks/Multi_Sensory_3D_Reconstruction/code/models/MDN
Start_idx:  958
mem:  1536
mem:  1881088
mem:  1891840
mem:  1884672
mem:  1927680
mem:  1913344
mem:  1885696
mem:  1887232
mem:  1901056
mem:  1932800
mem:  1907712
mem:  1912832
mem:  1901056
mem:  1896448
mem:  1921024
mem:  1880064
mem:  1946112
mem:  1896448
mem:  1910272
mem:  1940992
mem:  1942528
mem:  1928192
mem:  1910272
mem:  1934848
mem:  1938944
mem:  1914880
mem:  1926144
mem:  1933824
mem:  1935360
mem:  1911296
mem:  1934848
mem:  1936384
mem:  1964544
mem:  1943040
mem:  1942016
mem:  1946112
mem:  1944064
mem:  1965056
mem:  1979904
mem:  1932800
mem:  1931776
mem:  1962496
mem:  1950720
mem:  1971712
mem:  1982976
mem:  1961472
mem:  1947136
mem:  1974272
mem:  1973248
mem:  1967616
mem:  1988608
mem:  1993728
mem:  1956352
mem:  1983488
mem:  1985024
mem:  1941504
mem:  1968640
mem:  1973760
mem:  1961984
mem:  1976832
mem:  1980928
mem:  1963008
mem:  1991168
mem:  1973248
mem:  1988096
mem:  1989632
mem:  1997312
mem:  1981952
mem:  1993216
mem:  1972736
mem:  2013184
mem:  1991680
mem:  2006528
mem:  2004480
mem:  1986560
mem:  1984512
mem:  1989632
mem:  2007040
mem:  1986560
mem:  1988096
mem:  2021376
mem:  2016768
mem:  2028032
mem:  2027008
mem:  2028544
mem:  2049536
mem:  2018304
mem:  2052608
mem:  2017792
mem:  2022912
mem:  2027008
mem:  2025984
mem:  2021376
mem:  1999872
mem:  2036736
mem:  2051584
mem:  2043392
mem:  2070528
mem:  2033152
mem:  2028544
