SLURM_JOBID=5049137
SLURM_JOB_NODELIST=svl18
SLURM_NNODES=1
SLURMTMPDIR=
working directory = /viscam/projects/objectfolder_benchmark/benchmarks/Multi_Sensory_3D_Reconstruction/code/models/MDN
Start_idx:  26
mem:  1536
mem:  1907712
mem:  1908736
mem:  1900544
mem:  1894912
mem:  1919488
mem:  1901568
mem:  1890816
mem:  1898496
mem:  1896448
mem:  1905152
mem:  1880064
mem:  1924096
mem:  1902592
mem:  1862656
mem:  1903104
mem:  1916928
mem:  1922048
mem:  1900544
mem:  1895936
mem:  1926656
mem:  1950208
mem:  1890816
mem:  1933824
mem:  1923072
mem:  1946624
mem:  1918976
mem:  1943552
mem:  1929216
mem:  1914880
mem:  1945600
mem:  1933824
mem:  1951232
mem:  1950208
mem:  1928704
mem:  1936384
mem:  1947648
mem:  1949184
mem:  1940992
mem:  1932800
mem:  1934336
mem:  1955328
mem:  1966592
mem:  1948672
mem:  1963520
mem:  1948160
mem:  1943552
mem:  1968128
mem:  1966080
mem:  1957888
mem:  1972736
mem:  1980416
mem:  1959936
mem:  1979904
mem:  1985024
mem:  1973248
mem:  1981952
mem:  1977344
mem:  1981440
mem:  1976832
mem:  1968640
mem:  1970176
mem:  1974272
mem:  1996288
mem:  1951744
mem:  1992192
mem:  1999872
mem:  1992704
mem:  1973760
mem:  2024960
mem:  1999872
mem:  1968640
mem:  1979904
mem:  2017792
mem:  1970688
mem:  1981952
mem:  1999360
mem:  2027520
mem:  2025472
mem:  2003968
mem:  2018816
mem:  1981440
mem:  2025472
mem:  2013696
mem:  1999360
mem:  2016768
mem:  2028032
mem:  2052608
mem:  2011648
mem:  2025472
mem:  2028032
mem:  2051584
mem:  2046976
mem:  2029056
mem:  2020864
mem:  2061312
mem:  2036224
mem:  2021888
mem:  2033152
mem:  2024960
mem:  2055680
mem:  2043904
mem:  2049024
mem:  2063872
mem:  2045952
mem:  2024448
mem:  2055168
mem:  2050560
mem:  2006016
mem:  2040320
mem:  2064896
mem:  2072576
mem:  2064384
mem:  2056192
mem:  2057728
mem:  2065408
mem:  2051072
mem:  2081792
mem:  2061312
mem:  2055680
mem:  2074112
mem:  2072064
mem:  2070016
mem:  2078720
mem:  2088960
mem:  2064896
mem:  2083328
mem:  2081280
mem:  2095104
mem:  2061312
mem:  2101760
mem:  2099712
mem:  2120704
mem:  2077184
mem:  2039808
mem:  2099712
mem:  2075648
mem:  2102784
mem:  2084864
mem:  2115584
mem:  2104832
mem:  2106368
mem:  2104320
mem:  2102272
mem:  2107392
mem:  2118656
mem:  2120192
mem:  2098688
mem:  2116096
mem:  2105344
mem:  2093568
mem:  2130432
mem:  2116096
mem:  2130944
mem:  2116608
mem:  2137600
mem:  2128384
mem:  2140672
mem:  2119168
mem:  2101248
mem:  2141696
mem:  2146816
mem:  2135040
mem:  2136576
mem:  2147840
mem:  2122752
mem:  2134016
mem:  2139136
mem:  2124800
mem:  2145792
mem:  2147328
mem:  2164736
mem:  2153984
mem:  2109440
mem:  2169344
mem:  2170880
mem:  2150400
mem:  2173952
mem:  2159616
mem:  2180608
mem:  2159104
mem:  2167808
mem:  2168320
mem:  2153984
mem:  2152960
mem:  2170368
mem:  2158592
mem:  2134528
mem:  2142208
mem:  2163200
mem:  2178048
mem:  2189312
mem:  2190848
mem:  2198528
mem:  2178048
mem:  2201600
mem:  2183680
mem:  2169344
mem:  2192896
mem:  2195456
mem:  2209280
mem:  2210816
mem:  2228224
mem:  2200576
mem:  2173952
mem:  2207232
mem:  2212352
mem:  2213888
mem:  2199552
mem:  2184192
mem:  2231808
mem:  2177536
mem:  2233856
mem:  2248704
mem:  2224640
mem:  2196992
mem:  2179072
mem:  2200064
mem:  2195456
mem:  2232320
mem:  2233856
mem:  2208768
mem:  2262528
mem:  2250752
mem:  2265600
mem:  2224640
mem:  2190848
mem:  2267648
mem:  2238976
mem:  2218496
mem:  2235904
mem:  2241024
mem:  2219520
mem:  2217472
mem:  2203136
mem:  2243584
mem:  2238976
mem:  2230784
mem:  2287104
mem:  2282496
mem:  2284032
mem:  2217472
mem:  2287104
mem:  2236416
mem:  2296320
mem:  2255360
mem:  2254336
mem:  2226688
mem:  2270720
mem:  2258944
mem:  2276352
mem:  2307072
mem:  2250240
mem:  2287104
mem:  2269184
mem:  2303488
mem:  2272256
mem:  2257920
mem:  2256896
mem:  2270720
mem:  2266112
mem:  2277376
mem:  2278912
mem:  2321920
mem:  2320896
mem:  2324992
mem:  2265600
mem:  2286592
mem:  2327040
mem:  2295808
mem:  2320384
mem:  2292736
mem:  2306560
mem:  2338304
mem:  2277888
mem:  2324480
mem:  2319872
mem:  2315264
mem:  2315776
mem:  2314752
mem:  2351616
mem:  2301952
mem:  2292736
mem:  2356224
mem:  2322432
mem:  2298368
mem:  2299904
mem:  2336768
mem:  2340864
mem:  2316800
mem:  2363392
mem:  2317312
mem:  2298368
mem:  2352128
mem:  2373120
mem:  2335744
mem:  2340864
mem:  2313216
mem:  2314752
mem:  2361344
mem:  2378752
mem:  2361856
mem:  2373120
mem:  2386944
mem:  2372608
mem:  2390016
mem:  2387968
mem:  2379776
mem:  2394624
mem:  2383872
mem:  2397696
mem:  2386944
mem:  2400768
mem:  2392576
mem:  2390528
mem:  2405376
mem:  2387456
mem:  2408448
mem:  2400256
mem:  2411520
mem:  2387456
mem:  2391552
mem:  2377216
mem:  2414080
mem:  2409472
mem:  2420736
mem:  2422272
mem:  2423808
mem:  2413056
mem:  2426880
mem:  2406400
mem:  2429952
mem:  2418176
mem:  2429440
mem:  2434560
mem:  2436096
mem:  2434048
mem:  2419712
mem:  2424832
mem:  2422784
mem:  2443776
mem:  2445312
mem:  2437120
mem:  2435072
mem:  2440192
mem:  2441728
mem:  2452992
mem:  2444800
mem:  2453504
mem:  2457600
mem:  2449408
mem:  2448384
mem:  2436608
mem:  2424832
mem:  2462720
mem:  2466816
mem:  2458624
mem:  2457600
mem:  2455552
mem:  2472960
mem:  2468352
mem:  2476032
mem:  2454528
mem:  2449920
mem:  2457600
mem:  2456576
mem:  2461696
mem:  2485248
mem:  2480640
mem:  2476032
mem:  2489856
mem:  2481664
mem:  2489344
mem:  2481152
mem:  2489856
mem:  2497536
mem:  2496512
mem:  2500608
mem:  2472960
mem:  2497536
mem:  2499072
mem:  2487296
mem:  2488832
mem:  2506240
mem:  2491904
mem:  2497024
mem:  2508288
mem:  2496512
mem:  2511360
mem:  2515456
mem:  2487808
mem:  2522112
mem:  2517504
mem:  2519040
mem:  2510848
mem:  2528256
mem:  2520064
mem:  2531328
mem:  2523136
mem:  2531840
mem:  2533376
mem:  2488832
mem:  2532864
mem:  2495488
mem:  2529792
mem:  2479104
mem:  2506240
mem:  2517504
mem:  2487296
mem:  2520576
mem:  2508800
mem:  2552832
mem:  2515456
mem:  2513408
mem:  2541568
mem:  2552832
mem:  2534912
mem:  2507264
mem:  2528256
mem:  2543104
mem:  2527744
mem:  2503680
mem:  2540544
mem:  2526208
mem:  2547200
mem:  2545152
mem:  2536960
mem:  2528768
mem:  2524160
mem:  2574336
mem:  2523648
mem:  2525184
mem:  2513408
mem:  2541568
mem:  2539520
mem:  2541056
mem:  2513408
mem:  2534400
mem:  2594304
mem:  2556928
mem:  2574336
mem:  2556416
mem:  2529792
mem:  2598400
mem:  2584064
mem:  2585600
mem:  2567680
mem:  2594816
mem:  2580480
mem:  2607616
mem:  2557952
mem:  2594816
mem:  2606080
mem:  2572288
mem:  2567680
mem:  2588672
mem:  2583040
mem:  2578432
mem:  2589696
mem:  2564608
mem:  2563584
mem:  2590720
mem:  2605568
mem:  2564608
mem:  2589184
mem:  2632192
mem:  2598400
mem:  2597376
mem:  2585600
mem:  2583552
mem:  2588672
mem:  2583040
mem:  2630656
mem:  2612736
mem:  2575360
mem:  2596352
mem:  2619904
mem:  2595840
mem:  2653184
mem:  2592768
mem:  2580992
mem:  2625024
mem:  2613248
mem:  2605056
mem:  2622464
mem:  2627584
mem:  2615808
mem:  2630656
mem:  2657792
mem:  2617856
mem:  2635264
mem:  2604032
mem:  2635776
mem:  2620416
mem:  2629120
mem:  2649088
mem:  2660352
mem:  2659328
mem:  2635264
mem:  2627072
mem:  2648064
mem:  2668032
mem:  2628096
mem:  2664960
mem:  2631168
mem:  2675200
mem:  2627072
mem:  2667520
mem:  2633728
mem:  2664448
mem:  2665984
mem:  2690560
mem:  2678784
mem:  2644992
mem:  2707456
mem:  2644480
mem:  2688512
mem:  2663424
mem:  2664960
mem:  2677248
mem:  2717696
mem:  2699776
mem:  2651648
mem:  2670080
mem:  2694656
mem:  2667008
mem:  2719744
mem:  2670080
mem:  2671616
mem:  2679296
mem:  2686976
mem:  2694656
mem:  2693632
mem:  2720768
mem:  2696704
mem:  2714112
mem:  2732544
mem:  2711040
mem:  2734592
mem:  2684928
mem:  2690048
mem:  2674688
mem:  2705408
mem:  2710528
mem:  2731520
mem:  2713600
mem:  2750464
mem:  2716672
mem:  2743808
mem:  2710016
mem:  2766336
mem:  2716672
mem:  2763264
mem:  2718720
mem:  2766336
mem:  2728960
mem:  2736640
mem:  2732032
mem:  2759168
mem:  2737664
mem:  2746368
mem:  2705408
mem:  2720256
mem:  2783744
mem:  2726912
mem:  2756608
mem:  2768896
mem:  2772992
mem:  2748928
mem:  2756608
mem:  2758144
mem:  2753536
mem:  2735616
mem:  2731008
mem:  2797056
mem:  2795008
mem:  2747904
mem:  2776064
mem:  2783744
mem:  2779136
mem:  2744320
mem:  2778624
mem:  2750976
mem:  2778112
mem:  2747904
mem:  2800640
mem:  2819072
mem:  2800128
mem:  2782208
mem:  2742272
mem:  2763264
mem:  2790400
mem:  2798080
mem:  2793472
mem:  2808320
mem:  2767360
mem:  2784768
mem:  2812928
mem:  2820608
mem:  2773504
mem:  2836992
mem:  2844672
mem:  2830336
mem:  2822144
mem:  2813952
mem:  2808320
mem:  2842624
mem:  2789376
mem:  2826240
mem:  2818048
mem:  2823168
mem:  2838016
mem:  2835968
mem:  2820608
mem:  2819584
mem:  2834432
mem:  2828800
mem:  2830336
mem:  2819584
mem:  2843136
mem:  2864128
mem:  2846208
mem:  2835456
mem:  2859008
mem:  2857984
mem:  2842624
mem:  2851328
mem:  2874880
mem:  2882560
mem:  2842624
mem:  2873344
mem:  2871296
mem:  2876416
mem:  2845184
mem:  2895360
mem:  2881024
mem:  2878976
mem:  2899968
mem:  2885632
mem:  2871296
mem:  2898432
mem:  2864640
mem:  2874880
mem:  2909184
mem:  2885120
mem:  2886656
mem:  2884608
mem:  2873856
mem:  2858496
mem:  2895360
mem:  2896896
mem:  2882560
mem:  2907136
mem:  2898944
mem:  2865152
mem:  2898432
mem:  2913280
mem:  2911232
mem:  2932224
mem:  2904576
mem:  2857472
mem:  2917376
mem:  2909184
mem:  2894848
mem:  2886656
mem:  2942976
mem:  2918912
mem:  2926592
mem:  2947584
mem:  2910208
mem:  2940928
mem:  2952192
mem:  2928128
mem:  2933248
mem:  2940928
mem:  2929152
mem:  2920960
mem:  2961408
mem:  2939904
mem:  2902528
mem:  2950144
mem:  2951680
mem:  2930176
mem:  2902528
mem:  2911232
mem:  2963968
mem:  2943488
mem:  2967040
mem:  2933248
mem:  2950656
mem:  2971648
mem:  2967040
mem:  2929664
mem:  2956800
mem:  2938880
mem:  2956288
mem:  2926080
mem:  2992128
mem:  2948608
mem:  2972160
mem:  2934784
mem:  2962944
mem:  2983936
mem:  2997760
mem:  2977280
mem:  3000832
mem:  3002368
mem:  2985472
mem:  2931200
mem:  2984960
mem:  2986496
mem:  2951680
mem:  2927616
mem:  3006976
mem:  2979328
mem:  2974720
mem:  2956800
mem:  2981376
mem:  2969600
mem:  3012608
mem:  2978816
mem:  3019264
mem:  3004928
mem:  3022336
mem:  3008000
mem:  3035136
mem:  3020800
mem:  2970112
mem:  3010560
mem:  3031552
mem:  3030528
mem:  3024896
mem:  3039744
mem:  3008512
mem:  3029504
mem:  3009024
mem:  3003392
mem:  3027968
mem:  3045376
mem:  2953216
mem:  2964480
mem:  3053568
mem:  3051520
mem:  2992128
mem:  3015680
mem:  3017216
mem:  3028480
mem:  3059200
mem:  3035136
mem:  3058688
mem:  3044352
mem:  3039744
mem:  3014656
mem:  3075584
mem:  3060224
mem:  3049472
mem:  3053568
mem:  3055104
mem:  3046912
mem:  3022848
mem:  3076608
mem:  3058688
mem:  3053056
mem:  3093504
mem:  3049984
mem:  3070976
mem:  3072512
mem:  3037696
mem:  3095040
mem:  3047936
mem:  3081216
mem:  3076608
mem:  3091456
mem:  3008000
mem:  3026432
mem:  3060736
mem:  3109888
mem:  3099136
mem:  3077632
mem:  3082752
mem:  3096576
mem:  3072512
mem:  3083776
mem:  3085312
mem:  3086848
mem:  3127296
mem:  3096064
mem:  3107328
mem:  3092992
mem:  3098112
mem:  3134976
mem:  3068416
mem:  3054080
mem:  3136000
mem:  3105792
mem:  3109888
mem:  3105280
mem:  3129856
mem:  3049984
mem:  3100160
mem:  3140608
mem:  3112960
mem:  3098624
mem:  3106304
mem:  3121152
mem:  3103232
mem:  3126784
mem:  3147776
mem:  3127296
mem:  3119104
mem:  3152384
mem:  3112448
mem:  3113984
mem:  3164160
mem:  3148800
mem:  3130880
mem:  3142144
mem:  3172864
mem:  3162112
mem:  3150336
mem:  3112960
mem:  3163136
mem:  3158528
mem:  3127296
mem:  3138560
mem:  3130368
mem:  3154944
mem:  3140608
mem:  3141120
mem:  3153408
mem:  3138048
mem:  3149312
mem:  3160576
mem:  3146240
mem:  3115008
mem:  3161600
mem:  3186176
mem:  3158528
mem:  3160064
mem:  3149312
mem:  3153408
mem:  3187712
mem:  3195392
mem:  3177472
mem:  3169280
mem:  3145216
mem:  3195392
mem:  3189760
mem:  3136512
mem:  3206144
mem:  3185664
mem:  3199488
mem:  3171840
mem:  3189248
mem:  3217408
mem:  3202048
mem:  3187712
mem:  3183104
mem:  3184640
mem:  3192320
mem:  3197440
mem:  3208704
mem:  3167744
mem:  3227648
mem:  3226624
mem:  3211264
mem:  3206656
mem:  3253248
mem:  3206144
mem:  3213824
mem:  3206656
mem:  3230208
mem:  3228160
mem:  3223552
mem:  3234816
mem:  3226624
mem:  3224576
mem:  3233280
mem:  3215360
mem:  3246080
mem:  3269632
mem:  3249152
mem:  3234816
mem:  3258368
mem:  3269632
mem:  3229696
mem:  3237376
mem:  3242496
mem:  3266048
mem:  3267584
mem:  3269120
mem:  3264512
mem:  3246592
mem:  3250688
mem:  3252224
mem:  3276800
mem:  3256320
mem:  3244544
mem:  3216896
mem:  3250176
mem:  3284480
mem:  3299328
mem:  3307008
mem:  3308544
mem:  3306496
mem:  3279872
mem:  3287552
mem:  3298816
mem:  3284480
mem:  3305472
mem:  3319296
mem:  3307520
mem:  3264000
mem:  3321344
mem:  3315712
mem:  3307520
mem:  3318784
mem:  3291136
mem:  3328000
mem:  3333120
mem:  3312640
mem:  3322880
mem:  3325440
mem:  3316224
mem:  3334656
mem:  3342336
mem:  3314688
mem:  3312640
mem:  3311616
mem:  3344896
mem:  3328000
mem:  3335680
mem:  3327488
mem:  3351040
mem:  3343872
mem:  3355136
mem:  3343360
mem:  3325440
mem:  3359744
mem:  3324928
mem:  3365376
mem:  3347456
mem:  3368448
mem:  3324928
mem:  3352064
mem:  3370496
mem:  3355136
mem:  3356672
mem:  3352064
mem:  3357184
mem:  3371008
mem:  3366400
mem:  3354624
mem:  3369472
mem:  3361280
mem:  3375104
mem:  3389952
mem:  3375616
mem:  3360256
mem:  3394560
mem:  3351040
mem:  3391488
mem:  3385856
mem:  3384832
mem:  3373056
mem:  3390464
mem:  3402752
mem:  3374080
mem:  3363328
mem:  3390464
mem:  3366400
mem:  3397120
mem:  3398656
mem:  3373568
mem:  3392000
mem:  3380224
mem:  3414528
mem:  3406336
mem:  3414016
mem:  3425280
mem:  3410944
mem:  3405312
mem:  3426304
mem:  3415552
mem:  3413504
mem:  3399168
mem:  3412992
mem:  3424256
mem:  3417088
mem:  3427328
mem:  3428864
mem:  3427840
mem:  3425792
mem:  3411456
mem:  3445760
mem:  3436544
mem:  3435520
mem:  3443200
mem:  3454464
mem:  3446272
