SLURM_JOBID=5049869
SLURM_JOB_NODELIST=svl10
SLURM_NNODES=1
SLURMTMPDIR=
working directory = /viscam/projects/objectfolder_benchmark/benchmarks/Multi_Sensory_3D_Reconstruction/code/models/MDN
Start_idx:  452
mem:  1536
mem:  1897984
mem:  1921024
mem:  1920000
mem:  1927680
mem:  1919488
mem:  1907712
mem:  1916416
mem:  1920512
mem:  1925632
mem:  1936896
mem:  1932288
mem:  1939968
mem:  1925632
mem:  1930752
mem:  1942016
mem:  1936384
mem:  1937920
mem:  1933312
mem:  1927680
mem:  1923072
mem:  1947648
mem:  1955328
mem:  1956864
mem:  1952256
mem:  1953792
mem:  1961472
mem:  1939968
mem:  1938944
mem:  1946624
mem:  1957888
mem:  1969152
mem:  1960960
mem:  1966080
mem:  1970176
mem:  1972736
mem:  1963520
mem:  1968640
mem:  1979904
mem:  1971712
mem:  1979392
mem:  1951744
mem:  1976320
mem:  1987584
mem:  1973248
mem:  1980928
mem:  1988608
mem:  1974272
mem:  1969664
mem:  1977344
mem:  1978880
mem:  1980416
mem:  1998848
mem:  1987072
mem:  1988608
mem:  1996288
mem:  2007552
mem:  2002944
mem:  1998336
mem:  2008576
mem:  2013696
mem:  2012672
mem:  2013184
mem:  1996288
mem:  2016256
mem:  2015232
mem:  2022912
mem:  2014720
mem:  2019840
mem:  2011648
mem:  2013184
mem:  2020864
mem:  2025984
mem:  2033664
mem:  2019328
mem:  2034176
mem:  2034688
mem:  2033664
mem:  2037760
mem:  2036736
mem:  2038272
mem:  2045952
mem:  2044928
mem:  2049024
mem:  2031104
mem:  2045952
mem:  2047488
mem:  2049024
mem:  2046976
mem:  2042368
mem:  2047488
mem:  2041856
mem:  2031104
mem:  2054656
mem:  2046464
mem:  2041856
mem:  2059264
mem:  2070528
mem:  2072064
mem:  2073600
