SLURM_JOBID=5050411
SLURM_JOB_NODELIST=svl10
SLURM_NNODES=1
SLURMTMPDIR=
working directory = /viscam/projects/objectfolder_benchmark/benchmarks/Multi_Sensory_3D_Reconstruction/code/models/MDN
Start_idx:  998
mem:  1536
mem:  1884672
mem:  1873408
mem:  1896960
mem:  1892352
mem:  1897472
mem:  1905152
mem:  1922560
mem:  1920512
mem:  1915904
mem:  1897984
mem:  1938432
mem:  1904640
mem:  1941504
mem:  1900544
mem:  1934848
mem:  1901056
mem:  1912320
mem:  1923584
mem:  1915392
mem:  1913344
mem:  1895424
mem:  1922560
mem:  1904640
mem:  1952256
mem:  1924608
mem:  1951744
mem:  1937408
mem:  1938944
mem:  1950208
mem:  1918976
mem:  1927680
mem:  1938944
mem:  1969664
mem:  1948160
mem:  1924096
mem:  1931776
mem:  1943040
mem:  1948160
mem:  1958400
mem:  1944064
mem:  1939456
mem:  1979904
mem:  1987584
mem:  1982976
mem:  1955328
mem:  1963008
mem:  1964544
mem:  1991680
mem:  1987072
mem:  1965568
mem:  1964544
mem:  1966080
mem:  1999360
mem:  1955840
mem:  2006016
mem:  1981952
mem:  1987072
mem:  1969152
mem:  1976832
mem:  1988096
mem:  1973760
mem:  1997312
mem:  1998848
mem:  1984512
mem:  1989632
mem:  2010624
mem:  2004992
mem:  1951744
mem:  1969152
mem:  2029056
mem:  2020864
mem:  2022400
mem:  2004480
mem:  1996288
mem:  1975808
mem:  1989632
mem:  2033664
mem:  2029056
mem:  1997824
mem:  2044416
mem:  2016768
mem:  2043904
mem:  2029568
mem:  2037248
mem:  2016768
mem:  2053632
mem:  2006528
mem:  2037248
mem:  2015744
mem:  2011136
mem:  2035712
mem:  2004480
mem:  2038784
mem:  2030592
mem:  2054144
mem:  2027520
mem:  2021888
mem:  2040320
mem:  2028544
