SLURM_JOBID=5050377
SLURM_JOB_NODELIST=svl15
SLURM_NNODES=1
SLURMTMPDIR=
working directory = /viscam/projects/objectfolder_benchmark/benchmarks/Multi_Sensory_3D_Reconstruction/code/models/MDN
Start_idx:  969
mem:  1536
mem:  1897984
mem:  1908736
mem:  1903104
mem:  1882624
mem:  1929216
mem:  1830912
mem:  1918976
mem:  1885184
mem:  1915904
mem:  1917440
mem:  1935872
mem:  1881600
mem:  1902592
mem:  1943040
mem:  1895936
mem:  1907200
mem:  1935360
mem:  1904128
mem:  1915392
mem:  1919488
mem:  1953792
mem:  1926144
mem:  1931264
mem:  1919488
mem:  1957376
mem:  1929728
mem:  1924096
mem:  1945088
mem:  1933312
mem:  1967616
mem:  1927680
mem:  1948672
mem:  1923584
mem:  1925120
mem:  1949696
mem:  1935360
mem:  1958912
mem:  1964032
mem:  1942528
mem:  1940480
mem:  1939456
mem:  1960448
mem:  1961984
mem:  1967104
mem:  1957888
mem:  1963008
mem:  1929216
mem:  1956352
mem:  1990656
mem:  1976320
mem:  1964544
mem:  1985536
mem:  1944576
mem:  2004480
mem:  1980416
mem:  1965056
mem:  1989632
mem:  1988608
mem:  1980416
mem:  1974784
mem:  1976320
mem:  2010624
mem:  1969664
mem:  2017280
mem:  1982464
mem:  1991168
mem:  1966080
mem:  1987072
mem:  2011648
mem:  1993728
mem:  1995264
mem:  2010112
mem:  2000896
mem:  2006016
mem:  1988096
mem:  2012672
mem:  2014208
mem:  2037760
mem:  2033152
mem:  2018816
mem:  2030080
mem:  2021888
mem:  2042880
mem:  2024960
mem:  2026496
mem:  2030592
mem:  2000384
mem:  1998336
mem:  2019328
mem:  2053632
mem:  2029568
mem:  2043392
mem:  2022912
mem:  2011136
mem:  2061312
mem:  2017792
mem:  2054656
mem:  2072064
mem:  2044416
