SLURM_JOBID=5049944
SLURM_JOB_NODELIST=svl9
SLURM_NNODES=1
SLURMTMPDIR=
working directory = /viscam/projects/objectfolder_benchmark/benchmarks/Multi_Sensory_3D_Reconstruction/code/models/MDN
Start_idx:  499
mem:  1536
mem:  1884672
mem:  1882112
mem:  1894400
mem:  1927680
mem:  1913344
mem:  1895424
mem:  1899520
mem:  1898496
mem:  1906176
mem:  1913856
mem:  1928704
mem:  1901056
mem:  1912320
mem:  1933312
mem:  1911808
mem:  1930240
mem:  1924608
mem:  1913856
mem:  1925120
mem:  1938944
mem:  1940480
mem:  1935872
mem:  1937408
mem:  1955840
mem:  1927168
mem:  1922560
mem:  1956864
mem:  1958400
mem:  1936896
mem:  1955328
mem:  1959424
mem:  1970688
mem:  1949184
mem:  1928704
mem:  1969152
mem:  1964544
mem:  1943040
mem:  1973760
mem:  1977856
mem:  1957376
mem:  1978368
mem:  1954304
mem:  1977856
mem:  1963520
mem:  1961472
mem:  1972736
mem:  1977856
mem:  1963520
mem:  1967616
mem:  1995776
mem:  1999872
mem:  1966080
mem:  2000384
mem:  1978880
mem:  1967104
mem:  1968640
mem:  1983488
mem:  1969152
mem:  2012160
mem:  1955328
mem:  2015232
mem:  2016768
mem:  2018304
mem:  1994240
mem:  1992192
mem:  2009600
mem:  2018304
mem:  1977344
mem:  1998336
mem:  2016768
mem:  2030592
mem:  2019840
mem:  2021376
mem:  2015744
mem:  2017280
mem:  2005504
mem:  2007040
mem:  2037760
mem:  1997824
mem:  2022400
mem:  2013184
mem:  2012160
mem:  2042880
mem:  2048000
mem:  2019328
mem:  2041344
mem:  2052608
mem:  2037248
mem:  2058240
mem:  2056192
mem:  2058752
mem:  1998336
mem:  2048512
mem:  2046464
mem:  2051584
mem:  2043392
mem:  2035200
mem:  2068480
mem:  2048000
