SLURM_JOBID=5049547
SLURM_JOB_NODELIST=svl17
SLURM_NNODES=1
SLURMTMPDIR=
working directory = /viscam/projects/objectfolder_benchmark/benchmarks/Multi_Sensory_3D_Reconstruction/code/models/MDN
Start_idx:  77
mem:  1536
mem:  1878528
mem:  1899008
mem:  1887232
mem:  1894912
mem:  1878016
mem:  1875968
mem:  1922560
mem:  1917952
mem:  1915904
mem:  1927168
mem:  1935872
mem:  1871872
mem:  1935360
mem:  1943040
mem:  1902080
mem:  1894912
mem:  1902592
mem:  1913856
mem:  1921536
mem:  1913344
mem:  1934336
mem:  1900544
mem:  1911808
mem:  1954816
mem:  1946624
mem:  1916416
mem:  1933824
mem:  1958400
mem:  1940480
mem:  1938432
mem:  1939968
mem:  1954816
mem:  1968640
mem:  1960448
mem:  1969152
mem:  1934336
mem:  1939456
mem:  1931264
mem:  1949696
mem:  1982976
mem:  1943040
mem:  1960448
mem:  1955840
mem:  1976832
mem:  1951744
mem:  1956864
mem:  1952256
mem:  1959936
mem:  1971200
mem:  1992192
mem:  1986560
mem:  1966080
mem:  1964032
mem:  1988608
mem:  1954816
mem:  1981952
mem:  1960448
mem:  1961984
mem:  1963520
mem:  1958912
mem:  2012672
mem:  1974272
mem:  1995264
mem:  1971200
mem:  1978880
mem:  1974272
mem:  1982976
mem:  1964032
mem:  2004480
mem:  2003456
mem:  2001408
mem:  1973760
mem:  1994752
mem:  2021888
mem:  2007552
mem:  1999360
mem:  2026496
mem:  1980416
mem:  2020864
mem:  2044416
mem:  2013184
mem:  2008576
mem:  2013696
mem:  2044416
mem:  2020352
mem:  2018304
mem:  2000384
mem:  2024960
mem:  2036224
mem:  2011136
mem:  2045440
mem:  2014208
mem:  2031616
mem:  2017280
mem:  2054144
mem:  2008064
mem:  2051072
mem:  2029568
mem:  2063872
