SLURM_JOBID=5049503
SLURM_JOB_NODELIST=svl5
SLURM_NNODES=1
SLURMTMPDIR=
working directory = /viscam/projects/objectfolder_benchmark/benchmarks/Multi_Sensory_3D_Reconstruction/code/models/MDN
Start_idx:  49
mem:  1536
mem:  1907712
mem:  1873408
mem:  1904128
mem:  1921536
mem:  1890304
mem:  1888256
mem:  1909248
mem:  1908224
mem:  1900032
mem:  1921024
mem:  1925120
mem:  1904640
mem:  1931776
mem:  1904128
mem:  1944576
mem:  1932800
mem:  1899008
mem:  1926144
mem:  1950720
mem:  1920512
mem:  1934336
mem:  1942016
mem:  1956864
mem:  1936384
mem:  1927168
mem:  1926144
mem:  1943552
mem:  1961984
mem:  1959936
mem:  1935872
mem:  1901056
mem:  1945088
mem:  1952768
mem:  1967616
mem:  1933824
mem:  1951232
mem:  1945600
mem:  1979904
mem:  1938944
mem:  1963520
mem:  1926144
mem:  1979904
mem:  1932800
mem:  1930752
mem:  1945600
mem:  1963008
mem:  1974272
mem:  1966080
mem:  1993216
mem:  1978880
mem:  1999872
mem:  1972224
mem:  1996800
mem:  1981440
mem:  1976832
mem:  1988096
mem:  1957888
mem:  1981440
mem:  2006016
mem:  1990656
mem:  1979904
mem:  2004480
mem:  1982976
mem:  1988096
mem:  1986048
mem:  1993728
mem:  2014720
mem:  2010112
mem:  2014208
mem:  2013184
mem:  1997824
mem:  1970176
mem:  2014208
mem:  1999872
mem:  1966080
mem:  1999360
mem:  1997312
mem:  2025472
mem:  1988096
mem:  2028544
mem:  2042368
mem:  1992704
mem:  2019840
mem:  2050560
mem:  2042368
mem:  2018304
mem:  2010112
mem:  2056704
mem:  2025472
mem:  2014720
mem:  2016256
mem:  2046976
mem:  2051072
mem:  2033152
mem:  2018816
mem:  2059264
mem:  2029056
mem:  2072064
mem:  2002944
