SLURM_JOBID=5049152
SLURM_JOB_NODELIST=svl3
SLURM_NNODES=1
SLURMTMPDIR=
working directory = /viscam/projects/objectfolder_benchmark/benchmarks/Multi_Sensory_3D_Reconstruction/code/models/MDN
Start_idx:  35
mem:  1536
mem:  1917440
mem:  1921024
mem:  1910272
mem:  1924096
mem:  1925632
mem:  1917440
mem:  1932288
mem:  1924096
mem:  1922048
mem:  1911296
mem:  1893376
mem:  1926656
mem:  1941504
mem:  1939456
mem:  1944576
mem:  1891328
mem:  1937920
mem:  1946624
mem:  1938432
mem:  1949696
mem:  1937920
mem:  1945600
mem:  1924096
mem:  1952256
mem:  1934336
mem:  1928704
mem:  1937408
mem:  1935360
mem:  1953792
mem:  1948160
mem:  1946112
mem:  1954816
mem:  1956352
mem:  1973760
mem:  1969152
mem:  1954816
mem:  1975808
mem:  1940992
mem:  1958400
mem:  1953792
mem:  1965056
mem:  1944576
mem:  1955840
mem:  1944064
mem:  1987072
mem:  1953280
mem:  1974272
mem:  1995264
mem:  1996800
mem:  1976320
mem:  1984000
mem:  1978368
mem:  1971200
mem:  1959424
mem:  1967104
mem:  1958912
mem:  1995776
mem:  2010624
mem:  1986560
mem:  1997824
mem:  2009088
mem:  1987584
mem:  2002432
mem:  2019840
mem:  2021376
mem:  2013184
mem:  2001408
mem:  2010112
mem:  2027520
mem:  1990144
mem:  1972224
mem:  2018816
mem:  2001920
mem:  1982976
mem:  1991680
mem:  2024960
mem:  1985024
mem:  2038784
mem:  2030592
mem:  2034688
mem:  1994752
mem:  2034176
mem:  2039296
mem:  2031104
mem:  2045952
mem:  2043904
mem:  2052608
mem:  2023936
mem:  2058240
mem:  2059776
mem:  2032128
mem:  2023936
mem:  2048512
mem:  2042880
mem:  2064896
mem:  2059264
mem:  2058240
mem:  2072064
mem:  2067456
mem:  2062848
mem:  2063360
mem:  2074624
mem:  2067456
mem:  2030080
mem:  2037760
mem:  2035712
mem:  2053120
mem:  2048512
mem:  2059776
mem:  2041856
mem:  2062848
mem:  2067968
mem:  2059776
mem:  2038272
mem:  2053120
mem:  2051072
mem:  2095104
mem:  2063872
mem:  2062848
mem:  2066944
mem:  2064896
mem:  2073600
mem:  2045952
mem:  2076672
mem:  2064896
mem:  2076160
mem:  2071552
mem:  2098688
mem:  2071040
mem:  2062848
mem:  2087424
mem:  2092544
mem:  2074624
mem:  2098176
mem:  2093568
mem:  2127872
mem:  2051584
mem:  2104320
mem:  2113024
mem:  2101248
mem:  2096640
mem:  2094592
mem:  2086400
mem:  2113536
mem:  2095616
mem:  2077696
mem:  2096128
mem:  2107392
mem:  2124800
mem:  2110464
mem:  2110976
mem:  2145280
mem:  2085888
mem:  2115584
mem:  2124288
mem:  2112512
mem:  2104320
mem:  2125312
mem:  2120704
mem:  2141696
mem:  2120192
mem:  2127872
mem:  2120704
mem:  2131968
mem:  2133504
mem:  2131456
mem:  2145280
mem:  2085888
mem:  2122752
mem:  2157056
mem:  2155008
mem:  2137088
mem:  2167808
mem:  2186240
mem:  2161152
mem:  2123776
mem:  2161664
mem:  2153472
mem:  2124800
mem:  2174976
mem:  2157056
mem:  2168320
mem:  2196480
mem:  2152960
mem:  2160640
mem:  2152448
mem:  2169856
mem:  2190848
mem:  2186240
mem:  2142720
mem:  2185728
mem:  2210304
mem:  2163200
mem:  2180608
mem:  2169856
mem:  2183680
mem:  2175488
mem:  2200064
mem:  2207744
mem:  2189824
mem:  2181632
mem:  2222080
mem:  2188288
mem:  2180096
mem:  2226688
mem:  2224640
mem:  2213888
mem:  2219008
mem:  2226688
mem:  2212352
mem:  2206720
mem:  2224128
mem:  2242560
mem:  2188288
mem:  2229760
mem:  2211840
mem:  2254848
mem:  2230784
mem:  2228736
mem:  2249728
mem:  2215936
mem:  2243072
mem:  2221568
mem:  2230272
mem:  2228224
mem:  2223616
mem:  2248192
mem:  2203648
mem:  2228224
mem:  2220032
mem:  2260480
mem:  2268160
mem:  2217472
mem:  2261504
mem:  2256896
mem:  2222080
mem:  2259968
mem:  2245632
mem:  2226688
mem:  2260992
mem:  2249216
mem:  2267648
mem:  2271744
mem:  2244096
mem:  2288128
mem:  2279936
mem:  2259456
mem:  2253824
mem:  2274816
mem:  2283520
mem:  2304512
mem:  2267136
mem:  2300416
mem:  2311680
mem:  2293760
mem:  2312192
mem:  2267648
mem:  2269184
mem:  2284032
mem:  2289152
mem:  2290688
mem:  2285056
mem:  2299904
mem:  2307584
mem:  2273792
mem:  2291200
mem:  2267136
mem:  2333184
mem:  2295808
mem:  2320384
mem:  2298880
mem:  2335744
mem:  2301952
mem:  2313216
mem:  2308608
mem:  2296832
mem:  2327552
mem:  2297344
mem:  2308608
mem:  2322432
mem:  2291200
mem:  2312192
mem:  2295296
mem:  2322432
mem:  2310656
mem:  2269696
mem:  2323456
mem:  2344448
mem:  2320384
mem:  2335232
mem:  2326016
mem:  2350592
mem:  2332672
mem:  2353664
mem:  2358784
mem:  2337280
mem:  2365440
mem:  2307584
mem:  2341888
mem:  2339840
mem:  2352128
mem:  2342912
mem:  2377216
mem:  2359296
mem:  2347520
mem:  2365952
mem:  2377216
mem:  2375168
mem:  2353664
mem:  2381824
mem:  2366464
mem:  2377728
mem:  2373120
mem:  2364928
mem:  2383360
mem:  2344960
mem:  2366976
mem:  2371072
mem:  2370048
mem:  2406912
mem:  2375680
mem:  2373632
mem:  2385920
mem:  2374144
mem:  2388992
mem:  2406400
mem:  2359296
mem:  2374144
mem:  2404864
mem:  2386944
mem:  2375168
mem:  2398720
mem:  2426880
mem:  2379776
mem:  2391040
mem:  2402304
mem:  2426880
mem:  2415104
mem:  2426368
mem:  2418176
mem:  2432000
mem:  2430976
mem:  2422784
mem:  2411008
mem:  2422272
mem:  2414080
mem:  2435072
mem:  2401280
mem:  2447872
mem:  2427392
mem:  2419200
mem:  2446336
mem:  2418688
mem:  2451968
mem:  2427904
mem:  2462208
mem:  2438144
mem:  2461696
mem:  2463232
mem:  2474496
mem:  2446848
mem:  2451968
mem:  2446336
mem:  2478080
mem:  2469888
mem:  2451968
mem:  2453504
mem:  2477056
mem:  2443264
mem:  2473984
mem:  2481664
mem:  2469888
mem:  2484736
mem:  2466816
mem:  2481664
mem:  2483200
mem:  2468864
mem:  2472960
mem:  2458624
mem:  2479616
mem:  2477568
mem:  2492416
mem:  2445312
mem:  2482176
mem:  2489856
mem:  2481664
mem:  2461184
mem:  2478592
mem:  2493440
mem:  2468352
mem:  2492928
mem:  2461696
mem:  2492416
mem:  2504704
mem:  2485760
mem:  2510336
mem:  2488832
mem:  2519552
mem:  2483200
mem:  2520064
mem:  2479104
mem:  2535424
mem:  2521088
mem:  2520064
mem:  2494976
mem:  2515968
mem:  2488320
mem:  2499584
mem:  2518016
mem:  2499072
mem:  2521088
mem:  2528768
mem:  2507264
mem:  2524672
mem:  2556416
mem:  2528768
mem:  2497536
mem:  2499072
mem:  2529792
mem:  2541056
mem:  2545152
mem:  2537984
mem:  2548224
mem:  2537472
mem:  2529280
mem:  2550272
mem:  2561536
mem:  2530304
mem:  2554880
mem:  2566144
mem:  2573824
mem:  2516992
mem:  2544128
mem:  2584576
mem:  2560512
mem:  2571776
mem:  2557440
mem:  2594304
mem:  2547200
mem:  2546176
mem:  2560000
mem:  2557952
mem:  2570240
mem:  2603520
mem:  2579456
mem:  2583552
mem:  2559488
mem:  2564608
mem:  2598912
mem:  2596864
mem:  2588672
mem:  2584064
mem:  2597888
mem:  2616320
mem:  2604544
mem:  2615808
mem:  2617344
mem:  2625024
mem:  2562048
mem:  2606080
mem:  2588160
mem:  2609152
mem:  2629120
mem:  2614784
mem:  2635776
mem:  2608128
mem:  2638848
mem:  2608640
mem:  2618880
mem:  2627584
mem:  2615808
mem:  2620928
mem:  2587136
mem:  2624000
mem:  2612224
mem:  2633216
mem:  2621440
mem:  2626560
mem:  2621952
mem:  2639360
mem:  2592256
mem:  2649600
mem:  2628096
mem:  2635776
mem:  2633728
mem:  2661888
mem:  2669568
mem:  2619904
mem:  2639872
mem:  2635264
mem:  2636800
mem:  2625024
mem:  2649600
mem:  2677760
mem:  2627072
mem:  2663936
mem:  2661888
mem:  2653696
mem:  2662400
mem:  2673664
mem:  2652160
mem:  2663424
mem:  2674688
mem:  2676224
mem:  2671616
mem:  2676736
mem:  2678272
mem:  2676224
mem:  2648576
mem:  2681856
mem:  2684416
mem:  2685952
mem:  2668032
mem:  2688000
mem:  2667520
mem:  2698240
mem:  2657280
mem:  2701312
mem:  2712576
mem:  2675200
mem:  2696192
mem:  2723328
mem:  2701824
mem:  2703360
mem:  2689024
mem:  2706432
mem:  2708992
mem:  2680320
mem:  2675712
mem:  2710016
mem:  2707968
mem:  2690048
mem:  2740224
mem:  2702848
mem:  2691072
mem:  2728960
mem:  2714624
mem:  2712576
mem:  2720256
mem:  2715648
mem:  2719744
mem:  2728448
mem:  2720256
mem:  2727936
mem:  2742784
mem:  2734592
mem:  2738688
mem:  2718208
mem:  2729472
mem:  2766336
mem:  2752000
mem:  2707456
mem:  2738176
mem:  2746880
mem:  2758144
mem:  2753536
mem:  2757632
mem:  2743296
mem:  2754560
mem:  2769408
mem:  2740736
mem:  2762752
mem:  2770432
mem:  2716160
mem:  2763776
mem:  2745856
mem:  2757120
mem:  2770944
mem:  2776064
mem:  2732544
mem:  2734080
mem:  2774528
mem:  2785792
mem:  2777600
mem:  2746368
mem:  2770944
mem:  2782208
mem:  2780160
mem:  2779136
mem:  2796544
mem:  2800640
mem:  2764288
mem:  2797568
mem:  2777088
mem:  2784768
mem:  2809344
mem:  2745344
mem:  2811392
mem:  2813952
mem:  2775552
mem:  2764800
mem:  2799104
mem:  2806784
mem:  2814464
mem:  2806272
mem:  2811392
mem:  2809344
mem:  2824192
mem:  2792960
mem:  2821120
mem:  2819072
mem:  2784256
mem:  2805248
mem:  2810368
mem:  2818048
mem:  2801152
mem:  2818560
mem:  2832384
mem:  2833920
mem:  2797568
mem:  2838016
mem:  2848256
mem:  2847232
mem:  2809856
mem:  2813952
mem:  2819072
mem:  2863104
mem:  2825728
mem:  2804224
mem:  2828800
mem:  2862080
mem:  2835456
mem:  2872320
mem:  2873856
mem:  2852352
mem:  2834432
mem:  2842112
mem:  2827776
mem:  2848768
mem:  2846720
mem:  2838528
mem:  2880000
mem:  2858496
mem:  2824704
mem:  2894336
mem:  2865664
mem:  2868224
mem:  2852864
mem:  2881024
mem:  2885120
mem:  2876928
mem:  2878464
mem:  2860544
mem:  2878976
mem:  2876928
mem:  2881024
mem:  2909184
mem:  2887680
mem:  2879488
mem:  2874880
mem:  2856960
mem:  2874368
mem:  2908672
mem:  2884608
mem:  2863104
mem:  2890240
mem:  2914816
mem:  2903040
mem:  2865664
mem:  2923008
mem:  2882048
mem:  2893312
mem:  2900992
mem:  2886656
mem:  2930688
mem:  2928640
mem:  2881536
mem:  2869760
mem:  2890752
mem:  2940928
mem:  2929152
mem:  2911232
mem:  2900480
mem:  2933760
mem:  2946048
mem:  2934272
mem:  2951680
mem:  2927616
mem:  2925568
mem:  2895360
mem:  2922496
mem:  2947072
mem:  2945024
mem:  2927104
mem:  2921472
mem:  2955776
mem:  2941440
mem:  2952704
mem:  2957824
mem:  2936320
mem:  2934272
mem:  2935808
mem:  2943488
mem:  2942464
mem:  2957312
mem:  2929664
mem:  2978816
mem:  2960896
mem:  2956288
mem:  2934784
mem:  2959360
mem:  2970624
mem:  2975744
mem:  2961408
mem:  2953216
mem:  2970624
mem:  2945536
mem:  2928640
mem:  2981376
mem:  2973184
mem:  2981888
mem:  2989568
mem:  2983936
mem:  2995200
mem:  2990592
mem:  3005440
mem:  2983936
mem:  2972160
mem:  2973696
mem:  2985984
mem:  2993664
mem:  2991616
mem:  2990592
mem:  3014144
mem:  2999808
mem:  3003904
mem:  2996736
mem:  3008000
mem:  2992640
mem:  3010048
mem:  3028480
mem:  3016704
mem:  3027968
mem:  3019776
mem:  3021312
mem:  3032576
mem:  3034112
mem:  3016192
mem:  3023872
mem:  3019264
mem:  3030528
mem:  3028480
mem:  3037184
mem:  3025408
mem:  3040256
mem:  3028480
mem:  3053056
mem:  3027968
mem:  3017216
mem:  3034624
mem:  3026432
mem:  3041280
mem:  3055104
mem:  3034624
mem:  3052032
mem:  3053568
mem:  3068416
mem:  3060224
mem:  3032576
mem:  3065856
mem:  3061248
mem:  3072512
mem:  3048448
mem:  3063296
mem:  3061248
mem:  3053056
mem:  3074048
mem:  3046400
mem:  3080704
mem:  3045888
mem:  3051008
mem:  3078144
mem:  3089408
mem:  3075072
mem:  3073024
mem:  3084288
mem:  3089408
mem:  3097088
mem:  3066880
mem:  3087872
mem:  3085824
mem:  3064320
mem:  3104768
mem:  3102720
mem:  3055616
mem:  3093504
mem:  3091456
mem:  3100160
mem:  3098112
mem:  3099648
mem:  3107328
mem:  3112448
mem:  3104256
mem:  3105792
mem:  3123200
mem:  3099136
mem:  3126272
mem:  3124224
mem:  3109888
mem:  3101696
mem:  3136000
mem:  3137536
mem:  3129344
mem:  3121152
mem:  3138560
mem:  3120640
mem:  3154944
mem:  3143168
mem:  3160576
mem:  3140096
mem:  3138048
mem:  3139584
mem:  3134976
mem:  3107328
mem:  3138048
mem:  3126272
mem:  3164160
mem:  3126784
mem:  3167232
mem:  3138560
mem:  3147264
mem:  3132928
mem:  3140608
mem:  3138560
mem:  3133952
mem:  3184128
mem:  3156480
mem:  3177472
mem:  3155968
mem:  3184128
mem:  3166208
mem:  3147264
mem:  3201024
mem:  3183104
mem:  3151872
mem:  3156992
mem:  3175424
mem:  3192832
mem:  3177472
mem:  3199488
mem:  3174400
mem:  3162624
mem:  3167744
mem:  3179008
mem:  3197440
mem:  3182080
mem:  3203072
mem:  3221504
mem:  3167232
mem:  3207680
mem:  3215360
mem:  3181568
mem:  3229184
mem:  3229696
mem:  3183616
mem:  3223040
mem:  3198976
mem:  3219968
mem:  3209216
mem:  3238912
mem:  3185664
mem:  3223552
mem:  3217920
mem:  3238912
mem:  3218432
mem:  3248128
mem:  3230208
mem:  3219456
mem:  3182080
mem:  3225088
mem:  3239936
mem:  3208704
mem:  3223552
mem:  3234816
mem:  3230208
mem:  3253760
mem:  3213824
mem:  3240960
mem:  3232768
mem:  3237888
mem:  3249152
mem:  3224064
mem:  3246080
mem:  3246592
mem:  3278336
mem:  3260416
mem:  3252224
mem:  3253760
mem:  3267584
mem:  3230208
mem:  3268096
mem:  3262464
mem:  3270144
mem:  3278848
mem:  3282944
mem:  3268608
mem:  3293184
mem:  3268096
mem:  3286528
mem:  3280896
mem:  3289600
mem:  3303424
mem:  3295232
mem:  3300352
mem:  3301888
mem:  3299840
mem:  3304960
mem:  3287040
mem:  3295744
mem:  3307008
mem:  3311104
mem:  3322368
mem:  3323904
mem:  3319296
mem:  3326976
mem:  3315200
mem:  3300864
mem:  3321856
mem:  3329536
mem:  3331072
mem:  3336192
mem:  3331584
mem:  3325952
mem:  3337216
mem:  3322880
mem:  3334144
mem:  3339264
mem:  3346944
mem:  3344896
mem:  3343872
mem:  3335680
mem:  3327488
mem:  3348480
mem:  3356160
mem:  3354112
mem:  3343360
mem:  3341312
mem:  3342848
mem:  3351552
mem:  3353088
mem:  3351040
mem:  3358720
mem:  3366400
mem:  3355648
mem:  3370496
mem:  3362304
mem:  3376128
mem:  3377664
mem:  3369472
mem:  3374592
mem:  3376128
mem:  3383808
mem:  3375616
mem:  3377152
mem:  3372544
mem:  3380224
mem:  3372032
mem:  3361280
mem:  3382272
mem:  3380224
mem:  3391488
mem:  3385856
mem:  3394560
mem:  3402240
mem:  3401216
mem:  3385856
mem:  3400704
mem:  3404800
mem:  3386880
mem:  3405312
mem:  3400704
mem:  3404800
mem:  3386880
mem:  3395584
mem:  3415552
mem:  3404800
mem:  3402752
mem:  3417600
mem:  3422720
mem:  3410944
mem:  3418624
mem:  3420160
mem:  3425280
mem:  3423232
mem:  3415040
mem:  3423744
mem:  3431424
mem:  3425792
mem:  3417600
mem:  3436032
mem:  3440128
mem:  3439104
mem:  3443200
mem:  3428864
mem:  3443712
mem:  3447808
mem:  3443200
mem:  3441152
mem:  3456000
