SLURM_JOBID=5050190
SLURM_JOB_NODELIST=svl2
SLURM_NNODES=1
SLURMTMPDIR=
working directory = /viscam/projects/objectfolder_benchmark/benchmarks/Multi_Sensory_3D_Reconstruction/code/models/MDN
Start_idx:  774
mem:  1536
mem:  1888256
mem:  1885696
mem:  1881088
mem:  1888768
mem:  1880576
mem:  1875968
mem:  1889792
mem:  1863168
mem:  1902592
mem:  1901568
mem:  1903104
mem:  1897472
mem:  1900032
mem:  1897984
mem:  1893376
mem:  1897472
mem:  1902592
mem:  1904128
mem:  1909248
mem:  1913344
mem:  1905152
mem:  1906688
mem:  1911808
mem:  1909760
mem:  1914880
mem:  1929728
mem:  1930240
mem:  1929216
mem:  1911296
mem:  1926144
mem:  1916928
mem:  1922048
mem:  1952768
mem:  1948160
mem:  1930240
mem:  1931776
mem:  1939456
mem:  1934848
mem:  1946112
mem:  1928192
mem:  1949184
mem:  1940992
mem:  1935360
mem:  1950208
mem:  1945600
mem:  1972736
mem:  1961984
mem:  1959936
mem:  1961472
mem:  1955840
mem:  1964544
mem:  1956352
mem:  1954304
mem:  1949696
mem:  1970688
mem:  1945600
mem:  1970176
mem:  1965568
mem:  1963520
mem:  1962496
mem:  1970176
mem:  1958400
mem:  1944064
mem:  1955328
mem:  1982464
mem:  1968128
mem:  1975808
mem:  1994240
mem:  1982464
mem:  1976832
mem:  1981952
mem:  1990656
mem:  1994752
mem:  2003456
mem:  1985536
mem:  1996800
mem:  2000896
mem:  1986560
mem:  2011136
mem:  1995776
mem:  1987584
mem:  1998848
mem:  2033152
mem:  2005504
mem:  2010624
mem:  2021888
mem:  2006528
mem:  2040832
mem:  2015744
mem:  2011136
mem:  2006528
mem:  2017792
mem:  2025472
mem:  2040320
mem:  2012672
mem:  2023936
mem:  2035200
mem:  2027008
mem:  2051584
