SLURM_JOBID=5050282
SLURM_JOB_NODELIST=svl5
SLURM_NNODES=1
SLURMTMPDIR=
working directory = /viscam/projects/objectfolder_benchmark/benchmarks/Multi_Sensory_3D_Reconstruction/code/models/MDN
Start_idx:  889
mem:  1536
mem:  1897984
mem:  1901568
mem:  1906688
mem:  1925120
mem:  1884160
mem:  1891840
mem:  1896960
mem:  1914368
mem:  1923072
mem:  1911296
mem:  1909248
mem:  1898496
mem:  1931776
mem:  1923584
mem:  1931264
mem:  1946112
mem:  1934336
mem:  1923584
mem:  1905664
mem:  1926656
mem:  1944064
mem:  1939456
mem:  1914368
mem:  1935360
mem:  1950208
mem:  1926144
mem:  1953280
mem:  1929216
mem:  1952768
mem:  1928704
mem:  1937408
mem:  1938944
mem:  1943040
mem:  1950720
mem:  1930240
mem:  1967104
mem:  1943040
mem:  1976320
mem:  1965568
mem:  1982976
mem:  1951744
mem:  1976320
mem:  1965568
mem:  1953792
mem:  1955328
mem:  1960448
mem:  1938944
mem:  1966080
mem:  1990656
mem:  1978880
mem:  1977856
mem:  1958912
mem:  1944576
mem:  1994752
mem:  1993728
mem:  1956352
mem:  1966592
mem:  1998336
mem:  1980416
mem:  2000384
mem:  1979904
mem:  2000896
mem:  2002432
mem:  1974784
mem:  1989632
mem:  2013184
mem:  2012160
mem:  2022400
mem:  2001920
mem:  2009600
mem:  1985536
mem:  2032128
mem:  2008064
mem:  2021888
mem:  2013696
mem:  2025984
mem:  1991168
mem:  2021888
mem:  2017280
mem:  1999360
mem:  2045952
mem:  2025472
mem:  2036736
mem:  2038272
mem:  2019328
mem:  2021888
mem:  2025984
mem:  2043392
mem:  2044928
mem:  2034176
mem:  2038272
mem:  2046976
mem:  2058240
mem:  2030592
mem:  2051584
mem:  2056704
mem:  2041344
mem:  2033152
mem:  2034688
