SLURM_JOBID=5050233
SLURM_JOB_NODELIST=svl15
SLURM_NNODES=1
SLURMTMPDIR=
working directory = /viscam/projects/objectfolder_benchmark/benchmarks/Multi_Sensory_3D_Reconstruction/code/models/MDN
Start_idx:  849
mem:  1536
mem:  1907712
mem:  1908736
mem:  1904128
mem:  1914368
mem:  1913344
mem:  1911296
mem:  1912832
mem:  1917952
mem:  1925632
mem:  1930752
mem:  1903104
mem:  1933824
mem:  1919488
mem:  1933312
mem:  1928704
mem:  1946112
mem:  1941504
mem:  1929728
mem:  1940992
mem:  1936384
mem:  1941504
mem:  1943040
mem:  1940992
mem:  1946112
mem:  1950208
mem:  1958912
mem:  1947136
mem:  1954816
mem:  1930752
mem:  1938432
mem:  1965568
mem:  1960960
mem:  1958912
mem:  1957888
mem:  1955840
mem:  1960960
mem:  1952768
mem:  1964032
mem:  1975296
mem:  1973248
mem:  1968640
mem:  1964032
mem:  1971712
mem:  1966080
mem:  1971200
mem:  1972736
mem:  1987584
mem:  1995264
mem:  1983488
mem:  1978880
mem:  1984000
mem:  1985536
mem:  1983488
mem:  1981440
mem:  1990144
mem:  1997824
mem:  1995776
mem:  1997312
mem:  1992704
mem:  2003968
mem:  2015232
mem:  2003456
mem:  2008576
mem:  2003968
mem:  2011648
mem:  2007040
mem:  2011136
mem:  2016256
mem:  2008064
mem:  2013184
mem:  2014720
mem:  2012672
mem:  2023936
mem:  2019328
mem:  2027008
mem:  2022400
mem:  2027520
mem:  2029056
mem:  2033152
mem:  2028544
mem:  2022912
mem:  2034176
mem:  2039296
mem:  2037248
mem:  2032640
mem:  2043904
mem:  2049024
mem:  2040832
mem:  2048512
mem:  2050048
mem:  2041856
mem:  2053120
mem:  2044928
mem:  2053632
mem:  2048000
mem:  2059264
mem:  2048512
mem:  2065920
mem:  2054144
