SLURM_JOBID=5050066
SLURM_JOB_NODELIST=svl9
SLURM_NNODES=1
SLURMTMPDIR=
working directory = /viscam/projects/objectfolder_benchmark/benchmarks/Multi_Sensory_3D_Reconstruction/code/models/MDN
Start_idx:  661
mem:  1536
mem:  1878528
mem:  1869824
mem:  1877504
mem:  1888768
mem:  1900032
mem:  1889280
mem:  1867776
mem:  1917952
mem:  1902592
mem:  1913856
mem:  1893376
mem:  1910784
mem:  1861120
mem:  1904128
mem:  1928704
mem:  1930240
mem:  1934336
mem:  1855488
mem:  1889792
mem:  1923072
mem:  1892864
mem:  1881088
mem:  1917952
mem:  1929216
mem:  1914880
mem:  1942016
mem:  1937408
mem:  1932800
mem:  1927168
mem:  1899520
mem:  1930240
mem:  1915904
mem:  1920000
mem:  1912832
mem:  1939968
mem:  1945088
mem:  1966080
mem:  1928704
mem:  1959424
mem:  1963520
mem:  1939456
mem:  1950720
mem:  1971712
mem:  1940480
mem:  1955328
mem:  1917952
mem:  1954816
mem:  1973248
mem:  1955328
mem:  1963008
mem:  1951232
mem:  1972224
mem:  1954304
mem:  1959424
mem:  1957376
mem:  1958912
mem:  1944576
mem:  1985024
mem:  1990144
mem:  1978368
mem:  1979904
mem:  1971712
mem:  1989120
mem:  1977344
mem:  1982464
mem:  2007040
mem:  2008576
mem:  1961472
mem:  1988608
mem:  1996288
mem:  2014720
mem:  1979904
mem:  1992192
mem:  1996288
mem:  1991680
mem:  2002944
mem:  2010624
mem:  2002432
mem:  2029568
mem:  2009088
mem:  2007040
mem:  2002432
mem:  2033152
mem:  2021376
mem:  1984000
mem:  2031616
mem:  2019840
mem:  2008064
mem:  2029056
mem:  1995264
mem:  2016256
mem:  2014208
mem:  2035200
mem:  2004992
mem:  2022400
mem:  2016768
mem:  2012160
mem:  2036736
mem:  2028544
