SLURM_JOBID=5049849
SLURM_JOB_NODELIST=svl1
SLURM_NNODES=1
SLURMTMPDIR=
working directory = /viscam/projects/objectfolder_benchmark/benchmarks/Multi_Sensory_3D_Reconstruction/code/models/MDN
Start_idx:  398
mem:  1536
mem:  1901568
mem:  1889280
mem:  1920000
mem:  1905664
mem:  1925632
mem:  1885696
mem:  1922560
mem:  1930240
mem:  1906176
mem:  1936896
mem:  1906688
mem:  1914368
mem:  1915904
mem:  1923584
mem:  1944576
mem:  1891328
mem:  1937920
mem:  1943040
mem:  1940992
mem:  1942528
mem:  1941504
mem:  1939456
mem:  1934848
mem:  1926656
mem:  1950208
mem:  1961472
mem:  1963008
mem:  1929216
mem:  1946624
mem:  1935872
mem:  1936384
mem:  1958400
mem:  1972224
mem:  1948160
mem:  1952256
mem:  1973248
mem:  1966080
mem:  1977344
mem:  1968128
mem:  1982976
mem:  1968640
mem:  1950720
mem:  1952256
mem:  1963520
mem:  1987072
mem:  1979904
mem:  1954816
mem:  1972224
mem:  1987072
mem:  1976320
mem:  1980416
mem:  1991680
mem:  1989632
mem:  1988608
mem:  1986560
mem:  1974784
mem:  1995776
mem:  1987584
mem:  2012160
mem:  1997824
mem:  2009088
mem:  2004480
mem:  1975808
mem:  2003968
mem:  1999360
mem:  2020352
mem:  2018304
mem:  2006528
mem:  1998336
mem:  2013184
mem:  2020864
mem:  2028544
mem:  2033664
mem:  2015744
mem:  2036736
mem:  2012672
mem:  2037248
mem:  2041344
mem:  2017280
mem:  2038272
mem:  2036224
mem:  2034176
mem:  2029568
mem:  2050560
mem:  2022912
mem:  2034176
mem:  2016256
mem:  2050560
mem:  2025472
mem:  2040320
mem:  2058752
mem:  2040832
mem:  2054656
mem:  2020864
mem:  2048000
mem:  2033664
mem:  2035200
mem:  2050048
mem:  2057728
