SLURM_JOBID=5050008
SLURM_JOB_NODELIST=svl1
SLURM_NNODES=1
SLURMTMPDIR=
working directory = /viscam/projects/objectfolder_benchmark/benchmarks/Multi_Sensory_3D_Reconstruction/code/models/MDN
Start_idx:  587
mem:  1536
mem:  1859072
mem:  1924608
mem:  1916416
mem:  1917952
mem:  1925632
mem:  1921024
mem:  1893376
mem:  1921536
mem:  1915904
mem:  1895424
mem:  1926144
mem:  1916928
mem:  1919488
mem:  1904128
mem:  1934848
mem:  1930240
mem:  1928192
mem:  1920000
mem:  1892352
mem:  1916928
mem:  1930752
mem:  1900544
mem:  1931264
mem:  1946112
mem:  1934336
mem:  1893376
mem:  1937408
mem:  1958400
mem:  1950208
mem:  1955328
mem:  1926656
mem:  1954816
mem:  1962496
mem:  1934848
mem:  1926656
mem:  1951232
mem:  1968640
mem:  1973760
mem:  1975296
mem:  1963520
mem:  1965056
mem:  1986048
mem:  1977856
mem:  1930752
mem:  1988096
mem:  1970176
mem:  1990144
mem:  1946624
mem:  1973760
mem:  1969152
mem:  1986560
mem:  1966080
mem:  1967616
mem:  1988608
mem:  1976832
mem:  2007552
mem:  1993216
mem:  1994752
mem:  1998848
mem:  1968640
mem:  1970176
mem:  2004480
mem:  1995264
mem:  2010112
mem:  2001920
mem:  1997312
mem:  1963520
mem:  2000384
mem:  2017792
mem:  2022912
mem:  1995264
mem:  2019840
mem:  1982464
mem:  2013184
mem:  1997824
mem:  2024960
mem:  2033664
mem:  2041344
mem:  1994240
mem:  1999360
mem:  2020352
mem:  2047488
mem:  2049024
mem:  2024960
mem:  2010624
mem:  2014720
mem:  2025984
mem:  2056704
mem:  2045952
mem:  2040320
mem:  2058752
mem:  2040832
mem:  2019328
mem:  2052608
mem:  2054144
mem:  2033664
mem:  2054656
mem:  2056192
mem:  2060288
