SLURM_JOBID=5049548
SLURM_JOB_NODELIST=svl1
SLURM_NNODES=1
SLURMTMPDIR=
working directory = /viscam/projects/objectfolder_benchmark/benchmarks/Multi_Sensory_3D_Reconstruction/code/models/MDN
Start_idx:  78
mem:  1536
mem:  1843200
mem:  1895424
mem:  1887232
mem:  1908224
mem:  1929216
mem:  1924608
mem:  1932288
mem:  1879040
mem:  1884160
mem:  1875968
mem:  1899520
mem:  1914368
mem:  1861120
mem:  1874944
mem:  1931264
mem:  1901056
mem:  1918464
mem:  1894400
mem:  1908224
mem:  1932800
mem:  1934336
mem:  1916416
mem:  1917952
mem:  1900032
mem:  1936896
mem:  1958912
mem:  1894912
mem:  1925632
mem:  1927168
mem:  1967616
mem:  1865728
mem:  1960960
mem:  1969664
mem:  1921536
mem:  1961984
mem:  1976832
mem:  1929728
mem:  1954304
mem:  1975296
mem:  1953792
mem:  1980928
mem:  1956864
mem:  1987584
mem:  1911296
mem:  1988096
mem:  1904640
mem:  1968128
mem:  1989120
mem:  1918976
mem:  1947136
mem:  1941504
mem:  1956352
mem:  1983488
mem:  1904640
mem:  1982976
mem:  1952768
mem:  1983488
mem:  1977856
mem:  1979392
mem:  1961472
mem:  1989632
mem:  2014208
mem:  2018304
mem:  1990656
mem:  1939968
mem:  2007040
mem:  2021888
mem:  1912832
mem:  1927680
mem:  1993728
mem:  1966080
mem:  1987072
mem:  2030080
mem:  2029056
mem:  1994240
mem:  2018816
mem:  2008064
mem:  1951232
mem:  1958912
mem:  1992192
mem:  2007040
mem:  2014720
mem:  2029568
mem:  2001920
mem:  1974272
mem:  2043904
mem:  2013696
mem:  2050560
mem:  1980416
mem:  2018304
mem:  2012672
mem:  2004480
mem:  2029056
mem:  2056192
mem:  1964032
mem:  2008064
mem:  1967104
mem:  2030592
mem:  2031104
