SLURM_JOBID=5049976
SLURM_JOB_NODELIST=svl9
SLURM_NNODES=1
SLURMTMPDIR=
working directory = /viscam/projects/objectfolder_benchmark/benchmarks/Multi_Sensory_3D_Reconstruction/code/models/MDN
Start_idx:  561
mem:  1536
mem:  1923584
mem:  1911296
mem:  1920000
mem:  1908224
mem:  1907200
mem:  1927168
mem:  1922560
mem:  1901056
mem:  1909760
mem:  1927168
mem:  1912832
mem:  1920512
mem:  1906176
mem:  1904128
mem:  1928704
mem:  1910784
mem:  1918464
mem:  1916416
mem:  1944576
mem:  1946112
mem:  1918464
mem:  1945600
mem:  1927680
mem:  1954816
mem:  1950208
mem:  1955328
mem:  1959424
mem:  1961984
mem:  1924608
mem:  1951744
mem:  1943552
mem:  1970688
mem:  1952768
mem:  1938432
mem:  1972736
mem:  1931776
mem:  1946624
mem:  1938432
mem:  1965568
mem:  1951232
mem:  1965056
mem:  1976320
mem:  1968128
mem:  1940480
mem:  1984512
mem:  1989632
mem:  1981440
mem:  1940480
mem:  1951744
mem:  1982464
mem:  1980416
mem:  1972224
mem:  1990656
mem:  2001920
mem:  1984000
mem:  1975808
mem:  1993216
mem:  2010624
mem:  1992704
mem:  1991680
mem:  1992192
mem:  2014208
mem:  2004992
mem:  1996800
mem:  1989632
mem:  1990144
mem:  1985536
mem:  2000384
mem:  2027520
mem:  1990144
mem:  2011136
mem:  2025984
mem:  2000896
mem:  2012160
mem:  2030592
mem:  2016256
mem:  2017792
mem:  2002432
mem:  2017280
mem:  2015232
mem:  2036224
mem:  2024448
mem:  2027008
mem:  2034688
mem:  2032640
mem:  2031616
mem:  2003968
mem:  2046976
mem:  2054656
mem:  2056192
mem:  2039296
mem:  2033664
mem:  2044928
mem:  2020864
mem:  2051584
mem:  2053120
mem:  2044928
mem:  2056192
mem:  2034688
