SLURM_JOBID=5050298
SLURM_JOB_NODELIST=svl1
SLURM_NNODES=1
SLURMTMPDIR=
working directory = /viscam/projects/objectfolder_benchmark/benchmarks/Multi_Sensory_3D_Reconstruction/code/models/MDN
Start_idx:  939
mem:  1536
mem:  1888256
mem:  1899008
mem:  1890816
mem:  1905664
mem:  1909760
mem:  1924608
mem:  1906688
mem:  1911808
mem:  1909760
mem:  1914880
mem:  1896960
mem:  1914368
mem:  1925632
mem:  1897984
mem:  1905664
mem:  1936384
mem:  1925632
mem:  1939456
mem:  1899520
mem:  1909760
mem:  1928192
mem:  1926144
mem:  1911808
mem:  1952256
mem:  1930752
mem:  1958912
mem:  1940992
mem:  1954816
mem:  1956352
mem:  1912832
mem:  1969152
mem:  1925632
mem:  1962496
mem:  1940992
mem:  1946112
mem:  1947648
mem:  1958912
mem:  1957888
mem:  1971712
mem:  1980416
mem:  1955328
mem:  1986048
mem:  1952256
mem:  1982976
mem:  1978368
mem:  1953280
mem:  1960960
mem:  1936896
mem:  1926144
mem:  1994752
mem:  1984000
mem:  1962496
mem:  2002944
mem:  1961984
mem:  1992704
mem:  1972224
mem:  1979904
mem:  1991168
mem:  1996288
mem:  1994240
mem:  1989632
mem:  2014208
mem:  2012160
mem:  1980928
mem:  1979904
mem:  2000896
mem:  2014720
mem:  1996800
mem:  2001920
mem:  2019328
mem:  2030592
mem:  1996800
mem:  1994752
mem:  1996288
mem:  2027008
mem:  2025984
mem:  2023936
mem:  1947648
mem:  2023424
mem:  2002944
mem:  2023936
mem:  2008576
mem:  2029568
mem:  1998336
mem:  1984000
mem:  2024448
mem:  2051584
mem:  1995776
mem:  2038784
mem:  2011136
mem:  2035712
mem:  2062848
mem:  2052096
mem:  2027008
mem:  2051584
mem:  2046976
mem:  2015744
mem:  2036736
mem:  2073600
