SLURM_JOBID=5049732
SLURM_JOB_NODELIST=svl15
SLURM_NNODES=1
SLURMTMPDIR=
working directory = /viscam/projects/objectfolder_benchmark/benchmarks/Multi_Sensory_3D_Reconstruction/code/models/MDN
Start_idx:  275
mem:  1536
mem:  1871360
mem:  1914880
mem:  1877504
mem:  1859584
mem:  1858560
mem:  1852928
mem:  1926144
mem:  1894912
mem:  1880576
mem:  1885696
mem:  1912832
mem:  1916928
mem:  1925632
mem:  1894400
mem:  1889792
mem:  1878016
mem:  1863680
mem:  1904128
mem:  1921536
mem:  1900032
mem:  1928192
mem:  1935872
mem:  1921536
mem:  1948672
mem:  1907712
mem:  1890816
mem:  1921536
mem:  1941504
mem:  1940480
mem:  1932288
mem:  1910784
mem:  1925632
mem:  1946624
mem:  1973760
mem:  1923072
mem:  1931776
mem:  1906688
mem:  1866752
mem:  1942528
mem:  1934336
mem:  1952768
mem:  1898496
mem:  1948672
mem:  1950208
mem:  1968640
mem:  1933824
mem:  1990144
mem:  1950208
mem:  1948160
mem:  1959424
mem:  1948672
mem:  1968640
mem:  1971200
mem:  1942528
mem:  1951232
mem:  1923584
mem:  1938432
mem:  2007040
mem:  1967104
mem:  1974784
mem:  2015232
mem:  1952256
mem:  1973248
mem:  1984512
mem:  1988608
mem:  1977856
mem:  1975808
mem:  1994240
mem:  1955840
mem:  2029056
mem:  1981952
mem:  2002944
mem:  1978880
mem:  1986560
mem:  1984512
mem:  2002944
mem:  1978880
mem:  2002432
mem:  2001408
mem:  2005504
mem:  1993728
mem:  2008576
mem:  1994240
mem:  1986048
mem:  1997312
mem:  1959936
mem:  2045440
mem:  2056704
mem:  2015744
mem:  1978368
mem:  1987072
mem:  2062848
mem:  2015744
mem:  2046464
mem:  2025984
mem:  2010624
mem:  2018304
mem:  2017280
mem:  2041856
