SLURM_JOBID=5050020
SLURM_JOB_NODELIST=svl3
SLURM_NNODES=1
SLURMTMPDIR=
working directory = /viscam/projects/objectfolder_benchmark/benchmarks/Multi_Sensory_3D_Reconstruction/code/models/MDN
Start_idx:  598
mem:  1536
mem:  1917440
mem:  1875968
mem:  1881088
mem:  1879040
mem:  1884160
mem:  1891840
mem:  1881088
mem:  1865728
mem:  1932800
mem:  1878528
mem:  1928704
mem:  1887744
mem:  1890304
mem:  1894400
mem:  1899520
mem:  1904640
mem:  1931776
mem:  1900544
mem:  1940992
mem:  1913344
mem:  1944064
mem:  1867776
mem:  1917952
mem:  1919488
mem:  1911296
mem:  1939456
mem:  1930240
mem:  1952256
mem:  1907712
mem:  1866752
mem:  1901056
mem:  1928192
mem:  1917440
mem:  1938432
mem:  1930240
mem:  1915904
mem:  1933312
mem:  1931264
mem:  1971712
mem:  1947648
mem:  1945600
mem:  1963008
mem:  1929216
mem:  1966080
mem:  1961472
mem:  1937408
mem:  1980416
mem:  1950208
mem:  1967616
mem:  1965568
mem:  1922048
mem:  1989120
mem:  1970176
mem:  1952256
mem:  1957376
mem:  1958912
mem:  1973760
mem:  1968128
mem:  1986560
mem:  1958912
mem:  1956864
mem:  1955840
mem:  1975808
mem:  1980928
mem:  1976320
mem:  1974272
mem:  1940480
mem:  1977344
mem:  1986048
mem:  1986560
mem:  2020864
mem:  1996800
mem:  1988608
mem:  2015744
mem:  1991680
mem:  1993216
mem:  1978880
mem:  2008576
mem:  1974784
mem:  2032128
mem:  1987584
mem:  1982976
mem:  2003968
mem:  2011648
mem:  2026496
mem:  2012160
mem:  2019840
mem:  1988608
mem:  2025472
mem:  2020864
mem:  2045440
mem:  2014208
mem:  2013184
mem:  2033152
mem:  2032128
mem:  2033664
mem:  2060800
mem:  2062336
mem:  2044416
