SLURM_JOBID=5050022
SLURM_JOB_NODELIST=svl9
SLURM_NNODES=1
SLURMTMPDIR=
working directory = /viscam/projects/objectfolder_benchmark/benchmarks/Multi_Sensory_3D_Reconstruction/code/models/MDN
Start_idx:  600
mem:  1536
mem:  1862656
mem:  1901568
mem:  1858048
mem:  1882624
mem:  1890304
mem:  1921024
mem:  1906688
mem:  1933824
mem:  1902592
mem:  1911296
mem:  1899520
mem:  1920512
mem:  1902592
mem:  1874944
mem:  1915392
mem:  1881600
mem:  1876992
mem:  1920000
mem:  1902080
mem:  1913344
mem:  1918464
mem:  1900544
mem:  1956864
mem:  1913344
mem:  1895424
mem:  1916416
mem:  1914368
mem:  1909760
mem:  1913856
mem:  1954304
mem:  1965568
mem:  1929216
mem:  1923584
mem:  1938432
mem:  1907200
mem:  1937920
mem:  1920000
mem:  1925120
mem:  1946112
mem:  1953792
mem:  1951744
mem:  1953280
mem:  1935360
mem:  1959936
mem:  1948160
mem:  1992192
mem:  1945088
mem:  1966080
mem:  1945600
mem:  1963008
mem:  1974272
mem:  1995264
mem:  1970176
mem:  1949696
mem:  1941504
mem:  1985536
mem:  1993216
mem:  1988608
mem:  1976832
mem:  1991680
mem:  1966592
mem:  1961984
mem:  1985536
mem:  1997824
mem:  1953280
mem:  1991168
mem:  1982976
mem:  2003968
mem:  1982464
mem:  1999872
mem:  1975808
mem:  2006528
mem:  1985024
mem:  2032640
mem:  2024448
mem:  2002944
mem:  2010624
mem:  2006016
mem:  2010112
mem:  2005504
mem:  2013184
mem:  1998848
mem:  2035712
mem:  2008064
mem:  2029056
mem:  1991680
mem:  2010112
mem:  2001920
mem:  2055680
mem:  1988096
mem:  2025984
mem:  2017792
mem:  2032640
mem:  1997824
mem:  2002944
mem:  2036224
mem:  2067968
mem:  2036736
mem:  2034688
