SLURM_JOBID=5050387
SLURM_JOB_NODELIST=svl1
SLURM_NNODES=1
SLURMTMPDIR=
working directory = /viscam/projects/objectfolder_benchmark/benchmarks/Multi_Sensory_3D_Reconstruction/code/models/MDN
Start_idx:  978
mem:  1536
mem:  1888256
mem:  1827328
mem:  1864192
mem:  1863168
mem:  1884160
mem:  1866240
mem:  1841152
mem:  1888768
mem:  1906176
mem:  1874944
mem:  1893376
mem:  1891328
mem:  1883136
mem:  1881088
mem:  1886208
mem:  1910784
mem:  1924608
mem:  1865216
mem:  1921536
mem:  1887744
mem:  1914880
mem:  1935872
mem:  1917952
mem:  1896448
mem:  1897984
mem:  1896960
mem:  1908224
mem:  1902592
mem:  1852928
mem:  1895936
mem:  1917952
mem:  1925632
mem:  1907712
mem:  1882624
mem:  1932800
mem:  1899008
mem:  1978368
mem:  1937408
mem:  1919488
mem:  1951232
mem:  1916416
mem:  1917952
mem:  1932800
mem:  1963520
mem:  1916416
mem:  1950720
mem:  1931776
mem:  1907712
mem:  1961472
mem:  1959424
mem:  1957376
mem:  1927168
mem:  1971200
mem:  1952256
mem:  1980416
mem:  1988096
mem:  2009088
mem:  1971712
mem:  1924608
mem:  1988096
mem:  2001920
mem:  1991168
mem:  1963520
mem:  1984512
mem:  2011648
mem:  1954816
mem:  1989120
mem:  1977344
mem:  1988608
mem:  1984000
mem:  1991680
mem:  2009088
mem:  1975296
mem:  1976832
mem:  2011136
mem:  2012672
mem:  2033664
mem:  2015744
mem:  2040320
mem:  2015232
mem:  2007040
mem:  2012160
mem:  1994240
mem:  2031104
mem:  2013184
mem:  1966080
mem:  2016256
mem:  2033664
mem:  2015744
mem:  2017280
mem:  2028544
mem:  2053120
mem:  1990144
mem:  2050048
mem:  1986048
mem:  2020352
mem:  2028032
mem:  2013696
mem:  2073600
