SLURM_JOBID=5049703
SLURM_JOB_NODELIST=svl7
SLURM_NNODES=1
SLURMTMPDIR=
working directory = /viscam/projects/objectfolder_benchmark/benchmarks/Multi_Sensory_3D_Reconstruction/code/models/MDN
Start_idx:  251
mem:  1536
mem:  1917440
mem:  1921024
mem:  1893376
mem:  1915392
mem:  1913344
mem:  1930752
mem:  1926144
mem:  1917952
mem:  1893888
mem:  1924608
mem:  1918976
mem:  1910784
mem:  1909760
mem:  1939456
mem:  1938432
mem:  1923072
mem:  1889280
mem:  1943040
mem:  1948160
mem:  1930240
mem:  1922048
mem:  1877504
mem:  1917952
mem:  1948672
mem:  1950208
mem:  1951744
mem:  1927680
mem:  1941504
mem:  1940480
mem:  1948160
mem:  1939968
mem:  1970688
mem:  1968640
mem:  1957888
mem:  1965568
mem:  1957376
mem:  1972224
mem:  1944576
mem:  1965568
mem:  1970688
mem:  1965056
mem:  1944576
mem:  1987584
mem:  1985536
mem:  1965056
mem:  1956864
mem:  1980416
mem:  1992704
mem:  1996800
mem:  1982464
mem:  1993728
mem:  1991680
mem:  2002944
mem:  1998336
mem:  1960960
mem:  1995264
mem:  2009088
mem:  2004480
mem:  1960960
mem:  1991680
mem:  1999360
mem:  2007040
mem:  2008576
mem:  2010112
mem:  2011648
mem:  2013184
mem:  2008576
mem:  2016256
mem:  2011648
mem:  2022912
mem:  2024448
mem:  2032128
mem:  2014208
mem:  2002432
mem:  2011136
mem:  2028544
mem:  2017792
mem:  2031616
mem:  2019840
mem:  2044416
mem:  2039808
mem:  2047488
mem:  2042880
mem:  2038272
mem:  2026496
mem:  2034176
mem:  2052608
mem:  2024960
mem:  2052096
mem:  2059776
mem:  2048000
mem:  2053120
mem:  2051072
mem:  2059776
mem:  2067456
mem:  2030080
mem:  2060800
mem:  2062336
mem:  2040832
