SLURM_JOBID=5049574
SLURM_JOB_NODELIST=svl18
SLURM_NNODES=1
SLURMTMPDIR=
working directory = /viscam/projects/objectfolder_benchmark/benchmarks/Multi_Sensory_3D_Reconstruction/code/models/MDN
Start_idx:  95
mem:  1536
mem:  1882112
mem:  1866240
mem:  1887232
mem:  1892352
mem:  1886720
mem:  1895424
mem:  1903104
mem:  1882624
mem:  1896448
mem:  1872384
mem:  1909248
mem:  1907200
mem:  1915904
mem:  1917440
mem:  1918976
mem:  1910784
mem:  1912320
mem:  1900544
mem:  1927680
mem:  1907200
mem:  1918464
mem:  1929728
mem:  1908224
mem:  1932800
mem:  1936896
mem:  1906688
mem:  1924096
mem:  1958400
mem:  1936896
mem:  1942016
mem:  1924096
mem:  1951232
mem:  1943040
mem:  1944576
mem:  1949696
mem:  1937920
mem:  1939456
mem:  1937408
mem:  1936384
mem:  1921024
mem:  1965056
mem:  1947136
mem:  1948672
mem:  1947648
mem:  1945600
mem:  1950720
mem:  1968128
mem:  1956352
mem:  1955328
mem:  1972736
mem:  1986560
mem:  1981952
mem:  1973760
mem:  1971712
mem:  1957376
mem:  1978368
mem:  1993216
mem:  1994752
mem:  1992704
mem:  1962496
mem:  1983488
mem:  2003456
mem:  1989120
mem:  1974784
mem:  1995776
mem:  1951232
mem:  2008576
mem:  1973760
mem:  1992192
mem:  1987584
mem:  1981952
mem:  2002944
mem:  2017792
mem:  1973248
mem:  2007552
mem:  2002944
mem:  2007040
mem:  2021888
mem:  2017280
mem:  2021376
mem:  2003456
mem:  2015744
mem:  2035712
mem:  2015232
mem:  2022912
mem:  2018304
mem:  2019840
mem:  1988608
mem:  2035200
mem:  2020864
mem:  2022400
mem:  2023936
mem:  2032640
mem:  2017280
mem:  2038272
mem:  2049536
mem:  2025472
mem:  2046464
mem:  2054144
