SLURM_JOBID=5050221
SLURM_JOB_NODELIST=svl9
SLURM_NNODES=1
SLURMTMPDIR=
working directory = /viscam/projects/objectfolder_benchmark/benchmarks/Multi_Sensory_3D_Reconstruction/code/models/MDN
Start_idx:  798
mem:  1536
mem:  1839616
mem:  1889280
mem:  1877504
mem:  1902080
mem:  1890304
mem:  1888256
mem:  1854464
mem:  1904640
mem:  1909760
mem:  1885696
mem:  1889792
mem:  1894912
mem:  1890304
mem:  1868800
mem:  1925120
mem:  1920512
mem:  1905152
mem:  1929728
mem:  1921536
mem:  1936384
mem:  1924608
mem:  1935872
mem:  1933824
mem:  1880576
mem:  1921024
mem:  1896960
mem:  1917952
mem:  1938944
mem:  1924608
mem:  1932288
mem:  1917952
mem:  1892864
mem:  1956352
mem:  1957888
mem:  1913344
mem:  1944064
mem:  1913856
mem:  1957888
mem:  1916928
mem:  1953792
mem:  1916416
mem:  1934848
mem:  1919488
mem:  1911296
mem:  1929728
mem:  1931264
mem:  1941504
mem:  1979392
mem:  1954304
mem:  1924096
mem:  1945088
mem:  1975808
mem:  1922560
mem:  1959424
mem:  1931776
mem:  1988096
mem:  1940992
mem:  1961984
mem:  1937920
mem:  1939456
mem:  1956864
mem:  1955840
mem:  1944064
mem:  1955328
mem:  1976320
mem:  1958400
mem:  1998848
mem:  2000384
mem:  1947136
mem:  2006016
mem:  1972224
mem:  1983488
mem:  1978880
mem:  1999872
mem:  2017280
mem:  2024960
mem:  1994752
mem:  1992704
mem:  1988096
mem:  1972736
mem:  2007040
mem:  1992704
mem:  2003968
mem:  1998336
mem:  1999872
mem:  2028032
mem:  2045440
mem:  2011648
mem:  1990144
mem:  1989120
mem:  2012672
mem:  1988608
mem:  2035200
mem:  2020864
mem:  2032128
mem:  2008064
mem:  2028032
mem:  2062336
mem:  2028544
