SLURM_JOBID=5050121
SLURM_JOB_NODELIST=svl3
SLURM_NNODES=1
SLURMTMPDIR=
working directory = /viscam/projects/objectfolder_benchmark/benchmarks/Multi_Sensory_3D_Reconstruction/code/models/MDN
Start_idx:  695
mem:  1536
mem:  1881088
mem:  1902592
mem:  1890816
mem:  1888768
mem:  1896448
mem:  1901568
mem:  1903104
mem:  1888768
mem:  1919488
mem:  1907712
mem:  1895936
mem:  1901056
mem:  1886720
mem:  1943040
mem:  1905664
mem:  1923072
mem:  1947648
mem:  1906688
mem:  1937408
mem:  1920512
mem:  1918464
mem:  1926144
mem:  1911808
mem:  1909760
mem:  1908736
mem:  1922560
mem:  1963008
mem:  1942528
mem:  1956352
mem:  1932288
mem:  1936384
mem:  1922048
mem:  1920000
mem:  1944576
mem:  1972736
mem:  1937920
mem:  1935872
mem:  1957888
mem:  1942528
mem:  1934336
mem:  1916416
mem:  1953280
mem:  1935360
mem:  1969664
mem:  1980928
mem:  1972736
mem:  1991168
mem:  1962496
mem:  1971200
mem:  1986048
mem:  1938944
mem:  1975808
mem:  1960448
mem:  1961984
mem:  1984000
mem:  1949184
mem:  1944576
mem:  2004480
mem:  2002432
mem:  2011136
mem:  1960448
mem:  1958400
mem:  1966080
mem:  2019840
mem:  2005504
mem:  1993728
mem:  1979392
mem:  1974784
mem:  1986048
mem:  1999872
mem:  1997824
mem:  1990656
mem:  2014208
mem:  2029056
mem:  2014720
mem:  2028544
mem:  2000896
mem:  1990144
mem:  2019840
mem:  2011648
mem:  2020352
mem:  1996288
mem:  2010112
mem:  1988608
mem:  2045952
mem:  2024448
mem:  2051584
mem:  2031104
mem:  2045952
mem:  2043904
mem:  2035712
mem:  2027520
mem:  2025472
mem:  2020864
mem:  2048000
mem:  2033664
mem:  2060800
mem:  2062336
mem:  2073600
