SLURM_JOBID=5050239
SLURM_JOB_NODELIST=svl9
SLURM_NNODES=1
SLURMTMPDIR=
working directory = /viscam/projects/objectfolder_benchmark/benchmarks/Multi_Sensory_3D_Reconstruction/code/models/MDN
Start_idx:  854
mem:  1536
mem:  1891840
mem:  1921024
mem:  1910272
mem:  1921536
mem:  1884160
mem:  1917440
mem:  1922560
mem:  1924096
mem:  1923072
mem:  1894400
mem:  1906688
mem:  1907200
mem:  1919488
mem:  1936896
mem:  1883648
mem:  1916928
mem:  1941504
mem:  1929728
mem:  1915392
mem:  1946112
mem:  1947648
mem:  1942016
mem:  1933824
mem:  1948672
mem:  1940480
mem:  1948160
mem:  1949696
mem:  1935360
mem:  1950208
mem:  1938432
mem:  1966592
mem:  1931776
mem:  1962496
mem:  1944576
mem:  1953280
mem:  1970688
mem:  1962496
mem:  1938432
mem:  1958400
mem:  1980416
mem:  1980928
mem:  1979904
mem:  1984000
mem:  1930752
mem:  1965056
mem:  1986048
mem:  1945088
mem:  1989120
mem:  1948160
mem:  1992192
mem:  1980416
mem:  1991680
mem:  1967616
mem:  2000896
mem:  2002432
mem:  1991680
mem:  1995776
mem:  1978880
mem:  1976832
mem:  1994240
mem:  2015232
mem:  2010624
mem:  2002432
mem:  1994240
mem:  1986048
mem:  2007040
mem:  1989120
mem:  2012672
mem:  2017792
mem:  1990144
mem:  2011136
mem:  2022400
mem:  2004480
mem:  2032640
mem:  2036736
mem:  2034688
mem:  2033664
mem:  2018304
mem:  2039296
mem:  2015232
mem:  2036224
mem:  2041344
mem:  2045440
mem:  2034688
mem:  2039808
mem:  2053632
mem:  2035712
mem:  2033664
mem:  2015744
mem:  2036736
mem:  2025984
mem:  2056704
mem:  2052096
mem:  2053632
mem:  2067456
mem:  2056704
mem:  2064384
mem:  2062336
mem:  2073600
