SLURM_JOBID=5049917
SLURM_JOB_NODELIST=svl10
SLURM_NNODES=1
SLURMTMPDIR=
working directory = /viscam/projects/objectfolder_benchmark/benchmarks/Multi_Sensory_3D_Reconstruction/code/models/MDN
Start_idx:  488
mem:  1536
mem:  1859072
mem:  1866240
mem:  1896960
mem:  1892352
mem:  1896448
mem:  1882112
mem:  1899520
mem:  1917952
mem:  1890304
mem:  1907712
mem:  1912832
mem:  1907200
mem:  1915904
mem:  1904128
mem:  1912832
mem:  1914368
mem:  1914880
mem:  1923584
mem:  1915392
mem:  1929216
mem:  1899008
mem:  1933312
mem:  1921536
mem:  1925632
mem:  1934336
mem:  1926144
mem:  1924096
mem:  1941504
mem:  1936896
mem:  1967616
mem:  1939968
mem:  1941504
mem:  1950208
mem:  1944576
mem:  1946112
mem:  1951232
mem:  1955328
mem:  1957888
mem:  1936384
mem:  1944064
mem:  1949184
mem:  1950720
mem:  1965568
mem:  1963520
mem:  1965056
mem:  1956864
mem:  1958400
mem:  1950208
mem:  1964032
mem:  1998336
mem:  1970688
mem:  1968640
mem:  1980928
mem:  1953280
mem:  1984000
mem:  1981952
mem:  1986048
mem:  1975296
mem:  1980416
mem:  1981952
mem:  1989632
mem:  1985024
mem:  1989120
mem:  1974784
mem:  1992192
mem:  1993728
mem:  1991680
mem:  2000384
mem:  1972736
mem:  2006016
mem:  2001408
mem:  2002944
mem:  1988608
mem:  2009600
mem:  1997824
mem:  2009088
mem:  1994752
mem:  2015744
mem:  1994240
mem:  2024960
mem:  2016768
mem:  2021888
mem:  2016256
mem:  2011648
mem:  2010624
mem:  2018304
mem:  2023424
mem:  2021376
mem:  2019328
mem:  2027008
mem:  2019840
mem:  2040832
mem:  2038784
mem:  2027008
mem:  2034688
mem:  2039808
mem:  2006016
mem:  2052608
mem:  2051584
