SLURM_JOBID=5049882
SLURM_JOB_NODELIST=svl9
SLURM_NNODES=1
SLURMTMPDIR=
working directory = /viscam/projects/objectfolder_benchmark/benchmarks/Multi_Sensory_3D_Reconstruction/code/models/MDN
Start_idx:  460
mem:  1536
mem:  1900544
mem:  1908736
mem:  1890816
mem:  1853440
mem:  1900032
mem:  1921024
mem:  1918976
mem:  1904640
mem:  1919488
mem:  1921024
mem:  1899520
mem:  1910784
mem:  1935360
mem:  1907712
mem:  1903104
mem:  1914368
mem:  1912320
mem:  1926144
mem:  1911808
mem:  1939968
mem:  1934336
mem:  1952768
mem:  1921536
mem:  1919488
mem:  1914880
mem:  1906688
mem:  1931264
mem:  1945088
mem:  1940480
mem:  1942016
mem:  1953280
mem:  1935360
mem:  1933312
mem:  1960448
mem:  1959424
mem:  1941504
mem:  1952768
mem:  1956864
mem:  1971712
mem:  1967104
mem:  1958912
mem:  1956864
mem:  1948672
mem:  1956352
mem:  1974784
mem:  1959424
mem:  1961984
mem:  1975808
mem:  1965056
mem:  1975296
mem:  1960960
mem:  1958912
mem:  1987072
mem:  1959424
mem:  1963520
mem:  2001408
mem:  1973760
mem:  1975296
mem:  1982976
mem:  1994240
mem:  1972736
mem:  1981440
mem:  1995264
mem:  1965056
mem:  1995776
mem:  1997312
mem:  2018304
mem:  1971200
mem:  2001920
mem:  2006016
mem:  2027008
mem:  1989632
mem:  2010624
mem:  2003456
mem:  1962496
mem:  1999360
mem:  2010624
mem:  2029056
mem:  1997824
mem:  2009088
mem:  2016768
mem:  2008576
mem:  2019840
mem:  2028544
mem:  2016768
mem:  2037760
mem:  2035712
mem:  1994752
mem:  2052096
mem:  2024448
mem:  2058752
mem:  2023936
mem:  2035200
mem:  2034176
mem:  2044416
mem:  2036224
mem:  2044928
mem:  2023424
mem:  2054144
