SLURM_JOBID=5049823
SLURM_JOB_NODELIST=svl2
SLURM_NNODES=1
SLURMTMPDIR=
working directory = /viscam/projects/objectfolder_benchmark/benchmarks/Multi_Sensory_3D_Reconstruction/code/models/MDN
Start_idx:  377
mem:  1536
mem:  1855488
mem:  1883136
mem:  1922560
mem:  1924096
mem:  1925632
mem:  1914880
mem:  1932288
mem:  1924096
mem:  1903616
mem:  1917440
mem:  1912832
mem:  1868288
mem:  1938944
mem:  1923584
mem:  1905664
mem:  1907200
mem:  1947648
mem:  1923584
mem:  1870336
mem:  1907200
mem:  1953792
mem:  1910272
mem:  1956864
mem:  1946112
mem:  1944064
mem:  1942016
mem:  1956864
mem:  1951232
mem:  1950208
mem:  1903104
mem:  1949696
mem:  1964544
mem:  1950208
mem:  1950720
mem:  1936384
mem:  1954816
mem:  1968640
mem:  1979904
mem:  1948672
mem:  1934336
mem:  1952768
mem:  1986048
mem:  1987584
mem:  1930752
mem:  1980928
mem:  1959424
mem:  1932800
mem:  1991680
mem:  1977344
mem:  1998336
mem:  1996288
mem:  1949184
mem:  2000384
mem:  2000896
mem:  1918464
mem:  1997824
mem:  1995776
mem:  2007040
mem:  2012160
mem:  2001408
mem:  2001920
mem:  2013184
mem:  2014720
mem:  1987072
mem:  1982464
mem:  2020352
mem:  1995264
mem:  2013696
mem:  2017792
mem:  1999872
mem:  1956352
mem:  2009088
mem:  2027520
mem:  1984000
mem:  2034176
mem:  2012672
mem:  2016768
mem:  1999872
mem:  2033152
mem:  2038272
mem:  1994752
mem:  1995264
mem:  2010112
mem:  2001920
mem:  2038784
mem:  1985536
mem:  2019840
mem:  2023936
mem:  2054656
mem:  2059776
mem:  2032128
mem:  2062848
mem:  2054656
mem:  2050048
mem:  2028544
mem:  2039808
mem:  2064384
mem:  2065920
mem:  2054144
