SLURM_JOBID=5049644
SLURM_JOB_NODELIST=svl2
SLURM_NNODES=1
SLURMTMPDIR=
working directory = /viscam/projects/objectfolder_benchmark/benchmarks/Multi_Sensory_3D_Reconstruction/code/models/MDN
Start_idx:  177
mem:  1536
mem:  1907712
mem:  1901568
mem:  1900544
mem:  1927680
mem:  1884160
mem:  1924608
mem:  1899520
mem:  1924096
mem:  1915904
mem:  1911296
mem:  1918976
mem:  1916928
mem:  1906176
mem:  1943040
mem:  1909248
mem:  1936384
mem:  1947648
mem:  1939456
mem:  1944576
mem:  1923072
mem:  1951232
mem:  1910272
mem:  1915392
mem:  1926656
mem:  1936896
mem:  1939456
mem:  1937408
mem:  1931776
mem:  1923584
mem:  1961472
mem:  1959424
mem:  1931776
mem:  1946624
mem:  1948160
mem:  1939968
mem:  1944064
mem:  1939456
mem:  1954304
mem:  1968128
mem:  1963520
mem:  1958912
mem:  1940992
mem:  1977856
mem:  1956352
mem:  1961472
mem:  1947136
mem:  1974272
mem:  1962496
mem:  1961472
mem:  1955840
mem:  1977856
mem:  1969664
mem:  1993216
mem:  1975296
mem:  1996288
mem:  1981952
mem:  1983488
mem:  1971712
mem:  2006016
mem:  2007552
mem:  1979904
mem:  1993728
mem:  1998848
mem:  2017280
mem:  1986048
mem:  1987584
mem:  1979392
mem:  2003968
mem:  2021376
mem:  1999872
mem:  2001408
mem:  2006528
mem:  1988608
mem:  1996288
mem:  2027008
mem:  2018816
mem:  2016768
mem:  2038784
mem:  2020864
mem:  2015232
mem:  2013184
mem:  2028032
mem:  2036736
mem:  2024960
mem:  2026496
mem:  2050048
mem:  2013696
mem:  2021376
mem:  2015744
mem:  2034176
mem:  2055168
mem:  2046976
mem:  2041344
mem:  2063360
mem:  2034688
mem:  2027520
mem:  2041344
mem:  2033152
mem:  2061312
