SLURM_JOBID=5050388
SLURM_JOB_NODELIST=svl1
SLURM_NNODES=1
SLURMTMPDIR=
working directory = /viscam/projects/objectfolder_benchmark/benchmarks/Multi_Sensory_3D_Reconstruction/code/models/MDN
Start_idx:  979
mem:  1536
mem:  1923584
mem:  1891840
mem:  1923584
mem:  1875456
mem:  1893888
mem:  1879552
mem:  1899520
mem:  1927680
mem:  1890304
mem:  1891840
mem:  1906688
mem:  1933824
mem:  1929216
mem:  1917440
mem:  1928704
mem:  1920512
mem:  1935360
mem:  1933312
mem:  1947136
mem:  1938944
mem:  1911296
mem:  1922560
mem:  1927680
mem:  1896448
mem:  1936896
mem:  1873920
mem:  1911808
mem:  1935360
mem:  1927168
mem:  1918976
mem:  1949696
mem:  1931776
mem:  1966080
mem:  1967616
mem:  1949696
mem:  1944064
mem:  1949184
mem:  1947136
mem:  1965568
mem:  1957376
mem:  1981952
mem:  1970176
mem:  1945088
mem:  1953792
mem:  1977344
mem:  1966592
mem:  1991168
mem:  1992704
mem:  1964032
mem:  1966592
mem:  1980416
mem:  2001408
mem:  1964032
mem:  1971712
mem:  1976832
mem:  1975808
mem:  1970176
mem:  1997312
mem:  1992704
mem:  1974784
mem:  1954304
mem:  2003456
mem:  2014720
mem:  1980928
mem:  2008064
mem:  1991168
mem:  1979392
mem:  2006528
mem:  2021376
mem:  2003456
mem:  2014720
mem:  2000384
mem:  2023936
mem:  2022912
mem:  2036736
mem:  2028544
mem:  2030080
mem:  2025472
mem:  2001408
mem:  1972736
mem:  2030080
mem:  1998848
mem:  2035712
mem:  2040832
mem:  2003456
mem:  2024448
mem:  2029568
mem:  1992192
mem:  2016768
mem:  2046464
mem:  2061312
mem:  2011648
mem:  2019328
mem:  2027008
mem:  2044416
mem:  2039808
mem:  2025472
mem:  2036736
mem:  2041856
