SLURM_JOBID=5049828
SLURM_JOB_NODELIST=svl9
SLURM_NNODES=1
SLURMTMPDIR=
working directory = /viscam/projects/objectfolder_benchmark/benchmarks/Multi_Sensory_3D_Reconstruction/code/models/MDN
Start_idx:  381
mem:  1536
mem:  1894400
mem:  1869824
mem:  1894400
mem:  1908224
mem:  1886720
mem:  1914880
mem:  1920000
mem:  1894912
mem:  1890304
mem:  1917440
mem:  1905664
mem:  1907200
mem:  1892864
mem:  1936896
mem:  1915392
mem:  1920512
mem:  1947648
mem:  1920000
mem:  1898496
mem:  1923072
mem:  1911296
mem:  1920000
mem:  1915392
mem:  1948672
mem:  1924608
mem:  1893376
mem:  1888768
mem:  1919488
mem:  1927168
mem:  1935872
mem:  1908224
mem:  1937920
mem:  1930752
mem:  1931264
mem:  1930240
mem:  1957376
mem:  1939456
mem:  1934848
mem:  1948672
mem:  1899008
mem:  1943040
mem:  1964032
mem:  1981440
mem:  1944064
mem:  1957888
mem:  1986048
mem:  1968128
mem:  1950208
mem:  1942016
mem:  1976320
mem:  1960960
mem:  1936896
mem:  1964032
mem:  1959424
mem:  1947648
mem:  1978368
mem:  1979904
mem:  1997312
mem:  2006016
mem:  1978368
mem:  1931264
mem:  1952256
mem:  1959936
mem:  1997824
mem:  2018816
mem:  1991168
mem:  2004992
mem:  2013696
mem:  1963008
mem:  1968128
mem:  2001408
mem:  2006528
mem:  2014208
mem:  2003456
mem:  2017280
mem:  1993216
mem:  2030080
mem:  2025472
mem:  1990656
mem:  1989632
mem:  2022912
mem:  1986560
mem:  2006528
mem:  2034688
mem:  2009600
mem:  2018304
mem:  2039296
mem:  1982464
mem:  1999872
mem:  2030592
mem:  2012672
mem:  2027520
mem:  2025472
mem:  2065920
mem:  1973760
mem:  2043392
mem:  2057216
mem:  2042880
mem:  2034688
