SLURM_JOBID=5050011
SLURM_JOB_NODELIST=svl9
SLURM_NNODES=1
SLURMTMPDIR=
working directory = /viscam/projects/objectfolder_benchmark/benchmarks/Multi_Sensory_3D_Reconstruction/code/models/MDN
Start_idx:  590
mem:  1536
mem:  1878528
mem:  1875968
mem:  1855488
mem:  1908224
mem:  1887744
mem:  1866240
mem:  1912832
mem:  1869312
mem:  1909760
mem:  1901568
mem:  1918976
mem:  1914368
mem:  1915904
mem:  1921024
mem:  1893376
mem:  1875456
mem:  1928192
mem:  1917440
mem:  1908224
mem:  1901056
mem:  1914880
mem:  1942016
mem:  1934848
mem:  1919488
mem:  1944064
mem:  1920000
mem:  1939968
mem:  1915904
mem:  1940480
mem:  1932288
mem:  1927680
mem:  1951232
mem:  1913856
mem:  1918976
mem:  1936384
mem:  1967104
mem:  1894400
mem:  1927680
mem:  1913344
mem:  1957376
mem:  1903104
mem:  1947136
mem:  1932800
mem:  1967104
mem:  1961472
mem:  1953280
mem:  1952256
mem:  1936896
mem:  1971200
mem:  1972736
mem:  1997312
mem:  1985536
mem:  1993216
mem:  1965568
mem:  1974272
mem:  2007552
mem:  1964032
mem:  1994752
mem:  1980416
mem:  1945600
mem:  1976320
mem:  1985024
mem:  1995264
mem:  1928704
mem:  1986048
mem:  1954816
mem:  1989120
mem:  2013696
mem:  1953280
mem:  1984000
mem:  2001408
mem:  1993216
mem:  2030080
mem:  2035200
mem:  1968640
mem:  1996800
mem:  2010624
mem:  1982976
mem:  2011136
mem:  2040832
mem:  2020352
mem:  1973248
mem:  2007552
mem:  2001920
mem:  2036224
mem:  2028032
mem:  2010112
mem:  2011648
mem:  2015744
mem:  2050048
mem:  2028544
mem:  2033664
mem:  2029056
mem:  2011136
mem:  2022400
mem:  2049536
mem:  2021888
mem:  2033152
mem:  2021376
