SLURM_JOBID=5049508
SLURM_JOB_NODELIST=svl1
SLURM_NNODES=1
SLURMTMPDIR=
working directory = /viscam/projects/objectfolder_benchmark/benchmarks/Multi_Sensory_3D_Reconstruction/code/models/MDN
Start_idx:  54
mem:  1536
mem:  1897984
mem:  1895424
mem:  1877504
mem:  1914368
mem:  1870848
mem:  1924608
mem:  1910272
mem:  1914368
mem:  1935360
mem:  1911296
mem:  1857024
mem:  1914368
mem:  1912320
mem:  1939456
mem:  1850880
mem:  1901056
mem:  1915904
mem:  1926144
mem:  1918976
mem:  1910784
mem:  1951232
mem:  1916416
mem:  1943552
mem:  1948672
mem:  1946624
mem:  1912832
mem:  1939968
mem:  1925632
mem:  1936896
mem:  1965056
mem:  1947136
mem:  1931776
mem:  1939456
mem:  1876480
mem:  1913344
mem:  1947648
mem:  1913856
mem:  1957888
mem:  1975296
mem:  1950208
mem:  1971200
mem:  1966592
mem:  1987584
mem:  1950208
mem:  1990656
mem:  1969152
mem:  1935360
mem:  1985536
mem:  1987072
mem:  1986048
mem:  1945088
mem:  1939456
mem:  1993216
mem:  1991168
mem:  1928192
mem:  1939456
mem:  1993216
mem:  1991168
mem:  1996288
mem:  1988096
mem:  2005504
mem:  1965568
mem:  1985536
mem:  1977344
mem:  2008064
mem:  1964544
mem:  2004992
mem:  2002944
mem:  2027520
mem:  2022912
mem:  2001408
mem:  2012672
mem:  2004480
mem:  2006016
mem:  2001408
mem:  1979904
mem:  2000896
mem:  2012160
mem:  2023424
mem:  2005504
mem:  1985024
mem:  2018304
mem:  2017280
mem:  2024960
mem:  1968128
mem:  2040320
mem:  2039296
mem:  2024960
mem:  2048512
mem:  2036736
mem:  2006528
mem:  2033664
mem:  2044928
mem:  2033152
mem:  2057728
mem:  2030080
mem:  2028032
mem:  2072064
mem:  1999360
