SLURM_JOBID=5050188
SLURM_JOB_NODELIST=svl12
SLURM_NNODES=1
SLURMTMPDIR=
working directory = /viscam/projects/objectfolder_benchmark/benchmarks/Multi_Sensory_3D_Reconstruction/code/models/MDN
Start_idx:  772
mem:  1536
mem:  1839616
mem:  1885696
mem:  1842176
mem:  1857024
mem:  1861120
mem:  1882112
mem:  1877504
mem:  1856000
mem:  1861120
mem:  1878528
mem:  1858048
mem:  1862144
mem:  1909760
mem:  1874944
mem:  1880064
mem:  1916928
mem:  1883136
mem:  1884672
mem:  1879040
mem:  1919488
mem:  1885696
mem:  1913856
mem:  1927680
mem:  1861120
mem:  1911296
mem:  1955328
mem:  1911808
mem:  1880576
mem:  1936896
mem:  1887232
mem:  1924096
mem:  1883136
mem:  1940480
mem:  1928704
mem:  1949696
mem:  1937920
mem:  1906688
mem:  1934848
mem:  1916928
mem:  1944064
mem:  1955328
mem:  1956864
mem:  1936384
mem:  1957376
mem:  1916416
mem:  1956864
mem:  1938944
mem:  1936896
mem:  1928704
mem:  1916928
mem:  1984000
mem:  1933312
mem:  1944576
mem:  1926656
mem:  1976832
mem:  1981952
mem:  1948160
mem:  1952256
mem:  1969664
mem:  2003968
mem:  1976320
mem:  1942528
mem:  1992704
mem:  1971200
mem:  1969152
mem:  1942528
mem:  2008576
mem:  1974784
mem:  1969152
mem:  1984000
mem:  1995264
mem:  1970176
mem:  1965568
mem:  2021888
mem:  1991680
mem:  1993216
mem:  1994752
mem:  2028032
mem:  1994240
mem:  2005504
mem:  2000896
mem:  2008576
mem:  2007552
mem:  1992192
mem:  1997312
mem:  1953792
mem:  1984512
mem:  1975296
mem:  2013184
mem:  2020864
mem:  2038272
mem:  1982464
mem:  1990144
mem:  1991680
mem:  1983488
mem:  2043392
mem:  2035200
mem:  2029568
mem:  2061312
