SLURM_JOBID=5050299
SLURM_JOB_NODELIST=svl2
SLURM_NNODES=1
SLURMTMPDIR=
working directory = /viscam/projects/objectfolder_benchmark/benchmarks/Multi_Sensory_3D_Reconstruction/code/models/MDN
Start_idx:  941
mem:  1536
mem:  1913856
mem:  1918464
mem:  1912832
mem:  1924096
mem:  1929216
mem:  1930752
mem:  1932288
mem:  1920512
mem:  1932800
mem:  1923584
mem:  1938432
mem:  1939968
mem:  1928192
mem:  1927168
mem:  1942016
mem:  1932800
mem:  1947648
mem:  1939456
mem:  1934848
mem:  1949696
mem:  1944064
mem:  1955328
mem:  1956864
mem:  1958400
mem:  1947648
mem:  1955328
mem:  1953280
mem:  1964544
mem:  1959936
mem:  1955328
mem:  1959424
mem:  1960960
mem:  1972224
mem:  1973760
mem:  1972736
mem:  1976832
mem:  1972224
mem:  1977344
mem:  1978880
mem:  1980416
mem:  1968640
mem:  1979904
mem:  1987584
mem:  1986560
mem:  1984512
mem:  1976320
mem:  1984000
mem:  1992704
mem:  1993216
mem:  1992192
mem:  1993728
mem:  1998848
mem:  2002944
mem:  2004480
mem:  1996288
mem:  1994240
mem:  1999360
mem:  2008064
mem:  1996288
mem:  2007552
mem:  2015232
mem:  2016768
mem:  2015744
mem:  2019840
mem:  2021376
mem:  2016768
mem:  2024448
mem:  2000384
mem:  2001920
mem:  2025472
mem:  2028032
mem:  2032128
mem:  2020352
mem:  2031616
mem:  2034176
mem:  2025984
mem:  2039808
mem:  2041344
mem:  2040320
mem:  2044416
mem:  2043392
mem:  2047488
mem:  2049024
mem:  2048000
mem:  2039808
mem:  2041344
mem:  2049024
mem:  2053120
mem:  2055680
mem:  2046464
mem:  2051584
mem:  2062848
mem:  2054656
mem:  2065920
mem:  2064896
mem:  2033664
mem:  2054656
mem:  2059776
mem:  2054144
