SLURM_JOBID=5049566
SLURM_JOB_NODELIST=svl1
SLURM_NNODES=1
SLURMTMPDIR=
working directory = /viscam/projects/objectfolder_benchmark/benchmarks/Multi_Sensory_3D_Reconstruction/code/models/MDN
Start_idx:  91
mem:  1536
mem:  1884672
mem:  1912320
mem:  1920000
mem:  1905664
mem:  1916928
mem:  1914880
mem:  1912832
mem:  1930240
mem:  1915904
mem:  1913856
mem:  1918976
mem:  1930240
mem:  1941504
mem:  1930752
mem:  1911808
mem:  1936384
mem:  1931776
mem:  1946624
mem:  1908224
mem:  1952256
mem:  1937920
mem:  1929728
mem:  1944576
mem:  1919488
mem:  1950208
mem:  1957888
mem:  1963008
mem:  1951232
mem:  1959936
mem:  1955328
mem:  1926656
mem:  1951232
mem:  1962496
mem:  1942016
mem:  1961984
mem:  1951232
mem:  1965056
mem:  1970176
mem:  1977856
mem:  1980416
mem:  1949184
mem:  1979904
mem:  1958400
mem:  1975808
mem:  1984512
mem:  1989632
mem:  1987584
mem:  1989120
mem:  1983488
mem:  1978880
mem:  1974272
mem:  1968640
mem:  2000384
mem:  1994752
mem:  1999872
mem:  2003968
mem:  1989632
mem:  1988608
mem:  1990144
mem:  2010112
mem:  2015232
mem:  2016768
mem:  1996288
mem:  1987072
mem:  2001920
mem:  2019328
mem:  2014720
mem:  2000384
mem:  2011648
mem:  1990144
mem:  2020864
mem:  2022400
mem:  2014208
mem:  2035200
mem:  2007552
mem:  1999360
mem:  2000896
mem:  2025472
mem:  2027008
mem:  2024960
mem:  2045952
mem:  2047488
mem:  2029568
mem:  2027520
mem:  2052096
mem:  2051072
mem:  2035712
mem:  2021376
mem:  2036224
mem:  2059776
mem:  2061312
mem:  2056704
mem:  2061824
mem:  2043904
mem:  2054144
mem:  2066432
mem:  2060800
mem:  2029568
mem:  2044416
