SLURM_JOBID=5049705
SLURM_JOB_NODELIST=svl15
SLURM_NNODES=1
SLURMTMPDIR=
working directory = /viscam/projects/objectfolder_benchmark/benchmarks/Multi_Sensory_3D_Reconstruction/code/models/MDN
Start_idx:  253
mem:  1536
mem:  1890816
mem:  1889280
mem:  1926144
mem:  1888768
mem:  1903616
mem:  1895424
mem:  1928704
mem:  1917952
mem:  1935360
mem:  1936896
mem:  1938432
mem:  1910784
mem:  1915904
mem:  1927168
mem:  1915392
mem:  1933824
mem:  1922048
mem:  1887232
mem:  1902080
mem:  1946112
mem:  1928192
mem:  1929728
mem:  1921536
mem:  1886720
mem:  1918464
mem:  1922560
mem:  1927680
mem:  1919488
mem:  1923584
mem:  1951744
mem:  1930240
mem:  1931776
mem:  1923584
mem:  1957888
mem:  1926656
mem:  1941504
mem:  1936896
mem:  1947136
mem:  1936384
mem:  1944064
mem:  1968640
mem:  1921536
mem:  1942528
mem:  1976832
mem:  1949184
mem:  1937408
mem:  1977856
mem:  1962496
mem:  1957888
mem:  1966592
mem:  1948672
mem:  1958912
mem:  1964032
mem:  1994752
mem:  1974272
mem:  1991680
mem:  1950720
mem:  1952256
mem:  1982976
mem:  1945600
mem:  2005504
mem:  1987584
mem:  2002432
mem:  1994240
mem:  1995776
mem:  1997312
mem:  2018304
mem:  2010112
mem:  2027520
mem:  2013184
mem:  1979392
mem:  1993216
mem:  2023936
mem:  1999872
mem:  1972224
mem:  2006528
mem:  2004480
mem:  1996288
mem:  2033152
mem:  2009088
mem:  2023936
mem:  1998848
mem:  2049024
mem:  2040832
mem:  2013184
mem:  1998848
mem:  2045440
mem:  2031104
mem:  2036224
mem:  2050048
mem:  2041856
mem:  2037248
mem:  2038784
mem:  2050048
mem:  2015232
mem:  2049536
mem:  1999872
mem:  2020864
mem:  2048000
