SLURM_JOBID=5049687
SLURM_JOB_NODELIST=svl15
SLURM_NNODES=1
SLURMTMPDIR=
working directory = /viscam/projects/objectfolder_benchmark/benchmarks/Multi_Sensory_3D_Reconstruction/code/models/MDN
Start_idx:  200
mem:  1536
mem:  1920000
mem:  1885696
mem:  1874944
mem:  1904640
mem:  1893888
mem:  1875968
mem:  1854464
mem:  1904640
mem:  1880576
mem:  1874944
mem:  1938432
mem:  1894912
mem:  1922048
mem:  1891840
mem:  1893376
mem:  1923072
mem:  1914880
mem:  1904128
mem:  1921536
mem:  1878016
mem:  1895424
mem:  1923584
mem:  1931264
mem:  1893888
mem:  1927168
mem:  1922560
mem:  1933824
mem:  1922048
mem:  1927168
mem:  1926144
mem:  1933824
mem:  1922048
mem:  1927168
mem:  1973760
mem:  1949696
mem:  1935360
mem:  1927168
mem:  1938432
mem:  1932800
mem:  1934336
mem:  1962496
mem:  1954304
mem:  1942528
mem:  1947648
mem:  1942016
mem:  1930240
mem:  1951232
mem:  1981952
mem:  1948160
mem:  1975296
mem:  1945088
mem:  1943040
mem:  1970176
mem:  1972736
mem:  2006016
mem:  1985536
mem:  1987072
mem:  1958400
mem:  1963520
mem:  1988096
mem:  2005504
mem:  1977856
mem:  1976832
mem:  1949184
mem:  1976320
mem:  1981440
mem:  1975808
mem:  1996800
mem:  1963008
mem:  1990144
mem:  1988096
mem:  1979904
mem:  1988608
mem:  1990144
mem:  2001408
mem:  2025984
mem:  2016768
mem:  1980416
mem:  2013696
mem:  2044416
mem:  1984000
mem:  2012160
mem:  2036736
mem:  2024960
mem:  2026496
mem:  2008576
mem:  2035712
mem:  2017792
mem:  2026496
mem:  2024448
mem:  2051584
mem:  2039808
mem:  2048512
mem:  2011136
mem:  2048000
mem:  2053120
mem:  1999872
mem:  2017280
mem:  2018816
