SLURM_JOBID=5049576
SLURM_JOB_NODELIST=svl1
SLURM_NNODES=1
SLURMTMPDIR=
working directory = /viscam/projects/objectfolder_benchmark/benchmarks/Multi_Sensory_3D_Reconstruction/code/models/MDN
Start_idx:  97
mem:  1536
mem:  1913856
mem:  1914880
mem:  1881088
mem:  1927680
mem:  1841664
mem:  1911296
mem:  1922560
mem:  1872896
mem:  1892864
mem:  1852928
mem:  1932288
mem:  1879040
mem:  1899008
mem:  1910272
mem:  1880064
mem:  1926656
mem:  1918464
mem:  1927168
mem:  1872896
mem:  1878016
mem:  1911296
mem:  1929728
mem:  1908224
mem:  1913344
mem:  1959936
mem:  1903104
mem:  1963008
mem:  1915904
mem:  1940480
mem:  1864192
mem:  1955840
mem:  1945088
mem:  1936896
mem:  1973760
mem:  1953280
mem:  1964544
mem:  1978368
mem:  1979904
mem:  1929216
mem:  1976832
mem:  1951744
mem:  1902080
mem:  1971712
mem:  1986560
mem:  1935872
mem:  1920512
mem:  1935360
mem:  1969664
mem:  1935872
mem:  1976320
mem:  1980416
mem:  1979392
mem:  1957888
mem:  1985024
mem:  1918464
mem:  1975808
mem:  2009088
mem:  1961984
mem:  2002432
mem:  1997824
mem:  1989632
mem:  1964544
mem:  1996288
mem:  1951744
mem:  1956864
mem:  2003456
mem:  1998848
mem:  1951744
mem:  2005504
mem:  1990144
mem:  1989120
mem:  2010112
mem:  1998336
mem:  2009600
mem:  2011136
mem:  2024960
mem:  2020352
mem:  2029056
mem:  2017280
mem:  1950720
mem:  1987584
mem:  2041344
mem:  1994240
mem:  2044416
mem:  2013184
mem:  2043904
mem:  2006528
mem:  2044416
mem:  2032640
mem:  2036736
mem:  2041856
mem:  2023936
mem:  1992704
mem:  2065920
mem:  2054144
mem:  2049536
mem:  2018304
mem:  2011136
mem:  2040832
