SLURM_JOBID=5050401
SLURM_JOB_NODELIST=svl9
SLURM_NNODES=1
SLURMTMPDIR=
working directory = /viscam/projects/objectfolder_benchmark/benchmarks/Multi_Sensory_3D_Reconstruction/code/models/MDN
Start_idx:  988
mem:  1536
mem:  1891840
mem:  1905152
mem:  1913856
mem:  1902080
mem:  1913344
mem:  1911296
mem:  1916416
mem:  1910784
mem:  1919488
mem:  1924608
mem:  1928704
mem:  1933824
mem:  1892864
mem:  1923584
mem:  1903104
mem:  1939968
mem:  1918464
mem:  1913856
mem:  1950720
mem:  1910784
mem:  1953792
mem:  1913856
mem:  1937408
mem:  1936384
mem:  1905152
mem:  1932288
mem:  1920512
mem:  1948672
mem:  1959936
mem:  1938432
mem:  1955840
mem:  1931776
mem:  1952768
mem:  1944576
mem:  1969152
mem:  1947648
mem:  1978368
mem:  1954304
mem:  1926656
mem:  1970688
mem:  1932288
mem:  1979904
mem:  1977856
mem:  1985536
mem:  1961472
mem:  1972736
mem:  1984000
mem:  1969664
mem:  1994240
mem:  1969152
mem:  1970688
mem:  1972224
mem:  1987072
mem:  1965568
mem:  1980416
mem:  1968640
mem:  1983488
mem:  1998336
mem:  1973248
mem:  2003968
mem:  2002944
mem:  1997312
mem:  2002432
mem:  1987072
mem:  2018816
mem:  1993728
mem:  2001408
mem:  2012672
mem:  1986048
mem:  1999872
mem:  1991680
mem:  2022400
mem:  2017792
mem:  2021888
mem:  2020864
mem:  2018816
mem:  2008064
mem:  2025472
mem:  2019840
mem:  2002944
mem:  2000896
mem:  2044928
mem:  2010112
mem:  2031104
mem:  2030080
mem:  2034176
mem:  2051584
mem:  2023936
mem:  2025472
mem:  2037760
mem:  2032128
mem:  2056704
mem:  2013184
mem:  2050048
mem:  2054144
mem:  2068992
mem:  2051072
mem:  2042880
mem:  2015232
