SLURM_JOBID=5049942
SLURM_JOB_NODELIST=svl1
SLURM_NNODES=1
SLURMTMPDIR=
working directory = /viscam/projects/objectfolder_benchmark/benchmarks/Multi_Sensory_3D_Reconstruction/code/models/MDN
Start_idx:  498
mem:  1536
mem:  1913856
mem:  1902592
mem:  1916416
mem:  1882624
mem:  1893888
mem:  1885696
mem:  1928704
mem:  1927680
mem:  1919488
mem:  1917440
mem:  1922560
mem:  1916928
mem:  1941504
mem:  1943040
mem:  1944576
mem:  1939968
mem:  1915904
mem:  1906688
mem:  1944576
mem:  1948672
mem:  1941504
mem:  1942016
mem:  1931264
mem:  1958400
mem:  1950208
mem:  1949184
mem:  1953280
mem:  1960960
mem:  1963520
mem:  1918976
mem:  1953280
mem:  1947648
mem:  1962496
mem:  1938432
mem:  1949696
mem:  1951232
mem:  1968640
mem:  1956864
mem:  1938944
mem:  1982976
mem:  1968640
mem:  1954304
mem:  1984000
mem:  1989120
mem:  1957888
mem:  1992192
mem:  1980416
mem:  1995264
mem:  1984512
mem:  1998336
mem:  1974272
mem:  1972224
mem:  1987072
mem:  2000896
mem:  1996288
mem:  1984512
mem:  1999360
mem:  1975296
mem:  2006016
mem:  1968640
mem:  2009088
mem:  2007040
mem:  2008576
mem:  1997824
mem:  2015232
mem:  2022912
mem:  2021888
mem:  1996800
mem:  2021376
mem:  2029056
mem:  2011136
mem:  2028544
mem:  2021376
mem:  2035200
mem:  2036736
mem:  2024960
mem:  2020352
mem:  2019328
mem:  2042880
mem:  2015232
mem:  2039808
mem:  2044928
mem:  2013696
mem:  2044416
mem:  2045952
mem:  2034176
mem:  2032128
mem:  2053120
mem:  2042368
mem:  2057216
mem:  2058752
mem:  2037248
mem:  2061824
mem:  2050048
mem:  2063872
mem:  2049536
mem:  2067968
mem:  2050048
mem:  2067456
