SLURM_JOBID=5050194
SLURM_JOB_NODELIST=svl9
SLURM_NNODES=1
SLURMTMPDIR=
working directory = /viscam/projects/objectfolder_benchmark/benchmarks/Multi_Sensory_3D_Reconstruction/code/models/MDN
Start_idx:  778
mem:  1536
mem:  1900544
mem:  1892864
mem:  1890816
mem:  1915392
mem:  1925632
mem:  1911296
mem:  1916416
mem:  1921536
mem:  1915904
mem:  1936896
mem:  1925120
mem:  1908224
mem:  1915904
mem:  1930752
mem:  1938432
mem:  1920512
mem:  1941504
mem:  1936896
mem:  1947136
mem:  1936384
mem:  1922048
mem:  1939456
mem:  1944576
mem:  1929216
mem:  1944064
mem:  1958912
mem:  1943552
mem:  1952256
mem:  1962496
mem:  1965056
mem:  1943552
mem:  1960960
mem:  1968640
mem:  1948160
mem:  1930240
mem:  1973248
mem:  1972224
mem:  1973760
mem:  1955840
mem:  1960960
mem:  1980928
mem:  1976320
mem:  1981440
mem:  1969664
mem:  1965056
mem:  1988608
mem:  1964544
mem:  1985536
mem:  1993216
mem:  1988608
mem:  1999872
mem:  1995264
mem:  1990656
mem:  1985024
mem:  1996288
mem:  1994240
mem:  1983488
mem:  1977856
mem:  1996288
mem:  2007552
mem:  2011648
mem:  2007040
mem:  2012160
mem:  2019840
mem:  2005504
mem:  1991168
mem:  2014720
mem:  2012672
mem:  2015232
mem:  2015744
mem:  2007552
mem:  2009088
mem:  2027520
mem:  2019328
mem:  2030592
mem:  2025984
mem:  2033664
mem:  2002432
mem:  2010112
mem:  2034688
mem:  2023936
mem:  2021888
mem:  2023424
mem:  2048000
mem:  2029056
mem:  2031616
mem:  2055168
mem:  2023936
mem:  2048512
mem:  2053632
mem:  2038272
mem:  2056704
mem:  2015744
mem:  2052608
mem:  2048000
mem:  2059264
mem:  2054656
mem:  2030592
mem:  2057728
