SLURM_JOBID=5050051
SLURM_JOB_NODELIST=svl2
SLURM_NNODES=1
SLURMTMPDIR=
working directory = /viscam/projects/objectfolder_benchmark/benchmarks/Multi_Sensory_3D_Reconstruction/code/models/MDN
Start_idx:  650
mem:  1536
mem:  1874944
mem:  1892864
mem:  1896960
mem:  1921536
mem:  1861120
mem:  1868800
mem:  1889792
mem:  1894912
mem:  1896448
mem:  1911296
mem:  1895936
mem:  1910784
mem:  1892864
mem:  1917440
mem:  1909248
mem:  1916928
mem:  1928192
mem:  1861632
mem:  1931264
mem:  1884160
mem:  1930752
mem:  1920000
mem:  1933824
mem:  1929216
mem:  1872384
mem:  1903104
mem:  1927680
mem:  1923072
mem:  1927168
mem:  1932288
mem:  1924096
mem:  1951232
mem:  1913856
mem:  1940992
mem:  1924096
mem:  1937920
mem:  1933312
mem:  1940992
mem:  1926656
mem:  1918464
mem:  1972224
mem:  1937408
mem:  1942528
mem:  1940480
mem:  1971200
mem:  1969152
mem:  1954816
mem:  1969664
mem:  1951744
mem:  1930240
mem:  1954816
mem:  1956352
mem:  1957888
mem:  1978880
mem:  1951232
mem:  1936896
mem:  1967616
mem:  1952256
mem:  1950208
mem:  1988096
mem:  1999360
mem:  1964544
mem:  1973248
mem:  1996800
mem:  1986048
mem:  1993728
mem:  1998848
mem:  1955328
mem:  1992192
mem:  1997312
mem:  1988096
mem:  1987072
mem:  2010624
mem:  1976832
mem:  1981952
mem:  2002944
mem:  2007040
mem:  2008576
mem:  1968640
mem:  2015232
mem:  2013184
mem:  2008576
mem:  2006528
mem:  1999360
mem:  2010624
mem:  2004992
mem:  2000384
mem:  2017792
mem:  2009600
mem:  2017280
mem:  2035712
mem:  2014208
mem:  2025472
mem:  2024448
mem:  2045440
mem:  2010624
mem:  2038784
mem:  2027008
mem:  2024960
