SLURM_JOBID=5050191
SLURM_JOB_NODELIST=svl1
SLURM_NNODES=1
SLURMTMPDIR=
working directory = /viscam/projects/objectfolder_benchmark/benchmarks/Multi_Sensory_3D_Reconstruction/code/models/MDN
Start_idx:  775
mem:  1536
mem:  1855488
mem:  1862656
mem:  1874944
mem:  1882624
mem:  1848832
mem:  1895424
mem:  1877504
mem:  1892352
mem:  1915904
mem:  1878528
mem:  1899520
mem:  1898496
mem:  1890304
mem:  1930752
mem:  1889792
mem:  1871872
mem:  1875968
mem:  1894400
mem:  1880064
mem:  1916928
mem:  1853952
mem:  1920000
mem:  1911808
mem:  1925632
mem:  1882112
mem:  1889792
mem:  1888768
mem:  1925632
mem:  1923584
mem:  1905664
mem:  1943552
mem:  1922048
mem:  1907712
mem:  1934848
mem:  1910784
mem:  1945088
mem:  1936896
mem:  1944576
mem:  1903616
mem:  1901568
mem:  1893376
mem:  1915392
mem:  1913344
mem:  1944064
mem:  1949184
mem:  1933824
mem:  1893888
mem:  1956352
mem:  1971200
mem:  1953280
mem:  1945088
mem:  1962496
mem:  1928704
mem:  1991168
mem:  1967104
mem:  1968640
mem:  1915392
mem:  1939968
mem:  1970688
mem:  1955328
mem:  1947136
mem:  1961984
mem:  1950208
mem:  1957888
mem:  1966592
mem:  1942528
mem:  1966080
mem:  1983488
mem:  1992192
mem:  1960960
mem:  1968640
mem:  1983488
mem:  1982464
mem:  2015744
mem:  1997824
mem:  1996800
mem:  2026496
mem:  1963520
mem:  2030592
mem:  1979904
mem:  2016768
mem:  2024448
mem:  2025984
mem:  2005504
mem:  2022912
mem:  2008576
mem:  2013696
mem:  2001920
mem:  1996288
mem:  2007552
mem:  2019840
mem:  2000896
mem:  2035200
mem:  1984512
mem:  2018816
mem:  1991168
mem:  2015744
mem:  2036736
mem:  2032128
