SLURM_JOBID=5050391
SLURM_JOB_NODELIST=svl1
SLURM_NNODES=1
SLURMTMPDIR=
working directory = /viscam/projects/objectfolder_benchmark/benchmarks/Multi_Sensory_3D_Reconstruction/code/models/MDN
Start_idx:  980
mem:  1536
mem:  1900544
mem:  1914880
mem:  1920000
mem:  1898496
mem:  1907200
mem:  1921024
mem:  1906688
mem:  1924096
mem:  1931776
mem:  1913856
mem:  1926144
mem:  1924096
mem:  1919488
mem:  1936896
mem:  1928704
mem:  1936384
mem:  1934336
mem:  1920000
mem:  1915392
mem:  1916928
mem:  1931776
mem:  1929728
mem:  1947136
mem:  1952256
mem:  1940480
mem:  1926144
mem:  1953280
mem:  1948672
mem:  1966080
mem:  1965056
mem:  1936384
mem:  1968128
mem:  1962496
mem:  1938432
mem:  1972736
mem:  1951232
mem:  1978368
mem:  1967616
mem:  1965568
mem:  1980416
mem:  1955328
mem:  1963008
mem:  1977856
mem:  1969664
mem:  1990656
mem:  1959424
mem:  1987584
mem:  1985536
mem:  1980928
mem:  1994752
mem:  1993728
mem:  1978368
mem:  1951744
mem:  1988608
mem:  2006016
mem:  1978368
mem:  1983488
mem:  1985024
mem:  2012160
mem:  2001408
mem:  1986048
mem:  2010624
mem:  1959936
mem:  2006528
mem:  2015232
mem:  2010624
mem:  2008576
mem:  1996800
mem:  2024960
mem:  2007040
mem:  2007552
mem:  2016256
mem:  2031104
mem:  2019328
mem:  2020864
mem:  2005504
mem:  2020352
mem:  2041344
mem:  2039296
mem:  2028544
mem:  2042368
mem:  2028032
mem:  2039296
mem:  2048000
mem:  2045952
mem:  2047488
mem:  2022400
mem:  2040832
mem:  2058240
mem:  2034176
mem:  2025984
mem:  2049536
mem:  2064384
mem:  2052608
mem:  2041856
mem:  2039808
mem:  2058240
mem:  2062336
mem:  2054144
