SLURM_JOBID=5049965
SLURM_JOB_NODELIST=svl12
SLURM_NNODES=1
SLURMTMPDIR=
working directory = /viscam/projects/objectfolder_benchmark/benchmarks/Multi_Sensory_3D_Reconstruction/code/models/MDN
Start_idx:  551
mem:  1536
mem:  1913856
mem:  1908736
mem:  1926144
mem:  1908224
mem:  1913344
mem:  1914880
mem:  1916416
mem:  1921536
mem:  1915904
mem:  1917440
mem:  1934848
mem:  1939968
mem:  1918464
mem:  1921024
mem:  1928704
mem:  1936384
mem:  1931776
mem:  1923584
mem:  1940992
mem:  1946112
mem:  1953792
mem:  1943040
mem:  1953280
mem:  1938944
mem:  1944064
mem:  1951744
mem:  1933824
mem:  1954816
mem:  1966080
mem:  1961472
mem:  1955840
mem:  1960960
mem:  1956352
mem:  1954304
mem:  1946112
mem:  1976832
mem:  1978368
mem:  1967616
mem:  1961984
mem:  1963520
mem:  1972224
mem:  1979904
mem:  1958400
mem:  1967104
mem:  1978368
mem:  1969152
mem:  1974272
mem:  1979392
mem:  1987072
mem:  1986048
mem:  1986560
mem:  1981952
mem:  1987072
mem:  1985024
mem:  1984000
mem:  1984512
mem:  1983488
mem:  2004480
mem:  2012160
mem:  2003968
mem:  2002944
mem:  2000896
mem:  2018304
mem:  2019840
mem:  2008064
mem:  2013184
mem:  2021888
mem:  2025984
mem:  2011648
mem:  2003456
mem:  2024448
mem:  2028544
mem:  2017792
mem:  2019328
mem:  2027008
mem:  2038272
mem:  2017792
mem:  2041344
mem:  2033152
mem:  2021376
mem:  2016768
mem:  2031616
mem:  2049024
mem:  2046976
mem:  2042368
mem:  2041344
mem:  2049024
mem:  2054144
mem:  2058240
mem:  2043904
mem:  2041856
mem:  2062848
mem:  2042368
mem:  2046464
mem:  2055168
mem:  2056704
mem:  2064384
mem:  2062336
mem:  2057728
