SLURM_JOBID=5049766
SLURM_JOB_NODELIST=svl2
SLURM_NNODES=1
SLURMTMPDIR=
working directory = /viscam/projects/objectfolder_benchmark/benchmarks/Multi_Sensory_3D_Reconstruction/code/models/MDN
Start_idx:  295
mem:  1536
mem:  1923584
mem:  1924608
mem:  1904128
mem:  1924096
mem:  1913344
mem:  1895424
mem:  1928704
mem:  1898496
mem:  1931776
mem:  1923584
mem:  1928704
mem:  1939968
mem:  1906176
mem:  1943040
mem:  1922560
mem:  1943552
mem:  1941504
mem:  1935872
mem:  1938432
mem:  1952256
mem:  1922048
mem:  1949184
mem:  1927680
mem:  1946112
mem:  1930752
mem:  1922560
mem:  1947136
mem:  1951232
mem:  1956352
mem:  1935872
mem:  1936384
mem:  1948672
mem:  1949184
mem:  1954304
mem:  1936384
mem:  1967104
mem:  1972224
mem:  1976320
mem:  1965568
mem:  1963520
mem:  1974784
mem:  1972736
mem:  1971712
mem:  1969664
mem:  1978368
mem:  1976320
mem:  1974272
mem:  1969664
mem:  1996800
mem:  1975296
mem:  1993728
mem:  1991680
mem:  2002944
mem:  1988608
mem:  1990144
mem:  1997824
mem:  2009088
mem:  1987584
mem:  1986560
mem:  2013696
mem:  2009088
mem:  1991168
mem:  2004992
mem:  2016256
mem:  1999360
mem:  1984000
mem:  2024448
mem:  1996800
mem:  2017792
mem:  2029056
mem:  1995264
mem:  1996800
mem:  2023936
mem:  2021888
mem:  2001408
mem:  2038272
mem:  2037248
mem:  2041344
mem:  2019840
mem:  2044416
mem:  2032640
mem:  2008576
mem:  2016256
mem:  2034688
mem:  2048512
mem:  2050048
mem:  2045440
mem:  2021376
mem:  2032640
mem:  2030592
mem:  2045440
mem:  2062848
mem:  2051072
mem:  2063360
mem:  2057728
mem:  2068992
mem:  2051072
mem:  2056192
mem:  2063872
