SLURM_JOBID=5049654
SLURM_JOB_NODELIST=svl3
SLURM_NNODES=1
SLURMTMPDIR=
working directory = /viscam/projects/objectfolder_benchmark/benchmarks/Multi_Sensory_3D_Reconstruction/code/models/MDN
Start_idx:  183
mem:  1536
mem:  1865216
mem:  1918464
mem:  1858048
mem:  1911808
mem:  1900032
mem:  1897984
mem:  1906688
mem:  1910784
mem:  1903616
mem:  1924608
mem:  1906688
mem:  1916928
mem:  1922048
mem:  1888256
mem:  1912832
mem:  1923072
mem:  1918464
mem:  1916416
mem:  1947136
mem:  1903616
mem:  1930752
mem:  1912832
mem:  1911808
mem:  1923072
mem:  1924608
mem:  1906688
mem:  1939968
mem:  1925632
mem:  1956352
mem:  1934848
mem:  1936384
mem:  1937920
mem:  1943040
mem:  1932288
mem:  1920512
mem:  1951232
mem:  1943040
mem:  1944576
mem:  1952256
mem:  1944064
mem:  1926144
mem:  1966592
mem:  1961984
mem:  1950208
mem:  1955328
mem:  1976320
mem:  1968128
mem:  1973248
mem:  1961472
mem:  1965568
mem:  1954816
mem:  1979392
mem:  1987072
mem:  1985024
mem:  1967104
mem:  1981952
mem:  1966592
mem:  1952256
mem:  1992704
mem:  1949184
mem:  1970176
mem:  1993728
mem:  1979392
mem:  1990656
mem:  1995776
mem:  1993728
mem:  1975808
mem:  2016256
mem:  2014208
mem:  1974272
mem:  2014720
mem:  1990656
mem:  1975296
mem:  2006016
mem:  2011136
mem:  2022400
mem:  1975296
mem:  2012160
mem:  2007552
mem:  2022400
mem:  1997312
mem:  1998848
mem:  2025984
mem:  2017792
mem:  2026496
mem:  2037760
mem:  2029568
mem:  2023936
mem:  1984000
mem:  2040320
mem:  2016256
mem:  2030080
mem:  2031616
mem:  2033152
mem:  2054144
mem:  2043392
mem:  2037760
mem:  2039296
mem:  2057728
