SLURM_JOBID=5050148
SLURM_JOB_NODELIST=svl2
SLURM_NNODES=1
SLURMTMPDIR=
working directory = /viscam/projects/objectfolder_benchmark/benchmarks/Multi_Sensory_3D_Reconstruction/code/models/MDN
Start_idx:  755
mem:  1536
mem:  1888256
mem:  1875968
mem:  1883648
mem:  1869312
mem:  1886720
mem:  1872384
mem:  1926144
mem:  1898496
mem:  1896448
mem:  1914880
mem:  1870336
mem:  1914368
mem:  1883136
mem:  1872384
mem:  1857024
mem:  1875456
mem:  1879552
mem:  1842176
mem:  1902080
mem:  1907200
mem:  1892864
mem:  1920000
mem:  1924096
mem:  1923072
mem:  1934336
mem:  1922560
mem:  1927680
mem:  1932800
mem:  1923584
mem:  1889792
mem:  1891328
mem:  1896448
mem:  1943040
mem:  1925120
mem:  1904640
mem:  1931776
mem:  1939456
mem:  1973760
mem:  1971712
mem:  1912320
mem:  1926144
mem:  1947136
mem:  1954816
mem:  1985536
mem:  1945600
mem:  1982464
mem:  1954816
mem:  1962496
mem:  1987072
mem:  1916928
mem:  1954816
mem:  1962496
mem:  1964032
mem:  1975296
mem:  1937920
mem:  1952768
mem:  1957888
mem:  1952256
mem:  2008576
mem:  1988096
mem:  1993216
mem:  1971712
mem:  1996288
mem:  1951744
mem:  1963008
mem:  1987584
mem:  1972224
mem:  1987072
mem:  1988608
mem:  1918464
mem:  1991680
mem:  1980928
mem:  2010624
mem:  1982976
mem:  2036736
mem:  1995776
mem:  2030080
mem:  2008576
mem:  2042880
mem:  1986048
mem:  1952256
mem:  1969664
mem:  1977344
mem:  2048000
mem:  1945088
mem:  2004992
mem:  1996800
mem:  2011648
mem:  2009600
mem:  2036736
mem:  2006528
mem:  2049536
mem:  2002432
mem:  2007552
mem:  2022400
mem:  2008064
mem:  2008576
mem:  2023424
mem:  2034688
