SLURM_JOBID=5050124
SLURM_JOB_NODELIST=svl1
SLURM_NNODES=1
SLURMTMPDIR=
working directory = /viscam/projects/objectfolder_benchmark/benchmarks/Multi_Sensory_3D_Reconstruction/code/models/MDN
Start_idx:  697
mem:  1536
mem:  1859072
mem:  1833472
mem:  1861632
mem:  1859584
mem:  1847808
mem:  1905152
mem:  1881088
mem:  1875456
mem:  1867264
mem:  1845760
mem:  1880064
mem:  1894912
mem:  1870848
mem:  1884672
mem:  1883648
mem:  1862144
mem:  1869824
mem:  1884672
mem:  1898496
mem:  1864704
mem:  1885696
mem:  1877504
mem:  1917952
mem:  1897472
mem:  1911296
mem:  1903104
mem:  1888768
mem:  1954816
mem:  1956352
mem:  1967616
mem:  1947136
mem:  1873408
mem:  1907712
mem:  1918976
mem:  1972736
mem:  1941504
mem:  1900544
mem:  1909248
mem:  1971712
mem:  1953792
mem:  1896960
mem:  1937408
mem:  1955840
mem:  1924608
mem:  1912832
mem:  1992192
mem:  1929216
mem:  1930752
mem:  1951744
mem:  1926656
mem:  1948672
mem:  1962496
mem:  1964032
mem:  1985024
mem:  1970688
mem:  1945600
mem:  1927680
mem:  1981440
mem:  1957376
mem:  1945600
mem:  1966592
mem:  1971712
mem:  1973248
mem:  1951744
mem:  1969152
mem:  1970688
mem:  2002432
mem:  1951744
mem:  1986048
mem:  1964544
mem:  1985536
mem:  1970176
mem:  2004480
mem:  1970688
mem:  1958912
mem:  2018816
mem:  2007040
mem:  1989120
mem:  2042880
mem:  2011648
mem:  1942528
mem:  1940480
mem:  1990656
mem:  2008064
mem:  2042368
mem:  2014720
mem:  1983488
mem:  2005504
mem:  1999872
mem:  2001408
mem:  2035712
mem:  2017792
mem:  2006016
mem:  2024448
mem:  2038272
mem:  2023936
mem:  2044928
mem:  2013696
mem:  2009088
