SLURM_JOBID=5049776
SLURM_JOB_NODELIST=svl17
SLURM_NNODES=1
SLURMTMPDIR=
working directory = /viscam/projects/objectfolder_benchmark/benchmarks/Multi_Sensory_3D_Reconstruction/code/models/MDN
Start_idx:  345
mem:  1536
mem:  1897984
mem:  1879552
mem:  1881088
mem:  1908224
mem:  1880576
mem:  1875968
mem:  1922560
mem:  1910784
mem:  1876992
mem:  1914880
mem:  1844736
mem:  1891328
mem:  1906176
mem:  1901568
mem:  1899520
mem:  1910784
mem:  1879552
mem:  1913856
mem:  1934848
mem:  1900032
mem:  1928192
mem:  1929728
mem:  1925120
mem:  1870848
mem:  1930752
mem:  1916416
mem:  1908224
mem:  1942528
mem:  1921024
mem:  1948160
mem:  1927680
mem:  1908736
mem:  1943040
mem:  1940992
mem:  1923072
mem:  1967104
mem:  1965056
mem:  1925120
mem:  1907200
mem:  1970688
mem:  1968640
mem:  1976320
mem:  1913344
mem:  1966080
mem:  1955328
mem:  1947136
mem:  1984000
mem:  1959936
mem:  1971200
mem:  1985024
mem:  1996288
mem:  1991680
mem:  1964032
mem:  2004480
mem:  1976832
mem:  1995264
mem:  1970176
mem:  1936384
mem:  1944064
mem:  1958912
mem:  1983488
mem:  1952256
mem:  2008576
mem:  2016256
mem:  1959424
mem:  1984000
mem:  1989120
mem:  2010112
mem:  2017792
mem:  2007040
mem:  1991680
mem:  2012672
mem:  2033664
mem:  1984000
mem:  2017280
mem:  2006528
mem:  2030080
mem:  1982976
mem:  2010112
mem:  2032128
mem:  2003456
mem:  2025472
mem:  2019840
mem:  2011648
mem:  2022912
mem:  2002432
mem:  2000384
mem:  1982464
mem:  2013184
mem:  1995264
mem:  2016256
mem:  2033664
mem:  2032640
mem:  2017280
mem:  2067456
mem:  2020352
mem:  2058240
mem:  2036736
mem:  2032128
