SLURM_JOBID=5049972
SLURM_JOB_NODELIST=svl9
SLURM_NNODES=1
SLURMTMPDIR=
working directory = /viscam/projects/objectfolder_benchmark/benchmarks/Multi_Sensory_3D_Reconstruction/code/models/MDN
Start_idx:  557
mem:  1536
mem:  1910272
mem:  1860096
mem:  1890816
mem:  1925120
mem:  1880576
mem:  1875968
mem:  1899520
mem:  1901056
mem:  1883136
mem:  1872384
mem:  1893376
mem:  1846272
mem:  1879552
mem:  1897984
mem:  1909248
mem:  1868288
mem:  1863680
mem:  1904128
mem:  1917952
mem:  1913344
mem:  1905152
mem:  1923584
mem:  1914368
mem:  1923072
mem:  1924608
mem:  1961472
mem:  1924096
mem:  1935360
mem:  1944064
mem:  1889792
mem:  1959424
mem:  1928192
mem:  1874944
mem:  1928704
mem:  1913344
mem:  1951232
mem:  1913856
mem:  1938432
mem:  1946112
mem:  1937920
mem:  1929728
mem:  1933824
mem:  1987584
mem:  1921024
mem:  1926144
mem:  1949696
mem:  1935360
mem:  1950208
mem:  1942016
mem:  1988608
mem:  1947648
mem:  1923584
mem:  1957888
mem:  1969152
mem:  1944064
mem:  1978368
mem:  1967616
mem:  1991168
mem:  1973248
mem:  1958912
mem:  1993216
mem:  1954816
mem:  1979392
mem:  1987072
mem:  1947136
mem:  1977856
mem:  1973248
mem:  1961472
mem:  1988608
mem:  1958400
mem:  1959936
mem:  1990656
mem:  2017792
mem:  1984000
mem:  2014720
mem:  1973760
mem:  1994752
mem:  1980416
mem:  2003968
mem:  1992192
mem:  1991168
mem:  1979392
mem:  2010112
mem:  2021376
mem:  2013184
mem:  2002432
mem:  2019840
mem:  2031104
mem:  1958400
mem:  2034176
mem:  2035712
mem:  2008064
mem:  1996288
mem:  2027008
mem:  2038272
mem:  2007040
mem:  2037760
mem:  2042880
mem:  2038272
