SLURM_JOBID=5049730
SLURM_JOB_NODELIST=svl2
SLURM_NNODES=1
SLURMTMPDIR=
working directory = /viscam/projects/objectfolder_benchmark/benchmarks/Multi_Sensory_3D_Reconstruction/code/models/MDN
Start_idx:  273
mem:  1536
mem:  1900544
mem:  1889280
mem:  1900544
mem:  1892352
mem:  1890304
mem:  1907712
mem:  1916416
mem:  1933824
mem:  1890304
mem:  1868800
mem:  1883648
mem:  1907200
mem:  1889280
mem:  1878528
mem:  1905664
mem:  1932800
mem:  1935360
mem:  1926144
mem:  1859584
mem:  1878016
mem:  1908736
mem:  1887232
mem:  1927680
mem:  1946112
mem:  1895424
mem:  1935872
mem:  1914368
mem:  1886720
mem:  1933312
mem:  1925120
mem:  1917952
mem:  1951232
mem:  1901568
mem:  1889792
mem:  1936384
mem:  1918464
mem:  1962496
mem:  1927680
mem:  1913344
mem:  1928192
mem:  1965056
mem:  1970176
mem:  1945088
mem:  1976832
mem:  1945600
mem:  1927680
mem:  1964544
mem:  1969664
mem:  1942016
mem:  1963008
mem:  1954816
mem:  1975808
mem:  1983488
mem:  1955840
mem:  1982976
mem:  1972224
mem:  1940992
mem:  1965568
mem:  1986560
mem:  1980928
mem:  1999360
mem:  1952256
mem:  1996288
mem:  2003968
mem:  1969152
mem:  1987584
mem:  1966080
mem:  2006528
mem:  1963008
mem:  1951232
mem:  1985536
mem:  2002944
mem:  2021376
mem:  2006016
mem:  2036736
mem:  1983488
mem:  1991168
mem:  2018304
mem:  1965056
mem:  2032128
mem:  2030080
mem:  2037760
mem:  2023424
mem:  2034688
mem:  1999872
mem:  2018304
mem:  2055168
mem:  2017792
mem:  2019328
mem:  2004992
mem:  2045440
mem:  2062848
mem:  2019328
mem:  2030592
mem:  2038272
mem:  2023936
mem:  2051072
mem:  2058752
mem:  1992192
