SLURM_JOBID=5050057
SLURM_JOB_NODELIST=svl9
SLURM_NNODES=1
SLURMTMPDIR=
working directory = /viscam/projects/objectfolder_benchmark/benchmarks/Multi_Sensory_3D_Reconstruction/code/models/MDN
Start_idx:  654
mem:  1536
mem:  1904128
mem:  1899008
mem:  1900544
mem:  1925120
mem:  1923072
mem:  1921024
mem:  1910272
mem:  1911808
mem:  1935360
mem:  1917440
mem:  1912832
mem:  1917952
mem:  1902592
mem:  1933312
mem:  1944576
mem:  1946112
mem:  1931776
mem:  1923584
mem:  1950720
mem:  1929216
mem:  1934336
mem:  1920000
mem:  1943552
mem:  1936384
mem:  1959936
mem:  1942016
mem:  1953280
mem:  1948672
mem:  1959936
mem:  1965056
mem:  1963008
mem:  1948672
mem:  1952768
mem:  1957888
mem:  1952256
mem:  1951232
mem:  1933312
mem:  1973760
mem:  1965568
mem:  1953792
mem:  1978368
mem:  1970176
mem:  1968128
mem:  1973248
mem:  1965056
mem:  1970176
mem:  1971712
mem:  1972224
mem:  1984512
mem:  1988608
mem:  1999872
mem:  1991680
mem:  1990656
mem:  2004480
mem:  1986560
mem:  1978368
mem:  1999360
mem:  1985024
mem:  2012160
mem:  2011136
mem:  1995776
mem:  2016768
mem:  1989120
mem:  2000384
mem:  1989632
mem:  2013184
mem:  1985536
mem:  2010112
mem:  1998336
mem:  2026496
mem:  2027008
mem:  2010112
mem:  2014208
mem:  1993728
mem:  2017280
mem:  2034688
mem:  2036224
mem:  2015744
mem:  2036736
mem:  2022400
mem:  2036224
mem:  2021888
mem:  2023424
mem:  2046976
mem:  2036224
mem:  2028032
mem:  2019840
mem:  2054144
mem:  2032640
mem:  2057216
mem:  2051584
mem:  2039808
mem:  2064384
mem:  2040320
mem:  2032128
mem:  2059264
mem:  2041344
mem:  2056192
mem:  2061312
