SLURM_JOBID=5049843
SLURM_JOB_NODELIST=svl2
SLURM_NNODES=1
SLURMTMPDIR=
working directory = /viscam/projects/objectfolder_benchmark/benchmarks/Multi_Sensory_3D_Reconstruction/code/models/MDN
Start_idx:  392
mem:  1536
mem:  1851904
mem:  1866240
mem:  1877504
mem:  1876480
mem:  1884160
mem:  1885696
mem:  1881088
mem:  1933824
mem:  1863680
mem:  1911296
mem:  1912832
mem:  1910784
mem:  1912320
mem:  1900544
mem:  1886208
mem:  1943552
mem:  1863680
mem:  1949184
mem:  1905664
mem:  1926656
mem:  1931776
mem:  1893376
mem:  1898496
mem:  1926656
mem:  1908736
mem:  1938432
mem:  1924096
mem:  1929216
mem:  1921024
mem:  1967616
mem:  1916928
mem:  1925632
mem:  1946624
mem:  1934848
mem:  1975296
mem:  1931776
mem:  1917440
mem:  1957888
mem:  1955840
mem:  1928192
mem:  1945600
mem:  1953280
mem:  1948672
mem:  1944064
mem:  1951744
mem:  1963008
mem:  1954816
mem:  1950208
mem:  1993216
mem:  1939968
mem:  1948672
mem:  1958912
mem:  1938432
mem:  1926656
mem:  1960960
mem:  1974784
mem:  1996800
mem:  2004480
mem:  1947648
mem:  1965056
mem:  1989632
mem:  2000896
mem:  1959936
mem:  1965056
mem:  1950720
mem:  2000896
mem:  1985536
mem:  1990656
mem:  1978880
mem:  1984000
mem:  1981952
mem:  1987072
mem:  1971712
mem:  2031616
mem:  2007552
mem:  1979904
mem:  2008064
mem:  2021888
mem:  2003968
mem:  2022400
mem:  2000896
mem:  2004992
mem:  2029568
mem:  2008064
mem:  1984000
mem:  2008576
mem:  2006528
mem:  2008064
mem:  2029056
mem:  2034176
mem:  2022400
mem:  2037248
mem:  2015744
mem:  1984512
mem:  2005504
mem:  2030080
mem:  2054656
mem:  2007552
mem:  2024960
