SLURM_JOBID=5050408
SLURM_JOB_NODELIST=svl1
SLURM_NNODES=1
SLURMTMPDIR=
working directory = /viscam/projects/objectfolder_benchmark/benchmarks/Multi_Sensory_3D_Reconstruction/code/models/MDN
Start_idx:  995
mem:  1536
mem:  1920000
mem:  1921024
mem:  1923584
mem:  1927680
mem:  1929216
mem:  1930752
mem:  1928704
mem:  1933824
mem:  1935360
mem:  1933312
mem:  1935872
mem:  1939968
mem:  1931776
mem:  1943040
mem:  1940992
mem:  1936384
mem:  1937920
mem:  1923584
mem:  1948160
mem:  1952256
mem:  1950208
mem:  1955328
mem:  1956864
mem:  1954816
mem:  1959936
mem:  1951744
mem:  1950720
mem:  1960960
mem:  1966080
mem:  1967616
mem:  1969152
mem:  1970688
mem:  1972224
mem:  1964032
mem:  1975296
mem:  1976832
mem:  1968640
mem:  1973760
mem:  1971712
mem:  1982976
mem:  1984512
mem:  1976320
mem:  1987584
mem:  1989120
mem:  1990656
mem:  1989632
mem:  1993728
mem:  1995264
mem:  1987072
mem:  1998336
mem:  1999872
mem:  1998848
mem:  2002944
mem:  2004480
mem:  2006016
mem:  2007552
mem:  2009088
mem:  2000896
mem:  2012160
mem:  2013696
mem:  2015232
mem:  2010624
mem:  2015744
mem:  2019840
mem:  2018816
mem:  2016768
mem:  2024448
mem:  2025984
mem:  2027520
mem:  2026496
mem:  2024448
mem:  2032128
mem:  2023936
mem:  2032640
mem:  2030592
mem:  2032128
mem:  2039808
mem:  2041344
mem:  2042880
mem:  2044416
mem:  2045952
mem:  2047488
mem:  2049024
mem:  2050560
mem:  2052096
mem:  2050048
mem:  2051584
mem:  2046976
mem:  2058240
mem:  2059776
mem:  2055168
mem:  2062848
mem:  2064384
mem:  2065920
mem:  2063872
mem:  2068992
mem:  2066944
mem:  2072064
mem:  2073600
