SLURM_JOBID=5049558
SLURM_JOB_NODELIST=svl1
SLURM_NNODES=1
SLURMTMPDIR=
working directory = /viscam/projects/objectfolder_benchmark/benchmarks/Multi_Sensory_3D_Reconstruction/code/models/MDN
Start_idx:  85
mem:  1536
mem:  1894400
mem:  1891840
mem:  1883648
mem:  1914368
mem:  1915904
mem:  1895424
mem:  1896960
mem:  1904640
mem:  1900032
mem:  1934336
mem:  1935872
mem:  1908224
mem:  1908736
mem:  1927168
mem:  1928704
mem:  1946112
mem:  1924608
mem:  1920000
mem:  1921536
mem:  1907200
mem:  1951232
mem:  1952768
mem:  1943552
mem:  1952256
mem:  1947648
mem:  1951744
mem:  1947136
mem:  1942528
mem:  1950208
mem:  1942016
mem:  1955840
mem:  1960960
mem:  1950208
mem:  1938432
mem:  1961984
mem:  1960960
mem:  1958912
mem:  1960448
mem:  1948672
mem:  1969664
mem:  1965056
mem:  1979904
mem:  1965568
mem:  1982976
mem:  1978368
mem:  1950720
mem:  1980416
mem:  1979392
mem:  1967616
mem:  1939968
mem:  1990144
mem:  1985536
mem:  1973760
mem:  2000896
mem:  1964544
mem:  1968640
mem:  1957888
mem:  1958400
mem:  1999872
mem:  2007552
mem:  1973760
mem:  2007040
mem:  2012160
mem:  1994240
mem:  1995776
mem:  1984000
mem:  1995264
mem:  2022400
mem:  2011648
mem:  1993728
mem:  2004992
mem:  2000384
mem:  2008064
mem:  2012160
mem:  2030592
mem:  2028544
mem:  1985024
mem:  2012160
mem:  2023424
mem:  2021376
mem:  2042368
mem:  2008576
mem:  2025984
mem:  2021376
mem:  2016768
mem:  2002432
mem:  2042880
mem:  2044416
mem:  2029056
mem:  2014720
mem:  2041856
mem:  2037248
mem:  2041344
mem:  2056192
mem:  2054144
mem:  2053120
mem:  2058240
mem:  2065920
mem:  2050560
