SLURM_JOBID=5050007
SLURM_JOB_NODELIST=svl17
SLURM_NNODES=1
SLURMTMPDIR=
working directory = /viscam/projects/objectfolder_benchmark/benchmarks/Multi_Sensory_3D_Reconstruction/code/models/MDN
Start_idx:  586
mem:  1536
mem:  1920000
mem:  1879552
mem:  1912832
mem:  1917952
mem:  1929216
mem:  1901568
mem:  1910272
mem:  1891328
mem:  1922048
mem:  1936896
mem:  1918976
mem:  1926656
mem:  1935360
mem:  1884672
mem:  1944576
mem:  1913344
mem:  1892864
mem:  1929728
mem:  1927680
mem:  1868288
mem:  1950208
mem:  1912832
mem:  1954304
mem:  1958400
mem:  1950208
mem:  1906688
mem:  1950720
mem:  1951232
mem:  1944064
mem:  1955328
mem:  1910784
mem:  1941504
mem:  1911296
mem:  1954304
mem:  1959424
mem:  1960960
mem:  1978368
mem:  1979904
mem:  1952256
mem:  1947648
mem:  1978368
mem:  1982464
mem:  1952256
mem:  1946624
mem:  1961472
mem:  1992192
mem:  1991168
mem:  1934336
mem:  1955328
mem:  1955840
mem:  1993728
mem:  1997824
mem:  1996800
mem:  1981440
mem:  1951232
mem:  1962496
mem:  2005504
mem:  1994752
mem:  1982976
mem:  1990656
mem:  1966592
mem:  2014208
mem:  1992704
mem:  2016256
mem:  1998336
mem:  2003456
mem:  1979392
mem:  1987072
mem:  1975296
mem:  1970688
mem:  2011136
mem:  2006528
mem:  1972736
mem:  2032640
mem:  2023424
mem:  2002944
mem:  2037248
mem:  2035200
mem:  1997824
mem:  2015232
mem:  2020352
mem:  2031616
mem:  2042880
mem:  2037248
mem:  2039808
mem:  2050048
mem:  2039296
mem:  2021376
mem:  2006016
mem:  2001408
mem:  2061312
mem:  2059264
mem:  2064384
mem:  2052608
mem:  2057728
mem:  2037248
mem:  2057216
mem:  2072064
mem:  2034688
