SLURM_JOBID=5050068
SLURM_JOB_NODELIST=svl5
SLURM_NNODES=1
SLURMTMPDIR=
working directory = /viscam/projects/objectfolder_benchmark/benchmarks/Multi_Sensory_3D_Reconstruction/code/models/MDN
Start_idx:  663
mem:  1536
mem:  1900544
mem:  1914880
mem:  1896960
mem:  1879040
mem:  1923072
mem:  1921024
mem:  1918976
mem:  1904640
mem:  1913344
mem:  1914880
mem:  1916416
mem:  1887744
mem:  1889280
mem:  1927168
mem:  1905664
mem:  1946112
mem:  1931776
mem:  1946624
mem:  1925120
mem:  1930240
mem:  1940480
mem:  1923584
mem:  1947136
mem:  1936384
mem:  1953792
mem:  1903104
mem:  1939968
mem:  1961984
mem:  1956352
mem:  1964032
mem:  1904640
mem:  1954816
mem:  1940480
mem:  1970176
mem:  1959424
mem:  1941504
mem:  1956352
mem:  1967616
mem:  1955840
mem:  1982976
mem:  1972224
mem:  1986048
mem:  1961984
mem:  1975808
mem:  1965056
mem:  1982464
mem:  1948672
mem:  1913856
mem:  1967616
mem:  1969152
mem:  1970688
mem:  1981952
mem:  1979904
mem:  1994752
mem:  1982976
mem:  2003968
mem:  1989632
mem:  1988608
mem:  2008576
mem:  1990656
mem:  1979904
mem:  2007040
mem:  2014720
mem:  2000384
mem:  1998336
mem:  2013184
mem:  1981952
mem:  2000384
mem:  1992192
mem:  2022912
mem:  2020864
mem:  1993216
mem:  1998336
mem:  1996288
mem:  1997824
mem:  2012672
mem:  1998336
mem:  2025472
mem:  2020864
mem:  2044416
mem:  2036224
mem:  2037760
mem:  2010112
mem:  2008064
mem:  2039808
mem:  2031616
mem:  2012672
mem:  2015232
mem:  2054656
mem:  2040320
mem:  2035712
mem:  2031104
mem:  2035200
mem:  2042880
mem:  2038272
mem:  2027520
mem:  2041344
mem:  2033152
mem:  2057728
