SLURM_JOBID=5049702
SLURM_JOB_NODELIST=svl2
SLURM_NNODES=1
SLURMTMPDIR=
working directory = /viscam/projects/objectfolder_benchmark/benchmarks/Multi_Sensory_3D_Reconstruction/code/models/MDN
Start_idx:  250
mem:  1536
mem:  1868800
mem:  1905152
mem:  1884672
mem:  1888768
mem:  1854976
mem:  1908736
mem:  1932288
mem:  1902080
mem:  1874432
mem:  1917440
mem:  1864192
mem:  1914368
mem:  1909760
mem:  1897984
mem:  1876480
mem:  1910784
mem:  1918464
mem:  1878528
mem:  1898496
mem:  1916928
mem:  1922048
mem:  1926144
mem:  1902080
mem:  1919488
mem:  1889280
mem:  1887232
mem:  1937408
mem:  1923072
mem:  1927168
mem:  1967616
mem:  1926656
mem:  1967104
mem:  1969664
mem:  1928704
mem:  1971712
mem:  1931776
mem:  1943040
mem:  1973760
mem:  1926656
mem:  1918464
mem:  1951744
mem:  1966592
mem:  1919488
mem:  1930752
mem:  1942016
mem:  1920512
mem:  1915904
mem:  1950208
mem:  1980928
mem:  1956864
mem:  1980416
mem:  1962496
mem:  1948160
mem:  2000896
mem:  1990144
mem:  1949184
mem:  1960448
mem:  1961984
mem:  1976832
mem:  1965056
mem:  1937408
mem:  1991168
mem:  1985536
mem:  2010112
mem:  2015232
mem:  1977856
mem:  2024448
mem:  1954304
mem:  1988608
mem:  2025472
mem:  2001408
mem:  1944576
mem:  2008064
mem:  1986560
mem:  1988096
mem:  1979904
mem:  2004480
mem:  1996288
mem:  1984512
mem:  2028544
mem:  2016768
mem:  1982976
mem:  2003968
mem:  2017792
mem:  2003456
mem:  2050048
mem:  1980928
mem:  2027520
mem:  2013184
mem:  2059776
mem:  2012672
mem:  2062848
mem:  2009600
mem:  2062336
mem:  2002944
mem:  2043392
mem:  2009600
mem:  2020864
mem:  2057728
