SLURM_JOBID=5050404
SLURM_JOB_NODELIST=svl18
SLURM_NNODES=1
SLURMTMPDIR=
working directory = /viscam/projects/objectfolder_benchmark/benchmarks/Multi_Sensory_3D_Reconstruction/code/models/MDN
Start_idx:  991
mem:  1536
mem:  1907712
mem:  1892864
mem:  1906688
mem:  1902080
mem:  1906176
mem:  1911296
mem:  1870336
mem:  1924096
mem:  1929216
mem:  1894400
mem:  1938432
mem:  1930240
mem:  1912320
mem:  1917440
mem:  1912832
mem:  1920512
mem:  1931776
mem:  1936896
mem:  1918976
mem:  1932800
mem:  1937920
mem:  1933312
mem:  1933824
mem:  1938944
mem:  1934336
mem:  1951744
mem:  1947136
mem:  1951232
mem:  1959936
mem:  1942016
mem:  1916928
mem:  1967104
mem:  1949184
mem:  1954304
mem:  1969152
mem:  1945088
mem:  1966080
mem:  1973760
mem:  1952256
mem:  1963520
mem:  1984512
mem:  1970176
mem:  1971712
mem:  1975808
mem:  1977344
mem:  1982464
mem:  1964544
mem:  1966080
mem:  1983488
mem:  1972736
mem:  1987584
mem:  1962496
mem:  1993216
mem:  1978880
mem:  1986560
mem:  1991680
mem:  1995776
mem:  1981440
mem:  1967104
mem:  2003968
mem:  1970176
mem:  2003456
mem:  1982976
mem:  2003968
mem:  2017792
mem:  1987584
mem:  1982976
mem:  1983488
mem:  2017792
mem:  2013184
mem:  2014720
mem:  1987072
mem:  2021376
mem:  2021888
mem:  1991680
mem:  2028544
mem:  2026496
mem:  2025472
mem:  2023424
mem:  2040832
mem:  2020352
mem:  2028032
mem:  2023424
mem:  2018816
mem:  2019328
mem:  2034176
mem:  2022400
mem:  2053120
mem:  2042368
mem:  2024448
mem:  2022400
mem:  2053120
mem:  2051072
mem:  2040320
mem:  2028544
mem:  2039808
mem:  2070528
mem:  2056192
mem:  2067456
