SLURM_JOBID=5049800
SLURM_JOB_NODELIST=svl2
SLURM_NNODES=1
SLURMTMPDIR=
working directory = /viscam/projects/objectfolder_benchmark/benchmarks/Multi_Sensory_3D_Reconstruction/code/models/MDN
Start_idx:  363
mem:  1536
mem:  1907712
mem:  1889280
mem:  1910272
mem:  1876480
mem:  1896448
mem:  1895424
mem:  1906688
mem:  1902080
mem:  1912320
mem:  1904128
mem:  1870336
mem:  1920512
mem:  1918464
mem:  1920000
mem:  1928704
mem:  1936384
mem:  1928192
mem:  1923584
mem:  1921536
mem:  1929216
mem:  1918464
mem:  1939456
mem:  1924096
mem:  1942528
mem:  1940480
mem:  1893376
mem:  1910784
mem:  1942528
mem:  1927168
mem:  1880064
mem:  1916928
mem:  1892864
mem:  1946624
mem:  1957888
mem:  1920512
mem:  1976832
mem:  1949184
mem:  1915392
mem:  1942528
mem:  1944064
mem:  1949184
mem:  1963008
mem:  1974272
mem:  1953792
mem:  1974784
mem:  1963008
mem:  1970688
mem:  1950208
mem:  1973760
mem:  1965568
mem:  1960960
mem:  1930752
mem:  1983488
mem:  1982464
mem:  2002432
mem:  1981952
mem:  1983488
mem:  1955840
mem:  1937920
mem:  1988096
mem:  1970176
mem:  1968128
mem:  1985536
mem:  2017280
mem:  1982464
mem:  2010624
mem:  1992704
mem:  2010112
mem:  1994752
mem:  1996288
mem:  1998848
mem:  2006528
mem:  2017792
mem:  2009600
mem:  2003968
mem:  1993216
mem:  1968128
mem:  2012160
mem:  2023424
mem:  2028544
mem:  1997312
mem:  2031616
mem:  2003968
mem:  2024960
mem:  2020352
mem:  2021888
mem:  2016256
mem:  2040832
mem:  2036224
mem:  2007552
mem:  2025984
mem:  2033664
mem:  1990144
mem:  2023424
mem:  2035712
mem:  2068992
mem:  2035200
mem:  2027008
mem:  2040832
