SLURM_JOBID=5049756
SLURM_JOB_NODELIST=svl1
SLURM_NNODES=1
SLURMTMPDIR=
working directory = /viscam/projects/objectfolder_benchmark/benchmarks/Multi_Sensory_3D_Reconstruction/code/models/MDN
Start_idx:  289
mem:  1536
mem:  1897984
mem:  1892864
mem:  1877504
mem:  1911808
mem:  1919488
mem:  1889280
mem:  1926144
mem:  1924096
mem:  1932800
mem:  1936896
mem:  1889792
mem:  1924096
mem:  1918464
mem:  1921024
mem:  1931264
mem:  1939968
mem:  1906176
mem:  1929728
mem:  1934848
mem:  1897472
mem:  1944064
mem:  1939456
mem:  1944576
mem:  1945088
mem:  1950208
mem:  1877504
mem:  1960448
mem:  1929216
mem:  1962496
mem:  1951744
mem:  1914368
mem:  1915904
mem:  1962496
mem:  1951744
mem:  1971712
mem:  1970688
mem:  1965056
mem:  1966592
mem:  1955840
mem:  1957376
mem:  1965056
mem:  1944576
mem:  1987584
mem:  1973248
mem:  1984512
mem:  1978880
mem:  1984000
mem:  1979392
mem:  1987072
mem:  1982464
mem:  1931776
mem:  1969664
mem:  1996800
mem:  1969152
mem:  1996288
mem:  2001408
mem:  1983488
mem:  1994752
mem:  1990144
mem:  2003968
mem:  1989632
mem:  2016768
mem:  2002432
mem:  1971200
mem:  2009088
mem:  1991168
mem:  2024448
mem:  2006528
mem:  2011648
mem:  1990144
mem:  2004992
mem:  2028544
mem:  2017792
mem:  2035200
mem:  2023424
mem:  2038272
mem:  2030080
mem:  2012160
mem:  2013696
mem:  2005504
mem:  1997312
mem:  2037760
mem:  2007552
mem:  2028544
mem:  2016768
mem:  2034176
mem:  2000384
mem:  2033664
mem:  2035200
mem:  2030592
mem:  2025984
mem:  2053120
mem:  2025472
mem:  2053632
mem:  2061312
mem:  2045952
mem:  2041344
mem:  2058752
mem:  2061312
