SLURM_JOBID=5050392
SLURM_JOB_NODELIST=svl2
SLURM_NNODES=1
SLURMTMPDIR=
working directory = /viscam/projects/objectfolder_benchmark/benchmarks/Multi_Sensory_3D_Reconstruction/code/models/MDN
Start_idx:  981
mem:  1536
mem:  1920000
mem:  1905152
mem:  1906688
mem:  1902080
mem:  1897472
mem:  1907712
mem:  1906688
mem:  1908224
mem:  1919488
mem:  1923584
mem:  1938432
mem:  1924096
mem:  1915904
mem:  1933312
mem:  1938432
mem:  1946112
mem:  1908736
mem:  1946624
mem:  1931264
mem:  1952256
mem:  1951232
mem:  1939456
mem:  1947136
mem:  1926656
mem:  1959936
mem:  1961472
mem:  1937408
mem:  1964544
mem:  1943040
mem:  1942016
mem:  1965568
mem:  1922048
mem:  1966080
mem:  1967616
mem:  1955840
mem:  1970688
mem:  1965056
mem:  1954304
mem:  1952256
mem:  1969664
mem:  1962496
mem:  1954304
mem:  1987584
mem:  1969664
mem:  1965056
mem:  1956864
mem:  1981440
mem:  1979392
mem:  1971200
mem:  1998336
mem:  1980416
mem:  1981952
mem:  1979904
mem:  1961984
mem:  1992704
mem:  1988096
mem:  1989632
mem:  1981440
mem:  2008576
mem:  2003968
mem:  1993216
mem:  2003456
mem:  1995264
mem:  2003968
mem:  1982464
mem:  2022912
mem:  2011136
mem:  2019840
mem:  1995776
mem:  2019328
mem:  2007552
mem:  2000384
mem:  2021376
mem:  2021888
mem:  1988096
mem:  2012672
mem:  2010624
mem:  2041344
mem:  2029568
mem:  2038272
mem:  1993728
mem:  2031616
mem:  2042880
mem:  2018816
mem:  2010624
mem:  2040320
mem:  2035712
mem:  2053120
mem:  2058240
mem:  2050048
mem:  2045440
mem:  2050560
mem:  2048512
mem:  2040320
mem:  2051584
mem:  2053120
mem:  2044928
mem:  2052608
mem:  2073600
