SLURM_JOBID=5050140
SLURM_JOB_NODELIST=svl9
SLURM_NNODES=1
SLURMTMPDIR=
working directory = /viscam/projects/objectfolder_benchmark/benchmarks/Multi_Sensory_3D_Reconstruction/code/models/MDN
Start_idx:  749
mem:  1536
mem:  1907712
mem:  1914880
mem:  1874944
mem:  1898496
mem:  1880576
mem:  1927168
mem:  1880064
mem:  1927680
mem:  1929216
mem:  1907712
mem:  1912832
mem:  1926656
mem:  1899008
mem:  1930752
mem:  1922560
mem:  1924096
mem:  1931776
mem:  1933312
mem:  1934848
mem:  1923072
mem:  1937920
mem:  1949184
mem:  1947136
mem:  1932800
mem:  1930752
mem:  1918976
mem:  1933824
mem:  1941504
mem:  1927168
mem:  1918976
mem:  1943552
mem:  1941504
mem:  1952768
mem:  1967616
mem:  1961984
mem:  1963520
mem:  1955328
mem:  1966592
mem:  1949696
mem:  1976832
mem:  1968640
mem:  1976320
mem:  1975296
mem:  1975808
mem:  1990656
mem:  1976320
mem:  1935360
mem:  1956352
mem:  1935872
mem:  1969152
mem:  1984000
mem:  1972224
mem:  1980928
mem:  1985024
mem:  1984000
mem:  1984512
mem:  1976320
mem:  1994752
mem:  1996288
mem:  1990656
mem:  1954304
mem:  1981440
mem:  2002432
mem:  1980928
mem:  2021376
mem:  1987584
mem:  1998848
mem:  2003968
mem:  1998336
mem:  1984000
mem:  1997824
mem:  2010112
mem:  2008064
mem:  2015744
mem:  2024448
mem:  2028544
mem:  2000896
mem:  1986560
mem:  2027008
mem:  1989632
mem:  2013184
mem:  2025472
mem:  2039296
mem:  2031104
mem:  2026496
mem:  2031616
mem:  2049024
mem:  2044416
mem:  2019328
mem:  2024448
mem:  2012672
mem:  2031104
mem:  2015744
mem:  2043904
mem:  2041856
mem:  2049536
mem:  2012160
mem:  2029568
mem:  2057728
