SLURM_JOBID=5049866
SLURM_JOB_NODELIST=svl10
SLURM_NNODES=1
SLURMTMPDIR=
working directory = /viscam/projects/objectfolder_benchmark/benchmarks/Multi_Sensory_3D_Reconstruction/code/models/MDN
Start_idx:  451
mem:  1536
mem:  1907712
mem:  1918464
mem:  1910272
mem:  1914368
mem:  1915904
mem:  1924608
mem:  1928704
mem:  1927680
mem:  1919488
mem:  1936896
mem:  1928704
mem:  1937408
mem:  1937920
mem:  1940480
mem:  1942016
mem:  1939968
mem:  1941504
mem:  1946624
mem:  1937408
mem:  1948672
mem:  1937920
mem:  1952768
mem:  1954304
mem:  1948672
mem:  1950208
mem:  1961472
mem:  1956864
mem:  1961984
mem:  1956352
mem:  1967616
mem:  1959424
mem:  1960960
mem:  1968640
mem:  1973760
mem:  1971712
mem:  1967104
mem:  1972224
mem:  1973760
mem:  1968128
mem:  1969664
mem:  1984512
mem:  1973760
mem:  1977856
mem:  1985536
mem:  1971200
mem:  1978880
mem:  1993728
mem:  1985536
mem:  1994240
mem:  1992192
mem:  1986560
mem:  1997824
mem:  1996800
mem:  2000896
mem:  1999872
mem:  2004992
mem:  2005504
mem:  2004480
mem:  2002432
mem:  2007552
mem:  2001920
mem:  1991168
mem:  2015744
mem:  2013696
mem:  2015232
mem:  2009600
mem:  2012160
mem:  2013696
mem:  2024960
mem:  2026496
mem:  2028032
mem:  2025984
mem:  2030080
mem:  2032640
mem:  2030592
mem:  2035712
mem:  2010624
mem:  2029056
mem:  2033152
mem:  2038272
mem:  2042368
mem:  2041344
mem:  2042880
mem:  2038272
mem:  2026496
mem:  2053632
mem:  2045440
mem:  2043392
mem:  2058240
mem:  2056192
mem:  2032128
mem:  2056704
mem:  2058240
mem:  2052608
mem:  2064896
mem:  2065408
mem:  2054656
mem:  2072064
mem:  2073600
