SLURM_JOBID=5050004
SLURM_JOB_NODELIST=svl5
SLURM_NNODES=1
SLURMTMPDIR=
working directory = /viscam/projects/objectfolder_benchmark/benchmarks/Multi_Sensory_3D_Reconstruction/code/models/MDN
Start_idx:  584
mem:  1536
mem:  1871360
mem:  1875968
mem:  1871360
mem:  1879040
mem:  1870848
mem:  1928192
mem:  1887232
mem:  1894912
mem:  1886720
mem:  1933312
mem:  1934848
mem:  1937408
mem:  1896448
mem:  1923584
mem:  1903104
mem:  1936384
mem:  1941504
mem:  1949184
mem:  1917952
mem:  1874432
mem:  1908736
mem:  1942016
mem:  1927680
mem:  1919488
mem:  1905152
mem:  1926144
mem:  1963008
mem:  1948672
mem:  1966080
mem:  1928704
mem:  1914368
mem:  1922048
mem:  1910272
mem:  1954304
mem:  1930240
mem:  1908736
mem:  1929728
mem:  1927680
mem:  1942528
mem:  1924608
mem:  1951744
mem:  1902080
mem:  1929216
mem:  1944064
mem:  1990656
mem:  1943552
mem:  1968128
mem:  1959936
mem:  1980928
mem:  1994752
mem:  1993728
mem:  1950208
mem:  2002944
mem:  1994752
mem:  1931776
mem:  1966080
mem:  1950720
mem:  1975296
mem:  1937920
mem:  1945600
mem:  2001920
mem:  1975296
mem:  1995264
mem:  2010112
mem:  1979904
mem:  2016768
mem:  1991680
mem:  1984512
mem:  1972736
mem:  2007040
mem:  2007552
mem:  1977344
mem:  2001920
mem:  1992704
mem:  1985536
mem:  1995776
mem:  1994752
mem:  1990144
mem:  1980928
mem:  1983488
mem:  2020352
mem:  2008576
mem:  1980928
mem:  2021376
mem:  1987584
mem:  2002432
mem:  2000384
mem:  1998336
mem:  2025472
mem:  2004992
mem:  2058752
mem:  2020352
mem:  2031616
mem:  2042880
mem:  2038272
mem:  2020352
mem:  2035200
mem:  2029568
mem:  2057728
