SLURM_JOBID=5050172
SLURM_JOB_NODELIST=svl2
SLURM_NNODES=1
SLURMTMPDIR=
working directory = /viscam/projects/objectfolder_benchmark/benchmarks/Multi_Sensory_3D_Reconstruction/code/models/MDN
Start_idx:  766
mem:  1536
mem:  1920000
mem:  1921024
mem:  1923584
mem:  1924096
mem:  1929216
mem:  1930752
mem:  1932288
mem:  1924096
mem:  1935360
mem:  1927168
mem:  1938432
mem:  1917952
mem:  1919488
mem:  1936896
mem:  1944576
mem:  1942528
mem:  1934336
mem:  1929728
mem:  1950720
mem:  1952256
mem:  1953792
mem:  1945600
mem:  1947136
mem:  1945088
mem:  1950208
mem:  1955328
mem:  1924096
mem:  1961984
mem:  1956352
mem:  1957888
mem:  1963008
mem:  1957376
mem:  1966080
mem:  1973760
mem:  1972736
mem:  1976832
mem:  1975808
mem:  1950720
mem:  1977856
mem:  1973248
mem:  1978368
mem:  1979904
mem:  1987584
mem:  1957376
mem:  1961472
mem:  1959424
mem:  1984000
mem:  1992704
mem:  1977344
mem:  1976320
mem:  1967104
mem:  1995264
mem:  1983488
mem:  1981440
mem:  1984000
mem:  2007552
mem:  1989632
mem:  2000896
mem:  2009600
mem:  2010112
mem:  2011648
mem:  2010624
mem:  2014720
mem:  2017280
mem:  2008064
mem:  2019328
mem:  2012160
mem:  2022400
mem:  2021376
mem:  2009600
mem:  2028032
mem:  2010112
mem:  2031104
mem:  2009600
mem:  2033152
mem:  2032128
mem:  2036224
mem:  2035200
mem:  2036736
mem:  2038272
mem:  2042368
mem:  2043904
mem:  2029568
mem:  2046976
mem:  2052096
mem:  2043904
mem:  2052608
mem:  2053120
mem:  2042368
mem:  2057216
mem:  2045440
mem:  2062848
mem:  2052096
mem:  2059776
mem:  2055168
mem:  2068992
mem:  2051072
mem:  2072064
mem:  2041856
