SLURM_JOBID=5050382
SLURM_JOB_NODELIST=svl9
SLURM_NNODES=1
SLURMTMPDIR=
working directory = /viscam/projects/objectfolder_benchmark/benchmarks/Multi_Sensory_3D_Reconstruction/code/models/MDN
Start_idx:  973
mem:  1536
mem:  1907712
mem:  1895424
mem:  1884672
mem:  1882624
mem:  1919488
mem:  1899008
mem:  1873920
mem:  1872896
mem:  1892864
mem:  1921024
mem:  1928704
mem:  1898496
mem:  1922048
mem:  1927168
mem:  1902080
mem:  1936384
mem:  1937920
mem:  1894400
mem:  1898496
mem:  1929216
mem:  1885696
mem:  1939456
mem:  1908224
mem:  1915904
mem:  1946624
mem:  1912832
mem:  1937408
mem:  1925632
mem:  1946624
mem:  1938432
mem:  1917952
mem:  1937920
mem:  1956352
mem:  1938432
mem:  1936384
mem:  1908736
mem:  1943040
mem:  1960448
mem:  1948672
mem:  1963520
mem:  1942016
mem:  1960448
mem:  1935360
mem:  1927168
mem:  1957888
mem:  1937408
mem:  1948672
mem:  1946624
mem:  1961472
mem:  1998336
mem:  1964544
mem:  1966080
mem:  1954304
mem:  1969152
mem:  1974272
mem:  1981952
mem:  1973760
mem:  2000896
mem:  1986560
mem:  1994240
mem:  1976320
mem:  1994752
mem:  1995264
mem:  1996800
mem:  1976320
mem:  1952256
mem:  1969664
mem:  1996800
mem:  2001920
mem:  2003456
mem:  2007552
mem:  1990656
mem:  1982464
mem:  2006016
mem:  1981952
mem:  1993216
mem:  2030080
mem:  2006016
mem:  2030592
mem:  1995776
mem:  1991168
mem:  2021888
mem:  2017280
mem:  2044416
mem:  2042368
mem:  2034176
mem:  2055168
mem:  2021376
mem:  2003456
mem:  1998848
mem:  2010112
mem:  2027520
mem:  2025472
mem:  2043904
mem:  2045440
mem:  2062848
mem:  2041344
mem:  2062336
mem:  2048000
