SLURM_JOBID=5050165
SLURM_JOB_NODELIST=svl10
SLURM_NNODES=1
SLURMTMPDIR=
working directory = /viscam/projects/objectfolder_benchmark/benchmarks/Multi_Sensory_3D_Reconstruction/code/models/MDN
Start_idx:  765
mem:  1536
mem:  1921024
mem:  1921024
mem:  1923584
mem:  1927680
mem:  1926656
mem:  1927168
mem:  1929728
mem:  1933824
mem:  1935360
mem:  1936896
mem:  1938432
mem:  1933824
mem:  1938944
mem:  1943040
mem:  1942016
mem:  1939968
mem:  1947648
mem:  1949184
mem:  1940992
mem:  1952256
mem:  1951232
mem:  1955328
mem:  1956864
mem:  1958400
mem:  1959936
mem:  1961472
mem:  1963008
mem:  1964544
mem:  1966080
mem:  1967616
mem:  1969152
mem:  1970688
mem:  1972224
mem:  1973760
mem:  1971712
mem:  1976832
mem:  1965056
mem:  1973760
mem:  1981440
mem:  1982976
mem:  1984512
mem:  1983488
mem:  1987584
mem:  1989120
mem:  1988096
mem:  1992192
mem:  1993728
mem:  1992704
mem:  1994240
mem:  1998336
mem:  1999872
mem:  1995264
mem:  2002944
mem:  2004480
mem:  2003456
mem:  2007552
mem:  2009088
mem:  2008064
mem:  2012160
mem:  2013696
mem:  2012672
mem:  2014208
mem:  2018304
mem:  2017280
mem:  2021376
mem:  2022912
mem:  2021888
mem:  2025984
mem:  2027520
mem:  2029056
mem:  2030592
mem:  2032128
mem:  2033664
mem:  2025472
mem:  2036736
mem:  2032128
mem:  2039808
mem:  2041344
mem:  2042880
mem:  2044416
mem:  2045952
mem:  2047488
mem:  2046464
mem:  2050560
mem:  2048512
mem:  2047488
mem:  2055168
mem:  2056704
mem:  2054656
mem:  2057216
mem:  2061312
mem:  2060288
mem:  2064384
mem:  2062336
mem:  2064896
mem:  2068992
mem:  2070528
mem:  2072064
mem:  2073600
