SLURM_JOBID=5050227
SLURM_JOB_NODELIST=svl1
SLURM_NNODES=1
SLURMTMPDIR=
working directory = /viscam/projects/objectfolder_benchmark/benchmarks/Multi_Sensory_3D_Reconstruction/code/models/MDN
Start_idx:  844
mem:  1536
mem:  1797120
mem:  1821184
mem:  1806848
mem:  1853440
mem:  1858560
mem:  1837056
mem:  1828864
mem:  1888768
mem:  1861120
mem:  1875968
mem:  1876480
mem:  1852416
mem:  1876992
mem:  1882112
mem:  1824256
mem:  1865728
mem:  1879552
mem:  1884672
mem:  1908224
mem:  1871872
mem:  1922048
mem:  1865216
mem:  1894912
mem:  1874432
mem:  1872384
mem:  1877504
mem:  1894912
mem:  1915904
mem:  1904128
mem:  1925120
mem:  1901056
mem:  1883136
mem:  1859072
mem:  1938432
mem:  1904640
mem:  1964544
mem:  1894400
mem:  1928704
mem:  1923072
mem:  1905152
mem:  1920000
mem:  1908224
mem:  1909760
mem:  1901568
mem:  1928704
mem:  1920512
mem:  1913344
mem:  1882112
mem:  1896960
mem:  1914368
mem:  1922048
mem:  1907712
mem:  1928704
mem:  1972736
mem:  1947648
mem:  1939456
mem:  1950720
mem:  1942528
mem:  1918464
mem:  1955328
mem:  1983488
mem:  1948672
mem:  1947648
mem:  1971200
mem:  1986048
mem:  1938944
mem:  1940480
mem:  1971200
mem:  1936384
mem:  1970688
mem:  1952768
mem:  1957888
mem:  1953280
mem:  1973248
mem:  1985536
mem:  1944576
mem:  1961984
mem:  1992704
mem:  1974784
mem:  1947136
mem:  1997312
mem:  1985536
mem:  1984512
mem:  1950720
mem:  1977856
mem:  2004992
mem:  1987072
mem:  1956864
mem:  1968128
mem:  1940480
mem:  1961472
mem:  1949696
mem:  1951232
mem:  2017280
mem:  2067456
mem:  2016768
mem:  1973248
mem:  2033152
mem:  1982464
