SLURM_JOBID=5049935
SLURM_JOB_NODELIST=svl9
SLURM_NNODES=1
SLURMTMPDIR=
working directory = /viscam/projects/objectfolder_benchmark/benchmarks/Multi_Sensory_3D_Reconstruction/code/models/MDN
Start_idx:  493
mem:  1536
mem:  1911296
mem:  1918464
mem:  1923584
mem:  1905664
mem:  1915904
mem:  1918464
mem:  1922560
mem:  1917952
mem:  1923072
mem:  1917440
mem:  1932288
mem:  1933824
mem:  1915904
mem:  1933312
mem:  1934848
mem:  1946112
mem:  1945088
mem:  1900544
mem:  1944576
mem:  1932800
mem:  1930752
mem:  1929728
mem:  1931264
mem:  1945088
mem:  1953792
mem:  1957888
mem:  1924096
mem:  1964544
mem:  1943040
mem:  1945600
mem:  1959424
mem:  1947648
mem:  1958912
mem:  1944576
mem:  1965568
mem:  1947648
mem:  1978368
mem:  1970176
mem:  1981440
mem:  1980416
mem:  1958912
mem:  1963008
mem:  1985024
mem:  1986560
mem:  1988096
mem:  1978880
mem:  1958400
mem:  1972224
mem:  1961472
mem:  1982464
mem:  1996288
mem:  1981952
mem:  1989632
mem:  1992192
mem:  1974272
mem:  2007552
mem:  2002944
mem:  1965568
mem:  2002432
mem:  1984512
mem:  2001920
mem:  2000896
mem:  1992704
mem:  2017280
mem:  1999360
mem:  2007040
mem:  2018304
mem:  2010112
mem:  2027520
mem:  2029056
mem:  2011136
mem:  2012672
mem:  2023936
mem:  2019328
mem:  2030592
mem:  2025984
mem:  2017792
mem:  2037760
mem:  2023424
mem:  2044416
mem:  2014208
mem:  2041344
mem:  2049024
mem:  2027520
mem:  2052096
mem:  2021888
mem:  2035712
mem:  2043392
mem:  2052096
mem:  2043904
mem:  2061312
mem:  2046976
mem:  2058240
mem:  2056192
mem:  2055168
mem:  2056704
mem:  2054656
mem:  2062336
mem:  2071040
