SLURM_JOBID=5050079
SLURM_JOB_NODELIST=svl9
SLURM_NNODES=1
SLURMTMPDIR=
working directory = /viscam/projects/objectfolder_benchmark/benchmarks/Multi_Sensory_3D_Reconstruction/code/models/MDN
Start_idx:  672
mem:  1536
mem:  1874944
mem:  1892864
mem:  1887232
mem:  1915392
mem:  1900032
mem:  1907712
mem:  1900544
mem:  1917952
mem:  1931776
mem:  1904128
mem:  1899520
mem:  1885184
mem:  1876992
mem:  1943040
mem:  1915392
mem:  1910784
mem:  1899008
mem:  1910272
mem:  1931264
mem:  1903616
mem:  1914880
mem:  1920000
mem:  1904640
mem:  1942528
mem:  1934336
mem:  1932288
mem:  1933824
mem:  1958400
mem:  1944064
mem:  1928704
mem:  1924096
mem:  1918464
mem:  1946624
mem:  1971200
mem:  1961984
mem:  1973248
mem:  1933312
mem:  1940992
mem:  1939968
mem:  1976832
mem:  1945600
mem:  1964032
mem:  1974272
mem:  1969664
mem:  1945600
mem:  1963008
mem:  1993728
mem:  1985536
mem:  1990656
mem:  1978880
mem:  1997312
mem:  1966080
mem:  1977344
mem:  1959424
mem:  1990144
mem:  1991680
mem:  1999360
mem:  1977856
mem:  1960960
mem:  1978368
mem:  2005504
mem:  1975296
mem:  1982976
mem:  1977344
mem:  2005504
mem:  1980416
mem:  1991680
mem:  1996800
mem:  2023936
mem:  2019328
mem:  1995264
mem:  2006528
mem:  1994752
mem:  1996288
mem:  2017280
mem:  2035712
mem:  2020352
mem:  2025472
mem:  2003968
mem:  2028544
mem:  2045952
mem:  2008576
mem:  2019840
mem:  1992192
mem:  2003456
mem:  2024448
mem:  2029568
mem:  2024960
mem:  2035200
mem:  2053632
mem:  2022400
mem:  2062848
mem:  2025472
mem:  2056192
mem:  2012672
mem:  2049536
mem:  2060800
mem:  2056192
mem:  2044416
