SLURM_JOBID=5050412
SLURM_JOB_NODELIST=svl9
SLURM_NNODES=1
SLURMTMPDIR=
working directory = /viscam/projects/objectfolder_benchmark/benchmarks/Multi_Sensory_3D_Reconstruction/code/models/MDN
Start_idx:  999
mem:  1536
mem:  1923584
mem:  1892864
mem:  1910272
mem:  1908224
mem:  1923072
mem:  1899008
mem:  1889792
mem:  1898496
mem:  1935360
mem:  1933312
mem:  1909248
mem:  1916928
mem:  1909760
mem:  1917440
mem:  1931264
mem:  1946112
mem:  1931776
mem:  1933312
mem:  1918976
mem:  1907200
mem:  1911296
mem:  1949184
mem:  1953280
mem:  1925632
mem:  1946624
mem:  1961472
mem:  1960448
mem:  1922048
mem:  1946624
mem:  1967616
mem:  1930240
mem:  1954816
mem:  1923584
mem:  1971200
mem:  1975296
mem:  1973248
mem:  1958912
mem:  1979904
mem:  1952256
mem:  1963520
mem:  1981952
mem:  1960448
mem:  1961984
mem:  1985536
mem:  1967616
mem:  1988608
mem:  1977856
mem:  1989120
mem:  1974784
mem:  1978880
mem:  1993728
mem:  2001408
mem:  1980928
mem:  1971712
mem:  1980416
mem:  1991680
mem:  1999360
mem:  1991168
mem:  1982976
mem:  2013696
mem:  1983488
mem:  2000896
mem:  2002432
mem:  2000384
mem:  2001920
mem:  1980416
mem:  2004992
mem:  2006528
mem:  2023936
mem:  1999872
mem:  2007552
mem:  2032128
mem:  2027520
mem:  2029056
mem:  2007552
mem:  2038272
mem:  2033664
mem:  2025472
mem:  2027008
mem:  2015232
mem:  2022912
mem:  2044928
mem:  2019840
mem:  2034688
mem:  2052096
mem:  2020864
mem:  2023424
mem:  2021376
mem:  2058240
mem:  2036736
mem:  2025984
mem:  2056704
mem:  2032640
mem:  2065920
mem:  2041856
mem:  2053120
mem:  2031616
mem:  2059776
mem:  2050560
