SLURM_JOBID=5049603
SLURM_JOB_NODELIST=svl7
SLURM_NNODES=1
SLURMTMPDIR=
working directory = /viscam/projects/objectfolder_benchmark/benchmarks/Multi_Sensory_3D_Reconstruction/code/models/MDN
Start_idx:  163
mem:  1536
mem:  1849344
mem:  1891840
mem:  1890816
mem:  1904640
mem:  1890304
mem:  1895424
mem:  1932288
mem:  1888768
mem:  1890304
mem:  1901568
mem:  1903104
mem:  1894912
mem:  1929216
mem:  1927168
mem:  1934848
mem:  1907200
mem:  1934336
mem:  1888256
mem:  1931264
mem:  1926656
mem:  1875968
mem:  1949184
mem:  1937408
mem:  1952256
mem:  1918464
mem:  1910272
mem:  1940992
mem:  1909760
mem:  1936896
mem:  1895936
mem:  1936384
mem:  1890304
mem:  1939456
mem:  1938432
mem:  1975296
mem:  1914880
mem:  1936896
mem:  1892352
mem:  1932800
mem:  1921024
mem:  1896960
mem:  1972736
mem:  1925632
mem:  1963520
mem:  1958912
mem:  1939968
mem:  1954816
mem:  1953792
mem:  1951744
mem:  1978880
mem:  1984000
mem:  1949184
mem:  1950720
mem:  1998336
mem:  1964544
mem:  1962496
mem:  1944576
mem:  1977856
mem:  1982976
mem:  1990656
mem:  1993216
mem:  1984000
mem:  1924608
mem:  2006528
mem:  1947136
mem:  1964544
mem:  2021888
mem:  1974784
mem:  2004480
mem:  1986560
mem:  1997824
mem:  2000384
mem:  1992192
mem:  2003456
mem:  2020864
mem:  2012672
mem:  1959424
mem:  1967104
mem:  2011136
mem:  2038272
mem:  1993728
mem:  1998848
mem:  2016256
mem:  2027520
mem:  2019328
mem:  1995264
mem:  2049024
mem:  2043392
mem:  2016768
mem:  2037760
mem:  2055168
mem:  2040832
mem:  2015744
mem:  2033152
mem:  2034688
mem:  2049536
mem:  1989120
mem:  2042880
mem:  2005504
