SLURM_JOBID=5050198
SLURM_JOB_NODELIST=svl10
SLURM_NNODES=1
SLURMTMPDIR=
working directory = /viscam/projects/objectfolder_benchmark/benchmarks/Multi_Sensory_3D_Reconstruction/code/models/MDN
Start_idx:  781
mem:  1536
mem:  1855488
mem:  1883136
mem:  1906688
mem:  1869312
mem:  1923072
mem:  1895424
mem:  1883648
mem:  1910784
mem:  1929216
mem:  1884672
mem:  1896960
mem:  1930240
mem:  1918464
mem:  1913856
mem:  1860608
mem:  1897472
mem:  1941504
mem:  1881088
mem:  1944576
mem:  1907200
mem:  1914880
mem:  1923584
mem:  1911808
mem:  1906176
mem:  1901568
mem:  1958912
mem:  1924096
mem:  1960960
mem:  1940480
mem:  1957888
mem:  1881600
mem:  1964544
mem:  1946624
mem:  1883648
mem:  1910784
mem:  1957376
mem:  1962496
mem:  1944576
mem:  1920512
mem:  1924608
mem:  1949184
mem:  1921536
mem:  1985024
mem:  1963520
mem:  1932288
mem:  1970176
mem:  1960960
mem:  1950208
mem:  1951744
mem:  1965568
mem:  1970688
mem:  1913856
mem:  1960448
mem:  1955840
mem:  1902592
mem:  1910272
mem:  1964032
mem:  1946112
mem:  1969664
mem:  1988096
mem:  1950720
mem:  1961984
mem:  1998848
mem:  1974784
mem:  2017792
mem:  1960960
mem:  2021888
mem:  1973760
mem:  1976320
mem:  2006016
mem:  2014720
mem:  2010112
mem:  2004480
mem:  1984000
mem:  2036736
mem:  2016256
mem:  2030080
mem:  2038784
mem:  2023424
mem:  2021376
mem:  1993728
mem:  2025472
mem:  2049024
mem:  2024960
mem:  2007040
mem:  2011136
mem:  2023424
mem:  2023936
mem:  2019328
mem:  2037760
mem:  2025984
mem:  2023936
mem:  2054656
mem:  2023424
mem:  2018816
mem:  2026496
mem:  2041344
mem:  2058752
mem:  2028544
