SLURM_JOBID=5050258
SLURM_JOB_NODELIST=svl9
SLURM_NNODES=1
SLURMTMPDIR=
working directory = /viscam/projects/objectfolder_benchmark/benchmarks/Multi_Sensory_3D_Reconstruction/code/models/MDN
Start_idx:  870
mem:  1536
mem:  1878528
mem:  1902592
mem:  1926144
mem:  1898496
mem:  1887744
mem:  1852928
mem:  1873920
mem:  1898496
mem:  1935360
mem:  1923584
mem:  1896960
mem:  1910784
mem:  1929216
mem:  1859072
mem:  1895936
mem:  1865728
mem:  1931776
mem:  1917440
mem:  1898496
mem:  1932800
mem:  1914880
mem:  1906688
mem:  1853440
mem:  1915904
mem:  1914880
mem:  1881088
mem:  1927680
mem:  1890304
mem:  1904128
mem:  1903104
mem:  1927680
mem:  1941504
mem:  1952768
mem:  1944576
mem:  1926656
mem:  1954816
mem:  1900544
mem:  1931264
mem:  1955840
mem:  1980416
mem:  1945600
mem:  1943552
mem:  1935360
mem:  1901568
mem:  1957888
mem:  1917952
mem:  1984000
mem:  1936896
mem:  1955328
mem:  1939968
mem:  1964544
mem:  1991680
mem:  1967616
mem:  1975296
mem:  1976832
mem:  1936896
mem:  1947136
mem:  2008064
mem:  1990144
mem:  1997824
mem:  1973760
mem:  1955840
mem:  1963520
mem:  1955328
mem:  1950720
mem:  1974272
mem:  1998848
mem:  1990656
mem:  1965568
mem:  2009600
mem:  2001408
mem:  1999360
mem:  2000896
mem:  1974272
mem:  1985536
mem:  1999360
mem:  1985024
mem:  2025472
mem:  1984512
mem:  2031104
mem:  2007040
mem:  2024448
mem:  2003968
mem:  2031104
mem:  2048512
mem:  2050048
mem:  1987072
mem:  2004480
mem:  2022912
mem:  2053632
mem:  2035712
mem:  1994752
mem:  2051072
mem:  2030592
mem:  2015232
mem:  2027520
mem:  2012160
mem:  2033152
mem:  2015232
