SLURM_JOBID=5049974
SLURM_JOB_NODELIST=svl1
SLURM_NNODES=1
SLURMTMPDIR=
working directory = /viscam/projects/objectfolder_benchmark/benchmarks/Multi_Sensory_3D_Reconstruction/code/models/MDN
Start_idx:  559
mem:  1536
mem:  1872384
mem:  1905152
mem:  1881088
mem:  1898496
mem:  1884160
mem:  1924608
mem:  1877504
mem:  1888768
mem:  1900032
mem:  1930752
mem:  1918976
mem:  1862144
mem:  1899008
mem:  1897984
mem:  1911808
mem:  1903616
mem:  1912320
mem:  1894400
mem:  1917952
mem:  1926656
mem:  1902592
mem:  1906688
mem:  1892352
mem:  1906176
mem:  1924608
mem:  1928704
mem:  1956864
mem:  1925632
mem:  1921024
mem:  1922560
mem:  1936384
mem:  1951232
mem:  1952768
mem:  1922560
mem:  1942528
mem:  1957376
mem:  1945600
mem:  1931264
mem:  1952256
mem:  1937920
mem:  1943040
mem:  1950720
mem:  1932800
mem:  1937920
mem:  1951744
mem:  1976320
mem:  1958400
mem:  1969664
mem:  1948160
mem:  1969152
mem:  1931776
mem:  1929728
mem:  1996800
mem:  1975296
mem:  1990144
mem:  1981952
mem:  1947136
mem:  1968128
mem:  1953792
mem:  1955328
mem:  1940992
mem:  1971712
mem:  1992704
mem:  2000384
mem:  1999360
mem:  1980416
mem:  1975808
mem:  1990656
mem:  2005504
mem:  1980416
mem:  1966080
mem:  2000384
mem:  1998336
mem:  2006016
mem:  2003968
mem:  1999360
mem:  1975296
mem:  1989120
mem:  2003968
mem:  2024960
mem:  2030080
mem:  2012160
mem:  2029568
mem:  2018816
mem:  2026496
mem:  2034176
mem:  2049024
mem:  2040832
mem:  1999872
mem:  2027008
mem:  2035712
mem:  2020352
mem:  2042368
mem:  2052608
mem:  2006528
mem:  2020352
mem:  2066944
mem:  2049024
mem:  2044416
