SLURM_JOBID=5050280
SLURM_JOB_NODELIST=svl3
SLURM_NNODES=1
SLURMTMPDIR=
working directory = /viscam/projects/objectfolder_benchmark/benchmarks/Multi_Sensory_3D_Reconstruction/code/models/MDN
Start_idx:  887
mem:  1536
mem:  1878528
mem:  1883136
mem:  1926144
mem:  1892352
mem:  1878016
mem:  1921024
mem:  1903104
mem:  1908224
mem:  1883136
mem:  1934336
mem:  1909248
mem:  1907200
mem:  1935360
mem:  1894400
mem:  1889792
mem:  1913344
mem:  1908736
mem:  1888256
mem:  1911808
mem:  1920512
mem:  1889280
mem:  1896960
mem:  1917952
mem:  1913344
mem:  1928192
mem:  1945600
mem:  1930240
mem:  1925632
mem:  1885696
mem:  1909248
mem:  1936384
mem:  1929216
mem:  1939456
mem:  1971200
mem:  1932800
mem:  1945088
mem:  1949184
mem:  1954304
mem:  1961984
mem:  1944064
mem:  1922560
mem:  1940992
mem:  1926656
mem:  1950208
mem:  1951744
mem:  1956864
mem:  1951232
mem:  1927168
mem:  1977344
mem:  1930240
mem:  1984000
mem:  1969664
mem:  1964032
mem:  1955840
mem:  1974272
mem:  2003968
mem:  1993216
mem:  1987584
mem:  1989120
mem:  1980928
mem:  2002944
mem:  2000896
mem:  1976832
mem:  1994240
mem:  1947136
mem:  1993728
mem:  2008576
mem:  1984512
mem:  1992192
mem:  1999872
mem:  1995264
mem:  1983488
mem:  1982464
mem:  2009600
mem:  1997824
mem:  1983488
mem:  2016768
mem:  1967104
mem:  2027008
mem:  2001920
mem:  2039808
mem:  1959936
mem:  2033152
mem:  2037248
mem:  2029056
mem:  1998848
mem:  2025984
mem:  1994752
mem:  2019328
mem:  2020864
mem:  2006528
mem:  2014208
mem:  2060800
mem:  2030592
mem:  2034688
mem:  2033664
mem:  2029056
mem:  1971200
mem:  2044416
