SLURM_JOBID=5049808
SLURM_JOB_NODELIST=svl1
SLURM_NNODES=1
SLURMTMPDIR=
working directory = /viscam/projects/objectfolder_benchmark/benchmarks/Multi_Sensory_3D_Reconstruction/code/models/MDN
Start_idx:  365
mem:  1536
mem:  1911296
mem:  1918464
mem:  1910272
mem:  1927680
mem:  1929216
mem:  1928192
mem:  1916416
mem:  1930240
mem:  1919488
mem:  1936896
mem:  1918976
mem:  1924096
mem:  1941504
mem:  1943040
mem:  1931264
mem:  1946112
mem:  1945088
mem:  1949184
mem:  1948160
mem:  1952256
mem:  1928192
mem:  1952768
mem:  1944576
mem:  1936384
mem:  1959936
mem:  1951744
mem:  1947136
mem:  1952256
mem:  1966080
mem:  1951744
mem:  1953280
mem:  1970688
mem:  1962496
mem:  1957888
mem:  1971712
mem:  1967104
mem:  1955328
mem:  1979904
mem:  1968128
mem:  1982976
mem:  1981952
mem:  1960448
mem:  1974272
mem:  1989120
mem:  1990656
mem:  1989632
mem:  1984000
mem:  1995264
mem:  1996800
mem:  1998336
mem:  1990144
mem:  1995264
mem:  1989632
mem:  1985024
mem:  2006016
mem:  1997824
mem:  2002944
mem:  2010624
mem:  2012160
mem:  2013696
mem:  2015232
mem:  2000896
mem:  2008576
mem:  2010112
mem:  2001920
mem:  2010624
mem:  2014720
mem:  2016256
mem:  2027520
mem:  2029056
mem:  2018304
mem:  2032128
mem:  2023936
mem:  2029056
mem:  2023424
mem:  2035712
mem:  2030080
mem:  2041344
mem:  2033152
mem:  2038272
mem:  2032640
mem:  2047488
mem:  2045440
mem:  2044416
mem:  2045952
mem:  2040320
mem:  2035712
mem:  2054144
mem:  2052096
mem:  2053632
mem:  2048000
mem:  2049536
mem:  2064384
mem:  2065920
mem:  2061312
mem:  2056704
mem:  2057216
mem:  2056192
mem:  2073600
