SLURM_JOBID=5050395
SLURM_JOB_NODELIST=svl9
SLURM_NNODES=1
SLURMTMPDIR=
working directory = /viscam/projects/objectfolder_benchmark/benchmarks/Multi_Sensory_3D_Reconstruction/code/models/MDN
Start_idx:  984
mem:  1536
mem:  1888256
mem:  1921024
mem:  1906688
mem:  1921536
mem:  1907200
mem:  1895424
mem:  1912832
mem:  1911808
mem:  1909760
mem:  1927168
mem:  1895936
mem:  1926656
mem:  1918464
mem:  1943040
mem:  1922560
mem:  1914368
mem:  1931776
mem:  1929728
mem:  1938432
mem:  1936384
mem:  1937920
mem:  1926144
mem:  1937408
mem:  1945088
mem:  1959936
mem:  1935872
mem:  1956864
mem:  1938944
mem:  1924608
mem:  1964032
mem:  1939968
mem:  1951232
mem:  1949184
mem:  1940992
mem:  1953280
mem:  1960960
mem:  1949184
mem:  1970176
mem:  1977856
mem:  1979392
mem:  1958912
mem:  1986048
mem:  1984000
mem:  1963520
mem:  1984512
mem:  1986048
mem:  1993728
mem:  1966080
mem:  1971200
mem:  1998336
mem:  1980416
mem:  1991680
mem:  1977344
mem:  1998336
mem:  1992704
mem:  1981952
mem:  1976320
mem:  2000896
mem:  1976832
mem:  2001408
mem:  1950720
mem:  2014208
mem:  2002432
mem:  2010112
mem:  1999360
mem:  1990144
mem:  2014720
mem:  2019840
mem:  2008064
mem:  1999872
mem:  2014720
mem:  2010112
mem:  2023936
mem:  2009600
mem:  2011136
mem:  2024960
mem:  2010624
mem:  2035200
mem:  2027008
mem:  2038272
mem:  2026496
mem:  2028032
mem:  2019840
mem:  2037248
mem:  2020352
mem:  2034176
mem:  2052608
mem:  2054144
mem:  2048512
mem:  2050048
mem:  2032128
mem:  2050560
mem:  2054656
mem:  2040320
mem:  2054144
mem:  2037248
mem:  2047488
mem:  2068480
mem:  2031104
