SLURM_JOBID=5049608
SLURM_JOB_NODELIST=svl1
SLURM_NNODES=1
SLURMTMPDIR=
working directory = /viscam/projects/objectfolder_benchmark/benchmarks/Multi_Sensory_3D_Reconstruction/code/models/MDN
Start_idx:  164
mem:  1536
mem:  1851904
mem:  1883136
mem:  1867776
mem:  1869312
mem:  1868288
mem:  1918464
mem:  1918976
mem:  1869312
mem:  1876992
mem:  1911296
mem:  1899520
mem:  1852416
mem:  1902592
mem:  1943040
mem:  1889792
mem:  1887744
mem:  1918464
mem:  1884672
mem:  1847296
mem:  1870848
mem:  1928192
mem:  1877504
mem:  1892352
mem:  1893888
mem:  1911296
mem:  1955328
mem:  1898496
mem:  1915904
mem:  1885696
mem:  1964032
mem:  1924096
mem:  1919488
mem:  1904128
mem:  1886208
mem:  1914368
mem:  1937920
mem:  1897984
mem:  1931264
mem:  1932800
mem:  1924608
mem:  1910272
mem:  1964032
mem:  1916928
mem:  1959936
mem:  1922560
mem:  1911808
mem:  1903616
mem:  1956352
mem:  1945600
mem:  1939968
mem:  1948672
mem:  1978368
mem:  1928704
mem:  1978880
mem:  2002432
mem:  1965056
mem:  1989632
mem:  1942528
mem:  1982976
mem:  1988096
mem:  1970176
mem:  1938944
mem:  1928192
mem:  1996800
mem:  1970176
mem:  1952256
mem:  1972224
mem:  1955328
mem:  1963008
mem:  1960960
mem:  1952768
mem:  1990656
mem:  1978880
mem:  2019328
mem:  1985536
mem:  2012672
mem:  1965568
mem:  1992704
mem:  1965056
mem:  1970176
mem:  2030080
mem:  1982976
mem:  1971200
mem:  1992192
mem:  2036224
mem:  2041344
mem:  2032128
mem:  2001920
mem:  2009600
mem:  1988096
mem:  1977344
mem:  2017792
mem:  1980416
mem:  2014720
mem:  1989632
mem:  2010624
mem:  2018304
mem:  2011136
mem:  2057728
