SLURM_JOBID=5049451
SLURM_JOB_NODELIST=svl3
SLURM_NNODES=1
SLURMTMPDIR=
working directory = /viscam/projects/objectfolder_benchmark/benchmarks/Multi_Sensory_3D_Reconstruction/code/models/MDN
Start_idx:  45
mem:  1536
mem:  1900544
mem:  1901568
mem:  1926144
mem:  1911808
mem:  1923072
mem:  1897984
mem:  1903104
mem:  1924096
mem:  1922048
mem:  1927168
mem:  1906688
mem:  1939968
mem:  1935360
mem:  1927168
mem:  1905664
mem:  1936384
mem:  1928192
mem:  1927168
mem:  1921536
mem:  1923072
mem:  1953792
mem:  1939456
mem:  1924096
mem:  1946112
mem:  1921024
mem:  1938432
mem:  1953280
mem:  1961984
mem:  1946624
mem:  1934848
mem:  1956864
mem:  1957376
mem:  1946624
mem:  1973760
mem:  1961984
mem:  1970688
mem:  1972224
mem:  1979904
mem:  1955840
mem:  1953792
mem:  1980928
mem:  1979904
mem:  1981440
mem:  1985536
mem:  1957888
mem:  1988608
mem:  1981440
mem:  1995264
mem:  1980928
mem:  1976320
mem:  1990144
mem:  1956352
mem:  1970176
mem:  1994752
mem:  1992704
mem:  2004992
mem:  2009088
mem:  2008064
mem:  2006016
mem:  2013696
mem:  2005504
mem:  1994752
mem:  2008576
mem:  2006528
mem:  1999360
mem:  2020352
mem:  2012160
mem:  2010112
mem:  2011648
mem:  1990144
mem:  2001408
mem:  2016256
mem:  2030080
mem:  2022912
mem:  2007552
mem:  2015232
mem:  2014208
mem:  2015744
mem:  2010112
mem:  2038272
mem:  2020352
mem:  2047488
mem:  2035712
mem:  2040832
mem:  2045952
mem:  2050048
mem:  2045440
mem:  2043392
mem:  2055680
mem:  2046464
mem:  2048000
mem:  2008064
mem:  2035200
mem:  2050048
mem:  2057728
mem:  2059264
mem:  2047488
mem:  2040320
mem:  2038272
mem:  2055680
mem:  2054656
mem:  2049024
mem:  2060288
mem:  2052096
mem:  2073088
mem:  2049024
mem:  2062848
mem:  2065408
mem:  2069504
mem:  2071040
mem:  2068992
mem:  2071552
mem:  2069504
mem:  2067456
mem:  2065408
mem:  2070528
mem:  2072064
mem:  2073600
mem:  2068992
mem:  2083840
mem:  2085376
mem:  2083328
mem:  2081280
mem:  2092544
mem:  2068480
mem:  2085888
mem:  2097152
mem:  2092544
mem:  2100224
mem:  2092032
mem:  2106880
mem:  2098688
mem:  2086912
mem:  2104320
mem:  2109440
mem:  2108416
mem:  2112512
mem:  2101760
mem:  2096128
mem:  2101248
mem:  2118656
mem:  2110464
mem:  2125312
mem:  2107392
mem:  2121216
mem:  2120192
mem:  2118144
mem:  2129408
mem:  2128384
mem:  2119168
mem:  2127872
mem:  2123264
mem:  2137088
mem:  2135040
mem:  2127872
mem:  2138112
mem:  2133504
mem:  2138624
mem:  2146304
mem:  2135552
mem:  2143232
mem:  2144768
mem:  2148864
mem:  2147840
mem:  2136064
mem:  2147328
mem:  2162176
mem:  2153984
mem:  2145792
mem:  2157056
mem:  2155008
mem:  2160128
mem:  2164224
mem:  2166784
mem:  2155008
mem:  2166272
mem:  2164224
mem:  2153472
mem:  2170880
mem:  2174976
mem:  2180096
mem:  2181632
mem:  2177024
mem:  2174976
mem:  2176512
mem:  2171904
mem:  2185728
mem:  2188288
mem:  2189824
mem:  2197504
mem:  2179584
mem:  2174976
mem:  2192384
mem:  2200064
mem:  2205184
mem:  2200576
mem:  2194944
mem:  2183168
mem:  2204160
