SLURM_JOBID=5049510
SLURM_JOB_NODELIST=svl1
SLURM_NNODES=1
SLURMTMPDIR=
working directory = /viscam/projects/objectfolder_benchmark/benchmarks/Multi_Sensory_3D_Reconstruction/code/models/MDN
Start_idx:  56
mem:  1536
mem:  1871360
mem:  1885696
mem:  1848320
mem:  1892352
mem:  1867264
mem:  1918464
mem:  1864192
mem:  1885184
mem:  1925632
mem:  1907712
mem:  1926144
mem:  1910784
mem:  1902592
mem:  1900544
mem:  1909248
mem:  1907200
mem:  1886720
mem:  1894400
mem:  1905664
mem:  1916928
mem:  1908736
mem:  1910272
mem:  1934848
mem:  1896448
mem:  1869824
mem:  1893376
mem:  1891328
mem:  1890304
mem:  1914880
mem:  1925120
mem:  1910784
mem:  1912320
mem:  1966080
mem:  1940992
mem:  1939968
mem:  1928192
mem:  1943040
mem:  1915392
mem:  1903616
mem:  1912320
mem:  1913856
mem:  1960448
mem:  1958400
mem:  1950208
mem:  1928704
mem:  1953280
mem:  1935360
mem:  1940480
mem:  1948160
mem:  1939968
mem:  1960960
mem:  1949184
mem:  1970176
mem:  1946112
mem:  1980416
mem:  1978368
mem:  1947136
mem:  1975296
mem:  1973248
mem:  1978368
mem:  1956864
mem:  1932800
mem:  1956352
mem:  1951744
mem:  1956864
mem:  1981440
mem:  1975808
mem:  1996800
mem:  1976320
mem:  1980416
mem:  2008576
mem:  2002944
mem:  2004480
mem:  2009600
mem:  1988096
mem:  2002944
mem:  2000896
mem:  1940480
mem:  2013696
mem:  1983488
mem:  2007040
mem:  2014720
mem:  2023424
mem:  2027520
mem:  1974272
mem:  2004992
mem:  1984512
mem:  2021376
mem:  2038784
mem:  2030592
mem:  2022400
mem:  2020352
mem:  2060800
mem:  2004992
mem:  2024960
mem:  2043392
mem:  2035200
mem:  2029568
mem:  1972736
