SLURM_JOBID=5049835
SLURM_JOB_NODELIST=svl9
SLURM_NNODES=1
SLURMTMPDIR=
working directory = /viscam/projects/objectfolder_benchmark/benchmarks/Multi_Sensory_3D_Reconstruction/code/models/MDN
Start_idx:  386
mem:  1536
mem:  1894400
mem:  1924608
mem:  1926144
mem:  1895936
mem:  1907200
mem:  1901568
mem:  1926144
mem:  1908224
mem:  1919488
mem:  1923584
mem:  1935872
mem:  1901056
mem:  1919488
mem:  1910272
mem:  1944576
mem:  1946112
mem:  1935360
mem:  1904128
mem:  1934848
mem:  1942528
mem:  1931776
mem:  1945600
mem:  1921536
mem:  1952256
mem:  1944064
mem:  1939456
mem:  1963008
mem:  1919488
mem:  1966080
mem:  1961472
mem:  1936384
mem:  1964544
mem:  1950208
mem:  1938432
mem:  1926656
mem:  1963520
mem:  1929728
mem:  1977344
mem:  1955840
mem:  1969664
mem:  1972224
mem:  1966592
mem:  1977856
mem:  1963520
mem:  1978368
mem:  1989632
mem:  1958400
mem:  1975808
mem:  1971200
mem:  1972736
mem:  1993728
mem:  1981952
mem:  1990656
mem:  2004480
mem:  1990144
mem:  1978368
mem:  2009088
mem:  1965568
mem:  2006016
mem:  2001408
mem:  1999360
mem:  1977856
mem:  2014720
mem:  1971200
mem:  2021376
mem:  1974272
mem:  1998848
mem:  2006528
mem:  2014208
mem:  2015744
mem:  2030592
mem:  2012672
mem:  2023936
mem:  1999872
mem:  2030592
mem:  2034688
mem:  2010624
mem:  2008576
mem:  2003968
mem:  2028544
mem:  2045952
mem:  2047488
mem:  2023424
mem:  2015232
mem:  2022912
mem:  2020864
mem:  2023424
mem:  2037248
mem:  2058240
mem:  2014720
mem:  2022400
mem:  2046976
mem:  2061824
mem:  2017280
mem:  2045440
mem:  2068992
mem:  2070528
mem:  2050048
mem:  2073600
