SLURM_JOBID=5049892
SLURM_JOB_NODELIST=svl5
SLURM_NNODES=1
SLURMTMPDIR=
working directory = /viscam/projects/objectfolder_benchmark/benchmarks/Multi_Sensory_3D_Reconstruction/code/models/MDN
Start_idx:  464
mem:  1536
mem:  1917440
mem:  1914880
mem:  1912832
mem:  1927680
mem:  1906176
mem:  1905152
mem:  1926144
mem:  1921536
mem:  1909760
mem:  1923584
mem:  1903104
mem:  1926656
mem:  1915904
mem:  1939456
mem:  1944576
mem:  1936384
mem:  1934336
mem:  1927168
mem:  1925120
mem:  1952256
mem:  1924608
mem:  1923584
mem:  1943552
mem:  1916928
mem:  1956352
mem:  1958912
mem:  1924096
mem:  1915904
mem:  1966080
mem:  1948160
mem:  1965568
mem:  1960960
mem:  1956352
mem:  1938432
mem:  1959424
mem:  1931776
mem:  1945600
mem:  1948160
mem:  1942528
mem:  1973248
mem:  1978368
mem:  1983488
mem:  1975296
mem:  1969664
mem:  1955328
mem:  1937408
mem:  1987584
mem:  1979392
mem:  1980928
mem:  1986048
mem:  1999872
mem:  1991680
mem:  1987072
mem:  1988608
mem:  1976832
mem:  2001408
mem:  2009088
mem:  1971712
mem:  1980416
mem:  2007552
mem:  1966592
mem:  2000896
mem:  1998848
mem:  2000384
mem:  2015232
mem:  1964544
mem:  1981952
mem:  2013696
mem:  2027520
mem:  2029056
mem:  1997824
mem:  2018816
mem:  2014208
mem:  2012160
mem:  2030592
mem:  2015232
mem:  2039808
mem:  2041344
mem:  2030592
mem:  2028544
mem:  2016768
mem:  2037760
mem:  2049024
mem:  2015232
mem:  2048512
mem:  2053632
mem:  2049024
mem:  2053120
mem:  2048512
mem:  2028032
mem:  2045440
mem:  2049536
mem:  2064384
mem:  2062336
mem:  2044416
mem:  2053120
mem:  2051072
mem:  2069504
mem:  2067456
