SLURM_JOBID=5049594
SLURM_JOB_NODELIST=svl1
SLURM_NNODES=1
SLURMTMPDIR=
working directory = /viscam/projects/objectfolder_benchmark/benchmarks/Multi_Sensory_3D_Reconstruction/code/models/MDN
Start_idx:  157
mem:  1536
mem:  1891840
mem:  1882112
mem:  1865216
mem:  1898496
mem:  1857536
mem:  1901568
mem:  1909248
mem:  1904640
mem:  1909760
mem:  1905152
mem:  1909248
mem:  1904640
mem:  1909760
mem:  1917440
mem:  1909248
mem:  1916928
mem:  1922048
mem:  1923584
mem:  1915392
mem:  1916928
mem:  1928192
mem:  1951744
mem:  1933824
mem:  1915904
mem:  1924608
mem:  1938432
mem:  1937408
mem:  1941504
mem:  1966080
mem:  1935872
mem:  1943552
mem:  1951232
mem:  1956352
mem:  1967616
mem:  1959424
mem:  1960960
mem:  1978368
mem:  1944576
mem:  1965568
mem:  1944064
mem:  1955328
mem:  1956864
mem:  1955840
mem:  1959936
mem:  1949184
mem:  1953280
mem:  1968128
mem:  1966080
mem:  1971200
mem:  1978880
mem:  1999872
mem:  1969664
mem:  1960448
mem:  1985024
mem:  1980416
mem:  1972224
mem:  1979904
mem:  1978880
mem:  1957376
mem:  2001408
mem:  1992192
mem:  2016768
mem:  2014720
mem:  2006528
mem:  1992192
mem:  1997312
mem:  2004992
mem:  1996800
mem:  1992192
mem:  2029056
mem:  2011136
mem:  2009088
mem:  2021376
mem:  2035200
mem:  1997824
mem:  2025984
mem:  2007040
mem:  2018304
mem:  2013696
mem:  2044416
mem:  2007040
mem:  2028032
mem:  2023424
mem:  1998336
mem:  2000896
mem:  2053632
mem:  2055168
mem:  2037248
mem:  2029056
mem:  2034176
mem:  2045440
mem:  2027520
mem:  2031616
mem:  2040320
mem:  2018816
mem:  2043392
mem:  2048512
mem:  2007552
mem:  2057728
