SLURM_JOBID=5050260
SLURM_JOB_NODELIST=svl2
SLURM_NNODES=1
SLURMTMPDIR=
working directory = /viscam/projects/objectfolder_benchmark/benchmarks/Multi_Sensory_3D_Reconstruction/code/models/MDN
Start_idx:  872
mem:  1536
mem:  1865216
mem:  1866240
mem:  1881088
mem:  1859584
mem:  1919488
mem:  1917440
mem:  1877504
mem:  1901056
mem:  1906176
mem:  1897984
mem:  1899520
mem:  1901056
mem:  1908736
mem:  1917440
mem:  1905664
mem:  1939968
mem:  1937920
mem:  1890816
mem:  1902080
mem:  1900032
mem:  1914880
mem:  1929728
mem:  1921536
mem:  1946112
mem:  1959936
mem:  1926144
mem:  1914368
mem:  1938944
mem:  1924608
mem:  1954304
mem:  1927680
mem:  1931776
mem:  1966080
mem:  1948160
mem:  1932800
mem:  1957376
mem:  1952768
mem:  1970176
mem:  1975296
mem:  1937920
mem:  1955328
mem:  1973760
mem:  1942528
mem:  1969664
mem:  1958912
mem:  1963008
mem:  1964544
mem:  1963520
mem:  1964032
mem:  1998336
mem:  1968128
mem:  1966080
mem:  1971200
mem:  1963008
mem:  1986560
mem:  1968640
mem:  1995776
mem:  1975296
mem:  1998848
mem:  1926144
mem:  1979904
mem:  1985024
mem:  1986560
mem:  1968640
mem:  2009088
mem:  2016768
mem:  2004992
mem:  1987072
mem:  2008064
mem:  1993728
mem:  2001408
mem:  1977344
mem:  1955840
mem:  1996288
mem:  2004992
mem:  2018816
mem:  2020352
mem:  2012160
mem:  2003968
mem:  2044416
mem:  2023936
mem:  1975808
mem:  2039296
mem:  1986048
mem:  2042368
mem:  2024448
mem:  2041856
mem:  2050560
mem:  2015744
mem:  2037760
mem:  2022400
mem:  2046976
mem:  2032640
mem:  2027008
mem:  2057728
mem:  2030080
mem:  2028032
mem:  2036736
mem:  2067456
