SLURM_JOBID=5049838
SLURM_JOB_NODELIST=svl9
SLURM_NNODES=1
SLURMTMPDIR=
working directory = /viscam/projects/objectfolder_benchmark/benchmarks/Multi_Sensory_3D_Reconstruction/code/models/MDN
Start_idx:  387
mem:  1536
mem:  1890816
mem:  1862656
mem:  1890816
mem:  1849856
mem:  1916928
mem:  1866240
mem:  1903104
mem:  1891328
mem:  1857536
mem:  1901568
mem:  1899520
mem:  1887744
mem:  1912320
mem:  1897984
mem:  1872896
mem:  1887744
mem:  1883136
mem:  1897984
mem:  1892352
mem:  1913344
mem:  1889280
mem:  1904128
mem:  1902080
mem:  1935360
mem:  1914880
mem:  1922560
mem:  1947136
mem:  1931776
mem:  1930752
mem:  1951744
mem:  1920512
mem:  1909760
mem:  1897984
mem:  1948160
mem:  1926656
mem:  1944064
mem:  1913856
mem:  1940992
mem:  1893888
mem:  1944064
mem:  1929728
mem:  1921536
mem:  1958400
mem:  1950208
mem:  1949184
mem:  1937408
mem:  1960960
mem:  1950208
mem:  1967616
mem:  1975296
mem:  1974272
mem:  1946624
mem:  1970176
mem:  1965568
mem:  1963520
mem:  1943040
mem:  1979904
mem:  1938944
mem:  1957376
mem:  1949184
mem:  1940992
mem:  1991168
mem:  1957376
mem:  1955328
mem:  1959424
mem:  1958400
mem:  1969664
mem:  1967616
mem:  1998336
mem:  1967104
mem:  2001408
mem:  1973760
mem:  2004480
mem:  2002432
mem:  1962496
mem:  2018816
mem:  1942528
mem:  1996288
mem:  1988096
mem:  2015232
mem:  2014208
mem:  2018304
mem:  2013696
mem:  2024960
mem:  2022912
mem:  2024448
mem:  2002944
mem:  2017792
mem:  2022912
mem:  1991680
mem:  2041856
mem:  1998336
mem:  1993728
mem:  2027008
mem:  2002944
mem:  2020352
mem:  2035200
mem:  2027008
mem:  2032128
