SLURM_JOBID=5050237
SLURM_JOB_NODELIST=svl1
SLURM_NNODES=1
SLURMTMPDIR=
working directory = /viscam/projects/objectfolder_benchmark/benchmarks/Multi_Sensory_3D_Reconstruction/code/models/MDN
Start_idx:  852
mem:  1536
mem:  1849344
mem:  1902592
mem:  1851904
mem:  1865728
mem:  1857536
mem:  1905152
mem:  1871360
mem:  1885184
mem:  1886720
mem:  1913856
mem:  1928704
mem:  1894912
mem:  1883136
mem:  1900544
mem:  1893376
mem:  1887744
mem:  1918464
mem:  1897984
mem:  1895936
mem:  1897472
mem:  1895424
mem:  1932288
mem:  1888768
mem:  1915904
mem:  1899008
mem:  1893376
mem:  1914368
mem:  1915904
mem:  1917440
mem:  1934848
mem:  1898496
mem:  1937920
mem:  1936896
mem:  1911808
mem:  1920512
mem:  1918464
mem:  1897984
mem:  1911808
mem:  1923072
mem:  1918464
mem:  1926144
mem:  1924096
mem:  1945088
mem:  1959936
mem:  1932288
mem:  1956864
mem:  1948672
mem:  1950208
mem:  1935872
mem:  1924096
mem:  1951232
mem:  1956352
mem:  1944576
mem:  1936384
mem:  1964544
mem:  1939456
mem:  1964032
mem:  1952256
mem:  1982976
mem:  1968640
mem:  1986048
mem:  1938944
mem:  1967104
mem:  1968640
mem:  1966592
mem:  1968128
mem:  1998848
mem:  1948160
mem:  1975296
mem:  1986560
mem:  1985536
mem:  1977344
mem:  1991168
mem:  1996288
mem:  1988096
mem:  2018816
mem:  2010624
mem:  1980416
mem:  2007552
mem:  1976320
mem:  1991168
mem:  2018304
mem:  1996800
mem:  2001920
mem:  2010624
mem:  1991680
mem:  2006528
mem:  2024960
mem:  2038784
mem:  2001408
mem:  2009088
mem:  2011648
mem:  2035200
mem:  2017280
mem:  1987072
mem:  2033664
mem:  2041344
mem:  2029568
mem:  2038272
