SLURM_JOBID=5049726
SLURM_JOB_NODELIST=svl1
SLURM_NNODES=1
SLURMTMPDIR=
working directory = /viscam/projects/objectfolder_benchmark/benchmarks/Multi_Sensory_3D_Reconstruction/code/models/MDN
Start_idx:  269
mem:  1536
mem:  1878528
mem:  1885696
mem:  1896960
mem:  1892352
mem:  1887744
mem:  1911296
mem:  1896960
mem:  1908224
mem:  1909760
mem:  1911296
mem:  1909248
mem:  1897472
mem:  1886720
mem:  1913856
mem:  1905664
mem:  1924096
mem:  1908736
mem:  1920000
mem:  1925120
mem:  1916928
mem:  1924608
mem:  1922560
mem:  1904640
mem:  1932800
mem:  1905152
mem:  1896960
mem:  1937408
mem:  1941504
mem:  1907712
mem:  1938432
mem:  1943552
mem:  1931776
mem:  1946624
mem:  1934848
mem:  1959424
mem:  1941504
mem:  1923584
mem:  1950720
mem:  1965568
mem:  1944064
mem:  1942016
mem:  1953280
mem:  1932800
mem:  1957376
mem:  1928704
mem:  1956864
mem:  1948672
mem:  1959936
mem:  1938432
mem:  1963008
mem:  1960960
mem:  1962496
mem:  1967616
mem:  1972736
mem:  1960960
mem:  1952768
mem:  1986048
mem:  1961984
mem:  1976832
mem:  1971200
mem:  1966592
mem:  1994752
mem:  1979392
mem:  1980928
mem:  1976320
mem:  1981440
mem:  1992704
mem:  2000384
mem:  1992192
mem:  1990144
mem:  1991680
mem:  1990656
mem:  2008064
mem:  2013184
mem:  1995264
mem:  1996800
mem:  1975296
mem:  2018304
mem:  2011136
mem:  1993216
mem:  2000896
mem:  2008576
mem:  2013696
mem:  2027520
mem:  2022912
mem:  2014720
mem:  2016256
mem:  2014208
mem:  2029056
mem:  2027008
mem:  2045440
mem:  2017792
mem:  2048512
mem:  2027008
mem:  2028544
mem:  2055680
mem:  2041344
mem:  2039296
mem:  2034688
