SLURM_JOBID=5050009
SLURM_JOB_NODELIST=svl7
SLURM_NNODES=1
SLURMTMPDIR=
working directory = /viscam/projects/objectfolder_benchmark/benchmarks/Multi_Sensory_3D_Reconstruction/code/models/MDN
Start_idx:  588
mem:  1536
mem:  1890816
mem:  1882112
mem:  1903104
mem:  1879040
mem:  1913344
mem:  1889280
mem:  1910272
mem:  1920512
mem:  1915904
mem:  1895424
mem:  1893376
mem:  1914368
mem:  1906176
mem:  1907712
mem:  1915392
mem:  1920512
mem:  1912320
mem:  1927168
mem:  1911808
mem:  1907200
mem:  1944064
mem:  1926144
mem:  1917952
mem:  1923072
mem:  1936896
mem:  1942016
mem:  1914368
mem:  1935360
mem:  1940480
mem:  1932288
mem:  1943552
mem:  1928192
mem:  1966080
mem:  1944576
mem:  1939968
mem:  1947648
mem:  1946624
mem:  1954304
mem:  1936384
mem:  1941504
mem:  1951744
mem:  1947136
mem:  1942528
mem:  1944064
mem:  1961472
mem:  1963008
mem:  1954816
mem:  1975808
mem:  1980928
mem:  1966592
mem:  1964544
mem:  1978368
mem:  1967616
mem:  1955840
mem:  1984000
mem:  1972224
mem:  1986048
mem:  1975296
mem:  1976832
mem:  1974784
mem:  1989632
mem:  2000896
mem:  1998848
mem:  1974784
mem:  1976320
mem:  1997312
mem:  1981952
mem:  2003968
mem:  1985024
mem:  1993728
mem:  2004992
mem:  1987072
mem:  2008064
mem:  2012160
mem:  2003968
mem:  2005504
mem:  2014208
mem:  2012160
mem:  1997824
mem:  2018816
mem:  2013184
mem:  1982976
mem:  2007552
mem:  1989632
mem:  2013184
mem:  2031616
mem:  2029568
mem:  2021376
mem:  2022912
mem:  2027008
mem:  2039296
mem:  2037248
mem:  2022912
mem:  2033152
mem:  2041856
mem:  2010624
mem:  2047488
mem:  2042880
mem:  2038272
