SLURM_JOBID=5049557
SLURM_JOB_NODELIST=svl18
SLURM_NNODES=1
SLURMTMPDIR=
working directory = /viscam/projects/objectfolder_benchmark/benchmarks/Multi_Sensory_3D_Reconstruction/code/models/MDN
Start_idx:  84
mem:  1536
mem:  1910272
mem:  1921024
mem:  1913856
mem:  1905664
mem:  1923072
mem:  1895424
mem:  1926144
mem:  1914368
mem:  1915904
mem:  1923584
mem:  1925120
mem:  1916928
mem:  1941504
mem:  1936896
mem:  1944576
mem:  1910784
mem:  1945088
mem:  1929728
mem:  1927680
mem:  1926656
mem:  1934336
mem:  1935872
mem:  1921536
mem:  1948672
mem:  1918464
mem:  1951744
mem:  1927680
mem:  1941504
mem:  1952768
mem:  1957888
mem:  1930240
mem:  1970688
mem:  1959936
mem:  1961472
mem:  1965568
mem:  1973248
mem:  1955328
mem:  1950720
mem:  1975296
mem:  1953792
mem:  1974784
mem:  1976320
mem:  1977856
mem:  1976832
mem:  1971200
mem:  1986048
mem:  1987584
mem:  1972224
mem:  1983488
mem:  1975296
mem:  1990144
mem:  2001408
mem:  1996800
mem:  1978880
mem:  1974272
mem:  2007552
mem:  1993216
mem:  2000896
mem:  1996288
mem:  1994240
mem:  2011648
mem:  1997312
mem:  2012160
mem:  2006528
mem:  2021376
mem:  1997312
mem:  2011136
mem:  2025984
mem:  2008064
mem:  1993728
mem:  2007552
mem:  2022400
mem:  2000896
mem:  2025472
mem:  2007552
mem:  2035712
mem:  2017792
mem:  2041344
mem:  2033152
mem:  2040832
mem:  2020352
mem:  2037760
mem:  2025984
mem:  2040832
mem:  2038784
mem:  2047488
mem:  2045440
mem:  2050560
mem:  2006016
mem:  2040320
mem:  2055168
mem:  2020352
mem:  2061824
mem:  2065920
mem:  2051584
mem:  2023936
mem:  2044928
mem:  2056192
mem:  2073600
