SLURM_JOBID=5049861
SLURM_JOB_NODELIST=svl9
SLURM_NNODES=1
SLURMTMPDIR=
working directory = /viscam/projects/objectfolder_benchmark/benchmarks/Multi_Sensory_3D_Reconstruction/code/models/MDN
Start_idx:  449
mem:  1536
mem:  1897984
mem:  1912320
mem:  1906688
mem:  1924096
mem:  1900032
mem:  1914880
mem:  1922560
mem:  1904640
mem:  1915904
mem:  1930752
mem:  1932288
mem:  1885184
mem:  1941504
mem:  1936896
mem:  1938432
mem:  1939968
mem:  1947648
mem:  1939456
mem:  1950720
mem:  1926656
mem:  1953792
mem:  1926144
mem:  1924096
mem:  1948672
mem:  1953792
mem:  1945600
mem:  1959424
mem:  1964544
mem:  1959936
mem:  1957888
mem:  1949696
mem:  1964544
mem:  1917440
mem:  1960448
mem:  1955840
mem:  1947648
mem:  1949184
mem:  1944576
mem:  1971712
mem:  1970688
mem:  1984512
mem:  1976320
mem:  1981440
mem:  1979392
mem:  1978368
mem:  1988608
mem:  1968128
mem:  1962496
mem:  1984512
mem:  1969152
mem:  1993728
mem:  1981952
mem:  1996800
mem:  1981440
mem:  1992704
mem:  2007552
mem:  1970176
mem:  1978880
mem:  2002432
mem:  1991680
mem:  2005504
mem:  2007040
mem:  1998848
mem:  1987072
mem:  1979904
mem:  2020352
mem:  1989120
mem:  2016256
mem:  1986048
mem:  2029056
mem:  2011136
mem:  2010112
mem:  2027520
mem:  2032640
mem:  1988096
mem:  2002944
mem:  2030080
mem:  2031616
mem:  2010112
mem:  2034688
mem:  2022912
mem:  1998848
mem:  2033152
mem:  2034688
mem:  2029056
mem:  2051072
mem:  2055168
mem:  2046976
mem:  2052096
mem:  2047488
mem:  2055168
mem:  2030080
mem:  2054656
mem:  2062336
mem:  2051584
mem:  2053120
mem:  2064384
mem:  2062336
mem:  2067456
