SLURM_JOBID=5050272
SLURM_JOB_NODELIST=svl12
SLURM_NNODES=1
SLURMTMPDIR=
working directory = /viscam/projects/objectfolder_benchmark/benchmarks/Multi_Sensory_3D_Reconstruction/code/models/MDN
Start_idx:  883
mem:  1536
mem:  1872384
mem:  1879552
mem:  1900544
mem:  1914368
mem:  1896448
mem:  1882112
mem:  1932288
mem:  1933824
mem:  1896448
mem:  1901568
mem:  1895936
mem:  1904640
mem:  1896448
mem:  1913856
mem:  1886208
mem:  1930240
mem:  1922048
mem:  1949184
mem:  1908224
mem:  1932800
mem:  1901568
mem:  1935872
mem:  1956864
mem:  1945088
mem:  1930752
mem:  1942016
mem:  1933824
mem:  1945088
mem:  1966080
mem:  1942016
mem:  1924096
mem:  1967104
mem:  1972224
mem:  1973760
mem:  1971712
mem:  1947648
mem:  1929728
mem:  1973760
mem:  1930240
mem:  1921024
mem:  1929728
mem:  1940992
mem:  1945088
mem:  1973248
mem:  1951744
mem:  1953280
mem:  1951232
mem:  1940480
mem:  1984512
mem:  1953280
mem:  1958400
mem:  1989120
mem:  1977344
mem:  1981440
mem:  1990144
mem:  1965056
mem:  1986048
mem:  1975296
mem:  1960960
mem:  1958912
mem:  1992192
mem:  1968128
mem:  1998848
mem:  1971200
mem:  1982464
mem:  2016768
mem:  1989120
mem:  1967616
mem:  2027520
mem:  1977856
mem:  2020864
mem:  2016256
mem:  1985024
mem:  2009600
mem:  1968640
mem:  1993216
mem:  2004480
mem:  2029056
mem:  2036736
mem:  2044416
mem:  2022912
mem:  2037760
mem:  2049024
mem:  2028544
mem:  2022912
mem:  2021888
mem:  2035712
mem:  2004480
mem:  2029056
mem:  2020864
mem:  2022400
mem:  2046976
mem:  2064384
mem:  2063360
mem:  2063872
mem:  2033664
mem:  2015744
mem:  2027008
mem:  2054144
