SLURM_JOBID=5049598
SLURM_JOB_NODELIST=svl5
SLURM_NNODES=1
SLURMTMPDIR=
working directory = /viscam/projects/objectfolder_benchmark/benchmarks/Multi_Sensory_3D_Reconstruction/code/models/MDN
Start_idx:  159
mem:  1536
mem:  1921024
mem:  1924608
mem:  1922560
mem:  1914368
mem:  1926656
mem:  1911296
mem:  1926144
mem:  1882624
mem:  1935360
mem:  1913856
mem:  1922560
mem:  1901056
mem:  1941504
mem:  1940480
mem:  1944576
mem:  1923072
mem:  1947648
mem:  1936896
mem:  1944576
mem:  1942528
mem:  1934336
mem:  1955328
mem:  1956864
mem:  1958400
mem:  1959936
mem:  1961472
mem:  1963008
mem:  1952256
mem:  1966080
mem:  1967616
mem:  1914368
mem:  1941504
mem:  1972224
mem:  1934848
mem:  1952256
mem:  1970688
mem:  1978368
mem:  1979904
mem:  1942528
mem:  1982976
mem:  1949184
mem:  1986048
mem:  1987584
mem:  1969664
mem:  1990656
mem:  1982464
mem:  1991168
mem:  1989120
mem:  1996800
mem:  1994752
mem:  1999872
mem:  1998848
mem:  1987072
mem:  1965568
mem:  1976832
mem:  1995264
mem:  1977344
mem:  2008064
mem:  1996288
mem:  2013696
mem:  2012672
mem:  1997312
mem:  2002432
mem:  1984512
mem:  2021376
mem:  2016768
mem:  2021888
mem:  2003968
mem:  2008064
mem:  2009600
mem:  2020864
mem:  2016256
mem:  2004480
mem:  2006016
mem:  1991680
mem:  2032128
mem:  2033664
mem:  1982976
mem:  2029568
mem:  2044416
mem:  2043392
mem:  2044928
mem:  2049024
mem:  2005504
mem:  2036224
mem:  2043904
mem:  2052608
mem:  2027520
mem:  1997312
mem:  2059776
mem:  2055168
mem:  2062848
mem:  2058240
mem:  2063360
mem:  2057728
mem:  2068992
mem:  2054656
mem:  2069504
mem:  2073600
