SLURM_JOBID=5049452
SLURM_JOB_NODELIST=svl17
SLURM_NNODES=1
SLURMTMPDIR=
working directory = /viscam/projects/objectfolder_benchmark/benchmarks/Multi_Sensory_3D_Reconstruction/code/models/MDN
Start_idx:  46
mem:  1536
mem:  1882112
mem:  1918464
mem:  1887232
mem:  1917952
mem:  1907200
mem:  1866240
mem:  1883648
mem:  1933824
mem:  1935360
mem:  1895424
mem:  1895936
mem:  1917952
mem:  1892864
mem:  1910272
mem:  1918976
mem:  1946112
mem:  1944064
mem:  1910272
mem:  1931264
mem:  1936384
mem:  1928192
mem:  1906688
mem:  1863168
mem:  1929216
mem:  1944064
mem:  1942016
mem:  1917952
mem:  1938944
mem:  1956352
mem:  1951744
mem:  1956864
mem:  1935360
mem:  1956352
mem:  1938432
mem:  1939968
mem:  1935360
mem:  1943040
mem:  1944576
mem:  1981440
mem:  1963520
mem:  1984512
mem:  1970176
mem:  1952256
mem:  1973248
mem:  1935872
mem:  1959424
mem:  1971712
mem:  1981952
mem:  1980928
mem:  1998336
mem:  1964544
mem:  1981952
mem:  2002944
mem:  1975296
mem:  1982976
mem:  1935872
mem:  2006528
mem:  1987584
mem:  1989120
mem:  2007552
mem:  2009088
mem:  1977856
mem:  1998848
mem:  1997824
mem:  2011648
mem:  2003456
mem:  1995264
mem:  1993216
mem:  2001920
mem:  1997312
mem:  1979392
mem:  2018816
mem:  2033664
mem:  1992704
mem:  2024448
mem:  2025984
mem:  1994752
mem:  1979392
mem:  1991680
mem:  1995776
mem:  1984000
mem:  2043904
mem:  2013696
mem:  1986048
mem:  2026496
mem:  2024448
mem:  2003968
mem:  2040832
mem:  2042368
mem:  2040320
mem:  2035712
mem:  2033664
mem:  2064384
mem:  2040320
mem:  2051584
mem:  2004480
mem:  2041344
mem:  2052608
mem:  2057728
mem:  2055680
mem:  2018304
mem:  1994240
mem:  2050560
mem:  2032640
mem:  2063360
mem:  2061312
mem:  2050560
mem:  2058240
mem:  2043904
mem:  2055168
mem:  2088448
mem:  2067968
mem:  2056192
mem:  2048000
mem:  2046976
mem:  2070528
mem:  2078208
mem:  2073600
mem:  2061824
mem:  2099712
mem:  2064896
mem:  2054144
mem:  2094592
mem:  2082816
mem:  2081792
mem:  2079744
mem:  2084864
mem:  2082816
mem:  2100224
mem:  2095616
mem:  2100736
mem:  2098688
mem:  2106368
mem:  2095616
mem:  2096128
mem:  2087936
mem:  2090496
mem:  2123776
mem:  2131456
mem:  2124288
mem:  2116096
mem:  2100736
mem:  2121728
mem:  2107392
mem:  2095616
mem:  2120192
mem:  2131456
mem:  2123264
mem:  2121216
mem:  2128896
mem:  2131456
mem:  2122240
mem:  2121216
mem:  2132480
mem:  2146304
mem:  2096640
mem:  2129920
mem:  2132480
mem:  2117120
mem:  2141696
mem:  2129920
mem:  2138624
mem:  2123264
mem:  2173440
mem:  2155520
mem:  2147328
mem:  2139136
mem:  2137088
mem:  2149376
mem:  2159616
mem:  2164736
mem:  2166272
mem:  2151936
mem:  2169344
mem:  2167296
mem:  2191872
mem:  2154496
mem:  2162176
mem:  2163712
mem:  2146816
mem:  2187264
mem:  2179072
mem:  2170880
mem:  2181120
mem:  2189824
mem:  2175488
mem:  2173440
mem:  2196992
mem:  2182656
mem:  2200064
mem:  2137088
mem:  2193408
mem:  2202112
mem:  2190336
mem:  2172416
mem:  2193408
mem:  2185216
mem:  2209792
mem:  2172416
