SLURM_JOBID=5050224
SLURM_JOB_NODELIST=svl7
SLURM_NNODES=1
SLURMTMPDIR=
working directory = /viscam/projects/objectfolder_benchmark/benchmarks/Multi_Sensory_3D_Reconstruction/code/models/MDN
Start_idx:  841
mem:  1536
mem:  1913856
mem:  1895424
mem:  1923584
mem:  1911808
mem:  1923072
mem:  1921024
mem:  1926144
mem:  1931264
mem:  1931776
mem:  1905152
mem:  1935872
mem:  1904640
mem:  1941504
mem:  1936896
mem:  1940992
mem:  1939968
mem:  1941504
mem:  1949184
mem:  1948160
mem:  1929216
mem:  1928192
mem:  1929728
mem:  1944576
mem:  1954816
mem:  1959936
mem:  1955328
mem:  1960448
mem:  1964544
mem:  1959936
mem:  1912832
mem:  1963008
mem:  1960960
mem:  1958912
mem:  1973760
mem:  1971712
mem:  1976832
mem:  1962496
mem:  1967616
mem:  1981440
mem:  1976832
mem:  1984512
mem:  1976320
mem:  1971712
mem:  1967104
mem:  1980928
mem:  1992192
mem:  1952256
mem:  1989120
mem:  1994240
mem:  1988608
mem:  1974272
mem:  1969664
mem:  1987072
mem:  2001920
mem:  2006016
mem:  1994240
mem:  2002944
mem:  2000896
mem:  2012160
mem:  1971200
mem:  2005504
mem:  2000896
mem:  2006016
mem:  2019840
mem:  2021376
mem:  2013184
mem:  2024448
mem:  2022400
mem:  2004480
mem:  2022912
mem:  2024448
mem:  2032128
mem:  2027520
mem:  1996288
mem:  2034176
mem:  2032128
mem:  2016768
mem:  2041344
mem:  2019840
mem:  2040832
mem:  2036224
mem:  2041344
mem:  2042880
mem:  2050560
mem:  2039808
mem:  2047488
mem:  2055168
mem:  2056704
mem:  2052096
mem:  2034176
mem:  2048000
mem:  2056704
mem:  2060800
mem:  2063360
mem:  2067456
mem:  2062848
mem:  2047488
mem:  2065920
mem:  2060288
