SLURM_JOBID=5049975
SLURM_JOB_NODELIST=svl15
SLURM_NNODES=1
SLURMTMPDIR=
working directory = /viscam/projects/objectfolder_benchmark/benchmarks/Multi_Sensory_3D_Reconstruction/code/models/MDN
Start_idx:  560
mem:  1536
mem:  1868800
mem:  1901568
mem:  1877504
mem:  1865728
mem:  1876992
mem:  1878528
mem:  1890816
mem:  1894912
mem:  1886720
mem:  1874944
mem:  1883648
mem:  1849856
mem:  1899008
mem:  1884672
mem:  1899520
mem:  1858560
mem:  1931776
mem:  1894400
mem:  1876480
mem:  1871872
mem:  1914880
mem:  1913856
mem:  1902080
mem:  1900032
mem:  1907712
mem:  1912832
mem:  1902080
mem:  1903616
mem:  1936896
mem:  1893376
mem:  1910784
mem:  1870848
mem:  1952768
mem:  1886208
mem:  1926656
mem:  1928192
mem:  1894400
mem:  1954304
mem:  1958400
mem:  1941504
mem:  1945600
mem:  1950720
mem:  1958400
mem:  1936896
mem:  1980928
mem:  1992192
mem:  1971712
mem:  1995264
mem:  1932288
mem:  1982464
mem:  1976832
mem:  1946624
mem:  1964032
mem:  1949696
mem:  1967104
mem:  1966080
mem:  1999360
mem:  1948672
mem:  1973248
mem:  1984512
mem:  1940992
mem:  1954816
mem:  1959936
mem:  1971200
mem:  1966592
mem:  1968128
mem:  1982976
mem:  1967616
mem:  1992192
mem:  2026496
mem:  1981952
mem:  2000384
mem:  2023936
mem:  1992704
mem:  1981952
mem:  2038272
mem:  1987584
mem:  1998848
mem:  2020864
mem:  1966592
mem:  2007040
mem:  2018304
mem:  2027008
mem:  2015232
mem:  2016768
mem:  1995264
mem:  1994240
mem:  2017792
mem:  1999872
mem:  1991680
mem:  2022400
mem:  2011648
mem:  2006016
mem:  2036736
mem:  2022400
mem:  2014208
mem:  2006016
mem:  2007552
mem:  2038272
