SLURM_JOBID=5049962
SLURM_JOB_NODELIST=svl5
SLURM_NNODES=1
SLURMTMPDIR=
working directory = /viscam/projects/objectfolder_benchmark/benchmarks/Multi_Sensory_3D_Reconstruction/code/models/MDN
Start_idx:  548
mem:  1536
mem:  1907712
mem:  1911296
mem:  1906688
mem:  1911808
mem:  1919488
mem:  1930752
mem:  1929728
mem:  1930240
mem:  1925632
mem:  1923584
mem:  1932288
mem:  1926656
mem:  1935360
mem:  1923584
mem:  1934848
mem:  1926656
mem:  1944064
mem:  1935872
mem:  1944576
mem:  1936384
mem:  1940480
mem:  1926144
mem:  1950720
mem:  1923072
mem:  1953792
mem:  1961472
mem:  1956864
mem:  1958400
mem:  1950208
mem:  1961472
mem:  1953280
mem:  1964544
mem:  1968640
mem:  1957888
mem:  1975296
mem:  1964544
mem:  1978368
mem:  1976320
mem:  1969152
mem:  1970688
mem:  1978368
mem:  1983488
mem:  1987584
mem:  1989120
mem:  1968640
mem:  1986048
mem:  1981440
mem:  1975808
mem:  1993216
mem:  1992192
mem:  1993728
mem:  2001408
mem:  2002944
mem:  1985024
mem:  1993728
mem:  1984512
mem:  1995776
mem:  1985024
mem:  2006016
mem:  2013696
mem:  2005504
mem:  2000896
mem:  2008576
mem:  2003968
mem:  2009088
mem:  2000896
mem:  2004992
mem:  2013696
mem:  2024960
mem:  2022912
mem:  2030592
mem:  2032128
mem:  2027520
mem:  2032640
mem:  2036736
mem:  2028544
mem:  2027520
mem:  2021888
mem:  2027008
mem:  2021376
mem:  2043392
mem:  2021888
mem:  2035712
mem:  2038272
mem:  2042368
mem:  2050048
mem:  2045440
mem:  2024960
mem:  2048512
mem:  2059776
mem:  2035712
mem:  2062848
mem:  2064384
mem:  2042880
mem:  2057728
mem:  2059264
mem:  2064384
mem:  2056192
mem:  2073600
