SLURM_JOBID=5049678
SLURM_JOB_NODELIST=svl3
SLURM_NNODES=1
SLURMTMPDIR=
working directory = /viscam/projects/objectfolder_benchmark/benchmarks/Multi_Sensory_3D_Reconstruction/code/models/MDN
Start_idx:  194
mem:  1536
mem:  1890816
mem:  1914880
mem:  1904128
mem:  1905664
mem:  1913344
mem:  1908736
mem:  1906688
mem:  1910784
mem:  1909760
mem:  1921024
mem:  1918976
mem:  1926656
mem:  1912320
mem:  1933312
mem:  1934848
mem:  1939968
mem:  1928192
mem:  1904128
mem:  1931264
mem:  1930240
mem:  1937920
mem:  1935872
mem:  1953280
mem:  1929216
mem:  1944064
mem:  1945600
mem:  1943552
mem:  1951232
mem:  1956352
mem:  1951744
mem:  1943552
mem:  1970688
mem:  1969664
mem:  1973760
mem:  1955840
mem:  1970688
mem:  1975808
mem:  1950720
mem:  1965568
mem:  1982976
mem:  1968640
mem:  1972736
mem:  1965568
mem:  1969664
mem:  1971200
mem:  1989632
mem:  1991168
mem:  1985536
mem:  1990656
mem:  1978880
mem:  1990144
mem:  1981952
mem:  1983488
mem:  2004480
mem:  1974272
mem:  1988096
mem:  1999360
mem:  1994752
mem:  1996288
mem:  1994240
mem:  2012672
mem:  1981440
mem:  2002432
mem:  1996800
mem:  2001920
mem:  2003456
mem:  2008576
mem:  2012672
mem:  1998336
mem:  2022912
mem:  2004992
mem:  2022400
mem:  2014208
mem:  2035200
mem:  2017280
mem:  2022400
mem:  2027520
mem:  2041344
mem:  2027008
mem:  2028544
mem:  2020352
mem:  2024448
mem:  2029568
mem:  2031104
mem:  2029056
mem:  2028032
mem:  2045440
mem:  2034688
mem:  2048512
mem:  2053632
mem:  2051584
mem:  2050560
mem:  2048512
mem:  2046464
mem:  2061312
mem:  2049536
mem:  2051072
mem:  2046464
mem:  2048000
