SLURM_JOBID=5050077
SLURM_JOB_NODELIST=svl2
SLURM_NNODES=1
SLURMTMPDIR=
working directory = /viscam/projects/objectfolder_benchmark/benchmarks/Multi_Sensory_3D_Reconstruction/code/models/MDN
Start_idx:  670
mem:  1536
mem:  1890816
mem:  1902592
mem:  1864192
mem:  1898496
mem:  1884160
mem:  1921024
mem:  1932288
mem:  1898496
mem:  1915904
mem:  1888256
mem:  1906688
mem:  1920512
mem:  1900032
mem:  1901568
mem:  1899520
mem:  1910784
mem:  1915904
mem:  1929728
mem:  1892352
mem:  1949696
mem:  1908736
mem:  1926144
mem:  1931264
mem:  1919488
mem:  1914880
mem:  1912832
mem:  1933824
mem:  1938944
mem:  1921024
mem:  1967616
mem:  1943552
mem:  1951232
mem:  1911296
mem:  1973760
mem:  1942528
mem:  1931776
mem:  1975808
mem:  1934848
mem:  1955840
mem:  1959936
mem:  1929728
mem:  1943552
mem:  1964544
mem:  1963520
mem:  1990656
mem:  1953280
mem:  1951232
mem:  1975808
mem:  1938432
mem:  1986048
mem:  1999872
mem:  1979392
mem:  1980928
mem:  1981440
mem:  1963520
mem:  1994240
mem:  1957888
mem:  1981440
mem:  1992704
mem:  2007552
mem:  1989632
mem:  1961984
mem:  1982976
mem:  1951744
mem:  2009088
mem:  1990144
mem:  1992704
mem:  1990656
mem:  1986048
mem:  1999872
mem:  1985536
mem:  2012672
mem:  2001920
mem:  2012160
mem:  2011136
mem:  1983488
mem:  2036224
mem:  1996288
mem:  2000384
mem:  1976320
mem:  1991168
mem:  2047488
mem:  2016256
mem:  2024960
mem:  2032640
mem:  2004992
mem:  2025984
mem:  2031104
mem:  2058240
mem:  2008576
mem:  2025984
mem:  2020352
mem:  2035200
mem:  2046464
mem:  2051584
mem:  2000896
mem:  2035200
mem:  2052608
mem:  2022400
