SLURM_JOBID=5049988
SLURM_JOB_NODELIST=svl9
SLURM_NNODES=1
SLURMTMPDIR=
working directory = /viscam/projects/objectfolder_benchmark/benchmarks/Multi_Sensory_3D_Reconstruction/code/models/MDN
Start_idx:  571
mem:  1536
mem:  1900544
mem:  1883136
mem:  1912832
mem:  1925120
mem:  1923072
mem:  1924608
mem:  1920000
mem:  1894912
mem:  1919488
mem:  1872384
mem:  1915392
mem:  1878016
mem:  1922048
mem:  1878528
mem:  1893376
mem:  1901056
mem:  1931776
mem:  1929728
mem:  1908224
mem:  1913344
mem:  1924608
mem:  1939456
mem:  1908224
mem:  1948672
mem:  1953792
mem:  1896960
mem:  1939968
mem:  1948672
mem:  1911296
mem:  1918976
mem:  1936384
mem:  1947648
mem:  1962496
mem:  1938432
mem:  1963008
mem:  1976832
mem:  1952768
mem:  1979904
mem:  1942528
mem:  1967104
mem:  1912832
mem:  1970176
mem:  1965568
mem:  1976832
mem:  1951744
mem:  1992192
mem:  1974272
mem:  1981952
mem:  1965056
mem:  1920512
mem:  1990144
mem:  1956352
mem:  1987072
mem:  1988608
mem:  1951232
mem:  1988096
mem:  1993216
mem:  1978880
mem:  1992704
mem:  1988096
mem:  2009088
mem:  1991168
mem:  2015744
mem:  1942016
mem:  1963008
mem:  1971712
mem:  2014720
mem:  2006528
mem:  2011648
mem:  1999872
mem:  2017280
mem:  2025984
mem:  2008064
mem:  2015744
mem:  1974784
mem:  1957888
mem:  2017792
mem:  2012160
mem:  2027008
mem:  1995776
mem:  2030080
mem:  2008576
mem:  2029568
mem:  2031104
mem:  2020352
mem:  1992704
mem:  2035712
mem:  2027520
mem:  1996288
mem:  2040320
mem:  2055168
mem:  2059264
mem:  2041344
mem:  2042880
mem:  2057728
mem:  2030080
mem:  2054656
mem:  2069504
mem:  2005504
