SLURM_JOBID=5049697
SLURM_JOB_NODELIST=svl5
SLURM_NNODES=1
SLURMTMPDIR=
working directory = /viscam/projects/objectfolder_benchmark/benchmarks/Multi_Sensory_3D_Reconstruction/code/models/MDN
Start_idx:  248
mem:  1536
mem:  1901568
mem:  1895424
mem:  1887232
mem:  1894912
mem:  1890304
mem:  1914880
mem:  1848320
mem:  1933824
mem:  1922048
mem:  1917440
mem:  1883648
mem:  1868288
mem:  1918464
mem:  1917440
mem:  1876480
mem:  1862144
mem:  1902592
mem:  1933312
mem:  1921536
mem:  1916928
mem:  1908736
mem:  1920000
mem:  1921536
mem:  1884160
mem:  1911296
mem:  1896960
mem:  1901056
mem:  1912320
mem:  1927168
mem:  1912832
mem:  1969152
mem:  1945088
mem:  1913856
mem:  1961472
mem:  1932800
mem:  1937920
mem:  1946624
mem:  1944576
mem:  1959424
mem:  1953792
mem:  1965056
mem:  1943552
mem:  1919488
mem:  1944064
mem:  1955328
mem:  1976320
mem:  1938944
mem:  1914880
mem:  1977344
mem:  1949696
mem:  1935360
mem:  1975808
mem:  1967616
mem:  1978880
mem:  1951232
mem:  1978368
mem:  1973760
mem:  1965568
mem:  2002432
mem:  1980928
mem:  1972736
mem:  1981440
mem:  1979392
mem:  2000384
mem:  1986048
mem:  1974272
mem:  1972224
mem:  1996800
mem:  1992192
mem:  1986560
mem:  1991680
mem:  2010112
mem:  1992192
mem:  2015744
mem:  2024448
mem:  1989632
mem:  1975296
mem:  2006016
mem:  2013696
mem:  2005504
mem:  1987584
mem:  1975808
mem:  1987072
mem:  2027520
mem:  2013184
mem:  2014720
mem:  2022400
mem:  2017792
mem:  2032640
mem:  2018304
mem:  2002944
mem:  2023936
mem:  2035200
mem:  2024448
mem:  2015232
mem:  1994752
mem:  2035200
mem:  1997824
mem:  2051584
