SLURM_JOBID=5050357
SLURM_JOB_NODELIST=svl18
SLURM_NNODES=1
SLURMTMPDIR=
working directory = /viscam/projects/objectfolder_benchmark/benchmarks/Multi_Sensory_3D_Reconstruction/code/models/MDN
Start_idx:  956
mem:  1536
mem:  1890816
mem:  1905152
mem:  1842176
mem:  1908224
mem:  1926656
mem:  1856512
mem:  1918976
mem:  1875456
mem:  1880576
mem:  1907712
mem:  1938432
mem:  1908224
mem:  1886720
mem:  1904128
mem:  1912832
mem:  1901056
mem:  1912320
mem:  1900544
mem:  1950720
mem:  1887744
mem:  1885696
mem:  1906688
mem:  1927680
mem:  1897472
mem:  1911296
mem:  1899520
mem:  1904640
mem:  1906176
mem:  1934336
mem:  1926144
mem:  1969152
mem:  1925632
mem:  1933312
mem:  1922560
mem:  1920512
mem:  1976832
mem:  1974784
mem:  1940992
mem:  1981440
mem:  1924608
mem:  1984512
mem:  1940992
mem:  1942528
mem:  1973248
mem:  1912832
mem:  1966592
mem:  1929216
mem:  1946624
mem:  1951744
mem:  1998336
mem:  1999872
mem:  1956352
mem:  1944576
mem:  1952256
mem:  1996288
mem:  1968640
mem:  1973760
mem:  2007040
mem:  1963520
mem:  2013696
mem:  1982464
mem:  1961984
mem:  1950208
mem:  1971200
mem:  1960448
mem:  1964544
mem:  1981952
mem:  1971200
mem:  2017792
mem:  1990144
mem:  1997824
mem:  2032128
mem:  2033664
mem:  1973248
mem:  1988096
mem:  1987072
mem:  2037248
mem:  2029056
mem:  1997824
mem:  2044416
mem:  2023936
mem:  2015744
mem:  1984512
mem:  1989632
mem:  2026496
mem:  1962496
mem:  2010112
mem:  2056704
mem:  1997312
mem:  2007552
mem:  2022400
mem:  2049536
mem:  2064384
mem:  1988096
mem:  2035712
mem:  1991168
mem:  2070528
mem:  2033152
mem:  2012672
