SLURM_JOBID=5050201
SLURM_JOB_NODELIST=svl9
SLURM_NNODES=1
SLURMTMPDIR=
working directory = /viscam/projects/objectfolder_benchmark/benchmarks/Multi_Sensory_3D_Reconstruction/code/models/MDN
Start_idx:  784
mem:  1536
mem:  1910272
mem:  1902592
mem:  1926144
mem:  1892352
mem:  1929216
mem:  1891840
mem:  1932288
mem:  1904640
mem:  1919488
mem:  1921024
mem:  1889792
mem:  1910784
mem:  1929216
mem:  1921024
mem:  1928704
mem:  1926656
mem:  1908736
mem:  1900544
mem:  1902080
mem:  1920512
mem:  1914880
mem:  1942016
mem:  1931264
mem:  1929216
mem:  1944064
mem:  1955328
mem:  1963008
mem:  1931776
mem:  1914880
mem:  1932288
mem:  1959424
mem:  1970688
mem:  1943040
mem:  1967616
mem:  1939968
mem:  1967104
mem:  1952768
mem:  1947136
mem:  1955840
mem:  1957376
mem:  1984512
mem:  1979904
mem:  1965568
mem:  1937920
mem:  1990656
mem:  1959424
mem:  1977856
mem:  1963520
mem:  1957888
mem:  1972736
mem:  1999872
mem:  1968640
mem:  1987072
mem:  1965568
mem:  1999872
mem:  1972224
mem:  2009088
mem:  1969152
mem:  1967104
mem:  1968640
mem:  2015232
mem:  1984000
mem:  2018304
mem:  1996800
mem:  1978880
mem:  2016768
mem:  2001408
mem:  2012672
mem:  1982464
mem:  2015744
mem:  2014720
mem:  1993216
mem:  1998336
mem:  2009600
mem:  2024448
mem:  2025984
mem:  2026496
mem:  1989120
mem:  2000384
mem:  2018816
mem:  2003456
mem:  2041344
mem:  2023424
mem:  2034688
mem:  2026496
mem:  2012160
mem:  2019840
mem:  2050560
mem:  2052096
mem:  2018304
mem:  2035712
mem:  2056704
mem:  2041344
mem:  2059776
mem:  2034688
mem:  2030080
mem:  2038784
mem:  2062336
mem:  2040832
