SLURM_JOBID=5049587
SLURM_JOB_NODELIST=svl18
SLURM_NNODES=1
SLURMTMPDIR=
working directory = /viscam/projects/objectfolder_benchmark/benchmarks/Multi_Sensory_3D_Reconstruction/code/models/MDN
Start_idx:  152
mem:  1536
mem:  1874944
mem:  1869824
mem:  1865216
mem:  1898496
mem:  1893888
mem:  1897984
mem:  1889792
mem:  1875456
mem:  1867264
mem:  1884672
mem:  1938432
mem:  1888768
mem:  1935360
mem:  1907712
mem:  1915392
mem:  1901056
mem:  1944064
mem:  1910272
mem:  1880064
mem:  1946112
mem:  1937920
mem:  1913856
mem:  1908224
mem:  1909760
mem:  1891840
mem:  1920000
mem:  1911808
mem:  1923072
mem:  1924608
mem:  1938432
mem:  1888768
mem:  1925632
mem:  1933312
mem:  1944576
mem:  1930240
mem:  1937920
mem:  1929728
mem:  1964032
mem:  1932800
mem:  1934336
mem:  1932288
mem:  1982464
mem:  1946112
mem:  1979392
mem:  1928704
mem:  1939968
mem:  1971712
mem:  1946624
mem:  1973760
mem:  1930240
mem:  1984000
mem:  1956352
mem:  1960448
mem:  1998336
mem:  1967104
mem:  1923584
mem:  2009088
mem:  2004480
mem:  1967104
mem:  2003968
mem:  2009088
mem:  1965568
mem:  1969664
mem:  1987072
mem:  1963008
mem:  1948672
mem:  1979392
mem:  1973760
mem:  1953280
mem:  1970688
mem:  1968640
mem:  1987072
mem:  2031104
mem:  2012160
mem:  1995264
mem:  1989632
mem:  2008064
mem:  1992704
mem:  2040320
mem:  2015232
mem:  2045952
mem:  2021888
mem:  2029568
mem:  2031104
mem:  2030080
mem:  2024448
mem:  1984512
mem:  1995776
mem:  2029056
mem:  2040320
mem:  2012672
mem:  2059264
mem:  2060800
mem:  2065920
mem:  2025984
mem:  2033664
mem:  2025472
mem:  2072064
mem:  2044416
