SLURM_JOBID=5049144
SLURM_JOB_NODELIST=svl1
SLURM_NNODES=1
SLURMTMPDIR=
working directory = /viscam/projects/objectfolder_benchmark/benchmarks/Multi_Sensory_3D_Reconstruction/code/models/MDN
Start_idx:  29
mem:  1536
mem:  1900544
mem:  1899008
mem:  1893376
mem:  1905664
mem:  1913344
mem:  1911296
mem:  1912832
mem:  1901056
mem:  1919488
mem:  1917440
mem:  1918976
mem:  1920512
mem:  1937920
mem:  1927168
mem:  1925120
mem:  1933824
mem:  1925632
mem:  1904128
mem:  1917952
mem:  1929216
mem:  1928192
mem:  1933312
mem:  1953280
mem:  1935360
mem:  1936896
mem:  1912832
mem:  1940992
mem:  1945088
mem:  1930752
mem:  1945600
mem:  1955840
mem:  1941504
mem:  1966080
mem:  1948160
mem:  1955840
mem:  1960960
mem:  1958912
mem:  1934848
mem:  1955840
mem:  1967104
mem:  1965056
mem:  1970176
mem:  1968128
mem:  1973248
mem:  1974784
mem:  1979904
mem:  1954816
mem:  1975808
mem:  1980928
mem:  1982464
mem:  1974272
mem:  1956352
mem:  1987072
mem:  1949696
mem:  1986560
mem:  1984512
mem:  1977344
mem:  1991168
mem:  1990144
mem:  2000384
mem:  1995776
mem:  1974272
mem:  1979392
mem:  1990656
mem:  1953280
mem:  2009600
mem:  2012160
mem:  2000384
mem:  2008064
mem:  1977856
mem:  1995264
mem:  2006528
mem:  1985024
mem:  2006016
mem:  2017280
mem:  2028544
mem:  2023936
mem:  2019328
mem:  2017280
mem:  2005504
mem:  2032640
mem:  1992704
mem:  2033152
mem:  2028544
mem:  1974272
mem:  2021888
mem:  2032128
mem:  2015232
mem:  2019328
mem:  2037760
mem:  2058752
mem:  2059264
mem:  2038784
mem:  2050048
mem:  2063872
mem:  2045952
mem:  2054656
mem:  2030592
mem:  2044416
mem:  2020352
mem:  2037760
mem:  2049024
mem:  2063872
mem:  2067968
mem:  2080256
mem:  2071040
mem:  2070016
mem:  2071552
mem:  2086400
mem:  2049024
mem:  2078720
mem:  2071552
mem:  2082816
mem:  2048000
mem:  2095616
mem:  2070528
mem:  2062336
mem:  2102784
mem:  2082304
mem:  2083840
mem:  2062336
mem:  2108928
mem:  2077696
mem:  2082816
mem:  2094080
mem:  2076160
mem:  2114048
mem:  2112000
mem:  2090496
mem:  2115072
mem:  2083840
mem:  2110976
mem:  2086912
mem:  2124800
mem:  2105856
mem:  2120704
mem:  2083328
mem:  2117632
mem:  2082816
mem:  2081792
mem:  2083328
mem:  2123776
mem:  2141184
mem:  2103808
mem:  2099200
mem:  2136064
mem:  2082816
mem:  2125824
mem:  2150400
mem:  2136064
mem:  2108416
mem:  2145280
mem:  2152960
mem:  2135040
mem:  2146304
mem:  2141696
mem:  2162688
mem:  2112000
mem:  2140160
mem:  2112512
mem:  2155520
mem:  2144768
mem:  2168320
mem:  2153984
mem:  2151936
mem:  2115584
mem:  2175488
mem:  2144256
mem:  2151936
mem:  2134016
mem:  2164736
mem:  2162688
mem:  2165248
mem:  2176512
mem:  2168320
mem:  2159104
mem:  2193408
mem:  2191360
mem:  2180608
mem:  2165248
mem:  2154496
mem:  2175488
mem:  2157568
mem:  2159104
mem:  2182656
mem:  2191360
mem:  2147840
mem:  2174976
mem:  2176512
mem:  2178048
mem:  2166272
mem:  2200576
mem:  2208256
mem:  2213376
mem:  2198016
mem:  2183680
mem:  2156032
mem:  2225664
mem:  2201600
mem:  2164224
mem:  2178048
mem:  2215936
mem:  2204160
mem:  2211840
mem:  2207232
mem:  2195456
mem:  2223616
mem:  2225152
mem:  2220544
mem:  2224640
mem:  2226176
mem:  2215424
mem:  2226688
mem:  2230784
mem:  2210304
mem:  2241024
mem:  2215936
mem:  2204160
mem:  2232320
mem:  2230272
mem:  2245120
mem:  2249216
mem:  2225152
mem:  2226688
mem:  2245120
mem:  2233344
mem:  2227712
mem:  2262016
mem:  2241536
mem:  2262528
mem:  2250752
mem:  2246144
mem:  2247680
mem:  2267648
mem:  2250752
mem:  2258432
mem:  2262528
mem:  2254336
mem:  2243584
mem:  2245120
mem:  2256384
mem:  2260480
mem:  2255872
mem:  2267136
mem:  2272256
mem:  2254336
mem:  2275328
mem:  2283008
mem:  2284544
mem:  2289664
mem:  2277888
mem:  2289152
mem:  2287104
mem:  2292224
mem:  2284032
mem:  2298880
mem:  2294272
mem:  2301952
mem:  2274304
mem:  2289152
mem:  2289664
mem:  2278912
mem:  2303488
mem:  2307584
mem:  2309120
mem:  2300928
mem:  2302464
mem:  2310144
mem:  2299392
mem:  2307072
mem:  2298880
mem:  2300416
mem:  2321408
mem:  2297344
mem:  2318336
mem:  2302976
mem:  2324992
mem:  2303488
mem:  2328064
mem:  2309120
mem:  2337280
mem:  2331648
mem:  2320896
mem:  2318848
mem:  2314240
mem:  2337792
mem:  2346496
mem:  2331136
mem:  2345984
mem:  2360832
mem:  2333184
mem:  2354176
mem:  2345984
mem:  2353664
mem:  2355200
mem:  2344448
mem:  2352128
mem:  2375680
mem:  2380800
mem:  2366464
mem:  2368000
mem:  2343936
mem:  2364928
mem:  2372608
mem:  2386432
mem:  2362368
mem:  2379776
mem:  2391040
mem:  2376704
mem:  2378240
mem:  2399232
mem:  2384896
mem:  2366976
mem:  2403840
mem:  2385920
mem:  2394624
mem:  2386432
mem:  2400256
mem:  2405376
mem:  2377728
mem:  2395136
mem:  2400256
mem:  2415104
mem:  2419200
mem:  2404864
mem:  2416128
mem:  2410496
mem:  2399744
mem:  2417152
mem:  2396672
mem:  2420224
mem:  2427904
mem:  2429440
mem:  2424832
mem:  2432512
mem:  2435072
mem:  2439168
mem:  2434560
mem:  2426368
mem:  2424320
mem:  2439168
mem:  2417664
mem:  2438656
mem:  2437632
mem:  2435584
mem:  2446848
mem:  2444800
mem:  2420736
mem:  2434560
mem:  2459136
mem:  2412032
mem:  2446336
mem:  2444288
mem:  2445824
mem:  2457088
mem:  2439168
mem:  2469888
mem:  2432512
mem:  2463232
mem:  2458624
mem:  2469888
mem:  2464256
mem:  2465792
mem:  2455040
mem:  2476032
mem:  2477568
mem:  2459648
mem:  2477056
mem:  2482176
mem:  2464256
mem:  2488832
mem:  2463744
mem:  2472448
mem:  2486272
mem:  2481664
mem:  2499072
mem:  2475008
mem:  2476544
mem:  2490368
mem:  2499072
mem:  2500608
mem:  2502144
mem:  2509824
mem:  2501632
mem:  2512896
mem:  2494976
mem:  2486784
mem:  2491904
mem:  2506752
mem:  2520576
mem:  2496512
mem:  2523648
mem:  2525184
mem:  2516992
mem:  2522112
mem:  2526208
mem:  2502144
mem:  2523136
mem:  2530816
mem:  2520064
mem:  2511872
mem:  2500096
mem:  2518528
mem:  2490880
mem:  2524160
mem:  2542592
mem:  2523648
mem:  2506752
mem:  2508288
mem:  2509824
mem:  2529792
mem:  2496000
mem:  2510848
mem:  2499072
mem:  2526208
mem:  2519040
mem:  2532864
mem:  2524672
mem:  2535936
mem:  2521600
mem:  2554880
mem:  2501632
mem:  2529792
mem:  2537472
mem:  2539008
mem:  2572288
mem:  2548224
mem:  2566656
mem:  2557440
mem:  2539520
mem:  2522624
mem:  2553344
mem:  2576896
mem:  2584576
mem:  2548224
mem:  2542592
mem:  2541568
mem:  2558976
mem:  2541056
mem:  2568192
mem:  2585600
mem:  2561536
mem:  2576384
mem:  2597376
mem:  2540544
mem:  2590720
mem:  2605568
mem:  2577920
mem:  2597888
mem:  2587136
mem:  2594816
mem:  2609664
mem:  2572288
mem:  2589696
mem:  2591232
mem:  2590208
mem:  2591744
mem:  2582528
mem:  2607104
mem:  2592768
mem:  2577408
mem:  2615296
mem:  2597376
mem:  2579456
mem:  2604032
mem:  2608128
mem:  2616832
mem:  2607616
mem:  2622464
mem:  2611712
mem:  2596352
mem:  2630656
mem:  2641920
mem:  2643456
mem:  2644992
mem:  2620928
mem:  2625024
mem:  2653184
mem:  2643968
mem:  2636800
mem:  2648064
mem:  2642432
mem:  2621952
mem:  2629632
mem:  2662912
mem:  2661888
mem:  2634240
mem:  2671104
mem:  2639872
mem:  2619392
mem:  2672128
mem:  2648064
mem:  2675200
mem:  2635264
mem:  2642944
mem:  2654208
mem:  2665472
mem:  2663424
mem:  2649088
mem:  2670080
mem:  2671616
mem:  2689024
mem:  2635776
mem:  2663936
mem:  2687488
mem:  2679296
mem:  2638336
mem:  2633728
mem:  2664448
mem:  2662400
mem:  2648064
mem:  2701824
mem:  2699776
mem:  2695168
mem:  2650624
mem:  2665472
mem:  2670592
mem:  2691584
mem:  2648064
mem:  2684928
mem:  2696192
mem:  2690560
mem:  2663936
mem:  2661888
mem:  2696192
mem:  2641920
mem:  2731008
mem:  2668032
mem:  2695168
mem:  2690560
mem:  2737152
mem:  2713088
mem:  2695168
mem:  2719744
mem:  2714112
mem:  2699776
mem:  2694144
mem:  2699264
mem:  2723840
mem:  2689024
mem:  2703872
mem:  2721280
mem:  2700800
mem:  2721792
mem:  2723328
mem:  2754048
mem:  2722816
mem:  2759680
mem:  2713600
mem:  2737152
mem:  2722816
mem:  2707456
mem:  2702848
mem:  2714112
mem:  2722816
mem:  2726912
mem:  2699264
mem:  2745856
mem:  2741248
mem:  2739200
mem:  2721280
mem:  2745856
mem:  2744832
mem:  2713600
mem:  2777088
mem:  2745856
mem:  2760704
mem:  2741760
mem:  2791936
mem:  2748416
mem:  2757120
mem:  2800128
mem:  2753024
mem:  2764288
mem:  2752512
mem:  2802688
mem:  2778624
mem:  2760704
mem:  2746368
mem:  2777088
mem:  2775040
mem:  2809344
mem:  2762240
mem:  2792960
mem:  2778624
mem:  2779136
mem:  2793984
mem:  2766336
mem:  2783744
mem:  2772992
mem:  2780672
mem:  2762752
mem:  2806784
mem:  2769408
mem:  2777088
mem:  2788352
mem:  2787328
mem:  2781696
mem:  2812416
mem:  2794496
mem:  2811904
mem:  2814464
mem:  2838016
mem:  2813952
mem:  2815488
mem:  2830336
mem:  2828288
mem:  2820096
mem:  2798592
mem:  2842624
mem:  2808832
mem:  2835968
mem:  2818048
mem:  2809856
mem:  2836992
mem:  2838528
mem:  2840064
mem:  2812416
mem:  2807808
mem:  2831360
mem:  2855936
mem:  2861056
mem:  2859008
mem:  2864128
mem:  2849792
mem:  2879488
mem:  2884608
mem:  2847232
mem:  2845184
mem:  2857472
mem:  2851840
mem:  2853376
mem:  2845184
mem:  2833408
mem:  2864128
mem:  2833920
mem:  2861056
mem:  2846720
mem:  2881024
mem:  2820608
mem:  2886656
mem:  2882048
mem:  2864128
mem:  2869248
mem:  2857472
mem:  2878464
mem:  2892288
mem:  2845184
mem:  2892800
mem:  2861568
mem:  2892288
mem:  2877952
mem:  2901504
mem:  2881024
mem:  2865664
mem:  2913280
mem:  2869760
mem:  2899456
mem:  2878976
mem:  2912256
mem:  2907648
mem:  2886144
mem:  2871808
mem:  2898944
mem:  2894336
mem:  2909184
mem:  2907136
mem:  2918400
mem:  2894336
mem:  2940928
mem:  2919424
mem:  2924544
mem:  2929664
mem:  2933760
mem:  2929152
mem:  2930688
mem:  2941952
mem:  2911744
mem:  2925568
mem:  2934272
mem:  2934784
mem:  2930176
mem:  2929152
mem:  2950144
mem:  2967552
mem:  2946048
mem:  2941440
mem:  2939392
mem:  2934784
mem:  2942464
mem:  2947584
mem:  2962432
mem:  2914304
mem:  2954752
mem:  2966016
mem:  2935808
mem:  2956800
mem:  2971648
mem:  2975744
mem:  2967552
mem:  2976256
mem:  2990080
mem:  2997760
mem:  3000320
mem:  2971648
mem:  2992640
mem:  2988032
mem:  2954240
mem:  3010560
mem:  3009536
mem:  2981888
mem:  3005440
mem:  3006976
mem:  2996224
mem:  3006464
mem:  2976256
mem:  3022848
mem:  3018240
mem:  3025920
mem:  3008000
mem:  2980352
mem:  3027968
mem:  3025920
mem:  3017728
mem:  2970624
mem:  3004928
mem:  3012608
mem:  3026432
mem:  3021824
mem:  3011072
mem:  3028480
mem:  3026432
mem:  3002368
mem:  3026944
mem:  3034624
mem:  3028992
mem:  3012096
mem:  3016192
mem:  3021312
mem:  3048448
mem:  3040256
mem:  3025920
mem:  3039744
mem:  3061760
mem:  3049984
mem:  3044352
mem:  3062784
mem:  3035136
mem:  3023360
mem:  3015168
mem:  3068928
mem:  3047424
mem:  3068416
mem:  3046912
mem:  3077632
mem:  3073024
mem:  3078144
mem:  3083264
mem:  3087360
mem:  3059712
mem:  3090432
mem:  3088384
mem:  3077632
mem:  3088896
mem:  3077120
mem:  3056640
mem:  3087360
mem:  3101184
mem:  3063808
mem:  3084800
mem:  3105792
mem:  3062272
mem:  3085824
mem:  3052032
mem:  3076608
mem:  3097600
mem:  3099136
mem:  3058176
mem:  3098624
mem:  3103744
mem:  3121152
mem:  3097088
mem:  3092480
mem:  3112448
mem:  3101696
mem:  3112960
mem:  3098624
mem:  3057664
mem:  3111424
mem:  3093504
mem:  3087872
mem:  3099136
mem:  3107840
mem:  3131392
mem:  3103744
mem:  3124736
mem:  3126272
mem:  3144704
mem:  3139072
mem:  3140608
mem:  3119104
mem:  3140096
mem:  3154944
mem:  3143168
mem:  3144704
mem:  3140096
mem:  3154944
mem:  3113984
mem:  3154432
mem:  3163136
mem:  3131904
mem:  3143168
mem:  3099648
mem:  3149824
mem:  3151360
mem:  3151872
mem:  3118080
mem:  3142656
mem:  3176960
mem:  3149312
mem:  3153408
mem:  3161088
mem:  3169792
mem:  3158016
mem:  3143680
mem:  3190272
mem:  3188224
mem:  3138560
mem:  3194880
mem:  3153920
mem:  3191808
mem:  3193344
mem:  3181568
mem:  3198976
mem:  3194368
mem:  3193344
mem:  3203584
mem:  3167232
mem:  3184640
mem:  3186176
mem:  3193856
mem:  3179520
mem:  3210240
mem:  3208192
mem:  3154944
mem:  3198976
mem:  3203072
mem:  3221504
mem:  3170816
mem:  3207680
mem:  3225088
mem:  3187712
mem:  3231744
mem:  3191808
mem:  3212800
mem:  3224064
mem:  3176960
mem:  3219968
mem:  3221504
mem:  3236352
mem:  3231744
mem:  3241984
mem:  3247104
mem:  3232768
mem:  3227136
mem:  3245568
mem:  3253248
mem:  3215872
mem:  3240448
mem:  3228672
mem:  3249664
mem:  3238912
mem:  3252736
mem:  3225088
mem:  3236352
mem:  3267072
mem:  3243008
mem:  3264000
mem:  3238912
mem:  3273216
mem:  3239424
mem:  3260416
mem:  3245056
mem:  3246592
mem:  3245568
mem:  3250688
mem:  3254784
mem:  3285504
mem:  3261440
mem:  3269120
mem:  3248640
mem:  3281920
mem:  3277312
mem:  3249664
mem:  3292672
mem:  3291648
mem:  3273728
mem:  3255808
mem:  3228160
