SLURM_JOBID=5050226
SLURM_JOB_NODELIST=svl9
SLURM_NNODES=1
SLURMTMPDIR=
working directory = /viscam/projects/objectfolder_benchmark/benchmarks/Multi_Sensory_3D_Reconstruction/code/models/MDN
Start_idx:  843
mem:  1536
mem:  1913856
mem:  1905152
mem:  1903104
mem:  1927680
mem:  1900032
mem:  1895424
mem:  1932288
mem:  1914368
mem:  1909760
mem:  1907712
mem:  1938432
mem:  1914368
mem:  1928192
mem:  1933312
mem:  1944576
mem:  1936384
mem:  1944064
mem:  1949184
mem:  1925120
mem:  1919488
mem:  1928192
mem:  1955328
mem:  1950720
mem:  1946112
mem:  1947648
mem:  1945600
mem:  1940992
mem:  1945088
mem:  1956352
mem:  1942016
mem:  1959424
mem:  1970688
mem:  1972224
mem:  1971200
mem:  1949696
mem:  1957376
mem:  1975808
mem:  1973760
mem:  1975296
mem:  1953792
mem:  1968640
mem:  1970176
mem:  1935360
mem:  1973248
mem:  1967616
mem:  1978880
mem:  1980416
mem:  1995264
mem:  1987072
mem:  1978880
mem:  1990144
mem:  1997824
mem:  1999360
mem:  2001920
mem:  2006016
mem:  1991680
mem:  2009088
mem:  2004480
mem:  2012160
mem:  1978368
mem:  1989632
mem:  1987584
mem:  1986560
mem:  2016256
mem:  2015232
mem:  2010624
mem:  2020864
mem:  2002944
mem:  2008064
mem:  2009600
mem:  2008576
mem:  2028544
mem:  2030080
mem:  2022912
mem:  2036736
mem:  2038272
mem:  2039808
mem:  2025472
mem:  2007552
mem:  2009088
mem:  2023936
mem:  2047488
mem:  2027008
mem:  2038272
mem:  2052096
mem:  2030592
mem:  2045440
mem:  2056704
mem:  2032640
mem:  2059776
mem:  2045440
mem:  2043392
mem:  2064384
mem:  2056192
mem:  2061312
mem:  2059264
mem:  2060800
mem:  2036736
mem:  2073600
