SLURM_JOBID=5050100
SLURM_JOB_NODELIST=svl10
SLURM_NNODES=1
SLURMTMPDIR=
working directory = /viscam/projects/objectfolder_benchmark/benchmarks/Multi_Sensory_3D_Reconstruction/code/models/MDN
Start_idx:  680
mem:  1536
mem:  1884672
mem:  1885696
mem:  1896960
mem:  1917952
mem:  1915904
mem:  1885696
mem:  1893376
mem:  1917952
mem:  1896448
mem:  1930752
mem:  1926144
mem:  1901056
mem:  1863680
mem:  1911296
mem:  1928704
mem:  1910784
mem:  1895424
mem:  1927168
mem:  1902080
mem:  1926656
mem:  1895424
mem:  1900544
mem:  1917952
mem:  1925632
mem:  1924608
mem:  1890816
mem:  1898496
mem:  1941504
mem:  1911296
mem:  1951744
mem:  1916928
mem:  1912320
mem:  1939456
mem:  1938432
mem:  1933824
mem:  1934336
mem:  1923584
mem:  1944576
mem:  1913344
mem:  1928192
mem:  1968640
mem:  1947136
mem:  1948672
mem:  1959936
mem:  1938432
mem:  1959424
mem:  1968128
mem:  1944064
mem:  1948160
mem:  1936384
mem:  1957376
mem:  1959936
mem:  1977344
mem:  1971712
mem:  1974272
mem:  1949184
mem:  1973760
mem:  1985024
mem:  1959936
mem:  1971200
mem:  1999360
mem:  1948672
mem:  1979392
mem:  1984512
mem:  1969152
mem:  1991168
mem:  2004992
mem:  1987072
mem:  2027520
mem:  1954816
mem:  1998848
mem:  2000384
mem:  1988608
mem:  2006016
mem:  1988096
mem:  1999360
mem:  2030080
mem:  1996288
mem:  1988096
mem:  2018816
mem:  1994752
mem:  1985536
mem:  2013696
mem:  2011648
mem:  2026496
mem:  2001408
mem:  2029568
mem:  2008064
mem:  2013184
mem:  2043904
mem:  2029568
mem:  2039808
mem:  2019328
mem:  2017280
mem:  2028544
mem:  2037248
mem:  2035200
mem:  2023424
mem:  2063872
