SLURM_JOBID=5049145
SLURM_JOB_NODELIST=svl1
SLURM_NNODES=1
SLURMTMPDIR=
working directory = /viscam/projects/objectfolder_benchmark/benchmarks/Multi_Sensory_3D_Reconstruction/code/models/MDN
Start_idx:  30
mem:  1536
mem:  1904128
mem:  1885696
mem:  1881088
mem:  1898496
mem:  1906176
mem:  1918464
mem:  1889792
mem:  1888768
mem:  1900032
mem:  1882112
mem:  1889792
mem:  1897472
mem:  1912320
mem:  1855488
mem:  1944576
mem:  1920512
mem:  1886720
mem:  1910272
mem:  1915392
mem:  1920512
mem:  1930752
mem:  1910272
mem:  1933824
mem:  1929216
mem:  1934336
mem:  1912832
mem:  1947136
mem:  1935360
mem:  1943040
mem:  1918976
mem:  1916928
mem:  1922048
mem:  1911296
mem:  1948160
mem:  1953280
mem:  1931776
mem:  1952768
mem:  1927680
mem:  1929216
mem:  1947648
mem:  1962496
mem:  1976320
mem:  1948672
mem:  1959936
mem:  1951744
mem:  1940992
mem:  1968128
mem:  1969664
mem:  1957888
mem:  1998336
mem:  1964544
mem:  1972224
mem:  1954304
mem:  1972736
mem:  1986560
mem:  1958912
mem:  1983488
mem:  1977856
mem:  1934336
mem:  1974784
mem:  1972736
mem:  1991168
mem:  1995264
mem:  1990656
mem:  1978880
mem:  1971712
mem:  1966080
mem:  1954304
mem:  1992192
mem:  1986560
mem:  1998848
mem:  1967616
mem:  2004480
mem:  1986560
mem:  2011136
mem:  2012672
mem:  1997312
mem:  2006016
mem:  2001408
mem:  2009088
mem:  1997312
mem:  2006016
mem:  2013696
mem:  1998336
mem:  2013184
mem:  1985536
mem:  2006528
mem:  2005504
mem:  2022912
mem:  2030592
mem:  2012672
mem:  1985024
mem:  2006016
mem:  2017280
mem:  2024960
mem:  2023936
mem:  2070528
mem:  2033152
mem:  2021376
mem:  2059264
mem:  2031616
mem:  2033152
mem:  2024960
mem:  2009600
mem:  2043904
mem:  2051584
mem:  2056704
mem:  2054656
mem:  2059776
mem:  2025984
mem:  2027520
mem:  2032640
mem:  2059776
mem:  2055168
mem:  2033664
mem:  2038784
mem:  2056192
mem:  2073600
mem:  2065408
mem:  2073088
mem:  2068480
mem:  2073600
mem:  2094592
mem:  2102272
mem:  2087936
mem:  2079744
mem:  2074112
mem:  2075648
mem:  2087936
mem:  2089472
mem:  2080256
mem:  2092544
mem:  2093056
mem:  2068992
mem:  2070528
mem:  2101248
mem:  2093056
mem:  2081280
mem:  2099712
mem:  2084352
mem:  2083328
mem:  2100736
mem:  2102272
mem:  2129408
mem:  2095616
mem:  2110464
mem:  2121728
mem:  2123264
mem:  2115072
mem:  2103296
mem:  2118144
mem:  2132992
mem:  2121216
mem:  2106880
mem:  2140160
mem:  2116096
mem:  2129920
mem:  2132480
mem:  2117120
mem:  2138112
mem:  2127360
mem:  2131456
mem:  2149888
mem:  2163712
mem:  2110464
mem:  2137600
mem:  2146304
mem:  2138112
mem:  2165248
mem:  2163200
mem:  2152448
mem:  2123776
mem:  2142208
mem:  2163200
mem:  2157568
mem:  2149376
mem:  2154496
mem:  2171904
mem:  2186752
mem:  2129920
mem:  2147328
mem:  2175488
mem:  2157568
mem:  2161664
mem:  2160640
mem:  2168320
mem:  2183168
mem:  2178560
mem:  2169344
mem:  2197504
mem:  2189312
mem:  2158080
mem:  2214400
mem:  2193920
mem:  2176000
mem:  2193408
mem:  2192384
mem:  2190336
mem:  2182144
mem:  2147328
mem:  2171904
mem:  2108928
mem:  2229760
mem:  2215424
mem:  2185216
mem:  2156544
mem:  2213888
mem:  2211840
mem:  2207232
mem:  2244096
mem:  2177536
mem:  2159616
mem:  2203648
mem:  2178560
mem:  2187264
mem:  2249728
mem:  2190336
mem:  2198016
mem:  2255360
mem:  2214400
mem:  2192896
mem:  2182144
mem:  2166784
mem:  2265600
mem:  2228224
mem:  2204160
mem:  2254336
mem:  2246144
mem:  2205184
mem:  2210304
mem:  2221568
mem:  2262016
mem:  2259968
mem:  2255360
mem:  2211840
mem:  2281472
mem:  2236928
mem:  2238464
mem:  2282496
mem:  2245120
mem:  2227200
mem:  2254336
mem:  2285056
mem:  2296320
mem:  2239488
mem:  2241024
mem:  2232832
mem:  2286592
mem:  2288128
mem:  2256896
mem:  2297344
mem:  2230784
mem:  2265088
mem:  2282496
mem:  2277888
mem:  2314752
mem:  2242048
mem:  2311680
mem:  2258432
mem:  2250240
mem:  2287104
mem:  2314240
mem:  2280448
mem:  2245632
mem:  2277376
mem:  2294784
mem:  2318336
mem:  2313728
mem:  2289664
mem:  2336256
mem:  2328064
mem:  2300416
mem:  2334720
mem:  2277888
mem:  2324480
mem:  2271232
mem:  2331136
mem:  2303488
mem:  2305024
mem:  2309120
mem:  2321408
mem:  2341376
mem:  2295296
mem:  2309120
mem:  2310656
mem:  2286592
mem:  2278400
mem:  2357760
mem:  2307072
mem:  2279424
mem:  2329600
mem:  2334720
mem:  2307072
mem:  2373120
mem:  2341888
mem:  2324992
mem:  2332672
mem:  2330624
mem:  2322432
mem:  2310656
mem:  2358272
mem:  2330624
mem:  2348032
mem:  2375168
mem:  2360832
mem:  2342912
mem:  2350592
mem:  2355712
mem:  2366976
mem:  2319872
mem:  2386944
mem:  2400768
mem:  2359808
mem:  2391552
mem:  2382336
mem:  2400768
mem:  2396160
mem:  2409984
mem:  2382336
mem:  2410496
mem:  2412032
mem:  2384384
mem:  2385920
mem:  2357248
mem:  2395136
mem:  2380800
mem:  2423808
mem:  2392576
mem:  2417152
mem:  2385920
mem:  2391040
mem:  2399744
mem:  2419712
mem:  2434560
mem:  2413056
mem:  2404864
mem:  2439168
mem:  2424832
mem:  2432512
mem:  2443776
mem:  2416128
mem:  2440704
mem:  2428928
mem:  2440192
mem:  2416128
mem:  2439680
mem:  2393600
mem:  2436608
mem:  2435584
mem:  2414080
mem:  2458112
mem:  2456064
mem:  2451456
mem:  2465280
mem:  2447360
mem:  2439168
mem:  2466304
mem:  2445824
mem:  2453504
mem:  2464768
mem:  2456576
mem:  2432512
mem:  2443776
mem:  2474496
mem:  2446848
mem:  2428928
mem:  2440192
mem:  2447872
mem:  2488320
mem:  2467840
mem:  2491392
mem:  2450432
mem:  2426368
mem:  2472960
mem:  2455040
mem:  2463744
mem:  2500608
mem:  2502144
mem:  2474496
mem:  2489344
mem:  2506752
mem:  2508288
mem:  2487808
mem:  2511360
mem:  2481152
mem:  2502144
mem:  2474496
mem:  2505216
mem:  2473984
mem:  2491392
mem:  2492928
mem:  2471424
mem:  2521600
mem:  2526720
mem:  2506240
mem:  2484736
mem:  2531328
mem:  2516992
mem:  2483200
mem:  2494464
mem:  2511872
mem:  2493952
mem:  2524672
mem:  2473984
mem:  2531328
mem:  2480640
mem:  2543104
mem:  2538496
mem:  2520576
mem:  2528256
mem:  2552832
mem:  2541056
mem:  2513408
mem:  2547712
mem:  2510336
mem:  2544640
mem:  2555904
mem:  2514944
mem:  2558976
mem:  2553344
mem:  2536448
mem:  2524672
mem:  2558976
mem:  2563072
mem:  2539008
mem:  2521088
mem:  2564096
mem:  2553344
mem:  2545152
mem:  2566144
mem:  2557952
mem:  2555904
mem:  2580480
mem:  2562560
mem:  2554368
mem:  2549760
mem:  2576896
mem:  2552832
mem:  2556928
mem:  2558464
mem:  2589184
mem:  2561536
mem:  2566656
mem:  2577920
mem:  2582016
mem:  2567680
mem:  2578944
mem:  2590208
mem:  2572288
mem:  2603008
mem:  2578944
mem:  2574336
mem:  2611200
mem:  2603008
mem:  2598400
mem:  2590208
mem:  2623488
mem:  2615296
mem:  2610688
mem:  2628096
mem:  2594304
mem:  2621440
mem:  2610688
mem:  2601472
mem:  2596864
mem:  2621440
mem:  2603520
mem:  2582016
mem:  2603008
mem:  2624000
mem:  2596352
mem:  2614784
mem:  2644480
mem:  2604544
mem:  2609664
mem:  2613760
mem:  2641920
mem:  2639872
mem:  2624512
mem:  2652672
mem:  2634752
mem:  2642432
mem:  2634240
mem:  2661376
mem:  2650624
mem:  2619392
mem:  2620928
mem:  2632192
mem:  2666496
mem:  2658304
mem:  2614784
mem:  2661376
mem:  2639872
mem:  2635264
mem:  2669568
mem:  2677248
mem:  2675200
mem:  2628096
mem:  2623488
mem:  2673664
mem:  2677760
mem:  2673152
mem:  2658816
mem:  2685952
mem:  2697216
mem:  2679296
mem:  2688000
mem:  2678784
mem:  2699776
mem:  2679296
mem:  2686976
mem:  2684928
mem:  2690048
mem:  2704896
mem:  2706432
mem:  2700800
mem:  2712064
mem:  2697728
mem:  2699264
mem:  2720256
mem:  2686464
mem:  2711040
mem:  2715136
mem:  2720256
mem:  2702336
mem:  2690560
mem:  2717696
mem:  2728960
mem:  2734080
mem:  2719744
mem:  2727424
mem:  2697216
mem:  2711040
mem:  2729472
mem:  2743296
mem:  2738688
mem:  2720768
mem:  2716160
mem:  2729984
mem:  2744832
mem:  2742784
mem:  2734592
mem:  2736128
mem:  2753536
mem:  2733056
mem:  2746880
mem:  2761728
mem:  2753536
mem:  2764800
mem:  2760192
mem:  2764288
mem:  2746368
mem:  2770944
mem:  2753024
mem:  2744832
mem:  2756096
mem:  2757632
mem:  2775040
mem:  2750976
mem:  2771968
mem:  2761216
mem:  2778624
mem:  2786304
mem:  2758656
mem:  2779648
mem:  2758144
mem:  2769408
mem:  2784256
mem:  2783232
mem:  2783744
mem:  2769408
mem:  2777088
mem:  2799104
mem:  2799616
mem:  2798592
mem:  2806272
mem:  2791936
mem:  2803200
mem:  2808320
mem:  2812416
mem:  2804224
mem:  2815488
mem:  2813440
mem:  2818560
mem:  2817536
mem:  2818048
mem:  2807296
mem:  2779648
mem:  2800640
mem:  2805760
mem:  2813440
mem:  2791936
mem:  2806784
mem:  2833920
mem:  2822144
mem:  2811392
mem:  2834944
mem:  2808320
mem:  2822144
mem:  2813952
mem:  2809344
mem:  2793984
mem:  2799104
mem:  2787328
mem:  2811904
mem:  2813440
mem:  2822144
mem:  2774016
mem:  2776576
mem:  2807296
mem:  2808832
mem:  2822656
mem:  2808320
mem:  2825728
mem:  2785792
mem:  2828800
mem:  2817024
mem:  2825728
mem:  2821120
mem:  2825216
mem:  2797568
mem:  2812416
mem:  2829824
mem:  2815488
mem:  2848768
mem:  2834432
mem:  2839552
mem:  2837504
mem:  2858496
mem:  2889216
mem:  2839552
mem:  2824192
mem:  2813440
mem:  2875904
mem:  2881024
mem:  2853376
mem:  2857472
mem:  2882048
mem:  2854400
mem:  2846208
mem:  2831872
mem:  2845696
mem:  2864128
mem:  2859520
mem:  2886656
mem:  2901504
mem:  2860544
mem:  2868224
mem:  2866176
mem:  2881024
mem:  2882560
mem:  2874368
mem:  2856448
mem:  2855424
mem:  2875392
mem:  2864640
mem:  2868736
mem:  2873856
mem:  2843648
mem:  2876928
mem:  2891776
mem:  2938368
mem:  2878976
mem:  2831872
mem:  2900480
mem:  2889728
mem:  2946048
mem:  2896384
mem:  2939392
mem:  2902016
mem:  2903552
mem:  2914816
mem:  2896896
mem:  2894848
mem:  2919424
mem:  2879488
mem:  2906624
mem:  2900992
mem:  2929152
mem:  2927104
mem:  2934784
mem:  2904576
mem:  2925568
mem:  2942976
mem:  2909184
mem:  2936320
mem:  2928128
mem:  2910208
mem:  2921472
mem:  2936320
mem:  2940416
mem:  2980864
mem:  2963968
mem:  2936320
mem:  2934272
mem:  2929664
mem:  2943488
mem:  2945024
mem:  2933248
mem:  2955264
mem:  2939904
mem:  2928128
mem:  2949120
mem:  2954240
mem:  2953216
mem:  2941440
mem:  2968576
mem:  2960384
mem:  2991104
mem:  2963456
mem:  2939392
mem:  2940928
mem:  2974208
mem:  2966016
mem:  2971136
mem:  2940928
mem:  2974208
mem:  3004928
mem:  2954240
mem:  3015168
mem:  3022848
mem:  3020800
mem:  2999296
mem:  3004416
mem:  3022848
mem:  2978304
mem:  2973696
mem:  3023872
mem:  2969600
mem:  2997760
mem:  2973696
mem:  3004416
mem:  3018240
mem:  3026944
mem:  3005440
mem:  2983936
mem:  3051008
mem:  3000320
mem:  3011584
mem:  3038720
mem:  3040256
mem:  3061248
mem:  3010560
mem:  2983936
mem:  2995200
mem:  3009024
mem:  3045888
mem:  3038720
mem:  3040256
mem:  3012608
mem:  3059200
mem:  3031552
mem:  3064832
mem:  3056640
mem:  3052032
mem:  3041280
mem:  3033088
mem:  3043328
mem:  3005952
mem:  3049984
mem:  3000320
mem:  3033600
mem:  3077632
mem:  3065856
mem:  3092992
mem:  3037184
mem:  3064320
mem:  3088896
mem:  3060224
mem:  3053056
mem:  3031552
mem:  3035648
mem:  3063808
mem:  3107840
mem:  3070464
mem:  3061248
mem:  3054080
mem:  3087360
mem:  3098624
mem:  3070976
mem:  3082240
mem:  3048448
mem:  3062272
mem:  3083264
mem:  3072512
mem:  3051008
mem:  3091456
mem:  3077120
mem:  3068928
mem:  3073024
mem:  3081728
mem:  3083264
mem:  3113984
mem:  3043840
mem:  3084288
mem:  3073536
mem:  3116544
mem:  3108352
mem:  3080704
mem:  3111424
mem:  3151872
mem:  3153408
mem:  3129344
mem:  3130880
mem:  3142144
mem:  3126784
mem:  3154944
mem:  3104256
mem:  3089920
mem:  3126784
mem:  3115008
mem:  3168768
mem:  3125248
mem:  3123200
mem:  3173376
mem:  3155456
mem:  3172864
mem:  3152384
mem:  3134464
mem:  3145728
mem:  3149824
mem:  3184128
mem:  3133440
mem:  3144704
mem:  3169280
mem:  3180544
mem:  3191808
mem:  3187200
mem:  3185152
mem:  3167232
mem:  3178496
mem:  3199488
mem:  3201024
mem:  3192832
mem:  3178496
mem:  3180032
mem:  3168256
mem:  3183104
mem:  3194368
mem:  3170304
mem:  3209728
mem:  3205120
mem:  3171328
mem:  3165696
mem:  3209728
mem:  3220992
mem:  3216384
mem:  3214336
mem:  3173376
mem:  3205120
mem:  3203072
mem:  3227648
mem:  3231744
mem:  3220992
mem:  3202048
mem:  3236352
mem:  3202560
mem:  3236864
mem:  3240960
mem:  3232768
mem:  3220992
mem:  3245568
mem:  3179008
mem:  3245056
mem:  3240448
mem:  3232256
mem:  3253248
mem:  3241472
mem:  3227136
mem:  3225088
mem:  3191296
mem:  3237888
mem:  3256320
mem:  3234816
mem:  3232768
mem:  3263488
mem:  3265024
mem:  3260416
mem:  3229184
mem:  3237888
mem:  3245568
mem:  3244544
mem:  3196416
mem:  3227136
mem:  3235840
mem:  3220480
mem:  3232768
mem:  3282944
mem:  3287040
mem:  3282432
mem:  3231744
mem:  3227136
mem:  3248128
mem:  3275264
mem:  3296256
mem:  3229696
mem:  3250688
mem:  3277824
mem:  3279360
mem:  3252736
mem:  3286016
mem:  3291136
mem:  3286528
mem:  3300352
mem:  3305472
mem:  3297280
mem:  3304960
mem:  3316224
mem:  3301888
mem:  3283968
mem:  3304960
mem:  3318784
mem:  3308032
mem:  3319296
mem:  3314688
mem:  3306496
mem:  3320320
mem:  3328000
mem:  3313664
mem:  3332096
mem:  3323904
mem:  3337728
mem:  3336704
mem:  3334656
mem:  3336192
mem:  3340288
mem:  3325952
mem:  3331072
mem:  3332608
mem:  3340288
mem:  3325952
mem:  3349504
mem:  3325440
mem:  3334144
mem:  3344384
mem:  3346944
mem:  3347456
mem:  3356160
mem:  3344384
mem:  3361792
mem:  3357184
mem:  3342848
mem:  3357696
mem:  3371520
mem:  3353600
mem:  3368448
mem:  3376128
mem:  3365376
mem:  3369472
mem:  3374592
mem:  3372544
mem:  3377664
mem:  3372032
mem:  3383296
mem:  3378688
mem:  3380224
mem:  3362304
mem:  3363840
mem:  3384832
mem:  3376640
mem:  3387904
mem:  3395584
mem:  3394560
mem:  3357184
mem:  3384320
mem:  3405312
mem:  3387392
mem:  3392512
mem:  3397632
mem:  3392000
mem:  3406848
mem:  3398656
mem:  3394048
mem:  3401728
mem:  3419136
mem:  3418112
mem:  3412480
mem:  3414016
mem:  3405824
mem:  3420672
mem:  3418624
mem:  3420160
mem:  3415552
mem:  3432960
mem:  3422208
mem:  3426304
mem:  3437568
mem:  3432960
mem:  3430912
mem:  3436032
mem:  3440128
mem:  3429376
mem:  3421184
mem:  3406848
mem:  3420672
mem:  3445248
mem:  3452928
mem:  3442176
mem:  3442688
