SLURM_JOBID=5050238
SLURM_JOB_NODELIST=svl2
SLURM_NNODES=1
SLURMTMPDIR=
working directory = /viscam/projects/objectfolder_benchmark/benchmarks/Multi_Sensory_3D_Reconstruction/code/models/MDN
Start_idx:  853
mem:  1536
mem:  1897984
mem:  1891840
mem:  1893376
mem:  1879040
mem:  1887744
mem:  1889280
mem:  1912832
mem:  1910784
mem:  1915904
mem:  1911296
mem:  1886208
mem:  1907200
mem:  1870848
mem:  1884672
mem:  1895936
mem:  1930240
mem:  1915904
mem:  1906688
mem:  1899520
mem:  1916928
mem:  1899008
mem:  1916416
mem:  1905664
mem:  1932800
mem:  1895424
mem:  1903104
mem:  1882624
mem:  1938944
mem:  1933312
mem:  1926144
mem:  1933824
mem:  1931776
mem:  1927168
mem:  1940992
mem:  1930240
mem:  1935360
mem:  1935872
mem:  1950720
mem:  1952256
mem:  1979392
mem:  1933312
mem:  1960448
mem:  1919488
mem:  1957376
mem:  1932288
mem:  1963008
mem:  1945088
mem:  1952768
mem:  1983488
mem:  1943552
mem:  1938944
mem:  1972224
mem:  1993216
mem:  1972736
mem:  1953792
mem:  1978368
mem:  1987072
mem:  1965568
mem:  1976832
mem:  1971200
mem:  1976320
mem:  1985024
mem:  1986560
mem:  1980928
mem:  1972736
mem:  1977856
mem:  1985536
mem:  1974784
mem:  2027520
mem:  1997312
mem:  2004992
mem:  1990656
mem:  1992192
mem:  1993728
mem:  1981952
mem:  2009088
mem:  1981440
mem:  1998848
mem:  2007552
mem:  2021376
mem:  2013184
mem:  2012160
mem:  2006528
mem:  1982464
mem:  2042368
mem:  2020864
mem:  2025984
mem:  2023936
mem:  2019328
mem:  2034176
mem:  2061312
mem:  2033664
mem:  2025472
mem:  2024448
mem:  2018816
mem:  2004480
mem:  2054656
mem:  2029568
mem:  2051584
