SLURM_JOBID=5049440
SLURM_JOB_NODELIST=svl3
SLURM_NNODES=1
SLURMTMPDIR=
working directory = /viscam/projects/objectfolder_benchmark/benchmarks/Multi_Sensory_3D_Reconstruction/code/models/MDN
Start_idx:  44
mem:  1536
mem:  1907712
mem:  1901568
mem:  1893376
mem:  1908224
mem:  1886720
mem:  1882112
mem:  1909248
mem:  1930240
mem:  1880576
mem:  1888256
mem:  1932288
mem:  1907200
mem:  1886720
mem:  1920000
mem:  1932288
mem:  1913344
mem:  1924608
mem:  1935872
mem:  1927680
mem:  1890304
mem:  1928192
mem:  1952768
mem:  1908224
mem:  1915904
mem:  1928192
mem:  1929728
mem:  1963008
mem:  1932800
mem:  1962496
mem:  1957888
mem:  1969152
mem:  1947648
mem:  1969664
mem:  1970176
mem:  1946112
mem:  1931776
mem:  1968640
mem:  1976320
mem:  1926656
mem:  1982976
mem:  1972224
mem:  1956864
mem:  1971712
mem:  1975808
mem:  1958912
mem:  1978880
mem:  1964544
mem:  1952768
mem:  1983488
mem:  1953280
mem:  1954816
mem:  1933312
mem:  1951744
mem:  1994752
mem:  1982976
mem:  1995264
mem:  1964032
mem:  2007040
mem:  2002432
mem:  2003968
mem:  1937408
mem:  2000896
mem:  2008576
mem:  1958912
mem:  1960448
mem:  2010624
mem:  1972224
mem:  1990656
mem:  2001920
mem:  1980416
mem:  2011136
mem:  1993216
mem:  2001920
mem:  1996288
mem:  2013696
mem:  2016256
mem:  2004480
mem:  2041344
mem:  1994240
mem:  2034688
mem:  2013184
mem:  2008576
mem:  2010112
mem:  2048000
mem:  2036224
mem:  2053632
mem:  2025984
mem:  2005504
mem:  2003456
mem:  2036736
mem:  2032128
mem:  2037248
mem:  2025472
mem:  2046464
mem:  2018816
mem:  2014208
mem:  2021888
mem:  2019840
mem:  2044416
mem:  2055680
mem:  2051072
mem:  2055168
mem:  2063872
mem:  2038784
mem:  2043904
mem:  2058752
mem:  2050560
mem:  2064384
mem:  2059776
mem:  2058752
mem:  2072576
mem:  2070528
mem:  2046464
mem:  2067456
mem:  2068992
mem:  2070528
mem:  2068480
mem:  2079744
mem:  2071552
mem:  2083840
mem:  2081792
mem:  2076160
mem:  2087424
mem:  2080256
mem:  2097664
mem:  2089472
mem:  2091008
mem:  2082816
mem:  2094080
mem:  2095616
mem:  2100736
mem:  2098688
mem:  2113536
mem:  2107904
mem:  2099712
mem:  2108416
mem:  2096640
mem:  2100736
mem:  2113024
mem:  2114560
mem:  2112512
mem:  2100736
mem:  2115584
mem:  2117120
mem:  2115072
mem:  2120192
mem:  2118144
mem:  2119680
mem:  2130944
mem:  2126336
mem:  2134016
mem:  2139136
mem:  2133504
mem:  2142208
mem:  2130432
mem:  2145280
mem:  2130944
mem:  2138624
mem:  2146304
mem:  2124800
mem:  2149376
mem:  2148352
mem:  2142720
mem:  2157568
mem:  2161664
mem:  2147328
mem:  2146304
mem:  2156544
mem:  2165248
mem:  2153472
mem:  2155008
mem:  2150400
mem:  2151936
mem:  2159616
mem:  2157568
mem:  2172416
mem:  2160640
mem:  2175488
mem:  2173440
mem:  2172416
mem:  2180096
mem:  2156032
mem:  2189312
mem:  2178560
mem:  2173952
mem:  2185216
mem:  2185728
mem:  2210304
mem:  2179072
mem:  2181632
mem:  2191872
mem:  2183680
mem:  2192384
mem:  2196480
mem:  2205184
mem:  2210304
mem:  2198528
mem:  2202624
mem:  2198016
