SLURM_JOBID=5050248
SLURM_JOB_NODELIST=svl1
SLURM_NNODES=1
SLURMTMPDIR=
working directory = /viscam/projects/objectfolder_benchmark/benchmarks/Multi_Sensory_3D_Reconstruction/code/models/MDN
Start_idx:  861
mem:  1536
mem:  1923584
mem:  1914880
mem:  1906688
mem:  1927680
mem:  1929216
mem:  1930752
mem:  1932288
mem:  1924096
mem:  1935360
mem:  1923584
mem:  1934848
mem:  1937408
mem:  1941504
mem:  1933312
mem:  1944576
mem:  1946112
mem:  1947648
mem:  1946624
mem:  1944576
mem:  1952256
mem:  1953792
mem:  1952768
mem:  1950720
mem:  1958400
mem:  1956352
mem:  1951744
mem:  1959424
mem:  1951232
mem:  1966080
mem:  1961472
mem:  1965568
mem:  1967104
mem:  1968640
mem:  1964032
mem:  1975296
mem:  1976832
mem:  1972224
mem:  1979904
mem:  1981440
mem:  1976832
mem:  1981952
mem:  1976320
mem:  1987584
mem:  1986560
mem:  1990656
mem:  1982464
mem:  1990144
mem:  1995264
mem:  1993216
mem:  1995776
mem:  1999872
mem:  1995264
mem:  2002944
mem:  1998336
mem:  2003456
mem:  1991680
mem:  2006528
mem:  2000896
mem:  2006016
mem:  2007552
mem:  2012672
mem:  2016768
mem:  2018304
mem:  2013696
mem:  2015232
mem:  2003456
mem:  2018304
mem:  2019840
mem:  2024960
mem:  2022912
mem:  2028032
mem:  2025984
mem:  2033664
mem:  2035200
mem:  2036736
mem:  2034688
mem:  2039808
mem:  2041344
mem:  2027008
mem:  2040832
mem:  2042368
mem:  2047488
mem:  2049024
mem:  2050560
mem:  2049536
mem:  2053632
mem:  2049024
mem:  2056704
mem:  2058240
mem:  2056192
mem:  2061312
mem:  2062848
mem:  2060800
mem:  2043904
mem:  2067456
mem:  2065408
mem:  2070528
mem:  2065920
mem:  2067456
