SLURM_JOBID=5049793
SLURM_JOB_NODELIST=svl1
SLURM_NNODES=1
SLURMTMPDIR=
working directory = /viscam/projects/objectfolder_benchmark/benchmarks/Multi_Sensory_3D_Reconstruction/code/models/MDN
Start_idx:  358
mem:  1536
mem:  1917440
mem:  1918464
mem:  1926144
mem:  1908224
mem:  1909760
mem:  1911296
mem:  1916416
mem:  1914368
mem:  1932800
mem:  1905152
mem:  1893376
mem:  1885184
mem:  1925632
mem:  1936896
mem:  1918976
mem:  1939968
mem:  1924608
mem:  1943040
mem:  1940992
mem:  1942528
mem:  1928192
mem:  1952768
mem:  1931264
mem:  1948672
mem:  1946624
mem:  1935872
mem:  1963008
mem:  1929216
mem:  1953792
mem:  1961472
mem:  1956864
mem:  1918464
mem:  1959936
mem:  1948160
mem:  1961984
mem:  1967104
mem:  1968640
mem:  1973760
mem:  1971712
mem:  1976832
mem:  1972224
mem:  1976320
mem:  1987584
mem:  1979392
mem:  1978368
mem:  1989632
mem:  1958400
mem:  1979392
mem:  1996800
mem:  1986048
mem:  1986560
mem:  2001408
mem:  1948160
mem:  2001920
mem:  1996288
mem:  2007552
mem:  1989632
mem:  2010624
mem:  1996288
mem:  1991680
mem:  1999360
mem:  1985024
mem:  2012160
mem:  1987072
mem:  2021376
mem:  2022912
mem:  2014720
mem:  2000384
mem:  2027520
mem:  1976832
mem:  1989120
mem:  2032128
mem:  2033664
mem:  2035200
mem:  2036736
mem:  2015232
mem:  1997312
mem:  2037760
mem:  2033152
mem:  2044416
mem:  2030080
mem:  2041344
mem:  2029568
mem:  2034688
mem:  2045952
mem:  2040320
mem:  2052608
mem:  2037248
mem:  2044928
mem:  2036736
mem:  2045440
mem:  2049536
mem:  2048512
mem:  2059776
mem:  2041856
mem:  2055680
mem:  2067968
mem:  2056192
mem:  2067456
