SLURM_JOBID=5049863
SLURM_JOB_NODELIST=svl2
SLURM_NNODES=1
SLURMTMPDIR=
working directory = /viscam/projects/objectfolder_benchmark/benchmarks/Multi_Sensory_3D_Reconstruction/code/models/MDN
Start_idx:  450
mem:  1536
mem:  1911296
mem:  1891840
mem:  1896960
mem:  1898496
mem:  1890304
mem:  1907712
mem:  1916416
mem:  1914368
mem:  1890304
mem:  1911296
mem:  1906688
mem:  1894912
mem:  1906176
mem:  1929728
mem:  1912832
mem:  1903616
mem:  1892864
mem:  1927168
mem:  1886208
mem:  1930240
mem:  1908736
mem:  1920000
mem:  1924096
mem:  1936384
mem:  1921024
mem:  1939456
mem:  1963008
mem:  1948672
mem:  1952768
mem:  1922560
mem:  1939968
mem:  1967104
mem:  1949184
mem:  1967616
mem:  1916928
mem:  1934336
mem:  1949184
mem:  1960448
mem:  1938944
mem:  1953792
mem:  1961472
mem:  1986048
mem:  1955840
mem:  1966080
mem:  1938432
mem:  1976320
mem:  1987584
mem:  1959936
mem:  1945600
mem:  1953280
mem:  1977856
mem:  1972224
mem:  1990656
mem:  1963008
mem:  1964544
mem:  1956352
mem:  1973760
mem:  2000896
mem:  1973248
mem:  1968640
mem:  1993216
mem:  2007040
mem:  1992704
mem:  1990656
mem:  1979904
mem:  2007040
mem:  2014720
mem:  2000384
mem:  1988608
mem:  1990144
mem:  2007552
mem:  1993216
mem:  2010624
mem:  2022912
mem:  2001408
mem:  1989632
mem:  2020352
mem:  2006016
mem:  2030592
mem:  2002944
mem:  2022912
mem:  2047488
mem:  2027008
mem:  2037248
mem:  2016768
mem:  2028032
mem:  2000384
mem:  2017792
mem:  2019328
mem:  2034176
mem:  2009088
mem:  2053120
mem:  2041344
mem:  2040320
mem:  2061312
mem:  2062848
mem:  2060800
mem:  2052608
mem:  2018816
