SLURM_JOBID=5049834
SLURM_JOB_NODELIST=svl18
SLURM_NNODES=1
SLURMTMPDIR=
working directory = /viscam/projects/objectfolder_benchmark/benchmarks/Multi_Sensory_3D_Reconstruction/code/models/MDN
Start_idx:  385
mem:  1536
mem:  1888256
mem:  1892864
mem:  1893376
mem:  1892352
mem:  1897472
mem:  1905152
mem:  1918976
mem:  1892352
mem:  1909760
mem:  1859072
mem:  1912832
mem:  1894912
mem:  1906176
mem:  1930752
mem:  1886208
mem:  1903616
mem:  1899008
mem:  1894400
mem:  1921536
mem:  1907200
mem:  1908736
mem:  1935872
mem:  1931264
mem:  1886720
mem:  1917440
mem:  1961472
mem:  1943552
mem:  1880576
mem:  1921024
mem:  1922560
mem:  1949696
mem:  1931776
mem:  1972224
mem:  1964032
mem:  1923072
mem:  1918464
mem:  1956352
mem:  1934848
mem:  1932800
mem:  1924608
mem:  1968640
mem:  1986048
mem:  1942528
mem:  1928192
mem:  1971200
mem:  1986048
mem:  1968128
mem:  1966080
mem:  1945600
mem:  1978880
mem:  1951232
mem:  1943040
mem:  1971200
mem:  1998336
mem:  1980416
mem:  1997824
mem:  1944576
mem:  1965568
mem:  1953792
mem:  2013696
mem:  1972736
mem:  1991168
mem:  2006016
mem:  2019840
mem:  1988608
mem:  2010624
mem:  2008576
mem:  2012672
mem:  1988608
mem:  1987584
mem:  1978368
mem:  1964032
mem:  2000896
mem:  2015744
mem:  2004992
mem:  1950720
mem:  2039808
mem:  2009600
mem:  1990656
mem:  1995776
mem:  2045952
mem:  2041344
mem:  2016256
mem:  1999360
mem:  1993728
mem:  2008576
mem:  2025984
mem:  2021376
mem:  2048512
mem:  2037760
mem:  2006528
mem:  2030080
mem:  2015744
mem:  2050048
mem:  2025984
mem:  2014208
mem:  2021888
mem:  2062336
mem:  2060288
