SLURM_JOBID=5049171
SLURM_JOB_NODELIST=svl8
SLURM_NNODES=1
SLURMTMPDIR=
working directory = /viscam/projects/objectfolder_benchmark/benchmarks/Multi_Sensory_3D_Reconstruction/code/models/MDN
Start_idx:  40
mem:  1536
mem:  1865216
mem:  1912320
mem:  1926144
mem:  1905664
mem:  1909760
mem:  1889280
mem:  1870336
mem:  1902080
mem:  1915904
mem:  1901568
mem:  1893376
mem:  1871872
mem:  1922048
mem:  1940480
mem:  1918976
mem:  1914368
mem:  1879552
mem:  1929728
mem:  1934848
mem:  1952256
mem:  1918464
mem:  1920000
mem:  1953280
mem:  1952256
mem:  1921024
mem:  1922560
mem:  1953280
mem:  1964544
mem:  1917440
mem:  1938432
mem:  1969152
mem:  1941504
mem:  1966080
mem:  1971200
mem:  1949696
mem:  1937920
mem:  1978368
mem:  1934848
mem:  1981440
mem:  1970688
mem:  1965056
mem:  1982464
mem:  1961984
mem:  1940480
mem:  1968640
mem:  1966592
mem:  1977856
mem:  1995264
mem:  1974784
mem:  1975296
mem:  1938944
mem:  1949184
mem:  1996800
mem:  1975296
mem:  1960960
mem:  1962496
mem:  1995776
mem:  1988608
mem:  1973248
mem:  1958912
mem:  1973760
mem:  1997312
mem:  2018304
mem:  1967616
mem:  1986048
mem:  2016768
mem:  1973248
mem:  2022400
mem:  1972736
mem:  1986560
mem:  2014720
mem:  1996800
mem:  2030080
mem:  2003456
mem:  2030592
mem:  2009088
mem:  2000896
mem:  2012160
mem:  1990656
mem:  2031104
mem:  2004480
mem:  2014720
mem:  2025984
mem:  2048000
mem:  1991168
mem:  2004992
mem:  2041856
mem:  2021376
mem:  2029056
mem:  2043904
mem:  2022400
mem:  2020352
mem:  2025472
mem:  2053632
mem:  2063872
mem:  2055680
mem:  2064384
mem:  2056192
mem:  2067456
mem:  2043392
mem:  2012160
mem:  2036736
mem:  2040832
mem:  2061824
mem:  2053632
mem:  2010112
mem:  2031104
mem:  2048512
mem:  2043904
mem:  1987072
mem:  2062848
mem:  2058240
mem:  2053632
mem:  2041856
mem:  2078720
mem:  2035200
mem:  2068480
mem:  2054144
mem:  2091008
mem:  2053632
mem:  2081792
mem:  2046976
mem:  2075136
mem:  2082816
mem:  2080768
mem:  2034688
mem:  2045952
mem:  2088960
mem:  2096640
mem:  2085888
mem:  2067968
mem:  2110976
mem:  2077184
mem:  2043392
mem:  2070528
mem:  2101248
mem:  2096640
mem:  2114048
mem:  2086400
mem:  2101248
mem:  2108928
mem:  2114048
mem:  2099712
mem:  2087936
mem:  2111488
mem:  2116608
mem:  2104832
mem:  2132992
mem:  2039808
mem:  2074112
mem:  2104832
mem:  2106368
mem:  2104320
mem:  2109440
mem:  2140160
mem:  2119680
mem:  2094592
mem:  2103296
mem:  2132992
mem:  2128384
mem:  2120192
mem:  2141184
mem:  2139136
mem:  2128384
mem:  2145792
mem:  2150912
mem:  2158592
mem:  2134528
mem:  2161664
mem:  2153472
mem:  2158592
mem:  2117632
mem:  2128896
mem:  2126848
mem:  2170880
mem:  2156544
mem:  2158080
mem:  2146304
mem:  2157568
mem:  2178560
mem:  2170368
mem:  2185216
mem:  2179584
mem:  2174976
mem:  2157056
mem:  2181632
mem:  2176000
mem:  2174976
mem:  2189824
mem:  2174464
mem:  2199040
mem:  2181120
mem:  2198528
mem:  2200064
mem:  2182144
mem:  2216448
mem:  2198528
mem:  2196480
mem:  2201600
mem:  2186240
mem:  2194944
mem:  2199040
mem:  2217472
mem:  2195968
mem:  2171904
mem:  2199040
mem:  2220032
mem:  2195968
mem:  2178048
mem:  2166272
mem:  2216448
mem:  2202112
mem:  2209792
mem:  2221056
mem:  2239488
mem:  2237440
mem:  2231808
mem:  2211328
mem:  2242048
mem:  2233856
mem:  2251264
mem:  2243072
mem:  2238464
mem:  2207232
mem:  2257408
mem:  2258944
mem:  2250752
mem:  2213376
mem:  2228224
mem:  2216448
mem:  2234880
mem:  2223104
mem:  2217472
mem:  2229760
mem:  2241024
mem:  2268160
mem:  2233344
mem:  2242048
mem:  2255872
mem:  2254848
mem:  2252800
mem:  2248192
mem:  2253312
mem:  2267136
mem:  2275840
mem:  2241024
mem:  2255872
mem:  2253824
mem:  2245632
mem:  2247168
mem:  2277888
mem:  2269696
mem:  2265088
mem:  2250752
mem:  2251264
mem:  2311168
mem:  2284544
mem:  2295808
mem:  2276864
mem:  2291712
mem:  2283520
mem:  2252288
mem:  2273280
mem:  2258944
mem:  2289664
mem:  2281472
mem:  2296320
mem:  2297856
mem:  2309120
mem:  2284032
mem:  2306048
mem:  2290688
mem:  2292224
mem:  2330112
mem:  2302464
mem:  2310144
mem:  2304512
mem:  2319360
mem:  2314752
mem:  2328576
mem:  2298368
mem:  2329088
mem:  2324480
mem:  2322432
mem:  2300928
mem:  2329088
mem:  2356224
mem:  2311680
mem:  2342400
mem:  2324480
mem:  2297856
mem:  2370048
mem:  2329088
mem:  2347520
mem:  2364928
mem:  2343424
mem:  2332672
mem:  2301440
mem:  2329600
mem:  2331136
mem:  2368000
mem:  2334208
mem:  2373632
mem:  2323968
mem:  2368000
mem:  2349056
mem:  2334720
mem:  2369024
mem:  2305024
mem:  2368512
mem:  2370048
mem:  2352128
mem:  2359808
mem:  2352640
mem:  2356736
mem:  2403328
mem:  2365952
mem:  2348032
mem:  2350592
mem:  2399744
mem:  2395136
mem:  2371072
mem:  2366464
mem:  2380288
mem:  2378240
mem:  2370048
mem:  2423808
mem:  2374144
mem:  2384384
mem:  2408960
mem:  2377728
mem:  2363392
mem:  2409984
mem:  2366464
mem:  2433536
mem:  2398720
mem:  2413568
mem:  2378752
mem:  2397184
mem:  2385408
mem:  2380800
mem:  2401792
mem:  2409472
mem:  2397696
mem:  2400256
mem:  2450432
mem:  2399744
mem:  2362368
mem:  2454016
mem:  2404352
mem:  2412032
mem:  2419712
mem:  2444288
mem:  2416640
mem:  2418176
mem:  2419712
mem:  2411520
mem:  2399744
mem:  2434048
mem:  2429440
mem:  2460160
mem:  2428928
mem:  2424320
mem:  2432000
mem:  2437120
mem:  2421760
mem:  2433024
mem:  2470912
mem:  2459136
mem:  2450944
mem:  2469376
mem:  2434560
mem:  2451968
mem:  2470400
mem:  2433024
mem:  2434560
mem:  2471424
mem:  2440192
mem:  2487808
mem:  2456576
mem:  2475008
mem:  2456064
mem:  2477056
mem:  2505216
mem:  2473984
mem:  2446336
mem:  2486784
mem:  2462720
mem:  2473984
mem:  2514432
mem:  2483200
mem:  2422784
mem:  2476544
mem:  2471936
mem:  2514944
mem:  2490880
mem:  2496000
mem:  2493952
mem:  2482176
mem:  2458112
mem:  2492416
mem:  2493952
mem:  2518528
mem:  2542080
mem:  2514432
mem:  2542592
mem:  2536960
mem:  2499584
mem:  2524160
mem:  2518528
mem:  2536960
mem:  2525184
mem:  2526720
mem:  2551296
mem:  2523648
mem:  2534912
mem:  2510848
mem:  2518528
mem:  2529792
mem:  2550784
mem:  2548736
mem:  2530816
mem:  2526208
mem:  2521600
mem:  2506240
mem:  2543104
mem:  2551808
mem:  2556928
mem:  2547712
mem:  2552832
mem:  2505728
mem:  2569216
mem:  2567168
mem:  2588160
mem:  2570240
mem:  2555904
mem:  2579456
mem:  2549248
mem:  2566656
mem:  2571776
mem:  2589184
mem:  2561536
mem:  2582528
mem:  2603520
mem:  2605056
mem:  2565120
mem:  2556928
mem:  2586624
mem:  2585600
mem:  2577408
mem:  2604544
mem:  2576896
mem:  2588160
mem:  2587136
mem:  2577920
mem:  2621952
mem:  2562560
mem:  2595840
mem:  2587648
mem:  2583040
mem:  2604032
mem:  2592256
mem:  2574336
mem:  2595328
mem:  2604032
mem:  2585088
mem:  2584064
mem:  2598912
mem:  2610176
mem:  2608128
mem:  2586624
mem:  2597888
mem:  2618880
mem:  2600960
mem:  2596352
mem:  2652672
mem:  2634752
mem:  2600960
mem:  2621952
mem:  2619904
mem:  2627584
mem:  2613248
mem:  2621952
mem:  2616320
mem:  2627584
mem:  2654720
mem:  2669568
mem:  2645504
mem:  2620416
mem:  2599936
mem:  2662400
mem:  2648064
mem:  2630144
mem:  2644992
mem:  2672128
mem:  2670080
mem:  2675200
mem:  2664448
mem:  2658816
mem:  2654208
mem:  2687488
mem:  2682880
mem:  2680832
mem:  2682368
mem:  2648576
mem:  2659840
mem:  2664960
mem:  2672640
mem:  2664448
mem:  2704896
mem:  2657792
mem:  2666496
mem:  2703360
mem:  2681856
mem:  2689536
mem:  2698240
mem:  2690048
mem:  2707456
mem:  2683392
mem:  2661888
mem:  2692608
mem:  2723328
mem:  2724864
mem:  2720256
mem:  2705920
mem:  2726912
mem:  2689536
mem:  2716672
mem:  2708480
mem:  2694144
mem:  2695680
mem:  2686464
mem:  2736640
mem:  2739200
mem:  2707968
mem:  2705920
mem:  2746368
mem:  2734592
mem:  2723840
mem:  2750976
mem:  2742784
mem:  2715136
mem:  2726400
mem:  2737664
mem:  2723328
mem:  2728448
mem:  2722816
mem:  2737664
mem:  2755072
mem:  2760192
mem:  2758144
mem:  2737664
mem:  2741760
mem:  2766336
mem:  2719232
mem:  2775552
mem:  2747904
mem:  2720256
mem:  2776576
mem:  2778112
mem:  2760192
mem:  2768896
mem:  2770432
mem:  2787840
mem:  2744320
mem:  2775040
mem:  2766848
mem:  2774528
mem:  2772480
mem:  2781184
mem:  2776576
mem:  2780672
mem:  2766336
mem:  2800640
mem:  2791424
mem:  2767360
mem:  2788352
mem:  2770432
mem:  2795008
mem:  2812416
mem:  2745856
mem:  2793472
mem:  2781696
mem:  2789376
mem:  2798080
mem:  2821632
mem:  2819584
mem:  2818560
mem:  2790912
mem:  2766848
mem:  2816000
mem:  2766336
mem:  2806784
mem:  2808320
mem:  2806272
mem:  2836992
mem:  2828800
mem:  2824192
mem:  2816000
mem:  2800640
mem:  2821632
mem:  2820608
mem:  2838016
mem:  2804224
mem:  2796032
mem:  2823168
mem:  2779648
mem:  2855424
mem:  2792448
mem:  2787840
mem:  2817536
mem:  2828800
mem:  2769408
mem:  2861056
mem:  2814976
mem:  2851840
mem:  2863104
mem:  2867200
mem:  2872320
mem:  2860544
mem:  2859520
mem:  2818560
mem:  2875904
mem:  2809344
mem:  2832896
mem:  2857472
mem:  2882048
mem:  2856960
mem:  2877952
mem:  2840576
mem:  2851840
mem:  2830336
mem:  2858496
mem:  2836992
mem:  2848256
mem:  2872832
mem:  2893824
mem:  2895360
mem:  2881024
mem:  2853376
mem:  2838016
mem:  2859008
mem:  2866688
mem:  2904576
mem:  2902528
mem:  2882048
mem:  2866688
mem:  2887680
mem:  2886656
mem:  2867712
mem:  2915328
mem:  2854912
mem:  2908672
mem:  2919936
mem:  2886144
mem:  2899968
mem:  2911232
mem:  2929664
mem:  2872832
mem:  2876928
mem:  2872320
mem:  2934784
mem:  2881536
mem:  2929152
mem:  2897920
mem:  2928640
mem:  2903552
mem:  2921984
mem:  2942976
mem:  2934784
mem:  2887680
mem:  2940416
mem:  2929664
mem:  2950656
mem:  2952192
mem:  2891776
mem:  2899456
mem:  2956800
mem:  2952192
mem:  2966016
mem:  2938368
mem:  2947072
mem:  2967040
mem:  2966016
mem:  2909184
mem:  2975232
mem:  2964480
mem:  2949120
mem:  2892288
mem:  2971648
mem:  2914816
mem:  2952704
mem:  2976256
mem:  2942464
mem:  2986496
mem:  2939392
mem:  2969088
mem:  2945024
mem:  2946560
mem:  2984448
mem:  2975232
mem:  2960896
mem:  2929664
mem:  2979840
mem:  2978816
mem:  2970624
mem:  2974720
mem:  2960384
mem:  2971648
mem:  2986496
mem:  2978304
mem:  2976256
mem:  2971648
mem:  2967040
mem:  2984448
mem:  2985984
mem:  2990080
mem:  2972160
mem:  2984448
mem:  2988544
mem:  3003392
mem:  3001344
mem:  3002880
mem:  2994688
mem:  3012096
mem:  3007488
mem:  2989568
mem:  3008000
mem:  2992640
mem:  3013632
mem:  2992128
mem:  3010560
mem:  2976768
mem:  3023360
mem:  3015168
mem:  3013120
mem:  3027968
mem:  3035648
mem:  3031040
mem:  3003392
mem:  3024384
mem:  3012608
mem:  2994688
mem:  3032576
mem:  3030528
mem:  3028480
mem:  3027456
mem:  3005952
mem:  3049984
mem:  3024896
mem:  3055616
mem:  3053568
mem:  3026944
mem:  3031040
mem:  3022848
mem:  3034112
mem:  3045376
mem:  3063808
mem:  3048448
mem:  3037696
mem:  3055104
mem:  3043328
mem:  3074048
mem:  3072000
mem:  3067392
mem:  3065344
mem:  3048448
mem:  3079168
mem:  3047936
mem:  3078656
mem:  3080192
mem:  3052544
mem:  3083264
mem:  3075072
mem:  3070464
mem:  3094016
mem:  3076096
mem:  3071488
mem:  3075584
mem:  3094016
mem:  3095552
mem:  3103232
mem:  3101184
mem:  3096576
mem:  3105280
mem:  3083776
mem:  3104768
mem:  3108864
mem:  3078656
mem:  3093504
mem:  3114496
mem:  3105280
mem:  3120128
mem:  3102208
mem:  3113472
mem:  3118592
mem:  3100672
mem:  3111936
mem:  3103744
mem:  3098112
mem:  3103232
mem:  3114496
mem:  3154944
mem:  3111424
mem:  3136000
mem:  3114496
mem:  3161088
mem:  3152896
mem:  3125248
mem:  3146240
mem:  3145216
mem:  3137024
mem:  3141120
mem:  3146240
mem:  3108864
mem:  3139584
mem:  3164160
mem:  3177984
mem:  3175936
mem:  3142144
mem:  3127808
mem:  3132928
mem:  3169792
mem:  3173888
mem:  3182592
mem:  3131904
mem:  3150336
mem:  3183616
mem:  3146240
mem:  3153920
mem:  3126272
mem:  3125248
mem:  3191296
mem:  3124736
mem:  3159040
mem:  3133952
mem:  3175424
mem:  3175936
mem:  3194368
mem:  3202048
mem:  3129344
mem:  3163648
mem:  3193344
mem:  3205632
mem:  3219456
mem:  3178496
mem:  3209216
mem:  3194880
mem:  3215872
mem:  3217408
mem:  3196928
mem:  3194880
mem:  3206144
mem:  3184640
mem:  3215360
mem:  3216896
mem:  3214848
mem:  3204096
mem:  3227648
mem:  3197440
mem:  3212288
mem:  3245568
mem:  3217920
mem:  3209728
mem:  3244032
mem:  3251712
mem:  3208192
mem:  3248640
mem:  3250176
mem:  3209216
mem:  3165696
mem:  3260928
mem:  3178496
mem:  3183616
mem:  3265536
mem:  3212288
mem:  3217408
mem:  3256832
mem:  3226624
mem:  3250176
mem:  3213824
mem:  3205632
mem:  3248640
mem:  3240448
mem:  3203072
mem:  3253248
mem:  3225600
mem:  3279360
mem:  3287040
mem:  3276288
mem:  3206144
mem:  3252736
mem:  3254272
mem:  3269120
mem:  3257344
mem:  3268608
mem:  3244544
mem:  3288576
mem:  3234304
mem:  3288064
mem:  3270144
mem:  3287552
mem:  3289088
mem:  3258880
mem:  3262976
mem:  3277824
mem:  3259904
mem:  3287040
mem:  3275264
mem:  3258368
mem:  3311104
mem:  3296768
mem:  3300864
mem:  3325440
mem:  3317248
mem:  3316224
mem:  3288576
mem:  3325440
mem:  3310080
mem:  3328512
mem:  3300864
mem:  3321856
mem:  3296768
mem:  3289600
mem:  3309568
mem:  3324416
mem:  3329536
mem:  3331072
mem:  3329024
mem:  3350016
mem:  3318784
mem:  3323904
mem:  3322880
mem:  3346432
mem:  3344384
mem:  3304448
mem:  3358208
mem:  3350016
mem:  3357696
mem:  3320320
mem:  3357184
mem:  3342848
mem:  3363840
mem:  3371520
mem:  3314688
mem:  3345408
mem:  3360256
mem:  3358208
mem:  3359744
mem:  3335680
mem:  3362816
mem:  3338752
mem:  3379200
mem:  3377152
mem:  3355648
mem:  3370496
mem:  3365888
mem:  3390464
mem:  3368960
mem:  3373056
mem:  3358720
mem:  3389440
mem:  3394560
mem:  3396096
mem:  3368448
mem:  3379712
mem:  3371520
mem:  3359744
mem:  3390464
mem:  3362816
mem:  3399680
mem:  3411968
mem:  3394048
mem:  3392000
mem:  3383808
mem:  3401216
mem:  3408896
mem:  3365376
mem:  3393536
mem:  3426816
mem:  3379712
mem:  3404288
mem:  3405824
mem:  3364864
mem:  3408896
mem:  3371520
mem:  3424256
mem:  3416064
mem:  3392000
mem:  3406848
mem:  3427840
mem:  3429376
mem:  3427328
mem:  3438592
mem:  3420672
mem:  3439104
mem:  3404288
mem:  3392512
mem:  3453440
