SLURM_JOBID=5050370
SLURM_JOB_NODELIST=svl2
SLURM_NNODES=1
SLURMTMPDIR=
working directory = /viscam/projects/objectfolder_benchmark/benchmarks/Multi_Sensory_3D_Reconstruction/code/models/MDN
Start_idx:  962
mem:  1536
mem:  1894400
mem:  1924608
mem:  1867776
mem:  1925120
mem:  1913344
mem:  1914880
mem:  1906688
mem:  1865728
mem:  1890304
mem:  1905152
mem:  1899520
mem:  1907200
mem:  1922048
mem:  1874944
mem:  1886208
mem:  1897472
mem:  1902592
mem:  1894400
mem:  1908224
mem:  1952256
mem:  1918464
mem:  1887232
mem:  1953280
mem:  1923072
mem:  1940480
mem:  1883648
mem:  1930240
mem:  1945088
mem:  1882112
mem:  1928704
mem:  1969152
mem:  1935360
mem:  1894400
mem:  1954304
mem:  1953280
mem:  1970688
mem:  1943040
mem:  1964032
mem:  1946112
mem:  1951232
mem:  1943040
mem:  1966592
mem:  1977856
mem:  1979392
mem:  1971200
mem:  1939968
mem:  1977856
mem:  1969664
mem:  1974784
mem:  1947136
mem:  1980416
mem:  2001408
mem:  1957888
mem:  1942528
mem:  1925632
mem:  1985536
mem:  1964032
mem:  1991168
mem:  2002432
mem:  1984512
mem:  1999360
mem:  1977856
mem:  2018304
mem:  1984512
mem:  1976320
mem:  1990144
mem:  1995264
mem:  2000384
mem:  1994752
mem:  1987584
mem:  1995264
mem:  1996800
mem:  2017792
mem:  1976832
mem:  2014720
mem:  2034688
mem:  2008064
mem:  2019328
mem:  2036736
mem:  2005504
mem:  2000896
mem:  1979392
mem:  2019840
mem:  2024960
mem:  2032640
mem:  2008576
mem:  2023424
mem:  2015232
mem:  2029056
mem:  2024448
mem:  2057728
mem:  2030080
mem:  2025472
mem:  2046464
mem:  2051584
mem:  2068992
mem:  2025472
mem:  2072064
mem:  2009088
