SLURM_JOBID=5050023
SLURM_JOB_NODELIST=svl1
SLURM_NNODES=1
SLURMTMPDIR=
working directory = /viscam/projects/objectfolder_benchmark/benchmarks/Multi_Sensory_3D_Reconstruction/code/models/MDN
Start_idx:  642
mem:  1536
mem:  1913856
mem:  1911296
mem:  1906688
mem:  1927680
mem:  1925632
mem:  1924608
mem:  1928704
mem:  1927680
mem:  1912320
mem:  1930752
mem:  1935872
mem:  1936384
mem:  1938944
mem:  1943040
mem:  1915392
mem:  1946112
mem:  1928192
mem:  1936896
mem:  1927680
mem:  1932800
mem:  1944064
mem:  1939456
mem:  1950720
mem:  1954816
mem:  1956352
mem:  1939456
mem:  1947136
mem:  1945088
mem:  1950208
mem:  1967616
mem:  1947136
mem:  1970688
mem:  1972224
mem:  1967616
mem:  1975296
mem:  1976832
mem:  1975808
mem:  1979904
mem:  1975296
mem:  1976832
mem:  1974784
mem:  1973760
mem:  1961984
mem:  1975808
mem:  1971200
mem:  1986048
mem:  1977856
mem:  1985536
mem:  1977344
mem:  1992192
mem:  1977856
mem:  2001408
mem:  1993216
mem:  2000896
mem:  1986560
mem:  1988096
mem:  2002944
mem:  2010624
mem:  1996288
mem:  2010112
mem:  2009088
mem:  2007040
mem:  2012160
mem:  1990656
mem:  2017792
mem:  2007040
mem:  1998848
mem:  2025984
mem:  2011648
mem:  2009600
mem:  2027008
mem:  2018816
mem:  2033664
mem:  2025472
mem:  2033152
mem:  2032128
mem:  2036224
mem:  2019328
mem:  2040320
mem:  2044416
mem:  2045952
mem:  2025472
mem:  2039296
mem:  2050560
mem:  2032640
mem:  2043904
mem:  2052608
mem:  2044416
mem:  2058240
mem:  2043904
mem:  2048000
mem:  2046976
mem:  2064384
mem:  2052608
mem:  2055168
mem:  2062848
mem:  2067968
mem:  2072064
mem:  2063872
