SLURM_JOBID=5050245
SLURM_JOB_NODELIST=svl9
SLURM_NNODES=1
SLURMTMPDIR=
working directory = /viscam/projects/objectfolder_benchmark/benchmarks/Multi_Sensory_3D_Reconstruction/code/models/MDN
Start_idx:  858
mem:  1536
mem:  1910272
mem:  1879552
mem:  1890816
mem:  1892352
mem:  1906176
mem:  1891840
mem:  1926144
mem:  1908224
mem:  1893888
mem:  1895424
mem:  1915392
mem:  1894912
mem:  1892864
mem:  1920000
mem:  1925120
mem:  1942528
mem:  1931776
mem:  1917440
mem:  1908224
mem:  1923072
mem:  1905152
mem:  1923584
mem:  1927680
mem:  1893888
mem:  1944064
mem:  1926144
mem:  1960448
mem:  1929216
mem:  1959936
mem:  1942016
mem:  1927680
mem:  1919488
mem:  1952768
mem:  1934848
mem:  1955840
mem:  1912320
mem:  1933312
mem:  1925120
mem:  1952256
mem:  1944064
mem:  1932288
mem:  1921536
mem:  1958400
mem:  1967104
mem:  1949184
mem:  1976320
mem:  1931776
mem:  1953792
mem:  1951744
mem:  1963008
mem:  1954816
mem:  1966080
mem:  1973760
mem:  1949696
mem:  1963520
mem:  1955328
mem:  1957888
mem:  1997312
mem:  1989120
mem:  1949184
mem:  1989632
mem:  1985024
mem:  1969664
mem:  1996800
mem:  1995776
mem:  1993728
mem:  1975808
mem:  1967616
mem:  2004480
mem:  2009600
mem:  2020864
mem:  2019840
mem:  2021376
mem:  1992704
mem:  2023424
mem:  1995776
mem:  1985024
mem:  2035200
mem:  2011136
mem:  2031104
mem:  1981440
mem:  2031616
mem:  2023424
mem:  2011648
mem:  2016768
mem:  2018304
mem:  2039296
mem:  2056704
mem:  2019328
mem:  2034176
mem:  2035712
mem:  2053120
mem:  2038784
mem:  2040320
mem:  2012672
mem:  2049536
mem:  2009600
mem:  1994240
mem:  2063872
