SLURM_JOBID=5049769
SLURM_JOB_NODELIST=svl5
SLURM_NNODES=1
SLURMTMPDIR=
working directory = /viscam/projects/objectfolder_benchmark/benchmarks/Multi_Sensory_3D_Reconstruction/code/models/MDN
Start_idx:  297
mem:  1536
mem:  1882112
mem:  1879552
mem:  1894400
mem:  1908224
mem:  1913344
mem:  1911296
mem:  1922560
mem:  1914368
mem:  1876992
mem:  1911296
mem:  1903104
mem:  1891328
mem:  1929216
mem:  1894400
mem:  1892352
mem:  1936384
mem:  1885696
mem:  1933312
mem:  1928704
mem:  1936384
mem:  1899008
mem:  1926144
mem:  1934848
mem:  1942528
mem:  1901568
mem:  1955328
mem:  1931264
mem:  1903616
mem:  1950208
mem:  1935872
mem:  1920512
mem:  1899008
mem:  1927168
mem:  1922560
mem:  1881600
mem:  1908736
mem:  1968640
mem:  1957888
mem:  1952256
mem:  1959936
mem:  1981952
mem:  1966592
mem:  1909760
mem:  1973248
mem:  1980928
mem:  1891328
mem:  1970688
mem:  1943040
mem:  1925120
mem:  1972736
mem:  1999872
mem:  1946624
mem:  1961472
mem:  1942528
mem:  1941504
mem:  1985536
mem:  1957888
mem:  1942528
mem:  1957376
mem:  1988096
mem:  1947136
mem:  1977856
mem:  2004992
mem:  1955328
mem:  2001920
mem:  1971712
mem:  1998848
mem:  2002944
mem:  2015232
mem:  1967104
mem:  1978368
mem:  1983488
mem:  1998336
mem:  1996288
mem:  1974784
mem:  2002944
mem:  1998336
mem:  1976832
mem:  1997824
mem:  1989632
mem:  2016768
mem:  1982976
mem:  2027008
mem:  2005504
mem:  2049536
mem:  2024448
mem:  1987072
mem:  2014208
mem:  2016768
mem:  2050048
mem:  2012672
mem:  2027520
mem:  2025472
mem:  2059776
mem:  2038272
mem:  2039808
mem:  2048512
mem:  2011136
mem:  2038272
