SLURM_JOBID=5050146
SLURM_JOB_NODELIST=svl12
SLURM_NNODES=1
SLURMTMPDIR=
working directory = /viscam/projects/objectfolder_benchmark/benchmarks/Multi_Sensory_3D_Reconstruction/code/models/MDN
Start_idx:  753
mem:  1536
mem:  1874944
mem:  1899008
mem:  1904128
mem:  1921536
mem:  1884160
mem:  1905152
mem:  1926144
mem:  1892352
mem:  1925632
mem:  1904128
mem:  1932288
mem:  1930240
mem:  1892864
mem:  1936896
mem:  1905664
mem:  1939968
mem:  1934336
mem:  1935872
mem:  1909248
mem:  1909760
mem:  1941504
mem:  1910272
mem:  1940992
mem:  1954816
mem:  1928192
mem:  1951744
mem:  1953280
mem:  1942528
mem:  1956352
mem:  1951744
mem:  1946112
mem:  1960960
mem:  1966080
mem:  1934848
mem:  1953280
mem:  1967104
mem:  1962496
mem:  1928704
mem:  1955840
mem:  1944064
mem:  1978368
mem:  1964032
mem:  1954816
mem:  1979392
mem:  1949184
mem:  1947136
mem:  1964544
mem:  1995264
mem:  1967616
mem:  1992192
mem:  1986560
mem:  1969664
mem:  1983488
mem:  1985024
mem:  1970688
mem:  2007552
mem:  1970176
mem:  1985024
mem:  1973248
mem:  2010112
mem:  1999360
mem:  2014208
mem:  1992704
mem:  2019840
mem:  2005504
mem:  2007040
mem:  1995264
mem:  2010112
mem:  2017792
mem:  2003456
mem:  2011136
mem:  1996800
mem:  2008064
mem:  2021888
mem:  2030592
mem:  1989632
mem:  2016768
mem:  2009600
mem:  2007552
mem:  2034688
mem:  2010624
mem:  2024448
mem:  2019840
mem:  2031104
mem:  2030080
mem:  2047488
mem:  2041856
mem:  2023936
mem:  2058240
mem:  2046464
mem:  2025984
mem:  2056704
mem:  2038784
mem:  2020864
mem:  2041856
mem:  2055680
mem:  2038784
mem:  2046464
mem:  2071040
