SLURM_JOBID=5049781
SLURM_JOB_NODELIST=svl2
SLURM_NNODES=1
SLURMTMPDIR=
working directory = /viscam/projects/objectfolder_benchmark/benchmarks/Multi_Sensory_3D_Reconstruction/code/models/MDN
Start_idx:  349
mem:  1536
mem:  1907712
mem:  1873408
mem:  1867776
mem:  1898496
mem:  1900032
mem:  1878528
mem:  1883648
mem:  1875456
mem:  1876992
mem:  1904128
mem:  1909248
mem:  1885184
mem:  1896448
mem:  1874944
mem:  1895936
mem:  1939968
mem:  1918464
mem:  1926144
mem:  1899520
mem:  1907200
mem:  1873408
mem:  1939456
mem:  1924096
mem:  1909760
mem:  1921024
mem:  1929728
mem:  1924096
mem:  1951232
mem:  1966080
mem:  1934848
mem:  1920512
mem:  1964544
mem:  1949184
mem:  1938432
mem:  1939968
mem:  1951232
mem:  1923584
mem:  1970176
mem:  1958400
mem:  1940480
mem:  1958912
mem:  1943552
mem:  1923072
mem:  1969664
mem:  1929728
mem:  1931264
mem:  1951232
mem:  1946624
mem:  1961472
mem:  1953280
mem:  1980416
mem:  1998848
mem:  1983488
mem:  1969152
mem:  2006016
mem:  1997824
mem:  1996800
mem:  2000896
mem:  2002432
mem:  1929728
mem:  1999360
mem:  1993728
mem:  1982976
mem:  1961472
mem:  1976320
mem:  1974272
mem:  1995264
mem:  2013696
mem:  2005504
mem:  2003456
mem:  2011136
mem:  2012672
mem:  2008064
mem:  1986560
mem:  2013696
mem:  1993216
mem:  1955840
mem:  1979392
mem:  1988096
mem:  2022400
mem:  2014208
mem:  2035200
mem:  2017280
mem:  2011648
mem:  2052096
mem:  2028032
mem:  2003968
mem:  2027520
mem:  1990144
mem:  2034176
mem:  2048000
mem:  2000896
mem:  2019328
mem:  2004992
mem:  1999360
mem:  2010624
mem:  2064384
mem:  2033152
mem:  2060288
