SLURM_JOBID=5048925
SLURM_JOB_NODELIST=svl1
SLURM_NNODES=1
SLURMTMPDIR=
working directory = /viscam/projects/objectfolder_benchmark/benchmarks/Multi_Sensory_3D_Reconstruction/code/models/MDN
Start_idx:  19
mem:  1536
mem:  1923584
mem:  1911296
mem:  1926144
mem:  1898496
mem:  1907200
mem:  1895424
mem:  1932288
mem:  1908224
mem:  1925632
mem:  1924608
mem:  1926144
mem:  1910784
mem:  1931776
mem:  1939456
mem:  1918976
mem:  1946112
mem:  1941504
mem:  1935872
mem:  1948160
mem:  1949696
mem:  1928192
mem:  1955328
mem:  1944576
mem:  1942528
mem:  1940480
mem:  1935872
mem:  1963008
mem:  1948672
mem:  1934336
mem:  1967616
mem:  1963008
mem:  1954816
mem:  1972224
mem:  1973760
mem:  1975296
mem:  1963520
mem:  1978368
mem:  1947136
mem:  1968128
mem:  1969664
mem:  1984512
mem:  1960448
mem:  1977856
mem:  1982976
mem:  1988096
mem:  1992192
mem:  1991168
mem:  1966080
mem:  1980928
mem:  1998336
mem:  1993728
mem:  1978368
mem:  2000384
mem:  2004480
mem:  2002432
mem:  1997824
mem:  1996800
mem:  1975296
mem:  2006016
mem:  1988096
mem:  2005504
mem:  2016768
mem:  2018304
mem:  2010112
mem:  1999360
mem:  2013184
mem:  2011136
mem:  2025984
mem:  2015232
mem:  2029056
mem:  2027008
mem:  2006528
mem:  2020352
mem:  2035200
mem:  2034176
mem:  2032128
mem:  2026496
mem:  2041344
mem:  2029568
mem:  2044416
mem:  2026496
mem:  2047488
mem:  2036736
mem:  2050560
mem:  2042368
mem:  2037760
mem:  2033152
mem:  2046976
mem:  2042368
mem:  2040320
mem:  2055168
mem:  2049536
mem:  2060800
mem:  2059776
mem:  2032128
mem:  2068992
mem:  2044928
mem:  2069504
mem:  2060288
mem:  2075136
mem:  2028032
mem:  2052608
mem:  2056704
mem:  2071552
mem:  2014720
mem:  2084352
mem:  2070016
mem:  2071552
mem:  2086400
mem:  2032128
mem:  2076160
mem:  2087424
mem:  2092544
mem:  2044416
mem:  2078720
mem:  2035200
mem:  2101248
mem:  2093056
mem:  2059264
mem:  2093568
mem:  2087936
mem:  2093056
mem:  2110464
mem:  2089984
mem:  2094080
mem:  2115072
mem:  2058240
mem:  2102272
mem:  2078208
mem:  2079744
mem:  2097152
mem:  2095104
mem:  2090496
mem:  2111488
mem:  2076672
mem:  2098688
mem:  2093056
mem:  2100736
mem:  2102272
mem:  2103808
mem:  2138112
mem:  2117632
mem:  2141184
mem:  2140160
mem:  2115072
mem:  2113024
mem:  2105856
mem:  2148864
mem:  2115072
mem:  2097152
mem:  2120704
mem:  2109952
mem:  2130944
mem:  2109440
mem:  2118144
mem:  2122240
mem:  2082304
mem:  2135040
mem:  2165760
mem:  2163712
mem:  2117632
mem:  2157056
mem:  2113536
mem:  2141696
mem:  2149376
mem:  2170368
mem:  2145280
mem:  2163712
mem:  2177536
mem:  2176512
mem:  2158592
mem:  2150400
mem:  2183680
mem:  2163200
mem:  2170880
mem:  2191872
mem:  2180096
mem:  2162176
mem:  2153984
mem:  2168832
mem:  2157056
mem:  2165760
mem:  2163712
mem:  2182144
mem:  2189824
mem:  2178048
mem:  2169856
mem:  2207744
mem:  2199552
mem:  2200064
mem:  2199040
mem:  2212864
mem:  2204672
mem:  2215936
mem:  2201600
mem:  2212864
mem:  2208256
mem:  2225664
mem:  2205184
mem:  2199552
mem:  2191360
mem:  2196480
mem:  2207744
mem:  2219008
mem:  2201088
mem:  2208768
mem:  2213888
mem:  2202112
mem:  2197504
mem:  2202624
mem:  2226176
mem:  2215424
mem:  2190336
mem:  2250240
mem:  2251776
mem:  2233856
mem:  2225664
mem:  2221056
mem:  2232320
mem:  2226688
mem:  2222080
mem:  2236928
mem:  2261504
mem:  2243584
mem:  2247680
mem:  2236928
mem:  2250752
mem:  2271744
mem:  2224640
mem:  2233344
mem:  2254336
mem:  2277888
mem:  2224640
mem:  2255360
mem:  2259456
mem:  2254848
mem:  2262528
mem:  2261504
mem:  2263040
mem:  2268160
mem:  2266112
mem:  2273792
mem:  2242560
mem:  2237952
mem:  2245632
mem:  2273792
mem:  2277888
mem:  2276864
mem:  2249216
mem:  2279936
mem:  2242560
mem:  2285568
mem:  2261504
mem:  2288640
mem:  2303488
mem:  2262528
mem:  2287104
mem:  2317824
mem:  2293760
mem:  2320896
mem:  2322432
mem:  2298368
mem:  2257408
mem:  2295296
mem:  2318848
mem:  2291200
mem:  2296320
mem:  2310144
mem:  2270208
mem:  2307072
mem:  2325504
mem:  2317312
mem:  2292224
mem:  2293760
mem:  2318336
mem:  2335744
mem:  2301952
mem:  2319360
mem:  2291712
mem:  2351616
mem:  2311680
mem:  2321920
mem:  2333184
mem:  2316288
mem:  2326528
mem:  2335232
mem:  2330624
mem:  2331136
mem:  2349568
mem:  2331648
mem:  2346496
mem:  2348032
mem:  2336256
mem:  2350080
mem:  2345472
mem:  2353152
mem:  2352128
mem:  2356224
mem:  2358784
mem:  2362880
mem:  2354688
mem:  2369536
mem:  2354176
mem:  2349568
mem:  2386432
mem:  2356224
mem:  2348032
mem:  2382336
mem:  2392576
mem:  2381824
mem:  2389504
mem:  2384896
mem:  2347520
mem:  2355200
mem:  2379776
mem:  2358272
mem:  2376704
mem:  2368512
mem:  2369024
mem:  2368000
mem:  2365952
mem:  2384384
mem:  2395648
mem:  2393600
mem:  2362368
mem:  2383360
mem:  2378752
mem:  2409472
mem:  2414592
mem:  2385920
mem:  2388480
mem:  2379264
mem:  2420736
mem:  2408960
mem:  2416640
mem:  2402304
mem:  2429440
mem:  2401792
mem:  2413056
mem:  2414592
mem:  2386944
mem:  2427392
mem:  2413056
mem:  2420736
mem:  2445312
mem:  2423808
mem:  2438656
mem:  2446336
mem:  2425856
mem:  2429952
mem:  2431488
mem:  2440192
mem:  2434560
mem:  2420224
mem:  2437632
mem:  2439168
mem:  2447872
mem:  2471424
mem:  2460672
mem:  2435584
mem:  2417664
mem:  2458112
mem:  2459648
mem:  2432000
mem:  2443264
mem:  2464256
mem:  2469376
mem:  2454016
mem:  2455552
mem:  2476544
mem:  2459648
mem:  2432000
mem:  2468864
mem:  2486272
mem:  2475520
mem:  2463744
mem:  2478592
mem:  2463232
mem:  2491392
mem:  2460160
mem:  2458112
mem:  2479104
mem:  2441728
mem:  2482176
mem:  2499584
mem:  2502144
mem:  2484224
mem:  2482176
mem:  2515456
mem:  2508288
mem:  2467328
mem:  2517504
mem:  2486272
mem:  2510848
mem:  2505216
mem:  2507776
mem:  2515456
mem:  2503680
mem:  2482176
mem:  2487296
mem:  2472960
mem:  2470912
mem:  2501632
mem:  2503168
mem:  2502144
mem:  2490368
mem:  2472448
mem:  2483712
mem:  2481664
mem:  2480640
mem:  2482176
mem:  2486272
mem:  2485248
mem:  2476032
mem:  2484736
mem:  2518016
mem:  2503680
mem:  2495488
mem:  2510336
mem:  2494976
mem:  2503680
mem:  2505216
mem:  2520064
mem:  2521600
mem:  2515968
mem:  2521088
mem:  2512896
mem:  2504704
mem:  2535424
mem:  2517504
mem:  2515456
mem:  2501120
mem:  2525696
mem:  2523648
mem:  2525184
mem:  2519552
mem:  2514944
mem:  2523648
mem:  2521600
mem:  2535424
mem:  2540544
mem:  2555392
mem:  2533888
mem:  2558464
mem:  2527232
mem:  2554368
mem:  2533888
mem:  2568192
mem:  2578432
mem:  2577408
mem:  2549760
mem:  2557440
mem:  2543104
mem:  2547200
mem:  2542592
mem:  2563584
mem:  2574848
mem:  2547200
mem:  2587648
mem:  2595328
mem:  2551808
mem:  2579968
mem:  2587648
mem:  2553856
mem:  2561536
mem:  2556928
mem:  2584064
mem:  2569728
mem:  2580992
mem:  2569216
mem:  2609664
mem:  2601472
mem:  2605568
mem:  2578944
mem:  2606080
mem:  2588160
mem:  2570240
mem:  2585088
mem:  2575872
mem:  2584576
mem:  2618880
mem:  2587648
mem:  2614784
mem:  2616320
mem:  2601984
mem:  2619392
mem:  2627072
mem:  2628608
mem:  2627584
mem:  2638848
mem:  2614784
mem:  2603008
mem:  2600960
mem:  2618368
mem:  2642944
mem:  2611712
mem:  2649600
mem:  2612224
mem:  2610176
mem:  2611712
mem:  2652160
mem:  2680320
mem:  2658816
mem:  2676224
mem:  2681344
mem:  2676736
mem:  2671104
mem:  2692096
mem:  2687488
mem:  2685440
mem:  2686976
mem:  2698240
mem:  2699776
mem:  2701312
mem:  2699264
mem:  2707968
mem:  2705920
mem:  2678272
mem:  2708992
mem:  2714112
mem:  2705920
mem:  2723328
mem:  2715136
mem:  2700800
mem:  2721792
mem:  2726912
mem:  2718720
mem:  2722816
mem:  2724352
mem:  2694144
mem:  2714112
mem:  2716672
mem:  2730496
mem:  2729472
mem:  2707968
mem:  2744832
mem:  2736640
mem:  2696704
mem:  2720256
mem:  2731520
mem:  2746368
mem:  2738176
mem:  2736128
mem:  2741248
mem:  2756096
mem:  2750464
mem:  2742272
mem:  2747392
mem:  2758656
mem:  2766336
mem:  2748416
mem:  2759680
mem:  2755072
mem:  2753024
mem:  2738688
mem:  2743808
mem:  2725888
mem:  2768896
mem:  2760704
mem:  2771968
mem:  2763776
mem:  2772480
mem:  2774016
mem:  2785280
mem:  2776064
mem:  2781184
mem:  2780160
mem:  2774528
mem:  2785792
mem:  2771456
mem:  2788864
mem:  2784256
mem:  2769920
mem:  2774016
mem:  2798592
mem:  2777088
mem:  2778624
mem:  2796032
mem:  2791424
mem:  2796544
mem:  2784768
mem:  2796032
mem:  2801152
mem:  2814976
mem:  2794496
mem:  2802176
mem:  2793984
mem:  2811392
mem:  2806784
mem:  2802176
mem:  2809856
mem:  2821120
mem:  2799616
mem:  2818048
mem:  2832896
mem:  2827264
mem:  2822656
mem:  2836480
mem:  2835456
mem:  2820096
mem:  2844672
mem:  2820608
mem:  2838016
mem:  2790912
mem:  2805760
mem:  2839040
mem:  2840576
mem:  2804224
mem:  2831360
mem:  2829312
mem:  2840576
mem:  2859008
mem:  2856960
mem:  2854912
mem:  2860032
mem:  2867712
mem:  2856960
mem:  2864640
mem:  2856448
mem:  2860544
mem:  2863104
mem:  2844160
mem:  2862592
mem:  2834944
mem:  2875392
mem:  2879488
mem:  2874880
mem:  2886144
mem:  2887680
mem:  2873344
mem:  2881024
mem:  2850816
mem:  2835456
mem:  2840576
mem:  2896896
mem:  2898432
mem:  2884096
mem:  2869760
mem:  2887168
mem:  2885120
mem:  2853888
mem:  2855424
mem:  2880000
mem:  2904576
mem:  2908672
mem:  2904064
mem:  2903040
mem:  2877952
mem:  2915840
mem:  2884608
mem:  2911744
mem:  2874368
mem:  2924544
mem:  2893312
mem:  2908160
mem:  2899968
mem:  2908672
mem:  2929664
mem:  2881536
mem:  2935296
mem:  2934272
mem:  2928640
mem:  2897408
mem:  2935296
mem:  2894336
mem:  2921472
mem:  2910720
mem:  2908672
mem:  2919936
mem:  2947072
mem:  2936320
mem:  2944000
mem:  2896896
mem:  2931200
mem:  2954752
mem:  2940416
mem:  2906624
mem:  2953216
mem:  2948608
mem:  2927104
mem:  2935808
mem:  2947072
mem:  2968064
mem:  2942976
mem:  2928640
mem:  2955776
mem:  2954752
mem:  2958848
mem:  2970112
mem:  2916864
mem:  2973184
mem:  2912768
mem:  2985984
mem:  2968064
mem:  2986496
mem:  2990592
mem:  2976256
mem:  2971648
mem:  2991616
mem:  2932224
mem:  2978816
mem:  2990080
mem:  2959872
mem:  2987008
mem:  2998272
mem:  2982912
mem:  2988032
mem:  2967552
mem:  2969088
mem:  2992640
mem:  2988032
mem:  3015168
mem:  2977792
mem:  2982912
mem:  2968576
mem:  2985984
mem:  3019264
mem:  3018240
mem:  2994176
mem:  3005440
mem:  3003392
mem:  2989056
mem:  2987008
mem:  2975232
mem:  2992640
mem:  3033088
mem:  2993152
mem:  3037184
mem:  3002368
mem:  3007488
mem:  3001856
mem:  3022848
mem:  3021824
mem:  3039232
mem:  3015168
mem:  3019264
mem:  3037696
mem:  3041792
mem:  3053056
mem:  3036160
mem:  3026944
mem:  3028480
mem:  3020288
mem:  3044864
mem:  3023360
mem:  3028480
mem:  3033600
mem:  3037696
mem:  3046400
mem:  3050496
mem:  3032576
mem:  3057152
mem:  3062272
mem:  3060224
mem:  3042304
mem:  3057152
mem:  3048960
mem:  3037184
mem:  3087360
mem:  3059712
mem:  3070976
mem:  3060224
mem:  3064320
mem:  3069440
mem:  3073536
mem:  3082240
mem:  3089920
mem:  3065856
mem:  3083264
mem:  3082240
mem:  3041280
mem:  3064832
mem:  3083264
mem:  3084800
mem:  3070464
mem:  3087872
mem:  3085824
mem:  3087360
mem:  3073024
mem:  3067392
mem:  3082240
mem:  3120128
mem:  3075584
mem:  3100160
mem:  3088384
mem:  3093504
mem:  3095040
mem:  3109888
mem:  3090944
mem:  3112960
mem:  3094016
mem:  3102720
mem:  3139584
mem:  3121664
mem:  3132928
mem:  3124736
mem:  3126272
mem:  3118080
mem:  3109888
mem:  3105280
mem:  3128832
mem:  3108352
mem:  3086848
mem:  3107840
mem:  3109376
mem:  3085312
mem:  3141632
mem:  3140608
mem:  3134976
mem:  3155968
mem:  3128320
mem:  3136000
mem:  3154432
mem:  3103744
mem:  3134464
mem:  3155456
mem:  3095040
mem:  3162112
mem:  3117568
mem:  3178496
mem:  3127808
mem:  3123200
mem:  3162624
mem:  3128832
mem:  3153408
mem:  3164672
mem:  3160064
mem:  3158016
mem:  3169280
mem:  3186688
mem:  3165184
mem:  3150848
mem:  3177984
mem:  3186688
mem:  3145728
mem:  3153408
mem:  3177984
mem:  3160064
mem:  3158016
mem:  3159552
mem:  3174400
mem:  3160064
mem:  3187200
mem:  3179008
mem:  3147776
mem:  3195392
mem:  3177472
mem:  3211776
mem:  3200000
mem:  3197952
mem:  3180032
mem:  3185152
mem:  3202560
mem:  3184640
mem:  3215360
mem:  3197440
mem:  3215872
mem:  3174912
mem:  3211776
mem:  3180544
mem:  3244032
mem:  3181056
mem:  3195904
mem:  3209728
mem:  3234304
mem:  3203072
mem:  3230208
mem:  3219456
mem:  3246592
mem:  3238400
mem:  3210752
mem:  3260928
mem:  3207680
mem:  3199488
mem:  3259392
mem:  3208704
mem:  3236864
mem:  3227648
mem:  3238912
mem:  3230720
mem:  3229696
mem:  3270144
mem:  3271680
mem:  3240448
mem:  3271168
mem:  3237376
mem:  3235328
mem:  3263488
mem:  3257856
mem:  3256832
mem:  3257344
mem:  3272192
mem:  3244544
mem:  3253248
mem:  3282944
mem:  3243008
mem:  3257856
mem:  3287552
mem:  3263488
mem:  3274752
mem:  3292160
mem:  3304448
mem:  3308544
mem:  3294208
mem:  3311616
mem:  3313152
mem:  3308544
mem:  3312640
mem:  3315200
mem:  3319296
mem:  3311104
mem:  3310080
mem:  3323904
mem:  3319296
mem:  3324416
mem:  3325952
mem:  3330048
mem:  3329024
mem:  3323392
mem:  3332096
mem:  3316736
mem:  3337728
mem:  3333120
mem:  3327488
mem:  3342336
mem:  3334144
mem:  3339264
mem:  3340800
mem:  3345920
mem:  3340288
mem:  3347968
mem:  3346944
mem:  3348480
mem:  3356160
mem:  3341824
mem:  3355648
mem:  3357184
mem:  3362304
mem:  3361280
mem:  3353088
mem:  3363328
mem:  3365888
mem:  3354112
mem:  3352064
mem:  3366912
mem:  3371008
mem:  3366400
mem:  3377664
mem:  3373056
mem:  3374592
mem:  3378688
mem:  3381248
mem:  3385344
mem:  3386880
mem:  3378688
mem:  3389952
mem:  3375616
mem:  3389440
mem:  3390976
mem:  3396096
mem:  3397632
mem:  3399168
mem:  3387392
mem:  3392512
mem:  3394048
mem:  3393024
mem:  3397120
mem:  3402240
mem:  3409920
mem:  3405312
mem:  3406848
mem:  3410944
mem:  3413504
mem:  3417600
mem:  3419136
mem:  3404800
mem:  3419648
mem:  3417600
mem:  3419136
mem:  3423232
mem:  3422208
mem:  3410432
mem:  3415552
mem:  3429376
mem:  3434496
mem:  3429888
mem:  3427840
mem:  3439104
mem:  3438080
mem:  3428864
mem:  3431424
mem:  3429376
mem:  3444224
mem:  3448320
mem:  3443712
mem:  3447808
mem:  3443200
mem:  3438592
mem:  3442688
