SLURM_JOBID=5049600
SLURM_JOB_NODELIST=svl3
SLURM_NNODES=1
SLURMTMPDIR=
working directory = /viscam/projects/objectfolder_benchmark/benchmarks/Multi_Sensory_3D_Reconstruction/code/models/MDN
Start_idx:  161
mem:  1536
mem:  1907712
mem:  1908736
mem:  1900544
mem:  1914368
mem:  1903616
mem:  1908736
mem:  1916416
mem:  1933824
mem:  1913344
mem:  1905152
mem:  1922560
mem:  1917952
mem:  1922048
mem:  1933312
mem:  1918976
mem:  1930240
mem:  1905152
mem:  1923584
mem:  1925120
mem:  1926656
mem:  1934336
mem:  1935872
mem:  1937408
mem:  1938944
mem:  1928192
mem:  1942016
mem:  1927680
mem:  1942528
mem:  1927168
mem:  1938432
mem:  1937408
mem:  1941504
mem:  1972224
mem:  1948160
mem:  1959424
mem:  1947648
mem:  1958912
mem:  1960448
mem:  1932800
mem:  1963520
mem:  1958912
mem:  1964032
mem:  1987584
mem:  1973248
mem:  1955328
mem:  1953280
mem:  1970688
mem:  1975808
mem:  1996800
mem:  1975296
mem:  1977856
mem:  1979392
mem:  1973760
mem:  2004480
mem:  1980416
mem:  1991680
mem:  1986048
mem:  1975296
mem:  1973248
mem:  1988096
mem:  1993216
mem:  1997312
mem:  2002432
mem:  2006528
mem:  2005504
mem:  2003456
mem:  2024448
mem:  2006528
mem:  2005504
mem:  2007040
mem:  1988096
mem:  2010112
mem:  2021376
mem:  2035200
mem:  2011136
mem:  1995776
mem:  2020352
mem:  2041344
mem:  2020864
mem:  2024960
mem:  2020352
mem:  2028032
mem:  2023424
mem:  2031104
mem:  2026496
mem:  2037760
mem:  2035712
mem:  2056704
mem:  2022912
mem:  2020864
mem:  2038272
mem:  2040832
mem:  2064384
mem:  2043904
mem:  2032128
mem:  2045952
mem:  2058240
mem:  2052608
mem:  2073600
