SLURM_JOBID=5050019
SLURM_JOB_NODELIST=svl2
SLURM_NNODES=1
SLURMTMPDIR=
working directory = /viscam/projects/objectfolder_benchmark/benchmarks/Multi_Sensory_3D_Reconstruction/code/models/MDN
Start_idx:  597
mem:  1536
mem:  1920000
mem:  1891840
mem:  1867776
mem:  1895936
mem:  1903616
mem:  1908736
mem:  1912832
mem:  1933824
mem:  1919488
mem:  1901568
mem:  1909248
mem:  1894912
mem:  1919488
mem:  1917440
mem:  1905664
mem:  1907200
mem:  1934336
mem:  1894400
mem:  1944576
mem:  1929216
mem:  1944064
mem:  1910272
mem:  1925120
mem:  1926656
mem:  1953792
mem:  1955328
mem:  1937408
mem:  1923072
mem:  1956352
mem:  1945600
mem:  1933824
mem:  1931776
mem:  1949184
mem:  1973760
mem:  1959424
mem:  1941504
mem:  1952768
mem:  1947136
mem:  1942528
mem:  1980416
mem:  1943040
mem:  1970176
mem:  1954816
mem:  1975808
mem:  1968640
mem:  1930240
mem:  1993728
mem:  1946624
mem:  1984512
mem:  1953280
mem:  1954816
mem:  1969664
mem:  1999360
mem:  1975296
mem:  1986560
mem:  1994240
mem:  2002944
mem:  1958400
mem:  1960960
mem:  1984512
mem:  1979904
mem:  2007040
mem:  1979392
mem:  1980928
mem:  1986048
mem:  2003456
mem:  1975808
mem:  1977344
mem:  1995776
mem:  1993728
mem:  2011136
mem:  2002944
mem:  2010624
mem:  2035200
mem:  1988096
mem:  2028544
mem:  1991168
mem:  2002432
mem:  2011136
mem:  2018816
mem:  2036224
mem:  2018304
mem:  2017280
mem:  2027520
mem:  2045952
mem:  2050048
mem:  2010112
mem:  2040832
mem:  2009600
mem:  2030592
mem:  2055168
mem:  2010624
mem:  2029056
mem:  2020864
mem:  2048000
mem:  2059264
mem:  2041344
mem:  2027008
mem:  2031104
