SLURM_JOBID=5049826
SLURM_JOB_NODELIST=svl2
SLURM_NNODES=1
SLURMTMPDIR=
working directory = /viscam/projects/objectfolder_benchmark/benchmarks/Multi_Sensory_3D_Reconstruction/code/models/MDN
Start_idx:  379
mem:  1536
mem:  1917440
mem:  1879552
mem:  1861632
mem:  1888768
mem:  1923072
mem:  1908736
mem:  1896960
mem:  1881600
mem:  1935360
mem:  1923584
mem:  1880064
mem:  1939968
mem:  1938944
mem:  1920000
mem:  1905664
mem:  1926656
mem:  1941504
mem:  1920000
mem:  1918976
mem:  1929216
mem:  1899008
mem:  1943040
mem:  1924096
mem:  1945088
mem:  1937920
mem:  1922560
mem:  1953280
mem:  1945088
mem:  1959936
mem:  1957888
mem:  1939968
mem:  1951232
mem:  1927168
mem:  1967616
mem:  1913344
mem:  1924608
mem:  1958912
mem:  1960448
mem:  1946112
mem:  1976832
mem:  1949184
mem:  1986048
mem:  1964544
mem:  1966080
mem:  1987072
mem:  1969152
mem:  1954816
mem:  1936896
mem:  1951744
mem:  1982464
mem:  1957376
mem:  1968640
mem:  1970176
mem:  1988608
mem:  1990144
mem:  2007552
mem:  1983488
mem:  1994752
mem:  1992704
mem:  1974784
mem:  1960448
mem:  1965568
mem:  1967104
mem:  1955328
mem:  1979904
mem:  2009600
mem:  1966080
mem:  1971200
mem:  2001920
mem:  1976832
mem:  1972224
mem:  2009088
mem:  1998336
mem:  2035200
mem:  2023424
mem:  2016256
mem:  2010624
mem:  2006016
mem:  2027008
mem:  2044416
mem:  2014208
mem:  2008576
mem:  2023424
mem:  2044416
mem:  1977856
mem:  2014720
mem:  2039296
mem:  2021376
mem:  2016768
mem:  2036736
mem:  2061312
mem:  2031104
mem:  2035200
mem:  2052608
mem:  2009088
mem:  2056704
mem:  2037760
mem:  1991680
mem:  2073600
