SLURM_JOBID=5049513
SLURM_JOB_NODELIST=svl3
SLURM_NNODES=1
SLURMTMPDIR=
working directory = /viscam/projects/objectfolder_benchmark/benchmarks/Multi_Sensory_3D_Reconstruction/code/models/MDN
Start_idx:  59
mem:  1536
mem:  1904128
mem:  1875968
mem:  1910272
mem:  1911808
mem:  1890304
mem:  1862656
mem:  1906688
mem:  1885184
mem:  1884160
mem:  1849344
mem:  1938432
mem:  1888768
mem:  1880576
mem:  1904128
mem:  1944576
mem:  1887744
mem:  1902592
mem:  1935872
mem:  1915392
mem:  1901056
mem:  1905152
mem:  1920000
mem:  1933824
mem:  1909760
mem:  1921024
mem:  1949184
mem:  1927680
mem:  1909760
mem:  1956352
mem:  1964032
mem:  1901056
mem:  1970688
mem:  1923584
mem:  1954304
mem:  1969152
mem:  1925632
mem:  1943040
mem:  1954304
mem:  1932800
mem:  1914880
mem:  1939456
mem:  1954304
mem:  1929216
mem:  1966080
mem:  1945600
mem:  1949696
mem:  1961984
mem:  1944064
mem:  1983488
mem:  1943552
mem:  1951232
mem:  1943040
mem:  1954304
mem:  1959424
mem:  1947648
mem:  1949184
mem:  1948160
mem:  1981440
mem:  1980416
mem:  1994240
mem:  2009088
mem:  1954816
mem:  1998848
mem:  2019840
mem:  1963008
mem:  2019328
mem:  1946624
mem:  2000384
mem:  2027520
mem:  1984000
mem:  1989120
mem:  1993216
mem:  2004480
mem:  2009600
mem:  1994240
mem:  2009088
mem:  2008064
mem:  2006016
mem:  2042880
mem:  2005504
mem:  1984000
mem:  2028032
mem:  2029568
mem:  1972736
mem:  2036224
mem:  2053632
mem:  2052608
mem:  2008064
mem:  1997312
mem:  2014720
mem:  2035712
mem:  1998336
mem:  2015744
mem:  2001408
mem:  2005504
mem:  2068992
mem:  2031616
mem:  2017280
mem:  2044416
