SLURM_JOBID=5050235
SLURM_JOB_NODELIST=svl18
SLURM_NNODES=1
SLURMTMPDIR=
working directory = /viscam/projects/objectfolder_benchmark/benchmarks/Multi_Sensory_3D_Reconstruction/code/models/MDN
Start_idx:  850
mem:  1536
mem:  1891840
mem:  1889280
mem:  1883648
mem:  1925120
mem:  1919488
mem:  1921024
mem:  1922560
mem:  1885184
mem:  1913344
mem:  1814016
mem:  1938432
mem:  1920512
mem:  1899008
mem:  1904128
mem:  1922560
mem:  1946112
mem:  1925632
mem:  1929728
mem:  1911808
mem:  1916928
mem:  1914880
mem:  1949184
mem:  1927680
mem:  1858560
mem:  1901568
mem:  1951744
mem:  1901056
mem:  1925632
mem:  1927168
mem:  1955328
mem:  1953280
mem:  1947648
mem:  1907712
mem:  1964032
mem:  1946112
mem:  1963520
mem:  1923584
mem:  1967616
mem:  1959424
mem:  1973248
mem:  1939456
mem:  1960448
mem:  1968128
mem:  1944064
mem:  1978368
mem:  1976320
mem:  1987584
mem:  1995264
mem:  1965056
mem:  1966592
mem:  1974272
mem:  1972224
mem:  2002944
mem:  1981440
mem:  1990144
mem:  1923584
mem:  1977344
mem:  1975296
mem:  1996288
mem:  1984512
mem:  1986048
mem:  1987584
mem:  2004992
mem:  1968640
mem:  1982464
mem:  1980416
mem:  2021888
mem:  2019840
mem:  1985024
mem:  2013184
mem:  2001408
mem:  1989632
mem:  2020352
mem:  2035200
mem:  2036736
mem:  2018816
mem:  2030080
mem:  2006016
mem:  2033152
mem:  2038272
mem:  1991168
mem:  2014720
mem:  2039296
mem:  2031104
mem:  2007040
mem:  2043904
mem:  2051584
mem:  2024960
mem:  2026496
mem:  2036736
mem:  2032128
mem:  2046976
mem:  2048512
mem:  2023424
mem:  2061312
mem:  2049536
mem:  2070528
mem:  2046464
mem:  2040832
