SLURM_JOBID=5050086
SLURM_JOB_NODELIST=svl3
SLURM_NNODES=1
SLURMTMPDIR=
working directory = /viscam/projects/objectfolder_benchmark/benchmarks/Multi_Sensory_3D_Reconstruction/code/models/MDN
Start_idx:  675
mem:  1536
mem:  1894400
mem:  1899008
mem:  1887232
mem:  1917952
mem:  1857536
mem:  1875968
mem:  1922560
mem:  1898496
mem:  1886720
mem:  1894400
mem:  1928704
mem:  1939968
mem:  1892864
mem:  1936896
mem:  1928704
mem:  1926656
mem:  1915904
mem:  1910272
mem:  1902080
mem:  1910784
mem:  1931776
mem:  1929728
mem:  1917952
mem:  1900032
mem:  1924608
mem:  1949184
mem:  1921536
mem:  1923072
mem:  1914880
mem:  1951744
mem:  1907200
mem:  1968128
mem:  1950208
mem:  1934848
mem:  1952256
mem:  1941504
mem:  1900544
mem:  1966592
mem:  1949696
mem:  1953792
mem:  1980928
mem:  1950720
mem:  1945088
mem:  1957376
mem:  1932288
mem:  1933824
mem:  1938944
mem:  1985536
mem:  1948160
mem:  1947136
mem:  1970688
mem:  1940480
mem:  1954304
mem:  1961984
mem:  1967104
mem:  1955328
mem:  1973760
mem:  1965568
mem:  1996288
mem:  1971200
mem:  1956864
mem:  1981440
mem:  1967104
mem:  1990656
mem:  1979904
mem:  2022912
mem:  1981952
mem:  1987072
mem:  2008064
mem:  1970688
mem:  1981952
mem:  1993216
mem:  2000896
mem:  2012160
mem:  2024448
mem:  1983488
mem:  2033664
mem:  1979392
mem:  2007552
mem:  1986048
mem:  2000896
mem:  1979392
mem:  2025984
mem:  1989632
mem:  2003456
mem:  2008576
mem:  2012672
mem:  1959424
mem:  1993728
mem:  2014720
mem:  2035712
mem:  2000896
mem:  2019328
mem:  2059776
mem:  2057728
mem:  2036224
mem:  2008576
mem:  2058752
mem:  2063872
