SLURM_JOBID=5049747
SLURM_JOB_NODELIST=svl3
SLURM_NNODES=1
SLURMTMPDIR=
working directory = /viscam/projects/objectfolder_benchmark/benchmarks/Multi_Sensory_3D_Reconstruction/code/models/MDN
Start_idx:  283
mem:  1536
mem:  1911296
mem:  1883136
mem:  1871360
mem:  1866752
mem:  1893888
mem:  1901568
mem:  1920000
mem:  1921536
mem:  1880576
mem:  1911296
mem:  1903104
mem:  1901056
mem:  1899008
mem:  1881088
mem:  1854464
mem:  1887744
mem:  1918464
mem:  1910272
mem:  1915392
mem:  1884160
mem:  1889280
mem:  1890816
mem:  1956864
mem:  1893888
mem:  1924608
mem:  1916416
mem:  1924096
mem:  1925632
mem:  1933312
mem:  1935872
mem:  1907200
mem:  1954816
mem:  1927168
mem:  1967616
mem:  1920512
mem:  1935360
mem:  1916416
mem:  1973760
mem:  1938944
mem:  1947648
mem:  1965056
mem:  1986048
mem:  1935360
mem:  1989120
mem:  1961472
mem:  1933824
mem:  1980416
mem:  1952768
mem:  1922560
mem:  1972736
mem:  1912320
mem:  1981952
mem:  1944576
mem:  1965568
mem:  1986560
mem:  1949184
mem:  1973760
mem:  1998336
mem:  1924608
mem:  2013696
mem:  1983488
mem:  1987584
mem:  1996288
mem:  1978368
mem:  1995776
mem:  1997312
mem:  1973248
mem:  1987072
mem:  1998336
mem:  1993728
mem:  1972224
mem:  2012672
mem:  1975296
mem:  1944064
mem:  2017280
mem:  1987072
mem:  1997312
mem:  2015744
mem:  2023424
mem:  1972736
mem:  1981440
mem:  1992704
mem:  2019840
mem:  2031104
mem:  2022912
mem:  2001408
mem:  2012672
mem:  2021376
mem:  2044928
mem:  1991680
mem:  2039296
mem:  2043392
mem:  1999872
mem:  2050048
mem:  2035712
mem:  1981440
mem:  2008576
mem:  2019840
mem:  2040832
