SLURM_JOBID=5050218
SLURM_JOB_NODELIST=svl9
SLURM_NNODES=1
SLURMTMPDIR=
working directory = /viscam/projects/objectfolder_benchmark/benchmarks/Multi_Sensory_3D_Reconstruction/code/models/MDN
Start_idx:  796
mem:  1536
mem:  1913856
mem:  1918464
mem:  1910272
mem:  1927680
mem:  1926656
mem:  1924608
mem:  1922560
mem:  1931264
mem:  1931776
mem:  1921024
mem:  1918976
mem:  1930240
mem:  1925632
mem:  1911296
mem:  1944576
mem:  1943552
mem:  1934336
mem:  1939456
mem:  1934848
mem:  1936384
mem:  1947648
mem:  1939456
mem:  1956864
mem:  1958400
mem:  1944064
mem:  1939456
mem:  1949696
mem:  1925632
mem:  1924608
mem:  1957888
mem:  1966592
mem:  1967104
mem:  1968640
mem:  1960448
mem:  1972736
mem:  1964544
mem:  1962496
mem:  1970176
mem:  1975296
mem:  1951232
mem:  1972224
mem:  1979904
mem:  1965568
mem:  1985536
mem:  1971200
mem:  1989632
mem:  1987584
mem:  1985536
mem:  1984512
mem:  1985024
mem:  1990144
mem:  1995264
mem:  1973760
mem:  1988608
mem:  1999872
mem:  1985536
mem:  1993216
mem:  1994752
mem:  2006016
mem:  1991680
mem:  1960448
mem:  2003456
mem:  1982976
mem:  2013696
mem:  2005504
mem:  2010624
mem:  1985536
mem:  2022400
mem:  2021376
mem:  2019328
mem:  2004992
mem:  2012672
mem:  2020352
mem:  2029056
mem:  2030592
mem:  2032128
mem:  2026496
mem:  2041344
mem:  2042880
mem:  2024960
mem:  2045952
mem:  2037760
mem:  2042880
mem:  2034688
mem:  2042368
mem:  2041344
mem:  2035712
mem:  2040832
mem:  2044928
mem:  2046464
mem:  2051584
mem:  2046976
mem:  2061824
mem:  2046464
mem:  2063872
mem:  2053120
mem:  2066944
mem:  2068480
mem:  2067456
