SLURM_JOBID=5049707
SLURM_JOB_NODELIST=svl18
SLURM_NNODES=1
SLURMTMPDIR=
working directory = /viscam/projects/objectfolder_benchmark/benchmarks/Multi_Sensory_3D_Reconstruction/code/models/MDN
Start_idx:  255
mem:  1536
mem:  1897984
mem:  1899008
mem:  1881088
mem:  1915392
mem:  1913344
mem:  1908736
mem:  1912832
mem:  1924096
mem:  1915904
mem:  1921024
mem:  1918976
mem:  1904640
mem:  1915904
mem:  1930752
mem:  1931264
mem:  1926656
mem:  1912320
mem:  1929728
mem:  1937408
mem:  1926656
mem:  1912320
mem:  1912832
mem:  1937408
mem:  1935360
mem:  1914880
mem:  1942016
mem:  1937408
mem:  1938944
mem:  1940480
mem:  1935872
mem:  1949696
mem:  1954816
mem:  1943040
mem:  1954304
mem:  1955840
mem:  1957376
mem:  1955328
mem:  1960448
mem:  1965568
mem:  1963520
mem:  1965056
mem:  1964032
mem:  1965568
mem:  1969664
mem:  1955328
mem:  1972736
mem:  1974272
mem:  1966080
mem:  1977344
mem:  1985024
mem:  1987584
mem:  1989120
mem:  1990656
mem:  1961984
mem:  1990144
mem:  1978368
mem:  1973760
mem:  1994752
mem:  1986560
mem:  1990656
mem:  1999360
mem:  1997312
mem:  1992704
mem:  2007552
mem:  2001920
mem:  2000896
mem:  1992704
mem:  1987072
mem:  2004480
mem:  2013184
mem:  2017280
mem:  2018816
mem:  2017792
mem:  2019328
mem:  2017280
mem:  2012672
mem:  2014208
mem:  1992704
mem:  2007552
mem:  2024960
mem:  2030080
mem:  2008576
mem:  2029568
mem:  2018816
mem:  2020352
mem:  2031616
mem:  2033152
mem:  2027520
mem:  2032640
mem:  2040320
mem:  2025984
mem:  2040832
mem:  2044928
mem:  2046464
mem:  2045440
mem:  2043392
mem:  2035200
mem:  2049024
mem:  2050560
