SLURM_JOBID=5050063
SLURM_JOB_NODELIST=svl1
SLURM_NNODES=1
SLURMTMPDIR=
working directory = /viscam/projects/objectfolder_benchmark/benchmarks/Multi_Sensory_3D_Reconstruction/code/models/MDN
Start_idx:  659
mem:  1536
mem:  1907712
mem:  1895424
mem:  1896960
mem:  1911808
mem:  1909760
mem:  1911296
mem:  1916416
mem:  1898496
mem:  1900032
mem:  1905152
mem:  1899520
mem:  1924096
mem:  1912320
mem:  1913856
mem:  1889792
mem:  1939968
mem:  1918464
mem:  1897984
mem:  1902080
mem:  1929216
mem:  1934336
mem:  1926144
mem:  1940992
mem:  1923072
mem:  1901568
mem:  1939456
mem:  1959424
mem:  1900032
mem:  1940480
mem:  1942016
mem:  1939968
mem:  1918464
mem:  1956352
mem:  1928704
mem:  1924096
mem:  1953792
mem:  1929728
mem:  1950720
mem:  1968128
mem:  1957376
mem:  1949184
mem:  1970176
mem:  1952256
mem:  1969664
mem:  1958912
mem:  1937408
mem:  1954816
mem:  1959936
mem:  1967616
mem:  1963008
mem:  1987584
mem:  2001408
mem:  1938432
mem:  1978880
mem:  1970688
mem:  2003968
mem:  1960448
mem:  2010624
mem:  1976832
mem:  1994240
mem:  1995776
mem:  1975296
mem:  1982976
mem:  1996800
mem:  1992192
mem:  1974272
mem:  1973248
mem:  1996800
mem:  1978880
mem:  1990144
mem:  2028032
mem:  2006528
mem:  2017792
mem:  2013184
mem:  2013696
mem:  2006528
mem:  2014208
mem:  2006016
mem:  2017280
mem:  2015232
mem:  2023936
mem:  1996288
mem:  2025984
mem:  2050560
mem:  2007040
mem:  2028032
mem:  2006528
mem:  2021376
mem:  2019328
mem:  2047488
mem:  2041856
mem:  2046976
mem:  2044928
mem:  2027008
mem:  2022400
mem:  2026496
mem:  2044928
mem:  2040320
mem:  2044416
