SLURM_JOBID=5050265
SLURM_JOB_NODELIST=svl9
SLURM_NNODES=1
SLURMTMPDIR=
working directory = /viscam/projects/objectfolder_benchmark/benchmarks/Multi_Sensory_3D_Reconstruction/code/models/MDN
Start_idx:  877
mem:  1536
mem:  1911296
mem:  1908736
mem:  1916416
mem:  1892352
mem:  1925632
mem:  1905152
mem:  1916416
mem:  1914368
mem:  1929216
mem:  1904128
mem:  1922560
mem:  1901056
mem:  1929216
mem:  1904128
mem:  1931264
mem:  1920512
mem:  1947648
mem:  1927168
mem:  1934848
mem:  1932800
mem:  1928192
mem:  1945600
mem:  1915392
mem:  1945088
mem:  1944064
mem:  1935872
mem:  1931264
mem:  1945088
mem:  1963520
mem:  1932288
mem:  1953280
mem:  1960960
mem:  1949184
mem:  1961472
mem:  1963008
mem:  1918464
mem:  1972224
mem:  1940992
mem:  1948672
mem:  1959936
mem:  1972224
mem:  1954304
mem:  1971712
mem:  1976832
mem:  1957888
mem:  1959424
mem:  1974272
mem:  1979392
mem:  1954304
mem:  1969152
mem:  1980416
mem:  1985536
mem:  1970176
mem:  1985024
mem:  1986560
mem:  2001408
mem:  1979904
mem:  1971712
mem:  1982976
mem:  1984512
mem:  1995776
mem:  1991168
mem:  1989120
mem:  2006528
mem:  1995776
mem:  2016768
mem:  2014720
mem:  2012672
mem:  2021376
mem:  1990144
mem:  1981952
mem:  2002944
mem:  2021376
mem:  2012160
mem:  2020864
mem:  2018816
mem:  2007040
mem:  2006016
mem:  2019840
mem:  2044416
mem:  2039808
mem:  2012160
mem:  2016256
mem:  2017792
mem:  2030080
mem:  2021888
mem:  2045440
mem:  2056704
mem:  2022912
mem:  2027008
mem:  2022400
mem:  2043392
mem:  2058240
mem:  2046464
mem:  2048000
mem:  2026496
mem:  2064384
mem:  2062336
mem:  2071040
