SLURM_JOBID=5050217
SLURM_JOB_NODELIST=svl2
SLURM_NNODES=1
SLURMTMPDIR=
working directory = /viscam/projects/objectfolder_benchmark/benchmarks/Multi_Sensory_3D_Reconstruction/code/models/MDN
Start_idx:  795
mem:  1536
mem:  1897984
mem:  1908736
mem:  1910272
mem:  1927680
mem:  1916928
mem:  1924608
mem:  1932288
mem:  1914368
mem:  1931776
mem:  1913856
mem:  1925120
mem:  1936384
mem:  1922048
mem:  1913856
mem:  1931264
mem:  1946112
mem:  1947648
mem:  1943040
mem:  1950720
mem:  1942528
mem:  1918464
mem:  1951744
mem:  1956864
mem:  1926656
mem:  1953792
mem:  1945600
mem:  1917952
mem:  1945088
mem:  1959936
mem:  1957888
mem:  1969152
mem:  1951232
mem:  1943040
mem:  1971200
mem:  1969152
mem:  1976832
mem:  1962496
mem:  1938432
mem:  1981440
mem:  1963520
mem:  1968640
mem:  1983488
mem:  1987584
mem:  1969664
mem:  1978368
mem:  1986048
mem:  1984000
mem:  1985536
mem:  1993216
mem:  1998336
mem:  1999872
mem:  1998848
mem:  1983488
mem:  1982464
mem:  1986560
mem:  2001408
mem:  2006528
mem:  2000896
mem:  2009600
mem:  2001408
mem:  1992192
mem:  2014208
mem:  2008576
mem:  2003968
mem:  2017792
mem:  2022912
mem:  2021888
mem:  2019840
mem:  2014208
mem:  2006016
mem:  2024448
mem:  2016256
mem:  2010624
mem:  2006016
mem:  2024448
mem:  2024960
mem:  2027520
mem:  2038784
mem:  2033152
mem:  2031104
mem:  2020352
mem:  2031616
mem:  2045440
mem:  2040832
mem:  2052096
mem:  2047488
mem:  2049024
mem:  2040832
mem:  2042368
mem:  2056192
mem:  2038272
mem:  2059264
mem:  2054656
mem:  2056192
mem:  2054144
mem:  2045952
mem:  2070528
mem:  2072064
mem:  2061312
