SLURM_JOBID=5050371
SLURM_JOB_NODELIST=svl9
SLURM_NNODES=1
SLURMTMPDIR=
working directory = /viscam/projects/objectfolder_benchmark/benchmarks/Multi_Sensory_3D_Reconstruction/code/models/MDN
Start_idx:  963
mem:  1536
mem:  1901568
mem:  1905152
mem:  1887232
mem:  1905664
mem:  1929216
mem:  1891840
mem:  1916416
mem:  1924096
mem:  1919488
mem:  1917440
mem:  1912832
mem:  1933824
mem:  1931776
mem:  1927168
mem:  1918976
mem:  1936384
mem:  1912320
mem:  1913856
mem:  1917952
mem:  1942528
mem:  1947648
mem:  1949184
mem:  1933824
mem:  1925632
mem:  1940480
mem:  1945600
mem:  1921536
mem:  1954816
mem:  1934336
mem:  1945600
mem:  1933824
mem:  1922048
mem:  1966080
mem:  1973760
mem:  1955840
mem:  1954816
mem:  1927168
mem:  1957888
mem:  1959424
mem:  1947648
mem:  1978368
mem:  1963008
mem:  1968128
mem:  1979392
mem:  1990656
mem:  1979904
mem:  1981440
mem:  1959936
mem:  1954304
mem:  1988608
mem:  1974272
mem:  1958912
mem:  1983488
mem:  2001920
mem:  2002432
mem:  1988096
mem:  1967616
mem:  2010624
mem:  1992704
mem:  1990656
mem:  2002944
mem:  1994752
mem:  1982976
mem:  2013696
mem:  1988608
mem:  1984000
mem:  2011136
mem:  1990656
mem:  1998336
mem:  2003456
mem:  2007552
mem:  2029568
mem:  2010624
mem:  2009600
mem:  2030592
mem:  2022400
mem:  1998336
mem:  2029056
mem:  2013696
mem:  2044416
mem:  2045952
mem:  2024448
mem:  2006528
mem:  2021376
mem:  1997312
mem:  2028032
mem:  2019840
mem:  2033664
mem:  2015744
mem:  2050048
mem:  2035712
mem:  2046976
mem:  2052096
mem:  2050048
mem:  2057728
mem:  2027520
mem:  2021888
mem:  2020864
mem:  2044416
