SLURM_JOBID=5050262
SLURM_JOB_NODELIST=svl9
SLURM_NNODES=1
SLURMTMPDIR=
working directory = /viscam/projects/objectfolder_benchmark/benchmarks/Multi_Sensory_3D_Reconstruction/code/models/MDN
Start_idx:  874
mem:  1536
mem:  1874944
mem:  1918464
mem:  1896960
mem:  1888768
mem:  1929216
mem:  1901568
mem:  1887232
mem:  1888768
mem:  1935360
mem:  1917440
mem:  1883648
mem:  1924096
mem:  1941504
mem:  1933312
mem:  1905664
mem:  1904640
mem:  1937920
mem:  1946624
mem:  1948160
mem:  1929216
mem:  1934336
mem:  1929728
mem:  1927680
mem:  1907200
mem:  1899008
mem:  1916416
mem:  1939968
mem:  1906176
mem:  1966080
mem:  1922560
mem:  1937408
mem:  1915904
mem:  1910272
mem:  1886208
mem:  1961984
mem:  1947648
mem:  1935872
mem:  1973760
mem:  1932800
mem:  1947648
mem:  1942016
mem:  1960448
mem:  1948672
mem:  1973248
mem:  1961472
mem:  1950720
mem:  1964544
mem:  1966080
mem:  1964032
mem:  1994752
mem:  1980416
mem:  1978368
mem:  1973760
mem:  1975296
mem:  1973248
mem:  1978368
mem:  1956864
mem:  1961984
mem:  2006016
mem:  1974784
mem:  2002944
mem:  1975296
mem:  2014720
mem:  1958912
mem:  1982464
mem:  2007040
mem:  1981952
mem:  2000384
mem:  2027520
mem:  1990144
mem:  1995264
mem:  2002944
mem:  2000896
mem:  1990144
mem:  2001408
mem:  2022400
mem:  1977856
mem:  2035200
mem:  1984512
mem:  1973760
mem:  1971712
mem:  2012160
mem:  2010112
mem:  2040832
mem:  2048512
mem:  2002432
mem:  1987072
mem:  2056704
mem:  2029056
mem:  2034176
mem:  2061312
mem:  2046976
mem:  2031616
mem:  2065920
mem:  2041856
mem:  2049536
mem:  2060800
mem:  2072064
mem:  2063872
