SLURM_JOBID=5049831
SLURM_JOB_NODELIST=svl1
SLURM_NNODES=1
SLURMTMPDIR=
working directory = /viscam/projects/objectfolder_benchmark/benchmarks/Multi_Sensory_3D_Reconstruction/code/models/MDN
Start_idx:  383
mem:  1536
mem:  1901568
mem:  1924608
mem:  1896960
mem:  1882624
mem:  1896448
mem:  1897984
mem:  1912832
mem:  1933824
mem:  1886720
mem:  1907712
mem:  1916416
mem:  1907200
mem:  1915904
mem:  1933312
mem:  1938432
mem:  1946112
mem:  1934336
mem:  1935872
mem:  1928704
mem:  1932800
mem:  1934336
mem:  1920000
mem:  1911808
mem:  1948672
mem:  1921024
mem:  1951744
mem:  1943552
mem:  1960960
mem:  1946624
mem:  1938432
mem:  1953280
mem:  1970688
mem:  1933312
mem:  1964032
mem:  1923072
mem:  1935360
mem:  1978368
mem:  1973760
mem:  1946112
mem:  1982976
mem:  1903104
mem:  1917952
mem:  1977856
mem:  1944064
mem:  1965056
mem:  1976320
mem:  1960960
mem:  1972224
mem:  1994240
mem:  1975296
mem:  1968128
mem:  1985536
mem:  1996800
mem:  2000896
mem:  1980416
mem:  1975808
mem:  2009088
mem:  1994752
mem:  1976832
mem:  1988096
mem:  1956864
mem:  2004480
mem:  1998848
mem:  1980928
mem:  2011648
mem:  2007040
mem:  1992704
mem:  2006528
mem:  1985024
mem:  1987584
mem:  2018304
mem:  2012672
mem:  2008064
mem:  2015744
mem:  2007552
mem:  2012672
mem:  2000896
mem:  2009600
mem:  2019840
mem:  2044416
mem:  1997312
mem:  2021888
mem:  2023424
mem:  2050560
mem:  2007040
mem:  2030592
mem:  2022400
mem:  2040832
mem:  2029056
mem:  2040320
mem:  2002944
mem:  2000896
mem:  2025472
mem:  2059776
mem:  2022400
mem:  2068992
mem:  2044928
mem:  2033152
mem:  2050560
