SLURM_JOBID=5050204
SLURM_JOB_NODELIST=svl1
SLURM_NNODES=1
SLURMTMPDIR=
working directory = /viscam/projects/objectfolder_benchmark/benchmarks/Multi_Sensory_3D_Reconstruction/code/models/MDN
Start_idx:  786
mem:  1536
mem:  1897984
mem:  1905152
mem:  1893376
mem:  1927680
mem:  1915904
mem:  1930752
mem:  1928704
mem:  1911808
mem:  1931776
mem:  1930752
mem:  1934848
mem:  1924096
mem:  1929216
mem:  1933312
mem:  1938432
mem:  1920512
mem:  1928192
mem:  1929728
mem:  1948160
mem:  1946112
mem:  1934336
mem:  1929728
mem:  1953280
mem:  1938944
mem:  1953792
mem:  1942016
mem:  1963008
mem:  1954816
mem:  1950208
mem:  1944576
mem:  1965568
mem:  1938944
mem:  1952768
mem:  1973760
mem:  1969152
mem:  1964544
mem:  1952768
mem:  1977344
mem:  1961984
mem:  1963520
mem:  1978368
mem:  1976320
mem:  1971712
mem:  1979392
mem:  1980928
mem:  1972736
mem:  1974272
mem:  1972224
mem:  1996800
mem:  1998336
mem:  1990144
mem:  1988096
mem:  2000384
mem:  1991168
mem:  1999872
mem:  1988096
mem:  1986048
mem:  1981440
mem:  1990144
mem:  2001408
mem:  1970176
mem:  1994752
mem:  2004992
mem:  2007552
mem:  1989632
mem:  2009600
mem:  2012160
mem:  2023424
mem:  2027520
mem:  2013184
mem:  2027008
mem:  2025984
mem:  2014208
mem:  2022912
mem:  2030592
mem:  2018816
mem:  2039808
mem:  2038784
mem:  2036736
mem:  2044416
mem:  2042368
mem:  2034176
mem:  2016256
mem:  2040832
mem:  2045952
mem:  2047488
mem:  2045440
mem:  2023936
mem:  2032640
mem:  2047488
mem:  2048000
mem:  2062848
mem:  2058240
mem:  2065920
mem:  2055168
mem:  2062848
mem:  2064384
mem:  2072064
mem:  2009088
