SLURM_JOBID=5049584
SLURM_JOB_NODELIST=svl15
SLURM_NNODES=1
SLURMTMPDIR=
working directory = /viscam/projects/objectfolder_benchmark/benchmarks/Multi_Sensory_3D_Reconstruction/code/models/MDN
Start_idx:  149
mem:  1536
mem:  1851904
mem:  1902592
mem:  1906688
mem:  1927680
mem:  1923072
mem:  1830912
mem:  1929728
mem:  1852416
mem:  1903616
mem:  1907712
mem:  1899520
mem:  1939968
mem:  1876992
mem:  1943040
mem:  1895936
mem:  1924096
mem:  1899008
mem:  1884672
mem:  1918976
mem:  1923072
mem:  1908736
mem:  1871360
mem:  1934848
mem:  1958400
mem:  1936896
mem:  1942016
mem:  1933824
mem:  1919488
mem:  1952768
mem:  1918976
mem:  1927680
mem:  1915904
mem:  1913856
mem:  1915392
mem:  1972736
mem:  1957376
mem:  1962496
mem:  1944576
mem:  1929216
mem:  1937920
mem:  1965056
mem:  1947136
mem:  1974272
mem:  1986560
mem:  1935872
mem:  1949696
mem:  1964544
mem:  1950208
mem:  1996800
mem:  1926656
mem:  1938944
mem:  2001408
mem:  1950720
mem:  1936384
mem:  1986560
mem:  1939456
mem:  1967616
mem:  1949696
mem:  1963520
mem:  1965056
mem:  2002944
mem:  1965568
mem:  1924608
mem:  1978368
mem:  1989632
mem:  1968128
mem:  1985536
mem:  1994240
mem:  1988608
mem:  2009600
mem:  1989120
mem:  1996800
mem:  1955840
mem:  1999872
mem:  2007552
mem:  1973760
mem:  1977856
mem:  2006016
mem:  2029568
mem:  2024960
mem:  2007040
mem:  2047488
mem:  2042880
mem:  2027520
mem:  1993728
mem:  2018304
mem:  2000384
mem:  2033664
mem:  2019328
mem:  1991680
mem:  1996800
mem:  2033664
mem:  2058240
mem:  1995264
mem:  2032128
mem:  2033664
mem:  2031616
mem:  2050048
mem:  2050560
