SLURM_JOBID=5050306
SLURM_JOB_NODELIST=svl9
SLURM_NNODES=1
SLURMTMPDIR=
working directory = /viscam/projects/objectfolder_benchmark/benchmarks/Multi_Sensory_3D_Reconstruction/code/models/MDN
Start_idx:  946
mem:  1536
mem:  1900544
mem:  1924608
mem:  1912832
mem:  1911808
mem:  1913344
mem:  1921024
mem:  1932288
mem:  1927680
mem:  1929216
mem:  1930752
mem:  1938432
mem:  1937408
mem:  1925632
mem:  1933312
mem:  1928704
mem:  1936384
mem:  1937920
mem:  1949184
mem:  1940992
mem:  1942528
mem:  1944064
mem:  1942016
mem:  1931264
mem:  1958400
mem:  1957376
mem:  1955328
mem:  1933824
mem:  1954816
mem:  1946624
mem:  1967616
mem:  1966592
mem:  1964544
mem:  1962496
mem:  1967616
mem:  1939968
mem:  1960960
mem:  1939456
mem:  1960448
mem:  1978880
mem:  1963520
mem:  1972224
mem:  1986048
mem:  1984000
mem:  1979392
mem:  1988096
mem:  1976320
mem:  1987584
mem:  1979392
mem:  1994240
mem:  1998336
mem:  1984000
mem:  1991680
mem:  1990656
mem:  1998336
mem:  1999872
mem:  2001408
mem:  1999360
mem:  2008064
mem:  1998848
mem:  1988096
mem:  2015232
mem:  1997312
mem:  1998848
mem:  2010112
mem:  2018816
mem:  2003456
mem:  2018304
mem:  2025984
mem:  2011648
mem:  2029056
mem:  2007552
mem:  2016256
mem:  2017792
mem:  2035200
mem:  2036736
mem:  2028544
mem:  2036224
mem:  2015744
mem:  2042880
mem:  2024960
mem:  2045952
mem:  2034176
mem:  2042880
mem:  2050560
mem:  2042368
mem:  2053632
mem:  2051584
mem:  2021376
mem:  2058240
mem:  2053632
mem:  2028544
mem:  2027520
mem:  2051072
mem:  2040320
mem:  2057728
mem:  2055680
mem:  2060800
mem:  2065920
mem:  2073600
