SLURM_JOBID=5049658
SLURM_JOB_NODELIST=svl1
SLURM_NNODES=1
SLURMTMPDIR=
working directory = /viscam/projects/objectfolder_benchmark/benchmarks/Multi_Sensory_3D_Reconstruction/code/models/MDN
Start_idx:  185
mem:  1536
mem:  1878528
mem:  1869824
mem:  1903104
mem:  1902080
mem:  1906176
mem:  1907712
mem:  1883648
mem:  1888768
mem:  1896448
mem:  1923584
mem:  1889792
mem:  1939968
mem:  1900032
mem:  1921024
mem:  1895936
mem:  1874432
mem:  1895424
mem:  1916416
mem:  1911808
mem:  1919488
mem:  1908736
mem:  1912832
mem:  1905664
mem:  1916928
mem:  1921024
mem:  1918976
mem:  1904640
mem:  1964544
mem:  1934336
mem:  1912832
mem:  1953280
mem:  1951232
mem:  1940480
mem:  1925120
mem:  1975296
mem:  1928192
mem:  1958912
mem:  1944576
mem:  1948672
mem:  1957376
mem:  1920000
mem:  1933824
mem:  1975296
mem:  1950208
mem:  1955328
mem:  1970176
mem:  1938944
mem:  1943040
mem:  1971200
mem:  1937408
mem:  1974272
mem:  1979392
mem:  1967616
mem:  1930240
mem:  1960960
mem:  1952768
mem:  1970176
mem:  1975296
mem:  1982976
mem:  1988096
mem:  1960448
mem:  1993728
mem:  1996288
mem:  1990656
mem:  1986048
mem:  1990144
mem:  1979392
mem:  1996800
mem:  1994752
mem:  1990144
mem:  1997824
mem:  1993216
mem:  2008064
mem:  1996288
mem:  1997824
mem:  2018816
mem:  2014208
mem:  1989120
mem:  2017280
mem:  2044416
mem:  2007040
mem:  2031616
mem:  1997824
mem:  2001920
mem:  2036224
mem:  2028032
mem:  2003968
mem:  2015232
mem:  2019328
mem:  2027008
mem:  2029568
mem:  2023936
mem:  2021888
mem:  2030592
mem:  2005504
mem:  2046976
mem:  2021888
mem:  2023424
mem:  2031104
