SLURM_JOBID=5049741
SLURM_JOB_NODELIST=svl2
SLURM_NNODES=1
SLURMTMPDIR=
working directory = /viscam/projects/objectfolder_benchmark/benchmarks/Multi_Sensory_3D_Reconstruction/code/models/MDN
Start_idx:  281
mem:  1536
mem:  1921024
mem:  1914880
mem:  1922560
mem:  1924096
mem:  1919488
mem:  1921024
mem:  1922560
mem:  1920512
mem:  1922048
mem:  1934336
mem:  1928704
mem:  1936384
mem:  1925632
mem:  1933312
mem:  1934848
mem:  1926656
mem:  1912320
mem:  1949184
mem:  1947136
mem:  1948672
mem:  1930752
mem:  1949184
mem:  1934848
mem:  1954816
mem:  1957376
mem:  1938432
mem:  1937408
mem:  1958400
mem:  1966080
mem:  1965056
mem:  1946112
mem:  1957376
mem:  1936896
mem:  1961472
mem:  1969152
mem:  1957376
mem:  1978368
mem:  1979904
mem:  1955840
mem:  1982976
mem:  1981952
mem:  1944576
mem:  1965568
mem:  1989120
mem:  1971200
mem:  1978880
mem:  1935360
mem:  1975808
mem:  1996800
mem:  1998336
mem:  1999872
mem:  1958912
mem:  1996800
mem:  1982464
mem:  2006016
mem:  1995264
mem:  2005504
mem:  2010624
mem:  2008576
mem:  2010112
mem:  2012672
mem:  1977856
mem:  2008576
mem:  2019840
mem:  2015232
mem:  2022912
mem:  1989120
mem:  2019840
mem:  2023936
mem:  2019328
mem:  2024448
mem:  2019840
mem:  2008064
mem:  2019328
mem:  2036736
mem:  2025984
mem:  2016768
mem:  2021888
mem:  2010112
mem:  2024960
mem:  2045952
mem:  2041344
mem:  2019840
mem:  2031104
mem:  2045952
mem:  2040320
mem:  2041856
mem:  2056704
mem:  2058240
mem:  2057216
mem:  2045440
mem:  2046976
mem:  2015744
mem:  2059776
mem:  2034688
mem:  2065408
mem:  2070528
mem:  2058752
mem:  2028544
