SLURM_JOBID=5049577
SLURM_JOB_NODELIST=svl1
SLURM_NNODES=1
SLURMTMPDIR=
working directory = /viscam/projects/objectfolder_benchmark/benchmarks/Multi_Sensory_3D_Reconstruction/code/models/MDN
Start_idx:  98
mem:  1536
mem:  1884672
mem:  1856512
mem:  1881088
mem:  1879040
mem:  1929216
mem:  1901568
mem:  1873920
mem:  1888768
mem:  1886720
mem:  1905152
mem:  1883648
mem:  1865728
mem:  1890304
mem:  1943040
mem:  1883648
mem:  1864704
mem:  1889280
mem:  1858048
mem:  1940992
mem:  1854976
mem:  1924608
mem:  1942016
mem:  1905664
mem:  1932800
mem:  1924608
mem:  1877504
mem:  1940992
mem:  1913344
mem:  1884672
mem:  1887232
mem:  1888768
mem:  1938944
mem:  1939456
mem:  1967616
mem:  1959424
mem:  1935360
mem:  1900544
mem:  1917952
mem:  1948672
mem:  1882112
mem:  1949184
mem:  1933824
mem:  1971712
mem:  1959936
mem:  1945600
mem:  1949696
mem:  1929216
mem:  1924608
mem:  1951744
mem:  1949696
mem:  1968128
mem:  1939456
mem:  1983488
mem:  1972736
mem:  1947648
mem:  1956352
mem:  1925120
mem:  1961984
mem:  1930752
mem:  2010112
mem:  1950720
mem:  1977856
mem:  1975808
mem:  1945600
mem:  2005504
mem:  1980416
mem:  1963520
mem:  1961472
mem:  1943552
mem:  1970688
mem:  1997824
mem:  1977344
mem:  1975296
mem:  2013184
mem:  1972224
mem:  2009088
mem:  1985024
mem:  1937920
mem:  1971200
mem:  2002944
mem:  1971712
mem:  2002432
mem:  2023424
mem:  2031104
mem:  1977856
mem:  1979392
mem:  2010112
mem:  1998336
mem:  2006016
mem:  2004992
mem:  2061312
mem:  1991168
mem:  2061824
mem:  1988096
mem:  2018816
mem:  2000896
mem:  2041344
mem:  2033152
mem:  2057728
