SLURM_JOBID=5049813
SLURM_JOB_NODELIST=svl2
SLURM_NNODES=1
SLURMTMPDIR=
working directory = /viscam/projects/objectfolder_benchmark/benchmarks/Multi_Sensory_3D_Reconstruction/code/models/MDN
Start_idx:  369
mem:  1536
mem:  1904128
mem:  1882112
mem:  1922560
mem:  1898496
mem:  1897472
mem:  1914880
mem:  1912832
mem:  1891328
mem:  1922048
mem:  1927168
mem:  1906688
mem:  1859584
mem:  1919488
mem:  1917440
mem:  1928704
mem:  1920512
mem:  1937920
mem:  1929728
mem:  1886208
mem:  1952256
mem:  1947648
mem:  1951744
mem:  1944576
mem:  1958400
mem:  1934336
mem:  1958912
mem:  1949696
mem:  1912320
mem:  1966080
mem:  1942016
mem:  1943552
mem:  1964544
mem:  1962496
mem:  1938432
mem:  1965568
mem:  1976832
mem:  1956352
mem:  1950720
mem:  1955840
mem:  1967104
mem:  1978368
mem:  1950720
mem:  1981440
mem:  1982976
mem:  1974784
mem:  1972736
mem:  1981440
mem:  1992704
mem:  1980928
mem:  1988608
mem:  1990144
mem:  2001408
mem:  1996800
mem:  2004480
mem:  1993728
mem:  1984512
mem:  2009088
mem:  1971712
mem:  1990144
mem:  2000384
mem:  1999360
mem:  1993728
mem:  2008576
mem:  1990656
mem:  1976320
mem:  1958400
mem:  2020864
mem:  2019840
mem:  2017792
mem:  2009600
mem:  2011136
mem:  1980928
mem:  1985024
mem:  2012160
mem:  2034176
mem:  2022400
mem:  2036224
mem:  1986560
mem:  2036736
mem:  2034688
mem:  2016768
mem:  2012160
mem:  2042880
mem:  2038272
mem:  2042368
mem:  2040320
mem:  2041856
mem:  2053120
mem:  2038784
mem:  2040320
mem:  2055168
mem:  2020352
mem:  2038784
mem:  2059776
mem:  2045440
mem:  2053120
mem:  2070528
mem:  2030592
mem:  2054144
