SLURM_JOBID=5049551
SLURM_JOB_NODELIST=svl2
SLURM_NNODES=1
SLURMTMPDIR=
working directory = /viscam/projects/objectfolder_benchmark/benchmarks/Multi_Sensory_3D_Reconstruction/code/models/MDN
Start_idx:  81
mem:  1536
mem:  1917440
mem:  1905152
mem:  1877504
mem:  1857024
mem:  1929216
mem:  1927168
mem:  1912832
mem:  1930240
mem:  1925632
mem:  1885696
mem:  1889792
mem:  1907200
mem:  1929216
mem:  1927168
mem:  1944576
mem:  1946112
mem:  1934336
mem:  1933312
mem:  1944576
mem:  1910784
mem:  1951232
mem:  1952768
mem:  1902080
mem:  1923072
mem:  1928192
mem:  1909248
mem:  1940992
mem:  1912320
mem:  1882112
mem:  1948160
mem:  1920512
mem:  1951232
mem:  1972224
mem:  1971200
mem:  1946112
mem:  1976832
mem:  1958912
mem:  1964032
mem:  1932800
mem:  1969664
mem:  1984512
mem:  1970176
mem:  1987584
mem:  1975808
mem:  1977344
mem:  1978880
mem:  1984000
mem:  1991680
mem:  1957888
mem:  1986048
mem:  1941504
mem:  1956352
mem:  1973760
mem:  1959424
mem:  1951232
mem:  1991680
mem:  1973760
mem:  1998336
mem:  2012160
mem:  1972224
mem:  1999360
mem:  1987584
mem:  1985536
mem:  1994240
mem:  2021376
mem:  2013184
mem:  1979392
mem:  2025984
mem:  2011648
mem:  2009600
mem:  2007552
mem:  2025984
mem:  2017792
mem:  2031616
mem:  2007552
mem:  2028544
mem:  2039808
mem:  1959936
mem:  1968640
mem:  2001920
mem:  2036224
mem:  2044928
mem:  1965056
mem:  2028544
mem:  1997312
mem:  2004992
mem:  2006528
mem:  1992192
mem:  2035200
mem:  2056192
mem:  1993216
mem:  2056704
mem:  2006016
mem:  2056192
mem:  2009088
mem:  2008064
mem:  2035200
mem:  2036736
mem:  2073600
