SLURM_JOBID=5049550
SLURM_JOB_NODELIST=svl3
SLURM_NNODES=1
SLURMTMPDIR=
working directory = /viscam/projects/objectfolder_benchmark/benchmarks/Multi_Sensory_3D_Reconstruction/code/models/MDN
Start_idx:  80
mem:  1536
mem:  1913856
mem:  1895424
mem:  1910272
mem:  1925120
mem:  1909760
mem:  1885696
mem:  1906688
mem:  1931264
mem:  1906176
mem:  1895424
mem:  1909248
mem:  1930240
mem:  1906176
mem:  1868800
mem:  1942016
mem:  1939968
mem:  1912320
mem:  1920000
mem:  1902080
mem:  1910784
mem:  1934336
mem:  1942016
mem:  1950720
mem:  1932800
mem:  1927168
mem:  1955328
mem:  1933824
mem:  1945088
mem:  1963520
mem:  1954304
mem:  1959424
mem:  1941504
mem:  1956352
mem:  1950720
mem:  1939968
mem:  1970688
mem:  1975808
mem:  1979904
mem:  1981440
mem:  1980416
mem:  1971200
mem:  1956864
mem:  1977856
mem:  1982976
mem:  1932288
mem:  1966592
mem:  1984000
mem:  1956352
mem:  1977344
mem:  1978880
mem:  1970688
mem:  1998848
mem:  2000384
mem:  1994752
mem:  1935360
mem:  2001408
mem:  1979904
mem:  1981440
mem:  2012160
mem:  1994240
mem:  2011648
mem:  1994752
mem:  2002432
mem:  2019840
mem:  1988608
mem:  2007040
mem:  1979392
mem:  2019840
mem:  1995776
mem:  2019328
mem:  2011136
mem:  2025984
mem:  2014208
mem:  2035200
mem:  2007552
mem:  2038272
mem:  2030080
mem:  2019328
mem:  2039296
mem:  2012672
mem:  2045952
mem:  2037760
mem:  1974784
mem:  2011648
mem:  2036224
mem:  2008576
mem:  2051584
mem:  2040832
mem:  2029056
mem:  1988096
mem:  2025984
mem:  2062848
mem:  2044928
mem:  2065920
mem:  2044416
mem:  2045952
mem:  2067968
mem:  2027008
mem:  2063872
