SLURM_JOBID=5049567
SLURM_JOB_NODELIST=svl3
SLURM_NNODES=1
SLURMTMPDIR=
working directory = /viscam/projects/objectfolder_benchmark/benchmarks/Multi_Sensory_3D_Reconstruction/code/models/MDN
Start_idx:  92
mem:  1536
mem:  1826304
mem:  1840640
mem:  1883648
mem:  1882624
mem:  1878016
mem:  1882112
mem:  1903104
mem:  1908224
mem:  1853952
mem:  1878528
mem:  1883648
mem:  1910784
mem:  1886720
mem:  1888256
mem:  1866752
mem:  1923072
mem:  1922048
mem:  1858048
mem:  1921536
mem:  1949696
mem:  1899008
mem:  1881088
mem:  1917952
mem:  1893888
mem:  1936896
mem:  1883648
mem:  1927680
mem:  1945088
mem:  1907712
mem:  1905664
mem:  1907200
mem:  1896448
mem:  1946624
mem:  1899520
mem:  1887744
mem:  1928192
mem:  1946624
mem:  1917952
mem:  1897472
mem:  1944064
mem:  1913856
mem:  1937408
mem:  1903616
mem:  1921024
mem:  1951744
mem:  1917952
mem:  1941504
mem:  1936896
mem:  1957888
mem:  1943552
mem:  1964544
mem:  1972224
mem:  1928704
mem:  1949696
mem:  1953792
mem:  1904128
mem:  1947136
mem:  2000896
mem:  1957376
mem:  1939456
mem:  2005504
mem:  1965568
mem:  1947648
mem:  1971200
mem:  1882624
mem:  1954816
mem:  1944064
mem:  1948160
mem:  1959424
mem:  2026496
mem:  1943040
mem:  1944576
mem:  2001920
mem:  1967104
mem:  2023424
mem:  2016256
mem:  1975296
mem:  2002432
mem:  2000384
mem:  1947136
mem:  1964544
mem:  1973248
mem:  1990656
mem:  2009088
mem:  2042368
mem:  2028032
mem:  2010112
mem:  2011648
mem:  1990144
mem:  1998848
mem:  1987072
mem:  2027520
mem:  1980416
mem:  2042880
mem:  1979904
mem:  2008064
mem:  2035200
mem:  1981952
mem:  2022400
