SLURM_JOBID=5050261
SLURM_JOB_NODELIST=svl9
SLURM_NNODES=1
SLURMTMPDIR=
working directory = /viscam/projects/objectfolder_benchmark/benchmarks/Multi_Sensory_3D_Reconstruction/code/models/MDN
Start_idx:  873
mem:  1536
mem:  1901568
mem:  1924608
mem:  1926144
mem:  1927680
mem:  1923072
mem:  1930752
mem:  1910272
mem:  1908224
mem:  1932800
mem:  1913856
mem:  1922560
mem:  1917952
mem:  1908736
mem:  1929728
mem:  1931264
mem:  1923072
mem:  1928192
mem:  1946624
mem:  1931264
mem:  1952256
mem:  1928192
mem:  1939456
mem:  1940992
mem:  1929216
mem:  1959936
mem:  1961472
mem:  1963008
mem:  1958400
mem:  1959936
mem:  1951744
mem:  1963008
mem:  1945088
mem:  1940480
mem:  1973760
mem:  1969152
mem:  1976832
mem:  1978368
mem:  1964032
mem:  1958400
mem:  1982976
mem:  1949184
mem:  1986048
mem:  1958400
mem:  1973248
mem:  1987072
mem:  1992192
mem:  1993728
mem:  1985536
mem:  1996800
mem:  1992192
mem:  1990144
mem:  1991680
mem:  2002944
mem:  1998336
mem:  1996288
mem:  2004992
mem:  1996800
mem:  2007040
mem:  2008576
mem:  1980928
mem:  1995776
mem:  2010624
mem:  1995264
mem:  2010112
mem:  1978880
mem:  2022912
mem:  1998848
mem:  2016256
mem:  2011648
mem:  2019328
mem:  2014720
mem:  2012672
mem:  2033664
mem:  2015744
mem:  2014720
mem:  2016256
mem:  2036224
mem:  2035200
mem:  2036736
mem:  2044416
mem:  2030080
mem:  2041344
mem:  2045440
mem:  2050560
mem:  2036224
mem:  2051072
mem:  2049024
mem:  2050560
mem:  2058240
mem:  2034176
mem:  2061312
mem:  2030080
mem:  2048512
mem:  2065920
mem:  2067456
mem:  2068992
mem:  2070528
mem:  2040320
mem:  2071040
