SLURM_JOBID=5049919
SLURM_JOB_NODELIST=svl10
SLURM_NNODES=1
SLURMTMPDIR=
working directory = /viscam/projects/objectfolder_benchmark/benchmarks/Multi_Sensory_3D_Reconstruction/code/models/MDN
Start_idx:  490
mem:  1536
mem:  1891840
mem:  1862656
mem:  1844736
mem:  1888768
mem:  1903616
mem:  1924608
mem:  1864192
mem:  1849856
mem:  1857536
mem:  1891840
mem:  1906688
mem:  1891328
mem:  1937920
mem:  1943040
mem:  1895936
mem:  1933824
mem:  1908736
mem:  1946624
mem:  1902080
mem:  1903616
mem:  1908736
mem:  1896960
mem:  1917952
mem:  1903616
mem:  1917440
mem:  1926144
mem:  1927680
mem:  1874432
mem:  1966080
mem:  1964032
mem:  1933824
mem:  1948672
mem:  1913856
mem:  1918976
mem:  1916928
mem:  1974272
mem:  1965056
mem:  1973760
mem:  1926656
mem:  1937920
mem:  1906688
mem:  1931264
mem:  1935360
mem:  1934336
mem:  1971200
mem:  1917952
mem:  1923072
mem:  1934336
mem:  1957888
mem:  1937408
mem:  1997312
mem:  1943040
mem:  1979904
mem:  1933824
mem:  1970688
mem:  1968640
mem:  1977344
mem:  1978880
mem:  1963520
mem:  1968640
mem:  1954304
mem:  1952256
mem:  1937920
mem:  1958912
mem:  1970176
mem:  1942528
mem:  1982976
mem:  1964032
mem:  1955840
mem:  1919488
mem:  1985536
mem:  1957888
mem:  1981440
mem:  1964544
mem:  2033152
mem:  2009088
mem:  2020352
mem:  2018304
mem:  2040320
mem:  2040832
mem:  2007040
mem:  1998848
mem:  2003968
mem:  2017792
mem:  1987584
mem:  1989120
mem:  2055168
mem:  2017792
mem:  1987584
mem:  2008576
mem:  1996800
mem:  2017792
mem:  1996288
mem:  2053632
mem:  2038272
mem:  2023936
mem:  2012160
mem:  2040320
mem:  2038272
