SLURM_JOBID=5050024
SLURM_JOB_NODELIST=svl10
SLURM_NNODES=1
SLURMTMPDIR=
working directory = /viscam/projects/objectfolder_benchmark/benchmarks/Multi_Sensory_3D_Reconstruction/code/models/MDN
Start_idx:  643
mem:  1536
mem:  1897984
mem:  1885696
mem:  1894400
mem:  1888768
mem:  1884160
mem:  1889280
mem:  1893376
mem:  1894912
mem:  1906176
mem:  1905152
mem:  1889792
mem:  1939968
mem:  1892864
mem:  1917440
mem:  1902080
mem:  1904640
mem:  1908736
mem:  1917440
mem:  1908224
mem:  1880576
mem:  1912320
mem:  1926144
mem:  1927680
mem:  1915904
mem:  1934336
mem:  1922560
mem:  1879040
mem:  1935360
mem:  1924608
mem:  1944576
mem:  1914368
mem:  1929216
mem:  1943040
mem:  1928704
mem:  1924096
mem:  1941504
mem:  1943040
mem:  1944576
mem:  1948672
mem:  1947648
mem:  1945600
mem:  1964032
mem:  1942528
mem:  1947648
mem:  1935872
mem:  1939968
mem:  1970688
mem:  1966080
mem:  1964032
mem:  1947136
mem:  1954816
mem:  1989120
mem:  1967616
mem:  1965568
mem:  1967104
mem:  1978368
mem:  1954304
mem:  1985024
mem:  1980416
mem:  1984512
mem:  1982464
mem:  1987584
mem:  1982976
mem:  1929728
mem:  1995776
mem:  1977856
mem:  1934336
mem:  1980928
mem:  1920512
mem:  1954816
mem:  1985536
mem:  1999360
mem:  2004480
mem:  1999872
mem:  1997824
mem:  2002944
mem:  2007040
mem:  2002432
mem:  2010112
mem:  1966592
mem:  2007040
mem:  2015744
mem:  2013696
mem:  1966592
mem:  2010624
mem:  2018304
mem:  2033152
mem:  2024960
mem:  2036224
mem:  2001408
mem:  2016256
mem:  2000896
mem:  2032640
mem:  2007552
mem:  2022400
mem:  2017792
mem:  2035200
mem:  2036736
mem:  2044416
