SLURM_JOBID=5049649
SLURM_JOB_NODELIST=svl18
SLURM_NNODES=1
SLURMTMPDIR=
working directory = /viscam/projects/objectfolder_benchmark/benchmarks/Multi_Sensory_3D_Reconstruction/code/models/MDN
Start_idx:  181
mem:  1536
mem:  1865216
mem:  1875968
mem:  1881088
mem:  1898496
mem:  1887744
mem:  1891840
mem:  1926144
mem:  1875456
mem:  1893888
mem:  1907712
mem:  1916416
mem:  1924096
mem:  1902592
mem:  1943040
mem:  1864192
mem:  1932800
mem:  1915904
mem:  1943040
mem:  1909248
mem:  1919488
mem:  1931776
mem:  1935872
mem:  1911808
mem:  1925632
mem:  1930752
mem:  1929728
mem:  1911808
mem:  1912320
mem:  1914880
mem:  1915392
mem:  1924096
mem:  1906176
mem:  1966080
mem:  1950720
mem:  1923072
mem:  1960960
mem:  1946624
mem:  1954304
mem:  1975296
mem:  1940480
mem:  1958912
mem:  1976320
mem:  1971712
mem:  1936896
mem:  1968640
mem:  1937408
mem:  1945088
mem:  1950208
mem:  1983488
mem:  1949696
mem:  1980416
mem:  1991680
mem:  1996800
mem:  1965568
mem:  2006016
mem:  1981952
mem:  1967616
mem:  1961984
mem:  1963520
mem:  1955328
mem:  2011648
mem:  1977856
mem:  1992704
mem:  1971200
mem:  1988608
mem:  1987584
mem:  1972224
mem:  1996800
mem:  1982464
mem:  1980416
mem:  1958912
mem:  1980928
mem:  2008064
mem:  1999872
mem:  1981952
mem:  1996800
mem:  2014208
mem:  1999872
mem:  2003968
mem:  1970176
mem:  2016768
mem:  2024448
mem:  2049024
mem:  2040832
mem:  2026496
mem:  2004992
mem:  2022400
mem:  2027520
mem:  2032640
mem:  2014720
mem:  2035712
mem:  2014208
mem:  1992704
mem:  2040320
mem:  2002944
mem:  2062848
mem:  2006016
mem:  1997824
mem:  2031104
