SLURM_JOBID=5050096
SLURM_JOB_NODELIST=svl9
SLURM_NNODES=1
SLURMTMPDIR=
working directory = /viscam/projects/objectfolder_benchmark/benchmarks/Multi_Sensory_3D_Reconstruction/code/models/MDN
Start_idx:  679
mem:  1536
mem:  1900544
mem:  1902592
mem:  1906688
mem:  1908224
mem:  1887744
mem:  1899008
mem:  1916416
mem:  1908224
mem:  1929216
mem:  1921024
mem:  1912832
mem:  1908224
mem:  1925632
mem:  1917440
mem:  1918976
mem:  1939968
mem:  1924608
mem:  1923584
mem:  1905664
mem:  1939968
mem:  1931776
mem:  1922560
mem:  1931264
mem:  1929216
mem:  1947648
mem:  1948160
mem:  1943552
mem:  1954816
mem:  1946624
mem:  1938432
mem:  1933824
mem:  1968128
mem:  1927168
mem:  1931264
mem:  1971712
mem:  1934336
mem:  1945600
mem:  1966592
mem:  1975296
mem:  1953792
mem:  1955328
mem:  1966592
mem:  1971712
mem:  1959936
mem:  1967616
mem:  1989632
mem:  1984000
mem:  1950208
mem:  1964032
mem:  1949696
mem:  1993728
mem:  1998848
mem:  1987072
mem:  1975296
mem:  1984000
mem:  2001408
mem:  1976320
mem:  1981440
mem:  1996288
mem:  1994240
mem:  1966592
mem:  1997312
mem:  1992704
mem:  2017280
mem:  1988608
mem:  1990144
mem:  2001408
mem:  1990656
mem:  2014208
mem:  2022912
mem:  2018304
mem:  2006528
mem:  2033664
mem:  2035200
mem:  1995264
mem:  2009088
mem:  2008064
mem:  2002432
mem:  2033152
mem:  2024960
mem:  2030080
mem:  2018304
mem:  2049024
mem:  2037248
mem:  2036224
mem:  2034176
mem:  2029568
mem:  2037248
mem:  2048512
mem:  2034176
mem:  2051584
mem:  2046976
mem:  2035200
mem:  2042880
mem:  2057728
mem:  2066432
mem:  2051072
mem:  2046464
mem:  2070016
