SLURM_JOBID=5049619
SLURM_JOB_NODELIST=svl15
SLURM_NNODES=1
SLURMTMPDIR=
working directory = /viscam/projects/objectfolder_benchmark/benchmarks/Multi_Sensory_3D_Reconstruction/code/models/MDN
Start_idx:  168
mem:  1536
mem:  1920000
mem:  1883136
mem:  1845760
mem:  1927680
mem:  1909760
mem:  1901568
mem:  1887232
mem:  1921536
mem:  1915904
mem:  1888256
mem:  1918976
mem:  1936384
mem:  1925632
mem:  1904128
mem:  1940992
mem:  1907200
mem:  1931776
mem:  1904128
mem:  1931264
mem:  1932800
mem:  1911296
mem:  1942016
mem:  1950720
mem:  1925632
mem:  1934336
mem:  1939456
mem:  1927680
mem:  1922048
mem:  1921024
mem:  1951744
mem:  1943552
mem:  1948672
mem:  1943040
mem:  1960448
mem:  1959424
mem:  1947648
mem:  1943040
mem:  1964032
mem:  1942528
mem:  1953792
mem:  1974784
mem:  1970176
mem:  1981440
mem:  1956352
mem:  1965056
mem:  1979904
mem:  1945088
mem:  1985536
mem:  1980928
mem:  1969152
mem:  1958400
mem:  1979392
mem:  1987072
mem:  1978880
mem:  1999872
mem:  1966080
mem:  1989632
mem:  1991168
mem:  1973248
mem:  2003968
mem:  1993216
mem:  2007040
mem:  2004992
mem:  1984512
mem:  1998336
mem:  2003456
mem:  1979392
mem:  2019840
mem:  2017792
mem:  1980416
mem:  1997824
mem:  1983488
mem:  2008064
mem:  2021888
mem:  1995264
mem:  1999360
mem:  2030080
mem:  2035200
mem:  2017280
mem:  2022400
mem:  2020352
mem:  2025472
mem:  2029568
mem:  2044416
mem:  2032640
mem:  2034176
mem:  2049024
mem:  2021376
mem:  2036224
mem:  2040320
mem:  2041856
mem:  2023936
mem:  2015744
mem:  2023424
mem:  2038272
mem:  2049536
mem:  2060800
mem:  2065920
mem:  2028544
