SLURM_JOBID=5049947
SLURM_JOB_NODELIST=svl9
SLURM_NNODES=1
SLURMTMPDIR=
working directory = /viscam/projects/objectfolder_benchmark/benchmarks/Multi_Sensory_3D_Reconstruction/code/models/MDN
Start_idx:  543
mem:  1536
mem:  1907712
mem:  1902592
mem:  1926144
mem:  1902080
mem:  1919488
mem:  1901568
mem:  1871360
mem:  1920512
mem:  1893888
mem:  1913856
mem:  1880064
mem:  1930240
mem:  1928192
mem:  1927168
mem:  1944576
mem:  1933824
mem:  1883136
mem:  1939456
mem:  1909248
mem:  1929216
mem:  1911296
mem:  1920000
mem:  1902080
mem:  1948672
mem:  1940480
mem:  1942016
mem:  1924096
mem:  1915904
mem:  1924608
mem:  1899520
mem:  1943552
mem:  1938944
mem:  1936896
mem:  1934848
mem:  1953280
mem:  1970688
mem:  1962496
mem:  1979904
mem:  1949696
mem:  1921024
mem:  1962496
mem:  1963008
mem:  1984000
mem:  1979392
mem:  1945600
mem:  1982464
mem:  1968128
mem:  1962496
mem:  1951744
mem:  1972736
mem:  1984000
mem:  1995264
mem:  1983488
mem:  1981440
mem:  1982976
mem:  1978368
mem:  1973760
mem:  2008064
mem:  1986560
mem:  1990656
mem:  2009088
mem:  1993728
mem:  2008576
mem:  2019840
mem:  2005504
mem:  2000896
mem:  2024448
mem:  1980928
mem:  1985024
mem:  2003456
mem:  2001408
mem:  2025984
mem:  1988608
mem:  1990144
mem:  1991680
mem:  2005504
mem:  2030080
mem:  2006016
mem:  2027008
mem:  2028544
mem:  2026496
mem:  2021888
mem:  2042880
mem:  2024960
mem:  2016768
mem:  2030592
mem:  2002944
mem:  2034688
mem:  2058240
mem:  2027008
mem:  2022400
mem:  2062848
mem:  2042368
mem:  2030592
mem:  2041856
mem:  2036224
mem:  2054656
mem:  2049024
mem:  2024960
