SLURM_JOBID=5050365
SLURM_JOB_NODELIST=svl1
SLURM_NNODES=1
SLURMTMPDIR=
working directory = /viscam/projects/objectfolder_benchmark/benchmarks/Multi_Sensory_3D_Reconstruction/code/models/MDN
Start_idx:  959
mem:  1536
mem:  1890816
mem:  1895424
mem:  1903104
mem:  1879040
mem:  1913344
mem:  1866240
mem:  1906688
mem:  1930240
mem:  1880576
mem:  1917440
mem:  1938432
mem:  1885184
mem:  1902592
mem:  1897984
mem:  1918976
mem:  1920512
mem:  1902592
mem:  1929728
mem:  1928704
mem:  1926656
mem:  1928192
mem:  1916416
mem:  1921536
mem:  1954816
mem:  1918464
mem:  1935872
mem:  1933824
mem:  1932800
mem:  1895424
mem:  1944576
mem:  1916928
mem:  1935360
mem:  1907712
mem:  1922560
mem:  1920512
mem:  1954816
mem:  1920000
mem:  1944576
mem:  1959424
mem:  1930752
mem:  1981952
mem:  1950720
mem:  1935360
mem:  1985536
mem:  1965056
mem:  1937408
mem:  1958400
mem:  1959936
mem:  1987072
mem:  1966592
mem:  1964544
mem:  1956352
mem:  1973760
mem:  1942528
mem:  1999872
mem:  2007552
mem:  1983488
mem:  1988608
mem:  1979392
mem:  1968640
mem:  1976320
mem:  1984000
mem:  1957376
mem:  1955328
mem:  1982464
mem:  1977856
mem:  1973248
mem:  2016256
mem:  2017792
mem:  1948672
mem:  1972224
mem:  1996800
mem:  2004480
mem:  1992704
mem:  1994240
mem:  2015232
mem:  2004480
mem:  2015744
mem:  2010112
mem:  2024960
mem:  2016768
mem:  2028032
mem:  1980928
mem:  2015232
mem:  2022912
mem:  2004992
mem:  2003968
mem:  2023936
mem:  2006016
mem:  2014720
mem:  2035712
mem:  1998336
mem:  2051072
mem:  2020864
mem:  2018816
mem:  2026496
mem:  2048512
mem:  2056192
mem:  2034688
