SLURM_JOBID=5049788
SLURM_JOB_NODELIST=svl1
SLURM_NNODES=1
SLURMTMPDIR=
working directory = /viscam/projects/objectfolder_benchmark/benchmarks/Multi_Sensory_3D_Reconstruction/code/models/MDN
Start_idx:  353
mem:  1536
mem:  1913856
mem:  1883136
mem:  1916416
mem:  1911808
mem:  1929216
mem:  1930752
mem:  1932288
mem:  1914368
mem:  1935360
mem:  1936896
mem:  1935872
mem:  1924096
mem:  1931776
mem:  1930752
mem:  1944576
mem:  1946112
mem:  1947648
mem:  1935872
mem:  1915392
mem:  1948672
mem:  1947648
mem:  1926144
mem:  1911808
mem:  1942528
mem:  1934336
mem:  1951744
mem:  1953280
mem:  1909760
mem:  1962496
mem:  1957888
mem:  1946112
mem:  1970688
mem:  1956352
mem:  1957888
mem:  1963008
mem:  1970688
mem:  1962496
mem:  1979904
mem:  1955840
mem:  1967104
mem:  1965056
mem:  1950720
mem:  1971712
mem:  1989120
mem:  1984512
mem:  1992192
mem:  1987584
mem:  1946624
mem:  1984512
mem:  1998336
mem:  1970688
mem:  1991680
mem:  1983488
mem:  1959424
mem:  1992704
mem:  1968640
mem:  1999360
mem:  1985024
mem:  1999872
mem:  2013696
mem:  1995776
mem:  1977856
mem:  2006016
mem:  2007552
mem:  2018816
mem:  2022912
mem:  2024448
mem:  2016256
mem:  2017792
mem:  1999872
mem:  1985536
mem:  2025984
mem:  2033664
mem:  2022912
mem:  2030592
mem:  2034688
mem:  2039808
mem:  2025472
mem:  2010112
mem:  2034688
mem:  2026496
mem:  2021888
mem:  2035712
mem:  2024960
mem:  2049536
mem:  2047488
mem:  2055168
mem:  2021376
mem:  2058240
mem:  2040320
mem:  2029568
mem:  2043392
mem:  2042368
mem:  2040320
mem:  2041856
mem:  2036224
mem:  2035200
mem:  2062336
mem:  2054144
