SLURM_JOBID=5050353
SLURM_JOB_NODELIST=svl10
SLURM_NNODES=1
SLURMTMPDIR=
working directory = /viscam/projects/objectfolder_benchmark/benchmarks/Multi_Sensory_3D_Reconstruction/code/models/MDN
Start_idx:  954
mem:  1536
mem:  1923584
mem:  1912320
mem:  1896960
mem:  1917952
mem:  1916928
mem:  1918464
mem:  1918976
mem:  1924096
mem:  1913344
mem:  1936896
mem:  1889792
mem:  1930240
mem:  1900032
mem:  1943040
mem:  1934848
mem:  1936384
mem:  1941504
mem:  1943040
mem:  1940992
mem:  1916928
mem:  1941504
mem:  1932288
mem:  1956864
mem:  1948672
mem:  1924608
mem:  1961472
mem:  1960448
mem:  1964544
mem:  1966080
mem:  1951744
mem:  1969152
mem:  1935360
mem:  1962496
mem:  1957888
mem:  1975296
mem:  1960960
mem:  1968640
mem:  1967616
mem:  1936384
mem:  1982976
mem:  1981952
mem:  1972736
mem:  1977856
mem:  1975808
mem:  1967616
mem:  1982464
mem:  1974272
mem:  1985536
mem:  1961472
mem:  1965568
mem:  1996288
mem:  2001408
mem:  1983488
mem:  1982464
mem:  2003456
mem:  2001408
mem:  2006528
mem:  1985024
mem:  2006016
mem:  2001408
mem:  2009088
mem:  2010624
mem:  2008576
mem:  1990656
mem:  2008064
mem:  2013184
mem:  2014720
mem:  2006528
mem:  1982464
mem:  2022912
mem:  2017280
mem:  2022400
mem:  2004480
mem:  2029056
mem:  2017280
mem:  2028544
mem:  2020352
mem:  2006016
mem:  2023424
mem:  2005504
mem:  2023936
mem:  2028032
mem:  2049024
mem:  2024960
mem:  2045952
mem:  2041344
mem:  2029568
mem:  2031104
mem:  2038784
mem:  2059776
mem:  2035712
mem:  2053120
mem:  2052096
mem:  2042880
mem:  2057728
mem:  2055680
mem:  2060800
mem:  2052608
mem:  2063872
