SLURM_JOBID=5049539
SLURM_JOB_NODELIST=svl18
SLURM_NNODES=1
SLURMTMPDIR=
working directory = /viscam/projects/objectfolder_benchmark/benchmarks/Multi_Sensory_3D_Reconstruction/code/models/MDN
Start_idx:  72
mem:  1536
mem:  1894400
mem:  1924608
mem:  1900544
mem:  1915392
mem:  1923072
mem:  1928192
mem:  1928704
mem:  1917952
mem:  1929216
mem:  1936896
mem:  1934848
mem:  1939968
mem:  1941504
mem:  1940480
mem:  1938432
mem:  1936384
mem:  1924608
mem:  1926144
mem:  1948160
mem:  1949696
mem:  1953792
mem:  1949184
mem:  1950720
mem:  1954816
mem:  1959936
mem:  1951744
mem:  1960448
mem:  1948672
mem:  1963520
mem:  1965056
mem:  1959424
mem:  1964544
mem:  1946624
mem:  1970176
mem:  1969152
mem:  1963520
mem:  1952768
mem:  1979904
mem:  1981440
mem:  1973248
mem:  1980928
mem:  1972736
mem:  1984000
mem:  1989120
mem:  1990656
mem:  1982464
mem:  1993728
mem:  1989120
mem:  1996800
mem:  1992192
mem:  1984000
mem:  1998848
mem:  2000384
mem:  2004480
mem:  2003456
mem:  2001408
mem:  2009088
mem:  2010624
mem:  2009600
mem:  2011136
mem:  2009088
mem:  2004480
mem:  2002432
mem:  2019840
mem:  2021376
mem:  2022912
mem:  2024448
mem:  2016256
mem:  2027520
mem:  2016768
mem:  2020864
mem:  2029568
mem:  2030080
mem:  2025472
mem:  2027008
mem:  2034688
mem:  2033664
mem:  2029056
mem:  2033152
mem:  2044416
mem:  2039808
mem:  2047488
mem:  2045440
mem:  2034688
mem:  2052096
mem:  2047488
mem:  2049024
mem:  2044416
mem:  2058240
mem:  2059776
mem:  2055168
mem:  2050560
mem:  2054656
mem:  2063360
mem:  2051584
mem:  2059264
mem:  2070528
mem:  2059776
mem:  2073600
