SLURM_JOBID=5050243
SLURM_JOB_NODELIST=svl9
SLURM_NNODES=1
SLURMTMPDIR=
working directory = /viscam/projects/objectfolder_benchmark/benchmarks/Multi_Sensory_3D_Reconstruction/code/models/MDN
Start_idx:  856
mem:  1536
mem:  1878528
mem:  1891840
mem:  1893376
mem:  1872896
mem:  1903616
mem:  1885696
mem:  1912832
mem:  1908224
mem:  1915904
mem:  1897984
mem:  1912832
mem:  1916928
mem:  1925632
mem:  1900544
mem:  1918976
mem:  1907200
mem:  1918464
mem:  1920000
mem:  1934848
mem:  1926656
mem:  1931776
mem:  1900544
mem:  1931264
mem:  1945088
mem:  1928192
mem:  1910272
mem:  1908224
mem:  1919488
mem:  1946624
mem:  1944576
mem:  1955840
mem:  1929216
mem:  1940480
mem:  1938432
mem:  1936384
mem:  1957376
mem:  1952768
mem:  1931264
mem:  1977856
mem:  1953792
mem:  1955328
mem:  1950720
mem:  1975296
mem:  1959936
mem:  1980928
mem:  1969152
mem:  1960960
mem:  1943040
mem:  1984512
mem:  1982464
mem:  1993728
mem:  1975808
mem:  1961472
mem:  1943552
mem:  1986560
mem:  2007552
mem:  1986048
mem:  1981440
mem:  1982976
mem:  2000384
mem:  1972736
mem:  1991168
mem:  2002432
mem:  1971200
mem:  2001920
mem:  2007040
mem:  2002432
mem:  2006528
mem:  2011648
mem:  1980416
mem:  1985536
mem:  1996800
mem:  2004480
mem:  2003456
mem:  2027008
mem:  2012672
mem:  2027520
mem:  2008576
mem:  2013696
mem:  2024960
mem:  2030080
mem:  2025472
mem:  2029568
mem:  2027520
mem:  2026496
mem:  2041344
mem:  2035712
mem:  2027520
mem:  2032640
mem:  2028032
mem:  2045440
mem:  2033664
mem:  2048512
mem:  2046464
mem:  2045440
mem:  2049536
mem:  2021888
mem:  2036736
mem:  2054144
