SLURM_JOBID=5050158
SLURM_JOB_NODELIST=svl7
SLURM_NNODES=1
SLURMTMPDIR=
working directory = /viscam/projects/objectfolder_benchmark/benchmarks/Multi_Sensory_3D_Reconstruction/code/models/MDN
Start_idx:  764
mem:  1536
mem:  1917440
mem:  1912320
mem:  1896960
mem:  1905664
mem:  1906176
mem:  1921024
mem:  1918976
mem:  1881600
mem:  1876992
mem:  1878528
mem:  1928704
mem:  1927680
mem:  1925632
mem:  1921024
mem:  1873920
mem:  1875456
mem:  1912320
mem:  1926144
mem:  1934848
mem:  1907200
mem:  1924608
mem:  1949184
mem:  1911808
mem:  1907200
mem:  1934336
mem:  1929728
mem:  1924096
mem:  1932800
mem:  1905152
mem:  1965056
mem:  1917952
mem:  1958400
mem:  1933312
mem:  1934848
mem:  1930240
mem:  1951232
mem:  1943040
mem:  1954304
mem:  1919488
mem:  1944064
mem:  1945600
mem:  1966592
mem:  1975296
mem:  1953792
mem:  1955328
mem:  1982464
mem:  1942528
mem:  1956352
mem:  1957888
mem:  1953280
mem:  1964544
mem:  1943040
mem:  1993216
mem:  1988608
mem:  2002432
mem:  1965056
mem:  1993216
mem:  1977856
mem:  2006016
mem:  2003968
mem:  1953280
mem:  2000896
mem:  2008576
mem:  2016256
mem:  2001920
mem:  1968128
mem:  2008576
mem:  2000384
mem:  2024960
mem:  2009600
mem:  1966080
mem:  2028544
mem:  2017792
mem:  2006016
mem:  1981952
mem:  2024960
mem:  2008064
mem:  2021888
mem:  1997824
mem:  2009088
mem:  2039808
mem:  2025472
mem:  2000384
mem:  2031104
mem:  2052096
mem:  2002432
mem:  2003968
mem:  2054144
mem:  2006016
mem:  2011136
mem:  2055168
mem:  2046976
mem:  2025472
mem:  1991680
mem:  2048000
mem:  2037248
mem:  2025472
mem:  2017280
mem:  2034688
