SLURM_JOBID=5049794
SLURM_JOB_NODELIST=svl2
SLURM_NNODES=1
SLURMTMPDIR=
working directory = /viscam/projects/objectfolder_benchmark/benchmarks/Multi_Sensory_3D_Reconstruction/code/models/MDN
Start_idx:  359
mem:  1536
mem:  1891840
mem:  1918464
mem:  1926144
mem:  1902080
mem:  1923072
mem:  1899008
mem:  1909248
mem:  1917952
mem:  1900032
mem:  1913856
mem:  1912832
mem:  1920512
mem:  1912320
mem:  1923584
mem:  1925120
mem:  1926656
mem:  1925632
mem:  1935872
mem:  1950720
mem:  1932800
mem:  1921024
mem:  1943040
mem:  1950720
mem:  1942528
mem:  1944064
mem:  1948160
mem:  1947136
mem:  1954816
mem:  1946624
mem:  1938432
mem:  1930240
mem:  1968128
mem:  1966080
mem:  1964032
mem:  1926656
mem:  1970688
mem:  1968640
mem:  1918976
mem:  1952256
mem:  1970688
mem:  1978368
mem:  1963008
mem:  1984000
mem:  1976832
mem:  1977344
mem:  1956864
mem:  1974272
mem:  1982976
mem:  1961472
mem:  1986048
mem:  1976832
mem:  1981952
mem:  1990656
mem:  1985024
mem:  1976832
mem:  2003968
mem:  1964032
mem:  1991168
mem:  1989120
mem:  2011136
mem:  2002944
mem:  2016768
mem:  2015744
mem:  1990656
mem:  2001920
mem:  2003456
mem:  2002432
mem:  2000384
mem:  1985024
mem:  2009600
mem:  2007552
mem:  2022400
mem:  2023936
mem:  2035200
mem:  2007552
mem:  2022400
mem:  2023936
mem:  2041344
mem:  2036736
mem:  2005504
mem:  2030080
mem:  2044928
mem:  2039296
mem:  2017792
mem:  2048512
mem:  2014720
mem:  2055168
mem:  2046976
mem:  2048512
mem:  2053632
mem:  2022400
mem:  2004480
mem:  2064384
mem:  2040320
mem:  2054144
mem:  2043392
mem:  2047488
mem:  2039296
mem:  2067456
