SLURM_JOBID=5050021
SLURM_JOB_NODELIST=svl12
SLURM_NNODES=1
SLURMTMPDIR=
working directory = /viscam/projects/objectfolder_benchmark/benchmarks/Multi_Sensory_3D_Reconstruction/code/models/MDN
Start_idx:  599
mem:  1536
mem:  1917440
mem:  1885696
mem:  1832448
mem:  1885184
mem:  1923072
mem:  1918464
mem:  1912832
mem:  1904640
mem:  1886720
mem:  1888256
mem:  1899520
mem:  1910784
mem:  1915904
mem:  1907712
mem:  1873920
mem:  1894912
mem:  1931776
mem:  1894400
mem:  1921536
mem:  1913344
mem:  1918464
mem:  1933312
mem:  1905664
mem:  1936384
mem:  1924608
mem:  1942016
mem:  1927680
mem:  1964544
mem:  1943040
mem:  1925120
mem:  1943552
mem:  1931776
mem:  1968640
mem:  1931264
mem:  1907200
mem:  1908736
mem:  1913856
mem:  1957888
mem:  1977856
mem:  1944064
mem:  1958912
mem:  1940992
mem:  1958400
mem:  1979392
mem:  1958912
mem:  1933824
mem:  1981440
mem:  1969664
mem:  1971200
mem:  1986048
mem:  1974272
mem:  2001408
mem:  1970176
mem:  2001920
mem:  1960960
mem:  1965056
mem:  1964032
mem:  1991168
mem:  1976832
mem:  1929728
mem:  2005504
mem:  1987584
mem:  1953792
mem:  1980928
mem:  2015232
mem:  1980416
mem:  1952768
mem:  1977344
mem:  2011648
mem:  2003456
mem:  1972224
mem:  1964032
mem:  1969152
mem:  1996288
mem:  2027008
mem:  1993216
mem:  2017792
mem:  1989120
mem:  1965056
mem:  2015232
mem:  2026496
mem:  2021888
mem:  2029568
mem:  2040832
mem:  1984000
mem:  2014720
mem:  1971200
mem:  2011648
mem:  2003456
mem:  2018304
mem:  2038272
mem:  2039808
mem:  2051072
mem:  2065920
mem:  2018816
mem:  2043392
mem:  2070528
mem:  2030592
mem:  2041856
