SLURM_JOBID=5049964
SLURM_JOB_NODELIST=svl10
SLURM_NNODES=1
SLURMTMPDIR=
working directory = /viscam/projects/objectfolder_benchmark/benchmarks/Multi_Sensory_3D_Reconstruction/code/models/MDN
Start_idx:  550
mem:  1536
mem:  1894400
mem:  1879552
mem:  1900544
mem:  1902080
mem:  1906176
mem:  1878528
mem:  1883648
mem:  1910784
mem:  1913344
mem:  1897984
mem:  1906688
mem:  1904640
mem:  1929216
mem:  1923584
mem:  1882624
mem:  1903616
mem:  1934336
mem:  1923584
mem:  1918976
mem:  1923072
mem:  1908736
mem:  1920000
mem:  1915392
mem:  1909760
mem:  1953792
mem:  1942016
mem:  1947136
mem:  1900032
mem:  1950208
mem:  1922560
mem:  1933824
mem:  1954816
mem:  1943040
mem:  1934848
mem:  1933824
mem:  1928192
mem:  1946624
mem:  1950720
mem:  1946112
mem:  1973248
mem:  1958912
mem:  1953280
mem:  1964544
mem:  1950208
mem:  1938432
mem:  1982464
mem:  1964544
mem:  1944064
mem:  1974784
mem:  1985024
mem:  1967104
mem:  1958912
mem:  1951744
mem:  1981440
mem:  1974272
mem:  1985536
mem:  1976320
mem:  2004480
mem:  1992704
mem:  1972224
mem:  1989632
mem:  2003456
mem:  1985536
mem:  1988096
mem:  1982464
mem:  2013184
mem:  1979392
mem:  1967616
mem:  1992192
mem:  1970688
mem:  1989120
mem:  2006528
mem:  2021376
mem:  1984000
mem:  2013696
mem:  2024960
mem:  1991168
mem:  2008576
mem:  2013696
mem:  1993216
mem:  2013184
mem:  2034176
mem:  2019840
mem:  2021376
mem:  2016768
mem:  1995264
mem:  2029568
mem:  2024960
mem:  2022912
mem:  2030592
mem:  2025984
mem:  2043392
mem:  2048512
mem:  2036736
mem:  2034688
mem:  2049536
mem:  2029056
mem:  2027008
mem:  2028544
