SLURM_JOBID=5049933
SLURM_JOB_NODELIST=svl7
SLURM_NNODES=1
SLURMTMPDIR=
working directory = /viscam/projects/objectfolder_benchmark/benchmarks/Multi_Sensory_3D_Reconstruction/code/models/MDN
Start_idx:  492
mem:  1536
mem:  1904128
mem:  1902592
mem:  1910272
mem:  1898496
mem:  1929216
mem:  1897984
mem:  1912832
mem:  1924096
mem:  1925632
mem:  1921024
mem:  1926144
mem:  1901056
mem:  1922048
mem:  1940480
mem:  1928704
mem:  1930240
mem:  1937920
mem:  1935872
mem:  1940992
mem:  1926656
mem:  1905152
mem:  1923584
mem:  1927680
mem:  1954816
mem:  1930752
mem:  1942016
mem:  1960448
mem:  1961984
mem:  1966080
mem:  1954304
mem:  1946112
mem:  1947648
mem:  1972224
mem:  1940992
mem:  1916928
mem:  1951232
mem:  1966080
mem:  1957888
mem:  1961984
mem:  1947648
mem:  1955328
mem:  1983488
mem:  1946112
mem:  1969664
mem:  1977344
mem:  1953280
mem:  1958400
mem:  1963520
mem:  1983488
mem:  1976320
mem:  1976832
mem:  1991680
mem:  1987072
mem:  1969152
mem:  1925632
mem:  1988096
mem:  1983488
mem:  2004480
mem:  1950208
mem:  1994240
mem:  1979904
mem:  1994752
mem:  2002432
mem:  2003968
mem:  2001920
mem:  2013184
mem:  1956352
mem:  2016256
mem:  1992192
mem:  2007040
mem:  2018304
mem:  1983488
mem:  2010624
mem:  2009600
mem:  1984512
mem:  1987072
mem:  2023936
mem:  2009600
mem:  2023424
mem:  2038272
mem:  2033664
mem:  2047488
mem:  2033152
mem:  2024960
mem:  2013184
mem:  2024448
mem:  2032128
mem:  2008064
mem:  1997312
mem:  2036736
mem:  2029568
mem:  2062848
mem:  2041344
mem:  2050048
mem:  2061312
mem:  2056704
mem:  2060800
mem:  2030592
mem:  2048000
