SLURM_JOBID=5049652
SLURM_JOB_NODELIST=svl5
SLURM_NNODES=1
SLURMTMPDIR=
working directory = /viscam/projects/objectfolder_benchmark/benchmarks/Multi_Sensory_3D_Reconstruction/code/models/MDN
Start_idx:  182
mem:  1536
mem:  1910272
mem:  1879552
mem:  1904128
mem:  1863168
mem:  1880576
mem:  1918464
mem:  1896960
mem:  1927680
mem:  1919488
mem:  1917440
mem:  1883648
mem:  1933824
mem:  1906176
mem:  1907712
mem:  1889792
mem:  1920512
mem:  1915904
mem:  1929728
mem:  1882624
mem:  1910784
mem:  1905152
mem:  1952768
mem:  1898496
mem:  1925632
mem:  1930752
mem:  1928704
mem:  1956864
mem:  1938944
mem:  1933312
mem:  1932288
mem:  1939968
mem:  1922048
mem:  1927168
mem:  1964032
mem:  1946112
mem:  1937920
mem:  1955328
mem:  1977344
mem:  1948672
mem:  1950208
mem:  1935872
mem:  1960448
mem:  1942528
mem:  1956352
mem:  1942016
mem:  1949696
mem:  1935360
mem:  1972224
mem:  1980928
mem:  1953280
mem:  1948672
mem:  1946624
mem:  1960448
mem:  1953280
mem:  1970688
mem:  1966080
mem:  1950720
mem:  1985024
mem:  1999872
mem:  1978368
mem:  2001920
mem:  1987584
mem:  2012160
mem:  1971200
mem:  2009088
mem:  2013184
mem:  1981952
mem:  1971200
mem:  2014208
mem:  1996288
mem:  1995264
mem:  1954304
mem:  2014208
mem:  2006016
mem:  2003968
mem:  1989632
mem:  2010624
mem:  2025472
mem:  1981952
mem:  1992192
mem:  1993728
mem:  2041344
mem:  2027008
mem:  2021376
mem:  2000896
mem:  2030592
mem:  2025984
mem:  2023936
mem:  2019328
mem:  2028032
mem:  2012672
mem:  2031104
mem:  2044928
mem:  2034176
mem:  2048000
mem:  2053120
mem:  2025472
mem:  2072064
mem:  2057728
