SLURM_JOBID=5049809
SLURM_JOB_NODELIST=svl7
SLURM_NNODES=1
SLURMTMPDIR=
working directory = /viscam/projects/objectfolder_benchmark/benchmarks/Multi_Sensory_3D_Reconstruction/code/models/MDN
Start_idx:  366
mem:  1536
mem:  1871360
mem:  1856512
mem:  1871360
mem:  1879040
mem:  1870848
mem:  1879552
mem:  1889792
mem:  1901056
mem:  1893888
mem:  1936896
mem:  1870336
mem:  1878016
mem:  1876992
mem:  1907712
mem:  1899520
mem:  1891328
mem:  1889280
mem:  1890816
mem:  1917952
mem:  1901056
mem:  1902592
mem:  1894400
mem:  1933824
mem:  1893888
mem:  1891840
mem:  1900544
mem:  1921536
mem:  1925632
mem:  1944064
mem:  1938432
mem:  1910784
mem:  1941504
mem:  1901568
mem:  1921536
mem:  1946112
mem:  1951232
mem:  1929728
mem:  1918976
mem:  1920512
mem:  1928192
mem:  1945600
mem:  1966592
mem:  1958400
mem:  1973248
mem:  1939456
mem:  1939968
mem:  1951232
mem:  1991680
mem:  1951744
mem:  1949696
mem:  1957376
mem:  1939456
mem:  1993216
mem:  1933824
mem:  1970688
mem:  1949184
mem:  1977344
mem:  2000896
mem:  1989120
mem:  1962496
mem:  1976320
mem:  1965568
mem:  2008576
mem:  1957888
mem:  1976320
mem:  1977856
mem:  1962496
mem:  1973760
mem:  1963008
mem:  1986560
mem:  1985536
mem:  1973760
mem:  1972736
mem:  1973248
mem:  2014720
mem:  1983488
mem:  2008064
mem:  1982976
mem:  1994240
mem:  2012672
mem:  1991168
mem:  2008576
mem:  2000384
mem:  2044416
mem:  1977856
mem:  2012160
mem:  2055168
mem:  2008064
mem:  2032640
mem:  2036736
mem:  2019840
mem:  2053120
mem:  2025472
mem:  2011136
mem:  2006528
mem:  2030080
mem:  2031616
mem:  2011136
mem:  2022400
