SLURM_JOBID=5049709
SLURM_JOB_NODELIST=svl1
SLURM_NNODES=1
SLURMTMPDIR=
working directory = /viscam/projects/objectfolder_benchmark/benchmarks/Multi_Sensory_3D_Reconstruction/code/models/MDN
Start_idx:  257
mem:  1536
mem:  1894400
mem:  1912320
mem:  1877504
mem:  1911808
mem:  1906176
mem:  1921024
mem:  1900544
mem:  1891328
mem:  1909760
mem:  1911296
mem:  1899520
mem:  1924096
mem:  1922048
mem:  1930752
mem:  1889792
mem:  1891328
mem:  1902592
mem:  1917440
mem:  1902080
mem:  1936384
mem:  1934336
mem:  1923584
mem:  1933824
mem:  1903616
mem:  1930752
mem:  1912832
mem:  1963008
mem:  1935360
mem:  1950208
mem:  1942016
mem:  1914368
mem:  1935360
mem:  1943040
mem:  1964032
mem:  1920512
mem:  1941504
mem:  1955328
mem:  1940992
mem:  1948672
mem:  1914880
mem:  1933312
mem:  1950720
mem:  1923072
mem:  1963520
mem:  1980928
mem:  1953280
mem:  1974272
mem:  1940480
mem:  1987072
mem:  1985024
mem:  1980416
mem:  1962496
mem:  1970176
mem:  1969152
mem:  1970688
mem:  1972224
mem:  1986048
mem:  2010624
mem:  1980416
mem:  1962496
mem:  1960448
mem:  1981440
mem:  2012160
mem:  2006528
mem:  1953280
mem:  2016768
mem:  2014720
mem:  2000384
mem:  2017792
mem:  1996288
mem:  1972224
mem:  2012672
mem:  2000896
mem:  2029056
mem:  2027008
mem:  2015232
mem:  2020352
mem:  2031616
mem:  2030592
mem:  2015232
mem:  1997312
mem:  2008576
mem:  2025984
mem:  2008064
mem:  2036224
mem:  2018304
mem:  2013696
mem:  1998336
mem:  2032640
mem:  2020864
mem:  2049024
mem:  2033664
mem:  2015744
mem:  2046464
mem:  2034688
mem:  2053120
mem:  2031616
mem:  2062336
mem:  2054144
