SLURM_JOBID=5050122
SLURM_JOB_NODELIST=svl9
SLURM_NNODES=1
SLURMTMPDIR=
working directory = /viscam/projects/objectfolder_benchmark/benchmarks/Multi_Sensory_3D_Reconstruction/code/models/MDN
Start_idx:  696
mem:  1536
mem:  1881088
mem:  1863680
mem:  1903104
mem:  1882624
mem:  1878016
mem:  1891840
mem:  1877504
mem:  1910784
mem:  1919488
mem:  1884672
mem:  1918976
mem:  1920512
mem:  1902592
mem:  1913856
mem:  1925120
mem:  1910784
mem:  1922048
mem:  1923584
mem:  1898496
mem:  1936384
mem:  1924608
mem:  1933312
mem:  1940992
mem:  1896448
mem:  1899008
mem:  1926144
mem:  1904640
mem:  1931776
mem:  1921024
mem:  1928704
mem:  1920512
mem:  1925632
mem:  1936896
mem:  1948160
mem:  1914368
mem:  1954816
mem:  1935872
mem:  1911808
mem:  1965568
mem:  1963520
mem:  1978368
mem:  1937408
mem:  1952256
mem:  1967104
mem:  1948160
mem:  1970176
mem:  1971712
mem:  1959936
mem:  1961472
mem:  1976320
mem:  1967104
mem:  1950208
mem:  1967616
mem:  1988608
mem:  1993728
mem:  1991680
mem:  1964032
mem:  1991168
mem:  1967104
mem:  1968640
mem:  2001920
mem:  1993728
mem:  2002432
mem:  1987072
mem:  1995776
mem:  1997312
mem:  1991680
mem:  1994240
mem:  1953280
mem:  2016768
mem:  1972224
mem:  1993216
mem:  2014208
mem:  1990144
mem:  2027008
mem:  2009088
mem:  2036224
mem:  2031616
mem:  2011136
mem:  2015232
mem:  2014208
mem:  2018304
mem:  2033152
mem:  2011648
mem:  2022912
mem:  2021888
mem:  2012672
mem:  2014208
mem:  2044928
mem:  2034176
mem:  2032128
mem:  2020352
mem:  2015744
mem:  2027008
mem:  2024960
mem:  2023936
mem:  2019328
mem:  2046464
mem:  2060288
