SLURM_JOBID=5049620
SLURM_JOB_NODELIST=svl1
SLURM_NNODES=1
SLURMTMPDIR=
working directory = /viscam/projects/objectfolder_benchmark/benchmarks/Multi_Sensory_3D_Reconstruction/code/models/MDN
Start_idx:  169
mem:  1536
mem:  1900544
mem:  1891840
mem:  1873920
mem:  1894912
mem:  1900032
mem:  1911296
mem:  1883648
mem:  1930240
mem:  1903616
mem:  1933312
mem:  1932288
mem:  1897472
mem:  1906176
mem:  1894400
mem:  1893376
mem:  1910784
mem:  1937920
mem:  1933312
mem:  1918976
mem:  1916928
mem:  1899008
mem:  1893376
mem:  1902080
mem:  1909760
mem:  1924608
mem:  1922560
mem:  1927680
mem:  1942528
mem:  1923584
mem:  1912832
mem:  1927680
mem:  1964544
mem:  1939456
mem:  1928704
mem:  1959424
mem:  1953792
mem:  1978368
mem:  1940992
mem:  1919488
mem:  1963520
mem:  1929728
mem:  1940992
mem:  1926656
mem:  1953792
mem:  1929728
mem:  1963008
mem:  1945088
mem:  1933312
mem:  1944576
mem:  1988608
mem:  1941504
mem:  1962496
mem:  1964032
mem:  1949696
mem:  1947648
mem:  1974784
mem:  1948160
mem:  1971712
mem:  1998848
mem:  1951744
mem:  2015232
mem:  2000896
mem:  1982976
mem:  2003968
mem:  2018816
mem:  2007040
mem:  1989120
mem:  1983488
mem:  1982464
mem:  1996288
mem:  1991680
mem:  1987072
mem:  2004480
mem:  2013184
mem:  1988096
mem:  2022400
mem:  1981440
mem:  2021888
mem:  1984512
mem:  1979904
mem:  2026496
mem:  2008576
mem:  2036736
mem:  2017792
mem:  2052096
mem:  2004992
mem:  2010112
mem:  2044416
mem:  2006016
mem:  2056192
mem:  1999360
mem:  2030080
mem:  2032640
mem:  2030592
mem:  2032128
mem:  2039808
mem:  2029056
mem:  2072064
mem:  2067456
