SLURM_JOBID=5050294
SLURM_JOB_NODELIST=svl18
SLURM_NNODES=1
SLURMTMPDIR=
working directory = /viscam/projects/objectfolder_benchmark/benchmarks/Multi_Sensory_3D_Reconstruction/code/models/MDN
Start_idx:  900
mem:  1536
mem:  1911296
mem:  1924608
mem:  1896960
mem:  1921536
mem:  1926656
mem:  1930752
mem:  1926144
mem:  1924096
mem:  1902592
mem:  1930752
mem:  1893376
mem:  1924096
mem:  1922048
mem:  1936896
mem:  1940992
mem:  1914368
mem:  1931776
mem:  1946624
mem:  1937408
mem:  1903616
mem:  1953792
mem:  1932288
mem:  1950720
mem:  1932800
mem:  1959936
mem:  1949184
mem:  1960448
mem:  1942528
mem:  1944064
mem:  1957888
mem:  1966592
mem:  1957376
mem:  1966080
mem:  1961472
mem:  1959424
mem:  1973248
mem:  1978368
mem:  1973760
mem:  1952256
mem:  1982976
mem:  1949184
mem:  1964032
mem:  1984000
mem:  1989120
mem:  1965056
mem:  1972736
mem:  1987584
mem:  1989120
mem:  1987072
mem:  1995776
mem:  1967104
mem:  1991680
mem:  1990656
mem:  1994752
mem:  2006016
mem:  2007552
mem:  2009088
mem:  1977856
mem:  1963520
mem:  2013696
mem:  1993216
mem:  1991168
mem:  1989120
mem:  1987072
mem:  2009088
mem:  1997312
mem:  1995264
mem:  2010112
mem:  2027520
mem:  2007040
mem:  2030592
mem:  2016256
mem:  2033664
mem:  2019328
mem:  2036736
mem:  1979904
mem:  2036224
mem:  2041344
mem:  2042880
mem:  2044416
mem:  2032640
mem:  2037760
mem:  2039296
mem:  2034688
mem:  2026496
mem:  2051072
mem:  2019840
mem:  2027520
mem:  2026496
mem:  2030592
mem:  2035712
mem:  2046976
mem:  2052096
mem:  2036736
mem:  2051584
mem:  2039808
mem:  2070528
mem:  2059776
mem:  2067456
