SLURM_JOBID=5049980
SLURM_JOB_NODELIST=svl1
SLURM_NNODES=1
SLURMTMPDIR=
working directory = /viscam/projects/objectfolder_benchmark/benchmarks/Multi_Sensory_3D_Reconstruction/code/models/MDN
Start_idx:  564
mem:  1536
mem:  1890816
mem:  1905152
mem:  1845760
mem:  1879040
mem:  1870848
mem:  1918464
mem:  1899520
mem:  1902080
mem:  1896448
mem:  1878528
mem:  1915392
mem:  1933824
mem:  1900032
mem:  1904128
mem:  1876480
mem:  1943552
mem:  1902592
mem:  1946624
mem:  1898496
mem:  1932800
mem:  1895424
mem:  1913856
mem:  1911808
mem:  1913344
mem:  1911296
mem:  1909248
mem:  1917952
mem:  1919488
mem:  1924608
mem:  1935872
mem:  1939968
mem:  1922048
mem:  1939456
mem:  1928704
mem:  1953280
mem:  1945088
mem:  1962496
mem:  1954304
mem:  1968128
mem:  1934336
mem:  1945600
mem:  1976320
mem:  1975296
mem:  1940480
mem:  1942016
mem:  1956864
mem:  1971712
mem:  1985536
mem:  1932288
mem:  1978880
mem:  1980416
mem:  1978368
mem:  1970176
mem:  1982464
mem:  1967104
mem:  1945600
mem:  1957888
mem:  2010624
mem:  1982976
mem:  1974784
mem:  1972736
mem:  1971712
mem:  1998848
mem:  1965056
mem:  2017792
mem:  1999872
mem:  1989120
mem:  2006528
mem:  1995776
mem:  1980416
mem:  2020864
mem:  2000384
mem:  2020352
mem:  1992704
mem:  1968640
mem:  2002944
mem:  2020352
mem:  1996288
mem:  2036736
mem:  2024960
mem:  2010624
mem:  2014720
mem:  2000384
mem:  2015232
mem:  2042368
mem:  2030592
mem:  2019840
mem:  2008064
mem:  2026496
mem:  2040320
mem:  2045440
mem:  2004480
mem:  1986560
mem:  2036736
mem:  2038272
mem:  2049536
mem:  2025472
mem:  2046464
mem:  2050560
