SLURM_JOBID=5050288
SLURM_JOB_NODELIST=svl15
SLURM_NNODES=1
SLURMTMPDIR=
working directory = /viscam/projects/objectfolder_benchmark/benchmarks/Multi_Sensory_3D_Reconstruction/code/models/MDN
Start_idx:  894
mem:  1536
mem:  1881088
mem:  1908736
mem:  1916416
mem:  1921536
mem:  1886720
mem:  1921024
mem:  1912832
mem:  1917952
mem:  1931776
mem:  1936896
mem:  1934848
mem:  1930240
mem:  1925632
mem:  1920000
mem:  1931264
mem:  1942528
mem:  1947648
mem:  1926144
mem:  1918976
mem:  1939968
mem:  1928192
mem:  1933312
mem:  1950720
mem:  1932800
mem:  1924608
mem:  1961472
mem:  1956864
mem:  1948672
mem:  1940480
mem:  1942016
mem:  1959424
mem:  1958400
mem:  1956352
mem:  1938432
mem:  1949696
mem:  1954816
mem:  1968640
mem:  1954304
mem:  1932800
mem:  1979392
mem:  1933312
mem:  1986048
mem:  1985024
mem:  1963520
mem:  1990656
mem:  1976320
mem:  1977856
mem:  1981952
mem:  1964032
mem:  1959424
mem:  1987584
mem:  1997824
mem:  1993216
mem:  1972736
mem:  1993728
mem:  1978368
mem:  1970176
mem:  2010624
mem:  1973248
mem:  1958912
mem:  2002944
mem:  1987584
mem:  2008576
mem:  2013696
mem:  2011648
mem:  2003456
mem:  2002432
mem:  1977344
mem:  2015232
mem:  2025472
mem:  2028032
mem:  2016256
mem:  2011648
mem:  2031616
mem:  2033152
mem:  2025984
mem:  2017792
mem:  2038784
mem:  2003968
mem:  2038272
mem:  2036224
mem:  2035200
mem:  2046464
mem:  2011648
mem:  2042368
mem:  2021888
mem:  2045440
mem:  2050560
mem:  2015744
mem:  2053632
mem:  2025984
mem:  2043392
mem:  2054656
mem:  2062336
mem:  2035712
mem:  2066432
mem:  2054656
mem:  2068480
mem:  2028544
