SLURM_JOBID=5050189
SLURM_JOB_NODELIST=svl17
SLURM_NNODES=1
SLURMTMPDIR=
working directory = /viscam/projects/objectfolder_benchmark/benchmarks/Multi_Sensory_3D_Reconstruction/code/models/MDN
Start_idx:  773
mem:  1536
mem:  1901568
mem:  1905152
mem:  1920000
mem:  1898496
mem:  1906176
mem:  1901568
mem:  1916416
mem:  1910784
mem:  1913344
mem:  1895424
mem:  1903104
mem:  1917952
mem:  1902592
mem:  1910272
mem:  1944576
mem:  1878016
mem:  1925632
mem:  1929728
mem:  1944576
mem:  1939968
mem:  1944064
mem:  1949184
mem:  1924096
mem:  1903616
mem:  1905152
mem:  1928704
mem:  1943552
mem:  1958400
mem:  1940480
mem:  1954304
mem:  1920512
mem:  1929216
mem:  1952768
mem:  1973760
mem:  1959424
mem:  1976832
mem:  1958912
mem:  1944576
mem:  1971712
mem:  1979392
mem:  1958912
mem:  1956864
mem:  1961984
mem:  1973248
mem:  1971200
mem:  1960448
mem:  1987584
mem:  1972224
mem:  1980928
mem:  1969152
mem:  1964544
mem:  1952768
mem:  1967616
mem:  1953280
mem:  1960960
mem:  1981952
mem:  1986048
mem:  1991168
mem:  1982976
mem:  1990656
mem:  1999360
mem:  1942528
mem:  1989120
mem:  2013696
mem:  1998336
mem:  1980416
mem:  1975808
mem:  1983488
mem:  1994752
mem:  2022912
mem:  1981952
mem:  1993216
mem:  2030080
mem:  2009600
mem:  1985536
mem:  1999360
mem:  1991168
mem:  2008576
mem:  2017280
mem:  1995776
mem:  2016768
mem:  2012160
mem:  2019840
mem:  1995776
mem:  2022912
mem:  2028032
mem:  2025984
mem:  2021376
mem:  2009600
mem:  2040320
mem:  2039296
mem:  2053120
mem:  2006016
mem:  2036736
mem:  2044416
mem:  2046976
mem:  2035200
mem:  2065920
mem:  2048000
