SLURM_JOBID=5050193
SLURM_JOB_NODELIST=svl9
SLURM_NNODES=1
SLURMTMPDIR=
working directory = /viscam/projects/objectfolder_benchmark/benchmarks/Multi_Sensory_3D_Reconstruction/code/models/MDN
Start_idx:  777
mem:  1536
mem:  1900544
mem:  1924608
mem:  1896960
mem:  1902080
mem:  1900032
mem:  1895424
mem:  1906688
mem:  1914368
mem:  1931776
mem:  1911296
mem:  1932288
mem:  1885184
mem:  1899008
mem:  1901568
mem:  1934848
mem:  1936384
mem:  1935360
mem:  1949184
mem:  1944576
mem:  1952256
mem:  1937920
mem:  1939456
mem:  1947136
mem:  1938944
mem:  1917440
mem:  1955328
mem:  1963008
mem:  1961984
mem:  1962496
mem:  1916416
mem:  1966592
mem:  1970688
mem:  1933312
mem:  1938432
mem:  1965568
mem:  1947648
mem:  1962496
mem:  1979904
mem:  1916928
mem:  1976832
mem:  1949184
mem:  1960448
mem:  1925632
mem:  1950208
mem:  1990656
mem:  1982464
mem:  1964544
mem:  1966080
mem:  1977344
mem:  1976320
mem:  1984000
mem:  1959936
mem:  1971200
mem:  1961984
mem:  1993728
mem:  1975808
mem:  1999360
mem:  2010624
mem:  1973248
mem:  1997824
mem:  2001920
mem:  2007040
mem:  1969664
mem:  2006528
mem:  2021376
mem:  1984000
mem:  2024448
mem:  2013696
mem:  1986048
mem:  2022912
mem:  2007552
mem:  1996800
mem:  2023936
mem:  2032640
mem:  2027008
mem:  2022400
mem:  2039808
mem:  2015744
mem:  2029568
mem:  2044416
mem:  2039808
mem:  2037760
mem:  2039296
mem:  2017792
mem:  2045952
mem:  2028032
mem:  2025984
mem:  2017792
mem:  2048512
mem:  2043904
mem:  2061312
mem:  2060288
mem:  2032640
mem:  2052608
mem:  2064896
mem:  2033664
mem:  2054656
mem:  2069504
mem:  2067456
