SLURM_JOBID=5050183
SLURM_JOB_NODELIST=svl9
SLURM_NNODES=1
SLURMTMPDIR=
working directory = /viscam/projects/objectfolder_benchmark/benchmarks/Multi_Sensory_3D_Reconstruction/code/models/MDN
Start_idx:  768
mem:  1536
mem:  1884672
mem:  1872384
mem:  1923584
mem:  1911808
mem:  1897472
mem:  1875968
mem:  1922560
mem:  1924096
mem:  1909760
mem:  1921024
mem:  1934848
mem:  1916928
mem:  1902592
mem:  1923584
mem:  1899520
mem:  1901056
mem:  1918464
mem:  1904128
mem:  1931264
mem:  1923072
mem:  1937920
mem:  1929728
mem:  1927680
mem:  1909760
mem:  1927168
mem:  1916416
mem:  1940992
mem:  1951232
mem:  1917440
mem:  1967616
mem:  1939968
mem:  1937920
mem:  1958912
mem:  1944576
mem:  1965568
mem:  1967104
mem:  1939456
mem:  1947136
mem:  1968128
mem:  1947648
mem:  1965056
mem:  1960448
mem:  1964544
mem:  1953792
mem:  1971200
mem:  1963008
mem:  1948672
mem:  1982976
mem:  1990656
mem:  1982464
mem:  1990144
mem:  1995264
mem:  1967616
mem:  1985024
mem:  1957376
mem:  2007552
mem:  2009088
mem:  2000896
mem:  1970688
mem:  1997824
mem:  1964032
mem:  1994752
mem:  1966080
mem:  1968640
mem:  1969152
mem:  2009600
mem:  2002432
mem:  2013696
mem:  2014208
mem:  1996288
mem:  2001408
mem:  2016256
mem:  2014208
mem:  2021888
mem:  2017280
mem:  1989632
mem:  2023936
mem:  2025472
mem:  2001408
mem:  2034688
mem:  2022912
mem:  2034176
mem:  2023424
mem:  2021376
mem:  2016768
mem:  2028032
mem:  2025984
mem:  2005504
mem:  2052096
mem:  2053632
mem:  2012672
mem:  2056704
mem:  2038784
mem:  2056192
mem:  2048000
mem:  2068992
mem:  2041344
mem:  2056192
mem:  2054144
