SLURM_JOBID=5049847
SLURM_JOB_NODELIST=svl9
SLURM_NNODES=1
SLURMTMPDIR=
working directory = /viscam/projects/objectfolder_benchmark/benchmarks/Multi_Sensory_3D_Reconstruction/code/models/MDN
Start_idx:  396
mem:  1536
mem:  1868800
mem:  1875968
mem:  1877504
mem:  1914368
mem:  1880576
mem:  1882112
mem:  1909248
mem:  1894912
mem:  1913344
mem:  1905152
mem:  1903104
mem:  1894912
mem:  1883136
mem:  1921024
mem:  1893376
mem:  1926656
mem:  1941504
mem:  1907712
mem:  1899520
mem:  1920512
mem:  1908736
mem:  1904128
mem:  1925120
mem:  1945088
mem:  1918464
mem:  1912832
mem:  1911808
mem:  1952256
mem:  1904128
mem:  1928704
mem:  1894912
mem:  1947648
mem:  1946624
mem:  1925120
mem:  1949696
mem:  1967104
mem:  1943040
mem:  1948160
mem:  1968128
mem:  1944064
mem:  1949184
mem:  1964032
mem:  1975296
mem:  1946624
mem:  1961472
mem:  1963008
mem:  1932800
mem:  1979392
mem:  1938432
mem:  1998336
mem:  1980416
mem:  1952768
mem:  1950720
mem:  1971712
mem:  1945088
mem:  1975808
mem:  1999360
mem:  1961984
mem:  2008576
mem:  1962496
mem:  1970176
mem:  1977856
mem:  2015744
mem:  1958912
mem:  2011648
mem:  1993728
mem:  1972224
mem:  2010112
mem:  1963008
mem:  2013184
mem:  1991680
mem:  2006528
mem:  1988608
mem:  1982976
mem:  2030592
mem:  2035712
mem:  2007040
mem:  1953792
mem:  1978368
mem:  1995776
mem:  2039808
mem:  2018304
mem:  2013696
mem:  2005504
mem:  2000896
mem:  2001408
mem:  2022400
mem:  2033664
mem:  2022912
mem:  2028032
mem:  2018816
mem:  2046976
mem:  1982976
mem:  2030592
mem:  2055168
mem:  2037248
mem:  2015744
mem:  2023424
mem:  2057728
