SLURM_JOBID=5049641
SLURM_JOB_NODELIST=svl1
SLURM_NNODES=1
SLURMTMPDIR=
working directory = /viscam/projects/objectfolder_benchmark/benchmarks/Multi_Sensory_3D_Reconstruction/code/models/MDN
Start_idx:  175
mem:  1536
mem:  1861632
mem:  1902592
mem:  1851904
mem:  1911808
mem:  1900032
mem:  1917440
mem:  1906688
mem:  1888768
mem:  1886720
mem:  1924608
mem:  1903104
mem:  1891328
mem:  1922048
mem:  1891840
mem:  1903104
mem:  1907200
mem:  1896448
mem:  1910272
mem:  1902080
mem:  1923072
mem:  1899008
mem:  1951744
mem:  1953280
mem:  1929216
mem:  1924608
mem:  1926144
mem:  1933824
mem:  1954816
mem:  1927168
mem:  1912832
mem:  1947136
mem:  1931776
mem:  1929728
mem:  1928704
mem:  1910784
mem:  1914880
mem:  1952768
mem:  1938432
mem:  1932800
mem:  1953792
mem:  1945600
mem:  1943552
mem:  1975296
mem:  1956352
mem:  1968640
mem:  1947136
mem:  1948672
mem:  1979392
mem:  1934848
mem:  1959424
mem:  1976832
mem:  1966080
mem:  1964032
mem:  1972736
mem:  1973248
mem:  1997824
mem:  1970176
mem:  1961984
mem:  1959936
mem:  2003968
mem:  1963008
mem:  1961984
mem:  2018304
mem:  1984512
mem:  1989632
mem:  1991168
mem:  2014720
mem:  1987072
mem:  1969152
mem:  1980416
mem:  2028032
mem:  1989632
mem:  2020352
mem:  2019328
mem:  1997824
mem:  2032128
mem:  2008064
mem:  1986560
mem:  2023424
mem:  2005504
mem:  2022912
mem:  1998848
mem:  1980928
mem:  2011648
mem:  2039808
mem:  2030592
mem:  2023424
mem:  2046976
mem:  2013184
mem:  2017280
mem:  1999360
mem:  2030080
mem:  2021888
mem:  2013696
mem:  2015232
mem:  2023936
mem:  2044928
mem:  2058752
mem:  2040832
