SLURM_JOBID=5049748
SLURM_JOB_NODELIST=svl2
SLURM_NNODES=1
SLURMTMPDIR=
working directory = /viscam/projects/objectfolder_benchmark/benchmarks/Multi_Sensory_3D_Reconstruction/code/models/MDN
Start_idx:  284
mem:  1536
mem:  1913856
mem:  1885696
mem:  1887232
mem:  1895936
mem:  1923072
mem:  1895424
mem:  1918976
mem:  1908224
mem:  1919488
mem:  1914880
mem:  1938432
mem:  1939968
mem:  1941504
mem:  1927168
mem:  1915392
mem:  1932800
mem:  1922048
mem:  1949184
mem:  1928704
mem:  1939968
mem:  1922048
mem:  1923584
mem:  1947136
mem:  1932800
mem:  1953792
mem:  1961472
mem:  1963008
mem:  1958400
mem:  1940480
mem:  1935872
mem:  1969152
mem:  1948672
mem:  1913856
mem:  1973760
mem:  1969152
mem:  1964544
mem:  1939456
mem:  1979904
mem:  1981440
mem:  1967104
mem:  1980928
mem:  1944576
mem:  1981440
mem:  1979392
mem:  1987072
mem:  1943552
mem:  1993728
mem:  1981952
mem:  1996800
mem:  1988608
mem:  1986560
mem:  1975808
mem:  2000384
mem:  2004480
mem:  1996288
mem:  2007552
mem:  1983488
mem:  1994752
mem:  1982976
mem:  1988096
mem:  2001920
mem:  1955840
mem:  1967104
mem:  2016256
mem:  2001920
mem:  2003456
mem:  2008576
mem:  2019840
mem:  2001920
mem:  2022912
mem:  1989120
mem:  2032128
mem:  2030080
mem:  2019328
mem:  2007552
mem:  2022400
mem:  2033664
mem:  2025472
mem:  2000384
mem:  2028544
mem:  2030080
mem:  2018304
mem:  2033152
mem:  2034688
mem:  2022912
mem:  2043904
mem:  2010112
mem:  2031104
mem:  2045952
mem:  2059776
mem:  2035712
mem:  2053120
mem:  2054656
mem:  2043904
mem:  2051584
mem:  2045952
mem:  2051072
mem:  2058752
mem:  2040832
