SLURM_JOBID=5050296
SLURM_JOB_NODELIST=svl10
SLURM_NNODES=1
SLURMTMPDIR=
working directory = /viscam/projects/objectfolder_benchmark/benchmarks/Multi_Sensory_3D_Reconstruction/code/models/MDN
Start_idx:  929
mem:  1536
mem:  1917440
mem:  1889280
mem:  1926144
mem:  1917952
mem:  1923072
mem:  1891840
mem:  1903104
mem:  1927680
mem:  1929216
mem:  1936896
mem:  1932288
mem:  1881600
mem:  1909760
mem:  1923584
mem:  1928704
mem:  1939968
mem:  1935360
mem:  1936896
mem:  1921536
mem:  1946112
mem:  1937920
mem:  1935872
mem:  1953280
mem:  1945088
mem:  1930752
mem:  1942016
mem:  1947136
mem:  1919488
mem:  1940480
mem:  1951744
mem:  1939968
mem:  1945088
mem:  1952768
mem:  1960448
mem:  1975296
mem:  1945088
mem:  1962496
mem:  1973760
mem:  1942528
mem:  1967104
mem:  1965056
mem:  1983488
mem:  1968128
mem:  1979392
mem:  1968640
mem:  1978880
mem:  1993728
mem:  1985536
mem:  1990656
mem:  1985024
mem:  1984000
mem:  1968640
mem:  1993216
mem:  1991168
mem:  1984000
mem:  2001408
mem:  1995776
mem:  1971712
mem:  1976832
mem:  2001408
mem:  1992192
mem:  2000896
mem:  2004992
mem:  2010112
mem:  1995776
mem:  2013184
mem:  2020864
mem:  1961472
mem:  2015232
mem:  1996288
mem:  1997824
mem:  2012672
mem:  2020352
mem:  1996288
mem:  2004992
mem:  2018816
mem:  2010624
mem:  2021888
mem:  2019840
mem:  2022400
mem:  2030080
mem:  2041344
mem:  2049024
mem:  1998336
mem:  2032640
mem:  2037760
mem:  2032128
mem:  2040832
mem:  2013184
mem:  2050048
mem:  2038272
mem:  2033664
mem:  2041344
mem:  2043904
mem:  2051584
mem:  2062848
mem:  2035200
mem:  2072064
mem:  2054144
