SLURM_JOBID=5049846
SLURM_JOB_NODELIST=svl2
SLURM_NNODES=1
SLURMTMPDIR=
working directory = /viscam/projects/objectfolder_benchmark/benchmarks/Multi_Sensory_3D_Reconstruction/code/models/MDN
Start_idx:  395
mem:  1536
mem:  1921024
mem:  1912320
mem:  1890816
mem:  1921536
mem:  1893888
mem:  1928192
mem:  1932288
mem:  1931264
mem:  1913344
mem:  1930752
mem:  1905664
mem:  1904640
mem:  1935360
mem:  1943040
mem:  1938432
mem:  1916928
mem:  1915904
mem:  1943040
mem:  1931264
mem:  1952256
mem:  1944064
mem:  1935872
mem:  1950720
mem:  1929216
mem:  1947648
mem:  1955328
mem:  1950720
mem:  1954816
mem:  1940480
mem:  1967616
mem:  1966592
mem:  1970688
mem:  1966080
mem:  1944576
mem:  1961984
mem:  1957376
mem:  1966080
mem:  1944576
mem:  1971712
mem:  1963520
mem:  1974784
mem:  1986048
mem:  1958400
mem:  1989120
mem:  1965056
mem:  1947136
mem:  1984000
mem:  1989120
mem:  1951744
mem:  1985024
mem:  1970688
mem:  1981952
mem:  1980928
mem:  1985024
mem:  1964544
mem:  1956352
mem:  2009088
mem:  1978880
mem:  1980416
mem:  1994240
mem:  2002944
mem:  1997312
mem:  2012160
mem:  1988096
mem:  2009088
mem:  2022912
mem:  1998848
mem:  2025984
mem:  1992192
mem:  1997312
mem:  1989120
mem:  2002944
mem:  2014208
mem:  2029056
mem:  2027008
mem:  2016256
mem:  2036224
mem:  2029056
mem:  2023424
mem:  2022400
mem:  2043392
mem:  2037760
mem:  2023424
mem:  2050560
mem:  2029056
mem:  1985536
mem:  2051584
mem:  2021376
mem:  2038784
mem:  2028032
mem:  2025984
mem:  2056704
mem:  2006016
mem:  2063360
mem:  2064896
mem:  2043392
mem:  2047488
mem:  2023424
mem:  2028544
