SLURM_JOBID=5049819
SLURM_JOB_NODELIST=svl2
SLURM_NNODES=1
SLURMTMPDIR=
working directory = /viscam/projects/objectfolder_benchmark/benchmarks/Multi_Sensory_3D_Reconstruction/code/models/MDN
Start_idx:  373
mem:  1536
mem:  1913856
mem:  1899008
mem:  1920000
mem:  1892352
mem:  1867264
mem:  1928192
mem:  1896960
mem:  1836544
mem:  1929216
mem:  1891840
mem:  1926144
mem:  1898496
mem:  1912320
mem:  1894400
mem:  1921536
mem:  1903616
mem:  1866240
mem:  1929728
mem:  1905664
mem:  1919488
mem:  1928192
mem:  1926144
mem:  1924096
mem:  1906176
mem:  1901568
mem:  1916416
mem:  1963008
mem:  1923072
mem:  1950208
mem:  1961472
mem:  1887744
mem:  1931776
mem:  1966080
mem:  1918976
mem:  1907200
mem:  1954816
mem:  1920000
mem:  1960448
mem:  1971712
mem:  1967104
mem:  1955328
mem:  1966592
mem:  1985024
mem:  1967104
mem:  1971200
mem:  1927680
mem:  1925632
mem:  1992704
mem:  1922560
mem:  1982464
mem:  1977856
mem:  1950208
mem:  1954304
mem:  1963008
mem:  1973248
mem:  2001408
mem:  1956864
mem:  1958400
mem:  1982976
mem:  1958912
mem:  2011648
mem:  1958400
mem:  1998848
mem:  1961472
mem:  1972736
mem:  2010624
mem:  1985536
mem:  2006528
mem:  1947136
mem:  1976832
mem:  2017280
mem:  1983488
mem:  1965568
mem:  2006016
mem:  2003968
mem:  2009088
mem:  2030080
mem:  2038784
mem:  1980928
mem:  2041856
mem:  2043392
mem:  2021888
mem:  2003968
mem:  2024960
mem:  2045952
mem:  2028032
mem:  2052608
mem:  1955840
mem:  2042368
mem:  2004992
mem:  2035712
mem:  2027520
mem:  2042368
mem:  2036736
mem:  2018816
mem:  1991168
mem:  2031616
mem:  2011136
mem:  2034688
