SLURM_JOBID=5049512
SLURM_JOB_NODELIST=svl2
SLURM_NNODES=1
SLURMTMPDIR=
working directory = /viscam/projects/objectfolder_benchmark/benchmarks/Multi_Sensory_3D_Reconstruction/code/models/MDN
Start_idx:  58
mem:  1536
mem:  1904128
mem:  1905152
mem:  1890816
mem:  1908224
mem:  1906176
mem:  1914880
mem:  1899520
mem:  1921536
mem:  1919488
mem:  1930752
mem:  1916416
mem:  1920512
mem:  1892864
mem:  1929728
mem:  1928704
mem:  1926656
mem:  1931776
mem:  1929728
mem:  1905664
mem:  1932800
mem:  1931776
mem:  1932288
mem:  1933824
mem:  1946112
mem:  1944064
mem:  1929728
mem:  1953280
mem:  1952256
mem:  1940480
mem:  1955328
mem:  1930240
mem:  1951232
mem:  1956352
mem:  1957888
mem:  1955840
mem:  1960960
mem:  1958912
mem:  1957888
mem:  1961984
mem:  1941504
mem:  1958912
mem:  1937408
mem:  1942528
mem:  1959936
mem:  1942016
mem:  1956864
mem:  1984000
mem:  1973248
mem:  1984512
mem:  1985024
mem:  1993728
mem:  1968640
mem:  1977344
mem:  1978880
mem:  1996288
mem:  1988096
mem:  1970176
mem:  1981440
mem:  1976832
mem:  2000384
mem:  1995776
mem:  2000896
mem:  2006016
mem:  1990656
mem:  1998336
mem:  1970688
mem:  1982976
mem:  2010112
mem:  2011648
mem:  1990144
mem:  2011136
mem:  2016256
mem:  2023936
mem:  2002432
mem:  1988096
mem:  2012672
mem:  2026496
mem:  2019328
mem:  2029568
mem:  2009088
mem:  2022912
mem:  2031616
mem:  2029568
mem:  2038272
mem:  2026496
mem:  2012160
mem:  2010112
mem:  2037248
mem:  1999872
mem:  2030592
mem:  2041856
mem:  2046976
mem:  2054656
mem:  2043904
mem:  2048000
mem:  2043392
mem:  2054656
mem:  2052608
mem:  2054144
