SLURM_JOBID=5050154
SLURM_JOB_NODELIST=svl2
SLURM_NNODES=1
SLURMTMPDIR=
working directory = /viscam/projects/objectfolder_benchmark/benchmarks/Multi_Sensory_3D_Reconstruction/code/models/MDN
Start_idx:  761
mem:  1536
mem:  1913856
mem:  1905152
mem:  1920000
mem:  1904640
mem:  1915904
mem:  1901568
mem:  1926144
mem:  1933824
mem:  1900032
mem:  1927168
mem:  1938432
mem:  1910784
mem:  1937920
mem:  1936896
mem:  1928704
mem:  1936384
mem:  1914880
mem:  1926144
mem:  1950720
mem:  1942528
mem:  1924608
mem:  1929728
mem:  1934848
mem:  1952256
mem:  1934336
mem:  1951744
mem:  1953280
mem:  1919488
mem:  1966080
mem:  1967616
mem:  1969152
mem:  1941504
mem:  1968640
mem:  1970176
mem:  1972736
mem:  1970688
mem:  1962496
mem:  1966592
mem:  1981440
mem:  1970688
mem:  1968640
mem:  1982464
mem:  1968128
mem:  1966080
mem:  1990656
mem:  1982464
mem:  1984000
mem:  1991680
mem:  1990656
mem:  1992192
mem:  1999872
mem:  1991680
mem:  1918976
mem:  1985024
mem:  1992704
mem:  1997824
mem:  2009088
mem:  1981440
mem:  1999872
mem:  2007552
mem:  1999360
mem:  2016768
mem:  2012160
mem:  2017280
mem:  2001920
mem:  2013184
mem:  2014720
mem:  2023424
mem:  2027520
mem:  1990144
mem:  2007552
mem:  2012672
mem:  2014208
mem:  2019328
mem:  2034176
mem:  2032128
mem:  2023936
mem:  2041344
mem:  2023424
mem:  2034688
mem:  2045952
mem:  2041344
mem:  2019840
mem:  2050560
mem:  2026496
mem:  2043904
mem:  2032128
mem:  2056704
mem:  2054656
mem:  2043904
mem:  2057728
mem:  2062848
mem:  2052096
mem:  2050048
mem:  2048000
mem:  2068992
mem:  2066944
mem:  2052608
mem:  2063872
