SLURM_JOBID=5049876
SLURM_JOB_NODELIST=svl3
SLURM_NNODES=1
SLURMTMPDIR=
working directory = /viscam/projects/objectfolder_benchmark/benchmarks/Multi_Sensory_3D_Reconstruction/code/models/MDN
Start_idx:  455
mem:  1536
mem:  1865216
mem:  1872384
mem:  1877504
mem:  1902080
mem:  1919488
mem:  1862656
mem:  1883648
mem:  1898496
mem:  1876992
mem:  1901568
mem:  1896960
mem:  1914368
mem:  1886720
mem:  1897984
mem:  1873920
mem:  1907200
mem:  1928192
mem:  1917440
mem:  1902080
mem:  1926656
mem:  1902592
mem:  1887232
mem:  1921536
mem:  1936384
mem:  1940480
mem:  1916416
mem:  1914368
mem:  1945088
mem:  1940480
mem:  1903104
mem:  1924096
mem:  1941504
mem:  1939456
mem:  1922560
mem:  1939968
mem:  1912320
mem:  1949184
mem:  1934848
mem:  1903616
mem:  1947648
mem:  1962496
mem:  1924096
mem:  1948672
mem:  1944064
mem:  1955328
mem:  1943552
mem:  1906176
mem:  1962496
mem:  1942016
mem:  1975296
mem:  1947648
mem:  1933312
mem:  1925120
mem:  1965568
mem:  1957376
mem:  1958912
mem:  1950720
mem:  1961984
mem:  1986560
mem:  1945600
mem:  1976320
mem:  2016768
mem:  1950208
mem:  1945600
mem:  1950720
mem:  1945088
mem:  1991680
mem:  2010112
mem:  1988608
mem:  2013184
mem:  1981952
mem:  1993216
mem:  1971712
mem:  2002432
mem:  2004992
mem:  1960448
mem:  1978880
mem:  1963520
mem:  1997824
mem:  2028544
mem:  2007040
mem:  2047488
mem:  2023424
mem:  2015232
mem:  2013184
mem:  1991680
mem:  2025984
mem:  2056704
mem:  2042368
mem:  1997824
mem:  2032128
mem:  2004480
mem:  2006016
mem:  2033152
mem:  2015232
mem:  2023936
mem:  2031616
mem:  1994240
mem:  2021376
