SLURM_JOBID=5050059
SLURM_JOB_NODELIST=svl3
SLURM_NNODES=1
SLURMTMPDIR=
working directory = /viscam/projects/objectfolder_benchmark/benchmarks/Multi_Sensory_3D_Reconstruction/code/models/MDN
Start_idx:  656
mem:  1536
mem:  1907712
mem:  1869824
mem:  1884672
mem:  1908224
mem:  1893888
mem:  1905152
mem:  1893376
mem:  1875456
mem:  1915904
mem:  1894400
mem:  1906688
mem:  1917952
mem:  1915904
mem:  1913856
mem:  1889792
mem:  1914368
mem:  1925632
mem:  1877504
mem:  1889792
mem:  1910784
mem:  1889280
mem:  1920000
mem:  1911808
mem:  1929216
mem:  1914880
mem:  1922560
mem:  1911808
mem:  1906176
mem:  1897984
mem:  1918976
mem:  1949696
mem:  1919488
mem:  1956352
mem:  1944576
mem:  1946112
mem:  1947648
mem:  1939456
mem:  1944576
mem:  1942528
mem:  1963520
mem:  1929728
mem:  1937408
mem:  1958400
mem:  1953792
mem:  1957888
mem:  1960448
mem:  1981440
mem:  1966080
mem:  1932288
mem:  1963008
mem:  1964544
mem:  1969664
mem:  1951744
mem:  1975296
mem:  1960960
mem:  1978368
mem:  1954304
mem:  1978880
mem:  1986560
mem:  1961472
mem:  1989632
mem:  1981440
mem:  1992704
mem:  1974784
mem:  1956864
mem:  1980416
mem:  2011136
mem:  1984512
mem:  1972736
mem:  1990144
mem:  2004992
mem:  1983488
mem:  2011648
mem:  2009600
mem:  1997824
mem:  2009088
mem:  1991168
mem:  2019328
mem:  1994240
mem:  2005504
mem:  2016768
mem:  2028032
mem:  2039296
mem:  2027520
mem:  2007040
mem:  2008576
mem:  2042880
mem:  2024960
mem:  2029056
mem:  2034176
mem:  2022400
mem:  2033664
mem:  2038784
mem:  2040320
mem:  2028544
mem:  2020352
mem:  2047488
mem:  2042880
mem:  2018816
