SLURM_JOBID=5049524
SLURM_JOB_NODELIST=svl1
SLURM_NNODES=1
SLURMTMPDIR=
working directory = /viscam/projects/objectfolder_benchmark/benchmarks/Multi_Sensory_3D_Reconstruction/code/models/MDN
Start_idx:  64
mem:  1536
mem:  1917440
mem:  1921024
mem:  1916416
mem:  1924096
mem:  1919488
mem:  1927168
mem:  1922560
mem:  1927680
mem:  1925632
mem:  1924608
mem:  1935872
mem:  1930240
mem:  1922048
mem:  1933312
mem:  1934848
mem:  1926656
mem:  1945088
mem:  1949184
mem:  1944576
mem:  1932800
mem:  1947648
mem:  1920000
mem:  1947136
mem:  1952256
mem:  1957376
mem:  1955328
mem:  1956864
mem:  1961984
mem:  1959936
mem:  1965056
mem:  1949696
mem:  1948672
mem:  1966080
mem:  1971200
mem:  1965568
mem:  1967104
mem:  1968640
mem:  1970176
mem:  1977856
mem:  1970688
mem:  1968640
mem:  1983488
mem:  1981440
mem:  1985536
mem:  1987072
mem:  1979904
mem:  1987584
mem:  1966080
mem:  1994240
mem:  1998336
mem:  1967104
mem:  2001408
mem:  2000384
mem:  1994752
mem:  1999872
mem:  2007552
mem:  1993216
mem:  1991168
mem:  2002432
mem:  2011136
mem:  2009088
mem:  2010624
mem:  2008576
mem:  2007552
mem:  1976320
mem:  2007040
mem:  1973248
mem:  1996800
mem:  2023936
mem:  2007040
mem:  2017280
mem:  2029568
mem:  2033664
mem:  2031616
mem:  2030592
mem:  2038272
mem:  2033664
mem:  2041344
mem:  2039296
mem:  2038272
mem:  2045952
mem:  2031616
mem:  2036736
mem:  2048000
mem:  2048512
mem:  2043904
mem:  2049024
mem:  2046976
mem:  2054656
mem:  2056192
mem:  2051584
mem:  2056704
mem:  2058240
mem:  2059776
mem:  2061312
mem:  2065408
mem:  2057216
mem:  2068480
mem:  2073600
