SLURM_JOBID=5049745
SLURM_JOB_NODELIST=svl5
SLURM_NNODES=1
SLURMTMPDIR=
working directory = /viscam/projects/objectfolder_benchmark/benchmarks/Multi_Sensory_3D_Reconstruction/code/models/MDN
Start_idx:  282
mem:  1536
mem:  1920000
mem:  1918464
mem:  1926144
mem:  1917952
mem:  1913344
mem:  1924608
mem:  1926144
mem:  1920512
mem:  1925632
mem:  1911296
mem:  1935872
mem:  1939968
mem:  1935360
mem:  1936896
mem:  1944576
mem:  1933824
mem:  1928192
mem:  1949184
mem:  1934848
mem:  1932800
mem:  1953792
mem:  1926144
mem:  1956864
mem:  1952256
mem:  1959936
mem:  1948160
mem:  1956864
mem:  1948672
mem:  1966080
mem:  1951744
mem:  1969152
mem:  1968128
mem:  1966080
mem:  1973760
mem:  1975296
mem:  1953792
mem:  1972224
mem:  1960448
mem:  1981440
mem:  1973248
mem:  1984512
mem:  1976320
mem:  1985024
mem:  1989120
mem:  1980928
mem:  1989632
mem:  1974272
mem:  1989120
mem:  1961472
mem:  1978880
mem:  1974272
mem:  1991680
mem:  1973760
mem:  1994752
mem:  1986560
mem:  1991680
mem:  2002944
mem:  1994752
mem:  2008576
mem:  2003968
mem:  2011648
mem:  2010624
mem:  1982976
mem:  2013696
mem:  1989632
mem:  2010624
mem:  2001408
mem:  2023424
mem:  2011648
mem:  2019328
mem:  2024448
mem:  2025984
mem:  2031104
mem:  2029056
mem:  2027008
mem:  2038272
mem:  2030080
mem:  2028032
mem:  2023424
mem:  2028544
mem:  2045952
mem:  2018304
mem:  2029568
mem:  2044416
mem:  2032640
mem:  2028032
mem:  2051584
mem:  2056704
mem:  2048512
mem:  2043904
mem:  2051584
mem:  2056704
mem:  2058240
mem:  2056192
mem:  2057728
mem:  2053120
mem:  2066944
mem:  2059776
mem:  2070016
