SLURM_JOBID=5049528
SLURM_JOB_NODELIST=svl1
SLURM_NNODES=1
SLURMTMPDIR=
working directory = /viscam/projects/objectfolder_benchmark/benchmarks/Multi_Sensory_3D_Reconstruction/code/models/MDN
Start_idx:  67
mem:  1536
mem:  1907712
mem:  1853952
mem:  1858048
mem:  1843712
mem:  1874432
mem:  1927168
mem:  1928704
mem:  1908224
mem:  1884160
mem:  1852928
mem:  1883648
mem:  1878016
mem:  1863680
mem:  1904128
mem:  1934848
mem:  1946112
mem:  1947648
mem:  1913856
mem:  1882624
mem:  1884160
mem:  1891840
mem:  1873920
mem:  1898496
mem:  1907200
mem:  1959936
mem:  1922560
mem:  1875456
mem:  1941504
mem:  1897984
mem:  1918976
mem:  1959424
mem:  1890304
mem:  1946624
mem:  1895936
mem:  1961984
mem:  1941504
mem:  1975808
mem:  1909248
mem:  1936384
mem:  1905152
mem:  1893376
mem:  1986048
mem:  1981440
mem:  1953792
mem:  1945600
mem:  1956864
mem:  1991168
mem:  1934336
mem:  1926144
mem:  1920512
mem:  1977856
mem:  1943040
mem:  1964032
mem:  2001920
mem:  1951232
mem:  1952768
mem:  1999360
mem:  1952256
mem:  1973248
mem:  1965056
mem:  1960448
mem:  1965568
mem:  1992704
mem:  1988096
mem:  1970176
mem:  1987584
mem:  2002432
mem:  1955328
mem:  1943552
mem:  1974272
mem:  2011136
mem:  1989632
mem:  1988608
mem:  2032640
mem:  2017280
mem:  2024960
mem:  1977856
mem:  1986560
mem:  2042880
mem:  2022400
mem:  2004480
mem:  1996288
mem:  2007552
mem:  2034688
mem:  2007040
mem:  2053632
mem:  2055168
mem:  1982464
mem:  2029056
mem:  2004992
mem:  2010112
mem:  2062848
mem:  1957376
mem:  2011136
mem:  1999360
mem:  2049536
mem:  2002432
mem:  2046464
mem:  1989632
