SLURM_JOBID=5049533
SLURM_JOB_NODELIST=svl15
SLURM_NNODES=1
SLURMTMPDIR=
working directory = /viscam/projects/objectfolder_benchmark/benchmarks/Multi_Sensory_3D_Reconstruction/code/models/MDN
Start_idx:  71
mem:  1536
mem:  1923584
mem:  1882112
mem:  1871360
mem:  1915392
mem:  1890304
mem:  1895424
mem:  1883648
mem:  1882624
mem:  1893888
mem:  1882112
mem:  1860608
mem:  1888768
mem:  1900032
mem:  1894400
mem:  1928704
mem:  1942528
mem:  1892864
mem:  1890816
mem:  1888768
mem:  1907200
mem:  1940480
mem:  1896960
mem:  1914368
mem:  1925632
mem:  1940480
mem:  1951744
mem:  1927680
mem:  1945088
mem:  1930752
mem:  1938432
mem:  1943552
mem:  1948672
mem:  1923584
mem:  1925120
mem:  1933824
mem:  1953792
mem:  1923584
mem:  1918976
mem:  1959424
mem:  1924608
mem:  1962496
mem:  1933824
mem:  1958400
mem:  1936896
mem:  1961472
mem:  1947136
mem:  1987584
mem:  1973248
mem:  1967616
mem:  1937408
mem:  1951232
mem:  1985536
mem:  1948160
mem:  1981440
mem:  1941504
mem:  1988096
mem:  1973760
mem:  1971712
mem:  1967104
mem:  1981952
mem:  1989632
mem:  1984000
mem:  1982976
mem:  2010112
mem:  2005504
mem:  1961984
mem:  1975808
mem:  2025984
mem:  2008064
mem:  1999872
mem:  2024448
mem:  1977344
mem:  1961984
mem:  1999872
mem:  1995264
mem:  1993216
mem:  1994752
mem:  1973248
mem:  2020864
mem:  2001920
mem:  2020352
mem:  1992704
mem:  2000384
mem:  1995776
mem:  2013184
mem:  1998848
mem:  1977344
mem:  2001920
mem:  2015744
mem:  2027008
mem:  2025984
mem:  2008064
mem:  2013184
mem:  2046464
mem:  2038272
mem:  2055680
mem:  2038784
mem:  2042880
mem:  2018816
