SLURM_JOBID=5049850
SLURM_JOB_NODELIST=svl9
SLURM_NNODES=1
SLURMTMPDIR=
working directory = /viscam/projects/objectfolder_benchmark/benchmarks/Multi_Sensory_3D_Reconstruction/code/models/MDN
Start_idx:  399
mem:  1536
mem:  1855488
mem:  1850368
mem:  1894400
mem:  1894912
mem:  1870848
mem:  1901568
mem:  1903104
mem:  1894912
mem:  1903616
mem:  1874944
mem:  1909248
mem:  1852416
mem:  1886720
mem:  1878528
mem:  1889792
mem:  1916928
mem:  1922048
mem:  1943040
mem:  1921536
mem:  1874432
mem:  1922048
mem:  1896960
mem:  1911808
mem:  1893888
mem:  1930752
mem:  1932288
mem:  1920512
mem:  1896448
mem:  1894400
mem:  1893376
mem:  1930240
mem:  1941504
mem:  1949184
mem:  1940992
mem:  1910784
mem:  1918464
mem:  1894400
mem:  1950720
mem:  1946112
mem:  1934336
mem:  1968640
mem:  1940992
mem:  1916928
mem:  1973248
mem:  1958912
mem:  1953280
mem:  1915904
mem:  1966080
mem:  1938432
mem:  1978880
mem:  1958400
mem:  2001408
mem:  1938432
mem:  1942528
mem:  1964544
mem:  1958912
mem:  1970176
mem:  1929216
mem:  1944064
mem:  1974784
mem:  1970176
mem:  1961984
mem:  1975808
mem:  1955328
mem:  1986048
mem:  1971712
mem:  2002432
mem:  1957888
mem:  1978880
mem:  1990144
mem:  1978368
mem:  1996800
mem:  1969152
mem:  1960960
mem:  1997824
mem:  2002944
mem:  2000896
mem:  1982976
mem:  2007552
mem:  1966592
mem:  1975296
mem:  1985536
mem:  2029568
mem:  1976320
mem:  1974272
mem:  2011136
mem:  2022400
mem:  2004480
mem:  1999872
mem:  1995264
mem:  2022400
mem:  2008064
mem:  2032640
mem:  1981952
mem:  2009088
mem:  2030080
mem:  2048512
mem:  2020864
mem:  2005504
