SLURM_JOBID=5049522
SLURM_JOB_NODELIST=svl18
SLURM_NNODES=1
SLURMTMPDIR=
working directory = /viscam/projects/objectfolder_benchmark/benchmarks/Multi_Sensory_3D_Reconstruction/code/models/MDN
Start_idx:  62
mem:  1536
mem:  1891840
mem:  1885696
mem:  1896960
mem:  1905664
mem:  1906176
mem:  1911296
mem:  1900544
mem:  1898496
mem:  1861120
mem:  1924608
mem:  1916416
mem:  1914368
mem:  1909760
mem:  1894400
mem:  1909248
mem:  1930240
mem:  1922048
mem:  1907712
mem:  1917952
mem:  1916928
mem:  1928192
mem:  1920000
mem:  1921536
mem:  1929216
mem:  1934336
mem:  1945600
mem:  1917952
mem:  1929216
mem:  1891840
mem:  1938432
mem:  1943552
mem:  1947648
mem:  1933312
mem:  1925120
mem:  1952256
mem:  1954816
mem:  1956352
mem:  1954304
mem:  1955840
mem:  1944064
mem:  1974784
mem:  1986048
mem:  1961984
mem:  1959936
mem:  1949184
mem:  1959424
mem:  1964544
mem:  1985536
mem:  1955328
mem:  1992192
mem:  1954816
mem:  1975808
mem:  1951744
mem:  1991168
mem:  1963520
mem:  1988096
mem:  1970176
mem:  1968128
mem:  1986560
mem:  2003968
mem:  2009088
mem:  1971712
mem:  1953792
mem:  1994240
mem:  1995776
mem:  1999872
mem:  1992704
mem:  2019840
mem:  1976320
mem:  1984000
mem:  1995264
mem:  2012672
mem:  1994752
mem:  1993728
mem:  1988096
mem:  2009088
mem:  1985024
mem:  2015744
mem:  2013696
mem:  2031104
mem:  2016768
mem:  2021888
mem:  2016256
mem:  2008064
mem:  2022912
mem:  2014720
mem:  2055168
mem:  2021376
mem:  1993728
mem:  1998848
mem:  2025984
mem:  2027520
mem:  2035200
mem:  2034176
mem:  2022400
mem:  2039808
mem:  2044928
mem:  2062336
mem:  2041856
