SLURM_JOBID=5049774
SLURM_JOB_NODELIST=svl7
SLURM_NNODES=1
SLURMTMPDIR=
working directory = /viscam/projects/objectfolder_benchmark/benchmarks/Multi_Sensory_3D_Reconstruction/code/models/MDN
Start_idx:  343
mem:  1536
mem:  1833472
mem:  1885696
mem:  1867776
mem:  1857024
mem:  1878016
mem:  1891840
mem:  1881088
mem:  1863168
mem:  1845248
mem:  1885696
mem:  1889792
mem:  1862144
mem:  1879552
mem:  1852928
mem:  1876480
mem:  1881600
mem:  1895424
mem:  1890816
mem:  1888768
mem:  1893888
mem:  1918464
mem:  1923584
mem:  1886208
mem:  1890304
mem:  1917440
mem:  1903104
mem:  1892352
mem:  1919488
mem:  1891840
mem:  1922560
mem:  1924096
mem:  1892864
mem:  1910272
mem:  1925120
mem:  1907200
mem:  1931776
mem:  1939456
mem:  1928704
mem:  1959424
mem:  1963520
mem:  1926144
mem:  1914368
mem:  1926656
mem:  1928192
mem:  1929728
mem:  1956864
mem:  1915904
mem:  1917440
mem:  1948160
mem:  1943552
mem:  1931776
mem:  1956352
mem:  1960448
mem:  1942528
mem:  1922048
mem:  1920000
mem:  1944576
mem:  1958400
mem:  1953792
mem:  1955328
mem:  1995776
mem:  1977856
mem:  1979392
mem:  1980928
mem:  1966592
mem:  1990144
mem:  1969664
mem:  1994240
mem:  1972736
mem:  1980416
mem:  1975808
mem:  1983488
mem:  1982464
mem:  2009600
mem:  1991680
mem:  1973760
mem:  1981440
mem:  1947648
mem:  1994240
mem:  2028544
mem:  1975296
mem:  2015744
mem:  1994240
mem:  2017792
mem:  1984000
mem:  1966080
mem:  2003968
mem:  2005504
mem:  2003456
mem:  1988096
mem:  2002944
mem:  2004480
mem:  1996288
mem:  1997824
mem:  1983488
mem:  1994752
mem:  1996288
mem:  2033152
mem:  2018816
