SLURM_JOBID=5049733
SLURM_JOB_NODELIST=svl7
SLURM_NNODES=1
SLURMTMPDIR=
working directory = /viscam/projects/objectfolder_benchmark/benchmarks/Multi_Sensory_3D_Reconstruction/code/models/MDN
Start_idx:  276
mem:  1536
mem:  1891840
mem:  1924608
mem:  1874944
mem:  1879040
mem:  1861120
mem:  1905152
mem:  1841152
mem:  1846272
mem:  1909760
mem:  1884672
mem:  1895936
mem:  1871872
mem:  1922048
mem:  1897984
mem:  1886208
mem:  1926656
mem:  1922048
mem:  1916416
mem:  1909248
mem:  1909760
mem:  1908736
mem:  1922560
mem:  1892352
mem:  1913344
mem:  1953792
mem:  1910272
mem:  1914368
mem:  1919488
mem:  1933312
mem:  1951744
mem:  1927680
mem:  1931776
mem:  1936896
mem:  1948160
mem:  1955840
mem:  1937920
mem:  1939456
mem:  1950720
mem:  1910784
mem:  1947648
mem:  1945600
mem:  1963008
mem:  1938944
mem:  1950208
mem:  1896960
mem:  1956864
mem:  1968128
mem:  1985536
mem:  1971200
mem:  1947136
mem:  1960960
mem:  1979392
mem:  1957888
mem:  1978880
mem:  1964544
mem:  1997824
mem:  1989632
mem:  1965568
mem:  1996288
mem:  1984512
mem:  2005504
mem:  2010624
mem:  1982976
mem:  1942016
mem:  1986048
mem:  1999872
mem:  1985536
mem:  1983488
mem:  2005504
mem:  1958400
mem:  1991680
mem:  2006528
mem:  2004480
mem:  1976832
mem:  1997824
mem:  2016256
mem:  1981440
mem:  2009600
mem:  2033152
mem:  1993216
mem:  2026496
mem:  2008576
mem:  1984512
mem:  2044416
mem:  2007040
mem:  2028032
mem:  2033152
mem:  1994752
mem:  2029056
mem:  2053632
mem:  1979904
mem:  2043392
mem:  1996288
mem:  2053632
mem:  2028544
mem:  2055680
mem:  2008576
mem:  2050048
mem:  2021376
