SLURM_JOBID=5050406
SLURM_JOB_NODELIST=svl9
SLURM_NNODES=1
SLURMTMPDIR=
working directory = /viscam/projects/objectfolder_benchmark/benchmarks/Multi_Sensory_3D_Reconstruction/code/models/MDN
Start_idx:  993
mem:  1536
mem:  1923584
mem:  1905152
mem:  1926144
mem:  1917952
mem:  1925632
mem:  1930752
mem:  1932288
mem:  1933824
mem:  1932800
mem:  1914880
mem:  1938432
mem:  1926656
mem:  1931776
mem:  1936896
mem:  1938432
mem:  1926656
mem:  1928192
mem:  1923584
mem:  1938432
mem:  1948672
mem:  1953792
mem:  1952768
mem:  1956864
mem:  1955840
mem:  1959936
mem:  1951744
mem:  1956864
mem:  1964544
mem:  1956352
mem:  1957888
mem:  1963008
mem:  1951232
mem:  1966080
mem:  1961472
mem:  1971712
mem:  1964544
mem:  1978368
mem:  1970176
mem:  1971712
mem:  1970688
mem:  1980928
mem:  1986048
mem:  1977856
mem:  1986560
mem:  1980928
mem:  1969152
mem:  1990144
mem:  1992704
mem:  1996800
mem:  1998336
mem:  1993728
mem:  1985536
mem:  2002944
mem:  2000896
mem:  1986560
mem:  1997824
mem:  2006528
mem:  2010624
mem:  2008576
mem:  2013696
mem:  2005504
mem:  2000896
mem:  2014720
mem:  2019840
mem:  2021376
mem:  2010624
mem:  2020864
mem:  2019840
mem:  2017792
mem:  2019328
mem:  2030592
mem:  2029568
mem:  2033664
mem:  2035200
mem:  2027008
mem:  2038272
mem:  2030080
mem:  2015744
mem:  2036736
mem:  2044416
mem:  2026496
mem:  2043904
mem:  2033152
mem:  2050560
mem:  2026496
mem:  2051072
mem:  2042880
mem:  2056704
mem:  2058240
mem:  2040320
mem:  2061312
mem:  2062848
mem:  2064384
mem:  2059776
mem:  2051584
mem:  2068992
mem:  2064384
mem:  2072064
mem:  2073600
