SLURM_JOBID=5050037
SLURM_JOB_NODELIST=svl2
SLURM_NNODES=1
SLURMTMPDIR=
working directory = /viscam/projects/objectfolder_benchmark/benchmarks/Multi_Sensory_3D_Reconstruction/code/models/MDN
Start_idx:  648
mem:  1536
mem:  1907712
mem:  1899008
mem:  1922560
mem:  1911808
mem:  1900032
mem:  1908736
mem:  1889792
mem:  1898496
mem:  1896448
mem:  1897984
mem:  1938432
mem:  1891328
mem:  1896448
mem:  1940480
mem:  1934848
mem:  1946112
mem:  1945088
mem:  1884672
mem:  1931264
mem:  1903616
mem:  1953792
mem:  1932288
mem:  1917952
mem:  1900032
mem:  1914880
mem:  1932288
mem:  1931264
mem:  1909760
mem:  1936896
mem:  1957888
mem:  1939968
mem:  1958400
mem:  1952768
mem:  1967616
mem:  1969152
mem:  1945088
mem:  1935872
mem:  1964032
mem:  1955840
mem:  1973248
mem:  1978368
mem:  1954304
mem:  1942528
mem:  1989120
mem:  1971200
mem:  1976320
mem:  1958400
mem:  1956352
mem:  1967616
mem:  1963008
mem:  1990144
mem:  1975808
mem:  1973760
mem:  1949696
mem:  1992704
mem:  1972224
mem:  2009088
mem:  1985024
mem:  2006016
mem:  1988096
mem:  1973760
mem:  2000896
mem:  1953792
mem:  1990656
mem:  1998336
mem:  1941504
mem:  1969664
mem:  1996800
mem:  1972736
mem:  1996288
mem:  2004992
mem:  2019840
mem:  2027520
mem:  2025472
mem:  2011136
mem:  2032128
mem:  2016768
mem:  1998848
mem:  2042880
mem:  2028544
mem:  2016768
mem:  2018304
mem:  2039296
mem:  2040832
mem:  2022912
mem:  2018304
mem:  2035712
mem:  2046976
mem:  2029056
mem:  2020864
mem:  2061312
mem:  2027520
mem:  2038784
mem:  2033152
mem:  2051584
mem:  2046976
mem:  2058240
mem:  2062336
mem:  2009088
