SLURM_JOBID=5049520
SLURM_JOB_NODELIST=svl5
SLURM_NNODES=1
SLURMTMPDIR=
working directory = /viscam/projects/objectfolder_benchmark/benchmarks/Multi_Sensory_3D_Reconstruction/code/models/MDN
Start_idx:  61
mem:  1536
mem:  1859072
mem:  1895424
mem:  1881088
mem:  1879040
mem:  1896448
mem:  1849344
mem:  1858048
mem:  1871872
mem:  1900032
mem:  1894400
mem:  1896960
mem:  1924096
mem:  1876992
mem:  1927168
mem:  1892352
mem:  1913344
mem:  1892864
mem:  1910272
mem:  1879040
mem:  1907200
mem:  1924608
mem:  1900544
mem:  1921536
mem:  1926656
mem:  1899008
mem:  1922560
mem:  1927680
mem:  1925632
mem:  1927168
mem:  1938432
mem:  1939968
mem:  1906176
mem:  1907712
mem:  1942016
mem:  1932800
mem:  1937920
mem:  1906688
mem:  1925120
mem:  1929216
mem:  1934336
mem:  1881088
mem:  1947136
mem:  1974272
mem:  1959936
mem:  1955328
mem:  1937408
mem:  1925632
mem:  1959936
mem:  1945600
mem:  1969152
mem:  1931776
mem:  1985536
mem:  1964032
mem:  1992192
mem:  1973248
mem:  1994240
mem:  1940992
mem:  1961984
mem:  1957376
mem:  1906688
mem:  1976320
mem:  1958400
mem:  1975808
mem:  2010112
mem:  1972736
mem:  1968128
mem:  2004992
mem:  2003968
mem:  1956864
mem:  1986560
mem:  1975808
mem:  1987072
mem:  1985024
mem:  1982976
mem:  2001408
mem:  1940992
mem:  1994752
mem:  1992704
mem:  1981952
mem:  1986048
mem:  2000896
mem:  2002432
mem:  2000384
mem:  2021376
mem:  1974272
mem:  2002432
mem:  1977344
mem:  2027520
mem:  2015744
mem:  2020864
mem:  2032128
mem:  2004480
mem:  2021888
mem:  2033152
mem:  2038272
mem:  2030080
mem:  2028032
mem:  2036736
mem:  2011648
