SLURM_JOBID=5049898
SLURM_JOB_NODELIST=svl10
SLURM_NNODES=1
SLURMTMPDIR=
working directory = /viscam/projects/objectfolder_benchmark/benchmarks/Multi_Sensory_3D_Reconstruction/code/models/MDN
Start_idx:  470
mem:  1536
mem:  1910272
mem:  1882112
mem:  1867776
mem:  1927680
mem:  1874432
mem:  1899008
mem:  1896960
mem:  1917952
mem:  1886720
mem:  1895424
mem:  1935872
mem:  1933824
mem:  1938944
mem:  1907712
mem:  1903104
mem:  1936384
mem:  1908736
mem:  1939456
mem:  1921536
mem:  1930240
mem:  1930752
mem:  1887232
mem:  1940992
mem:  1946112
mem:  1924608
mem:  1948160
mem:  1898496
mem:  1952256
mem:  1950208
mem:  1967616
mem:  1963008
mem:  1915904
mem:  1952768
mem:  1928704
mem:  1916928
mem:  1951232
mem:  1927168
mem:  1957888
mem:  1961984
mem:  1947648
mem:  1939456
mem:  1983488
mem:  1968128
mem:  1963520
mem:  1948160
mem:  1960448
mem:  1974272
mem:  1995264
mem:  1965056
mem:  1956864
mem:  1999872
mem:  1936896
mem:  2002944
mem:  1955840
mem:  1996288
mem:  1974784
mem:  1983488
mem:  1991168
mem:  1999872
mem:  1958912
mem:  1983488
mem:  1971712
mem:  1957376
mem:  1988096
mem:  1986048
mem:  2003456
mem:  2014720
mem:  2006528
mem:  2023936
mem:  1986560
mem:  1985536
mem:  2009088
mem:  1959424
mem:  2015744
mem:  2004992
mem:  2005504
mem:  2023936
mem:  2009600
mem:  2029568
mem:  1995776
mem:  2003456
mem:  2035200
mem:  2010112
mem:  2031104
mem:  2016768
mem:  2031616
mem:  2025984
mem:  2017792
mem:  2029056
mem:  2014720
mem:  2018816
mem:  2037248
mem:  2019328
mem:  2056192
mem:  2028544
mem:  2030080
mem:  2037760
mem:  2072064
mem:  2041856
