SLURM_JOBID=5049984
SLURM_JOB_NODELIST=svl12
SLURM_NNODES=1
SLURMTMPDIR=
working directory = /viscam/projects/objectfolder_benchmark/benchmarks/Multi_Sensory_3D_Reconstruction/code/models/MDN
Start_idx:  567
mem:  1536
mem:  1849344
mem:  1863680
mem:  1874944
mem:  1882624
mem:  1854976
mem:  1846784
mem:  1890816
mem:  1872896
mem:  1834496
mem:  1888256
mem:  1870336
mem:  1898496
mem:  1902592
mem:  1845760
mem:  1892352
mem:  1868288
mem:  1892864
mem:  1910272
mem:  1905664
mem:  1884160
mem:  1856512
mem:  1906688
mem:  1898496
mem:  1915904
mem:  1921024
mem:  1912832
mem:  1908224
mem:  1909760
mem:  1917440
mem:  1866752
mem:  1914368
mem:  1906176
mem:  1936896
mem:  1954304
mem:  1926656
mem:  1928192
mem:  1920000
mem:  1921536
mem:  1930240
mem:  1940480
mem:  1935872
mem:  1933824
mem:  1932800
mem:  1944064
mem:  1958912
mem:  1943552
mem:  1942528
mem:  1946624
mem:  1955328
mem:  1933824
mem:  1938944
mem:  1946624
mem:  1899520
mem:  1936384
mem:  1951232
mem:  1968640
mem:  1902080
mem:  1968128
mem:  1970688
mem:  1923584
mem:  1970176
mem:  1958400
mem:  1924608
mem:  1978368
mem:  1956864
mem:  1991168
mem:  1979392
mem:  1928704
mem:  1949696
mem:  1931776
mem:  1981952
mem:  1983488
mem:  1978880
mem:  1967104
mem:  2003968
mem:  1983488
mem:  1994752
mem:  1990144
mem:  1974784
mem:  1993216
mem:  2000896
mem:  1969664
mem:  1942016
mem:  2011648
mem:  1997312
mem:  2001408
mem:  1996800
mem:  2001920
mem:  2016768
mem:  2020864
mem:  2022400
mem:  2027520
mem:  1996288
mem:  2001408
mem:  2032128
mem:  2017792
mem:  2019328
mem:  2036736
mem:  2015232
