SLURM_JOBID=5049968
SLURM_JOB_NODELIST=svl9
SLURM_NNODES=1
SLURMTMPDIR=
working directory = /viscam/projects/objectfolder_benchmark/benchmarks/Multi_Sensory_3D_Reconstruction/code/models/MDN
Start_idx:  554
mem:  1536
mem:  1904128
mem:  1866240
mem:  1912832
mem:  1892352
mem:  1909760
mem:  1901568
mem:  1916416
mem:  1894912
mem:  1912320
mem:  1895424
mem:  1915392
mem:  1916928
mem:  1922048
mem:  1904128
mem:  1944576
mem:  1932800
mem:  1912320
mem:  1933312
mem:  1940992
mem:  1926656
mem:  1931776
mem:  1906688
mem:  1921536
mem:  1954816
mem:  1930752
mem:  1926144
mem:  1947136
mem:  1952256
mem:  1936896
mem:  1932288
mem:  1947136
mem:  1954816
mem:  1956352
mem:  1948160
mem:  1975296
mem:  1937920
mem:  1952768
mem:  1944576
mem:  1955840
mem:  1976832
mem:  1958912
mem:  1917952
mem:  1948672
mem:  1959936
mem:  1965056
mem:  1969152
mem:  1981440
mem:  1956352
mem:  1996800
mem:  1939968
mem:  1970688
mem:  1972224
mem:  1964032
mem:  1985024
mem:  2002432
mem:  1958912
mem:  1970176
mem:  1961984
mem:  1992704
mem:  1984512
mem:  2012672
mem:  2007040
mem:  1995264
mem:  1987072
mem:  1982464
mem:  1991168
mem:  2004992
mem:  1951744
mem:  2008064
mem:  2016768
mem:  2001408
mem:  2025984
mem:  2017792
mem:  2015744
mem:  2014720
mem:  2018816
mem:  1991168
mem:  2021888
mem:  2019840
mem:  2034688
mem:  2036224
mem:  2018304
mem:  2042880
mem:  2024960
mem:  2036224
mem:  2011136
mem:  2035712
mem:  2037248
mem:  2052096
mem:  2036736
mem:  2045440
mem:  2046976
mem:  2019328
mem:  2046464
mem:  2055168
mem:  2036224
mem:  2038784
mem:  2059776
mem:  2044416
