SLURM_JOBID=5049643
SLURM_JOB_NODELIST=svl17
SLURM_NNODES=1
SLURMTMPDIR=
working directory = /viscam/projects/objectfolder_benchmark/benchmarks/Multi_Sensory_3D_Reconstruction/code/models/MDN
Start_idx:  176
mem:  1536
mem:  1901568
mem:  1872384
mem:  1900544
mem:  1875456
mem:  1896448
mem:  1895424
mem:  1912832
mem:  1892352
mem:  1912320
mem:  1901568
mem:  1915392
mem:  1910784
mem:  1853952
mem:  1921024
mem:  1928704
mem:  1926656
mem:  1906176
mem:  1927168
mem:  1927680
mem:  1932800
mem:  1931776
mem:  1942016
mem:  1933824
mem:  1907200
mem:  1924608
mem:  1938432
mem:  1901056
mem:  1929216
mem:  1891840
mem:  1918976
mem:  1946112
mem:  1958400
mem:  1952768
mem:  1905664
mem:  1953280
mem:  1953792
mem:  1949184
mem:  1928704
mem:  1959424
mem:  1960960
mem:  1965056
mem:  1944576
mem:  1968128
mem:  1947648
mem:  1968640
mem:  1970176
mem:  1958400
mem:  1966080
mem:  1971200
mem:  1949696
mem:  1974272
mem:  1936896
mem:  1961472
mem:  1978880
mem:  1984000
mem:  1981952
mem:  1966592
mem:  1948672
mem:  1973248
mem:  1990656
mem:  1995776
mem:  1997312
mem:  1989120
mem:  2006528
mem:  1992192
mem:  2003456
mem:  1998848
mem:  2003968
mem:  2004480
mem:  1974272
mem:  2001408
mem:  1993216
mem:  2014208
mem:  1999872
mem:  2007552
mem:  2018816
mem:  2017792
mem:  2021888
mem:  2017280
mem:  1992192
mem:  2016768
mem:  1976832
mem:  2029568
mem:  2031104
mem:  2032640
mem:  2030592
mem:  2025984
mem:  2031104
mem:  2036224
mem:  2024448
mem:  1999360
mem:  2039808
mem:  1970688
mem:  2052608
mem:  2034688
mem:  2020352
mem:  1996288
mem:  2049024
mem:  2048000
