SLURM_JOBID=5050151
SLURM_JOB_NODELIST=svl9
SLURM_NNODES=1
SLURMTMPDIR=
working directory = /viscam/projects/objectfolder_benchmark/benchmarks/Multi_Sensory_3D_Reconstruction/code/models/MDN
Start_idx:  758
mem:  1536
mem:  1907712
mem:  1815040
mem:  1854464
mem:  1895936
mem:  1900032
mem:  1895424
mem:  1932288
mem:  1888768
mem:  1886720
mem:  1836032
mem:  1928704
mem:  1924096
mem:  1886720
mem:  1936896
mem:  1876480
mem:  1887744
mem:  1883136
mem:  1868800
mem:  1947136
mem:  1893888
mem:  1862656
mem:  1881088
mem:  1917952
mem:  1942528
mem:  1897984
mem:  1877504
mem:  1914368
mem:  1923072
mem:  1956352
mem:  1893376
mem:  1894912
mem:  1931776
mem:  1888256
mem:  1915392
mem:  1884160
mem:  1912320
mem:  1936896
mem:  1927680
mem:  1923072
mem:  1941504
mem:  1949184
mem:  1937408
mem:  1919488
mem:  1879552
mem:  1929728
mem:  1908224
mem:  1925632
mem:  1934336
mem:  1932288
mem:  1956864
mem:  1977856
mem:  1952768
mem:  1932288
mem:  1936384
mem:  1986560
mem:  1952768
mem:  1993216
mem:  1946112
mem:  2012160
mem:  1991680
mem:  1950720
mem:  1952256
mem:  1996288
mem:  1971200
mem:  1966592
mem:  1958400
mem:  1966080
mem:  1954304
mem:  2014208
mem:  1958400
mem:  2001408
mem:  1983488
mem:  1959424
mem:  2003456
mem:  1997824
mem:  2028544
mem:  1971712
mem:  2019328
mem:  1997824
mem:  1989632
mem:  1932800
mem:  1992704
mem:  2000384
mem:  1972736
mem:  2026496
mem:  2018304
mem:  1977344
mem:  1995776
mem:  1999872
mem:  2020864
mem:  2009088
mem:  1988608
mem:  2022912
mem:  2036736
mem:  2018816
mem:  2020352
mem:  2028032
mem:  1990656
mem:  1999360
