SLURM_JOBID=5049830
SLURM_JOB_NODELIST=svl15
SLURM_NNODES=1
SLURMTMPDIR=
working directory = /viscam/projects/objectfolder_benchmark/benchmarks/Multi_Sensory_3D_Reconstruction/code/models/MDN
Start_idx:  382
mem:  1536
mem:  1843200
mem:  1895424
mem:  1881088
mem:  1904640
mem:  1929216
mem:  1899008
mem:  1893376
mem:  1908224
mem:  1919488
mem:  1936896
mem:  1857024
mem:  1920512
mem:  1900032
mem:  1917440
mem:  1922560
mem:  1887744
mem:  1944064
mem:  1904128
mem:  1925120
mem:  1884160
mem:  1937920
mem:  1890816
mem:  1924096
mem:  1929216
mem:  1953792
mem:  1929728
mem:  1914368
mem:  1948672
mem:  1901568
mem:  1922560
mem:  1939968
mem:  1935360
mem:  1933312
mem:  1942016
mem:  1942528
mem:  1973248
mem:  1943040
mem:  1979904
mem:  1936384
mem:  1905152
mem:  1926144
mem:  1956864
mem:  1968128
mem:  1936896
mem:  1961472
mem:  1937408
mem:  1938944
mem:  1959936
mem:  1980928
mem:  1982464
mem:  1980416
mem:  1956352
mem:  1944576
mem:  1981440
mem:  1951232
mem:  2007552
mem:  1973760
mem:  1985024
mem:  1976832
mem:  2003968
mem:  1992192
mem:  1948672
mem:  1998848
mem:  1939456
mem:  1992192
mem:  2000896
mem:  2001408
mem:  2022400
mem:  2021376
mem:  1968128
mem:  2001408
mem:  1980928
mem:  1992192
mem:  1980416
mem:  2014720
mem:  2018816
mem:  2023936
mem:  2037760
mem:  1974784
mem:  2009088
mem:  1997312
mem:  2008576
mem:  1987072
mem:  2008064
mem:  2019328
mem:  2034176
mem:  2049024
mem:  2008064
mem:  2009600
mem:  2043904
mem:  2018816
mem:  2056704
mem:  2025472
mem:  2027008
mem:  2048000
mem:  2036224
mem:  2035200
mem:  2046464
mem:  2028544
