SLURM_JOBID=5050064
SLURM_JOB_NODELIST=svl18
SLURM_NNODES=1
SLURMTMPDIR=
working directory = /viscam/projects/objectfolder_benchmark/benchmarks/Multi_Sensory_3D_Reconstruction/code/models/MDN
Start_idx:  660
mem:  1536
mem:  1878528
mem:  1824768
mem:  1883648
mem:  1853440
mem:  1903616
mem:  1882112
mem:  1881088
mem:  1894912
mem:  1886720
mem:  1921024
mem:  1918976
mem:  1933824
mem:  1900032
mem:  1894400
mem:  1911808
mem:  1894912
mem:  1915904
mem:  1949184
mem:  1950720
mem:  1938944
mem:  1911296
mem:  1922560
mem:  1931264
mem:  1903616
mem:  1927168
mem:  1928704
mem:  1908224
mem:  1929216
mem:  1936896
mem:  1932288
mem:  1963008
mem:  1935360
mem:  1939456
mem:  1925120
mem:  1946112
mem:  1937920
mem:  1923584
mem:  1911808
mem:  1897472
mem:  1934336
mem:  1926144
mem:  1927680
mem:  1942528
mem:  1957376
mem:  1984512
mem:  1960448
mem:  1948672
mem:  1895424
mem:  1918976
mem:  1927680
mem:  1948672
mem:  2001408
mem:  1971200
mem:  1952256
mem:  1976832
mem:  1997824
mem:  1970176
mem:  1952256
mem:  1967104
mem:  1978368
mem:  1950720
mem:  1958400
mem:  1979392
mem:  1994240
mem:  1992192
mem:  1968128
mem:  1969664
mem:  1983488
mem:  1978880
mem:  1964544
mem:  1995264
mem:  1961472
mem:  2030080
mem:  1996288
mem:  1988096
mem:  1986048
mem:  2008064
mem:  1992704
mem:  2010112
mem:  2040832
mem:  2042368
mem:  1969664
mem:  2036736
mem:  2024960
mem:  1999872
mem:  2030592
mem:  2010112
mem:  1976320
mem:  2032640
mem:  2030592
mem:  2022400
mem:  2039808
mem:  2015744
mem:  2017280
mem:  2044416
mem:  2033664
mem:  2031616
mem:  2056192
mem:  2018816
