SLURM_JOBID=5049659
SLURM_JOB_NODELIST=svl7
SLURM_NNODES=1
SLURMTMPDIR=
working directory = /viscam/projects/objectfolder_benchmark/benchmarks/Multi_Sensory_3D_Reconstruction/code/models/MDN
Start_idx:  186
mem:  1536
mem:  1923584
mem:  1899008
mem:  1883648
mem:  1894912
mem:  1909760
mem:  1905152
mem:  1906688
mem:  1904640
mem:  1915904
mem:  1911296
mem:  1916416
mem:  1910784
mem:  1941504
mem:  1923584
mem:  1918976
mem:  1914368
mem:  1925632
mem:  1926144
mem:  1925120
mem:  1936384
mem:  1924608
mem:  1923584
mem:  1908224
mem:  1932800
mem:  1940480
mem:  1961472
mem:  1924096
mem:  1942528
mem:  1936896
mem:  1944576
mem:  1949696
mem:  1948672
mem:  1956352
mem:  1934848
mem:  1939968
mem:  1947648
mem:  1952768
mem:  1960448
mem:  1981440
mem:  1957376
mem:  1968640
mem:  1966592
mem:  1946112
mem:  1973248
mem:  1958912
mem:  1972736
mem:  1974272
mem:  1943040
mem:  1980928
mem:  1995776
mem:  1999872
mem:  1988096
mem:  1973760
mem:  1982464
mem:  1974272
mem:  1995264
mem:  1989632
mem:  1971712
mem:  1960960
mem:  1980928
mem:  1995776
mem:  1997312
mem:  1996288
mem:  1977344
mem:  1995776
mem:  2007040
mem:  1998848
mem:  1980928
mem:  2005504
mem:  2009600
mem:  1997824
mem:  2012672
mem:  1988608
mem:  2013184
mem:  2011136
mem:  2012672
mem:  2027520
mem:  2008576
mem:  2013696
mem:  2021376
mem:  2026496
mem:  2025472
mem:  2003968
mem:  2005504
mem:  2032640
mem:  2024448
mem:  2035712
mem:  2033664
mem:  2025472
mem:  2024448
mem:  2016256
mem:  2031104
mem:  2038784
mem:  2030592
mem:  2032128
mem:  2053120
mem:  2044928
mem:  2050048
mem:  2054144
