SLURM_JOBID=5049622
SLURM_JOB_NODELIST=svl5
SLURM_NNODES=1
SLURMTMPDIR=
working directory = /viscam/projects/objectfolder_benchmark/benchmarks/Multi_Sensory_3D_Reconstruction/code/models/MDN
Start_idx:  170
mem:  1536
mem:  1878528
mem:  1908736
mem:  1896960
mem:  1914368
mem:  1909760
mem:  1930752
mem:  1926144
mem:  1921536
mem:  1896448
mem:  1885696
mem:  1864192
mem:  1926656
mem:  1890304
mem:  1936896
mem:  1915392
mem:  1916928
mem:  1912320
mem:  1949184
mem:  1931264
mem:  1938944
mem:  1937920
mem:  1932288
mem:  1911808
mem:  1952256
mem:  1944064
mem:  1935872
mem:  1931264
mem:  1942528
mem:  1940480
mem:  1922560
mem:  1926656
mem:  1935360
mem:  1939456
mem:  1950720
mem:  1933824
mem:  1931776
mem:  1975808
mem:  1960448
mem:  1975296
mem:  1970688
mem:  1984512
mem:  1960448
mem:  1971712
mem:  1989120
mem:  1955328
mem:  1933824
mem:  1954816
mem:  1975808
mem:  1938432
mem:  1985024
mem:  1999872
mem:  1966080
mem:  1957888
mem:  1971712
mem:  1970688
mem:  1972224
mem:  1970176
mem:  1978880
mem:  1992704
mem:  1994240
mem:  1993216
mem:  2016768
mem:  1992704
mem:  1951744
mem:  1992192
mem:  2019328
mem:  1992704
mem:  2019840
mem:  1978880
mem:  1990144
mem:  1998848
mem:  2002944
mem:  1994752
mem:  1960960
mem:  2013696
mem:  2002944
mem:  2030080
mem:  2041344
mem:  2007552
mem:  2011648
mem:  2036224
mem:  2014720
mem:  2010112
mem:  2050560
mem:  2039808
mem:  2053632
mem:  2010112
mem:  2046976
mem:  2019328
mem:  2020864
mem:  2025984
mem:  2030080
mem:  2029056
mem:  2063360
mem:  2032128
mem:  2026496
mem:  1996288
mem:  2042880
mem:  2034688
