SLURM_JOBID=5049540
SLURM_JOB_NODELIST=svl7
SLURM_NNODES=1
SLURMTMPDIR=
working directory = /viscam/projects/objectfolder_benchmark/benchmarks/Multi_Sensory_3D_Reconstruction/code/models/MDN
Start_idx:  73
mem:  1536
mem:  1921024
mem:  1921024
mem:  1920000
mem:  1927680
mem:  1929216
mem:  1927168
mem:  1929728
mem:  1931264
mem:  1932800
mem:  1921024
mem:  1935872
mem:  1939968
mem:  1931776
mem:  1940480
mem:  1940992
mem:  1933824
mem:  1947648
mem:  1936896
mem:  1925120
mem:  1938944
mem:  1950208
mem:  1952768
mem:  1954304
mem:  1958400
mem:  1959936
mem:  1949184
mem:  1943552
mem:  1961984
mem:  1959936
mem:  1967616
mem:  1953280
mem:  1967104
mem:  1969664
mem:  1964032
mem:  1975296
mem:  1974272
mem:  1968640
mem:  1970176
mem:  1977856
mem:  1976832
mem:  1965056
mem:  1973760
mem:  1987584
mem:  1982976
mem:  1965056
mem:  1989632
mem:  1991168
mem:  1989120
mem:  1984512
mem:  1992192
mem:  1997312
mem:  1998848
mem:  2000384
mem:  2004480
mem:  2006016
mem:  2004992
mem:  1993216
mem:  2008064
mem:  2012160
mem:  2011136
mem:  2009088
mem:  2016768
mem:  2018304
mem:  2019840
mem:  2009088
mem:  2020352
mem:  2021888
mem:  2025984
mem:  2008064
mem:  2022912
mem:  2017280
mem:  2028544
mem:  2017792
mem:  2025472
mem:  2034176
mem:  2028544
mem:  2039808
mem:  2041344
mem:  2036736
mem:  2041856
mem:  2045952
mem:  2047488
mem:  2049024
mem:  2046976
mem:  2045952
mem:  2047488
mem:  2055168
mem:  2050560
mem:  2054656
mem:  2050048
mem:  2061312
mem:  2062848
mem:  2060800
mem:  2059776
mem:  2063872
mem:  2062848
mem:  2070528
mem:  2072064
mem:  2070016
