SLURM_JOBID=5050304
SLURM_JOB_NODELIST=svl5
SLURM_NNODES=1
SLURMTMPDIR=
working directory = /viscam/projects/objectfolder_benchmark/benchmarks/Multi_Sensory_3D_Reconstruction/code/models/MDN
Start_idx:  945
mem:  1536
mem:  1874944
mem:  1889280
mem:  1871360
mem:  1921536
mem:  1893888
mem:  1908736
mem:  1900544
mem:  1933824
mem:  1903616
mem:  1862656
mem:  1870336
mem:  1898496
mem:  1899008
mem:  1901568
mem:  1928704
mem:  1881600
mem:  1905152
mem:  1929728
mem:  1888768
mem:  1913344
mem:  1899008
mem:  1900544
mem:  1914368
mem:  1890304
mem:  1917440
mem:  1877504
mem:  1933824
mem:  1948672
mem:  1930752
mem:  1899520
mem:  1953280
mem:  1892864
mem:  1920000
mem:  1925120
mem:  1936384
mem:  1937920
mem:  1933312
mem:  1905664
mem:  1948672
mem:  1944064
mem:  1951744
mem:  1908224
mem:  1987584
mem:  1944064
mem:  1938432
mem:  1963008
mem:  1919488
mem:  1943040
mem:  1916416
mem:  1953280
mem:  1947648
mem:  1949184
mem:  1954304
mem:  1955840
mem:  1996288
mem:  1933312
mem:  1970176
mem:  1955840
mem:  1973248
mem:  1962496
mem:  1963008
mem:  1984000
mem:  1936896
mem:  2010112
mem:  1956864
mem:  1999872
mem:  1981952
mem:  1977344
mem:  1988608
mem:  1977856
mem:  1978368
mem:  1996800
mem:  2010624
mem:  2021888
mem:  1988096
mem:  1979904
mem:  2000896
mem:  2009600
mem:  2007552
mem:  2002944
mem:  2016768
mem:  2024448
mem:  2029568
mem:  2027520
mem:  2013184
mem:  2002432
mem:  1996800
mem:  2031104
mem:  2029056
mem:  2024448
mem:  2000384
mem:  2011648
mem:  1976832
mem:  2020864
mem:  2015232
mem:  2010624
mem:  2035200
mem:  2029568
mem:  2009088
