SLURM_JOBID=5050374
SLURM_JOB_NODELIST=svl12
SLURM_NNODES=1
SLURMTMPDIR=
working directory = /viscam/projects/objectfolder_benchmark/benchmarks/Multi_Sensory_3D_Reconstruction/code/models/MDN
Start_idx:  966
mem:  1536
mem:  1910272
mem:  1895424
mem:  1877504
mem:  1902080
mem:  1929216
mem:  1901568
mem:  1889792
mem:  1908224
mem:  1925632
mem:  1907712
mem:  1918976
mem:  1910784
mem:  1931776
mem:  1920000
mem:  1911808
mem:  1923072
mem:  1924608
mem:  1906688
mem:  1917952
mem:  1903616
mem:  1908736
mem:  1916416
mem:  1921536
mem:  1932800
mem:  1940480
mem:  1955328
mem:  1953280
mem:  1961984
mem:  1936896
mem:  1926144
mem:  1947136
mem:  1954816
mem:  1952768
mem:  1925120
mem:  1953280
mem:  1941504
mem:  1962496
mem:  1947136
mem:  1948672
mem:  1957376
mem:  1926144
mem:  1947136
mem:  1929216
mem:  1957376
mem:  1961472
mem:  1978880
mem:  1993728
mem:  1956352
mem:  1938432
mem:  1939968
mem:  1948672
mem:  1968640
mem:  1973760
mem:  1955840
mem:  1993728
mem:  1962496
mem:  1970176
mem:  1985024
mem:  1970688
mem:  1978368
mem:  1995776
mem:  1993728
mem:  1992704
mem:  1984512
mem:  1992192
mem:  1951232
mem:  2008576
mem:  2003968
mem:  1992192
mem:  2029056
mem:  2020864
mem:  2006528
mem:  2010624
mem:  2006016
mem:  2011136
mem:  1995776
mem:  2008064
mem:  1992704
mem:  2023424
mem:  2009088
mem:  2020352
mem:  2008576
mem:  2035712
mem:  2040832
mem:  2022912
mem:  2014720
mem:  2006528
mem:  2040832
mem:  2045952
mem:  2008576
mem:  2012672
mem:  2027520
mem:  2022912
mem:  2050048
mem:  2012672
mem:  2039808
mem:  2054656
mem:  2050048
mem:  2041856
