SLURM_JOBID=5049724
SLURM_JOB_NODELIST=svl17
SLURM_NNODES=1
SLURMTMPDIR=
working directory = /viscam/projects/objectfolder_benchmark/benchmarks/Multi_Sensory_3D_Reconstruction/code/models/MDN
Start_idx:  267
mem:  1536
mem:  1881088
mem:  1860096
mem:  1894400
mem:  1925120
mem:  1886720
mem:  1905152
mem:  1906688
mem:  1888768
mem:  1896448
mem:  1905152
mem:  1883648
mem:  1878016
mem:  1873408
mem:  1904128
mem:  1918976
mem:  1871872
mem:  1914880
mem:  1943040
mem:  1925120
mem:  1932800
mem:  1924608
mem:  1932288
mem:  1915392
mem:  1923072
mem:  1937920
mem:  1918976
mem:  1904640
mem:  1915904
mem:  1956352
mem:  1944576
mem:  1920512
mem:  1954816
mem:  1950208
mem:  1912832
mem:  1930240
mem:  1918464
mem:  1965056
mem:  1938432
mem:  1949696
mem:  1963520
mem:  1932288
mem:  1924096
mem:  1938944
mem:  1934336
mem:  1961472
mem:  1960448
mem:  1929216
mem:  1904128
mem:  1954304
mem:  1963008
mem:  1964544
mem:  1894400
mem:  1971200
mem:  1988608
mem:  1964544
mem:  2001408
mem:  1976320
mem:  1971712
mem:  2009600
mem:  1971200
mem:  1976320
mem:  1968128
mem:  1956352
mem:  2003968
mem:  1986048
mem:  1958400
mem:  2012160
mem:  1948160
mem:  1969152
mem:  2006016
mem:  1998848
mem:  1999360
mem:  2017792
mem:  1993728
mem:  2001408
mem:  2009088
mem:  2004480
mem:  2015744
mem:  2042880
mem:  2009088
mem:  2020352
mem:  2012160
mem:  2027008
mem:  2037248
mem:  1997312
mem:  1995264
mem:  2000384
mem:  2027520
mem:  1996288
mem:  2037760
mem:  2045440
mem:  2037248
mem:  1996288
mem:  2036736
mem:  2032128
mem:  2007040
mem:  2008576
mem:  2007552
mem:  2057728
