SLURM_JOBID=5049617
SLURM_JOB_NODELIST=svl1
SLURM_NNODES=1
SLURMTMPDIR=
working directory = /viscam/projects/objectfolder_benchmark/benchmarks/Multi_Sensory_3D_Reconstruction/code/models/MDN
Start_idx:  166
mem:  1536
mem:  1872384
mem:  1879552
mem:  1877504
mem:  1914368
mem:  1900032
mem:  1930752
mem:  1900544
mem:  1885184
mem:  1919488
mem:  1894400
mem:  1926144
mem:  1930240
mem:  1896448
mem:  1917440
mem:  1931264
mem:  1923072
mem:  1906176
mem:  1920000
mem:  1934848
mem:  1903616
mem:  1928192
mem:  1923584
mem:  1917952
mem:  1919488
mem:  1930752
mem:  1928704
mem:  1933824
mem:  1938944
mem:  1936896
mem:  1928704
mem:  1924096
mem:  1938944
mem:  1920000
mem:  1915392
mem:  1943552
mem:  1931776
mem:  1955328
mem:  1960448
mem:  1959424
mem:  1960960
mem:  1952768
mem:  1931264
mem:  1958400
mem:  1956352
mem:  1942016
mem:  1933824
mem:  1961984
mem:  1979392
mem:  1944576
mem:  1939968
mem:  1954816
mem:  1936896
mem:  1970176
mem:  1963008
mem:  1974272
mem:  1981952
mem:  1979904
mem:  2007040
mem:  1986560
mem:  1991680
mem:  1970176
mem:  1977856
mem:  1989120
mem:  1971200
mem:  1972736
mem:  1984000
mem:  2001408
mem:  2003968
mem:  1972736
mem:  1970688
mem:  2030592
mem:  2000384
mem:  2014208
mem:  1984000
mem:  2001408
mem:  2012672
mem:  1997312
mem:  2002432
mem:  2001408
mem:  1993216
mem:  2007040
mem:  2018304
mem:  1996800
mem:  2021376
mem:  2026496
mem:  2034176
mem:  2013696
mem:  2023936
mem:  2022912
mem:  2007552
mem:  2029568
mem:  2039808
mem:  2041344
mem:  2040320
mem:  2028544
mem:  2037248
mem:  2054656
mem:  2030592
mem:  2038272
