SLURM_JOBID=5050284
SLURM_JOB_NODELIST=svl1
SLURM_NNODES=1
SLURMTMPDIR=
working directory = /viscam/projects/objectfolder_benchmark/benchmarks/Multi_Sensory_3D_Reconstruction/code/models/MDN
Start_idx:  890
mem:  1536
mem:  1920000
mem:  1872384
mem:  1916416
mem:  1892352
mem:  1903616
mem:  1907712
mem:  1916416
mem:  1898496
mem:  1932800
mem:  1921024
mem:  1915392
mem:  1891328
mem:  1915904
mem:  1933312
mem:  1915392
mem:  1907200
mem:  1945088
mem:  1936896
mem:  1908224
mem:  1938944
mem:  1928192
mem:  1943040
mem:  1927680
mem:  1932800
mem:  1937920
mem:  1955328
mem:  1933824
mem:  1912320
mem:  1952768
mem:  1957888
mem:  1955840
mem:  1964544
mem:  1946624
mem:  1961472
mem:  1943552
mem:  1967104
mem:  1956352
mem:  1960448
mem:  1981440
mem:  1967104
mem:  1980928
mem:  1924096
mem:  1955840
mem:  1979392
mem:  1957888
mem:  1989632
mem:  1938944
mem:  1969664
mem:  1955328
mem:  1982464
mem:  1976832
mem:  1950208
mem:  1973760
mem:  2001920
mem:  1993728
mem:  1974784
mem:  1989632
mem:  1975296
mem:  1998848
mem:  2000384
mem:  2001920
mem:  1981440
mem:  2012160
mem:  1977344
mem:  2001920
mem:  1993728
mem:  2008576
mem:  1987072
mem:  2011648
mem:  1968128
mem:  2017280
mem:  2019840
mem:  2004480
mem:  2019328
mem:  2036736
mem:  2009088
mem:  2014208
mem:  2012160
mem:  1994240
mem:  2011648
mem:  2007040
mem:  2018304
mem:  1984512
mem:  2038272
mem:  2007040
mem:  2020864
mem:  2025984
mem:  2027520
mem:  2052096
mem:  2014720
mem:  2048000
mem:  2010624
mem:  2025472
mem:  2033152
mem:  2009088
mem:  2059264
mem:  2064384
mem:  2062336
mem:  2061312
