SLURM_JOBID=5049596
SLURM_JOB_NODELIST=svl15
SLURM_NNODES=1
SLURMTMPDIR=
working directory = /viscam/projects/objectfolder_benchmark/benchmarks/Multi_Sensory_3D_Reconstruction/code/models/MDN
Start_idx:  158
mem:  1536
mem:  1865216
mem:  1892864
mem:  1877504
mem:  1872896
mem:  1906176
mem:  1899008
mem:  1883648
mem:  1898496
mem:  1890304
mem:  1911296
mem:  1893376
mem:  1901056
mem:  1919488
mem:  1910272
mem:  1909248
mem:  1903616
mem:  1883136
mem:  1910272
mem:  1915392
mem:  1926656
mem:  1947648
mem:  1913856
mem:  1911808
mem:  1909760
mem:  1914880
mem:  1928704
mem:  1930240
mem:  1900032
mem:  1944064
mem:  1935872
mem:  1939968
mem:  1925632
mem:  1952768
mem:  1951744
mem:  1910784
mem:  1941504
mem:  1978368
mem:  1966592
mem:  1961984
mem:  1921024
mem:  1962496
mem:  1947136
mem:  1961984
mem:  1953792
mem:  1958912
mem:  1963008
mem:  1941504
mem:  1956352
mem:  1944576
mem:  1966592
mem:  1974272
mem:  1979392
mem:  1951744
mem:  1971712
mem:  1967104
mem:  1978368
mem:  1977344
mem:  1987584
mem:  1986560
mem:  1955328
mem:  1995776
mem:  1968128
mem:  2002432
mem:  1984512
mem:  2001920
mem:  1991168
mem:  1998848
mem:  1996800
mem:  1986048
mem:  1970688
mem:  1995264
mem:  2006528
mem:  2014208
mem:  2006016
mem:  2027008
mem:  2012672
mem:  2008064
mem:  2012160
mem:  2010112
mem:  2015232
mem:  2010624
mem:  2021888
mem:  1978368
mem:  2031104
mem:  2042368
mem:  2028032
mem:  2032128
mem:  2044416
mem:  2015744
mem:  2028032
mem:  1999360
mem:  2027520
mem:  2035200
mem:  2040320
mem:  2051584
mem:  2037248
mem:  2038784
mem:  2050048
mem:  2041856
