SLURM_JOBID=5050386
SLURM_JOB_NODELIST=svl17
SLURM_NNODES=1
SLURMTMPDIR=
working directory = /viscam/projects/objectfolder_benchmark/benchmarks/Multi_Sensory_3D_Reconstruction/code/models/MDN
Start_idx:  977
mem:  1536
mem:  1888256
mem:  1879552
mem:  1910272
mem:  1921536
mem:  1887744
mem:  1895424
mem:  1860608
mem:  1908224
mem:  1915904
mem:  1884672
mem:  1928704
mem:  1924096
mem:  1876992
mem:  1900544
mem:  1915392
mem:  1881600
mem:  1899008
mem:  1939456
mem:  1928704
mem:  1952256
mem:  1953792
mem:  1900544
mem:  1908224
mem:  1946112
mem:  1950208
mem:  1922560
mem:  1924096
mem:  1942528
mem:  1911296
mem:  1957888
mem:  1956864
mem:  1951232
mem:  1969664
mem:  1918976
mem:  1972736
mem:  1941504
mem:  1949184
mem:  1909248
mem:  1958400
mem:  1934336
mem:  1945600
mem:  1940992
mem:  1968128
mem:  1973248
mem:  1957888
mem:  1966592
mem:  1990144
mem:  1989120
mem:  1987072
mem:  1953280
mem:  1957376
mem:  1997824
mem:  1957888
mem:  1942528
mem:  1951232
mem:  1991680
mem:  1966592
mem:  1994752
mem:  1940480
mem:  1972224
mem:  1979904
mem:  1977856
mem:  1992704
mem:  2000384
mem:  1976320
mem:  1993728
mem:  2001408
mem:  1983488
mem:  2004480
mem:  1980416
mem:  1995264
mem:  2006528
mem:  2020352
mem:  1970688
mem:  1956352
mem:  2028544
mem:  1971712
mem:  2015744
mem:  2010112
mem:  2015232
mem:  2036224
mem:  2041344
mem:  2049024
mem:  2031104
mem:  2049536
mem:  1998848
mem:  2006528
mem:  2037248
mem:  2032640
mem:  2059776
mem:  2032128
mem:  2023936
mem:  2044928
mem:  2024448
mem:  2067456
mem:  2023936
mem:  2051072
mem:  2062336
mem:  2054144
