SLURM_JOBID=5049153
SLURM_JOB_NODELIST=svl3
SLURM_NNODES=1
SLURMTMPDIR=
working directory = /viscam/projects/objectfolder_benchmark/benchmarks/Multi_Sensory_3D_Reconstruction/code/models/MDN
Start_idx:  36
mem:  1536
mem:  1884672
mem:  1902592
mem:  1906688
mem:  1904640
mem:  1890304
mem:  1911296
mem:  1912832
mem:  1910784
mem:  1893888
mem:  1904128
mem:  1880064
mem:  1914368
mem:  1906176
mem:  1921024
mem:  1925120
mem:  1924096
mem:  1931776
mem:  1904128
mem:  1918976
mem:  1932800
mem:  1930752
mem:  1923584
mem:  1917952
mem:  1925632
mem:  1911296
mem:  1916416
mem:  1898496
mem:  1948672
mem:  1940480
mem:  1944576
mem:  1947136
mem:  1928192
mem:  1950208
mem:  1925120
mem:  1952256
mem:  1954816
mem:  1952768
mem:  1950720
mem:  1946112
mem:  1959936
mem:  1965056
mem:  1944576
mem:  1971712
mem:  1944064
mem:  1949184
mem:  1972736
mem:  1942528
mem:  1973248
mem:  1957888
mem:  1972736
mem:  1964544
mem:  1981952
mem:  1983488
mem:  1961984
mem:  1984000
mem:  1972224
mem:  1989632
mem:  1987584
mem:  1990144
mem:  1965056
mem:  1973760
mem:  1961984
mem:  1947648
mem:  1988096
mem:  1966592
mem:  1990144
mem:  2001408
mem:  2000384
mem:  1998336
mem:  1990144
mem:  1995264
mem:  2002944
mem:  2000896
mem:  1993728
mem:  1985536
mem:  2005504
mem:  2008064
mem:  2018304
mem:  1991680
mem:  2002944
mem:  2020352
mem:  1986560
mem:  2027008
mem:  2009088
mem:  2026496
mem:  2011136
mem:  2025984
mem:  2031104
mem:  2009600
mem:  2024448
mem:  2032128
mem:  2043392
mem:  2029056
mem:  2042880
mem:  2048000
mem:  2030080
mem:  2029056
mem:  2049024
mem:  2054144
mem:  2026496
mem:  1985536
mem:  2075648
mem:  2038272
mem:  1990144
mem:  2011136
mem:  2002944
mem:  2023936
mem:  2071552
mem:  2007552
mem:  2016256
mem:  2023936
mem:  1996288
mem:  2095104
mem:  2032128
mem:  2056704
mem:  2070528
mem:  2013696
mem:  2099200
mem:  2055680
mem:  2044928
mem:  2033152
mem:  2034688
mem:  2036224
mem:  2043904
mem:  2101248
mem:  2063872
mem:  2058240
mem:  2066944
mem:  2039296
mem:  2092032
mem:  2064384
mem:  2046464
mem:  2077184
mem:  2010624
mem:  2076672
mem:  2079232
mem:  2048000
mem:  2068992
mem:  2080256
mem:  2075648
mem:  2044416
mem:  2032640
mem:  2108416
mem:  2064896
mem:  2144256
mem:  2055680
mem:  2069504
mem:  2100224
mem:  2085888
mem:  2100736
mem:  2112000
mem:  2100224
mem:  2150400
mem:  2093568
mem:  2081792
mem:  2089472
mem:  2088448
mem:  2113024
mem:  2163200
mem:  2167296
mem:  2166272
mem:  2096128
mem:  2101248
mem:  2105344
mem:  2126336
mem:  2121728
mem:  2146304
mem:  2089472
mem:  2181120
mem:  2110976
mem:  2112512
mem:  2094592
mem:  2126336
mem:  2114560
mem:  2109952
mem:  2111488
mem:  2128896
mem:  2191360
mem:  2128384
mem:  2129920
mem:  2186240
mem:  2178048
mem:  2163712
mem:  2126336
mem:  2205696
mem:  2207232
mem:  2121216
mem:  2181120
mem:  2172928
mem:  2164736
mem:  2146816
mem:  2164224
mem:  2211840
mem:  2161152
mem:  2182144
mem:  2154496
mem:  2149888
mem:  2131968
mem:  2159104
mem:  2158080
mem:  2185216
mem:  2177024
mem:  2194432
mem:  2180096
mem:  2158592
mem:  2224640
mem:  2198016
mem:  2227712
mem:  2220544
mem:  2195456
mem:  2200576
mem:  2208256
mem:  2235392
mem:  2218496
mem:  2196992
mem:  2208256
mem:  2190336
mem:  2184704
mem:  2183680
mem:  2216960
mem:  2206208
mem:  2259968
mem:  2238464
mem:  2216960
mem:  2228224
mem:  2268672
mem:  2209280
mem:  2223104
mem:  2224640
mem:  2213888
mem:  2227712
mem:  2258432
mem:  2279424
mem:  2222592
mem:  2256896
mem:  2196480
mem:  2227200
mem:  2277376
mem:  2220544
mem:  2237952
mem:  2229760
mem:  2264064
mem:  2220544
mem:  2263552
mem:  2252800
mem:  2299392
mem:  2265600
mem:  2241536
mem:  2255360
mem:  2302976
mem:  2275328
mem:  2257408
mem:  2304000
mem:  2269184
mem:  2260992
mem:  2311168
mem:  2244608
mem:  2255872
mem:  2316800
mem:  2262528
mem:  2277376
mem:  2262016
mem:  2247680
mem:  2305024
mem:  2286080
mem:  2330112
mem:  2296320
mem:  2333184
mem:  2289664
mem:  2316800
mem:  2318336
mem:  2280960
mem:  2298368
mem:  2287616
mem:  2311168
mem:  2332160
mem:  2323968
mem:  2293760
mem:  2320896
mem:  2318848
mem:  2340864
mem:  2352128
mem:  2353664
mem:  2341888
mem:  2333696
mem:  2296320
mem:  2317312
mem:  2324992
mem:  2352128
mem:  2363392
mem:  2317312
mem:  2311680
mem:  2330112
mem:  2321920
mem:  2302976
mem:  2350592
mem:  2338816
mem:  2324480
mem:  2319872
mem:  2298368
mem:  2352128
mem:  2343936
mem:  2332160
mem:  2308096
mem:  2351104
mem:  2323456
mem:  2383360
mem:  2371584
mem:  2347520
mem:  2349056
mem:  2366464
mem:  2339840
mem:  2386432
mem:  2378240
mem:  2385920
mem:  2371584
mem:  2376704
mem:  2368512
mem:  2376192
mem:  2368000
mem:  2398720
mem:  2377216
mem:  2369024
mem:  2344960
mem:  2368512
mem:  2363904
mem:  2407936
mem:  2366976
mem:  2414592
mem:  2408960
mem:  2365440
mem:  2392576
mem:  2403840
mem:  2385920
mem:  2391040
mem:  2392576
mem:  2409984
mem:  2382336
mem:  2364416
mem:  2401280
mem:  2413568
mem:  2407936
mem:  2422784
mem:  2418176
mem:  2370048
mem:  2433536
mem:  2444800
mem:  2434048
mem:  2408960
mem:  2414080
mem:  2398720
mem:  2413568
mem:  2438144
mem:  2439680
mem:  2435072
mem:  2456064
mem:  2430976
mem:  2451968
mem:  2453504
mem:  2435584
mem:  2440704
mem:  2438656
mem:  2395136
mem:  2464768
mem:  2456576
mem:  2419200
mem:  2403840
mem:  2441728
mem:  2445824
mem:  2473984
mem:  2462208
mem:  2460160
mem:  2442240
mem:  2443776
mem:  2468352
mem:  2479616
mem:  2445824
mem:  2488832
mem:  2441728
mem:  2479616
mem:  2461696
mem:  2449920
mem:  2468352
mem:  2485760
mem:  2454528
mem:  2494976
mem:  2496512
mem:  2488320
mem:  2499584
mem:  2465792
mem:  2506240
mem:  2475008
mem:  2509312
mem:  2501120
mem:  2460160
mem:  2500608
mem:  2480128
mem:  2503680
mem:  2508800
mem:  2516480
mem:  2466816
mem:  2500096
mem:  2514944
mem:  2467840
mem:  2494976
mem:  2509824
mem:  2495488
mem:  2493440
mem:  2494976
mem:  2515968
mem:  2517504
mem:  2512896
mem:  2501120
mem:  2522112
mem:  2490880
mem:  2538496
mem:  2491392
mem:  2524672
mem:  2522624
mem:  2534912
mem:  2516992
mem:  2521088
mem:  2538496
mem:  2521600
mem:  2532864
mem:  2523648
mem:  2525184
mem:  2501120
mem:  2525696
mem:  2552832
mem:  2541056
mem:  2569216
mem:  2544128
mem:  2533376
mem:  2482688
mem:  2565632
mem:  2514944
mem:  2522624
mem:  2550784
mem:  2519552
mem:  2544128
mem:  2526208
mem:  2572800
mem:  2571776
mem:  2550272
mem:  2561536
mem:  2563072
mem:  2593792
mem:  2550272
mem:  2548224
mem:  2578944
mem:  2544128
mem:  2558976
mem:  2541056
mem:  2604544
mem:  2596352
mem:  2565120
mem:  2570240
mem:  2603520
mem:  2573312
mem:  2557952
mem:  2615296
mem:  2577920
mem:  2573312
mem:  2567680
mem:  2598400
mem:  2615808
mem:  2569728
mem:  2567680
mem:  2581504
mem:  2590208
mem:  2591744
mem:  2593280
mem:  2577920
mem:  2631680
mem:  2617344
mem:  2601984
mem:  2636288
mem:  2621952
mem:  2619904
mem:  2605568
mem:  2603520
mem:  2621952
mem:  2639360
mem:  2640896
mem:  2613248
mem:  2630656
mem:  2573824
mem:  2637312
mem:  2583040
mem:  2653696
mem:  2609152
mem:  2627584
mem:  2625536
mem:  2636800
mem:  2622464
mem:  2639872
mem:  2641408
mem:  2629632
mem:  2640896
mem:  2658304
mem:  2692608
mem:  2691584
mem:  2693120
mem:  2697216
mem:  2669568
mem:  2700288
mem:  2701824
mem:  2668032
mem:  2704896
mem:  2706432
mem:  2705408
mem:  2674176
mem:  2679296
mem:  2710016
mem:  2701824
mem:  2713088
mem:  2688000
mem:  2699264
mem:  2698240
mem:  2719232
mem:  2697728
mem:  2721280
mem:  2710528
mem:  2705920
mem:  2717184
mem:  2728448
mem:  2716672
mem:  2718208
mem:  2712576
mem:  2723840
mem:  2732544
mem:  2726912
mem:  2712576
mem:  2733568
mem:  2731520
mem:  2717184
mem:  2744320
mem:  2739712
mem:  2705920
mem:  2733056
mem:  2747904
mem:  2739712
mem:  2727936
mem:  2748928
mem:  2731008
mem:  2732544
mem:  2741248
mem:  2761216
mem:  2756608
mem:  2752000
mem:  2743808
mem:  2770944
mem:  2756608
mem:  2771456
mem:  2775552
mem:  2757632
mem:  2759168
mem:  2777600
mem:  2771968
mem:  2769920
mem:  2775040
mem:  2744832
mem:  2781696
mem:  2777088
mem:  2761728
mem:  2763264
mem:  2784256
mem:  2779648
mem:  2758144
mem:  2782720
mem:  2784256
mem:  2768896
mem:  2764288
mem:  2804736
mem:  2806272
mem:  2788352
mem:  2789888
mem:  2778112
mem:  2806272
mem:  2798080
mem:  2776576
mem:  2817024
mem:  2792960
mem:  2820096
mem:  2788864
mem:  2809856
mem:  2792960
mem:  2810368
mem:  2808320
mem:  2819584
mem:  2801664
mem:  2828800
mem:  2810880
mem:  2825728
mem:  2827264
mem:  2815488
mem:  2824192
mem:  2825728
mem:  2807808
mem:  2844672
mem:  2846208
mem:  2847744
mem:  2845696
mem:  2850816
mem:  2848768
mem:  2853888
mem:  2855424
mem:  2850816
mem:  2858496
mem:  2857472
mem:  2861568
mem:  2860544
mem:  2858496
mem:  2866176
mem:  2867712
mem:  2863104
mem:  2868224
mem:  2868736
mem:  2873856
mem:  2869248
mem:  2874368
mem:  2878464
mem:  2880000
mem:  2878976
mem:  2883072
mem:  2878464
mem:  2883584
mem:  2887680
mem:  2889216
mem:  2890752
mem:  2892288
mem:  2884096
mem:  2895360
mem:  2896896
mem:  2895872
mem:  2899968
mem:  2897920
mem:  2893312
mem:  2900992
mem:  2890240
mem:  2907648
mem:  2909184
mem:  2910720
mem:  2909696
mem:  2910208
mem:  2915328
mem:  2904576
mem:  2912256
mem:  2913792
mem:  2921472
mem:  2916864
mem:  2924544
mem:  2906624
mem:  2917888
mem:  2919424
mem:  2927104
mem:  2926080
mem:  2931200
mem:  2929152
mem:  2936832
mem:  2932224
mem:  2937344
mem:  2941440
mem:  2942976
mem:  2944512
mem:  2936320
mem:  2947584
mem:  2949120
mem:  2950656
mem:  2952192
mem:  2953728
mem:  2955264
mem:  2956800
mem:  2958336
mem:  2950144
mem:  2961408
mem:  2956800
mem:  2964480
mem:  2966016
mem:  2964992
mem:  2966528
mem:  2967040
mem:  2972160
mem:  2973696
mem:  2969088
mem:  2976768
mem:  2978304
mem:  2967552
mem:  2978816
mem:  2979328
mem:  2981888
mem:  2979840
mem:  2981376
mem:  2973184
mem:  2990592
mem:  2985984
mem:  2993664
mem:  2985472
mem:  2996736
mem:  2937344
mem:  2967040
mem:  2956288
mem:  2960384
mem:  2965504
mem:  2976768
mem:  2978304
mem:  2977280
mem:  2975232
mem:  2990080
mem:  3010048
mem:  2966528
mem:  2981376
mem:  2992640
mem:  2990592
mem:  2992128
mem:  3009536
mem:  2952704
mem:  3003904
mem:  2959360
mem:  2993664
mem:  3001344
mem:  2993152
mem:  3010560
mem:  2990080
mem:  2984448
mem:  2987008
mem:  2942464
mem:  3002368
mem:  3026944
mem:  3002880
mem:  3023872
mem:  3012096
mem:  2997760
mem:  3021312
mem:  3009536
mem:  2991616
mem:  3016192
mem:  2998272
mem:  3048448
mem:  3026944
mem:  3016192
mem:  3008000
mem:  3021824
mem:  3049984
mem:  3018752
mem:  3030016
mem:  3044864
mem:  3023360
mem:  3044352
mem:  3036160
mem:  3012096
mem:  3033088
mem:  3069952
mem:  3055616
mem:  3041280
mem:  3051520
mem:  3066368
mem:  3052032
mem:  3065856
mem:  3012608
mem:  3053056
mem:  3035136
mem:  3069440
mem:  3047936
mem:  3062784
mem:  3051008
mem:  3046400
mem:  3079680
mem:  3055616
mem:  3064320
mem:  3084288
mem:  3050496
mem:  3065344
mem:  3060736
mem:  3080704
mem:  3091968
mem:  3077632
mem:  3108352
mem:  3086848
mem:  3091968
mem:  3052032
mem:  3085312
mem:  3090432
mem:  3082240
mem:  3106816
mem:  3097600
mem:  3096576
mem:  3026432
mem:  3089920
mem:  3101184
mem:  3069952
mem:  3087360
mem:  3115520
mem:  3109888
mem:  3060224
mem:  3090944
mem:  3118080
mem:  3103744
mem:  3111424
mem:  3151872
mem:  3118080
mem:  3106304
mem:  3104256
mem:  3132416
mem:  3140096
mem:  3125760
mem:  3121152
mem:  3125248
mem:  3142656
mem:  3079680
mem:  3126272
mem:  3102208
mem:  3162112
mem:  3118592
mem:  3143168
mem:  3127808
mem:  3125760
mem:  3121152
mem:  3145728
mem:  3166720
mem:  3158528
mem:  3130880
mem:  3142144
mem:  3137536
mem:  3145216
mem:  3137024
mem:  3138560
mem:  3172864
mem:  3145216
mem:  3149312
mem:  3173888
mem:  3136512
mem:  3160064
mem:  3184640
mem:  3150848
mem:  3191296
mem:  3144192
mem:  3194368
mem:  3202048
mem:  3170816
mem:  3160064
mem:  3167744
mem:  3165696
mem:  3190272
mem:  3189248
mem:  3190784
mem:  3192320
mem:  3196416
mem:  3168768
mem:  3189760
mem:  3204608
mem:  3231744
mem:  3197952
mem:  3192320
mem:  3197440
mem:  3212288
mem:  3190784
mem:  3180032
mem:  3174400
mem:  3179520
mem:  3187200
mem:  3224064
mem:  3180544
mem:  3244032
mem:  3232256
mem:  3194880
mem:  3206144
mem:  3213824
mem:  3241984
mem:  3204608
mem:  3202560
mem:  3256320
mem:  3212800
mem:  3226624
mem:  3228160
mem:  3223552
mem:  3231232
mem:  3207168
mem:  3218432
mem:  3252736
mem:  3256832
mem:  3219456
mem:  3273216
mem:  3232256
mem:  3259392
mem:  3235328
mem:  3266048
mem:  3232256
mem:  3233792
mem:  3264512
mem:  3246592
mem:  3287040
mem:  3269120
mem:  3237888
mem:  3281920
mem:  3283456
mem:  3249664
mem:  3267072
mem:  3258880
mem:  3295744
mem:  3245056
mem:  3269632
mem:  3303936
mem:  3276288
mem:  3281408
mem:  3295232
mem:  3290624
mem:  3311616
mem:  3283968
mem:  3295232
mem:  3244544
mem:  3294720
mem:  3319296
mem:  3320832
mem:  3293184
mem:  3300864
mem:  3318272
mem:  3317248
mem:  3331072
mem:  3323904
mem:  3331584
mem:  3319808
mem:  3334656
mem:  3342336
mem:  3301376
mem:  3319808
mem:  3288576
mem:  3280384
mem:  3330560
mem:  3310080
mem:  3291136
mem:  3342336
mem:  3323392
mem:  3318784
mem:  3316736
mem:  3321856
mem:  3307520
mem:  3354112
mem:  3310592
mem:  3360768
mem:  3300352
mem:  3354112
mem:  3320320
mem:  3311104
mem:  3345408
mem:  3369984
mem:  3352064
mem:  3347456
mem:  3293184
mem:  3372544
mem:  3331584
mem:  3363328
mem:  3351552
mem:  3372544
mem:  3374080
mem:  3369472
mem:  3371008
mem:  3339776
mem:  3351040
mem:  3397632
mem:  3383296
mem:  3361792
mem:  3382784
mem:  3355136
mem:  3379712
mem:  3387392
mem:  3337728
mem:  3390464
mem:  3398144
mem:  3361792
mem:  3353600
mem:  3402752
mem:  3388416
mem:  3409408
mem:  3375616
mem:  3400192
mem:  3398144
mem:  3382784
mem:  3401216
mem:  3369984
mem:  3384832
mem:  3388928
mem:  3403776
mem:  3369984
mem:  3436032
mem:  3402240
mem:  3426816
mem:  3411456
mem:  3387392
mem:  3424256
mem:  3386880
mem:  3417600
mem:  3389952
mem:  3407360
mem:  3422208
mem:  3449344
mem:  3419136
mem:  3430400
