SLURM_JOBID=5050149
SLURM_JOB_NODELIST=svl15
SLURM_NNODES=1
SLURMTMPDIR=
working directory = /viscam/projects/objectfolder_benchmark/benchmarks/Multi_Sensory_3D_Reconstruction/code/models/MDN
Start_idx:  756
mem:  1536
mem:  1923584
mem:  1914880
mem:  1900544
mem:  1925120
mem:  1913344
mem:  1911296
mem:  1926144
mem:  1917952
mem:  1929216
mem:  1934336
mem:  1922560
mem:  1933824
mem:  1941504
mem:  1913856
mem:  1944576
mem:  1914368
mem:  1937920
mem:  1943040
mem:  1938432
mem:  1942528
mem:  1944064
mem:  1945600
mem:  1956864
mem:  1954816
mem:  1956352
mem:  1928704
mem:  1949696
mem:  1958400
mem:  1963520
mem:  1955328
mem:  1943552
mem:  1960960
mem:  1966080
mem:  1960448
mem:  1930240
mem:  1967104
mem:  1962496
mem:  1964032
mem:  1969152
mem:  1969664
mem:  1980928
mem:  1956864
mem:  1955840
mem:  1973248
mem:  1965056
mem:  1970176
mem:  1960960
mem:  1975808
mem:  1977344
mem:  1998336
mem:  1990144
mem:  1995264
mem:  1987072
mem:  2000896
mem:  1980416
mem:  1997824
mem:  1993216
mem:  1994752
mem:  2009600
mem:  2000384
mem:  2011648
mem:  2007040
mem:  1998848
mem:  2000384
mem:  2021376
mem:  2016768
mem:  2014720
mem:  2016256
mem:  2008064
mem:  1984000
mem:  2017280
mem:  2022400
mem:  2008064
mem:  2015744
mem:  2034176
mem:  2028544
mem:  2039808
mem:  2035200
mem:  2036736
mem:  2032128
mem:  2039808
mem:  2021888
mem:  2042880
mem:  2034688
mem:  2049536
mem:  2041344
mem:  2035712
mem:  2053120
mem:  2048512
mem:  2056192
mem:  2057728
mem:  2056704
mem:  2064384
mem:  2036736
mem:  2054144
mem:  2065408
mem:  2048512
mem:  2033152
mem:  2073600
