SLURM_JOBID=5049728
SLURM_JOB_NODELIST=svl2
SLURM_NNODES=1
SLURMTMPDIR=
working directory = /viscam/projects/objectfolder_benchmark/benchmarks/Multi_Sensory_3D_Reconstruction/code/models/MDN
Start_idx:  271
mem:  1536
mem:  1891840
mem:  1918464
mem:  1877504
mem:  1925120
mem:  1909760
mem:  1914880
mem:  1903104
mem:  1914368
mem:  1909760
mem:  1921024
mem:  1909248
mem:  1914368
mem:  1908736
mem:  1930752
mem:  1915392
mem:  1936384
mem:  1944064
mem:  1910272
mem:  1892352
mem:  1913344
mem:  1931776
mem:  1955328
mem:  1915392
mem:  1925632
mem:  1950208
mem:  1942016
mem:  1931264
mem:  1951232
mem:  1936896
mem:  1961472
mem:  1924096
mem:  1941504
mem:  1946624
mem:  1905664
mem:  1952256
mem:  1951232
mem:  1949184
mem:  1977344
mem:  1926656
mem:  1959936
mem:  1981952
mem:  1964032
mem:  1977856
mem:  1986560
mem:  1958912
mem:  1976320
mem:  1993728
mem:  1950208
mem:  1971200
mem:  1959424
mem:  1984000
mem:  1966080
mem:  1973760
mem:  1969152
mem:  1963520
mem:  2007552
mem:  1973760
mem:  2004480
mem:  2002432
mem:  1997824
mem:  1964032
mem:  1987584
mem:  2018304
mem:  1996800
mem:  2017792
mem:  1993728
mem:  1985536
mem:  2023424
mem:  1985024
mem:  2013184
mem:  1985536
mem:  1987072
mem:  1992192
mem:  2022912
mem:  2034176
mem:  2024960
mem:  1985024
mem:  2037760
mem:  1994240
mem:  2015232
mem:  2000896
mem:  2006016
mem:  2042880
mem:  2024960
mem:  2052096
mem:  1992704
mem:  2055168
mem:  2046976
mem:  2055680
mem:  2047488
mem:  2038272
mem:  2056704
mem:  2044928
mem:  2040320
mem:  2048000
mem:  2053120
mem:  2067968
mem:  2039296
mem:  2028544
