SLURM_JOBID=5049878
SLURM_JOB_NODELIST=svl1
SLURM_NNODES=1
SLURMTMPDIR=
working directory = /viscam/projects/objectfolder_benchmark/benchmarks/Multi_Sensory_3D_Reconstruction/code/models/MDN
Start_idx:  457
mem:  1536
mem:  1878528
mem:  1918464
mem:  1903104
mem:  1902080
mem:  1900032
mem:  1917440
mem:  1896960
mem:  1924096
mem:  1896448
mem:  1895424
mem:  1906688
mem:  1914368
mem:  1931776
mem:  1939456
mem:  1911808
mem:  1924096
mem:  1937920
mem:  1910272
mem:  1944576
mem:  1893888
mem:  1924608
mem:  1955328
mem:  1953280
mem:  1919488
mem:  1946624
mem:  1951744
mem:  1963008
mem:  1941504
mem:  1956352
mem:  1948160
mem:  1953280
mem:  1964544
mem:  1969664
mem:  1964032
mem:  1959424
mem:  1964544
mem:  1952768
mem:  1960448
mem:  1946112
mem:  1934336
mem:  1972224
mem:  1940992
mem:  1981440
mem:  1963520
mem:  1977344
mem:  1960448
mem:  1991168
mem:  1995264
mem:  1990656
mem:  1994752
mem:  1967104
mem:  1972224
mem:  2002944
mem:  1998336
mem:  1986560
mem:  2003968
mem:  1966592
mem:  1994752
mem:  2002432
mem:  1988096
mem:  2015232
mem:  1991168
mem:  2006016
mem:  1994240
mem:  2005504
mem:  2022912
mem:  2012160
mem:  1996800
mem:  2008064
mem:  2003456
mem:  1995264
mem:  1999360
mem:  2023936
mem:  2009600
mem:  2034176
mem:  2032128
mem:  2010624
mem:  2015744
mem:  2020864
mem:  2040832
mem:  2004480
mem:  2047488
mem:  2046464
mem:  2040832
mem:  2042368
mem:  2043904
mem:  2055168
mem:  2031104
mem:  2058240
mem:  2053632
mem:  2019840
mem:  2062848
mem:  2064384
mem:  2059776
mem:  2067456
mem:  2045952
mem:  2019328
mem:  2072064
mem:  2051584
