SLURM_JOBID=5050010
SLURM_JOB_NODELIST=svl2
SLURM_NNODES=1
SLURMTMPDIR=
working directory = /viscam/projects/objectfolder_benchmark/benchmarks/Multi_Sensory_3D_Reconstruction/code/models/MDN
Start_idx:  589
mem:  1536
mem:  1861632
mem:  1850368
mem:  1926144
mem:  1885184
mem:  1890304
mem:  1905152
mem:  1890816
mem:  1869312
mem:  1893888
mem:  1914880
mem:  1906688
mem:  1930240
mem:  1906176
mem:  1911296
mem:  1918976
mem:  1930240
mem:  1896448
mem:  1929728
mem:  1917952
mem:  1878016
mem:  1895424
mem:  1916416
mem:  1869312
mem:  1929216
mem:  1911296
mem:  1932288
mem:  1892352
mem:  1932800
mem:  1917440
mem:  1954304
mem:  1937408
mem:  1941504
mem:  1943040
mem:  1889792
mem:  1914368
mem:  1925632
mem:  1974784
mem:  1973760
mem:  1959424
mem:  1957376
mem:  1965056
mem:  1950720
mem:  1945088
mem:  1944064
mem:  1955328
mem:  1953280
mem:  1991168
mem:  1946624
mem:  1977344
mem:  1949696
mem:  1954816
mem:  1972224
mem:  1950720
mem:  1975296
mem:  1970688
mem:  1972224
mem:  1970176
mem:  1971712
mem:  1973248
mem:  1974784
mem:  1986048
mem:  1975296
mem:  1989120
mem:  1987072
mem:  1976320
mem:  1974272
mem:  1989120
mem:  1980928
mem:  2014208
mem:  1960960
mem:  1988096
mem:  1993216
mem:  2008064
mem:  1990144
mem:  1994240
mem:  2006528
mem:  1965568
mem:  2025472
mem:  2010112
mem:  1966592
mem:  2020352
mem:  2041344
mem:  1990656
mem:  1999360
mem:  2026496
mem:  2014720
mem:  1990656
mem:  2017792
mem:  2026496
mem:  1969664
mem:  2032128
mem:  2021376
mem:  2032640
mem:  2040320
mem:  2032128
mem:  2039808
mem:  2025472
mem:  2023424
mem:  2048000
