SLURM_JOBID=5049779
SLURM_JOB_NODELIST=svl2
SLURM_NNODES=1
SLURMTMPDIR=
working directory = /viscam/projects/objectfolder_benchmark/benchmarks/Multi_Sensory_3D_Reconstruction/code/models/MDN
Start_idx:  347
mem:  1536
mem:  1897984
mem:  1905152
mem:  1877504
mem:  1895936
mem:  1886720
mem:  1905152
mem:  1825280
mem:  1891328
mem:  1906176
mem:  1911296
mem:  1893376
mem:  1914368
mem:  1892864
mem:  1913856
mem:  1905664
mem:  1897472
mem:  1895424
mem:  1935872
mem:  1925120
mem:  1874432
mem:  1905152
mem:  1920000
mem:  1927680
mem:  1938944
mem:  1917440
mem:  1918976
mem:  1920512
mem:  1938944
mem:  1950208
mem:  1945600
mem:  1936384
mem:  1925632
mem:  1946624
mem:  1960448
mem:  1932800
mem:  1954816
mem:  1958912
mem:  1927680
mem:  1952256
mem:  1922048
mem:  1945600
mem:  1956864
mem:  1945088
mem:  1936896
mem:  1935872
mem:  1972736
mem:  1935360
mem:  1975808
mem:  1984512
mem:  1965568
mem:  1977856
mem:  1966080
mem:  1951744
mem:  1982464
mem:  1976832
mem:  1972224
mem:  1966592
mem:  1971712
mem:  1989120
mem:  1978368
mem:  2001920
mem:  1997312
mem:  1979392
mem:  1987072
mem:  1979904
mem:  1970688
mem:  1966080
mem:  1980928
mem:  1959424
mem:  1984000
mem:  2001408
mem:  1996800
mem:  1988608
mem:  2003456
mem:  2036736
mem:  1983488
mem:  2008064
mem:  1999872
mem:  2033152
mem:  1989632
mem:  1984000
mem:  2002432
mem:  2007552
mem:  2017792
mem:  2045952
mem:  2004992
mem:  1987072
mem:  1992192
mem:  2022912
mem:  1998848
mem:  2048000
mem:  2017792
mem:  2032640
mem:  2027008
mem:  2024960
mem:  2030080
mem:  2025472
mem:  2029568
mem:  2024960
