SLURM_JOBID=5049911
SLURM_JOB_NODELIST=svl9
SLURM_NNODES=1
SLURMTMPDIR=
working directory = /viscam/projects/objectfolder_benchmark/benchmarks/Multi_Sensory_3D_Reconstruction/code/models/MDN
Start_idx:  482
mem:  1536
mem:  1874944
mem:  1885696
mem:  1867776
mem:  1869312
mem:  1897472
mem:  1895424
mem:  1906688
mem:  1862144
mem:  1896448
mem:  1901568
mem:  1887232
mem:  1920512
mem:  1889280
mem:  1904128
mem:  1918976
mem:  1920512
mem:  1905152
mem:  1936896
mem:  1918976
mem:  1909760
mem:  1934336
mem:  1926144
mem:  1902080
mem:  1897472
mem:  1934336
mem:  1945600
mem:  1937408
mem:  1935360
mem:  1914880
mem:  1965056
mem:  1943552
mem:  1918464
mem:  1923584
mem:  1940992
mem:  1914368
mem:  1974272
mem:  1965056
mem:  1908224
mem:  1913344
mem:  1940480
mem:  1978368
mem:  1966592
mem:  1946112
mem:  1957376
mem:  1939456
mem:  1956864
mem:  1935360
mem:  1995264
mem:  1961472
mem:  1963008
mem:  1941504
mem:  1966080
mem:  1973760
mem:  1949696
mem:  1963520
mem:  1978368
mem:  1986048
mem:  1977856
mem:  1989120
mem:  1971200
mem:  1979904
mem:  1977856
mem:  1985536
mem:  1978368
mem:  1988608
mem:  1931776
mem:  1981952
mem:  1971200
mem:  1975296
mem:  2022912
mem:  1991680
mem:  2000384
mem:  1998336
mem:  2009600
mem:  1991680
mem:  2009088
mem:  2008064
mem:  2012160
mem:  1971200
mem:  1999360
mem:  2020352
mem:  1995264
mem:  2029568
mem:  2024960
mem:  2029056
mem:  2002432
mem:  2025984
mem:  2021376
mem:  2038784
mem:  2053632
mem:  2032128
mem:  2053120
mem:  2035200
mem:  2062336
mem:  2024960
mem:  2039808
mem:  2028032
mem:  2046464
mem:  2044416
