SLURM_JOBID=5050133
SLURM_JOB_NODELIST=svl2
SLURM_NNODES=1
SLURMTMPDIR=
working directory = /viscam/projects/objectfolder_benchmark/benchmarks/Multi_Sensory_3D_Reconstruction/code/models/MDN
Start_idx:  744
mem:  1536
mem:  1851904
mem:  1889280
mem:  1920000
mem:  1904640
mem:  1897472
mem:  1875968
mem:  1896960
mem:  1888768
mem:  1886720
mem:  1927168
mem:  1883648
mem:  1927680
mem:  1919488
mem:  1921024
mem:  1934848
mem:  1939968
mem:  1912320
mem:  1897984
mem:  1898496
mem:  1907200
mem:  1914880
mem:  1912832
mem:  1931264
mem:  1923072
mem:  1930752
mem:  1951744
mem:  1921536
mem:  1938944
mem:  1913856
mem:  1951744
mem:  1920512
mem:  1918464
mem:  1946624
mem:  1912832
mem:  1959424
mem:  1931776
mem:  1929728
mem:  1940992
mem:  1949696
mem:  1970688
mem:  1910272
mem:  1956864
mem:  1958400
mem:  1946624
mem:  1965056
mem:  1969152
mem:  1971712
mem:  1959936
mem:  1977344
mem:  1953280
mem:  1937920
mem:  1991680
mem:  1996800
mem:  1971712
mem:  1970688
mem:  1956352
mem:  1956864
mem:  1955840
mem:  1973248
mem:  1997824
mem:  1972736
mem:  1985024
mem:  1956352
mem:  1988096
mem:  2005504
mem:  1993728
mem:  1998848
mem:  1987072
mem:  2011648
mem:  1990144
mem:  1989120
mem:  2000384
mem:  1982464
mem:  2006016
mem:  2020864
mem:  1995776
mem:  1977856
mem:  1996288
mem:  1994240
mem:  2001920
mem:  2010624
mem:  2012160
mem:  2019840
mem:  2011648
mem:  2016768
mem:  2028032
mem:  2003968
mem:  2024960
mem:  2022912
mem:  2050048
mem:  2025984
mem:  2033664
mem:  2029056
mem:  2034176
mem:  2048000
mem:  2033664
mem:  2041344
mem:  2056192
mem:  2038272
