SLURM_JOBID=5050014
SLURM_JOB_NODELIST=svl2
SLURM_NNODES=1
SLURMTMPDIR=
working directory = /viscam/projects/objectfolder_benchmark/benchmarks/Multi_Sensory_3D_Reconstruction/code/models/MDN
Start_idx:  593
mem:  1536
mem:  1874944
mem:  1885696
mem:  1904128
mem:  1898496
mem:  1907200
mem:  1908736
mem:  1883648
mem:  1849856
mem:  1909760
mem:  1921024
mem:  1896960
mem:  1917952
mem:  1892864
mem:  1927168
mem:  1915392
mem:  1874432
mem:  1844224
mem:  1913856
mem:  1934848
mem:  1920512
mem:  1872384
mem:  1926144
mem:  1937408
mem:  1851392
mem:  1940480
mem:  1939456
mem:  1914368
mem:  1942528
mem:  1923584
mem:  1942016
mem:  1878016
mem:  1922048
mem:  1921024
mem:  1944576
mem:  1913344
mem:  1918464
mem:  1929728
mem:  1892352
mem:  1893888
mem:  1928192
mem:  1923584
mem:  1902080
mem:  1954816
mem:  1936896
mem:  1926144
mem:  1943552
mem:  1952256
mem:  1969664
mem:  1932288
mem:  1966592
mem:  1960960
mem:  1952768
mem:  1973760
mem:  1949696
mem:  1990144
mem:  1913856
mem:  2005504
mem:  1975296
mem:  2012160
mem:  1951744
mem:  1989632
mem:  1968128
mem:  1917440
mem:  1990656
mem:  1979904
mem:  2007040
mem:  1936896
mem:  1961472
mem:  2011648
mem:  2013184
mem:  1923584
mem:  1964032
mem:  2020352
mem:  2035200
mem:  2036736
mem:  2018816
mem:  1987584
mem:  2006016
mem:  1971200
mem:  2011648
mem:  1977856
mem:  2025472
mem:  2025984
mem:  1982464
mem:  2013184
mem:  2024448
mem:  1965056
mem:  2023936
mem:  2006016
mem:  2043904
mem:  2039296
mem:  2000896
mem:  2025472
mem:  2020864
mem:  2038272
mem:  1968128
mem:  1992704
mem:  2042880
mem:  2038272
