SLURM_JOBID=5050268
SLURM_JOB_NODELIST=svl9
SLURM_NNODES=1
SLURMTMPDIR=
working directory = /viscam/projects/objectfolder_benchmark/benchmarks/Multi_Sensory_3D_Reconstruction/code/models/MDN
Start_idx:  880
mem:  1536
mem:  1900544
mem:  1899008
mem:  1923584
mem:  1927680
mem:  1919488
mem:  1918464
mem:  1922560
mem:  1904640
mem:  1929216
mem:  1907712
mem:  1909248
mem:  1924096
mem:  1929216
mem:  1939456
mem:  1915392
mem:  1930240
mem:  1941504
mem:  1943040
mem:  1934848
mem:  1938944
mem:  1924608
mem:  1949184
mem:  1940992
mem:  1942528
mem:  1950208
mem:  1951744
mem:  1963008
mem:  1961984
mem:  1940480
mem:  1961472
mem:  1969152
mem:  1941504
mem:  1943040
mem:  1964032
mem:  1975296
mem:  1967104
mem:  1946624
mem:  1957888
mem:  1948672
mem:  1950208
mem:  1980928
mem:  1954304
mem:  1987584
mem:  1986560
mem:  1984512
mem:  1960448
mem:  1977856
mem:  1981952
mem:  1987072
mem:  1988608
mem:  1993728
mem:  1989120
mem:  1990656
mem:  2004480
mem:  1990144
mem:  1994240
mem:  1999360
mem:  2000896
mem:  2006016
mem:  2001408
mem:  1993216
mem:  2013184
mem:  1998848
mem:  1994240
mem:  2018816
mem:  2019328
mem:  1989120
mem:  2022400
mem:  2021376
mem:  1996288
mem:  2004992
mem:  2019840
mem:  2021376
mem:  2012160
mem:  2036736
mem:  2025984
mem:  2039808
mem:  2018304
mem:  2040320
mem:  2021376
mem:  2032640
mem:  2034176
mem:  2049024
mem:  2050560
mem:  2049536
mem:  2043904
mem:  2045440
mem:  2040832
mem:  2042368
mem:  2053632
mem:  2051584
mem:  2050560
mem:  2052096
mem:  2050048
mem:  2061312
mem:  2053120
mem:  2048512
mem:  2065920
mem:  2050560
