SLURM_JOBID=5050067
SLURM_JOB_NODELIST=svl9
SLURM_NNODES=1
SLURMTMPDIR=
working directory = /viscam/projects/objectfolder_benchmark/benchmarks/Multi_Sensory_3D_Reconstruction/code/models/MDN
Start_idx:  662
mem:  1536
mem:  1878528
mem:  1863680
mem:  1861632
mem:  1872896
mem:  1868288
mem:  1891840
mem:  1899520
mem:  1879040
mem:  1870848
mem:  1882112
mem:  1896960
mem:  1908224
mem:  1902592
mem:  1884672
mem:  1918976
mem:  1910784
mem:  1889280
mem:  1913856
mem:  1899520
mem:  1891328
mem:  1899008
mem:  1916416
mem:  1908224
mem:  1887744
mem:  1924608
mem:  1916416
mem:  1902080
mem:  1906176
mem:  1927168
mem:  1932288
mem:  1910784
mem:  1908736
mem:  1929728
mem:  1932288
mem:  1910784
mem:  1908736
mem:  1939456
mem:  1928704
mem:  1942528
mem:  1937920
mem:  1935872
mem:  1937408
mem:  1938944
mem:  1944064
mem:  1939456
mem:  1943552
mem:  1951232
mem:  1950208
mem:  1932288
mem:  1949696
mem:  1960960
mem:  1936896
mem:  1928704
mem:  1946112
mem:  1976832
mem:  1962496
mem:  1957888
mem:  1949696
mem:  1967104
mem:  1968640
mem:  1983488
mem:  1958400
mem:  1950208
mem:  1948160
mem:  1986048
mem:  1945088
mem:  1979392
mem:  1965056
mem:  1936384
mem:  1980416
mem:  1975808
mem:  1977344
mem:  1988608
mem:  1990144
mem:  1988096
mem:  2009088
mem:  1981440
mem:  1992704
mem:  1972224
mem:  1970176
mem:  1974272
mem:  1995264
mem:  2007552
mem:  1989632
mem:  2009600
mem:  2004992
mem:  2010112
mem:  2008064
mem:  1990144
mem:  2008576
mem:  2002944
mem:  2021376
mem:  2025472
mem:  2020864
mem:  2016256
mem:  2030080
mem:  2031616
mem:  2007552
mem:  2002944
