SLURM_JOBID=5050056
SLURM_JOB_NODELIST=svl9
SLURM_NNODES=1
SLURMTMPDIR=
working directory = /viscam/projects/objectfolder_benchmark/benchmarks/Multi_Sensory_3D_Reconstruction/code/models/MDN
Start_idx:  653
mem:  1536
mem:  1865216
mem:  1885696
mem:  1883648
mem:  1888768
mem:  1864704
mem:  1891840
mem:  1893376
mem:  1894912
mem:  1906176
mem:  1901568
mem:  1887232
mem:  1910784
mem:  1906176
mem:  1917440
mem:  1905664
mem:  1881600
mem:  1908736
mem:  1894400
mem:  1915392
mem:  1913344
mem:  1891840
mem:  1926144
mem:  1911808
mem:  1897472
mem:  1901568
mem:  1912832
mem:  1920512
mem:  1890304
mem:  1959936
mem:  1938432
mem:  1939968
mem:  1935360
mem:  1920000
mem:  1942016
mem:  1936384
mem:  1947648
mem:  1946624
mem:  1948160
mem:  1913344
mem:  1937920
mem:  1951744
mem:  1931264
mem:  1971712
mem:  1944064
mem:  1990656
mem:  1963008
mem:  1987584
mem:  1963520
mem:  1932288
mem:  1947136
mem:  1947648
mem:  1966080
mem:  1967616
mem:  1975296
mem:  1963520
mem:  1956352
mem:  1940992
mem:  2010624
mem:  1973248
mem:  1949184
mem:  1979904
mem:  1968128
mem:  1973248
mem:  1977344
mem:  1978880
mem:  1990144
mem:  1956352
mem:  1987072
mem:  1998336
mem:  2003456
mem:  1956352
mem:  2012672
mem:  1994752
mem:  1960960
mem:  2001408
mem:  2015232
mem:  2039808
mem:  1992704
mem:  2003968
mem:  2040832
mem:  2010624
mem:  2037760
mem:  2019840
mem:  2005504
mem:  2003456
mem:  2043904
mem:  2032128
mem:  2033664
mem:  2052096
mem:  2034176
mem:  2032128
mem:  2023936
mem:  2025472
mem:  2030592
mem:  2041856
mem:  2037248
mem:  2041344
mem:  2030592
mem:  2032128
