SLURM_JOBID=5050240
SLURM_JOB_NODELIST=svl9
SLURM_NNODES=1
SLURMTMPDIR=
working directory = /viscam/projects/objectfolder_benchmark/benchmarks/Multi_Sensory_3D_Reconstruction/code/models/MDN
Start_idx:  855
mem:  1536
mem:  1852928
mem:  1866240
mem:  1881088
mem:  1869312
mem:  1878016
mem:  1889280
mem:  1883648
mem:  1879040
mem:  1876992
mem:  1885696
mem:  1858048
mem:  1885184
mem:  1906176
mem:  1881088
mem:  1938432
mem:  1901056
mem:  1908736
mem:  1887232
mem:  1911808
mem:  1913344
mem:  1905152
mem:  1881088
mem:  1947136
mem:  1925632
mem:  1889280
mem:  1906688
mem:  1920512
mem:  1958400
mem:  1911296
mem:  1951744
mem:  1926656
mem:  1931776
mem:  1900544
mem:  1909248
mem:  1916928
mem:  1896448
mem:  1896960
mem:  1905664
mem:  1923072
mem:  1979392
mem:  1926144
mem:  1921536
mem:  1938944
mem:  1944064
mem:  1945600
mem:  1917952
mem:  1958400
mem:  1940480
mem:  1955328
mem:  1955840
mem:  1993728
mem:  1959936
mem:  1993216
mem:  1965568
mem:  1967104
mem:  1958912
mem:  1931264
mem:  1926656
mem:  1941504
mem:  1974784
mem:  1950720
mem:  1968128
mem:  1979392
mem:  1996800
mem:  1963008
mem:  1997312
mem:  1962496
mem:  1961472
mem:  1972736
mem:  1984000
mem:  1969664
mem:  1987072
mem:  1991168
mem:  1992704
mem:  1975808
mem:  1983488
mem:  1952256
mem:  1957376
mem:  1984512
mem:  1983488
mem:  2010624
mem:  2004992
mem:  1977344
mem:  2015232
mem:  2010624
mem:  2043904
mem:  2006528
mem:  2040832
mem:  2019328
mem:  2007552
mem:  2051584
mem:  2027520
mem:  1999872
mem:  2001408
mem:  2002944
mem:  2004480
mem:  2058240
mem:  2039296
mem:  2011648
