SLURM_JOBID=5049579
SLURM_JOB_NODELIST=svl2
SLURM_NNODES=1
SLURMTMPDIR=
working directory = /viscam/projects/objectfolder_benchmark/benchmarks/Multi_Sensory_3D_Reconstruction/code/models/MDN
Start_idx:  99
mem:  1536
mem:  1872384
mem:  1866240
mem:  1906688
mem:  1840128
mem:  1884160
mem:  1891840
mem:  1867776
mem:  1846272
mem:  1896448
mem:  1897984
mem:  1899520
mem:  1910784
mem:  1935360
mem:  1881088
mem:  1942016
mem:  1910784
mem:  1876992
mem:  1923584
mem:  1937408
mem:  1916928
mem:  1912320
mem:  1955328
mem:  1937408
mem:  1880576
mem:  1959936
mem:  1935872
mem:  1940992
mem:  1919488
mem:  1923584
mem:  1951744
mem:  1959424
mem:  1954816
mem:  1878528
mem:  1931264
mem:  1975296
mem:  1967104
mem:  1955328
mem:  1917952
mem:  1981440
mem:  1908736
mem:  1935872
mem:  1960448
mem:  1938944
mem:  1973248
mem:  1957888
mem:  1947136
mem:  1948672
mem:  1884672
mem:  1996800
mem:  1953280
mem:  1918464
mem:  1952768
mem:  1928704
mem:  1936384
mem:  1970688
mem:  2007552
mem:  1947136
mem:  1991168
mem:  1953792
mem:  1942016
mem:  1979904
mem:  1954816
mem:  1897984
mem:  2003968
mem:  1988608
mem:  2010624
mem:  1962496
mem:  2000384
mem:  2001920
mem:  1974272
mem:  1952768
mem:  2019840
mem:  1994752
mem:  2035200
mem:  1956352
mem:  2005504
mem:  2010624
mem:  1998848
mem:  2039296
mem:  2001920
mem:  1991168
mem:  1973248
mem:  2013696
mem:  1972736
mem:  2007040
mem:  2040320
mem:  1951744
mem:  2008064
mem:  2025472
mem:  1988096
mem:  1993216
mem:  2021376
mem:  2064384
mem:  2017280
mem:  2016256
mem:  2023936
mem:  2002432
mem:  2072064
mem:  2005504
