SLURM_JOBID=5049572
SLURM_JOB_NODELIST=svl7
SLURM_NNODES=1
SLURMTMPDIR=
working directory = /viscam/projects/objectfolder_benchmark/benchmarks/Multi_Sensory_3D_Reconstruction/code/models/MDN
Start_idx:  94
mem:  1536
mem:  1865216
mem:  1899008
mem:  1920000
mem:  1914368
mem:  1861120
mem:  1899008
mem:  1880064
mem:  1842688
mem:  1932800
mem:  1913856
mem:  1857024
mem:  1939968
mem:  1912320
mem:  1939456
mem:  1895936
mem:  1891328
mem:  1869824
mem:  1881088
mem:  1905664
mem:  1916928
mem:  1905152
mem:  1904128
mem:  1898496
mem:  1926656
mem:  1907712
mem:  1903104
mem:  1940992
mem:  1919488
mem:  1966080
mem:  1905664
mem:  1939968
mem:  1957376
mem:  1923584
mem:  1934848
mem:  1933824
mem:  1951232
mem:  1978368
mem:  1950720
mem:  1916928
mem:  1973248
mem:  1949184
mem:  1973760
mem:  1938944
mem:  1975808
mem:  1961472
mem:  1976320
mem:  1974272
mem:  1930752
mem:  1957888
mem:  1966592
mem:  1967104
mem:  1978368
mem:  1925120
mem:  1933824
mem:  2003456
mem:  1943040
mem:  1995776
mem:  2008064
mem:  1992704
mem:  1991680
mem:  1976320
mem:  2007040
mem:  2012160
mem:  1977344
mem:  1956864
mem:  1961984
mem:  1998848
mem:  1974784
mem:  1988608
mem:  2019328
mem:  1991680
mem:  1967616
mem:  2014208
mem:  2035200
mem:  1994240
mem:  1983488
mem:  2010624
mem:  2025472
mem:  1980928
mem:  1989632
mem:  2023936
mem:  1963520
mem:  2046464
mem:  2034688
mem:  2045952
mem:  2008576
mem:  2025984
mem:  2027520
mem:  2042368
mem:  2057216
mem:  2035712
mem:  1988608
mem:  2048512
mem:  1995264
mem:  1983488
mem:  2000896
mem:  2064384
mem:  2001408
mem:  2061312
