SLURM_JOBID=5049900
SLURM_JOB_NODELIST=svl2
SLURM_NNODES=1
SLURMTMPDIR=
working directory = /viscam/projects/objectfolder_benchmark/benchmarks/Multi_Sensory_3D_Reconstruction/code/models/MDN
Start_idx:  472
mem:  1536
mem:  1845760
mem:  1882112
mem:  1890816
mem:  1856000
mem:  1880576
mem:  1905152
mem:  1883648
mem:  1863168
mem:  1929216
mem:  1868800
mem:  1883648
mem:  1901056
mem:  1902592
mem:  1901568
mem:  1876480
mem:  1884160
mem:  1922048
mem:  1906688
mem:  1931264
mem:  1936384
mem:  1889280
mem:  1932288
mem:  1895936
mem:  1923072
mem:  1957376
mem:  1916416
mem:  1910784
mem:  1935360
mem:  1868800
mem:  1903104
mem:  1887744
mem:  1945088
mem:  1936896
mem:  1903104
mem:  1904640
mem:  1906176
mem:  1917440
mem:  1979904
mem:  1919488
mem:  1957376
mem:  1978368
mem:  1895936
mem:  1952256
mem:  1937920
mem:  1987072
mem:  1953280
mem:  1958400
mem:  1946624
mem:  1934848
mem:  1943552
mem:  1977856
mem:  1981952
mem:  1934848
mem:  1936384
mem:  1954816
mem:  1945600
mem:  1987072
mem:  2007040
mem:  1947648
mem:  1961472
mem:  1979904
mem:  1968128
mem:  1989120
mem:  1949184
mem:  1950720
mem:  2013184
mem:  1991680
mem:  1932288
mem:  1933824
mem:  1977856
mem:  1962496
mem:  1971200
mem:  2023936
mem:  1970688
mem:  1972224
mem:  1986048
mem:  1978880
mem:  2021888
mem:  1978368
mem:  2012672
mem:  2013184
mem:  1982976
mem:  2006528
mem:  2009088
mem:  1964544
mem:  1982976
mem:  2003968
mem:  2001920
mem:  2055680
mem:  2007552
mem:  2018816
mem:  1975296
mem:  2044928
mem:  2056192
mem:  2024960
mem:  2033664
mem:  2044928
mem:  2003968
mem:  2028544
