SLURM_JOBID=5050393
SLURM_JOB_NODELIST=svl2
SLURM_NNODES=1
SLURMTMPDIR=
working directory = /viscam/projects/objectfolder_benchmark/benchmarks/Multi_Sensory_3D_Reconstruction/code/models/MDN
Start_idx:  982
mem:  1536
mem:  1888256
mem:  1918464
mem:  1887232
mem:  1875456
mem:  1913344
mem:  1895424
mem:  1928704
mem:  1902080
mem:  1909760
mem:  1875968
mem:  1915392
mem:  1901056
mem:  1915904
mem:  1943040
mem:  1915392
mem:  1897472
mem:  1935360
mem:  1929728
mem:  1911808
mem:  1932800
mem:  1930752
mem:  1939456
mem:  1943552
mem:  1932800
mem:  1930752
mem:  1932288
mem:  1904640
mem:  1938944
mem:  1940480
mem:  1945600
mem:  1959424
mem:  1945088
mem:  1966080
mem:  1925120
mem:  1959424
mem:  1960960
mem:  1933312
mem:  1956864
mem:  1932800
mem:  1963520
mem:  1945600
mem:  1966592
mem:  1968128
mem:  1947648
mem:  1939456
mem:  1956864
mem:  1993728
mem:  1963520
mem:  1961472
mem:  1982464
mem:  1977856
mem:  1995264
mem:  1948160
mem:  1969152
mem:  1990144
mem:  1968640
mem:  1987072
mem:  1961984
mem:  1953792
mem:  1994240
mem:  1989632
mem:  1991168
mem:  1992704
mem:  2010112
mem:  1963008
mem:  1971712
mem:  1995264
mem:  2006528
mem:  2027520
mem:  2025472
mem:  2004992
mem:  2025984
mem:  2021376
mem:  2012160
mem:  2001408
mem:  2032128
mem:  2037248
mem:  2002432
mem:  2030592
mem:  2015232
mem:  2004480
mem:  2031616
mem:  2027008
mem:  2011648
mem:  2039808
mem:  2030592
mem:  2016256
mem:  2031104
mem:  2035200
mem:  1989120
mem:  2041856
mem:  2030080
mem:  2061824
mem:  2036736
mem:  2012672
mem:  2049536
mem:  2035200
mem:  2036736
mem:  2060288
