SLURM_JOBID=5050403
SLURM_JOB_NODELIST=svl3
SLURM_NNODES=1
SLURMTMPDIR=
working directory = /viscam/projects/objectfolder_benchmark/benchmarks/Multi_Sensory_3D_Reconstruction/code/models/MDN
Start_idx:  990
mem:  1536
mem:  1913856
mem:  1908736
mem:  1903104
mem:  1905664
mem:  1929216
mem:  1930752
mem:  1926144
mem:  1927680
mem:  1929216
mem:  1933312
mem:  1916416
mem:  1904640
mem:  1925632
mem:  1933312
mem:  1925120
mem:  1904640
mem:  1924608
mem:  1943040
mem:  1944576
mem:  1930240
mem:  1937920
mem:  1943040
mem:  1931264
mem:  1932800
mem:  1930752
mem:  1951744
mem:  1947136
mem:  1938944
mem:  1950208
mem:  1957888
mem:  1939968
mem:  1941504
mem:  1958912
mem:  1950720
mem:  1953280
mem:  1924608
mem:  1958912
mem:  1973760
mem:  1949696
mem:  1979392
mem:  1984512
mem:  1973760
mem:  1985024
mem:  1982976
mem:  1971200
mem:  1979904
mem:  1964544
mem:  1969664
mem:  1980928
mem:  1982464
mem:  1999872
mem:  1995264
mem:  1973760
mem:  2004480
mem:  1993728
mem:  2007552
mem:  1996800
mem:  2000896
mem:  1996288
mem:  1990656
mem:  2005504
mem:  1997312
mem:  1995264
mem:  2006528
mem:  1966592
mem:  1990144
mem:  2012160
mem:  1984512
mem:  2017792
mem:  1987584
mem:  2018304
mem:  2029568
mem:  2023936
mem:  2022912
mem:  2017280
mem:  2032128
mem:  2030080
mem:  2028032
mem:  2029568
mem:  2028544
mem:  2039808
mem:  2028032
mem:  2023424
mem:  2034688
mem:  2036224
mem:  2037760
mem:  2035712
mem:  2040832
mem:  2044928
mem:  2050048
mem:  2061312
mem:  2037248
mem:  2054656
mem:  2065920
mem:  2061312
mem:  2049536
mem:  2047488
mem:  2046464
mem:  2054144
