SLURM_JOBID=5049562
SLURM_JOB_NODELIST=svl1
SLURM_NNODES=1
SLURMTMPDIR=
working directory = /viscam/projects/objectfolder_benchmark/benchmarks/Multi_Sensory_3D_Reconstruction/code/models/MDN
Start_idx:  87
mem:  1536
mem:  1911296
mem:  1895424
mem:  1920000
mem:  1859584
mem:  1926656
mem:  1905152
mem:  1928704
mem:  1933824
mem:  1922048
mem:  1936896
mem:  1893376
mem:  1916928
mem:  1937920
mem:  1872384
mem:  1918976
mem:  1932800
mem:  1899008
mem:  1913856
mem:  1927680
mem:  1864704
mem:  1918464
mem:  1922560
mem:  1898496
mem:  1929216
mem:  1924608
mem:  1899520
mem:  1943552
mem:  1941504
mem:  1907712
mem:  1944576
mem:  1939968
mem:  1951232
mem:  1933312
mem:  1918976
mem:  1904640
mem:  1947648
mem:  1929728
mem:  1950720
mem:  1919488
mem:  1957376
mem:  1984512
mem:  1953280
mem:  1948672
mem:  1982976
mem:  1935872
mem:  1966592
mem:  1968128
mem:  1969664
mem:  1990656
mem:  1963008
mem:  1967104
mem:  1959936
mem:  1983488
mem:  1963008
mem:  1980416
mem:  1978368
mem:  1979904
mem:  2004480
mem:  1986560
mem:  1974784
mem:  2002944
mem:  1987584
mem:  1969664
mem:  1968640
mem:  2021376
mem:  1993728
mem:  2008576
mem:  1967616
mem:  1992192
mem:  1990144
mem:  1979392
mem:  1983488
mem:  2014208
mem:  2015744
mem:  2014720
mem:  2002944
mem:  2016768
mem:  2015744
mem:  2003968
mem:  2015232
mem:  2010624
mem:  2024448
mem:  2036736
mem:  2027520
mem:  2026496
mem:  1989120
mem:  2013696
mem:  2050560
mem:  2016768
mem:  1995264
mem:  2029568
mem:  2008064
mem:  2058240
mem:  2027008
mem:  2041856
mem:  2043392
mem:  2044928
mem:  2046464
mem:  2024960
