SLURM_JOBID=5049851
SLURM_JOB_NODELIST=svl15
SLURM_NNODES=1
SLURMTMPDIR=
working directory = /viscam/projects/objectfolder_benchmark/benchmarks/Multi_Sensory_3D_Reconstruction/code/models/MDN
Start_idx:  400
mem:  1536
mem:  1910272
mem:  1891840
mem:  1894400
mem:  1908224
mem:  1903616
mem:  1905152
mem:  1912832
mem:  1908224
mem:  1886720
mem:  1901568
mem:  1918976
mem:  1910784
mem:  1915904
mem:  1894400
mem:  1934848
mem:  1926656
mem:  1912320
mem:  1929728
mem:  1898496
mem:  1946112
mem:  1918464
mem:  1916416
mem:  1902080
mem:  1923072
mem:  1917440
mem:  1928704
mem:  1963008
mem:  1929216
mem:  1921024
mem:  1954304
mem:  1955840
mem:  1941504
mem:  1950208
mem:  1944576
mem:  1946112
mem:  1944064
mem:  1933312
mem:  1960448
mem:  1946112
mem:  1944064
mem:  1961472
mem:  1940992
mem:  1964544
mem:  1975808
mem:  1965056
mem:  1989632
mem:  1952256
mem:  1975808
mem:  1967616
mem:  1966592
mem:  1960960
mem:  1988096
mem:  1987072
mem:  1963008
mem:  1967104
mem:  1997824
mem:  1976320
mem:  1981440
mem:  1963520
mem:  1990656
mem:  1979904
mem:  1987584
mem:  1969664
mem:  2003968
mem:  1986048
mem:  1993728
mem:  1979392
mem:  2016256
mem:  2001920
mem:  1967104
mem:  2004992
mem:  1973760
mem:  2027520
mem:  1970688
mem:  2003968
mem:  2012672
mem:  2020352
mem:  1998848
mem:  1988096
mem:  2024960
mem:  2013184
mem:  1979392
mem:  2003968
mem:  2048000
mem:  2032640
mem:  2040320
mem:  2029568
mem:  2040832
mem:  2052096
mem:  2030592
mem:  2041856
mem:  2004480
mem:  2041344
mem:  2043904
mem:  2028544
mem:  2068992
mem:  2037760
mem:  2036736
mem:  2044416
