SLURM_JOBID=5049712
SLURM_JOB_NODELIST=svl5
SLURM_NNODES=1
SLURMTMPDIR=
working directory = /viscam/projects/objectfolder_benchmark/benchmarks/Multi_Sensory_3D_Reconstruction/code/models/MDN
Start_idx:  259
mem:  1536
mem:  1917440
mem:  1892864
mem:  1896960
mem:  1927680
mem:  1900032
mem:  1901568
mem:  1900544
mem:  1892352
mem:  1913344
mem:  1911296
mem:  1912832
mem:  1904640
mem:  1912320
mem:  1920000
mem:  1932288
mem:  1930240
mem:  1912320
mem:  1920000
mem:  1937408
mem:  1900032
mem:  1922048
mem:  1939456
mem:  1917952
mem:  1919488
mem:  1921024
mem:  1932288
mem:  1930240
mem:  1935360
mem:  1934336
mem:  1944576
mem:  1947136
mem:  1931776
mem:  1952768
mem:  1970176
mem:  1946112
mem:  1947648
mem:  1956352
mem:  1954304
mem:  1955840
mem:  1934336
mem:  1951744
mem:  1937408
mem:  1981440
mem:  1953792
mem:  1984512
mem:  1949696
mem:  1990144
mem:  1989120
mem:  1951744
mem:  1976320
mem:  1970688
mem:  1975808
mem:  1964032
mem:  1965568
mem:  1980416
mem:  1988096
mem:  1993216
mem:  2010624
mem:  1989120
mem:  1974784
mem:  1976320
mem:  1971712
mem:  1982976
mem:  1994240
mem:  1986048
mem:  1984000
mem:  2004992
mem:  1996800
mem:  1992192
mem:  1999872
mem:  2011136
mem:  2010112
mem:  1985024
mem:  1986560
mem:  1994240
mem:  2022400
mem:  2010624
mem:  2002432
mem:  2023424
mem:  2005504
mem:  2004480
mem:  2021888
mem:  2042880
mem:  2044416
mem:  2038784
mem:  2053632
mem:  2039296
mem:  2046976
mem:  2038784
mem:  2043904
mem:  2025984
mem:  2008064
mem:  2025472
mem:  2059776
mem:  2041856
mem:  2030080
mem:  2025472
mem:  2050048
mem:  2054144
