SLURM_JOBID=5050236
SLURM_JOB_NODELIST=svl2
SLURM_NNODES=1
SLURMTMPDIR=
working directory = /viscam/projects/objectfolder_benchmark/benchmarks/Multi_Sensory_3D_Reconstruction/code/models/MDN
Start_idx:  851
mem:  1536
mem:  1874944
mem:  1895424
mem:  1904128
mem:  1888768
mem:  1874432
mem:  1891840
mem:  1870336
mem:  1888768
mem:  1886720
mem:  1907712
mem:  1899520
mem:  1871872
mem:  1831936
mem:  1920000
mem:  1899520
mem:  1887744
mem:  1885696
mem:  1943040
mem:  1921536
mem:  1913344
mem:  1905152
mem:  1926144
mem:  1894912
mem:  1893888
mem:  1911296
mem:  1922560
mem:  1924096
mem:  1923072
mem:  1905152
mem:  1945600
mem:  1949696
mem:  1937920
mem:  1940480
mem:  1964032
mem:  1930240
mem:  1951232
mem:  1955328
mem:  1954304
mem:  1949696
mem:  1973248
mem:  1912832
mem:  1943552
mem:  1946112
mem:  1936896
mem:  1920000
mem:  1930240
mem:  1922048
mem:  1936896
mem:  1938432
mem:  1933824
mem:  1925632
mem:  1975808
mem:  1961472
mem:  1952256
mem:  1964544
mem:  1981952
mem:  1996800
mem:  1988608
mem:  1931776
mem:  1997824
mem:  1979904
mem:  1948672
mem:  1963520
mem:  1961472
mem:  1986048
mem:  1987584
mem:  1979392
mem:  2010112
mem:  1988608
mem:  1990144
mem:  1991680
mem:  1957888
mem:  1988608
mem:  1980416
mem:  2013696
mem:  1970176
mem:  1985024
mem:  2035200
mem:  2013696
mem:  2028544
mem:  2016768
mem:  2002432
mem:  2000384
mem:  1992192
mem:  2029056
mem:  2011136
mem:  2032128
mem:  1976320
mem:  2026496
mem:  1962496
mem:  2025984
mem:  2010624
mem:  2060800
mem:  2007552
mem:  2018816
mem:  2030080
mem:  2012160
mem:  2033152
mem:  2031104
