SLURM_JOBID=5049916
SLURM_JOB_NODELIST=svl5
SLURM_NNODES=1
SLURMTMPDIR=
working directory = /viscam/projects/objectfolder_benchmark/benchmarks/Multi_Sensory_3D_Reconstruction/code/models/MDN
Start_idx:  487
mem:  1536
mem:  1900544
mem:  1912320
mem:  1916416
mem:  1914368
mem:  1900032
mem:  1901568
mem:  1922560
mem:  1908224
mem:  1900032
mem:  1882112
mem:  1922560
mem:  1924096
mem:  1935360
mem:  1933312
mem:  1925120
mem:  1943552
mem:  1922048
mem:  1949184
mem:  1921536
mem:  1913344
mem:  1934336
mem:  1932288
mem:  1914368
mem:  1929216
mem:  1946624
mem:  1957888
mem:  1947136
mem:  1935360
mem:  1930752
mem:  1926144
mem:  1966592
mem:  1960960
mem:  1946624
mem:  1957888
mem:  1961984
mem:  1964544
mem:  1962496
mem:  1960448
mem:  1955840
mem:  1944064
mem:  1945600
mem:  1940992
mem:  1954816
mem:  1969664
mem:  1974784
mem:  1976320
mem:  1974272
mem:  1956352
mem:  1971200
mem:  1953280
mem:  1976832
mem:  1972224
mem:  1983488
mem:  1988608
mem:  1984000
mem:  1988096
mem:  1986048
mem:  1994752
mem:  1970688
mem:  2013696
mem:  1972736
mem:  2016768
mem:  2004992
mem:  1988096
mem:  2017792
mem:  1997312
mem:  2004992
mem:  2006528
mem:  2015232
mem:  2016768
mem:  2024448
mem:  1987072
mem:  2010624
mem:  2015744
mem:  2020864
mem:  2012672
mem:  2010624
mem:  2025472
mem:  2007552
mem:  2032128
mem:  2013184
mem:  2002432
mem:  1990656
mem:  2040832
mem:  2038784
mem:  2040320
mem:  2045440
mem:  2037248
mem:  2044928
mem:  2020864
mem:  2035712
mem:  2049536
mem:  2035200
mem:  2050048
mem:  2032128
mem:  2023936
mem:  2021888
mem:  2036736
mem:  2040832
