SLURM_JOBID=5049825
SLURM_JOB_NODELIST=svl9
SLURM_NNODES=1
SLURMTMPDIR=
working directory = /viscam/projects/objectfolder_benchmark/benchmarks/Multi_Sensory_3D_Reconstruction/code/models/MDN
Start_idx:  378
mem:  1536
mem:  1913856
mem:  1921024
mem:  1893376
mem:  1927680
mem:  1900032
mem:  1837056
mem:  1893376
mem:  1824256
mem:  1867264
mem:  1924608
mem:  1880064
mem:  1888768
mem:  1892864
mem:  1929728
mem:  1883648
mem:  1943552
mem:  1922048
mem:  1945600
mem:  1915392
mem:  1884160
mem:  1911296
mem:  1929728
mem:  1937408
mem:  1942528
mem:  1908736
mem:  1909248
mem:  1933824
mem:  1960960
mem:  1959936
mem:  1932288
mem:  1933824
mem:  1889280
mem:  1959936
mem:  1964032
mem:  1969152
mem:  1906176
mem:  1968640
mem:  1948160
mem:  1942528
mem:  1941504
mem:  1943040
mem:  1983488
mem:  1929216
mem:  1936896
mem:  1951744
mem:  1976320
mem:  1942528
mem:  1956352
mem:  1987072
mem:  1986048
mem:  1993728
mem:  1946624
mem:  1996800
mem:  1961984
mem:  1967104
mem:  1956352
mem:  1999360
mem:  2008064
mem:  1992704
mem:  1962496
mem:  1947136
mem:  1997312
mem:  1967104
mem:  1980928
mem:  2015232
mem:  1993728
mem:  2011136
mem:  1980928
mem:  1972736
mem:  1986560
mem:  1978368
mem:  1987072
mem:  1992192
mem:  1990144
mem:  2017280
mem:  1983488
mem:  1994752
mem:  2031616
mem:  2011136
mem:  2031104
mem:  1987584
mem:  2012160
mem:  2039296
mem:  2038272
mem:  1997312
mem:  2053632
mem:  2055168
mem:  2056704
mem:  2009600
mem:  2027008
mem:  2035712
mem:  2046976
mem:  1990144
mem:  2040320
mem:  2034688
mem:  2033664
mem:  2037760
mem:  2003968
mem:  2040832
