SLURM_JOBID=5049532
SLURM_JOB_NODELIST=svl2
SLURM_NNODES=1
SLURMTMPDIR=
working directory = /viscam/projects/objectfolder_benchmark/benchmarks/Multi_Sensory_3D_Reconstruction/code/models/MDN
Start_idx:  70
mem:  1536
mem:  1897984
mem:  1879552
mem:  1923584
mem:  1892352
mem:  1893888
mem:  1905152
mem:  1909248
mem:  1927680
mem:  1890304
mem:  1891840
mem:  1918976
mem:  1901056
mem:  1902592
mem:  1911296
mem:  1911808
mem:  1910784
mem:  1902592
mem:  1907712
mem:  1905664
mem:  1913344
mem:  1950208
mem:  1949184
mem:  1927680
mem:  1932800
mem:  1947648
mem:  1922560
mem:  1933824
mem:  1929216
mem:  1934336
mem:  1948160
mem:  1963008
mem:  1922048
mem:  1943040
mem:  1973760
mem:  1942528
mem:  1928192
mem:  1972224
mem:  1937408
mem:  1948672
mem:  1944064
mem:  1955328
mem:  1947136
mem:  1942528
mem:  1921024
mem:  1974784
mem:  1979904
mem:  1968128
mem:  1969664
mem:  1967616
mem:  1920512
mem:  1980416
mem:  1962496
mem:  1973760
mem:  2000896
mem:  1967104
mem:  1978368
mem:  1931264
mem:  2004480
mem:  2012160
mem:  2003968
mem:  2005504
mem:  1958400
mem:  1992704
mem:  2017280
mem:  2021376
mem:  1958400
mem:  2014720
mem:  2016256
mem:  2027520
mem:  2003456
mem:  1988096
mem:  2029568
mem:  1988608
mem:  1999872
mem:  2007552
mem:  2032128
mem:  2008064
mem:  2025472
mem:  2011136
mem:  1999360
mem:  1994752
mem:  2006016
mem:  2029568
mem:  2046976
mem:  2007040
mem:  2028032
mem:  2032128
mem:  2044416
mem:  2019328
mem:  2047488
mem:  2022400
mem:  2027520
mem:  2035200
mem:  1997824
mem:  2041856
mem:  2068992
mem:  2060800
mem:  2030592
mem:  2018816
