SLURM_JOBID=5049679
SLURM_JOB_NODELIST=svl1
SLURM_NNODES=1
SLURMTMPDIR=
working directory = /viscam/projects/objectfolder_benchmark/benchmarks/Multi_Sensory_3D_Reconstruction/code/models/MDN
Start_idx:  195
mem:  1536
mem:  1900544
mem:  1892864
mem:  1894400
mem:  1898496
mem:  1900032
mem:  1866240
mem:  1909248
mem:  1901056
mem:  1890304
mem:  1901568
mem:  1912832
mem:  1898496
mem:  1900032
mem:  1904128
mem:  1942016
mem:  1913344
mem:  1918464
mem:  1900544
mem:  1921536
mem:  1946112
mem:  1924608
mem:  1926144
mem:  1921536
mem:  1936384
mem:  1930752
mem:  1942016
mem:  1921536
mem:  1925632
mem:  1930752
mem:  1928704
mem:  1969152
mem:  1954816
mem:  1943040
mem:  1940992
mem:  1933824
mem:  1944064
mem:  1935872
mem:  1940992
mem:  1946112
mem:  1950208
mem:  1952768
mem:  1944576
mem:  1954816
mem:  1950208
mem:  1957888
mem:  1931264
mem:  1987584
mem:  1969664
mem:  1961472
mem:  1998336
mem:  1958400
mem:  1956352
mem:  1954304
mem:  1971712
mem:  1970688
mem:  1981952
mem:  1979904
mem:  1981440
mem:  1976832
mem:  1994240
mem:  1986048
mem:  1938944
mem:  1986560
mem:  1984512
mem:  1979904
mem:  1993728
mem:  1956352
mem:  2019840
mem:  2001920
mem:  1974272
mem:  2004992
mem:  1967616
mem:  2033664
mem:  1990144
mem:  1994240
mem:  2015232
mem:  1981440
mem:  1992704
mem:  1988096
mem:  2015232
mem:  2022912
mem:  2008576
mem:  2046464
mem:  2024960
mem:  1997312
mem:  2012160
mem:  2025984
mem:  2027520
mem:  2013184
mem:  2036736
mem:  2032128
mem:  2027520
mem:  2015744
mem:  2030592
mem:  2057728
mem:  2030080
mem:  2035200
mem:  2040320
mem:  2015232
