SLURM_JOBID=5050210
SLURM_JOB_NODELIST=svl12
SLURM_NNODES=1
SLURMTMPDIR=
working directory = /viscam/projects/objectfolder_benchmark/benchmarks/Multi_Sensory_3D_Reconstruction/code/models/MDN
Start_idx:  790
mem:  1536
mem:  1920000
mem:  1902592
mem:  1923584
mem:  1914368
mem:  1903616
mem:  1921024
mem:  1893376
mem:  1933824
mem:  1919488
mem:  1923584
mem:  1909248
mem:  1908224
mem:  1938944
mem:  1921024
mem:  1925120
mem:  1943552
mem:  1931776
mem:  1939456
mem:  1940992
mem:  1942528
mem:  1937920
mem:  1912832
mem:  1954304
mem:  1926656
mem:  1921024
mem:  1961472
mem:  1963008
mem:  1935360
mem:  1930752
mem:  1957888
mem:  1939968
mem:  1970688
mem:  1943040
mem:  1973760
mem:  1963008
mem:  1970688
mem:  1978368
mem:  1960448
mem:  1965568
mem:  1944064
mem:  1971200
mem:  1976320
mem:  1961984
mem:  1979392
mem:  1971200
mem:  1976320
mem:  1974272
mem:  1981952
mem:  1990656
mem:  1986048
mem:  1964544
mem:  1975808
mem:  1954304
mem:  1978880
mem:  1980416
mem:  1994240
mem:  2006528
mem:  1987584
mem:  1976832
mem:  1978368
mem:  1983488
mem:  1991168
mem:  2018304
mem:  2013696
mem:  2011648
mem:  2022912
mem:  2008576
mem:  2016256
mem:  1998336
mem:  1996288
mem:  2014720
mem:  2012672
mem:  2023936
mem:  1990144
mem:  2013696
mem:  2028544
mem:  2010624
mem:  2028032
mem:  2029568
mem:  2028544
mem:  2033664
mem:  2043904
mem:  2039296
mem:  2024960
mem:  2036224
mem:  2037760
mem:  2032128
mem:  2037248
mem:  2036224
mem:  2059776
mem:  2049024
mem:  2053120
mem:  2029056
mem:  2056192
mem:  2057728
mem:  2049536
mem:  2029056
mem:  2046464
mem:  2073600
