SLURM_JOBID=5049959
SLURM_JOB_NODELIST=svl2
SLURM_NNODES=1
SLURMTMPDIR=
working directory = /viscam/projects/objectfolder_benchmark/benchmarks/Multi_Sensory_3D_Reconstruction/code/models/MDN
Start_idx:  547
mem:  1536
mem:  1884672
mem:  1899008
mem:  1920000
mem:  1902080
mem:  1909760
mem:  1907712
mem:  1910272
mem:  1908224
mem:  1913344
mem:  1921024
mem:  1912832
mem:  1939968
mem:  1941504
mem:  1917440
mem:  1928704
mem:  1939968
mem:  1914880
mem:  1910272
mem:  1950720
mem:  1936384
mem:  1934336
mem:  1939456
mem:  1934848
mem:  1919488
mem:  1940480
mem:  1929728
mem:  1956864
mem:  1958400
mem:  1934336
mem:  1954304
mem:  1955840
mem:  1951232
mem:  1936896
mem:  1948160
mem:  1943552
mem:  1928192
mem:  1956352
mem:  1954304
mem:  1926656
mem:  1976832
mem:  1962496
mem:  1947136
mem:  1971712
mem:  1979392
mem:  1980928
mem:  1972736
mem:  1971712
mem:  1985536
mem:  1996800
mem:  1982464
mem:  1996288
mem:  1985536
mem:  1977344
mem:  1961984
mem:  2006016
mem:  1984512
mem:  2009088
mem:  1997312
mem:  2002432
mem:  2007552
mem:  1995776
mem:  1991168
mem:  2004992
mem:  2000384
mem:  1963008
mem:  2022912
mem:  1998848
mem:  1996800
mem:  1992192
mem:  2013184
mem:  2024448
mem:  2018816
mem:  2021376
mem:  2022912
mem:  2024448
mem:  2022400
mem:  2030080
mem:  2028032
mem:  2033152
mem:  2021376
mem:  2000896
mem:  2028032
mem:  2016256
mem:  2037248
mem:  1993728
mem:  2030592
mem:  2042880
mem:  2031104
mem:  2055680
mem:  2053632
mem:  2057728
mem:  2056704
mem:  2038784
mem:  2046464
mem:  2057728
mem:  2053120
mem:  2060800
mem:  2056192
mem:  2067456
