SLURM_JOBID=5049967
SLURM_JOB_NODELIST=svl7
SLURM_NNODES=1
SLURMTMPDIR=
working directory = /viscam/projects/objectfolder_benchmark/benchmarks/Multi_Sensory_3D_Reconstruction/code/models/MDN
Start_idx:  553
mem:  1536
mem:  1882112
mem:  1905152
mem:  1877504
mem:  1888768
mem:  1878016
mem:  1899008
mem:  1900544
mem:  1927680
mem:  1900032
mem:  1862656
mem:  1887232
mem:  1910784
mem:  1906176
mem:  1882112
mem:  1893376
mem:  1913344
mem:  1937920
mem:  1945600
mem:  1917952
mem:  1913344
mem:  1931776
mem:  1939456
mem:  1954304
mem:  1954816
mem:  1959936
mem:  1942016
mem:  1914368
mem:  1951232
mem:  1946624
mem:  1954304
mem:  1930240
mem:  1968128
mem:  1952768
mem:  1970176
mem:  1965568
mem:  1931776
mem:  1975808
mem:  1931264
mem:  1955840
mem:  1979392
mem:  1980928
mem:  1954304
mem:  1958400
mem:  1930752
mem:  1955328
mem:  1947136
mem:  1954816
mem:  1975808
mem:  1967616
mem:  1998336
mem:  1977856
mem:  1968640
mem:  1934848
mem:  2001920
mem:  1980416
mem:  1974784
mem:  1977344
mem:  1978880
mem:  1979392
mem:  1968640
mem:  2012672
mem:  1971712
mem:  2018304
mem:  2013696
mem:  1966592
mem:  1997312
mem:  2008576
mem:  2006528
mem:  2021376
mem:  1976832
mem:  1988096
mem:  1989632
mem:  1988608
mem:  1996288
mem:  1997824
mem:  2002944
mem:  2023936
mem:  2008576
mem:  2010112
mem:  2031104
mem:  1991168
mem:  2037760
mem:  2049024
mem:  2008064
mem:  1993728
mem:  2020864
mem:  2045440
mem:  2034688
mem:  2058240
mem:  2059776
mem:  2019840
mem:  2046976
mem:  2003456
mem:  2017280
mem:  2018816
mem:  2036224
mem:  2037760
mem:  2052608
mem:  2024960
