SLURM_JOBID=5049683
SLURM_JOB_NODELIST=svl17
SLURM_NNODES=1
SLURMTMPDIR=
working directory = /viscam/projects/objectfolder_benchmark/benchmarks/Multi_Sensory_3D_Reconstruction/code/models/MDN
Start_idx:  198
mem:  1536
mem:  1871360
mem:  1899008
mem:  1890816
mem:  1898496
mem:  1897472
mem:  1921024
mem:  1893376
mem:  1904640
mem:  1909760
mem:  1914880
mem:  1893376
mem:  1901056
mem:  1912320
mem:  1911296
mem:  1918976
mem:  1932800
mem:  1918464
mem:  1943040
mem:  1915392
mem:  1913344
mem:  1937920
mem:  1939456
mem:  1940992
mem:  1936384
mem:  1937920
mem:  1942016
mem:  1914368
mem:  1954816
mem:  1953792
mem:  1944576
mem:  1930240
mem:  1958400
mem:  1946624
mem:  1934848
mem:  1949696
mem:  1976832
mem:  1956352
mem:  1957888
mem:  1946112
mem:  1973248
mem:  1958912
mem:  1970176
mem:  1968128
mem:  1969664
mem:  1955328
mem:  1966592
mem:  1984000
mem:  1975808
mem:  1954304
mem:  1953280
mem:  1984000
mem:  1972224
mem:  1977344
mem:  1978880
mem:  1980416
mem:  1975808
mem:  1979904
mem:  1978880
mem:  1996288
mem:  1981952
mem:  2015232
mem:  1964544
mem:  1998848
mem:  1997824
mem:  1972736
mem:  2013184
mem:  2004992
mem:  2012672
mem:  1992192
mem:  2006016
mem:  1991680
mem:  2012672
mem:  2023936
mem:  2013184
mem:  1975808
mem:  2018816
mem:  1991168
mem:  2025472
mem:  2020864
mem:  2005504
mem:  2030080
mem:  2021888
mem:  2013696
mem:  2009088
mem:  2032640
mem:  2037760
mem:  2042880
mem:  2023936
mem:  2022912
mem:  1991680
mem:  2022400
mem:  2033664
mem:  2013184
mem:  2017280
mem:  2054144
mem:  2039808
mem:  2029056
mem:  2042880
mem:  2038272
