SLURM_JOBID=5049710
SLURM_JOB_NODELIST=svl3
SLURM_NNODES=1
SLURMTMPDIR=
working directory = /viscam/projects/objectfolder_benchmark/benchmarks/Multi_Sensory_3D_Reconstruction/code/models/MDN
Start_idx:  258
mem:  1536
mem:  1884672
mem:  1879552
mem:  1893376
mem:  1894912
mem:  1893888
mem:  1882112
mem:  1903104
mem:  1869312
mem:  1886720
mem:  1914880
mem:  1876480
mem:  1916928
mem:  1919488
mem:  1923584
mem:  1899520
mem:  1871872
mem:  1928192
mem:  1917440
mem:  1940992
mem:  1919488
mem:  1899008
mem:  1926144
mem:  1933824
mem:  1936384
mem:  1937920
mem:  1928704
mem:  1960448
mem:  1912320
mem:  1943040
mem:  1944576
mem:  1955840
mem:  1941504
mem:  1936896
mem:  1951744
mem:  1930240
mem:  1937920
mem:  1968640
mem:  1964032
mem:  1971712
mem:  1951232
mem:  1952768
mem:  1947136
mem:  1965568
mem:  1973248
mem:  1977344
mem:  1969152
mem:  1980416
mem:  1985536
mem:  1955328
mem:  1995776
mem:  1980416
mem:  1985536
mem:  1983488
mem:  1971712
mem:  1970688
mem:  1988096
mem:  2002944
mem:  1961984
mem:  1979392
mem:  1974784
mem:  1976320
mem:  1987584
mem:  1979392
mem:  2013696
mem:  1986048
mem:  1981440
mem:  1975808
mem:  2019840
mem:  2008064
mem:  2003456
mem:  1966080
mem:  1980928
mem:  1994752
mem:  1960960
mem:  2014720
mem:  1979904
mem:  2014208
mem:  2021888
mem:  2019840
mem:  2009088
mem:  2010624
mem:  2018304
mem:  2039296
mem:  2031104
mem:  2036224
mem:  2024448
mem:  1980928
mem:  2021376
mem:  2025472
mem:  2018304
mem:  2019840
mem:  2049536
mem:  1990144
mem:  2027008
mem:  2061312
mem:  2033664
mem:  2019328
mem:  2027008
mem:  2054144
