SLURM_JOBID=5049983
SLURM_JOB_NODELIST=svl10
SLURM_NNODES=1
SLURMTMPDIR=
working directory = /viscam/projects/objectfolder_benchmark/benchmarks/Multi_Sensory_3D_Reconstruction/code/models/MDN
Start_idx:  566
mem:  1536
mem:  1884672
mem:  1889280
mem:  1873920
mem:  1885184
mem:  1868288
mem:  1882112
mem:  1896960
mem:  1879040
mem:  1883136
mem:  1894400
mem:  1877504
mem:  1888768
mem:  1899008
mem:  1897984
mem:  1899520
mem:  1904640
mem:  1912320
mem:  1871360
mem:  1921536
mem:  1851392
mem:  1918464
mem:  1910272
mem:  1898496
mem:  1909760
mem:  1917440
mem:  1893376
mem:  1904640
mem:  1913344
mem:  1897984
mem:  1967616
mem:  1933824
mem:  1909760
mem:  1927168
mem:  1925120
mem:  1910784
mem:  1931776
mem:  1923584
mem:  1931264
mem:  1946112
mem:  1934336
mem:  1929728
mem:  1927680
mem:  1935360
mem:  1930752
mem:  1942016
mem:  1939968
mem:  1942528
mem:  1934336
mem:  1928704
mem:  1949696
mem:  1948672
mem:  1940480
mem:  1921536
mem:  1955840
mem:  1941504
mem:  1949184
mem:  1956864
mem:  1959424
mem:  1951232
mem:  1955328
mem:  1970176
mem:  1948672
mem:  1967104
mem:  1974784
mem:  1947136
mem:  1970688
mem:  1959936
mem:  1967616
mem:  1930240
mem:  1977856
mem:  1988096
mem:  1973760
mem:  1969152
mem:  1964544
mem:  1965056
mem:  1989632
mem:  1981440
mem:  1982976
mem:  2011136
mem:  1995776
mem:  1981440
mem:  2002432
mem:  1994240
mem:  1995776
mem:  1993728
mem:  2008576
mem:  1983488
mem:  1992192
mem:  1993728
mem:  2017280
mem:  2025984
mem:  2023936
mem:  2015744
mem:  2017280
mem:  2022400
mem:  2020352
mem:  2029056
mem:  2017280
mem:  2038272
