SLURM_JOBID=5049894
SLURM_JOB_NODELIST=svl17
SLURM_NNODES=1
SLURMTMPDIR=
working directory = /viscam/projects/objectfolder_benchmark/benchmarks/Multi_Sensory_3D_Reconstruction/code/models/MDN
Start_idx:  466
mem:  1536
mem:  1913856
mem:  1922048
mem:  1922560
mem:  1911808
mem:  1926656
mem:  1921024
mem:  1932288
mem:  1924096
mem:  1935360
mem:  1930752
mem:  1912832
mem:  1939968
mem:  1931776
mem:  1936896
mem:  1934848
mem:  1916928
mem:  1915904
mem:  1949184
mem:  1940992
mem:  1923072
mem:  1951232
mem:  1945600
mem:  1940992
mem:  1948672
mem:  1959936
mem:  1951744
mem:  1930240
mem:  1948672
mem:  1966080
mem:  1948160
mem:  1956864
mem:  1960960
mem:  1949184
mem:  1971200
mem:  1965568
mem:  1963520
mem:  1956352
mem:  1940992
mem:  1965568
mem:  1982976
mem:  1984512
mem:  1940992
mem:  1981440
mem:  1976832
mem:  1948160
mem:  1989632
mem:  1974272
mem:  1995264
mem:  1993216
mem:  1995776
mem:  1999872
mem:  1988096
mem:  1993216
mem:  1991168
mem:  2003456
mem:  1995264
mem:  1983488
mem:  2010624
mem:  1990144
mem:  2013696
mem:  2001920
mem:  2007040
mem:  2012160
mem:  1994240
mem:  2011648
mem:  2013184
mem:  2020864
mem:  2025984
mem:  2011648
mem:  2026496
mem:  2020864
mem:  2006528
mem:  2027520
mem:  2013184
mem:  2034176
mem:  2035712
mem:  2000896
mem:  2028032
mem:  2007552
mem:  2044416
mem:  2000896
mem:  2041344
mem:  2046464
mem:  2050560
mem:  2052096
mem:  2050048
mem:  2051584
mem:  2054144
mem:  2058240
mem:  2036736
mem:  2061312
mem:  2043392
mem:  2064384
mem:  2056192
mem:  2061312
mem:  2062848
mem:  2070528
mem:  2065920
mem:  2067456
