SLURM_JOBID=5050136
SLURM_JOB_NODELIST=svl5
SLURM_NNODES=1
SLURMTMPDIR=
working directory = /viscam/projects/objectfolder_benchmark/benchmarks/Multi_Sensory_3D_Reconstruction/code/models/MDN
Start_idx:  746
mem:  1536
mem:  1904128
mem:  1875968
mem:  1910272
mem:  1917952
mem:  1880576
mem:  1885696
mem:  1890816
mem:  1924096
mem:  1876992
mem:  1904128
mem:  1870336
mem:  1885184
mem:  1892864
mem:  1891840
mem:  1886208
mem:  1910784
mem:  1947648
mem:  1881088
mem:  1915392
mem:  1939968
mem:  1905152
mem:  1952768
mem:  1886208
mem:  1929216
mem:  1885696
mem:  1922560
mem:  1881600
mem:  1906176
mem:  1940480
mem:  1905664
mem:  1907200
mem:  1931776
mem:  1943040
mem:  1925120
mem:  1930240
mem:  1914880
mem:  1962496
mem:  1937408
mem:  1936384
mem:  1930752
mem:  1978368
mem:  1934848
mem:  1958400
mem:  1924608
mem:  1955328
mem:  1953280
mem:  1938944
mem:  1995264
mem:  1948160
mem:  1933824
mem:  1941504
mem:  1981952
mem:  1932288
mem:  1965568
mem:  1947648
mem:  1972224
mem:  2005504
mem:  1939968
mem:  2012160
mem:  1974784
mem:  1966592
mem:  1961984
mem:  1982976
mem:  1967616
mem:  1972736
mem:  1968128
mem:  1991680
mem:  1980928
mem:  1998336
mem:  1974272
mem:  2018304
mem:  1977344
mem:  1939968
mem:  1990144
mem:  1991680
mem:  1993216
mem:  1988608
mem:  2025472
mem:  2013696
mem:  2032128
mem:  1993728
mem:  1975808
mem:  2046464
mem:  1999360
mem:  2016768
mem:  2034176
mem:  2016256
mem:  1963008
mem:  1976832
mem:  1985536
mem:  2029568
mem:  2046976
mem:  2015744
mem:  2003968
mem:  2028544
mem:  2007040
mem:  2041344
mem:  1990656
mem:  2050560
