SLURM_JOBID=5049985
SLURM_JOB_NODELIST=svl1
SLURM_NNODES=1
SLURMTMPDIR=
working directory = /viscam/projects/objectfolder_benchmark/benchmarks/Multi_Sensory_3D_Reconstruction/code/models/MDN
Start_idx:  568
mem:  1536
mem:  1888256
mem:  1924608
mem:  1906688
mem:  1914368
mem:  1915904
mem:  1905152
mem:  1896960
mem:  1914368
mem:  1896448
mem:  1921024
mem:  1909248
mem:  1908224
mem:  1918464
mem:  1907712
mem:  1928704
mem:  1904640
mem:  1908736
mem:  1926144
mem:  1927680
mem:  1900032
mem:  1931776
mem:  1955328
mem:  1931264
mem:  1938944
mem:  1930752
mem:  1939456
mem:  1953280
mem:  1929216
mem:  1940480
mem:  1942016
mem:  1946112
mem:  1964544
mem:  1939456
mem:  1961472
mem:  1959424
mem:  1951232
mem:  1968640
mem:  1956864
mem:  1965568
mem:  1934336
mem:  1965056
mem:  1940992
mem:  1948672
mem:  1982976
mem:  1965056
mem:  1953280
mem:  1984000
mem:  1975808
mem:  1967616
mem:  1986048
mem:  1977856
mem:  1975808
mem:  2002944
mem:  1982464
mem:  1999872
mem:  1984512
mem:  2009088
mem:  1985024
mem:  1992704
mem:  1994240
mem:  1982464
mem:  1954816
mem:  1996288
mem:  2019840
mem:  1986048
mem:  2003456
mem:  2008576
mem:  2003968
mem:  2004480
mem:  2029056
mem:  2008576
mem:  2002944
mem:  2004480
mem:  2035200
mem:  2013696
mem:  2028544
mem:  2014208
mem:  2019328
mem:  2036736
mem:  2002944
mem:  1981440
mem:  2037760
mem:  2049024
mem:  2050560
mem:  2030080
mem:  2034176
mem:  2039296
mem:  1998336
mem:  2042368
mem:  2043904
mem:  2039296
mem:  2033664
mem:  2044928
mem:  2001408
mem:  2051584
mem:  2023936
mem:  2064384
mem:  2042880
mem:  2057728
