SLURM_JOBID=5050062
SLURM_JOB_NODELIST=svl9
SLURM_NNODES=1
SLURMTMPDIR=
working directory = /viscam/projects/objectfolder_benchmark/benchmarks/Multi_Sensory_3D_Reconstruction/code/models/MDN
Start_idx:  658
mem:  1536
mem:  1872384
mem:  1914880
mem:  1877504
mem:  1882624
mem:  1913344
mem:  1895424
mem:  1906688
mem:  1869312
mem:  1870848
mem:  1927168
mem:  1932288
mem:  1926656
mem:  1902592
mem:  1894400
mem:  1934848
mem:  1901056
mem:  1899008
mem:  1929728
mem:  1908224
mem:  1897472
mem:  1918464
mem:  1890816
mem:  1956864
mem:  1932800
mem:  1959936
mem:  1909248
mem:  1943552
mem:  1958400
mem:  1927168
mem:  1915392
mem:  1920512
mem:  1964544
mem:  1933312
mem:  1964032
mem:  1926656
mem:  1960960
mem:  1929728
mem:  1918976
mem:  1938944
mem:  1973248
mem:  1935872
mem:  1940992
mem:  1971712
mem:  1982976
mem:  1980928
mem:  1989632
mem:  1942528
mem:  1995264
mem:  1990656
mem:  1949696
mem:  1947648
mem:  1933312
mem:  1957888
mem:  1988608
mem:  1964544
mem:  2003968
mem:  1993216
mem:  1949696
mem:  1969664
mem:  1961472
mem:  1989632
mem:  2010624
mem:  1985536
mem:  1971200
mem:  2015232
mem:  1977856
mem:  1998848
mem:  1983488
mem:  1982464
mem:  2029056
mem:  2017280
mem:  2010112
mem:  2001920
mem:  2009600
mem:  2001408
mem:  2016256
mem:  2033664
mem:  1967104
mem:  2040320
mem:  2038272
mem:  2033664
mem:  2002432
mem:  1994240
mem:  2024960
mem:  2052096
mem:  2047488
mem:  2033152
mem:  2050560
mem:  1986560
mem:  2056192
mem:  2045440
mem:  2050560
mem:  2021888
mem:  2059776
mem:  2063872
mem:  2008064
mem:  2037760
mem:  2020864
mem:  2001920
