SLURM_JOBID=5049987
SLURM_JOB_NODELIST=svl7
SLURM_NNODES=1
SLURMTMPDIR=
working directory = /viscam/projects/objectfolder_benchmark/benchmarks/Multi_Sensory_3D_Reconstruction/code/models/MDN
Start_idx:  570
mem:  1536
mem:  1859072
mem:  1872384
mem:  1910272
mem:  1898496
mem:  1893888
mem:  1901568
mem:  1877504
mem:  1856000
mem:  1896448
mem:  1891840
mem:  1905664
mem:  1885184
mem:  1919488
mem:  1913856
mem:  1903104
mem:  1924096
mem:  1908736
mem:  1907712
mem:  1925120
mem:  1880576
mem:  1895424
mem:  1881088
mem:  1902080
mem:  1932800
mem:  1921024
mem:  1922560
mem:  1902080
mem:  1884160
mem:  1936896
mem:  1912832
mem:  1924096
mem:  1918464
mem:  1933312
mem:  1938432
mem:  1955840
mem:  1937920
mem:  1975808
mem:  1889792
mem:  1920512
mem:  1940480
mem:  1962496
mem:  1927680
mem:  1961984
mem:  1936896
mem:  1965056
mem:  1937408
mem:  1977856
mem:  1959936
mem:  1954304
mem:  1998336
mem:  1941504
mem:  1946624
mem:  1960448
mem:  1963008
mem:  1970688
mem:  1958912
mem:  1940992
mem:  1975296
mem:  1980416
mem:  1978368
mem:  1976320
mem:  1964544
mem:  2004992
mem:  1971200
mem:  1966592
mem:  1997312
mem:  1979392
mem:  1967616
mem:  1988608
mem:  1974272
mem:  2001408
mem:  2006528
mem:  2010624
mem:  2012160
mem:  1991680
mem:  2012672
mem:  2026496
mem:  1999872
mem:  2023424
mem:  2002944
mem:  2022912
mem:  2012160
mem:  2029568
mem:  1979904
mem:  1997312
mem:  1998848
mem:  2012672
mem:  2033664
mem:  2009600
mem:  2004992
mem:  2012672
mem:  2008064
mem:  2031616
mem:  2040320
mem:  2055168
mem:  2000896
mem:  2035200
mem:  2010112
mem:  2028544
