SLURM_JOBID=5049914
SLURM_JOB_NODELIST=svl1
SLURM_NNODES=1
SLURMTMPDIR=
working directory = /viscam/projects/objectfolder_benchmark/benchmarks/Multi_Sensory_3D_Reconstruction/code/models/MDN
Start_idx:  485
mem:  1536
mem:  1907712
mem:  1901568
mem:  1861632
mem:  1895936
mem:  1890304
mem:  1889280
mem:  1870336
mem:  1908224
mem:  1896448
mem:  1882112
mem:  1912832
mem:  1904640
mem:  1902592
mem:  1940480
mem:  1915392
mem:  1891328
mem:  1902592
mem:  1943040
mem:  1911808
mem:  1939968
mem:  1928192
mem:  1935872
mem:  1927680
mem:  1932800
mem:  1944064
mem:  1935872
mem:  1931264
mem:  1942528
mem:  1897984
mem:  1938432
mem:  1930240
mem:  1951232
mem:  1943040
mem:  1902080
mem:  1932800
mem:  1953792
mem:  1939456
mem:  1911808
mem:  1936384
mem:  1944064
mem:  1965056
mem:  1954304
mem:  1929216
mem:  1930752
mem:  1932288
mem:  1966592
mem:  1974272
mem:  1966080
mem:  1967616
mem:  1976320
mem:  1931776
mem:  1952768
mem:  1980928
mem:  1975296
mem:  1970688
mem:  1997824
mem:  1976320
mem:  1994752
mem:  1967104
mem:  1945600
mem:  1950720
mem:  1985024
mem:  1967104
mem:  2016256
mem:  1972736
mem:  1999872
mem:  2004992
mem:  1990656
mem:  2008064
mem:  2019328
mem:  1989120
mem:  2000384
mem:  2031104
mem:  2031616
mem:  2017280
mem:  1983488
mem:  2016768
mem:  2038784
mem:  2017280
mem:  2002944
mem:  2030080
mem:  1989120
mem:  1997824
mem:  2028544
mem:  1987584
mem:  2037760
mem:  1951744
mem:  2043392
mem:  1993728
mem:  2004992
mem:  2025984
mem:  2039808
mem:  2015744
mem:  2042880
mem:  2041856
mem:  2053120
mem:  2021888
mem:  2046464
mem:  2057728
