SLURM_JOBID=5049907
SLURM_JOB_NODELIST=svl2
SLURM_NNODES=1
SLURMTMPDIR=
working directory = /viscam/projects/objectfolder_benchmark/benchmarks/Multi_Sensory_3D_Reconstruction/code/models/MDN
Start_idx:  478
mem:  1536
mem:  1900544
mem:  1866240
mem:  1900544
mem:  1908224
mem:  1923072
mem:  1897984
mem:  1893376
mem:  1921536
mem:  1902592
mem:  1905152
mem:  1909248
mem:  1926656
mem:  1922048
mem:  1913856
mem:  1911808
mem:  1916928
mem:  1928192
mem:  1923584
mem:  1940992
mem:  1932800
mem:  1928192
mem:  1942016
mem:  1921536
mem:  1929216
mem:  1924608
mem:  1935872
mem:  1937408
mem:  1935360
mem:  1946624
mem:  1944576
mem:  1930240
mem:  1964544
mem:  1958912
mem:  1938432
mem:  1953280
mem:  1953792
mem:  1929728
mem:  1928704
mem:  1942528
mem:  1940480
mem:  1974784
mem:  1954304
mem:  1961984
mem:  1975808
mem:  1958912
mem:  1979904
mem:  1964544
mem:  1959936
mem:  1948160
mem:  1976320
mem:  1957376
mem:  1969664
mem:  1971200
mem:  1975296
mem:  1993728
mem:  1975808
mem:  2009088
mem:  1968128
mem:  1982976
mem:  1955328
mem:  2012672
mem:  1997312
mem:  1998848
mem:  1980928
mem:  1982464
mem:  1964544
mem:  1985536
mem:  2010112
mem:  2004480
mem:  2003456
mem:  2017280
mem:  2012672
mem:  2004480
mem:  2009600
mem:  1978368
mem:  2032128
mem:  2000896
mem:  2002432
mem:  2017280
mem:  2018816
mem:  2020352
mem:  1973248
mem:  1990656
mem:  2008064
mem:  2026496
mem:  2047488
mem:  2010112
mem:  2001920
mem:  2035200
mem:  2047488
mem:  2041856
mem:  2014208
mem:  2051072
mem:  2062336
mem:  2051584
mem:  2036224
mem:  2054656
mem:  2033152
mem:  2044416
