SLURM_JOBID=5049727
SLURM_JOB_NODELIST=svl3
SLURM_NNODES=1
SLURMTMPDIR=
working directory = /viscam/projects/objectfolder_benchmark/benchmarks/Multi_Sensory_3D_Reconstruction/code/models/MDN
Start_idx:  270
mem:  1536
mem:  1849344
mem:  1873408
mem:  1871360
mem:  1895936
mem:  1878016
mem:  1882112
mem:  1871360
mem:  1904640
mem:  1909760
mem:  1913856
mem:  1883648
mem:  1917952
mem:  1925632
mem:  1891840
mem:  1902080
mem:  1862144
mem:  1924608
mem:  1917440
mem:  1898496
mem:  1907200
mem:  1895424
mem:  1887232
mem:  1917952
mem:  1919488
mem:  1924608
mem:  1939456
mem:  1937408
mem:  1945088
mem:  1933312
mem:  1912832
mem:  1926656
mem:  1918464
mem:  1933312
mem:  1915392
mem:  1932800
mem:  1928192
mem:  1926144
mem:  1917952
mem:  1920512
mem:  1957376
mem:  1922560
mem:  1950720
mem:  1929216
mem:  1921024
mem:  1928704
mem:  1933824
mem:  1945088
mem:  1973248
mem:  1951744
mem:  1972736
mem:  1945088
mem:  1927168
mem:  1979904
mem:  1988608
mem:  1982976
mem:  1985536
mem:  1950720
mem:  1988608
mem:  1990144
mem:  1980928
mem:  1964032
mem:  1981440
mem:  1969664
mem:  1988096
mem:  1970176
mem:  1993728
mem:  1962496
mem:  1984512
mem:  1969152
mem:  1980416
mem:  1943040
mem:  1987072
mem:  1955840
mem:  1970688
mem:  2001408
mem:  1987072
mem:  2008064
mem:  1967104
mem:  1978368
mem:  1966592
mem:  2010624
mem:  1995264
mem:  2010112
mem:  2011648
mem:  2039808
mem:  2014720
mem:  2019840
mem:  2043392
mem:  2013184
mem:  2030592
mem:  2012672
mem:  1998336
mem:  2015744
mem:  2036736
mem:  2048000
mem:  2053120
mem:  2012160
mem:  2039296
mem:  2044416
