SLURM_JOBID=5050266
SLURM_JOB_NODELIST=svl7
SLURM_NNODES=1
SLURMTMPDIR=
working directory = /viscam/projects/objectfolder_benchmark/benchmarks/Multi_Sensory_3D_Reconstruction/code/models/MDN
Start_idx:  878
mem:  1536
mem:  1904128
mem:  1895424
mem:  1883648
mem:  1911808
mem:  1913344
mem:  1895424
mem:  1932288
mem:  1924096
mem:  1922048
mem:  1911296
mem:  1918976
mem:  1904640
mem:  1890304
mem:  1901568
mem:  1940992
mem:  1933824
mem:  1925632
mem:  1927168
mem:  1934848
mem:  1952256
mem:  1924608
mem:  1945600
mem:  1956864
mem:  1938944
mem:  1937920
mem:  1939456
mem:  1924096
mem:  1952256
mem:  1959936
mem:  1964032
mem:  1947136
mem:  1948672
mem:  1956352
mem:  1957888
mem:  1939968
mem:  1935360
mem:  1972224
mem:  1947136
mem:  1942528
mem:  1963520
mem:  1984512
mem:  1986048
mem:  1971712
mem:  1975808
mem:  1945600
mem:  1976320
mem:  1993728
mem:  1973248
mem:  1977344
mem:  1963008
mem:  1974272
mem:  1988096
mem:  1960448
mem:  1985024
mem:  1996288
mem:  1968640
mem:  1976320
mem:  1977856
mem:  1996288
mem:  1994240
mem:  1995776
mem:  1991168
mem:  1998848
mem:  2013696
mem:  1999360
mem:  1990144
mem:  2008576
mem:  1977344
mem:  2011648
mem:  1993728
mem:  1997824
mem:  2012672
mem:  1998336
mem:  2019328
mem:  2004992
mem:  2009088
mem:  2030080
mem:  2041344
mem:  2017280
mem:  2031104
mem:  2020352
mem:  2028032
mem:  2036736
mem:  2034688
mem:  2039808
mem:  2028032
mem:  2016256
mem:  2001920
mem:  2048512
mem:  1995264
mem:  2025984
mem:  2027520
mem:  2025472
mem:  2017280
mem:  2057728
mem:  2039808
mem:  2031616
mem:  2062336
mem:  2048000
