SLURM_JOBID=5049799
SLURM_JOB_NODELIST=svl3
SLURM_NNODES=1
SLURMTMPDIR=
working directory = /viscam/projects/objectfolder_benchmark/benchmarks/Multi_Sensory_3D_Reconstruction/code/models/MDN
Start_idx:  362
mem:  1536
mem:  1904128
mem:  1918464
mem:  1900544
mem:  1915392
mem:  1923072
mem:  1914880
mem:  1909248
mem:  1865728
mem:  1925632
mem:  1923584
mem:  1903104
mem:  1920512
mem:  1929216
mem:  1894400
mem:  1921536
mem:  1936384
mem:  1915904
mem:  1929728
mem:  1937408
mem:  1923072
mem:  1950208
mem:  1949184
mem:  1934848
mem:  1929216
mem:  1927168
mem:  1955328
mem:  1953280
mem:  1958400
mem:  1921024
mem:  1942016
mem:  1914368
mem:  1945088
mem:  1946624
mem:  1971200
mem:  1959424
mem:  1970688
mem:  1949184
mem:  1950720
mem:  1932800
mem:  1944064
mem:  1978368
mem:  1964032
mem:  1968128
mem:  1979392
mem:  1987072
mem:  1986048
mem:  1990144
mem:  1972224
mem:  1971200
mem:  1953280
mem:  1996288
mem:  1956352
mem:  1999360
mem:  1991168
mem:  1964544
mem:  1972224
mem:  1999360
mem:  1968128
mem:  1986560
mem:  1994240
mem:  1944576
mem:  2014208
mem:  1976832
mem:  2003968
mem:  2001920
mem:  1999872
mem:  2002432
mem:  1964032
mem:  2027520
mem:  1986560
mem:  1978368
mem:  2025984
mem:  2021376
mem:  1996288
mem:  1988096
mem:  2028544
mem:  1994752
mem:  2037760
mem:  2011136
mem:  1995776
mem:  2030080
mem:  2024448
mem:  2010112
mem:  2046976
mem:  2042368
mem:  2037760
mem:  2033152
mem:  2050560
mem:  2032640
mem:  2053632
mem:  2035712
mem:  2039808
mem:  2060800
mem:  2059776
mem:  2038272
mem:  2053120
mem:  2044928
mem:  2068480
mem:  2060288
