SLURM_JOBID=5049530
SLURM_JOB_NODELIST=svl2
SLURM_NNODES=1
SLURMTMPDIR=
working directory = /viscam/projects/objectfolder_benchmark/benchmarks/Multi_Sensory_3D_Reconstruction/code/models/MDN
Start_idx:  68
mem:  1536
mem:  1888256
mem:  1882112
mem:  1884672
mem:  1888768
mem:  1903616
mem:  1891840
mem:  1896960
mem:  1891328
mem:  1880576
mem:  1911296
mem:  1912832
mem:  1930240
mem:  1886720
mem:  1891840
mem:  1925120
mem:  1903616
mem:  1886720
mem:  1927168
mem:  1925120
mem:  1913344
mem:  1902592
mem:  1912832
mem:  1931264
mem:  1925632
mem:  1950208
mem:  1926144
mem:  1931264
mem:  1932800
mem:  1914880
mem:  1944576
mem:  1930240
mem:  1945088
mem:  1936896
mem:  1925120
mem:  1926656
mem:  1945088
mem:  1936896
mem:  1940992
mem:  1952256
mem:  1944064
mem:  1961472
mem:  1933824
mem:  1977856
mem:  1963520
mem:  1961472
mem:  1959424
mem:  1951232
mem:  1966080
mem:  1957888
mem:  1969152
mem:  1993728
mem:  1943040
mem:  1967616
mem:  1965568
mem:  1984000
mem:  1978368
mem:  1973760
mem:  1952256
mem:  1967104
mem:  1974784
mem:  1976320
mem:  1987584
mem:  1979392
mem:  1988096
mem:  1982464
mem:  1984000
mem:  1943040
mem:  1990656
mem:  1992192
mem:  1986560
mem:  1995264
mem:  2010112
mem:  2001920
mem:  1993728
mem:  1988096
mem:  1996800
mem:  2023936
mem:  2009600
mem:  1994240
mem:  1995776
mem:  2010624
mem:  2008576
mem:  2013696
mem:  2050560
mem:  2019328
mem:  2014720
mem:  2012672
mem:  2021376
mem:  1990144
mem:  2030592
mem:  2035712
mem:  2046976
mem:  2022912
mem:  2030592
mem:  2044416
mem:  2014208
mem:  2031616
mem:  2042880
mem:  2038272
