SLURM_JOBID=5049792
SLURM_JOB_NODELIST=svl17
SLURM_NNODES=1
SLURMTMPDIR=
working directory = /viscam/projects/objectfolder_benchmark/benchmarks/Multi_Sensory_3D_Reconstruction/code/models/MDN
Start_idx:  357
mem:  1536
mem:  1904128
mem:  1882112
mem:  1916416
mem:  1902080
mem:  1897472
mem:  1930752
mem:  1928704
mem:  1931264
mem:  1931776
mem:  1934336
mem:  1938432
mem:  1939968
mem:  1941504
mem:  1943040
mem:  1928704
mem:  1939968
mem:  1931776
mem:  1949184
mem:  1950720
mem:  1949696
mem:  1905152
mem:  1955328
mem:  1927680
mem:  1958400
mem:  1959936
mem:  1942016
mem:  1959424
mem:  1948672
mem:  1956352
mem:  1957888
mem:  1969152
mem:  1968128
mem:  1958912
mem:  1973760
mem:  1975296
mem:  1974272
mem:  1978368
mem:  1950720
mem:  1949696
mem:  1963520
mem:  1981952
mem:  1953280
mem:  1987584
mem:  1969664
mem:  1978368
mem:  1992192
mem:  1987584
mem:  1995264
mem:  1996800
mem:  1994752
mem:  1977856
mem:  1998848
mem:  1993216
mem:  1978880
mem:  1993728
mem:  2003968
mem:  2002944
mem:  2004480
mem:  2008576
mem:  1997824
mem:  2015232
mem:  2010624
mem:  2015744
mem:  2000384
mem:  2008064
mem:  2010624
mem:  2018304
mem:  2022400
mem:  2014208
mem:  2022912
mem:  2028032
mem:  2022400
mem:  2027520
mem:  2025472
mem:  2036736
mem:  2034688
mem:  2039808
mem:  2037760
mem:  2039296
mem:  2032128
mem:  2039808
mem:  2047488
mem:  2039296
mem:  2040832
mem:  2052096
mem:  2031616
mem:  2049024
mem:  2053120
mem:  2045952
mem:  2040320
mem:  2039296
mem:  2062848
mem:  2054656
mem:  2053632
mem:  2067456
mem:  2068992
mem:  2067968
mem:  2072064
mem:  2073600
