SLURM_JOBID=5049565
SLURM_JOB_NODELIST=svl2
SLURM_NNODES=1
SLURMTMPDIR=
working directory = /viscam/projects/objectfolder_benchmark/benchmarks/Multi_Sensory_3D_Reconstruction/code/models/MDN
Start_idx:  90
mem:  1536
mem:  1904128
mem:  1891840
mem:  1920000
mem:  1879040
mem:  1929216
mem:  1917440
mem:  1916416
mem:  1908224
mem:  1915904
mem:  1884672
mem:  1928704
mem:  1920512
mem:  1892864
mem:  1890816
mem:  1909248
mem:  1910784
mem:  1931776
mem:  1907712
mem:  1921536
mem:  1949696
mem:  1918464
mem:  1939456
mem:  1925120
mem:  1925632
mem:  1947648
mem:  1945600
mem:  1956864
mem:  1896448
mem:  1946624
mem:  1922560
mem:  1943552
mem:  1935360
mem:  1959936
mem:  1970176
mem:  1946112
mem:  1937920
mem:  1952768
mem:  1940992
mem:  1975296
mem:  1976832
mem:  1949184
mem:  1979904
mem:  1987584
mem:  1982976
mem:  1990656
mem:  1989632
mem:  1960960
mem:  1981952
mem:  1967616
mem:  1998336
mem:  1960960
mem:  1952768
mem:  1980928
mem:  1994752
mem:  1993728
mem:  1962496
mem:  1973760
mem:  1958400
mem:  1990144
mem:  1981952
mem:  2001920
mem:  2016768
mem:  1989120
mem:  2000384
mem:  1959424
mem:  1999872
mem:  2008576
mem:  1996800
mem:  1985024
mem:  1974272
mem:  2011136
mem:  2025984
mem:  2017792
mem:  1993728
mem:  2011136
mem:  2016256
mem:  1994752
mem:  2038784
mem:  2007552
mem:  2028544
mem:  2023936
mem:  2006016
mem:  2029568
mem:  1992192
mem:  2042368
mem:  2024448
mem:  2032128
mem:  2050560
mem:  2058240
mem:  2028032
mem:  2041856
mem:  2020352
mem:  2035200
mem:  2059776
mem:  2067456
mem:  2059264
mem:  2066944
mem:  2050048
mem:  2073600
