SLURM_JOBID=5049549
SLURM_JOB_NODELIST=svl2
SLURM_NNODES=1
SLURMTMPDIR=
working directory = /viscam/projects/objectfolder_benchmark/benchmarks/Multi_Sensory_3D_Reconstruction/code/models/MDN
Start_idx:  79
mem:  1536
mem:  1894400
mem:  1912320
mem:  1920000
mem:  1911808
mem:  1854976
mem:  1905152
mem:  1910272
mem:  1875456
mem:  1880576
mem:  1866240
mem:  1880064
mem:  1910784
mem:  1909760
mem:  1911296
mem:  1889792
mem:  1936384
mem:  1935360
mem:  1946624
mem:  1908224
mem:  1926656
mem:  1918464
mem:  1913856
mem:  1931264
mem:  1958400
mem:  1937920
mem:  1948160
mem:  1953280
mem:  1932800
mem:  1917440
mem:  1948160
mem:  1933824
mem:  1906176
mem:  1962496
mem:  1940992
mem:  1920512
mem:  1941504
mem:  1958912
mem:  1937408
mem:  1936384
mem:  1940480
mem:  1945600
mem:  1963008
mem:  1958400
mem:  1957376
mem:  1965056
mem:  1976320
mem:  1968128
mem:  1956352
mem:  1971200
mem:  1972736
mem:  1997312
mem:  1991680
mem:  2002944
mem:  2004480
mem:  2003456
mem:  1978368
mem:  1973760
mem:  1955840
mem:  1996288
mem:  1974784
mem:  1992192
mem:  2016768
mem:  1959936
mem:  1990656
mem:  1953280
mem:  1990144
mem:  2024448
mem:  1974784
mem:  1994752
mem:  2015744
mem:  2004992
mem:  2025984
mem:  2017792
mem:  2021888
mem:  2004992
mem:  1999360
mem:  2027520
mem:  2006016
mem:  2013696
mem:  2022400
mem:  1971712
mem:  2014720
mem:  2013696
mem:  2011648
mem:  2036224
mem:  1998848
mem:  2025984
mem:  2040832
mem:  2032640
mem:  2027008
mem:  2045440
mem:  2031104
mem:  2054656
mem:  2052608
mem:  2044416
mem:  2030080
mem:  2066944
mem:  2023424
mem:  2057728
