SLURM_JOBID=5049523
SLURM_JOB_NODELIST=svl7
SLURM_NNODES=1
SLURMTMPDIR=
working directory = /viscam/projects/objectfolder_benchmark/benchmarks/Multi_Sensory_3D_Reconstruction/code/models/MDN
Start_idx:  63
mem:  1536
mem:  1921024
mem:  1911296
mem:  1920000
mem:  1894912
mem:  1913344
mem:  1930752
mem:  1906688
mem:  1933824
mem:  1906176
mem:  1936896
mem:  1926144
mem:  1936384
mem:  1941504
mem:  1920000
mem:  1944576
mem:  1946112
mem:  1944064
mem:  1929728
mem:  1928704
mem:  1948672
mem:  1940480
mem:  1923584
mem:  1953280
mem:  1948672
mem:  1950208
mem:  1961472
mem:  1963008
mem:  1958400
mem:  1966080
mem:  1967616
mem:  1963008
mem:  1964544
mem:  1966080
mem:  1964032
mem:  1972736
mem:  1960960
mem:  1952768
mem:  1979904
mem:  1936384
mem:  1980416
mem:  1962496
mem:  1963008
mem:  1971712
mem:  1976832
mem:  1984512
mem:  1970176
mem:  1971712
mem:  1982976
mem:  1983488
mem:  1978880
mem:  1990144
mem:  2001408
mem:  1964032
mem:  1998336
mem:  1982976
mem:  2007552
mem:  2002944
mem:  1991168
mem:  2006016
mem:  2013696
mem:  2005504
mem:  2010624
mem:  1989120
mem:  2019840
mem:  2021376
mem:  2022912
mem:  2008576
mem:  2019840
mem:  2008064
mem:  1997312
mem:  1997824
mem:  2025984
mem:  2033664
mem:  2035200
mem:  2027008
mem:  2038272
mem:  2039808
mem:  2025472
mem:  2013696
mem:  2021376
mem:  2045952
mem:  2047488
mem:  2046464
mem:  2021376
mem:  2032640
mem:  2053632
mem:  2052608
mem:  2056704
mem:  2058240
mem:  2040320
mem:  2061312
mem:  2062848
mem:  2064384
mem:  2065920
mem:  2067456
mem:  2066432
mem:  2064384
mem:  2072064
mem:  2067456
