SLURM_JOBID=5049895
SLURM_JOB_NODELIST=svl2
SLURM_NNODES=1
SLURMTMPDIR=
working directory = /viscam/projects/objectfolder_benchmark/benchmarks/Multi_Sensory_3D_Reconstruction/code/models/MDN
Start_idx:  467
mem:  1536
mem:  1907712
mem:  1921024
mem:  1923584
mem:  1924096
mem:  1929216
mem:  1930752
mem:  1932288
mem:  1931264
mem:  1929216
mem:  1936896
mem:  1938432
mem:  1939968
mem:  1941504
mem:  1940480
mem:  1944576
mem:  1936384
mem:  1937920
mem:  1945600
mem:  1950720
mem:  1942528
mem:  1953792
mem:  1955328
mem:  1956864
mem:  1958400
mem:  1959936
mem:  1961472
mem:  1963008
mem:  1964544
mem:  1962496
mem:  1967616
mem:  1969152
mem:  1970688
mem:  1946624
mem:  1971200
mem:  1975296
mem:  1973248
mem:  1968640
mem:  1960448
mem:  1969152
mem:  1979392
mem:  1984512
mem:  1970176
mem:  1987584
mem:  1975808
mem:  1990656
mem:  1989632
mem:  1990144
mem:  1995264
mem:  1996800
mem:  1988608
mem:  1984000
mem:  1991680
mem:  2002944
mem:  1992192
mem:  2006016
mem:  1995264
mem:  2002944
mem:  2010624
mem:  2009600
mem:  2013696
mem:  2015232
mem:  2014208
mem:  2018304
mem:  2019840
mem:  2021376
mem:  2022912
mem:  2014720
mem:  2022400
mem:  2001920
mem:  2029056
mem:  2028032
mem:  2032128
mem:  2033664
mem:  2032640
mem:  2036736
mem:  2015232
mem:  2037248
mem:  2041344
mem:  2042880
mem:  2044416
mem:  2036224
mem:  2047488
mem:  2049024
mem:  2050560
mem:  2036224
mem:  2034176
mem:  2055168
mem:  2053120
mem:  2058240
mem:  2059776
mem:  2058752
mem:  2062848
mem:  2061824
mem:  2065920
mem:  2067456
mem:  2066432
mem:  2060800
mem:  2072064
mem:  2073600
