SLURM_JOBID=5050281
SLURM_JOB_NODELIST=svl2
SLURM_NNODES=1
SLURMTMPDIR=
working directory = /viscam/projects/objectfolder_benchmark/benchmarks/Multi_Sensory_3D_Reconstruction/code/models/MDN
Start_idx:  888
mem:  1536
mem:  1923584
mem:  1914880
mem:  1926144
mem:  1921536
mem:  1913344
mem:  1907712
mem:  1893376
mem:  1888768
mem:  1900032
mem:  1856512
mem:  1922560
mem:  1939968
mem:  1902592
mem:  1943040
mem:  1944576
mem:  1946112
mem:  1947648
mem:  1949184
mem:  1921536
mem:  1946112
mem:  1944064
mem:  1912832
mem:  1931264
mem:  1958400
mem:  1917440
mem:  1926144
mem:  1953280
mem:  1964544
mem:  1930752
mem:  1967616
mem:  1969152
mem:  1945088
mem:  1911296
mem:  1961472
mem:  1959424
mem:  1947648
mem:  1978368
mem:  1976320
mem:  1965568
mem:  1967104
mem:  1971200
mem:  1986048
mem:  1968128
mem:  1924608
mem:  1990656
mem:  1978880
mem:  1993728
mem:  1956352
mem:  1996800
mem:  1959424
mem:  1997312
mem:  1979392
mem:  2000384
mem:  1963008
mem:  1960960
mem:  1962496
mem:  1999360
mem:  1978880
mem:  1982976
mem:  1935872
mem:  2015232
mem:  1961984
mem:  2018304
mem:  1984512
mem:  2001920
mem:  1977856
mem:  2011136
mem:  1977344
mem:  2005504
mem:  2003456
mem:  1981952
mem:  2032128
mem:  2033664
mem:  2029056
mem:  1997824
mem:  2022400
mem:  2033664
mem:  2028032
mem:  1965056
mem:  2032128
mem:  2045952
mem:  1992704
mem:  2049024
mem:  2050560
mem:  2022912
mem:  2053632
mem:  2032128
mem:  2053120
mem:  2058240
mem:  2007552
mem:  2051584
mem:  2014208
mem:  2015744
mem:  2024448
mem:  2061312
mem:  2062848
mem:  2060800
mem:  2059776
mem:  2063872
