SLURM_JOBID=5050383
SLURM_JOB_NODELIST=svl10
SLURM_NNODES=1
SLURMTMPDIR=
working directory = /viscam/projects/objectfolder_benchmark/benchmarks/Multi_Sensory_3D_Reconstruction/code/models/MDN
Start_idx:  974
mem:  1536
mem:  1888256
mem:  1889280
mem:  1896960
mem:  1902080
mem:  1870848
mem:  1885696
mem:  1880064
mem:  1917952
mem:  1900032
mem:  1885696
mem:  1903104
mem:  1894912
mem:  1925632
mem:  1913856
mem:  1902080
mem:  1932800
mem:  1908736
mem:  1910272
mem:  1895936
mem:  1897472
mem:  1931776
mem:  1942016
mem:  1925120
mem:  1903616
mem:  1927168
mem:  1873920
mem:  1959424
mem:  1952256
mem:  1946624
mem:  1912832
mem:  1943552
mem:  1931776
mem:  1940480
mem:  1925120
mem:  1942528
mem:  1944064
mem:  1929728
mem:  1979904
mem:  1916928
mem:  1899008
mem:  1951744
mem:  1934848
mem:  1929216
mem:  1973248
mem:  1961472
mem:  1963008
mem:  1961984
mem:  1956352
mem:  1994240
mem:  1966592
mem:  1945088
mem:  1959936
mem:  1934848
mem:  1955840
mem:  1970688
mem:  1968640
mem:  1954304
mem:  1968128
mem:  1970688
mem:  1971200
mem:  1979904
mem:  1985024
mem:  1992704
mem:  1971200
mem:  1959424
mem:  1984000
mem:  1998848
mem:  1990656
mem:  1969152
mem:  1993728
mem:  1989120
mem:  1983488
mem:  1988608
mem:  1982976
mem:  2033152
mem:  2006528
mem:  2023936
mem:  2018304
mem:  2027008
mem:  2009088
mem:  2033664
mem:  2018304
mem:  2023424
mem:  2018816
mem:  2022912
mem:  2012160
mem:  2019840
mem:  2001920
mem:  2029056
mem:  2034176
mem:  2009088
mem:  2033664
mem:  2031616
mem:  1997824
mem:  2057728
mem:  2033664
mem:  2029056
mem:  2056192
mem:  2057728
