SLURM_JOBID=5050054
SLURM_JOB_NODELIST=svl2
SLURM_NNODES=1
SLURMTMPDIR=
working directory = /viscam/projects/objectfolder_benchmark/benchmarks/Multi_Sensory_3D_Reconstruction/code/models/MDN
Start_idx:  652
mem:  1536
mem:  1872384
mem:  1869824
mem:  1913856
mem:  1921536
mem:  1907200
mem:  1908736
mem:  1883648
mem:  1892352
mem:  1915904
mem:  1913856
mem:  1906688
mem:  1936384
mem:  1915904
mem:  1884672
mem:  1932288
mem:  1874432
mem:  1922048
mem:  1933312
mem:  1911808
mem:  1910784
mem:  1889280
mem:  1942016
mem:  1953280
mem:  1926656
mem:  1911296
mem:  1896960
mem:  1917952
mem:  1929216
mem:  1946624
mem:  1909248
mem:  1936384
mem:  1919488
mem:  1904128
mem:  1944576
mem:  1923072
mem:  1937920
mem:  1952768
mem:  1957888
mem:  1969152
mem:  1924608
mem:  1955328
mem:  1964032
mem:  1984000
mem:  1911296
mem:  1949184
mem:  1972736
mem:  1954816
mem:  1982976
mem:  1951744
mem:  1959424
mem:  1986560
mem:  1969664
mem:  1957888
mem:  1949696
mem:  2002432
mem:  1968640
mem:  1983488
mem:  1997312
mem:  1996288
mem:  1958912
mem:  1970176
mem:  2007040
mem:  1985536
mem:  1980928
mem:  2009088
mem:  1984000
mem:  2001408
mem:  1987072
mem:  2001920
mem:  2009600
mem:  1978368
mem:  1983488
mem:  1975296
mem:  1973248
mem:  2001408
mem:  1983488
mem:  2010624
mem:  1980416
mem:  2019840
mem:  2022400
mem:  2026496
mem:  2035200
mem:  2045440
mem:  2021376
mem:  2007040
mem:  2051072
mem:  2032128
mem:  2037248
mem:  2048512
mem:  2037760
mem:  2035712
mem:  2056704
mem:  2060800
mem:  2030592
mem:  2038272
mem:  2043392
mem:  2041344
mem:  2023424
mem:  2040832
