SLURM_JOBID=5050378
SLURM_JOB_NODELIST=svl9
SLURM_NNODES=1
SLURMTMPDIR=
working directory = /viscam/projects/objectfolder_benchmark/benchmarks/Multi_Sensory_3D_Reconstruction/code/models/MDN
Start_idx:  970
mem:  1536
mem:  1901568
mem:  1899008
mem:  1910272
mem:  1908224
mem:  1925632
mem:  1930752
mem:  1932288
mem:  1901056
mem:  1919488
mem:  1921024
mem:  1912832
mem:  1939968
mem:  1925632
mem:  1920000
mem:  1915392
mem:  1939968
mem:  1937920
mem:  1927168
mem:  1921536
mem:  1919488
mem:  1934336
mem:  1955328
mem:  1917952
mem:  1938944
mem:  1937920
mem:  1955328
mem:  1947136
mem:  1964544
mem:  1936896
mem:  1951744
mem:  1949696
mem:  1964544
mem:  1943040
mem:  1960448
mem:  1955840
mem:  1967104
mem:  1965056
mem:  1954304
mem:  1977856
mem:  1970688
mem:  1962496
mem:  1973760
mem:  1975296
mem:  1979392
mem:  1990656
mem:  1972736
mem:  1977856
mem:  1985536
mem:  1967616
mem:  1994752
mem:  1964544
mem:  1995264
mem:  1993216
mem:  1994752
mem:  1999872
mem:  2003968
mem:  1989632
mem:  2008064
mem:  1973248
mem:  2010112
mem:  2015232
mem:  1984000
mem:  1996288
mem:  2000384
mem:  1970176
mem:  2013184
mem:  2020864
mem:  2025984
mem:  2011648
mem:  2025472
mem:  1995264
mem:  2025984
mem:  2017792
mem:  2029056
mem:  2027008
mem:  2022400
mem:  2030080
mem:  2021888
mem:  1988096
mem:  2021376
mem:  2032640
mem:  2021888
mem:  2023424
mem:  2046976
mem:  2038784
mem:  2034176
mem:  2029568
mem:  2033664
mem:  2019328
mem:  2034176
mem:  2055168
mem:  2043392
mem:  2035200
mem:  2052608
mem:  2067456
mem:  2059264
mem:  2041344
mem:  2072064
mem:  2050560
