SLURM_JOBID=5050103
SLURM_JOB_NODELIST=svl1
SLURM_NNODES=1
SLURMTMPDIR=
working directory = /viscam/projects/objectfolder_benchmark/benchmarks/Multi_Sensory_3D_Reconstruction/code/models/MDN
Start_idx:  681
mem:  1536
mem:  1888256
mem:  1873408
mem:  1906688
mem:  1892352
mem:  1893888
mem:  1837056
mem:  1873920
mem:  1885184
mem:  1900032
mem:  1921024
mem:  1896960
mem:  1848832
mem:  1899008
mem:  1904128
mem:  1880064
mem:  1901056
mem:  1914880
mem:  1910272
mem:  1925120
mem:  1923072
mem:  1931776
mem:  1932288
mem:  1933824
mem:  1932800
mem:  1934336
mem:  1942016
mem:  1920512
mem:  1945088
mem:  1901568
mem:  1942016
mem:  1920512
mem:  1941504
mem:  1952768
mem:  1938432
mem:  1955840
mem:  1947648
mem:  1929728
mem:  1950720
mem:  1939968
mem:  1937920
mem:  1949184
mem:  1925120
mem:  1954816
mem:  1950208
mem:  1961472
mem:  1933824
mem:  1954816
mem:  1979392
mem:  1942016
mem:  1963008
mem:  1967104
mem:  1988096
mem:  1973760
mem:  1988608
mem:  1973248
mem:  1975808
mem:  1973760
mem:  1988608
mem:  1951232
mem:  1978368
mem:  1963008
mem:  2000896
mem:  1947648
mem:  1990656
mem:  1992192
mem:  1990144
mem:  1985536
mem:  2010112
mem:  1986048
mem:  1980416
mem:  1985536
mem:  1977344
mem:  2010624
mem:  2009600
mem:  2001408
mem:  2012672
mem:  1994752
mem:  1986560
mem:  2010112
mem:  1956864
mem:  2007040
mem:  2021888
mem:  2003968
mem:  2015232
mem:  2003456
mem:  2018304
mem:  2023424
mem:  2004480
mem:  2035200
mem:  1985536
mem:  1989632
mem:  2017792
mem:  2009600
mem:  2017280
mem:  2044416
mem:  2033664
mem:  2012160
mem:  2030592
mem:  2038272
