SLURM_JOBID=5049816
SLURM_JOB_NODELIST=svl1
SLURM_NNODES=1
SLURMTMPDIR=
working directory = /viscam/projects/objectfolder_benchmark/benchmarks/Multi_Sensory_3D_Reconstruction/code/models/MDN
Start_idx:  372
mem:  1536
mem:  1890816
mem:  1875968
mem:  1867776
mem:  1914368
mem:  1870848
mem:  1889280
mem:  1912832
mem:  1888768
mem:  1929216
mem:  1924608
mem:  1880064
mem:  1910784
mem:  1906176
mem:  1891840
mem:  1944576
mem:  1907200
mem:  1914880
mem:  1894400
mem:  1892352
mem:  1932800
mem:  1930752
mem:  1949184
mem:  1947136
mem:  1929216
mem:  1934336
mem:  1920000
mem:  1956864
mem:  1923072
mem:  1911296
mem:  1967616
mem:  1949696
mem:  1941504
mem:  1913856
mem:  1931264
mem:  1932800
mem:  1947648
mem:  1966080
mem:  1944576
mem:  1969152
mem:  1980416
mem:  1965056
mem:  1986048
mem:  1948672
mem:  1950208
mem:  1971200
mem:  1937408
mem:  1941504
mem:  1944064
mem:  1971200
mem:  1978880
mem:  1954816
mem:  1991680
mem:  1957888
mem:  1965568
mem:  1980416
mem:  2001408
mem:  1970176
mem:  2010624
mem:  2009600
mem:  2011136
mem:  1986048
mem:  2010624
mem:  1979392
mem:  1987072
mem:  2008064
mem:  1974272
mem:  2024448
mem:  2000384
mem:  2027520
mem:  2013184
mem:  1995264
mem:  1993216
mem:  2008064
mem:  1976832
mem:  2017280
mem:  2038272
mem:  2014208
mem:  2041344
mem:  2001408
mem:  2005504
mem:  2010624
mem:  2037760
mem:  2006528
mem:  2005504
mem:  2029056
mem:  2053632
mem:  2035712
mem:  1988608
mem:  2016768
mem:  2014720
mem:  2016256
mem:  2053120
mem:  2064384
mem:  2027008
mem:  2054144
mem:  2056704
mem:  2002432
mem:  2068480
mem:  2028544
