SLURM_JOBID=5050376
SLURM_JOB_NODELIST=svl7
SLURM_NNODES=1
SLURMTMPDIR=
working directory = /viscam/projects/objectfolder_benchmark/benchmarks/Multi_Sensory_3D_Reconstruction/code/models/MDN
Start_idx:  968
mem:  1536
mem:  1923584
mem:  1912320
mem:  1903104
mem:  1904640
mem:  1929216
mem:  1924608
mem:  1909248
mem:  1882624
mem:  1923072
mem:  1923584
mem:  1918976
mem:  1910784
mem:  1915904
mem:  1940480
mem:  1934848
mem:  1933824
mem:  1889280
mem:  1916416
mem:  1944576
mem:  1897472
mem:  1951232
mem:  1955328
mem:  1956864
mem:  1923072
mem:  1946624
mem:  1957888
mem:  1963008
mem:  1964544
mem:  1953792
mem:  1948160
mem:  1959424
mem:  1964544
mem:  1936896
mem:  1950720
mem:  1965568
mem:  1976832
mem:  1966080
mem:  1979904
mem:  1949696
mem:  1982976
mem:  1972224
mem:  1970176
mem:  1987584
mem:  1982976
mem:  1971200
mem:  1982464
mem:  1981440
mem:  1975808
mem:  1980928
mem:  1976320
mem:  1999872
mem:  1991680
mem:  2002944
mem:  2004480
mem:  1990144
mem:  2007552
mem:  2002944
mem:  2000896
mem:  2006016
mem:  1984512
mem:  1970176
mem:  2010624
mem:  2018304
mem:  2013696
mem:  2001920
mem:  2019328
mem:  2014720
mem:  2006528
mem:  2004480
mem:  2026496
mem:  2011136
mem:  2010112
mem:  2033664
mem:  2021888
mem:  2030592
mem:  2038272
mem:  2007040
mem:  2041344
mem:  2017280
mem:  2038272
mem:  2045952
mem:  2025472
mem:  2049024
mem:  2050560
mem:  2039808
mem:  2050048
mem:  2051584
mem:  2037248
mem:  2025472
mem:  2028032
mem:  2058752
mem:  2056704
mem:  2044928
mem:  2059776
mem:  2028544
mem:  2026496
mem:  2060800
mem:  2046464
mem:  2063872
