SLURM_JOBID=5049910
SLURM_JOB_NODELIST=svl1
SLURM_NNODES=1
SLURMTMPDIR=
working directory = /viscam/projects/objectfolder_benchmark/benchmarks/Multi_Sensory_3D_Reconstruction/code/models/MDN
Start_idx:  481
mem:  1536
mem:  1907712
mem:  1889280
mem:  1900544
mem:  1915392
mem:  1903616
mem:  1897984
mem:  1912832
mem:  1894912
mem:  1903616
mem:  1923584
mem:  1903104
mem:  1914368
mem:  1902592
mem:  1907712
mem:  1938432
mem:  1920512
mem:  1892864
mem:  1904128
mem:  1934848
mem:  1930240
mem:  1930752
mem:  1929728
mem:  1917952
mem:  1913344
mem:  1937920
mem:  1951744
mem:  1933824
mem:  1945088
mem:  1956352
mem:  1922560
mem:  1917952
mem:  1945088
mem:  1921024
mem:  1948160
mem:  1959424
mem:  1928192
mem:  1975808
mem:  1964032
mem:  1971712
mem:  1928192
mem:  1958912
mem:  1970176
mem:  1952256
mem:  1979392
mem:  1948160
mem:  1940992
mem:  1948672
mem:  1969664
mem:  1994240
mem:  1985024
mem:  1997312
mem:  1975808
mem:  1973760
mem:  1959424
mem:  1964544
mem:  1974784
mem:  1983488
mem:  1994752
mem:  1976832
mem:  1988096
mem:  1979904
mem:  1981440
mem:  1998848
mem:  2000384
mem:  1970176
mem:  1993728
mem:  1992704
mem:  1984512
mem:  1976320
mem:  2007040
mem:  2011136
mem:  2010112
mem:  2008064
mem:  1990144
mem:  2023424
mem:  2028544
mem:  2010624
mem:  2012160
mem:  1991680
mem:  2044416
mem:  2023936
mem:  2047488
mem:  2000384
mem:  2018816
mem:  2026496
mem:  2024448
mem:  2032128
mem:  2031104
mem:  2019328
mem:  2024448
mem:  2032128
mem:  2030080
mem:  2048512
mem:  2036736
mem:  2055168
mem:  2039808
mem:  2012160
mem:  2052608
mem:  2034688
