SLURM_JOBID=5050135
SLURM_JOB_NODELIST=svl2
SLURM_NNODES=1
SLURMTMPDIR=
working directory = /viscam/projects/objectfolder_benchmark/benchmarks/Multi_Sensory_3D_Reconstruction/code/models/MDN
Start_idx:  745
mem:  1536
mem:  1907712
mem:  1918464
mem:  1906688
mem:  1925120
mem:  1923072
mem:  1905152
mem:  1929728
mem:  1920512
mem:  1923072
mem:  1930752
mem:  1938432
mem:  1924096
mem:  1918464
mem:  1933312
mem:  1934848
mem:  1932800
mem:  1937920
mem:  1949184
mem:  1934848
mem:  1932800
mem:  1940480
mem:  1942016
mem:  1953280
mem:  1958400
mem:  1940480
mem:  1951744
mem:  1937408
mem:  1964544
mem:  1950208
mem:  1967616
mem:  1946112
mem:  1960960
mem:  1966080
mem:  1973760
mem:  1971712
mem:  1970688
mem:  1945600
mem:  1970176
mem:  1968128
mem:  1967104
mem:  1984512
mem:  1976320
mem:  1987584
mem:  1969664
mem:  1984512
mem:  1986048
mem:  1977856
mem:  1982976
mem:  1990656
mem:  1995776
mem:  1980416
mem:  1978368
mem:  1996800
mem:  1998336
mem:  1999872
mem:  1997824
mem:  1993216
mem:  1998336
mem:  2002432
mem:  2013696
mem:  1999360
mem:  2003456
mem:  2006016
mem:  2000384
mem:  1995776
mem:  2013184
mem:  2024448
mem:  2025984
mem:  2021376
mem:  2022912
mem:  2014720
mem:  2019840
mem:  2030080
mem:  2015744
mem:  2023424
mem:  2032128
mem:  2026496
mem:  2025472
mem:  2007552
mem:  2040832
mem:  2033664
mem:  2047488
mem:  2029568
mem:  2018816
mem:  2038784
mem:  2050048
mem:  2035712
mem:  2054144
mem:  2052096
mem:  2030592
mem:  2058752
mem:  2031104
mem:  2064384
mem:  2052608
mem:  2038272
mem:  2049536
mem:  2051072
mem:  2062336
mem:  2061312
