SLURM_JOBID=5049881
SLURM_JOB_NODELIST=svl9
SLURM_NNODES=1
SLURMTMPDIR=
working directory = /viscam/projects/objectfolder_benchmark/benchmarks/Multi_Sensory_3D_Reconstruction/code/models/MDN
Start_idx:  459
mem:  1536
mem:  1907712
mem:  1902592
mem:  1910272
mem:  1917952
mem:  1923072
mem:  1905152
mem:  1922560
mem:  1924096
mem:  1935360
mem:  1907712
mem:  1938432
mem:  1904640
mem:  1938944
mem:  1923584
mem:  1909248
mem:  1930240
mem:  1931776
mem:  1939456
mem:  1934848
mem:  1936384
mem:  1937920
mem:  1929728
mem:  1954304
mem:  1954816
mem:  1953792
mem:  1961472
mem:  1947136
mem:  1958400
mem:  1944064
mem:  1938432
mem:  1955840
mem:  1958400
mem:  1956352
mem:  1973760
mem:  1923072
mem:  1953792
mem:  1978368
mem:  1967616
mem:  1981440
mem:  1976832
mem:  1980928
mem:  1970176
mem:  1981440
mem:  1976832
mem:  1951744
mem:  1966592
mem:  1993728
mem:  1995264
mem:  1954304
mem:  1976320
mem:  1993728
mem:  1998848
mem:  2002944
mem:  1994752
mem:  1976832
mem:  2007552
mem:  1995776
mem:  2000896
mem:  1989120
mem:  2011136
mem:  2011648
mem:  2014208
mem:  2012160
mem:  2010112
mem:  1995776
mem:  2007040
mem:  2018304
mem:  2022400
mem:  2015232
mem:  2013184
mem:  2020864
mem:  2019840
mem:  1969152
mem:  2022912
mem:  2024448
mem:  2024960
mem:  2020352
mem:  2025472
mem:  2030592
mem:  2031104
mem:  2010624
mem:  2021888
mem:  2049024
mem:  2050560
mem:  2022912
mem:  2043904
mem:  2051584
mem:  2056704
mem:  2022912
mem:  2046464
mem:  2049024
mem:  2037248
mem:  2025472
mem:  2052608
mem:  2009088
mem:  2039808
mem:  1986560
mem:  2062336
mem:  2063872
