SLURM_JOBID=5049335
SLURM_JOB_NODELIST=svl15
SLURM_NNODES=1
SLURMTMPDIR=
working directory = /viscam/projects/objectfolder_benchmark/benchmarks/Multi_Sensory_3D_Reconstruction/code/models/MDN
Start_idx:  42
mem:  1536
mem:  1881088
mem:  1912320
mem:  1923584
mem:  1882624
mem:  1919488
mem:  1889280
mem:  1903104
mem:  1917952
mem:  1903616
mem:  1927168
mem:  1909248
mem:  1904640
mem:  1931776
mem:  1913856
mem:  1915392
mem:  1939968
mem:  1895424
mem:  1916416
mem:  1905664
mem:  1887744
mem:  1940480
mem:  1935872
mem:  1905664
mem:  1954816
mem:  1944064
mem:  1926144
mem:  1960448
mem:  1929216
mem:  1950208
mem:  1967616
mem:  1956864
mem:  1951232
mem:  1968640
mem:  1951744
mem:  1961984
mem:  1960960
mem:  1968640
mem:  1977344
mem:  1952256
mem:  1947648
mem:  1965056
mem:  1954304
mem:  1932800
mem:  1973248
mem:  1971200
mem:  1969152
mem:  1991168
mem:  1956352
mem:  1987072
mem:  1978880
mem:  1993728
mem:  1991680
mem:  2000384
mem:  1952256
mem:  1993728
mem:  1991680
mem:  2009088
mem:  1969152
mem:  1999872
mem:  2011136
mem:  1995776
mem:  1997312
mem:  1982976
mem:  2017280
mem:  1978880
mem:  1993728
mem:  2018304
mem:  2003968
mem:  2015232
mem:  2016768
mem:  2030592
mem:  1989632
mem:  1985024
mem:  2009600
mem:  2027008
mem:  1999360
mem:  2017792
mem:  2015744
mem:  2036736
mem:  2044416
mem:  2026496
mem:  2021888
mem:  2039296
mem:  2008064
mem:  2016768
mem:  2037760
mem:  2019840
mem:  2008064
mem:  2022912
mem:  2028032
mem:  2022400
mem:  2031104
mem:  2038784
mem:  2040320
mem:  2063872
mem:  2033664
mem:  2066944
mem:  2062336
mem:  2032128
mem:  2059264
mem:  2025472
mem:  2052608
mem:  2040832
mem:  2026496
mem:  2053632
mem:  2016256
mem:  2046976
mem:  2022912
mem:  2046464
mem:  2035712
mem:  2066432
mem:  2044928
mem:  2034176
mem:  2051584
mem:  2053120
mem:  2051072
mem:  2017280
mem:  2071040
mem:  2068992
mem:  2060800
mem:  2062336
mem:  2040832
mem:  2088448
mem:  2030592
mem:  2097664
mem:  2083328
mem:  2067968
mem:  2096128
mem:  2086912
mem:  2070016
mem:  2097152
mem:  2104832
mem:  2084352
mem:  2082304
mem:  2089984
mem:  2097664
mem:  2079744
mem:  2094592
mem:  2080256
mem:  2091520
mem:  2096640
mem:  2094592
mem:  2115584
mem:  2107392
mem:  2095616
mem:  2084864
mem:  2102272
mem:  2123264
mem:  2082304
mem:  2100736
mem:  2101248
mem:  2122240
mem:  2094592
mem:  2125312
mem:  2110976
mem:  2131968
mem:  2091008
mem:  2154496
mem:  2132992
mem:  2144256
mem:  2129920
mem:  2135040
mem:  2107392
mem:  2112512
mem:  2149376
mem:  2115584
mem:  2129408
mem:  2085888
mem:  2132480
mem:  2179072
mem:  2148864
mem:  2114048
mem:  2128896
mem:  2124288
mem:  2151424
mem:  2150400
mem:  2167808
mem:  2192384
mem:  2151424
mem:  2145792
mem:  2164224
mem:  2158592
mem:  2173440
mem:  2165248
mem:  2193408
mem:  2152448
mem:  2176000
mem:  2151936
mem:  2157056
mem:  2142720
mem:  2153984
mem:  2184704
mem:  2185216
mem:  2168320
mem:  2207744
mem:  2154496
mem:  2175488
mem:  2164736
mem:  2198016
mem:  2176512
mem:  2204672
mem:  2212352
mem:  2194432
mem:  2234880
mem:  2216960
mem:  2237952
mem:  2216448
mem:  2195968
mem:  2190336
mem:  2224640
mem:  2194432
mem:  2188800
mem:  2174464
mem:  2237952
mem:  2235904
mem:  2240000
mem:  2223104
mem:  2224640
mem:  2245632
mem:  2249728
mem:  2251264
mem:  2262528
mem:  2228736
mem:  2197504
mem:  2228224
mem:  2249216
mem:  2254336
mem:  2265600
mem:  2257408
mem:  2239488
mem:  2272768
mem:  2258432
mem:  2250240
mem:  2248192
mem:  2211840
mem:  2245120
mem:  2236928
mem:  2255360
mem:  2259456
mem:  2284032
mem:  2239488
mem:  2257920
mem:  2282496
mem:  2270720
mem:  2275840
mem:  2256896
mem:  2278912
mem:  2276864
mem:  2274816
mem:  2270208
mem:  2254848
mem:  2279424
mem:  2294272
mem:  2263040
mem:  2297344
mem:  2246656
mem:  2302976
mem:  2278912
mem:  2290176
mem:  2314752
mem:  2264064
mem:  2310656
mem:  2315776
mem:  2307584
mem:  2324992
mem:  2294784
mem:  2315776
mem:  2268672
mem:  2309120
mem:  2313216
mem:  2328064
mem:  2313728
mem:  2309120
mem:  2303488
mem:  2279424
mem:  2333184
mem:  2331136
mem:  2325504
mem:  2314752
mem:  2326016
mem:  2323968
mem:  2321920
mem:  2281984
mem:  2309120
mem:  2339840
mem:  2357248
mem:  2301440
mem:  2357760
mem:  2345984
mem:  2318336
mem:  2333184
mem:  2370048
mem:  2345984
mem:  2369536
mem:  2310144
mem:  2354176
mem:  2297344
mem:  2334208
mem:  2351616
mem:  2359296
mem:  2374144
mem:  2352640
mem:  2341888
mem:  2333696
mem:  2308608
mem:  2320896
mem:  2344448
mem:  2362880
mem:  2337792
mem:  2372096
mem:  2356736
mem:  2355712
mem:  2351104
mem:  2339328
mem:  2286080
mem:  2384896
mem:  2363392
mem:  2348032
mem:  2353152
mem:  2354688
mem:  2375680
mem:  2402816
mem:  2378752
mem:  2370560
mem:  2395136
mem:  2338304
mem:  2372608
mem:  2360832
mem:  2346496
mem:  2393088
mem:  2378752
mem:  2412032
mem:  2358784
mem:  2360320
mem:  2422784
mem:  2392576
mem:  2433024
mem:  2407936
mem:  2419200
mem:  2424320
mem:  2432000
mem:  2395648
mem:  2419200
mem:  2411008
mem:  2406400
mem:  2427392
mem:  2412032
mem:  2401280
mem:  2434560
mem:  2410496
mem:  2448384
mem:  2411008
mem:  2405376
mem:  2436096
mem:  2414592
mem:  2429440
mem:  2424832
mem:  2471424
mem:  2443776
mem:  2441728
mem:  2446848
mem:  2454528
mem:  2449920
mem:  2461184
mem:  2456576
mem:  2467840
mem:  2440192
mem:  2447872
mem:  2426368
mem:  2473984
mem:  2465792
mem:  2440704
mem:  2429952
mem:  2412032
mem:  2485248
mem:  2460160
mem:  2438656
mem:  2476544
mem:  2478080
mem:  2417664
mem:  2500608
mem:  2472960
mem:  2445312
mem:  2443264
mem:  2470400
mem:  2465792
mem:  2473472
mem:  2476032
mem:  2499584
mem:  2504704
mem:  2502656
mem:  2491904
mem:  2470400
mem:  2478080
mem:  2492928
mem:  2481152
mem:  2492416
mem:  2503680
mem:  2521088
mem:  2465280
mem:  2537472
mem:  2526720
mem:  2505216
mem:  2542080
mem:  2543616
mem:  2523136
mem:  2533376
mem:  2538496
mem:  2549760
mem:  2551296
mem:  2552832
mem:  2534912
mem:  2552320
mem:  2553856
mem:  2545664
mem:  2556928
mem:  2558464
mem:  2557440
mem:  2535936
mem:  2556928
mem:  2555904
mem:  2553856
mem:  2532352
mem:  2572800
mem:  2564608
mem:  2550272
mem:  2577408
mem:  2578944
mem:  2564608
mem:  2579456
mem:  2577408
mem:  2578944
mem:  2567168
mem:  2582016
mem:  2587136
mem:  2591232
mem:  2580480
mem:  2565120
mem:  2582528
mem:  2597376
mem:  2596352
mem:  2594304
mem:  2598400
mem:  2600960
mem:  2572288
mem:  2600448
mem:  2598400
mem:  2590208
mem:  2611200
mem:  2596864
mem:  2608128
mem:  2599936
mem:  2614784
mem:  2618880
mem:  2608128
mem:  2590208
mem:  2623488
mem:  2592256
mem:  2620416
mem:  2628096
mem:  2627072
mem:  2615296
mem:  2632704
mem:  2614784
mem:  2616320
mem:  2631168
mem:  2636288
mem:  2628096
mem:  2635776
mem:  2643456
mem:  2619392
mem:  2643968
mem:  2644480
mem:  2643456
mem:  2651136
mem:  2640384
mem:  2650624
mem:  2655744
mem:  2651136
mem:  2652672
mem:  2650624
mem:  2648576
mem:  2637824
mem:  2664960
mem:  2653184
mem:  2655744
mem:  2659840
mem:  2671104
mem:  2672640
mem:  2651136
mem:  2659840
mem:  2674688
mem:  2675200
mem:  2680320
mem:  2681856
mem:  2680832
mem:  2653184
mem:  2680320
mem:  2688000
mem:  2663936
mem:  2671616
mem:  2692608
mem:  2694144
mem:  2689536
mem:  2684928
mem:  2692608
mem:  2700288
mem:  2701824
mem:  2703360
mem:  2675712
mem:  2661376
mem:  2705408
mem:  2658304
mem:  2701312
mem:  2699264
mem:  2655744
mem:  2660864
mem:  2711040
mem:  2718720
mem:  2716672
mem:  2682880
mem:  2701312
mem:  2708992
mem:  2710528
mem:  2714624
mem:  2717184
mem:  2731008
mem:  2681344
mem:  2708480
mem:  2725888
mem:  2717696
mem:  2719232
mem:  2688000
mem:  2732032
mem:  2717696
mem:  2709504
mem:  2707456
mem:  2741760
mem:  2743296
mem:  2727936
mem:  2746368
mem:  2747904
mem:  2755584
mem:  2702336
mem:  2758656
mem:  2754048
mem:  2759168
mem:  2740224
mem:  2761216
mem:  2721280
mem:  2728960
mem:  2769408
mem:  2722304
mem:  2772480
mem:  2732544
mem:  2743808
mem:  2761216
mem:  2775040
mem:  2760704
mem:  2762240
mem:  2770944
mem:  2782208
mem:  2766848
mem:  2771968
mem:  2763776
mem:  2732544
mem:  2759680
mem:  2778112
mem:  2776064
mem:  2726400
mem:  2779136
mem:  2796544
mem:  2791936
mem:  2800640
mem:  2795008
mem:  2767360
mem:  2772480
mem:  2793472
mem:  2797568
mem:  2802688
mem:  2811392
mem:  2812928
mem:  2774528
mem:  2799104
mem:  2804224
mem:  2821632
mem:  2781696
mem:  2824704
mem:  2810368
mem:  2827776
mem:  2826752
mem:  2811392
mem:  2799616
mem:  2827776
mem:  2822144
mem:  2836992
mem:  2822656
mem:  2814464
mem:  2841600
