SLURM_JOBID=5049822
SLURM_JOB_NODELIST=svl1
SLURM_NNODES=1
SLURMTMPDIR=
working directory = /viscam/projects/objectfolder_benchmark/benchmarks/Multi_Sensory_3D_Reconstruction/code/models/MDN
Start_idx:  376
mem:  1536
mem:  1920000
mem:  1863680
mem:  1910272
mem:  1892352
mem:  1909760
mem:  1875968
mem:  1916416
mem:  1904640
mem:  1900032
mem:  1921024
mem:  1909248
mem:  1916928
mem:  1941504
mem:  1943040
mem:  1911808
mem:  1926656
mem:  1935360
mem:  1949184
mem:  1911808
mem:  1907200
mem:  1937920
mem:  1900544
mem:  1944576
mem:  1923072
mem:  1930752
mem:  1926144
mem:  1937408
mem:  1919488
mem:  1904128
mem:  1928704
mem:  1947136
mem:  1967104
mem:  1936896
mem:  1948160
mem:  1971712
mem:  1960960
mem:  1923584
mem:  1979904
mem:  1952256
mem:  1941504
mem:  1945600
mem:  1950720
mem:  1929216
mem:  1963520
mem:  1980928
mem:  1933824
mem:  1958400
mem:  1991680
mem:  1934848
mem:  1939968
mem:  1980416
mem:  1956352
mem:  1971200
mem:  2000896
mem:  1967104
mem:  1958912
mem:  1983488
mem:  1975296
mem:  1986560
mem:  1965056
mem:  1966592
mem:  1981440
mem:  1989120
mem:  2019840
mem:  1982464
mem:  2016768
mem:  2014720
mem:  2016256
mem:  2017792
mem:  1993728
mem:  2004992
mem:  2009088
mem:  1959424
mem:  1976832
mem:  2007552
mem:  1993216
mem:  2033664
mem:  2041344
mem:  2029568
mem:  2040832
mem:  2016768
mem:  2012160
mem:  2039296
mem:  2005504
mem:  2029056
mem:  2040320
mem:  2019840
mem:  2011648
mem:  2032640
mem:  2037760
mem:  2051584
mem:  2017792
mem:  2013184
mem:  2033152
mem:  2063872
mem:  2033664
mem:  2019328
mem:  2023424
mem:  2044416
