SLURM_JOBID=5050208
SLURM_JOB_NODELIST=svl3
SLURM_NNODES=1
SLURMTMPDIR=
working directory = /viscam/projects/objectfolder_benchmark/benchmarks/Multi_Sensory_3D_Reconstruction/code/models/MDN
Start_idx:  789
mem:  1536
mem:  1884672
mem:  1912320
mem:  1883648
mem:  1904640
mem:  1915904
mem:  1918464
mem:  1922560
mem:  1911808
mem:  1929216
mem:  1885696
mem:  1905664
mem:  1901056
mem:  1925632
mem:  1904128
mem:  1895936
mem:  1923072
mem:  1912320
mem:  1943040
mem:  1915392
mem:  1923072
mem:  1944064
mem:  1926144
mem:  1911808
mem:  1948672
mem:  1928192
mem:  1957888
mem:  1937408
mem:  1941504
mem:  1956352
mem:  1967616
mem:  1924096
mem:  1918464
mem:  1959936
mem:  1942016
mem:  1963008
mem:  1951232
mem:  1962496
mem:  1960448
mem:  1975296
mem:  1944064
mem:  1955328
mem:  1983488
mem:  1971712
mem:  1985536
mem:  1942016
mem:  1937408
mem:  1993728
mem:  1995264
mem:  1977344
mem:  1986048
mem:  1990144
mem:  1975808
mem:  1977344
mem:  1988608
mem:  2006016
mem:  1978368
mem:  1989632
mem:  1991168
mem:  2006016
mem:  1991680
mem:  2009088
mem:  1971712
mem:  1982976
mem:  2013696
mem:  1992192
mem:  2003456
mem:  1979392
mem:  2019840
mem:  1982464
mem:  2006016
mem:  1975808
mem:  2006528
mem:  2014208
mem:  2035200
mem:  2017280
mem:  2018816
mem:  2026496
mem:  2018304
mem:  1994240
mem:  2032128
mem:  2036224
mem:  1992704
mem:  1994240
mem:  2044416
mem:  2052096
mem:  2037760
mem:  2029568
mem:  2037248
mem:  2025472
mem:  2059776
mem:  2025984
mem:  2050560
mem:  2044928
mem:  2056192
mem:  2022400
mem:  2059264
mem:  2070528
mem:  2056192
mem:  2073600
