SLURM_JOBID=5050075
SLURM_JOB_NODELIST=svl10
SLURM_NNODES=1
SLURMTMPDIR=
working directory = /viscam/projects/objectfolder_benchmark/benchmarks/Multi_Sensory_3D_Reconstruction/code/models/MDN
Start_idx:  668
mem:  1536
mem:  1907712
mem:  1875968
mem:  1881088
mem:  1902080
mem:  1919488
mem:  1918464
mem:  1900544
mem:  1904640
mem:  1931776
mem:  1923584
mem:  1899520
mem:  1904640
mem:  1892864
mem:  1939456
mem:  1902080
mem:  1933824
mem:  1928192
mem:  1907712
mem:  1915392
mem:  1916928
mem:  1921024
mem:  1945600
mem:  1917952
mem:  1929216
mem:  1934336
mem:  1932288
mem:  1937408
mem:  1931776
mem:  1940480
mem:  1942016
mem:  1943552
mem:  1945088
mem:  1930752
mem:  1964032
mem:  1955840
mem:  1957376
mem:  1943040
mem:  1934848
mem:  1942528
mem:  1957376
mem:  1945600
mem:  1960448
mem:  1977856
mem:  1944064
mem:  1961472
mem:  1939968
mem:  1990144
mem:  1985536
mem:  1951744
mem:  1982464
mem:  1986560
mem:  1950208
mem:  1983488
mem:  1988608
mem:  1973248
mem:  1988096
mem:  1987072
mem:  1949696
mem:  2002432
mem:  1994240
mem:  1989632
mem:  1964544
mem:  1976832
mem:  2019840
mem:  1986048
mem:  1984000
mem:  2008576
mem:  1990656
mem:  1995776
mem:  2015744
mem:  1972224
mem:  2000384
mem:  2027520
mem:  1990144
mem:  1997824
mem:  2022400
mem:  2004480
mem:  1996288
mem:  2039296
mem:  2034688
mem:  1971712
mem:  2041344
mem:  2019840
mem:  2034688
mem:  2045952
mem:  2031616
mem:  2012672
mem:  2014208
mem:  2042368
mem:  2024448
mem:  2055168
mem:  2046976
mem:  2044928
mem:  2023424
mem:  2054144
mem:  2030080
mem:  2054656
mem:  2068480
mem:  2044416
