SLURM_JOBID=5049857
SLURM_JOB_NODELIST=svl5
SLURM_NNODES=1
SLURMTMPDIR=
working directory = /viscam/projects/objectfolder_benchmark/benchmarks/Multi_Sensory_3D_Reconstruction/code/models/MDN
Start_idx:  446
mem:  1536
mem:  1920000
mem:  1912320
mem:  1884672
mem:  1905664
mem:  1896448
mem:  1885696
mem:  1928704
mem:  1924096
mem:  1919488
mem:  1897984
mem:  1932288
mem:  1920512
mem:  1912320
mem:  1927168
mem:  1895936
mem:  1939968
mem:  1922048
mem:  1916416
mem:  1944576
mem:  1942528
mem:  1937920
mem:  1935872
mem:  1933824
mem:  1913344
mem:  1946624
mem:  1951744
mem:  1933824
mem:  1958400
mem:  1956352
mem:  1954304
mem:  1953280
mem:  1954816
mem:  1959936
mem:  1973760
mem:  1963008
mem:  1953792
mem:  1933312
mem:  1944576
mem:  1978880
mem:  1982976
mem:  1965056
mem:  1940992
mem:  1948672
mem:  1956352
mem:  1949184
mem:  1978880
mem:  1984000
mem:  1943040
mem:  1980928
mem:  1969152
mem:  1999872
mem:  1991680
mem:  1996800
mem:  1975296
mem:  1986560
mem:  1984512
mem:  1979904
mem:  1994752
mem:  1976832
mem:  1968640
mem:  2005504
mem:  1991168
mem:  2006016
mem:  1988096
mem:  2001920
mem:  2016768
mem:  1989120
mem:  2013696
mem:  1992192
mem:  2025472
mem:  2020864
mem:  1987072
mem:  2020352
mem:  1996288
mem:  1997824
mem:  2028544
mem:  1994752
mem:  2025472
mem:  2036736
mem:  2028544
mem:  2013184
mem:  2004992
mem:  2033152
mem:  2046976
mem:  2003456
mem:  2047488
mem:  2000384
mem:  2040832
mem:  2029056
mem:  2043904
mem:  2038272
mem:  2059264
mem:  2042368
mem:  2065920
mem:  2038272
mem:  2045952
mem:  2044928
mem:  2040320
mem:  2044416
