SLURM_JOBID=5049720
SLURM_JOB_NODELIST=svl1
SLURM_NNODES=1
SLURMTMPDIR=
working directory = /viscam/projects/objectfolder_benchmark/benchmarks/Multi_Sensory_3D_Reconstruction/code/models/MDN
Start_idx:  263
mem:  1536
mem:  1888256
mem:  1883136
mem:  1867776
mem:  1872896
mem:  1878016
mem:  1891840
mem:  1922560
mem:  1882624
mem:  1903616
mem:  1911296
mem:  1864192
mem:  1901056
mem:  1908736
mem:  1921024
mem:  1925120
mem:  1897472
mem:  1914880
mem:  1935872
mem:  1915392
mem:  1897472
mem:  1911296
mem:  1945600
mem:  1879040
mem:  1926656
mem:  1901568
mem:  1910272
mem:  1917952
mem:  1938944
mem:  1930752
mem:  1916416
mem:  1949696
mem:  1892864
mem:  1917440
mem:  1909248
mem:  1920512
mem:  1976832
mem:  1920000
mem:  1934848
mem:  1890304
mem:  1947648
mem:  1955328
mem:  1947136
mem:  1923072
mem:  1934336
mem:  1987072
mem:  1966592
mem:  1929216
mem:  1956352
mem:  1984512
mem:  1930240
mem:  1997312
mem:  1940480
mem:  1948160
mem:  1939968
mem:  1976832
mem:  1995264
mem:  2009088
mem:  1958400
mem:  1998848
mem:  1965056
mem:  1947136
mem:  1955840
mem:  1985536
mem:  1990656
mem:  2008064
mem:  1964544
mem:  2021888
mem:  1996800
mem:  1976320
mem:  2016768
mem:  1940480
mem:  1983488
mem:  1998336
mem:  2013184
mem:  2011136
mem:  2034688
mem:  2039808
mem:  2015744
mem:  1988096
mem:  2015232
mem:  2003456
mem:  2004992
mem:  2000384
mem:  2005504
mem:  2036224
mem:  2004992
mem:  2039296
mem:  2034688
mem:  2032640
mem:  2034176
mem:  2045440
mem:  2027520
mem:  2003456
mem:  2036736
mem:  2022400
mem:  2010624
mem:  2009600
mem:  2052608
mem:  2051584
