SLURM_JOBID=5050105
SLURM_JOB_NODELIST=svl2
SLURM_NNODES=1
SLURMTMPDIR=
working directory = /viscam/projects/objectfolder_benchmark/benchmarks/Multi_Sensory_3D_Reconstruction/code/models/MDN
Start_idx:  683
mem:  1536
mem:  1855488
mem:  1905152
mem:  1906688
mem:  1898496
mem:  1900032
mem:  1914880
mem:  1889792
mem:  1869312
mem:  1900032
mem:  1933312
mem:  1926144
mem:  1924096
mem:  1896448
mem:  1933312
mem:  1934848
mem:  1916928
mem:  1925632
mem:  1920000
mem:  1934848
mem:  1946112
mem:  1940480
mem:  1900544
mem:  1943552
mem:  1952256
mem:  1950208
mem:  1899520
mem:  1937408
mem:  1948672
mem:  1934336
mem:  1935872
mem:  1955840
mem:  1964544
mem:  1966080
mem:  1944576
mem:  1946112
mem:  1954816
mem:  1945600
mem:  1944576
mem:  1965568
mem:  1924608
mem:  1942016
mem:  1956864
mem:  1961984
mem:  1973248
mem:  1974784
mem:  1950720
mem:  1960960
mem:  1953792
mem:  1977344
mem:  1976320
mem:  1980416
mem:  1995264
mem:  2000384
mem:  1988608
mem:  1984000
mem:  1988096
mem:  2009088
mem:  2000896
mem:  1989120
mem:  2003968
mem:  1993216
mem:  2007040
mem:  1998848
mem:  1997824
mem:  2005504
mem:  2010624
mem:  1998848
mem:  2010112
mem:  2014208
mem:  2013184
mem:  2011136
mem:  2025984
mem:  1992192
mem:  2012160
mem:  2020864
mem:  2022400
mem:  2020352
mem:  2006016
mem:  2036736
mem:  2040832
mem:  2033664
mem:  2018304
mem:  2029568
mem:  2015232
mem:  2022912
mem:  2018304
mem:  2045440
mem:  2050560
mem:  2032640
mem:  2036736
mem:  2061312
mem:  2033664
mem:  2044928
mem:  2040320
mem:  2051584
mem:  2037248
mem:  2060800
mem:  2042880
mem:  2044416
