SLURM_JOBID=5049363
SLURM_JOB_NODELIST=svl18
SLURM_NNODES=1
SLURMTMPDIR=
working directory = /viscam/projects/objectfolder_benchmark/benchmarks/Multi_Sensory_3D_Reconstruction/code/models/MDN
Start_idx:  43
mem:  1536
mem:  1874944
mem:  1892864
mem:  1903104
mem:  1911808
mem:  1913344
mem:  1921024
mem:  1928704
mem:  1917952
mem:  1896448
mem:  1936896
mem:  1922560
mem:  1898496
mem:  1925632
mem:  1923584
mem:  1940992
mem:  1939968
mem:  1918464
mem:  1949184
mem:  1937408
mem:  1952256
mem:  1953792
mem:  1942016
mem:  1927680
mem:  1935360
mem:  1934336
mem:  1942016
mem:  1956864
mem:  1929216
mem:  1933312
mem:  1965056
mem:  1956864
mem:  1960960
mem:  1966080
mem:  1964032
mem:  1963008
mem:  1973248
mem:  1939456
mem:  1977344
mem:  1971712
mem:  1963520
mem:  1965056
mem:  1979904
mem:  1952256
mem:  1982976
mem:  1988096
mem:  1992192
mem:  1980416
mem:  1982976
mem:  1977344
mem:  1976320
mem:  1980416
mem:  1995264
mem:  1950720
mem:  2000896
mem:  1999872
mem:  2007552
mem:  2009088
mem:  1987584
mem:  1989120
mem:  1997824
mem:  2009088
mem:  2000896
mem:  1982976
mem:  2006528
mem:  1978880
mem:  2013184
mem:  2024448
mem:  2019840
mem:  2017792
mem:  2029056
mem:  2001408
mem:  2012672
mem:  1998336
mem:  2035200
mem:  2027008
mem:  2032128
mem:  1998336
mem:  2015744
mem:  1988096
mem:  2021376
mem:  2030080
mem:  2047488
mem:  2035712
mem:  2034688
mem:  2022912
mem:  2050048
mem:  2012672
mem:  2054144
mem:  2038784
mem:  2053632
mem:  2051584
mem:  2056704
mem:  2051072
mem:  2046464
mem:  2057728
mem:  2043392
mem:  2038784
mem:  2062336
mem:  2073600
mem:  2072576
mem:  2051072
mem:  2065920
mem:  2056704
mem:  2065408
mem:  2059776
mem:  2055168
mem:  2072576
mem:  2065408
mem:  2069504
mem:  2058752
mem:  2068992
mem:  2077696
mem:  2063360
mem:  2073600
mem:  2068992
mem:  2035200
mem:  2075648
mem:  2089472
mem:  2078720
mem:  2089984
mem:  2097664
mem:  2089472
mem:  2091008
mem:  2053632
mem:  2058752
mem:  2095616
mem:  2100736
mem:  2108416
mem:  2097664
mem:  2088448
mem:  2103296
mem:  2108416
mem:  2119680
mem:  2098176
mem:  2109440
mem:  2110976
mem:  2122240
mem:  2123776
mem:  2109440
mem:  2117120
mem:  2122240
mem:  2123776
mem:  2112000
mem:  2126848
mem:  2115072
mem:  2116608
mem:  2095104
mem:  2125824
mem:  2138112
mem:  2126336
mem:  2131456
mem:  2142720
mem:  2137088
mem:  2138624
mem:  2137600
mem:  2139136
mem:  2121216
mem:  2144768
mem:  2159616
mem:  2131968
mem:  2152960
mem:  2150912
mem:  2148864
mem:  2157568
mem:  2136064
mem:  2154496
mem:  2156032
mem:  2160128
mem:  2155520
mem:  2160640
mem:  2158592
mem:  2166272
mem:  2167808
mem:  2153472
mem:  2161152
mem:  2156544
mem:  2180096
mem:  2175488
mem:  2173440
mem:  2168832
mem:  2176512
mem:  2165760
mem:  2170880
mem:  2184704
mem:  2180096
mem:  2174464
mem:  2189312
mem:  2171392
mem:  2180096
mem:  2181632
mem:  2176000
mem:  2200576
mem:  2194944
mem:  2184192
mem:  2191872
mem:  2210304
mem:  2208256
mem:  2193920
mem:  2221056
mem:  2193408
mem:  2204672
mem:  2200064
mem:  2165248
mem:  2195968
mem:  2174464
mem:  2167296
mem:  2226176
mem:  2208256
mem:  2229248
mem:  2179584
mem:  2193408
mem:  2227712
mem:  2225664
mem:  2207744
mem:  2232320
mem:  2240000
mem:  2225664
mem:  2211328
mem:  2244608
mem:  2210816
mem:  2219520
mem:  2236928
mem:  2250752
mem:  2226688
mem:  2241536
mem:  2220032
mem:  2250752
mem:  2232832
mem:  2250240
mem:  2251776
mem:  2263040
mem:  2255872
mem:  2257408
mem:  2235904
mem:  2231296
mem:  2245120
mem:  2266112
mem:  2248192
mem:  2259456
mem:  2258432
mem:  2220032
mem:  2271232
mem:  2259456
mem:  2251264
mem:  2272256
mem:  2244608
mem:  2259456
mem:  2273280
mem:  2262528
mem:  2295808
mem:  2271744
mem:  2267136
mem:  2261504
mem:  2260480
mem:  2291200
mem:  2275840
mem:  2287104
mem:  2278912
mem:  2251264
mem:  2266112
mem:  2312704
mem:  2308096
mem:  2306048
mem:  2288128
mem:  2293248
mem:  2314240
mem:  2280448
mem:  2297856
mem:  2279936
mem:  2320384
mem:  2314752
mem:  2294272
mem:  2292224
mem:  2303488
mem:  2311168
mem:  2296832
mem:  2305536
mem:  2319360
mem:  2340352
mem:  2328576
mem:  2304512
mem:  2335232
mem:  2301440
mem:  2306560
mem:  2278912
mem:  2335232
mem:  2317312
mem:  2321408
mem:  2326528
mem:  2296320
mem:  2339328
mem:  2354176
mem:  2358272
mem:  2347520
mem:  2310144
mem:  2331136
mem:  2329088
mem:  2340352
mem:  2361344
