SLURM_JOBID=5050410
SLURM_JOB_NODELIST=svl10
SLURM_NNODES=1
SLURMTMPDIR=
working directory = /viscam/projects/objectfolder_benchmark/benchmarks/Multi_Sensory_3D_Reconstruction/code/models/MDN
Start_idx:  997
mem:  1536
mem:  1921024
mem:  1899008
mem:  1916416
mem:  1892352
mem:  1915904
mem:  1882112
mem:  1920000
mem:  1924096
mem:  1925632
mem:  1907712
mem:  1934848
mem:  1924096
mem:  1909760
mem:  1930752
mem:  1922560
mem:  1910784
mem:  1896448
mem:  1916416
mem:  1895936
mem:  1932800
mem:  1924608
mem:  1926144
mem:  1933824
mem:  1948672
mem:  1950208
mem:  1942016
mem:  1937408
mem:  1954816
mem:  1921024
mem:  1934848
mem:  1953280
mem:  1957376
mem:  1968640
mem:  1961472
mem:  1972736
mem:  1924608
mem:  1968640
mem:  1973760
mem:  1958400
mem:  1950208
mem:  1972224
mem:  1956864
mem:  1987584
mem:  1973248
mem:  1958912
mem:  1972736
mem:  1981440
mem:  1969664
mem:  1983488
mem:  1995776
mem:  1938944
mem:  1950208
mem:  1993216
mem:  1988608
mem:  1999872
mem:  1966080
mem:  1977344
mem:  1991168
mem:  2009600
mem:  1974784
mem:  1999360
mem:  1961984
mem:  2008576
mem:  2013696
mem:  2008064
mem:  1961984
mem:  2012160
mem:  1993216
mem:  2011648
mem:  1999872
mem:  2024448
mem:  2032128
mem:  2004480
mem:  2025472
mem:  2011136
mem:  2028544
mem:  1994752
mem:  2031616
mem:  2000384
mem:  2024960
mem:  2033664
mem:  2041344
mem:  2029568
mem:  2038272
mem:  2042368
mem:  2001408
mem:  2055168
mem:  2021376
mem:  2036224
mem:  2040320
mem:  2055168
mem:  2037248
mem:  2035200
mem:  2023424
mem:  2035712
mem:  2068992
mem:  2044928
mem:  2027008
mem:  2060288
