SLURM_JOBID=5049844
SLURM_JOB_NODELIST=svl3
SLURM_NNODES=1
SLURMTMPDIR=
working directory = /viscam/projects/objectfolder_benchmark/benchmarks/Multi_Sensory_3D_Reconstruction/code/models/MDN
Start_idx:  393
mem:  1536
mem:  1901568
mem:  1901568
mem:  1900544
mem:  1895936
mem:  1907200
mem:  1905152
mem:  1883648
mem:  1914368
mem:  1919488
mem:  1917440
mem:  1918976
mem:  1920512
mem:  1919488
mem:  1904128
mem:  1915392
mem:  1924096
mem:  1918464
mem:  1927168
mem:  1931264
mem:  1878016
mem:  1928192
mem:  1935872
mem:  1927680
mem:  1893888
mem:  1940480
mem:  1942016
mem:  1924096
mem:  1925632
mem:  1940480
mem:  1948160
mem:  1943552
mem:  1922048
mem:  1946624
mem:  1928704
mem:  1936384
mem:  1928192
mem:  1949184
mem:  1944576
mem:  1961984
mem:  1934336
mem:  1910272
mem:  1960448
mem:  1955840
mem:  1969664
mem:  1955328
mem:  1969152
mem:  1971712
mem:  1972224
mem:  1971200
mem:  1949696
mem:  1974272
mem:  1979392
mem:  1983488
mem:  1985024
mem:  1953792
mem:  1972224
mem:  1987072
mem:  1981440
mem:  1992704
mem:  1990656
mem:  1976320
mem:  1993728
mem:  1992704
mem:  1994240
mem:  2005504
mem:  2003456
mem:  1995264
mem:  1996800
mem:  1994752
mem:  2009600
mem:  1985536
mem:  2000384
mem:  2004480
mem:  2003456
mem:  2011136
mem:  2012672
mem:  1997312
mem:  1992704
mem:  2017280
mem:  2021376
mem:  2000896
mem:  2015744
mem:  2023424
mem:  2011648
mem:  2032640
mem:  2021888
mem:  2032128
mem:  2031104
mem:  2036224
mem:  2034176
mem:  2035712
mem:  2008064
mem:  2012160
mem:  2036736
mem:  2045440
mem:  2039808
mem:  2051072
mem:  2056192
mem:  2028544
