SLURM_JOBID=5049673
SLURM_JOB_NODELIST=svl1
SLURM_NNODES=1
SLURMTMPDIR=
working directory = /viscam/projects/objectfolder_benchmark/benchmarks/Multi_Sensory_3D_Reconstruction/code/models/MDN
Start_idx:  190
mem:  1536
mem:  1913856
mem:  1872384
mem:  1858048
mem:  1872896
mem:  1851392
mem:  1878528
mem:  1932288
mem:  1872896
mem:  1864704
mem:  1885696
mem:  1887232
mem:  1862144
mem:  1883136
mem:  1901568
mem:  1889792
mem:  1946112
mem:  1908736
mem:  1913856
mem:  1927680
mem:  1952256
mem:  1953792
mem:  1942016
mem:  1908224
mem:  1958400
mem:  1895424
mem:  1961472
mem:  1960448
mem:  1893888
mem:  1895424
mem:  1942016
mem:  1930240
mem:  1912320
mem:  1972224
mem:  1973760
mem:  1916928
mem:  1945088
mem:  1881088
mem:  1921536
mem:  1903616
mem:  1895424
mem:  1945600
mem:  1908224
mem:  1935360
mem:  1924608
mem:  1955328
mem:  1930240
mem:  1915904
mem:  1930752
mem:  1925120
mem:  1930240
mem:  1925632
mem:  1946624
mem:  1934848
mem:  1955840
mem:  1947648
mem:  1958912
mem:  1976320
mem:  1965568
mem:  1959936
mem:  1910272
mem:  1963008
mem:  1987584
mem:  1921024
mem:  2010112
mem:  1947136
mem:  2003456
mem:  1950208
mem:  1964032
mem:  1949696
mem:  2006016
mem:  1968640
mem:  1960448
mem:  2001920
mem:  2006016
mem:  1991680
mem:  2002944
mem:  1981440
mem:  1967104
mem:  1955328
mem:  1983488
mem:  1994752
mem:  2002432
mem:  2010112
mem:  2015232
mem:  2032640
mem:  2050048
mem:  2055168
mem:  1982464
mem:  2029056
mem:  1981952
mem:  2057728
mem:  2004480
mem:  2051072
mem:  2063360
mem:  1987072
mem:  2008064
mem:  2025472
mem:  2007552
mem:  2009088
