SLURM_JOBID=5049990
SLURM_JOB_NODELIST=svl2
SLURM_NNODES=1
SLURMTMPDIR=
working directory = /viscam/projects/objectfolder_benchmark/benchmarks/Multi_Sensory_3D_Reconstruction/code/models/MDN
Start_idx:  572
mem:  1536
mem:  1861632
mem:  1895424
mem:  1900544
mem:  1879040
mem:  1909760
mem:  1879552
mem:  1906688
mem:  1865728
mem:  1903616
mem:  1859072
mem:  1922560
mem:  1901056
mem:  1886720
mem:  1936896
mem:  1889792
mem:  1868288
mem:  1918464
mem:  1913856
mem:  1911808
mem:  1923072
mem:  1899008
mem:  1890816
mem:  1888768
mem:  1919488
mem:  1911296
mem:  1912832
mem:  1933824
mem:  1942528
mem:  1936896
mem:  1932288
mem:  1916928
mem:  1931776
mem:  1923584
mem:  1938432
mem:  1942528
mem:  1924608
mem:  1958912
mem:  1931264
mem:  1968128
mem:  1957376
mem:  1951744
mem:  1953280
mem:  1948672
mem:  1963520
mem:  1922560
mem:  1949696
mem:  1954816
mem:  1921024
mem:  1934848
mem:  1939968
mem:  1999872
mem:  1998848
mem:  1971200
mem:  1946112
mem:  2006016
mem:  1978368
mem:  1960448
mem:  1975296
mem:  1996288
mem:  1981952
mem:  1993216
mem:  2000896
mem:  1996288
mem:  1948160
mem:  1982464
mem:  1958400
mem:  1995264
mem:  1957888
mem:  1943552
mem:  1964544
mem:  1998848
mem:  1989632
mem:  1971712
mem:  1973248
mem:  2033152
mem:  2032128
mem:  1958400
mem:  1992704
mem:  2007552
mem:  1982464
mem:  1985024
mem:  2006016
mem:  1994240
mem:  1988608
mem:  2045952
mem:  2004992
mem:  2049024
mem:  2031104
mem:  1993728
mem:  2050048
mem:  2019840
mem:  2020352
mem:  2035200
mem:  2011136
mem:  2015232
mem:  2045952
mem:  2044928
mem:  2023424
mem:  2051584
