SLURM_JOBID=5049841
SLURM_JOB_NODELIST=svl10
SLURM_NNODES=1
SLURMTMPDIR=
working directory = /viscam/projects/objectfolder_benchmark/benchmarks/Multi_Sensory_3D_Reconstruction/code/models/MDN
Start_idx:  390
mem:  1536
mem:  1907712
mem:  1889280
mem:  1916416
mem:  1908224
mem:  1909760
mem:  1891840
mem:  1926144
mem:  1879040
mem:  1919488
mem:  1927168
mem:  1932288
mem:  1924096
mem:  1883136
mem:  1913856
mem:  1942016
mem:  1942528
mem:  1937920
mem:  1917440
mem:  1950720
mem:  1916928
mem:  1941504
mem:  1951744
mem:  1927680
mem:  1958400
mem:  1940480
mem:  1949184
mem:  1960448
mem:  1931776
mem:  1956352
mem:  1961472
mem:  1930240
mem:  1948672
mem:  1956352
mem:  1899520
mem:  1930240
mem:  1963520
mem:  1966080
mem:  1956864
mem:  1949696
mem:  1931776
mem:  1916416
mem:  1950720
mem:  1977856
mem:  1986560
mem:  1965056
mem:  1953280
mem:  1974272
mem:  1907712
mem:  1996800
mem:  1969152
mem:  1948672
mem:  1972224
mem:  1999360
mem:  2004480
mem:  2006016
mem:  2001408
mem:  1977344
mem:  1991168
mem:  1998848
mem:  1980928
mem:  2001920
mem:  1997312
mem:  1998848
mem:  1984512
mem:  2009088
mem:  2016768
mem:  2001408
mem:  2013696
mem:  1992192
mem:  2009600
mem:  2011136
mem:  1987072
mem:  2014208
mem:  1992704
mem:  2030592
mem:  2038272
mem:  2000896
mem:  2025472
mem:  1994240
mem:  2044416
mem:  2042368
mem:  2021888
mem:  2006528
mem:  2037248
mem:  2016768
mem:  2008576
mem:  2025984
mem:  2031104
mem:  2038784
mem:  2053632
mem:  2039296
mem:  2056704
mem:  2022912
mem:  2065920
mem:  2057728
mem:  2056704
mem:  2070528
mem:  2036736
mem:  2050560
