SLURM_JOBID=5049507
SLURM_JOB_NODELIST=svl18
SLURM_NNODES=1
SLURMTMPDIR=
working directory = /viscam/projects/objectfolder_benchmark/benchmarks/Multi_Sensory_3D_Reconstruction/code/models/MDN
Start_idx:  53
mem:  1536
mem:  1894400
mem:  1918464
mem:  1906688
mem:  1908224
mem:  1903616
mem:  1914880
mem:  1903104
mem:  1914368
mem:  1909760
mem:  1914880
mem:  1932288
mem:  1904640
mem:  1922048
mem:  1927168
mem:  1925120
mem:  1923072
mem:  1947648
mem:  1917440
mem:  1938432
mem:  1939968
mem:  1924608
mem:  1949184
mem:  1927680
mem:  1925632
mem:  1937920
mem:  1939456
mem:  1937408
mem:  1948672
mem:  1943040
mem:  1942016
mem:  1936384
mem:  1954816
mem:  1950208
mem:  1938432
mem:  1936384
mem:  1947648
mem:  1965056
mem:  1954304
mem:  1975296
mem:  1959936
mem:  1984512
mem:  1947136
mem:  1977856
mem:  1966080
mem:  1957888
mem:  1970176
mem:  1968128
mem:  1969664
mem:  1980928
mem:  1965568
mem:  1999872
mem:  1991680
mem:  1971200
mem:  1975296
mem:  1996288
mem:  1994240
mem:  1993216
mem:  1987584
mem:  2006016
mem:  2003968
mem:  1986048
mem:  1994752
mem:  2004992
mem:  2019840
mem:  1978880
mem:  2009600
mem:  1979392
mem:  2000384
mem:  1992192
mem:  2029056
mem:  2024448
mem:  2032128
mem:  2017792
mem:  2009600
mem:  2007552
mem:  2038272
mem:  2010624
mem:  2021888
mem:  2042880
mem:  2040832
mem:  2022912
mem:  2047488
mem:  2027008
mem:  2015232
mem:  2038784
mem:  2047488
mem:  2035712
mem:  2034688
mem:  2042368
mem:  2050048
mem:  2029568
mem:  2053120
mem:  2035200
mem:  2050048
mem:  2041856
mem:  2059264
mem:  2051072
mem:  2052608
mem:  2040832
