SLURM_JOBID=5049692
SLURM_JOB_NODELIST=svl1
SLURM_NNODES=1
SLURMTMPDIR=
working directory = /viscam/projects/objectfolder_benchmark/benchmarks/Multi_Sensory_3D_Reconstruction/code/models/MDN
Start_idx:  246
mem:  1536
mem:  1891840
mem:  1873408
mem:  1923584
mem:  1859584
mem:  1925632
mem:  1882112
mem:  1918976
mem:  1904640
mem:  1915904
mem:  1921024
mem:  1893376
mem:  1907200
mem:  1938944
mem:  1939456
mem:  1925120
mem:  1907200
mem:  1941504
mem:  1904128
mem:  1915392
mem:  1901056
mem:  1937920
mem:  1935872
mem:  1875456
mem:  1932800
mem:  1921024
mem:  1938432
mem:  1943552
mem:  1954816
mem:  1946624
mem:  1944576
mem:  1917952
mem:  1906176
mem:  1929728
mem:  1938432
mem:  1907200
mem:  1976832
mem:  1933312
mem:  1960448
mem:  1961984
mem:  1970688
mem:  1943040
mem:  1953280
mem:  1961984
mem:  1989120
mem:  1984512
mem:  1979904
mem:  1993728
mem:  1969664
mem:  1994240
mem:  1988608
mem:  1999872
mem:  1975808
mem:  1964032
mem:  1975296
mem:  1951232
mem:  1972224
mem:  1993216
mem:  1975296
mem:  2006016
mem:  1984512
mem:  1970176
mem:  1987584
mem:  1979392
mem:  2000384
mem:  2009088
mem:  1941504
mem:  2018304
mem:  1973760
mem:  1978880
mem:  1964544
mem:  1991680
mem:  2032128
mem:  1975296
mem:  1986560
mem:  2020864
mem:  1987072
mem:  2039808
mem:  1992704
mem:  2013696
mem:  2024960
mem:  1991168
mem:  2047488
mem:  2049024
mem:  2011648
mem:  2013184
mem:  2018304
mem:  2006528
mem:  2021376
mem:  1990144
mem:  2020864
mem:  2058752
mem:  2043392
mem:  2035200
mem:  2033152
mem:  2032128
mem:  2020352
mem:  2066944
mem:  2039296
mem:  2073600
