SLURM_JOBID=5049141
SLURM_JOB_NODELIST=svl2
SLURM_NNODES=1
SLURMTMPDIR=
working directory = /viscam/projects/objectfolder_benchmark/benchmarks/Multi_Sensory_3D_Reconstruction/code/models/MDN
Start_idx:  27
mem:  1536
mem:  1917440
mem:  1883136
mem:  1926144
mem:  1921536
mem:  1903616
mem:  1930752
mem:  1912832
mem:  1931264
mem:  1915904
mem:  1921024
mem:  1903104
mem:  1933824
mem:  1925632
mem:  1936896
mem:  1944576
mem:  1910784
mem:  1918464
mem:  1929728
mem:  1947136
mem:  1949696
mem:  1934336
mem:  1951744
mem:  1943552
mem:  1942528
mem:  1950208
mem:  1926144
mem:  1937408
mem:  1964544
mem:  1966080
mem:  1932288
mem:  1966592
mem:  1964544
mem:  1959936
mem:  1951744
mem:  1972736
mem:  1964544
mem:  1975808
mem:  1970176
mem:  1959424
mem:  1937920
mem:  1974784
mem:  1982464
mem:  1974272
mem:  1986560
mem:  1957888
mem:  1972736
mem:  1993728
mem:  1985536
mem:  1983488
mem:  1972736
mem:  1993728
mem:  1995264
mem:  1980928
mem:  1969152
mem:  1999872
mem:  1981952
mem:  2002944
mem:  2000896
mem:  1992704
mem:  2013696
mem:  1979904
mem:  2003456
mem:  2002432
mem:  2010112
mem:  2015232
mem:  2013184
mem:  2008576
mem:  2023424
mem:  2027520
mem:  1993728
mem:  2024448
mem:  2012672
mem:  2031104
mem:  2019328
mem:  2030592
mem:  2038272
mem:  2023936
mem:  2035200
mem:  2039296
mem:  2028544
mem:  2039808
mem:  2047488
mem:  2046464
mem:  2048000
mem:  2022912
mem:  2043904
mem:  2039296
mem:  2037248
mem:  2052096
mem:  2053632
mem:  2041856
mem:  2046976
mem:  2054656
mem:  2040320
mem:  2067456
mem:  2068992
mem:  2064384
mem:  2039296
mem:  2067456
mem:  2055680
mem:  2037760
mem:  2045440
mem:  2054144
mem:  2038784
mem:  2043904
mem:  2039296
mem:  2031104
mem:  2026496
mem:  2030592
mem:  2061312
mem:  2043392
mem:  2067968
mem:  2050048
mem:  2063872
mem:  2075136
mem:  2064384
mem:  2075648
mem:  2067456
mem:  2082304
mem:  2060800
mem:  2068480
mem:  2063872
mem:  2055680
mem:  2063360
mem:  2078208
mem:  2108928
mem:  2087424
mem:  2063360
mem:  2068480
mem:  2101760
mem:  2103296
mem:  2101248
mem:  2100224
mem:  2101760
mem:  2067968
mem:  2091520
mem:  2073600
mem:  2100736
mem:  2093568
mem:  2065920
mem:  2116096
mem:  2100736
mem:  2115584
mem:  2107392
mem:  2108928
mem:  2110464
mem:  2124288
mem:  2106368
mem:  2118656
mem:  2116608
mem:  2137600
mem:  2125824
mem:  2127360
mem:  2119168
mem:  2101248
mem:  2102784
mem:  2133504
mem:  2119168
mem:  2123264
mem:  2131968
mem:  2127360
mem:  2138624
mem:  2126848
mem:  2144256
mem:  2139648
mem:  2118144
mem:  2135552
mem:  2121216
mem:  2138624
mem:  2157056
mem:  2139136
mem:  2133504
mem:  2171392
mem:  2147328
mem:  2174464
mem:  2159104
mem:  2160640
mem:  2159616
mem:  2164736
mem:  2178560
mem:  2164224
mem:  2159616
mem:  2177024
mem:  2174976
mem:  2176512
mem:  2168320
mem:  2185728
mem:  2177536
mem:  2172928
mem:  2174464
mem:  2183168
mem:  2181120
mem:  2179072
mem:  2178048
mem:  2179584
mem:  2158080
mem:  2198528
mem:  2206208
mem:  2184704
mem:  2193408
mem:  2169344
mem:  2183168
mem:  2181120
mem:  2189824
mem:  2171904
mem:  2205184
mem:  2213888
mem:  2227712
mem:  2174464
mem:  2195456
mem:  2183680
mem:  2179072
mem:  2206208
mem:  2185728
mem:  2245632
mem:  2237440
mem:  2254848
mem:  2217472
mem:  2177536
mem:  2214400
mem:  2208768
mem:  2191872
mem:  2234880
mem:  2184192
mem:  2206208
mem:  2245632
mem:  2264064
mem:  2232832
mem:  2237952
mem:  2226176
mem:  2195968
mem:  2161152
mem:  2273280
mem:  2212864
mem:  2202112
mem:  2225664
mem:  2236928
mem:  2242048
mem:  2214400
mem:  2245120
mem:  2246656
mem:  2293248
mem:  2236416
mem:  2218496
mem:  2223616
mem:  2279936
mem:  2288640
mem:  2257408
mem:  2229760
mem:  2256896
mem:  2236416
mem:  2256384
mem:  2265088
mem:  2220544
mem:  2229248
mem:  2230784
mem:  2267648
mem:  2272768
mem:  2257408
mem:  2233344
mem:  2318848
mem:  2281472
mem:  2286592
mem:  2268672
mem:  2289664
mem:  2281472
mem:  2298880
mem:  2251776
mem:  2286080
mem:  2293760
mem:  2328064
mem:  2268672
mem:  2318848
mem:  2284032
mem:  2292736
mem:  2319872
mem:  2315264
mem:  2293760
mem:  2285568
mem:  2322432
mem:  2349568
mem:  2274304
mem:  2317312
mem:  2283520
mem:  2316800
mem:  2290176
mem:  2284544
mem:  2363904
mem:  2304512
mem:  2314752
mem:  2355200
mem:  2324992
mem:  2365440
mem:  2337792
mem:  2332160
mem:  2304512
mem:  2326528
mem:  2314752
mem:  2380800
mem:  2343424
mem:  2280448
mem:  2284544
mem:  2354176
mem:  2327552
mem:  2351104
mem:  2320896
mem:  2354176
mem:  2297344
mem:  2302464
mem:  2319872
mem:  2389504
mem:  2365440
mem:  2334208
mem:  2390528
mem:  2347008
mem:  2358272
mem:  2347520
mem:  2338304
mem:  2339840
mem:  2351104
mem:  2346496
mem:  2371072
mem:  2310656
mem:  2380288
mem:  2281984
mem:  2419712
mem:  2355712
mem:  2347520
mem:  2346496
mem:  2286080
mem:  2378752
mem:  2392576
mem:  2372096
mem:  2372608
mem:  2397184
mem:  2385408
mem:  2400256
mem:  2333696
mem:  2354688
mem:  2412032
mem:  2374656
mem:  2384896
mem:  2348544
mem:  2368512
mem:  2435584
mem:  2371584
mem:  2351104
mem:  2381824
mem:  2412544
mem:  2365440
mem:  2398720
mem:  2413568
mem:  2418688
mem:  2403328
mem:  2435072
mem:  2361344
mem:  2457600
mem:  2436096
mem:  2441216
mem:  2455040
mem:  2411520
mem:  2399744
mem:  2424320
mem:  2412544
mem:  2375168
mem:  2428928
mem:  2456064
mem:  2408960
mem:  2443264
mem:  2409472
mem:  2426880
mem:  2450432
mem:  2436096
mem:  2483712
mem:  2471936
mem:  2473472
mem:  2403328
mem:  2395136
mem:  2425856
mem:  2411520
mem:  2436096
mem:  2426880
mem:  2448896
mem:  2491904
mem:  2393600
mem:  2459648
mem:  2457600
mem:  2478592
mem:  2454528
mem:  2465792
mem:  2440704
mem:  2478592
mem:  2472960
mem:  2475520
mem:  2512384
mem:  2449408
mem:  2373120
mem:  2497536
mem:  2521088
mem:  2481152
mem:  2533888
mem:  2509824
mem:  2528256
mem:  2529792
mem:  2518016
mem:  2486784
mem:  2523648
mem:  2489856
mem:  2494976
mem:  2531840
mem:  2529792
mem:  2525184
mem:  2510848
mem:  2524672
mem:  2517504
mem:  2531328
mem:  2562048
mem:  2522112
mem:  2529792
mem:  2541056
mem:  2554880
mem:  2530816
mem:  2529792
mem:  2570240
mem:  2539008
mem:  2536960
mem:  2534912
mem:  2575360
mem:  2537984
mem:  2527232
mem:  2511872
mem:  2524160
mem:  2557440
mem:  2565120
mem:  2560512
mem:  2581504
mem:  2544128
mem:  2549248
mem:  2563072
mem:  2562048
mem:  2575872
mem:  2580992
mem:  2586112
mem:  2545152
mem:  2605056
mem:  2590720
mem:  2572800
mem:  2574336
mem:  2589184
mem:  2587136
mem:  2598400
mem:  2593792
mem:  2594304
mem:  2615296
mem:  2597376
mem:  2586624
mem:  2580992
mem:  2560512
mem:  2571776
mem:  2598912
mem:  2619904
mem:  2628608
mem:  2590208
mem:  2608640
mem:  2629632
mem:  2595840
mem:  2632704
mem:  2578432
mem:  2603008
mem:  2604544
mem:  2603520
mem:  2640384
mem:  2622464
mem:  2610688
mem:  2592768
mem:  2627072
mem:  2634752
mem:  2626560
mem:  2598912
mem:  2623488
mem:  2617856
mem:  2597376
mem:  2640384
mem:  2635776
mem:  2637312
mem:  2615808
mem:  2634240
mem:  2626048
mem:  2649600
mem:  2629120
mem:  2665984
mem:  2628608
mem:  2646016
mem:  2664448
mem:  2636800
mem:  2618880
mem:  2639872
mem:  2651136
mem:  2629632
mem:  2677248
mem:  2675200
mem:  2663424
mem:  2688000
mem:  2692096
mem:  2668032
mem:  2669568
mem:  2690560
mem:  2685952
mem:  2680320
mem:  2675712
mem:  2680832
mem:  2698240
mem:  2667008
mem:  2681856
mem:  2693120
mem:  2691072
mem:  2686464
mem:  2713600
mem:  2708992
mem:  2691072
mem:  2715648
mem:  2719744
mem:  2695680
mem:  2706944
mem:  2696192
mem:  2729472
mem:  2707968
mem:  2710528
mem:  2714624
mem:  2729472
mem:  2701824
mem:  2725376
mem:  2707456
mem:  2718720
mem:  2720256
mem:  2725376
mem:  2720768
mem:  2725888
mem:  2729984
mem:  2735104
mem:  2742784
mem:  2747904
mem:  2752000
mem:  2747392
mem:  2745344
mem:  2757632
mem:  2745856
mem:  2727936
mem:  2729472
mem:  2762752
mem:  2764288
mem:  2766848
mem:  2755072
mem:  2772480
mem:  2721792
mem:  2771968
mem:  2773504
mem:  2762752
mem:  2750976
mem:  2762240
mem:  2767360
mem:  2778624
mem:  2757120
mem:  2756096
mem:  2769920
mem:  2755584
mem:  2741248
mem:  2768384
mem:  2766336
mem:  2797056
mem:  2772992
mem:  2786816
mem:  2795520
mem:  2797056
mem:  2801152
mem:  2803712
mem:  2782208
mem:  2803200
mem:  2801152
mem:  2808832
mem:  2807808
mem:  2803200
mem:  2813440
mem:  2786816
mem:  2806784
mem:  2786304
mem:  2801152
mem:  2818560
mem:  2813952
mem:  2821632
mem:  2793984
mem:  2798080
mem:  2832384
mem:  2821632
mem:  2825728
mem:  2834432
mem:  2832384
mem:  2840064
mem:  2825728
mem:  2817536
mem:  2815488
mem:  2817024
mem:  2822144
mem:  2810368
mem:  2796032
mem:  2768384
mem:  2776064
mem:  2822656
mem:  2831360
mem:  2807296
mem:  2821120
mem:  2835968
mem:  2810880
mem:  2825728
mem:  2811392
mem:  2825216
mem:  2853376
mem:  2816000
mem:  2813952
mem:  2838528
mem:  2824192
mem:  2831872
mem:  2835968
mem:  2815488
mem:  2859520
mem:  2805248
mem:  2829824
mem:  2863104
mem:  2855936
mem:  2808832
mem:  2851840
mem:  2876416
mem:  2862080
mem:  2836992
mem:  2848256
mem:  2853376
mem:  2857472
mem:  2882048
mem:  2854400
mem:  2869248
mem:  2870784
mem:  2820096
mem:  2880000
mem:  2878976
mem:  2886656
mem:  2842112
mem:  2863104
mem:  2893824
mem:  2883072
mem:  2884608
mem:  2866688
mem:  2891264
mem:  2869760
mem:  2881024
mem:  2872832
mem:  2861056
mem:  2888192
mem:  2900480
mem:  2921472
mem:  2919424
mem:  2894336
mem:  2870272
mem:  2908160
mem:  2912256
mem:  2907648
mem:  2915328
mem:  2910720
mem:  2876928
mem:  2935808
mem:  2917888
mem:  2942464
mem:  2930688
mem:  2945536
mem:  2882560
mem:  2893824
mem:  2920960
mem:  2870272
mem:  2917888
mem:  2941440
mem:  2914816
mem:  2895872
mem:  2933760
mem:  2931712
mem:  2923520
mem:  2934784
mem:  2926592
mem:  2947584
mem:  2919936
mem:  2944512
mem:  2919424
mem:  2944000
mem:  2926080
mem:  2940928
mem:  2932736
mem:  2924544
mem:  2941952
mem:  2976256
mem:  2983936
mem:  2946560
mem:  2951680
mem:  2988544
mem:  2996224
mem:  2989056
mem:  3002880
mem:  3001856
mem:  2986496
mem:  2995200
mem:  3009024
mem:  3000832
mem:  2999808
mem:  2997760
mem:  2979840
mem:  3010560
mem:  3018240
mem:  3000320
mem:  3018752
mem:  3016704
mem:  3018240
mem:  3006464
mem:  3027456
mem:  3028992
mem:  3014656
mem:  3032064
mem:  3017728
mem:  3028992
mem:  3013632
mem:  3032064
mem:  3039744
mem:  3021824
mem:  3033088
mem:  3009024
mem:  3026432
mem:  3047424
mem:  3048960
mem:  3050496
mem:  3045888
mem:  3040256
mem:  3048960
mem:  3040768
mem:  3052032
mem:  3057152
mem:  3061248
mem:  3053056
mem:  3048448
mem:  3049984
mem:  3061248
mem:  3059200
mem:  3066880
mem:  3049984
mem:  3054080
mem:  3068928
mem:  3076608
mem:  3068416
mem:  3079680
mem:  3081216
mem:  3069440
mem:  3080704
mem:  3066368
mem:  3061760
mem:  3056128
mem:  3080704
mem:  3085824
mem:  3093504
mem:  3085312
mem:  3074560
mem:  3088384
mem:  3093504
mem:  3075584
mem:  3102720
mem:  3104256
mem:  3086336
mem:  3097600
mem:  3086848
mem:  3110400
mem:  3111936
mem:  3103744
mem:  3099136
mem:  3110400
mem:  3115520
mem:  3119616
mem:  3121152
mem:  3112960
mem:  3118080
mem:  3125760
mem:  3123712
mem:  3122688
mem:  3114496
mem:  3131904
mem:  3127296
mem:  3119104
mem:  3130368
mem:  3128320
mem:  3136000
mem:  3141120
mem:  3132928
mem:  3131904
mem:  3139584
mem:  3144704
mem:  3148800
mem:  3147776
mem:  3148288
mem:  3153408
mem:  3151360
mem:  3153920
mem:  3155456
mem:  3140096
mem:  3157504
mem:  3146752
mem:  3112960
mem:  3163136
mem:  3141632
mem:  3159040
mem:  3160576
mem:  3149824
mem:  3163648
mem:  3151872
mem:  3170304
mem:  3168256
mem:  3150336
mem:  3167744
mem:  3153408
mem:  3171840
mem:  3185664
mem:  3187200
mem:  3166720
mem:  3184128
mem:  3182080
mem:  3167744
mem:  3192320
mem:  3190272
mem:  3194368
mem:  3193344
mem:  3188736
mem:  3176960
mem:  3178496
mem:  3189760
mem:  3207168
mem:  3205120
mem:  3204096
mem:  3192320
mem:  3213312
mem:  3202560
mem:  3216384
mem:  3215360
mem:  3203584
mem:  3214848
mem:  3203072
mem:  3204608
mem:  3215872
mem:  3207680
mem:  3212800
mem:  3210752
mem:  3222016
mem:  3227136
mem:  3221504
mem:  3233792
mem:  3224576
mem:  3236864
mem:  3228672
mem:  3232768
mem:  3224576
mem:  3239424
mem:  3240960
mem:  3223040
mem:  3250176
mem:  3226112
mem:  3253248
mem:  3248640
mem:  3207680
mem:  3226112
mem:  3247104
mem:  3258368
mem:  3246592
mem:  3254272
mem:  3255808
mem:  3267072
mem:  3262464
mem:  3266560
mem:  3265536
mem:  3269632
mem:  3249152
mem:  3270144
mem:  3261952
mem:  3276800
mem:  3265024
mem:  3278848
mem:  3281408
mem:  3285504
mem:  3254272
mem:  3210752
mem:  3274240
mem:  3285504
mem:  3280896
mem:  3265536
mem:  3290112
mem:  3275776
mem:  3299328
mem:  3287552
mem:  3302400
mem:  3297792
mem:  3264000
mem:  3258368
mem:  3267072
mem:  3287040
mem:  3270144
mem:  3313152
mem:  3285504
mem:  3277312
mem:  3282432
mem:  3283968
mem:  3256320
mem:  3322368
mem:  3282432
mem:  3325440
mem:  3324416
mem:  3287040
mem:  3307008
mem:  3296256
mem:  3281920
mem:  3301888
mem:  3307008
mem:  3292672
mem:  3303936
mem:  3282432
mem:  3319296
mem:  3311104
mem:  3313664
mem:  3340800
mem:  3313152
mem:  3328000
mem:  3316224
mem:  3330048
mem:  3338752
mem:  3334144
mem:  3322368
mem:  3307008
mem:  3321856
mem:  3342848
mem:  3334656
mem:  3362816
mem:  3354624
mem:  3348992
mem:  3354112
mem:  3358208
mem:  3373056
mem:  3342848
mem:  3350528
mem:  3338752
mem:  3375616
mem:  3341824
mem:  3376128
mem:  3361792
mem:  3362304
mem:  3351552
mem:  3388416
mem:  3344896
mem:  3352576
mem:  3377152
mem:  3342336
mem:  3324416
mem:  3345408
mem:  3366400
mem:  3400704
mem:  3350016
mem:  3319808
mem:  3376128
mem:  3377664
mem:  3357184
mem:  3335680
mem:  3389440
mem:  3370496
mem:  3350016
mem:  3400192
mem:  3392000
mem:  3366912
mem:  3388928
mem:  3379712
mem:  3384832
mem:  3370496
mem:  3372032
mem:  3393024
mem:  3429888
mem:  3408384
mem:  3374592
mem:  3415040
mem:  3406848
mem:  3404800
mem:  3387904
mem:  3415040
mem:  3383808
mem:  3443712
mem:  3377152
mem:  3444224
mem:  3403264
mem:  3420672
mem:  3379712
mem:  3427328
mem:  3386368
mem:  3426816
