SLURM_JOBID=5049955
SLURM_JOB_NODELIST=svl18
SLURM_NNODES=1
SLURMTMPDIR=
working directory = /viscam/projects/objectfolder_benchmark/benchmarks/Multi_Sensory_3D_Reconstruction/code/models/MDN
Start_idx:  545
mem:  1536
mem:  1874944
mem:  1811456
mem:  1838592
mem:  1863168
mem:  1845248
mem:  1840640
mem:  1877504
mem:  1875456
mem:  1886720
mem:  1884672
mem:  1844736
mem:  1829376
mem:  1863680
mem:  1861632
mem:  1886208
mem:  1891328
mem:  1918464
mem:  1867776
mem:  1902080
mem:  1932800
mem:  1885696
mem:  1906688
mem:  1846272
mem:  1874432
mem:  1934336
mem:  1860608
mem:  1943552
mem:  1861120
mem:  1901568
mem:  1909248
mem:  1924096
mem:  1912320
mem:  1904128
mem:  1928704
mem:  1904640
mem:  1912320
mem:  1935872
mem:  1928704
mem:  1938944
mem:  1891840
mem:  1910272
mem:  1927680
mem:  1916928
mem:  1940480
mem:  1951744
mem:  1902080
mem:  1987584
mem:  1956352
mem:  1951744
mem:  1949696
mem:  1977856
mem:  1972224
mem:  1964032
mem:  1971712
mem:  1922048
mem:  1926144
mem:  2002944
mem:  1930240
mem:  1982976
mem:  1903104
mem:  1972736
mem:  1926656
mem:  1930752
mem:  1965056
mem:  1966592
mem:  1954816
mem:  1966080
mem:  1951744
mem:  1939968
mem:  1945088
mem:  1979392
mem:  1954304
mem:  1959424
mem:  1967104
mem:  1949184
mem:  1934848
mem:  1981440
mem:  1982976
mem:  2010112
mem:  1944576
mem:  1981440
mem:  1989120
mem:  1965056
mem:  1976320
mem:  1997312
mem:  2008576
mem:  1951744
mem:  1933824
mem:  2009600
mem:  2014720
mem:  1957888
mem:  2033664
mem:  2031616
mem:  1968640
mem:  2012672
mem:  1949696
mem:  1953792
mem:  1978368
mem:  2024960
