SLURM_JOBID=5049918
SLURM_JOB_NODELIST=svl17
SLURM_NNODES=1
SLURMTMPDIR=
working directory = /viscam/projects/objectfolder_benchmark/benchmarks/Multi_Sensory_3D_Reconstruction/code/models/MDN
Start_idx:  489
mem:  1536
mem:  1859072
mem:  1895424
mem:  1881088
mem:  1888768
mem:  1878016
mem:  1908736
mem:  1896960
mem:  1875456
mem:  1909760
mem:  1897984
mem:  1899520
mem:  1904640
mem:  1896448
mem:  1917440
mem:  1932288
mem:  1916928
mem:  1918464
mem:  1923584
mem:  1921536
mem:  1913344
mem:  1899008
mem:  1923584
mem:  1937408
mem:  1929216
mem:  1895424
mem:  1935872
mem:  1914368
mem:  1922048
mem:  1927168
mem:  1938432
mem:  1920512
mem:  1960960
mem:  1901568
mem:  1938432
mem:  1932800
mem:  1964544
mem:  1952768
mem:  1947136
mem:  1916928
mem:  1944064
mem:  1943040
mem:  1943552
mem:  1938944
mem:  1934336
mem:  1988096
mem:  1966592
mem:  1952256
mem:  1956352
mem:  1957888
mem:  1939968
mem:  1935360
mem:  1949184
mem:  1938432
mem:  1985024
mem:  1996288
mem:  1972224
mem:  1957888
mem:  1946112
mem:  2002432
mem:  1942016
mem:  1979904
mem:  1975296
mem:  1976832
mem:  1965056
mem:  1976320
mem:  1981440
mem:  1998848
mem:  2006528
mem:  1988608
mem:  2029056
mem:  1995264
mem:  2032128
mem:  1985024
mem:  2035200
mem:  2024448
mem:  1999360
mem:  1994752
mem:  2028032
mem:  2003968
mem:  2005504
mem:  2013184
mem:  1976832
mem:  2023424
mem:  1976320
mem:  2030080
mem:  2004992
mem:  2003968
mem:  2046976
mem:  2019328
mem:  1985536
mem:  2000384
mem:  2023936
mem:  2019328
mem:  2033152
mem:  2028544
mem:  1988608
mem:  2064384
mem:  2065920
mem:  2044416
