SLURM_JOBID=5050346
SLURM_JOB_NODELIST=svl9
SLURM_NNODES=1
SLURMTMPDIR=
working directory = /viscam/projects/objectfolder_benchmark/benchmarks/Multi_Sensory_3D_Reconstruction/code/models/MDN
Start_idx:  951
mem:  1536
mem:  1923584
mem:  1924608
mem:  1923584
mem:  1921536
mem:  1919488
mem:  1927168
mem:  1932288
mem:  1930240
mem:  1935360
mem:  1936896
mem:  1932288
mem:  1933824
mem:  1941504
mem:  1940480
mem:  1940992
mem:  1933824
mem:  1937920
mem:  1949184
mem:  1938432
mem:  1942528
mem:  1953792
mem:  1939456
mem:  1947136
mem:  1952256
mem:  1959936
mem:  1957888
mem:  1960448
mem:  1954816
mem:  1966080
mem:  1961472
mem:  1969152
mem:  1968128
mem:  1962496
mem:  1964032
mem:  1969152
mem:  1976832
mem:  1978368
mem:  1973760
mem:  1981440
mem:  1970688
mem:  1984512
mem:  1976320
mem:  1985024
mem:  1976832
mem:  1971200
mem:  1989632
mem:  1987584
mem:  1995264
mem:  1994240
mem:  1995776
mem:  1996288
mem:  2001408
mem:  1987072
mem:  1991168
mem:  1999872
mem:  2004992
mem:  1989632
mem:  2004480
mem:  2012160
mem:  2013696
mem:  2005504
mem:  2016768
mem:  2018304
mem:  2007552
mem:  2018816
mem:  2022912
mem:  2011136
mem:  2025984
mem:  2023936
mem:  2029056
mem:  2030592
mem:  2028544
mem:  2033664
mem:  2025472
mem:  2036736
mem:  2038272
mem:  2039808
mem:  2041344
mem:  2030592
mem:  2040832
mem:  2045952
mem:  2044928
mem:  2049024
mem:  2050560
mem:  2048512
mem:  2051072
mem:  2055168
mem:  2034688
mem:  2038784
mem:  2053632
mem:  2058752
mem:  2056704
mem:  2061824
mem:  2056192
mem:  2067456
mem:  2062848
mem:  2064384
mem:  2059776
mem:  2070016
