SLURM_JOBID=5050367
SLURM_JOB_NODELIST=svl2
SLURM_NNODES=1
SLURMTMPDIR=
working directory = /viscam/projects/objectfolder_benchmark/benchmarks/Multi_Sensory_3D_Reconstruction/code/models/MDN
Start_idx:  960
mem:  1536
mem:  1872384
mem:  1860096
mem:  1896960
mem:  1875456
mem:  1890304
mem:  1895424
mem:  1929728
mem:  1933824
mem:  1870848
mem:  1936896
mem:  1880064
mem:  1879040
mem:  1886720
mem:  1891840
mem:  1889792
mem:  1930240
mem:  1918464
mem:  1913856
mem:  1889792
mem:  1893888
mem:  1860096
mem:  1945600
mem:  1902080
mem:  1923072
mem:  1924608
mem:  1949184
mem:  1927680
mem:  1919488
mem:  1917440
mem:  1918976
mem:  1943552
mem:  1941504
mem:  1949184
mem:  1948160
mem:  1939968
mem:  1944064
mem:  1939456
mem:  1928704
mem:  1971712
mem:  1872384
mem:  1943040
mem:  1970176
mem:  1958400
mem:  1976832
mem:  1977344
mem:  1982464
mem:  1971712
mem:  1917440
mem:  1993216
mem:  1959424
mem:  1957376
mem:  1985536
mem:  1993216
mem:  1998336
mem:  1957376
mem:  1981952
mem:  1964032
mem:  1978880
mem:  1969664
mem:  1952768
mem:  1986048
mem:  1984000
mem:  1975808
mem:  1974784
mem:  2001920
mem:  1980416
mem:  1991680
mem:  2016256
mem:  1985024
mem:  1976832
mem:  1995264
mem:  1989632
mem:  2011648
mem:  1996288
mem:  1981952
mem:  2024960
mem:  1991168
mem:  1986560
mem:  1994240
mem:  1999360
mem:  1997312
mem:  2044928
mem:  2017280
mem:  2037248
mem:  2030080
mem:  2018304
mem:  1987072
mem:  2011648
mem:  2013184
mem:  2024448
mem:  2000384
mem:  2010624
mem:  2044928
mem:  2017280
mem:  2032128
mem:  2020352
mem:  1990144
mem:  2010112
mem:  2048000
