SLURM_JOBID=5050186
SLURM_JOB_NODELIST=svl1
SLURM_NNODES=1
SLURMTMPDIR=
working directory = /viscam/projects/objectfolder_benchmark/benchmarks/Multi_Sensory_3D_Reconstruction/code/models/MDN
Start_idx:  770
mem:  1536
mem:  1917440
mem:  1895424
mem:  1912832
mem:  1885184
mem:  1915904
mem:  1921024
mem:  1922560
mem:  1914368
mem:  1931776
mem:  1924608
mem:  1938432
mem:  1936384
mem:  1941504
mem:  1943040
mem:  1938432
mem:  1936384
mem:  1918464
mem:  1949184
mem:  1948160
mem:  1932800
mem:  1953792
mem:  1939456
mem:  1937408
mem:  1935360
mem:  1959936
mem:  1945600
mem:  1947136
mem:  1961984
mem:  1966080
mem:  1961472
mem:  1966592
mem:  1947648
mem:  1923584
mem:  1973760
mem:  1972736
mem:  1960960
mem:  1972224
mem:  1976320
mem:  1961984
mem:  1914880
mem:  1974784
mem:  1970176
mem:  1987584
mem:  1934336
mem:  1990656
mem:  1982464
mem:  1981440
mem:  1995264
mem:  1990656
mem:  1994752
mem:  1996288
mem:  1989120
mem:  1961472
mem:  1994752
mem:  2006016
mem:  2001408
mem:  1999360
mem:  2007040
mem:  1979392
mem:  1988096
mem:  2012672
mem:  2000896
mem:  1992704
mem:  1965056
mem:  1947136
mem:  1993728
mem:  2024448
mem:  2025984
mem:  2008064
mem:  2025472
mem:  2027008
mem:  2032128
mem:  2023936
mem:  2015744
mem:  2020864
mem:  2022400
mem:  2030080
mem:  2018304
mem:  2042880
mem:  2044416
mem:  2030080
mem:  1992704
mem:  2042880
mem:  2050560
mem:  2048512
mem:  2047488
mem:  2000384
mem:  2050560
mem:  2042368
mem:  2053632
mem:  2041856
mem:  2056704
mem:  1993728
mem:  2062336
mem:  2063872
mem:  2068992
mem:  2070528
mem:  2072064
mem:  2073600
