SLURM_JOBID=5049842
SLURM_JOB_NODELIST=svl10
SLURM_NNODES=1
SLURMTMPDIR=
working directory = /viscam/projects/objectfolder_benchmark/benchmarks/Multi_Sensory_3D_Reconstruction/code/models/MDN
Start_idx:  391
mem:  1536
mem:  1859072
mem:  1873408
mem:  1858048
mem:  1857024
mem:  1878016
mem:  1859072
mem:  1881088
mem:  1882624
mem:  1883136
mem:  1885696
mem:  1896960
mem:  1891328
mem:  1879552
mem:  1890816
mem:  1895936
mem:  1891328
mem:  1892864
mem:  1887232
mem:  1886208
mem:  1907200
mem:  1895424
mem:  1887232
mem:  1882624
mem:  1903616
mem:  1895424
mem:  1916416
mem:  1898496
mem:  1900032
mem:  1904128
mem:  1899520
mem:  1914368
mem:  1902592
mem:  1900544
mem:  1909248
mem:  1910784
mem:  1906176
mem:  1920000
mem:  1909248
mem:  1923072
mem:  1914880
mem:  1939456
mem:  1940992
mem:  1925632
mem:  1924608
mem:  1932288
mem:  1920512
mem:  1938944
mem:  1924608
mem:  1928704
mem:  1930240
mem:  1929216
mem:  1952768
mem:  1938432
mem:  1939968
mem:  1937920
mem:  1949184
mem:  1948160
mem:  1959424
mem:  1951232
mem:  1949184
mem:  1956864
mem:  1952256
mem:  1956352
mem:  1942016
mem:  1966592
mem:  1958400
mem:  1975808
mem:  1961472
mem:  1955840
mem:  1964544
mem:  1969664
mem:  1961472
mem:  1981440
mem:  1957376
mem:  1972224
mem:  1976320
mem:  1981440
mem:  1976832
mem:  1974784
mem:  1979904
mem:  1993728
mem:  1979392
mem:  2003968
mem:  1995776
mem:  2013184
mem:  1995264
mem:  2006528
mem:  2004480
mem:  1993728
mem:  2001408
mem:  2002944
mem:  1994752
mem:  1996288
mem:  2004992
mem:  2006528
mem:  2004480
mem:  2008576
mem:  2003968
mem:  2024960
