SLURM_JOBID=5050026
SLURM_JOB_NODELIST=svl5
SLURM_NNODES=1
SLURMTMPDIR=
working directory = /viscam/projects/objectfolder_benchmark/benchmarks/Multi_Sensory_3D_Reconstruction/code/models/MDN
Start_idx:  645
mem:  1536
mem:  1868800
mem:  1889280
mem:  1854464
mem:  1904640
mem:  1867264
mem:  1875968
mem:  1881088
mem:  1901056
mem:  1900032
mem:  1891840
mem:  1928704
mem:  1888768
mem:  1935360
mem:  1904128
mem:  1903104
mem:  1936384
mem:  1873408
mem:  1904128
mem:  1950720
mem:  1893888
mem:  1895424
mem:  1945600
mem:  1944576
mem:  1955840
mem:  1891840
mem:  1916416
mem:  1943552
mem:  1886720
mem:  1959936
mem:  1903104
mem:  1904640
mem:  1902592
mem:  1933312
mem:  1905664
mem:  1903616
mem:  1953792
mem:  1956352
mem:  1911808
mem:  1923072
mem:  1934336
mem:  1978368
mem:  1940992
mem:  1946112
mem:  1921024
mem:  1929728
mem:  1933824
mem:  1948672
mem:  1930752
mem:  1961472
mem:  1988608
mem:  1951232
mem:  1988096
mem:  1954304
mem:  1959424
mem:  1967104
mem:  1949184
mem:  1947136
mem:  1975296
mem:  2006016
mem:  1984512
mem:  1931264
mem:  1975296
mem:  1973248
mem:  1974784
mem:  1986048
mem:  1952256
mem:  1979392
mem:  1957888
mem:  2023936
mem:  1993728
mem:  1950208
mem:  1977344
mem:  1988608
mem:  2031616
mem:  1997824
mem:  2035712
mem:  1981440
mem:  2041344
mem:  1984512
mem:  1976320
mem:  1994752
mem:  2047488
mem:  1980928
mem:  1986048
mem:  2052096
mem:  1995264
mem:  1990656
mem:  1994752
mem:  2013184
mem:  2020864
mem:  2022400
mem:  2004480
mem:  2058240
mem:  2036736
mem:  2054144
mem:  2037248
mem:  2028032
mem:  2058752
mem:  2015232
