SLURM_JOBID=5049543
SLURM_JOB_NODELIST=svl1
SLURM_NNODES=1
SLURMTMPDIR=
working directory = /viscam/projects/objectfolder_benchmark/benchmarks/Multi_Sensory_3D_Reconstruction/code/models/MDN
Start_idx:  75
mem:  1536
mem:  1900544
mem:  1885696
mem:  1887232
mem:  1892352
mem:  1893888
mem:  1869824
mem:  1893376
mem:  1898496
mem:  1844224
mem:  1894400
mem:  1870336
mem:  1879040
mem:  1863680
mem:  1904128
mem:  1921536
mem:  1878016
mem:  1906176
mem:  1913856
mem:  1917952
mem:  1923072
mem:  1911296
mem:  1871360
mem:  1925120
mem:  1935360
mem:  1918464
mem:  1893376
mem:  1904640
mem:  1913344
mem:  1944064
mem:  1934848
mem:  1946112
mem:  1867264
mem:  1927168
mem:  1925120
mem:  1942528
mem:  1931776
mem:  1929728
mem:  1944576
mem:  1948672
mem:  1930752
mem:  1949184
mem:  1944576
mem:  1968128
mem:  1930752
mem:  1951744
mem:  1885184
mem:  1964544
mem:  1936896
mem:  1932288
mem:  1947136
mem:  1960960
mem:  1950208
mem:  1925120
mem:  1981440
mem:  1970688
mem:  1972224
mem:  1973760
mem:  1955840
mem:  1967104
mem:  1900544
mem:  1993216
mem:  1952256
mem:  1934336
mem:  1967616
mem:  2005504
mem:  2007040
mem:  1992704
mem:  1980928
mem:  2001920
mem:  1984000
mem:  2004992
mem:  1942016
mem:  1992192
mem:  1974272
mem:  1994240
mem:  2012672
mem:  1987584
mem:  1986560
mem:  1955328
mem:  1995776
mem:  2016768
mem:  2021888
mem:  2019840
mem:  2011648
mem:  1999872
mem:  2028032
mem:  2023424
mem:  2027520
mem:  2029056
mem:  2014720
mem:  1999360
mem:  2039808
mem:  2041344
mem:  2024448
mem:  2041856
mem:  2026496
mem:  1963520
mem:  1968640
mem:  1995776
