SLURM_JOBID=5049787
SLURM_JOB_NODELIST=svl5
SLURM_NNODES=1
SLURMTMPDIR=
working directory = /viscam/projects/objectfolder_benchmark/benchmarks/Multi_Sensory_3D_Reconstruction/code/models/MDN
Start_idx:  352
mem:  1536
mem:  1888256
mem:  1905152
mem:  1916416
mem:  1915392
mem:  1916928
mem:  1918464
mem:  1926144
mem:  1917952
mem:  1929216
mem:  1894400
mem:  1909248
mem:  1908224
mem:  1906176
mem:  1910272
mem:  1940992
mem:  1942528
mem:  1931776
mem:  1949184
mem:  1940992
mem:  1926656
mem:  1937920
mem:  1949184
mem:  1950720
mem:  1942528
mem:  1921024
mem:  1951744
mem:  1953280
mem:  1935360
mem:  1959936
mem:  1967616
mem:  1969152
mem:  1941504
mem:  1936896
mem:  1973760
mem:  1959424
mem:  1941504
mem:  1962496
mem:  1973760
mem:  1955840
mem:  1982976
mem:  1965056
mem:  1979904
mem:  1975296
mem:  1973248
mem:  1961472
mem:  1982464
mem:  1984000
mem:  1953792
mem:  1973760
mem:  1969152
mem:  1986560
mem:  1985536
mem:  2002944
mem:  1998336
mem:  1973248
mem:  1965056
mem:  2002944
mem:  2010624
mem:  1996288
mem:  2007552
mem:  2011648
mem:  2016768
mem:  1985536
mem:  2010112
mem:  2011648
mem:  2020352
mem:  2018304
mem:  2000384
mem:  2011648
mem:  2015744
mem:  2020864
mem:  2002944
mem:  2017792
mem:  2009600
mem:  2017280
mem:  2034688
mem:  2033664
mem:  2025472
mem:  2027008
mem:  2044416
mem:  2032640
mem:  2014720
mem:  2016256
mem:  2038272
mem:  2042368
mem:  2050048
mem:  2049024
mem:  2056704
mem:  2036224
mem:  2059776
mem:  2061312
mem:  2050560
mem:  2029056
mem:  2052608
mem:  2045440
mem:  2056704
mem:  2064384
mem:  2068480
mem:  2048000
