SLURM_JOBID=5049674
SLURM_JOB_NODELIST=svl18
SLURM_NNODES=1
SLURMTMPDIR=
working directory = /viscam/projects/objectfolder_benchmark/benchmarks/Multi_Sensory_3D_Reconstruction/code/models/MDN
Start_idx:  191
mem:  1536
mem:  1900544
mem:  1889280
mem:  1904128
mem:  1927680
mem:  1893888
mem:  1927168
mem:  1922560
mem:  1921536
mem:  1929216
mem:  1936896
mem:  1912832
mem:  1930240
mem:  1922048
mem:  1927168
mem:  1938432
mem:  1946112
mem:  1944064
mem:  1943040
mem:  1934848
mem:  1952256
mem:  1931776
mem:  1949184
mem:  1953280
mem:  1952256
mem:  1944064
mem:  1938432
mem:  1959424
mem:  1958400
mem:  1950208
mem:  1965056
mem:  1963008
mem:  1970688
mem:  1950208
mem:  1967616
mem:  1959424
mem:  1967104
mem:  1949184
mem:  1976320
mem:  1955840
mem:  1982976
mem:  1971200
mem:  1976320
mem:  1929216
mem:  1989120
mem:  1971200
mem:  1982464
mem:  1987584
mem:  1966080
mem:  1987072
mem:  1995776
mem:  1976832
mem:  2001408
mem:  1961472
mem:  2000896
mem:  1990144
mem:  1991680
mem:  1996800
mem:  2007040
mem:  2012160
mem:  2013696
mem:  1995776
mem:  1991168
mem:  1985536
mem:  2000384
mem:  2018816
mem:  2022912
mem:  2024448
mem:  2000384
mem:  2017792
mem:  2019328
mem:  2014720
mem:  2009088
mem:  2000896
mem:  2019328
mem:  2033152
mem:  2028544
mem:  2039808
mem:  2035200
mem:  2033152
mem:  2005504
mem:  2036224
mem:  2025472
mem:  2045440
mem:  2021376
mem:  2022912
mem:  2043904
mem:  2055168
mem:  2001920
mem:  2044928
mem:  2034176
mem:  2051584
mem:  2062848
mem:  2058240
mem:  2056192
mem:  2061312
mem:  2055680
mem:  2070528
mem:  2062336
mem:  2057728
