SLURM_JOBID=5049738
SLURM_JOB_NODELIST=svl1
SLURM_NNODES=1
SLURMTMPDIR=
working directory = /viscam/projects/objectfolder_benchmark/benchmarks/Multi_Sensory_3D_Reconstruction/code/models/MDN
Start_idx:  280
mem:  1536
mem:  1878528
mem:  1889280
mem:  1906688
mem:  1914368
mem:  1893888
mem:  1928192
mem:  1912832
mem:  1908224
mem:  1915904
mem:  1936896
mem:  1909248
mem:  1891328
mem:  1928192
mem:  1927168
mem:  1938432
mem:  1936384
mem:  1935360
mem:  1927168
mem:  1928704
mem:  1942528
mem:  1944064
mem:  1926144
mem:  1933824
mem:  1942528
mem:  1930752
mem:  1938432
mem:  1953280
mem:  1938944
mem:  1959936
mem:  1948160
mem:  1949696
mem:  1941504
mem:  1966080
mem:  1928704
mem:  1936384
mem:  1934336
mem:  1952768
mem:  1977344
mem:  1975296
mem:  1976832
mem:  1955328
mem:  1966592
mem:  1981440
mem:  1982976
mem:  1978368
mem:  1972736
mem:  1993728
mem:  1985536
mem:  1977344
mem:  1986048
mem:  1935360
mem:  1998848
mem:  1987072
mem:  1985024
mem:  2006016
mem:  1985536
mem:  2002944
mem:  1997312
mem:  2002432
mem:  2013696
mem:  1992192
mem:  2000896
mem:  1986560
mem:  1987072
mem:  2008064
mem:  2010624
mem:  2008576
mem:  2006528
mem:  2015232
mem:  1993728
mem:  2024448
mem:  2012672
mem:  2011648
mem:  1990144
mem:  2030592
mem:  2028544
mem:  2008064
mem:  2035200
mem:  2023424
mem:  2015232
mem:  2036224
mem:  2008576
mem:  2039296
mem:  2018816
mem:  2039808
mem:  2028032
mem:  2033152
mem:  2014208
mem:  2036224
mem:  2043904
mem:  2041856
mem:  2027520
mem:  2051072
mem:  2050048
mem:  2035712
mem:  2049536
mem:  2047488
mem:  2065920
mem:  2073600
