SLURM_JOBID=5050269
SLURM_JOB_NODELIST=svl1
SLURM_NNODES=1
SLURMTMPDIR=
working directory = /viscam/projects/objectfolder_benchmark/benchmarks/Multi_Sensory_3D_Reconstruction/code/models/MDN
Start_idx:  881
mem:  1536
mem:  1878528
mem:  1856512
mem:  1900544
mem:  1879040
mem:  1923072
mem:  1891840
mem:  1887232
mem:  1885184
mem:  1886720
mem:  1923584
mem:  1889792
mem:  1924096
mem:  1906176
mem:  1874944
mem:  1918976
mem:  1887744
mem:  1931776
mem:  1927168
mem:  1948160
mem:  1930240
mem:  1914880
mem:  1896960
mem:  1917952
mem:  1929216
mem:  1930752
mem:  1928704
mem:  1914368
mem:  1929216
mem:  1946624
mem:  1938432
mem:  1904640
mem:  1951232
mem:  1911296
mem:  1948160
mem:  1920512
mem:  1941504
mem:  1952768
mem:  1976320
mem:  1932800
mem:  1944064
mem:  1920000
mem:  1954304
mem:  1977856
mem:  1947648
mem:  1955328
mem:  1982464
mem:  1945088
mem:  1982976
mem:  1961472
mem:  1955840
mem:  1967104
mem:  1949184
mem:  1957888
mem:  1982464
mem:  1986560
mem:  1975808
mem:  1957888
mem:  1965568
mem:  1989120
mem:  1949184
mem:  1979904
mem:  2000896
mem:  1992704
mem:  2013696
mem:  1972736
mem:  1968128
mem:  1998848
mem:  2006528
mem:  1976320
mem:  1970688
mem:  2004992
mem:  1987072
mem:  1988608
mem:  1980416
mem:  1988096
mem:  1996800
mem:  1991168
mem:  2002432
mem:  1974784
mem:  1999360
mem:  2020352
mem:  1995264
mem:  2016256
mem:  2005504
mem:  2036224
mem:  2024448
mem:  2012672
mem:  2033664
mem:  2013184
mem:  2043904
mem:  1987072
mem:  2023936
mem:  2031616
mem:  2062336
mem:  2028544
mem:  2023936
mem:  2041344
mem:  2000384
mem:  2034688
