SLURM_JOBID=5049909
SLURM_JOB_NODELIST=svl15
SLURM_NNODES=1
SLURMTMPDIR=
working directory = /viscam/projects/objectfolder_benchmark/benchmarks/Multi_Sensory_3D_Reconstruction/code/models/MDN
Start_idx:  480
mem:  1536
mem:  1921024
mem:  1918464
mem:  1923584
mem:  1927680
mem:  1925632
mem:  1927168
mem:  1912832
mem:  1933824
mem:  1931776
mem:  1921024
mem:  1935872
mem:  1939968
mem:  1937920
mem:  1920000
mem:  1931264
mem:  1946112
mem:  1928192
mem:  1949184
mem:  1950720
mem:  1949696
mem:  1931776
mem:  1955328
mem:  1927680
mem:  1948672
mem:  1950208
mem:  1951744
mem:  1950720
mem:  1964544
mem:  1956352
mem:  1945600
mem:  1965568
mem:  1957376
mem:  1972224
mem:  1973760
mem:  1972736
mem:  1967104
mem:  1965056
mem:  1979904
mem:  1938944
mem:  1982976
mem:  1984512
mem:  1972736
mem:  1968128
mem:  1985536
mem:  1957888
mem:  1992192
mem:  1993728
mem:  1969664
mem:  1990656
mem:  1998336
mem:  1990144
mem:  1972224
mem:  1996800
mem:  2004480
mem:  1976832
mem:  1997824
mem:  1989632
mem:  1998336
mem:  2008576
mem:  1997824
mem:  2012672
mem:  2016768
mem:  2002432
mem:  2016256
mem:  2001920
mem:  2020352
mem:  2018304
mem:  2006528
mem:  2017792
mem:  2022912
mem:  1991680
mem:  2032128
mem:  2033664
mem:  2021888
mem:  2036736
mem:  2016256
mem:  2030080
mem:  2031616
mem:  2017280
mem:  2044416
mem:  2033664
mem:  2028032
mem:  2039296
mem:  2031104
mem:  2039808
mem:  2051072
mem:  2042880
mem:  2050560
mem:  2036224
mem:  2053632
mem:  2055168
mem:  2060288
mem:  2064384
mem:  2065920
mem:  2061312
mem:  2062848
mem:  2064384
mem:  2065920
mem:  2073600
