SLURM_JOBID=5049618
SLURM_JOB_NODELIST=svl2
SLURM_NNODES=1
SLURMTMPDIR=
working directory = /viscam/projects/objectfolder_benchmark/benchmarks/Multi_Sensory_3D_Reconstruction/code/models/MDN
Start_idx:  167
mem:  1536
mem:  1849344
mem:  1921024
mem:  1923584
mem:  1872896
mem:  1890304
mem:  1891840
mem:  1883648
mem:  1914368
mem:  1886720
mem:  1936896
mem:  1893376
mem:  1930240
mem:  1909760
mem:  1894400
mem:  1918976
mem:  1930240
mem:  1899008
mem:  1910272
mem:  1918976
mem:  1923072
mem:  1899008
mem:  1912832
mem:  1898496
mem:  1878016
mem:  1897984
mem:  1929728
mem:  1927680
mem:  1964544
mem:  1901568
mem:  1938432
mem:  1924096
mem:  1922048
mem:  1936896
mem:  1915392
mem:  1933824
mem:  1934336
mem:  1943040
mem:  1938432
mem:  1932800
mem:  1941504
mem:  1955328
mem:  1937408
mem:  1925632
mem:  1944064
mem:  1918976
mem:  1963008
mem:  1987584
mem:  1950208
mem:  1926144
mem:  1947136
mem:  1980416
mem:  1933312
mem:  1990656
mem:  1975296
mem:  1947648
mem:  1972224
mem:  1956864
mem:  1959424
mem:  1953792
mem:  1990656
mem:  1947136
mem:  1981440
mem:  1998848
mem:  1958912
mem:  1979904
mem:  1997312
mem:  1989120
mem:  1980928
mem:  1992192
mem:  1980416
mem:  1952768
mem:  2016256
mem:  1994752
mem:  2032640
mem:  1997824
mem:  2028544
mem:  1997312
mem:  2025472
mem:  2042880
mem:  1999360
mem:  2043392
mem:  2021888
mem:  2003968
mem:  2040832
mem:  1999872
mem:  2053632
mem:  1977344
mem:  2024960
mem:  2006016
mem:  2037760
mem:  2016256
mem:  2030080
mem:  2015744
mem:  2001408
mem:  2009088
mem:  2062848
mem:  2037760
mem:  1997824
mem:  2015232
