SLURM_JOBID=5049691
SLURM_JOB_NODELIST=svl18
SLURM_NNODES=1
SLURMTMPDIR=
working directory = /viscam/projects/objectfolder_benchmark/benchmarks/Multi_Sensory_3D_Reconstruction/code/models/MDN
Start_idx:  245
mem:  1536
mem:  1884672
mem:  1908736
mem:  1900544
mem:  1911808
mem:  1890304
mem:  1901568
mem:  1883648
mem:  1920512
mem:  1909760
mem:  1921024
mem:  1928704
mem:  1939968
mem:  1941504
mem:  1927168
mem:  1915392
mem:  1930240
mem:  1928192
mem:  1936896
mem:  1944576
mem:  1913344
mem:  1937920
mem:  1933312
mem:  1950720
mem:  1958400
mem:  1946624
mem:  1939456
mem:  1947136
mem:  1964544
mem:  1924608
mem:  1957888
mem:  1955840
mem:  1964544
mem:  1939456
mem:  1944576
mem:  1975296
mem:  1960960
mem:  1949184
mem:  1960448
mem:  1981440
mem:  1950208
mem:  1955328
mem:  1970176
mem:  1971712
mem:  1985536
mem:  1990656
mem:  1992192
mem:  1990144
mem:  1985536
mem:  1994240
mem:  1963008
mem:  1958400
mem:  1972224
mem:  2000384
mem:  1991168
mem:  1996288
mem:  1968640
mem:  1977344
mem:  2004480
mem:  1999872
mem:  1988096
mem:  2001920
mem:  2003456
mem:  1998848
mem:  1980928
mem:  2011648
mem:  2016768
mem:  2021888
mem:  1973760
mem:  2001920
mem:  2019328
mem:  1975808
mem:  2006528
mem:  2004480
mem:  2021888
mem:  2033152
mem:  2038272
mem:  2020352
mem:  1986560
mem:  2039296
mem:  2022400
mem:  2023936
mem:  2047488
mem:  2049024
mem:  2001920
mem:  2049536
mem:  2030592
mem:  2033152
mem:  1998336
mem:  2042368
mem:  2030592
mem:  2032128
mem:  2053120
mem:  2054656
mem:  2065920
mem:  2035712
mem:  2068992
mem:  2057216
mem:  2056192
mem:  2041856
