SLURM_JOBID=5050274
SLURM_JOB_NODELIST=svl1
SLURM_NNODES=1
SLURMTMPDIR=
working directory = /viscam/projects/objectfolder_benchmark/benchmarks/Multi_Sensory_3D_Reconstruction/code/models/MDN
Start_idx:  884
mem:  1536
mem:  1911296
mem:  1905152
mem:  1893376
mem:  1917952
mem:  1923072
mem:  1921024
mem:  1912832
mem:  1930240
mem:  1929216
mem:  1921024
mem:  1912832
mem:  1933824
mem:  1922048
mem:  1920000
mem:  1938432
mem:  1932800
mem:  1924608
mem:  1927168
mem:  1925120
mem:  1930240
mem:  1940480
mem:  1952768
mem:  1950720
mem:  1954816
mem:  1953792
mem:  1961472
mem:  1947136
mem:  1942528
mem:  1959936
mem:  1955328
mem:  1943552
mem:  1945088
mem:  1939456
mem:  1948160
mem:  1969152
mem:  1967104
mem:  1962496
mem:  1970176
mem:  1971712
mem:  1953792
mem:  1974784
mem:  1976320
mem:  1977856
mem:  1966080
mem:  1968640
mem:  1976320
mem:  1980416
mem:  1969664
mem:  1951744
mem:  1969152
mem:  1984000
mem:  1989120
mem:  1977344
mem:  2004480
mem:  1999872
mem:  1981952
mem:  2005504
mem:  2008064
mem:  1976832
mem:  1988096
mem:  2001920
mem:  1991168
mem:  2018304
mem:  2006528
mem:  1992192
mem:  1987584
mem:  2014720
mem:  2006528
mem:  2011648
mem:  2013184
mem:  2020864
mem:  2025984
mem:  2017792
mem:  2025472
mem:  2027008
mem:  2028544
mem:  1994752
mem:  2021888
mem:  2033152
mem:  2015232
mem:  2026496
mem:  2021888
mem:  2045440
mem:  2031104
mem:  2045952
mem:  2050048
mem:  2019840
mem:  2054144
mem:  2042368
mem:  2059776
mem:  2051584
mem:  2046976
mem:  2054656
mem:  2052608
mem:  2057728
mem:  2053120
mem:  2051072
mem:  2059776
mem:  2067456
