SLURM_JOBID=5050070
SLURM_JOB_NODELIST=svl10
SLURM_NNODES=1
SLURMTMPDIR=
working directory = /viscam/projects/objectfolder_benchmark/benchmarks/Multi_Sensory_3D_Reconstruction/code/models/MDN
Start_idx:  664
mem:  1536
mem:  1904128
mem:  1908736
mem:  1855488
mem:  1892352
mem:  1925632
mem:  1907712
mem:  1881088
mem:  1902080
mem:  1915904
mem:  1901568
mem:  1895936
mem:  1920512
mem:  1928192
mem:  1929728
mem:  1918976
mem:  1897472
mem:  1908736
mem:  1933312
mem:  1921536
mem:  1919488
mem:  1918464
mem:  1935872
mem:  1902080
mem:  1952256
mem:  1882112
mem:  1928704
mem:  1940992
mem:  1938944
mem:  1959936
mem:  1883648
mem:  1924096
mem:  1902592
mem:  1943040
mem:  1934848
mem:  1932800
mem:  1915904
mem:  1949184
mem:  1960448
mem:  1948672
mem:  1976832
mem:  1939456
mem:  1982464
mem:  1964544
mem:  1946624
mem:  1984512
mem:  1982464
mem:  1970688
mem:  1933312
mem:  1984512
mem:  1949696
mem:  1964544
mem:  1995264
mem:  1970176
mem:  2000896
mem:  1941504
mem:  2001408
mem:  1973760
mem:  1965568
mem:  2006016
mem:  1933312
mem:  1947136
mem:  2013184
mem:  1986560
mem:  1967616
mem:  1992192
mem:  2016768
mem:  1989120
mem:  1994240
mem:  2011648
mem:  1990144
mem:  1981952
mem:  2022400
mem:  2010624
mem:  1990144
mem:  2011136
mem:  2038272
mem:  2007040
mem:  1992704
mem:  2039296
mem:  2015232
mem:  2042368
mem:  2008576
mem:  1980928
mem:  2018816
mem:  2052096
mem:  2008576
mem:  2010112
mem:  2001920
mem:  1986560
mem:  2004992
mem:  2022400
mem:  2027520
mem:  2022912
mem:  2004992
mem:  2064896
mem:  2039808
mem:  2057216
mem:  2007552
mem:  2021376
