SLURM_JOBID=5049875
SLURM_JOB_NODELIST=svl7
SLURM_NNODES=1
SLURMTMPDIR=
working directory = /viscam/projects/objectfolder_benchmark/benchmarks/Multi_Sensory_3D_Reconstruction/code/models/MDN
Start_idx:  454
mem:  1536
mem:  1888256
mem:  1889280
mem:  1906688
mem:  1872896
mem:  1870848
mem:  1899008
mem:  1926144
mem:  1910784
mem:  1903616
mem:  1894400
mem:  1896960
mem:  1885184
mem:  1899008
mem:  1923584
mem:  1909248
mem:  1930240
mem:  1918464
mem:  1923584
mem:  1934848
mem:  1938944
mem:  1928192
mem:  1913856
mem:  1914368
mem:  1913344
mem:  1921024
mem:  1939456
mem:  1921536
mem:  1932800
mem:  1921024
mem:  1905664
mem:  1946112
mem:  1941504
mem:  1962496
mem:  1967616
mem:  1930240
mem:  1970688
mem:  1952768
mem:  1934848
mem:  1958400
mem:  1937920
mem:  1932288
mem:  1953280
mem:  1955840
mem:  1950208
mem:  1961472
mem:  1959424
mem:  1958400
mem:  1946624
mem:  1977344
mem:  1955840
mem:  1960960
mem:  1972224
mem:  1957888
mem:  1965568
mem:  1967104
mem:  1956352
mem:  2006528
mem:  1988608
mem:  2006016
mem:  1932288
mem:  1995776
mem:  2003456
mem:  1950208
mem:  1965056
mem:  1992192
mem:  2016768
mem:  1966080
mem:  1980928
mem:  2011648
mem:  2029056
mem:  2001408
mem:  1990656
mem:  1998336
mem:  2025472
mem:  2007552
mem:  2009088
mem:  1987584
mem:  2008576
mem:  2027008
mem:  2024960
mem:  2004480
mem:  2015744
mem:  2023424
mem:  2031104
mem:  2032640
mem:  1998848
mem:  2039296
mem:  2050560
mem:  2009600
mem:  2017280
mem:  2032128
mem:  2023936
mem:  2038784
mem:  2027008
mem:  2048000
mem:  2068992
mem:  2051072
mem:  2019840
mem:  2032128
