SLURM_JOBID=5050372
SLURM_JOB_NODELIST=svl5
SLURM_NNODES=1
SLURMTMPDIR=
working directory = /viscam/projects/objectfolder_benchmark/benchmarks/Multi_Sensory_3D_Reconstruction/code/models/MDN
Start_idx:  964
mem:  1536
mem:  1923584
mem:  1921024
mem:  1920000
mem:  1927680
mem:  1926656
mem:  1921024
mem:  1929728
mem:  1933824
mem:  1932800
mem:  1933312
mem:  1926144
mem:  1939968
mem:  1941504
mem:  1940480
mem:  1934848
mem:  1939968
mem:  1947648
mem:  1945600
mem:  1950720
mem:  1946112
mem:  1944064
mem:  1939456
mem:  1956864
mem:  1958400
mem:  1946624
mem:  1951744
mem:  1963008
mem:  1951232
mem:  1966080
mem:  1955328
mem:  1969152
mem:  1964544
mem:  1962496
mem:  1971200
mem:  1975296
mem:  1976832
mem:  1962496
mem:  1979904
mem:  1978880
mem:  1976832
mem:  1984512
mem:  1979904
mem:  1977856
mem:  1982976
mem:  1987072
mem:  1988608
mem:  1964544
mem:  1995264
mem:  1993216
mem:  1992192
mem:  1999872
mem:  1997824
mem:  2002944
mem:  1992192
mem:  2002432
mem:  2001408
mem:  2006528
mem:  2004480
mem:  2012160
mem:  2007552
mem:  2009088
mem:  2016768
mem:  2018304
mem:  2019840
mem:  2018816
mem:  2022912
mem:  2018304
mem:  2023424
mem:  2014208
mem:  2025472
mem:  2028032
mem:  2032128
mem:  2023936
mem:  2032640
mem:  2030592
mem:  2032128
mem:  2030080
mem:  2041344
mem:  2036736
mem:  2034688
mem:  2045952
mem:  2035200
mem:  2042880
mem:  2037248
mem:  2049536
mem:  2047488
mem:  2049024
mem:  2046976
mem:  2052096
mem:  2053632
mem:  2061312
mem:  2033664
mem:  2054656
mem:  2065920
mem:  2063872
mem:  2059264
mem:  2060800
mem:  2052608
mem:  2073600
