SLURM_JOBID=5049790
SLURM_JOB_NODELIST=svl15
SLURM_NNODES=1
SLURMTMPDIR=
working directory = /viscam/projects/objectfolder_benchmark/benchmarks/Multi_Sensory_3D_Reconstruction/code/models/MDN
Start_idx:  355
mem:  1536
mem:  1901568
mem:  1918464
mem:  1926144
mem:  1927680
mem:  1913344
mem:  1921024
mem:  1912832
mem:  1917952
mem:  1915904
mem:  1907712
mem:  1938432
mem:  1939968
mem:  1896448
mem:  1940480
mem:  1938432
mem:  1942528
mem:  1947648
mem:  1943040
mem:  1950720
mem:  1942528
mem:  1937920
mem:  1943040
mem:  1947136
mem:  1958400
mem:  1959936
mem:  1945600
mem:  1937408
mem:  1952256
mem:  1963520
mem:  1964032
mem:  1956864
mem:  1970688
mem:  1929728
mem:  1973760
mem:  1965568
mem:  1976832
mem:  1962496
mem:  1957888
mem:  1981440
mem:  1967104
mem:  1935872
mem:  1986048
mem:  1965568
mem:  1976832
mem:  1988096
mem:  1988608
mem:  1977856
mem:  1995264
mem:  1996800
mem:  1992192
mem:  1997312
mem:  2001408
mem:  2000384
mem:  1994752
mem:  1993728
mem:  1978368
mem:  1999360
mem:  2004480
mem:  1996288
mem:  2013696
mem:  2009088
mem:  2010624
mem:  2018304
mem:  2007552
mem:  1989632
mem:  2009600
mem:  2018304
mem:  2016256
mem:  2024960
mem:  2016768
mem:  2017280
mem:  2029568
mem:  2021376
mem:  2035200
mem:  2030592
mem:  2038272
mem:  2014208
mem:  2041344
mem:  2033152
mem:  2012672
mem:  2043392
mem:  2047488
mem:  2049024
mem:  2044416
mem:  2049536
mem:  2043904
mem:  2049024
mem:  2053120
mem:  2055680
mem:  2043904
mem:  2061312
mem:  2060288
mem:  2060800
mem:  2065920
mem:  2067456
mem:  2056704
mem:  2070528
mem:  2069504
mem:  2063872
