SLURM_JOBID=5049762
SLURM_JOB_NODELIST=svl1
SLURM_NNODES=1
SLURMTMPDIR=
working directory = /viscam/projects/objectfolder_benchmark/benchmarks/Multi_Sensory_3D_Reconstruction/code/models/MDN
Start_idx:  293
mem:  1536
mem:  1913856
mem:  1924608
mem:  1916416
mem:  1908224
mem:  1909760
mem:  1921024
mem:  1926144
mem:  1927680
mem:  1912320
mem:  1914880
mem:  1916416
mem:  1920512
mem:  1925632
mem:  1920000
mem:  1905664
mem:  1930240
mem:  1935360
mem:  1926144
mem:  1944576
mem:  1932800
mem:  1937920
mem:  1945600
mem:  1937408
mem:  1942528
mem:  1953792
mem:  1951744
mem:  1956864
mem:  1938944
mem:  1936896
mem:  1961472
mem:  1930240
mem:  1967104
mem:  1950208
mem:  1944576
mem:  1943552
mem:  1957376
mem:  1972224
mem:  1960448
mem:  1965568
mem:  1967104
mem:  1974784
mem:  1970176
mem:  1971712
mem:  1979392
mem:  1957888
mem:  1982464
mem:  1984000
mem:  1979392
mem:  1967616
mem:  1978880
mem:  1970688
mem:  1995264
mem:  1993216
mem:  1981440
mem:  1982976
mem:  1988096
mem:  2005504
mem:  1994752
mem:  1998848
mem:  2003968
mem:  2001920
mem:  2000896
mem:  1982976
mem:  2007552
mem:  2005504
mem:  1997312
mem:  2014720
mem:  2013696
mem:  2024960
mem:  2015744
mem:  2014720
mem:  2019840
mem:  2033664
mem:  2025472
mem:  2030592
mem:  2002944
mem:  2014208
mem:  2029056
mem:  1997824
mem:  2021376
mem:  2045952
mem:  2018304
mem:  2042880
mem:  2031104
mem:  2045952
mem:  2037760
mem:  2045440
mem:  2021376
mem:  2038784
mem:  2040320
mem:  2039296
mem:  2043392
mem:  2058240
mem:  2046464
mem:  2061312
mem:  2037248
mem:  2066944
mem:  2049024
mem:  2070016
