SLURM_JOBID=5049994
SLURM_JOB_NODELIST=svl2
SLURM_NNODES=1
SLURMTMPDIR=
working directory = /viscam/projects/objectfolder_benchmark/benchmarks/Multi_Sensory_3D_Reconstruction/code/models/MDN
Start_idx:  575
mem:  1536
mem:  1897984
mem:  1924608
mem:  1883648
mem:  1911808
mem:  1900032
mem:  1891840
mem:  1880064
mem:  1869312
mem:  1896448
mem:  1901568
mem:  1912832
mem:  1885184
mem:  1892864
mem:  1884672
mem:  1942016
mem:  1936384
mem:  1853952
mem:  1916416
mem:  1879040
mem:  1936384
mem:  1899008
mem:  1893376
mem:  1888768
mem:  1916928
mem:  1897984
mem:  1912832
mem:  1937408
mem:  1964544
mem:  1921024
mem:  1922560
mem:  1963008
mem:  1892864
mem:  1927168
mem:  1918976
mem:  1907200
mem:  1922048
mem:  1946624
mem:  1934848
mem:  1936384
mem:  1928192
mem:  1965056
mem:  1966592
mem:  1968128
mem:  1930752
mem:  1961472
mem:  1914368
mem:  1942528
mem:  1950208
mem:  1961472
mem:  1965568
mem:  1941504
mem:  1969664
mem:  1989632
mem:  1942528
mem:  1937920
mem:  1984512
mem:  1989632
mem:  1949696
mem:  1986560
mem:  1994240
mem:  1983488
mem:  1997312
mem:  1957376
mem:  1965056
mem:  1969152
mem:  1980416
mem:  1973248
mem:  1918976
mem:  1943552
mem:  1976832
mem:  2030592
mem:  1993216
mem:  1969152
mem:  1993728
mem:  1985536
mem:  1976320
mem:  2010624
mem:  1982976
mem:  1997824
mem:  2009088
mem:  1994752
mem:  2018304
mem:  2003968
mem:  2017792
mem:  2009600
mem:  1998848
mem:  2010112
mem:  2050560
mem:  2058240
mem:  2020864
mem:  2012672
mem:  2049536
mem:  2025472
mem:  2007552
mem:  2012672
mem:  2033664
mem:  2009600
mem:  1991680
mem:  2021376
