SLURM_JOBID=5049791
SLURM_JOB_NODELIST=svl18
SLURM_NNODES=1
SLURMTMPDIR=
working directory = /viscam/projects/objectfolder_benchmark/benchmarks/Multi_Sensory_3D_Reconstruction/code/models/MDN
Start_idx:  356
mem:  1536
mem:  1904128
mem:  1892864
mem:  1922560
mem:  1888768
mem:  1878016
mem:  1888256
mem:  1893376
mem:  1917952
mem:  1929216
mem:  1927168
mem:  1903104
mem:  1910784
mem:  1863680
mem:  1920000
mem:  1899520
mem:  1881600
mem:  1931776
mem:  1897984
mem:  1911808
mem:  1887744
mem:  1902592
mem:  1955328
mem:  1927680
mem:  1896448
mem:  1924608
mem:  1916416
mem:  1914368
mem:  1954816
mem:  1907712
mem:  1909248
mem:  1969152
mem:  1941504
mem:  1933312
mem:  1921536
mem:  1936384
mem:  1944064
mem:  1958912
mem:  1937408
mem:  1916928
mem:  1967104
mem:  1978368
mem:  1927680
mem:  1935360
mem:  1986560
mem:  1980928
mem:  1956864
mem:  1929216
mem:  1975808
mem:  1957888
mem:  1995776
mem:  1941504
mem:  1946624
mem:  1971200
mem:  1994752
mem:  1999872
mem:  1952768
mem:  1967616
mem:  2000896
mem:  2012160
mem:  1962496
mem:  1963008
mem:  1946112
mem:  2008576
mem:  1984512
mem:  1995776
mem:  1997312
mem:  1989120
mem:  1987072
mem:  2008064
mem:  1970688
mem:  1985536
mem:  1983488
mem:  2008064
mem:  2009600
mem:  1997824
mem:  2035712
mem:  2039808
mem:  1996288
mem:  2030592
mem:  2034688
mem:  2033664
mem:  1985536
mem:  2036736
mem:  2050560
mem:  2022912
mem:  2047488
mem:  1994240
mem:  1972736
mem:  2042368
mem:  2059776
mem:  1993216
mem:  2062848
mem:  2064384
mem:  2059776
mem:  2041856
mem:  2059264
mem:  2054656
mem:  2059776
mem:  2005504
