SLURM_JOBID=5049143
SLURM_JOB_NODELIST=svl5
SLURM_NNODES=1
SLURMTMPDIR=
working directory = /viscam/projects/objectfolder_benchmark/benchmarks/Multi_Sensory_3D_Reconstruction/code/models/MDN
Start_idx:  28
mem:  1536
mem:  1849344
mem:  1905152
mem:  1861632
mem:  1872896
mem:  1870848
mem:  1875968
mem:  1877504
mem:  1933824
mem:  1890304
mem:  1882112
mem:  1873920
mem:  1868288
mem:  1892864
mem:  1894400
mem:  1902080
mem:  1920512
mem:  1860096
mem:  1897984
mem:  1902080
mem:  1884160
mem:  1905152
mem:  1893376
mem:  1892352
mem:  1907200
mem:  1901568
mem:  1896960
mem:  1920512
mem:  1951232
mem:  1940480
mem:  1896960
mem:  1904640
mem:  1883136
mem:  1911296
mem:  1909248
mem:  1920512
mem:  1937920
mem:  1935872
mem:  1954304
mem:  1936384
mem:  1901568
mem:  1949184
mem:  1915392
mem:  1915904
mem:  1917440
mem:  1926144
mem:  1943552
mem:  1935360
mem:  1914880
mem:  1932288
mem:  1943552
mem:  1925632
mem:  1939456
mem:  1928704
mem:  1949696
mem:  1928192
mem:  1945600
mem:  1938432
mem:  1942528
mem:  1996288
mem:  1965056
mem:  1947136
mem:  1946112
mem:  1940480
mem:  1948160
mem:  1950720
mem:  1945088
mem:  2011136
mem:  1944576
mem:  1947136
mem:  1980416
mem:  1962496
mem:  1983488
mem:  1961984
mem:  1982976
mem:  1994240
mem:  1967616
mem:  1975296
mem:  1970688
mem:  2029568
mem:  1964032
mem:  1954816
mem:  2015744
mem:  1978368
mem:  1992192
mem:  2030080
mem:  1992704
mem:  1977344
mem:  2008064
mem:  2013184
mem:  2011136
mem:  1990656
mem:  1998336
mem:  2006016
mem:  1997824
mem:  2005504
mem:  1985024
mem:  2051072
mem:  2017280
mem:  2015232
mem:  2030080
mem:  2025472
mem:  2052608
mem:  2054144
mem:  2010624
mem:  2051072
mem:  2061312
mem:  2066432
mem:  2048512
mem:  2057216
mem:  2038272
mem:  2056704
mem:  2071552
mem:  2069504
mem:  2055168
mem:  2062848
mem:  2064384
mem:  2079232
mem:  2067456
mem:  2078720
mem:  2070528
mem:  2074624
mem:  2073600
mem:  2081280
mem:  2086400
mem:  2074624
mem:  2079744
mem:  2097152
mem:  2104832
mem:  2100224
mem:  2098176
mem:  2081280
mem:  2085376
mem:  2109952
mem:  2107904
mem:  2103296
mem:  2081792
mem:  2112512
mem:  2114048
mem:  2092544
mem:  2095104
mem:  2128384
mem:  2104320
mem:  2112000
mem:  2113536
mem:  2108928
mem:  2104320
mem:  2114560
mem:  2119680
mem:  2115072
mem:  2103296
mem:  2127872
mem:  2129408
mem:  2127360
mem:  2105856
mem:  2134016
mem:  2131968
mem:  2127360
mem:  2138624
mem:  2136576
mem:  2157568
mem:  2145792
mem:  2131456
mem:  2126848
mem:  2147840
mem:  2104320
mem:  2143744
mem:  2152448
mem:  2130944
mem:  2145792
mem:  2147328
mem:  2131968
mem:  2144256
mem:  2161664
mem:  2146304
mem:  2141696
mem:  2152960
mem:  2171392
mem:  2159616
mem:  2164736
mem:  2172416
mem:  2160640
mem:  2168320
mem:  2183168
mem:  2172416
mem:  2182656
mem:  2178048
mem:  2169856
mem:  2188288
mem:  2182656
mem:  2171904
mem:  2185728
mem:  2190848
mem:  2202112
mem:  2209792
mem:  2179584
mem:  2190848
mem:  2188800
mem:  2196480
mem:  2204160
mem:  2203136
mem:  2224128
mem:  2231808
mem:  2230784
mem:  2232320
mem:  2236416
mem:  2224640
mem:  2239488
mem:  2241024
mem:  2242560
mem:  2241536
mem:  2245632
mem:  2244608
mem:  2248704
mem:  2250240
mem:  2251776
mem:  2249728
mem:  2252288
mem:  2256384
mem:  2257920
mem:  2259456
mem:  2260992
mem:  2262528
mem:  2261504
mem:  2265600
mem:  2263552
mem:  2265088
mem:  2270208
mem:  2271744
mem:  2270720
mem:  2265088
mem:  2276352
mem:  2277888
mem:  2279424
mem:  2280960
mem:  2282496
mem:  2284032
mem:  2285568
mem:  2287104
mem:  2285056
mem:  2287616
mem:  2289152
mem:  2289664
mem:  2281472
mem:  2296320
mem:  2297856
mem:  2289664
mem:  2300928
mem:  2302464
mem:  2304000
mem:  2295808
mem:  2307072
mem:  2308608
mem:  2310144
mem:  2311680
mem:  2310656
mem:  2314752
mem:  2316288
mem:  2315264
mem:  2319360
mem:  2320896
mem:  2316288
mem:  2323968
mem:  2325504
mem:  2327040
mem:  2328576
mem:  2316800
mem:  2328064
mem:  2327040
mem:  2334720
mem:  2336256
mem:  2337792
mem:  2339328
mem:  2340864
mem:  2332672
mem:  2343936
mem:  2335744
mem:  2334720
mem:  2344960
mem:  2350080
mem:  2351616
mem:  2350592
mem:  2354688
mem:  2356224
mem:  2345472
mem:  2359296
mem:  2360832
mem:  2356224
mem:  2344448
mem:  2362880
mem:  2366976
mem:  2362368
mem:  2363904
mem:  2371584
mem:  2370560
mem:  2361344
mem:  2376192
mem:  2375168
mem:  2363392
mem:  2380800
mem:  2378752
mem:  2335232
mem:  2372096
mem:  2364928
mem:  2385920
mem:  2386432
mem:  2356224
mem:  2383360
mem:  2382336
mem:  2382848
mem:  2364928
mem:  2399232
mem:  2391040
mem:  2390016
mem:  2372096
mem:  2399232
mem:  2384896
mem:  2385408
mem:  2371072
mem:  2395648
mem:  2387456
mem:  2414592
mem:  2364928
mem:  2411520
mem:  2409472
mem:  2417152
mem:  2399232
mem:  2423808
mem:  2403328
mem:  2372096
mem:  2405376
mem:  2423808
mem:  2405888
mem:  2426880
mem:  2382336
mem:  2422784
mem:  2421760
mem:  2406400
mem:  2405376
mem:  2429952
mem:  2437632
mem:  2435584
mem:  2423808
mem:  2399744
mem:  2437632
mem:  2396672
mem:  2443264
mem:  2422784
mem:  2446336
mem:  2454016
mem:  2459136
mem:  2460672
mem:  2456064
mem:  2444288
mem:  2462720
mem:  2425344
mem:  2448896
mem:  2417664
mem:  2442240
mem:  2443776
mem:  2455040
mem:  2456576
mem:  2438656
mem:  2434048
mem:  2474496
mem:  2476032
mem:  2464256
mem:  2479104
mem:  2467328
mem:  2449408
mem:  2457088
mem:  2481664
mem:  2492928
mem:  2478592
mem:  2476544
mem:  2478080
mem:  2463744
mem:  2461696
mem:  2472960
mem:  2493952
mem:  2476032
mem:  2465280
mem:  2498560
mem:  2493952
mem:  2491904
mem:  2470400
mem:  2510848
mem:  2513408
mem:  2505216
mem:  2516480
mem:  2520576
mem:  2518528
mem:  2513920
mem:  2511872
mem:  2507264
mem:  2492928
mem:  2506752
mem:  2499584
mem:  2493952
mem:  2530816
mem:  2526208
mem:  2518016
mem:  2516992
mem:  2514944
mem:  2503168
mem:  2498560
mem:  2513408
mem:  2527232
mem:  2519040
mem:  2524160
mem:  2509824
mem:  2539520
mem:  2532352
mem:  2516992
mem:  2535424
mem:  2558976
mem:  2544640
mem:  2503680
mem:  2530816
mem:  2532352
mem:  2543616
mem:  2552320
mem:  2508800
mem:  2535936
mem:  2531328
mem:  2515968
mem:  2521088
mem:  2557952
mem:  2553344
mem:  2548736
mem:  2566144
mem:  2557952
mem:  2553344
mem:  2554880
mem:  2572288
mem:  2573824
mem:  2539008
mem:  2589184
mem:  2568704
mem:  2579968
mem:  2591232
mem:  2583040
mem:  2577408
mem:  2582528
mem:  2584064
mem:  2585600
mem:  2577408
mem:  2608128
mem:  2609664
mem:  2598912
mem:  2577408
mem:  2563072
mem:  2574336
mem:  2585600
mem:  2570240
mem:  2604544
mem:  2612224
mem:  2607616
mem:  2589696
mem:  2587648
mem:  2573312
mem:  2584576
mem:  2586112
mem:  2577920
mem:  2634240
mem:  2606592
mem:  2611712
mem:  2616832
mem:  2611200
mem:  2606592
mem:  2621440
mem:  2629120
mem:  2627072
mem:  2638336
mem:  2614272
mem:  2598912
mem:  2627072
mem:  2641920
mem:  2597376
mem:  2631680
mem:  2633216
mem:  2634752
mem:  2652160
mem:  2620928
mem:  2658816
mem:  2621440
mem:  2652160
mem:  2618368
mem:  2667520
mem:  2621440
mem:  2671616
mem:  2636800
mem:  2661376
mem:  2662912
mem:  2628096
mem:  2627072
mem:  2634752
mem:  2659328
mem:  2660864
mem:  2652672
mem:  2654208
mem:  2688512
mem:  2673152
mem:  2619904
mem:  2640896
mem:  2665472
mem:  2636800
mem:  2671104
mem:  2676224
mem:  2651136
mem:  2691584
mem:  2673664
mem:  2678784
mem:  2651136
mem:  2679296
mem:  2706432
mem:  2704384
mem:  2699776
mem:  2707456
mem:  2699264
mem:  2671616
mem:  2689024
mem:  2697728
mem:  2670080
mem:  2704384
mem:  2708480
mem:  2703872
mem:  2695680
mem:  2693632
mem:  2691584
mem:  2706432
mem:  2705408
mem:  2705920
mem:  2720768
mem:  2679808
mem:  2684928
mem:  2722816
mem:  2711040
mem:  2689536
mem:  2698240
mem:  2721792
mem:  2691584
mem:  2747904
mem:  2726400
mem:  2689024
mem:  2726912
mem:  2688512
mem:  2738688
mem:  2724352
mem:  2725888
mem:  2715136
mem:  2742272
mem:  2734080
mem:  2732032
mem:  2727424
mem:  2744832
mem:  2723328
mem:  2747904
mem:  2723840
mem:  2715648
mem:  2736640
mem:  2715136
mem:  2771456
mem:  2727936
mem:  2733056
mem:  2734592
mem:  2752000
mem:  2714624
mem:  2741760
mem:  2756608
mem:  2767872
mem:  2766848
mem:  2777088
mem:  2769920
mem:  2741248
mem:  2749952
mem:  2780672
mem:  2775040
mem:  2760704
mem:  2791424
mem:  2777088
mem:  2800640
mem:  2776576
mem:  2778112
mem:  2760192
mem:  2749440
mem:  2776576
mem:  2809856
mem:  2799104
mem:  2790912
mem:  2805760
mem:  2800128
mem:  2785792
mem:  2787328
mem:  2795008
mem:  2816000
mem:  2830848
mem:  2812928
mem:  2810880
mem:  2773504
mem:  2811392
mem:  2811904
mem:  2814464
mem:  2831872
mem:  2823680
mem:  2834944
mem:  2846208
mem:  2818560
mem:  2820096
mem:  2854400
mem:  2835456
mem:  2850304
mem:  2832384
mem:  2831360
mem:  2823168
mem:  2852864
mem:  2861568
mem:  2824192
mem:  2870784
mem:  2860032
mem:  2844672
mem:  2840064
mem:  2870784
mem:  2835968
mem:  2854400
mem:  2842624
mem:  2838016
mem:  2855424
mem:  2864128
mem:  2877952
mem:  2840576
mem:  2874880
mem:  2856960
mem:  2874368
mem:  2866176
mem:  2881024
mem:  2888704
mem:  2816000
mem:  2856448
mem:  2883584
mem:  2894848
mem:  2896384
mem:  2884608
mem:  2880000
mem:  2910720
mem:  2869760
mem:  2874880
mem:  2876416
mem:  2871808
mem:  2869760
mem:  2906624
mem:  2882560
mem:  2923008
mem:  2898944
mem:  2881024
mem:  2885120
mem:  2887680
mem:  2930688
mem:  2899456
mem:  2933760
mem:  2880512
mem:  2917376
mem:  2909184
mem:  2933760
mem:  2898944
mem:  2923520
mem:  2925056
mem:  2926592
mem:  2912256
mem:  2926080
mem:  2928640
mem:  2936320
mem:  2930688
mem:  2939392
mem:  2925056
mem:  2936320
mem:  2959872
mem:  2939392
mem:  2956800
mem:  2915840
mem:  2940416
mem:  2967552
mem:  2933760
mem:  2902528
mem:  2950144
mem:  2967552
mem:  2926592
mem:  2957312
mem:  2939392
mem:  2927616
mem:  2965504
mem:  2941440
mem:  2941952
mem:  2973696
mem:  2955776
mem:  2966016
mem:  2977280
mem:  2953216
mem:  2971648
mem:  2917376
mem:  2990592
mem:  2972672
mem:  2945024
mem:  2989056
mem:  2950656
mem:  2961920
mem:  2945024
mem:  3003904
mem:  2985984
mem:  2942464
mem:  2930688
mem:  2951680
mem:  2953216
mem:  2971648
mem:  3008512
mem:  3019776
mem:  2992128
mem:  3010560
mem:  2992640
mem:  2967552
mem:  3014144
mem:  3016704
mem:  2979328
mem:  2963968
mem:  2972672
mem:  3021824
mem:  3003904
mem:  3025920
mem:  2975232
mem:  3019264
mem:  3042816
mem:  3024896
mem:  3043328
mem:  3014656
mem:  3019776
mem:  3018752
mem:  3016704
mem:  3018240
mem:  3016192
mem:  3011584
mem:  2999808
mem:  3001344
mem:  3010048
mem:  3033600
mem:  3044864
mem:  3001344
mem:  2999296
mem:  3059200
mem:  3021824
mem:  3062272
mem:  3018752
mem:  3068928
mem:  3064320
mem:  3007488
mem:  3057664
mem:  3059200
mem:  3082752
mem:  3051520
mem:  3079680
mem:  3042304
mem:  3069440
mem:  3045376
mem:  3014144
mem:  3089920
mem:  3036672
mem:  3012608
mem:  3053056
mem:  3064320
mem:  3046400
mem:  3102720
mem:  3045888
mem:  3089920
mem:  3081728
mem:  3069952
mem:  3090944
mem:  3040256
mem:  3094016
mem:  3076096
mem:  3044864
mem:  3053568
mem:  3057664
mem:  3072512
mem:  3087360
mem:  3104768
mem:  3116032
mem:  3091968
mem:  3080192
mem:  3124224
mem:  3096576
mem:  3123712
mem:  3115520
mem:  3052544
mem:  3079680
mem:  3136000
mem:  3080192
mem:  3132928
mem:  3111424
mem:  3090944
mem:  3127808
mem:  3090432
mem:  3150336
mem:  3145728
mem:  3124224
mem:  3151360
mem:  3150336
mem:  3151872
mem:  3143680
mem:  3151360
mem:  3162624
mem:  3154432
mem:  3155968
mem:  3154944
mem:  3149312
mem:  3166720
mem:  3159552
mem:  3163648
mem:  3174912
mem:  3125248
mem:  3162112
mem:  3166208
mem:  3174912
mem:  3166720
mem:  3184128
mem:  3185664
mem:  3187200
mem:  3169280
mem:  3184128
mem:  3182080
mem:  3187200
mem:  3185152
mem:  3196416
mem:  3166208
mem:  3189760
mem:  3194880
mem:  3198976
mem:  3191808
mem:  3195904
mem:  3152384
mem:  3195392
mem:  3194368
mem:  3170304
mem:  3209728
mem:  3211264
mem:  3213824
mem:  3192320
mem:  3196416
mem:  3182080
mem:  3222528
mem:  3217920
mem:  3215872
mem:  3205120
mem:  3212800
mem:  3187712
mem:  3228160
mem:  3213824
mem:  3225088
mem:  3210752
mem:  3231744
mem:  3229696
mem:  3225088
mem:  3236352
mem:  3228160
mem:  3204096
mem:  3217920
mem:  3232768
mem:  3207680
mem:  3229696
mem:  3237376
mem:  3242496
mem:  3217408
mem:  3254272
mem:  3253248
mem:  3254784
mem:  3233280
mem:  3238400
mem:  3262976
mem:  3257344
mem:  3233280
mem:  3228672
mem:  3271680
mem:  3269632
mem:  3255296
mem:  3260416
mem:  3271680
mem:  3259904
mem:  3251712
mem:  3253248
mem:  3268096
mem:  3246592
mem:  3277312
mem:  3233792
mem:  3274240
mem:  3279360
mem:  3287040
mem:  3282432
mem:  3286528
mem:  3249152
mem:  3293184
mem:  3281408
mem:  3286528
