SLURM_JOBID=5050071
SLURM_JOB_NODELIST=svl1
SLURM_NNODES=1
SLURMTMPDIR=
working directory = /viscam/projects/objectfolder_benchmark/benchmarks/Multi_Sensory_3D_Reconstruction/code/models/MDN
Start_idx:  665
mem:  1536
mem:  1888256
mem:  1869824
mem:  1893376
mem:  1872896
mem:  1923072
mem:  1905152
mem:  1900544
mem:  1888768
mem:  1874432
mem:  1894400
mem:  1893376
mem:  1875456
mem:  1899008
mem:  1878528
mem:  1880064
mem:  1936384
mem:  1918464
mem:  1913856
mem:  1905664
mem:  1893888
mem:  1908736
mem:  1900544
mem:  1911808
mem:  1925632
mem:  1930752
mem:  1938432
mem:  1939968
mem:  1925632
mem:  1930752
mem:  1928704
mem:  1937408
mem:  1906176
mem:  1904128
mem:  1915392
mem:  1943552
mem:  1947648
mem:  1945600
mem:  1928704
mem:  1952256
mem:  1953792
mem:  1972224
mem:  1931264
mem:  1968128
mem:  1967104
mem:  1935872
mem:  1972736
mem:  1938944
mem:  1962496
mem:  1957888
mem:  1959424
mem:  1945088
mem:  1933312
mem:  1979904
mem:  1959424
mem:  1974272
mem:  1958912
mem:  1956864
mem:  1971712
mem:  1953792
mem:  1984512
mem:  1966592
mem:  1981440
mem:  1995264
mem:  1955328
mem:  1956864
mem:  1961984
mem:  1985536
mem:  1996800
mem:  1986048
mem:  1970688
mem:  1979392
mem:  1989632
mem:  1994752
mem:  2002432
mem:  1997824
mem:  1999360
mem:  1997312
mem:  1992704
mem:  1978368
mem:  2002944
mem:  2014208
mem:  2012160
mem:  2016256
mem:  2017792
mem:  2009600
mem:  1985536
mem:  2025984
mem:  1995776
mem:  2007040
mem:  2011136
mem:  2022400
mem:  2046976
mem:  2051072
mem:  1997824
mem:  2002944
mem:  2039808
mem:  2047488
mem:  2042880
mem:  2067456
