SLURM_JOBID=5050373
SLURM_JOB_NODELIST=svl9
SLURM_NNODES=1
SLURMTMPDIR=
working directory = /viscam/projects/objectfolder_benchmark/benchmarks/Multi_Sensory_3D_Reconstruction/code/models/MDN
Start_idx:  965
mem:  1536
mem:  1888256
mem:  1922048
mem:  1906688
mem:  1894912
mem:  1909760
mem:  1901568
mem:  1883648
mem:  1902080
mem:  1919488
mem:  1907712
mem:  1905664
mem:  1878016
mem:  1886720
mem:  1900544
mem:  1909248
mem:  1916928
mem:  1908736
mem:  1933312
mem:  1869312
mem:  1909760
mem:  1914880
mem:  1913856
mem:  1950720
mem:  1952256
mem:  1914880
mem:  1939456
mem:  1933824
mem:  1948672
mem:  1927168
mem:  1942016
mem:  1930240
mem:  1935360
mem:  1904128
mem:  1944576
mem:  1916928
mem:  1967104
mem:  1943040
mem:  1948160
mem:  1936384
mem:  1950208
mem:  1962496
mem:  1927680
mem:  1938944
mem:  1959936
mem:  1955328
mem:  1939968
mem:  1977856
mem:  1982976
mem:  1961472
mem:  1975296
mem:  1984000
mem:  1981952
mem:  1905664
mem:  1971712
mem:  1957376
mem:  1981952
mem:  1927680
mem:  1981440
mem:  1982976
mem:  1984512
mem:  2001920
mem:  1954816
mem:  2012160
mem:  1961472
mem:  2021376
mem:  1990144
mem:  2014720
mem:  1977344
mem:  1982464
mem:  1990144
mem:  1968640
mem:  1987072
mem:  1998336
mem:  1996288
mem:  2027008
mem:  2025984
mem:  2010624
mem:  1986560
mem:  1988096
mem:  1972736
mem:  1997312
mem:  2041344
mem:  2000384
mem:  2034688
mem:  2030080
mem:  2037760
mem:  2039296
mem:  2040832
mem:  2055680
mem:  2059776
mem:  2035712
mem:  1998336
mem:  2006016
mem:  2027008
mem:  2022400
mem:  2020352
mem:  2047488
mem:  2027008
mem:  2050560
