SLURM_JOBID=5050351
SLURM_JOB_NODELIST=svl3
SLURM_NNODES=1
SLURMTMPDIR=
working directory = /viscam/projects/objectfolder_benchmark/benchmarks/Multi_Sensory_3D_Reconstruction/code/models/MDN
Start_idx:  953
mem:  1536
mem:  1871360
mem:  1895424
mem:  1926144
mem:  1905664
mem:  1854976
mem:  1875968
mem:  1880064
mem:  1898496
mem:  1935360
mem:  1914880
mem:  1909248
mem:  1887744
mem:  1876992
mem:  1943040
mem:  1893376
mem:  1946112
mem:  1879552
mem:  1900544
mem:  1902080
mem:  1952256
mem:  1914880
mem:  1881088
mem:  1879040
mem:  1952256
mem:  1921024
mem:  1961472
mem:  1921536
mem:  1884160
mem:  1921024
mem:  1909248
mem:  1930240
mem:  1925632
mem:  1929728
mem:  1895936
mem:  1930240
mem:  1937920
mem:  1894400
mem:  1925120
mem:  1930240
mem:  1928192
mem:  1920000
mem:  1966592
mem:  1935360
mem:  1936896
mem:  1988096
mem:  1943552
mem:  1929216
mem:  1953792
mem:  1996800
mem:  1953280
mem:  1970688
mem:  2001408
mem:  1931264
mem:  1942528
mem:  1964544
mem:  1935872
mem:  1944576
mem:  1955840
mem:  1976832
mem:  1958912
mem:  2015232
mem:  1981440
mem:  1953792
mem:  2019840
mem:  2009088
mem:  1971712
mem:  2024448
mem:  1967616
mem:  1988608
mem:  1977856
mem:  1969664
mem:  2012672
mem:  1998336
mem:  1982976
mem:  1988096
mem:  1976320
mem:  1975296
mem:  1986560
mem:  1991680
mem:  1993216
mem:  1987584
mem:  1989120
mem:  1971200
mem:  1992192
mem:  2000896
mem:  2018304
mem:  2010112
mem:  1985024
mem:  2009600
mem:  2004992
mem:  2002944
mem:  2017792
mem:  1999872
mem:  2036736
mem:  2024960
mem:  2007040
mem:  2031616
mem:  2069504
mem:  2015232
