SLURM_JOBID=5049735
SLURM_JOB_NODELIST=svl17
SLURM_NNODES=1
SLURMTMPDIR=
working directory = /viscam/projects/objectfolder_benchmark/benchmarks/Multi_Sensory_3D_Reconstruction/code/models/MDN
Start_idx:  278
mem:  1536
mem:  1874944
mem:  1908736
mem:  1861632
mem:  1869312
mem:  1900032
mem:  1930752
mem:  1873920
mem:  1920512
mem:  1900032
mem:  1930752
mem:  1915392
mem:  1901056
mem:  1906176
mem:  1917440
mem:  1922560
mem:  1913344
mem:  1918464
mem:  1933312
mem:  1921536
mem:  1952256
mem:  1928192
mem:  1952768
mem:  1950720
mem:  1936384
mem:  1917440
mem:  1958912
mem:  1927680
mem:  1961984
mem:  1953792
mem:  1934848
mem:  1908224
mem:  1931776
mem:  1940480
mem:  1970176
mem:  1975296
mem:  1954816
mem:  1935872
mem:  1940992
mem:  1981440
mem:  1980416
mem:  1978368
mem:  1976320
mem:  1977856
mem:  1979392
mem:  1984512
mem:  1989632
mem:  1961984
mem:  1985536
mem:  1977344
mem:  1963008
mem:  1967104
mem:  1988096
mem:  1996800
mem:  1981440
mem:  1970688
mem:  1968640
mem:  1983488
mem:  2004480
mem:  1989120
mem:  2001408
mem:  1970176
mem:  2010624
mem:  1969664
mem:  2007552
mem:  2021376
mem:  1993728
mem:  2021888
mem:  2012672
mem:  2005504
mem:  2007040
mem:  2024448
mem:  2010112
mem:  2023936
mem:  2029056
mem:  2027008
mem:  2018816
mem:  2039808
mem:  2031616
mem:  2017280
mem:  2012672
mem:  2020352
mem:  2002432
mem:  2013696
mem:  2011648
mem:  2013184
mem:  2024448
mem:  2049024
mem:  2023936
mem:  2036224
mem:  2004992
mem:  2041856
mem:  2056704
mem:  2031616
mem:  2020864
mem:  2048000
mem:  2065408
mem:  2051072
mem:  2042880
mem:  2061312
