SLURM_JOBID=5050229
SLURM_JOB_NODELIST=svl2
SLURM_NNODES=1
SLURMTMPDIR=
working directory = /viscam/projects/objectfolder_benchmark/benchmarks/Multi_Sensory_3D_Reconstruction/code/models/MDN
Start_idx:  846
mem:  1536
mem:  1897984
mem:  1905152
mem:  1893376
mem:  1895936
mem:  1909760
mem:  1924608
mem:  1880064
mem:  1898496
mem:  1912320
mem:  1907712
mem:  1918976
mem:  1904640
mem:  1906176
mem:  1921024
mem:  1912832
mem:  1920512
mem:  1925632
mem:  1939456
mem:  1921536
mem:  1932800
mem:  1934336
mem:  1920000
mem:  1937408
mem:  1926656
mem:  1934336
mem:  1945600
mem:  1933824
mem:  1935360
mem:  1950208
mem:  1942016
mem:  1963008
mem:  1960960
mem:  1943040
mem:  1964032
mem:  1942528
mem:  1960960
mem:  1936896
mem:  1979904
mem:  1961984
mem:  1957376
mem:  1968640
mem:  1964032
mem:  1948672
mem:  1957376
mem:  1965056
mem:  1953280
mem:  1974272
mem:  1982976
mem:  1964032
mem:  1998336
mem:  1951232
mem:  1975808
mem:  1979904
mem:  2004480
mem:  1976832
mem:  1968640
mem:  1979904
mem:  2004480
mem:  1992704
mem:  1988096
mem:  2009088
mem:  2003456
mem:  2008576
mem:  2000384
mem:  2008064
mem:  2003456
mem:  2004992
mem:  1994240
mem:  1998336
mem:  1986560
mem:  2011136
mem:  1973760
mem:  2004480
mem:  2025472
mem:  1991680
mem:  1996800
mem:  1997312
mem:  2006016
mem:  2011136
mem:  2018816
mem:  2023936
mem:  2008576
mem:  2046464
mem:  2028544
mem:  2007040
mem:  2053632
mem:  2013696
mem:  2056704
mem:  2029056
mem:  2020864
mem:  2025984
mem:  2039808
mem:  2048512
mem:  2040320
mem:  2051584
mem:  2037248
mem:  2044928
mem:  2042880
mem:  2048000
