SLURM_JOBID=5050187
SLURM_JOB_NODELIST=svl3
SLURM_NNODES=1
SLURMTMPDIR=
working directory = /viscam/projects/objectfolder_benchmark/benchmarks/Multi_Sensory_3D_Reconstruction/code/models/MDN
Start_idx:  771
mem:  1536
mem:  1881088
mem:  1875968
mem:  1920000
mem:  1872896
mem:  1880576
mem:  1905152
mem:  1887232
mem:  1872896
mem:  1909760
mem:  1907712
mem:  1906688
mem:  1885184
mem:  1892864
mem:  1894400
mem:  1905664
mem:  1891328
mem:  1895424
mem:  1929728
mem:  1902080
mem:  1936384
mem:  1914880
mem:  1910272
mem:  1924096
mem:  1893888
mem:  1940480
mem:  1928704
mem:  1924096
mem:  1915904
mem:  1943040
mem:  1909248
mem:  1936384
mem:  1945088
mem:  1923584
mem:  1967616
mem:  1916928
mem:  1922048
mem:  1933312
mem:  1950720
mem:  1955840
mem:  1940480
mem:  1952768
mem:  1972736
mem:  1932800
mem:  1934336
mem:  1922560
mem:  1972736
mem:  1948672
mem:  1972224
mem:  1994240
mem:  1939968
mem:  1945088
mem:  1959936
mem:  1951744
mem:  1985024
mem:  1953792
mem:  1984512
mem:  1973760
mem:  1988608
mem:  1970688
mem:  1978368
mem:  1992192
mem:  1993728
mem:  1953792
mem:  1974784
mem:  2005504
mem:  1974272
mem:  1982976
mem:  1955328
mem:  1995776
mem:  1976832
mem:  1991680
mem:  1967616
mem:  2021376
mem:  1984000
mem:  2003968
mem:  1979904
mem:  2016768
mem:  1992704
mem:  2023424
mem:  1999360
mem:  2010624
mem:  1998848
mem:  2039296
mem:  1986048
mem:  2016768
mem:  2004992
mem:  1996800
mem:  2023936
mem:  2003456
mem:  2056192
mem:  2022400
mem:  2004480
mem:  2015744
mem:  2020864
mem:  2002944
mem:  2030080
mem:  2051072
mem:  2052608
mem:  2050560
