SLURM_JOBID=5050257
SLURM_JOB_NODELIST=svl15
SLURM_NNODES=1
SLURMTMPDIR=
working directory = /viscam/projects/objectfolder_benchmark/benchmarks/Multi_Sensory_3D_Reconstruction/code/models/MDN
Start_idx:  869
mem:  1536
mem:  1888256
mem:  1885696
mem:  1894400
mem:  1882624
mem:  1890304
mem:  1918464
mem:  1926144
mem:  1898496
mem:  1925632
mem:  1874944
mem:  1895936
mem:  1930240
mem:  1909760
mem:  1884672
mem:  1918976
mem:  1913344
mem:  1908736
mem:  1927168
mem:  1940992
mem:  1907200
mem:  1940480
mem:  1896960
mem:  1927680
mem:  1890304
mem:  1901568
mem:  1920000
mem:  1959424
mem:  1964544
mem:  1907712
mem:  1948160
mem:  1953280
mem:  1912320
mem:  1946624
mem:  1948160
mem:  1949696
mem:  1947648
mem:  1975808
mem:  1947136
mem:  1936384
mem:  1953792
mem:  1943040
mem:  1964032
mem:  1961984
mem:  1966080
mem:  1987072
mem:  1972736
mem:  1923072
mem:  1956352
mem:  1967616
mem:  1966592
mem:  1970688
mem:  1981952
mem:  1979904
mem:  1969152
mem:  1951232
mem:  1994240
mem:  2005504
mem:  1981440
mem:  1996288
mem:  1972224
mem:  1972736
mem:  1981440
mem:  1992704
mem:  1977344
mem:  2001920
mem:  1974272
mem:  2014720
mem:  1987072
mem:  1966592
mem:  1996288
mem:  2011136
mem:  1957888
mem:  2008064
mem:  1999872
mem:  1994240
mem:  2028544
mem:  2016768
mem:  2006016
mem:  1988096
mem:  2034688
mem:  2010624
mem:  2024448
mem:  2027008
mem:  1988608
mem:  2013184
mem:  2034176
mem:  2039296
mem:  2046976
mem:  2038784
mem:  2014720
mem:  2039296
mem:  2037248
mem:  2025472
mem:  2046464
mem:  2035712
mem:  2049536
mem:  2025472
mem:  2052608
mem:  2048000
