SLURM_JOBID=5049899
SLURM_JOB_NODELIST=svl10
SLURM_NNODES=1
SLURMTMPDIR=
working directory = /viscam/projects/objectfolder_benchmark/benchmarks/Multi_Sensory_3D_Reconstruction/code/models/MDN
Start_idx:  471
mem:  1536
mem:  1862656
mem:  1889280
mem:  1816576
mem:  1898496
mem:  1874432
mem:  1911296
mem:  1870336
mem:  1869312
mem:  1861120
mem:  1911296
mem:  1887232
mem:  1910784
mem:  1821184
mem:  1917440
mem:  1863168
mem:  1897472
mem:  1922048
mem:  1900544
mem:  1928704
mem:  1913344
mem:  1869824
mem:  1916416
mem:  1956864
mem:  1903616
mem:  1917440
mem:  1920000
mem:  1898496
mem:  1935360
mem:  1930752
mem:  1934848
mem:  1908224
mem:  1925632
mem:  1946624
mem:  1918976
mem:  1901056
mem:  1957376
mem:  1955328
mem:  1921536
mem:  1946112
mem:  1947648
mem:  1935872
mem:  1886208
mem:  1952256
mem:  1966080
mem:  1951744
mem:  1963008
mem:  1954816
mem:  1930752
mem:  1948160
mem:  1978880
mem:  1925632
mem:  1966080
mem:  1957888
mem:  1975296
mem:  1986560
mem:  1965056
mem:  1964032
mem:  1971712
mem:  1982976
mem:  1955328
mem:  1966592
mem:  1987584
mem:  1959936
mem:  1958912
mem:  1976320
mem:  1954816
mem:  1907712
mem:  1951744
mem:  1972736
mem:  1960960
mem:  1966080
mem:  2006528
mem:  1975296
mem:  1999872
mem:  1978368
mem:  1970176
mem:  2016768
mem:  2009600
mem:  1994240
mem:  2018816
mem:  2010624
mem:  2031616
mem:  2049024
mem:  2050560
mem:  1935360
mem:  2040320
mem:  2000384
mem:  1994752
mem:  2058240
mem:  1995264
mem:  2038272
mem:  2037248
mem:  2025472
mem:  2007552
mem:  2022400
mem:  2053120
mem:  2041344
mem:  2036736
mem:  2044416
