SLURM_JOBID=5049952
SLURM_JOB_NODELIST=svl1
SLURM_NNODES=1
SLURMTMPDIR=
working directory = /viscam/projects/objectfolder_benchmark/benchmarks/Multi_Sensory_3D_Reconstruction/code/models/MDN
Start_idx:  544
mem:  1536
mem:  1913856
mem:  1918464
mem:  1910272
mem:  1927680
mem:  1909760
mem:  1908736
mem:  1903104
mem:  1914368
mem:  1906176
mem:  1934336
mem:  1912832
mem:  1920512
mem:  1931776
mem:  1910272
mem:  1938432
mem:  1943552
mem:  1931776
mem:  1917440
mem:  1948160
mem:  1936384
mem:  1941504
mem:  1935872
mem:  1947136
mem:  1954816
mem:  1940480
mem:  1935872
mem:  1937408
mem:  1938944
mem:  1944064
mem:  1928704
mem:  1946112
mem:  1970688
mem:  1972224
mem:  1957888
mem:  1949696
mem:  1973248
mem:  1955328
mem:  1966592
mem:  1968128
mem:  1967104
mem:  1965056
mem:  1986048
mem:  1985024
mem:  1956352
mem:  1990656
mem:  1976320
mem:  1990144
mem:  1975808
mem:  1974784
mem:  1972736
mem:  1980416
mem:  1962496
mem:  1967616
mem:  1972736
mem:  1990144
mem:  2007552
mem:  1983488
mem:  1994752
mem:  2006016
mem:  2000384
mem:  2005504
mem:  2003456
mem:  1995264
mem:  2000384
mem:  2015232
mem:  2003456
mem:  2014720
mem:  2025984
mem:  2021376
mem:  2016768
mem:  2017280
mem:  2010112
mem:  2023936
mem:  2006016
mem:  2020864
mem:  2002944
mem:  2020352
mem:  2009600
mem:  2033152
mem:  2028544
mem:  2016768
mem:  2044928
mem:  2039296
mem:  2028544
mem:  2036224
mem:  2037760
mem:  2049024
mem:  2033664
mem:  2042368
mem:  2004992
mem:  2045440
mem:  2056704
mem:  2054656
mem:  2040320
mem:  2061312
mem:  2062848
mem:  2054656
mem:  2052608
mem:  2061312
