SLURM_JOBID=5049601
SLURM_JOB_NODELIST=svl18
SLURM_NNODES=1
SLURMTMPDIR=
working directory = /viscam/projects/objectfolder_benchmark/benchmarks/Multi_Sensory_3D_Reconstruction/code/models/MDN
Start_idx:  162
mem:  1536
mem:  1882112
mem:  1921024
mem:  1887232
mem:  1895936
mem:  1890304
mem:  1895424
mem:  1883648
mem:  1882624
mem:  1880576
mem:  1923584
mem:  1877504
mem:  1914368
mem:  1908736
mem:  1917440
mem:  1911808
mem:  1916928
mem:  1889280
mem:  1877504
mem:  1918976
mem:  1907200
mem:  1930752
mem:  1910272
mem:  1914368
mem:  1923072
mem:  1918464
mem:  1918976
mem:  1933824
mem:  1929216
mem:  1911296
mem:  1922560
mem:  1910784
mem:  1941504
mem:  1923584
mem:  1932288
mem:  1916928
mem:  1928192
mem:  1978368
mem:  1944576
mem:  1946112
mem:  1982976
mem:  1984512
mem:  1966592
mem:  1926656
mem:  1986560
mem:  1974784
mem:  1953280
mem:  1942528
mem:  1959936
mem:  1928704
mem:  1965568
mem:  1945088
mem:  1989120
mem:  1951744
mem:  1939968
mem:  1984000
mem:  1962496
mem:  1973760
mem:  1949696
mem:  1947648
mem:  1974784
mem:  2001920
mem:  1968128
mem:  1986560
mem:  1994240
mem:  2001920
mem:  2016768
mem:  1992704
mem:  1980928
mem:  1959424
mem:  2007040
mem:  2014720
mem:  2006528
mem:  1998336
mem:  1964544
mem:  1988096
mem:  2002944
mem:  1997312
mem:  2021888
mem:  2010112
mem:  2018816
mem:  1987584
mem:  2014720
mem:  1971200
mem:  2034688
mem:  2022912
mem:  1995264
mem:  2029568
mem:  1986048
mem:  1951232
mem:  2034176
mem:  2055168
mem:  2040832
mem:  2054656
mem:  2011136
mem:  2034688
mem:  2039808
mem:  1973248
mem:  2036736
mem:  2024960
