SLURM_JOBID=5050003
SLURM_JOB_NODELIST=svl1
SLURM_NNODES=1
SLURMTMPDIR=
working directory = /viscam/projects/objectfolder_benchmark/benchmarks/Multi_Sensory_3D_Reconstruction/code/models/MDN
Start_idx:  583
mem:  1536
mem:  1872384
mem:  1885696
mem:  1904128
mem:  1892352
mem:  1900032
mem:  1891840
mem:  1864192
mem:  1875456
mem:  1876992
mem:  1895424
mem:  1903104
mem:  1914368
mem:  1886720
mem:  1901568
mem:  1909248
mem:  1924096
mem:  1889280
mem:  1913856
mem:  1866752
mem:  1913344
mem:  1885696
mem:  1913856
mem:  1940992
mem:  1929216
mem:  1940480
mem:  1926144
mem:  1902080
mem:  1945088
mem:  1927168
mem:  1922560
mem:  1920512
mem:  1915904
mem:  1936896
mem:  1902080
mem:  1946112
mem:  1915904
mem:  1945600
mem:  1938432
mem:  1952256
mem:  1973248
mem:  1955328
mem:  1933824
mem:  1952256
mem:  1956352
mem:  1955328
mem:  1966592
mem:  1977856
mem:  1981952
mem:  1944576
mem:  1972736
mem:  1928192
mem:  1968640
mem:  1987072
mem:  1969152
mem:  1982976
mem:  1994240
mem:  1964032
mem:  1987584
mem:  1992704
mem:  2010112
mem:  1964032
mem:  1981440
mem:  1989120
mem:  1990656
mem:  1986048
mem:  1954816
mem:  1998848
mem:  1961472
mem:  1992192
mem:  1993728
mem:  2028032
mem:  2012672
mem:  1994752
mem:  2003456
mem:  2013696
mem:  2009088
mem:  2010624
mem:  1996288
mem:  1997824
mem:  2001920
mem:  2036224
mem:  1998848
mem:  1990656
mem:  2034688
mem:  2016768
mem:  1995264
mem:  1987072
mem:  2027520
mem:  2036224
mem:  2008576
mem:  2039296
mem:  2037248
mem:  1999872
mem:  2030592
mem:  2018816
mem:  2037248
mem:  2028032
mem:  2017280
mem:  2040832
