SLURM_JOBID=5049545
SLURM_JOB_NODELIST=svl5
SLURM_NNODES=1
SLURMTMPDIR=
working directory = /viscam/projects/objectfolder_benchmark/benchmarks/Multi_Sensory_3D_Reconstruction/code/models/MDN
Start_idx:  76
mem:  1536
mem:  1888256
mem:  1918464
mem:  1912832
mem:  1866752
mem:  1906176
mem:  1872384
mem:  1896960
mem:  1871872
mem:  1892864
mem:  1917440
mem:  1887232
mem:  1887744
mem:  1931776
mem:  1936896
mem:  1909248
mem:  1894912
mem:  1934336
mem:  1904128
mem:  1911808
mem:  1948672
mem:  1905152
mem:  1910272
mem:  1921536
mem:  1919488
mem:  1901568
mem:  1922560
mem:  1910784
mem:  1938944
mem:  1959936
mem:  1955328
mem:  1933824
mem:  1968128
mem:  1962496
mem:  1909248
mem:  1955840
mem:  1941504
mem:  1958912
mem:  1925120
mem:  1965568
mem:  1957376
mem:  1929728
mem:  1914368
mem:  1952256
mem:  1937920
mem:  1948160
mem:  1969152
mem:  1929216
mem:  1940480
mem:  1964032
mem:  1956864
mem:  1993728
mem:  1962496
mem:  1971200
mem:  1955840
mem:  1947648
mem:  2004992
mem:  1970176
mem:  1952256
mem:  1951232
mem:  1978368
mem:  1986048
mem:  1985024
mem:  1979392
mem:  1945600
mem:  1953280
mem:  1987584
mem:  2008576
mem:  1977344
mem:  1982464
mem:  1999872
mem:  1998848
mem:  1973760
mem:  1982464
mem:  1996288
mem:  2030592
mem:  2016256
mem:  1998336
mem:  2018304
mem:  1994240
mem:  1995776
mem:  1987584
mem:  2041344
mem:  2007552
mem:  2008064
mem:  2045952
mem:  2011136
mem:  2055168
mem:  1992192
mem:  2042368
mem:  2020864
mem:  2048000
mem:  2004480
mem:  2012160
mem:  2020864
mem:  2006528
mem:  2030080
mem:  2025472
mem:  2036736
mem:  2034688
