SLURM_JOBID=5048986
SLURM_JOB_NODELIST=svl2
SLURM_NNODES=1
SLURMTMPDIR=
working directory = /viscam/projects/objectfolder_benchmark/benchmarks/Multi_Sensory_3D_Reconstruction/code/models/MDN
Start_idx:  23
mem:  1536
mem:  1917440
mem:  1908736
mem:  1922560
mem:  1904640
mem:  1909760
mem:  1901568
mem:  1928704
mem:  1931264
mem:  1915904
mem:  1917440
mem:  1922560
mem:  1937408
mem:  1886720
mem:  1920000
mem:  1922560
mem:  1933824
mem:  1915904
mem:  1916416
mem:  1940992
mem:  1952256
mem:  1918464
mem:  1913856
mem:  1914368
mem:  1958400
mem:  1924608
mem:  1961472
mem:  1956864
mem:  1945088
mem:  1956352
mem:  1955328
mem:  1910784
mem:  1937920
mem:  1969664
mem:  1961472
mem:  1949696
mem:  1944064
mem:  1978368
mem:  1964032
mem:  1952256
mem:  1973248
mem:  1972224
mem:  1950720
mem:  1981440
mem:  1989120
mem:  1984512
mem:  1988608
mem:  1964544
mem:  1985536
mem:  1987072
mem:  1988608
mem:  1980416
mem:  1969664
mem:  1993216
mem:  1998336
mem:  1993728
mem:  1997824
mem:  1993216
mem:  2000896
mem:  1989120
mem:  1988096
mem:  1982464
mem:  2010624
mem:  2015744
mem:  2003968
mem:  1982464
mem:  2013184
mem:  1991680
mem:  2025984
mem:  2011648
mem:  2022912
mem:  2027008
mem:  2019840
mem:  2020352
mem:  2025472
mem:  2027008
mem:  2034688
mem:  2036224
mem:  2041344
mem:  2033152
mem:  2044416
mem:  2020352
mem:  2041344
mem:  2039296
mem:  2050560
mem:  2045952
mem:  2041344
mem:  2055168
mem:  2046976
mem:  2052096
mem:  2030592
mem:  2038272
mem:  2037248
mem:  2060800
mem:  2065920
mem:  2057728
mem:  2039808
mem:  2066944
mem:  2046464
mem:  2063872
mem:  2055680
mem:  2025472
mem:  2064896
mem:  2005504
mem:  2038784
mem:  2031616
mem:  1990656
mem:  2044416
mem:  2061824
mem:  2088960
mem:  2041856
mem:  2049536
mem:  2044928
mem:  2075648
mem:  2063872
mem:  2037248
mem:  2054656
mem:  2019840
mem:  2071040
mem:  2059264
mem:  2066944
mem:  2056192
mem:  2079744
mem:  2084864
mem:  2073088
mem:  2058752
mem:  2099200
mem:  2077696
mem:  2079232
mem:  2080768
mem:  2082304
mem:  2077696
mem:  2088960
mem:  2109952
mem:  2062848
mem:  2089984
mem:  2065920
mem:  2080768
mem:  2101760
mem:  2096128
mem:  2072064
mem:  2112512
mem:  2104320
mem:  2096128
mem:  2109952
mem:  2128384
mem:  2113024
mem:  2108416
mem:  2109952
mem:  2095616
mem:  2103296
mem:  2118144
mem:  2135552
mem:  2130944
mem:  2115584
mem:  2126848
mem:  2129408
mem:  2084864
mem:  2125312
mem:  2120704
mem:  2131968
mem:  2123776
mem:  2138624
mem:  2113536
mem:  2141696
mem:  2139648
mem:  2108416
mem:  2139136
mem:  2146816
mem:  2159104
mem:  2137600
mem:  2145280
mem:  2137088
mem:  2161664
mem:  2143744
mem:  2155008
mem:  2172416
mem:  2167808
mem:  2159616
mem:  2164736
mem:  2191872
mem:  2164224
mem:  2171904
mem:  2138112
mem:  2151936
mem:  2183680
mem:  2175488
mem:  2173440
mem:  2155520
mem:  2160640
mem:  2155008
mem:  2211328
mem:  2181120
mem:  2182656
mem:  2203648
mem:  2201600
mem:  2181120
mem:  2210816
mem:  2196480
mem:  2168832
mem:  2183680
mem:  2201088
mem:  2196480
mem:  2217472
mem:  2211840
mem:  2226688
mem:  2212352
mem:  2223616
mem:  2221568
mem:  2216960
mem:  2224640
mem:  2213888
mem:  2227712
mem:  2213376
mem:  2230784
mem:  2229760
mem:  2230272
mem:  2219520
mem:  2224640
mem:  2238464
mem:  2217984
mem:  2225664
mem:  2239488
mem:  2225152
mem:  2233856
mem:  2235392
mem:  2255360
mem:  2231296
mem:  2246144
mem:  2241536
mem:  2239488
mem:  2250752
mem:  2245120
mem:  2256384
mem:  2274816
mem:  2256896
mem:  2248704
mem:  2244096
mem:  2271232
mem:  2230272
mem:  2257408
mem:  2269696
mem:  2228736
mem:  2269184
mem:  2260992
mem:  2297856
mem:  2276352
mem:  2285056
mem:  2251264
mem:  2294272
mem:  2273792
mem:  2285056
mem:  2283008
mem:  2287104
mem:  2269184
mem:  2281472
mem:  2305024
mem:  2300416
mem:  2286080
mem:  2309632
mem:  2281984
mem:  2302976
mem:  2301952
mem:  2293760
mem:  2294272
mem:  2316288
mem:  2285056
mem:  2306048
mem:  2319872
mem:  2305536
mem:  2310656
mem:  2306048
mem:  2339328
mem:  2279936
mem:  2316800
mem:  2324480
mem:  2326016
mem:  2317824
mem:  2326528
mem:  2328064
mem:  2316288
mem:  2353152
mem:  2325504
mem:  2327040
mem:  2324992
mem:  2349568
mem:  2331648
mem:  2333184
mem:  2328576
mem:  2333696
mem:  2341376
mem:  2362368
mem:  2350592
mem:  2345984
mem:  2363392
mem:  2339328
mem:  2356736
mem:  2354688
mem:  2363392
mem:  2361344
mem:  2356736
mem:  2348544
mem:  2340352
mem:  2363904
mem:  2353152
mem:  2351104
mem:  2356224
mem:  2380800
mem:  2375168
mem:  2347520
mem:  2381824
mem:  2350592
mem:  2336256
mem:  2318336
mem:  2371072
mem:  2356736
mem:  2364416
mem:  2369536
mem:  2371072
mem:  2378752
mem:  2387456
mem:  2372096
mem:  2403840
mem:  2388480
mem:  2416640
mem:  2385408
mem:  2380800
mem:  2410496
mem:  2344960
mem:  2420736
mem:  2376192
mem:  2404352
mem:  2373120
mem:  2394112
mem:  2412544
mem:  2400768
mem:  2398720
mem:  2413568
mem:  2395648
mem:  2380288
mem:  2395136
mem:  2409984
mem:  2444288
mem:  2442240
mem:  2417152
mem:  2396672
mem:  2427392
mem:  2448384
mem:  2424320
mem:  2406400
mem:  2433536
mem:  2441216
mem:  2433024
mem:  2457600
mem:  2413056
mem:  2454528
mem:  2413568
mem:  2467328
mem:  2436096
mem:  2385408
mem:  2470912
mem:  2414080
mem:  2471424
mem:  2407424
mem:  2477056
mem:  2427392
mem:  2448384
mem:  2446336
mem:  2438144
mem:  2443264
mem:  2448384
mem:  2485248
mem:  2440704
mem:  2443264
mem:  2457088
mem:  2458624
mem:  2447872
mem:  2500608
mem:  2450944
mem:  2468352
mem:  2456576
mem:  2471424
mem:  2502144
mem:  2458624
mem:  2472448
mem:  2487296
mem:  2485248
mem:  2486784
mem:  2478592
mem:  2483712
mem:  2510848
mem:  2483200
mem:  2491904
mem:  2466816
mem:  2481664
mem:  2512384
mem:  2465280
mem:  2528768
mem:  2501120
mem:  2499072
mem:  2493440
mem:  2534912
mem:  2513408
mem:  2514944
mem:  2538496
mem:  2527744
mem:  2532864
mem:  2507776
mem:  2528768
mem:  2520576
mem:  2528256
mem:  2552832
mem:  2531328
mem:  2516992
mem:  2535424
mem:  2545664
mem:  2541056
mem:  2516992
mem:  2557440
mem:  2555392
mem:  2554368
mem:  2548736
mem:  2567168
mem:  2548224
mem:  2553344
mem:  2561024
mem:  2569728
mem:  2571264
mem:  2575360
mem:  2576896
mem:  2558976
mem:  2577408
mem:  2536448
mem:  2574336
mem:  2582016
mem:  2570240
mem:  2587648
mem:  2563584
mem:  2561536
mem:  2595840
mem:  2597376
mem:  2579456
mem:  2594304
mem:  2572800
mem:  2568192
mem:  2602496
mem:  2577408
mem:  2582528
mem:  2586624
mem:  2575872
mem:  2579968
mem:  2611712
mem:  2615808
mem:  2578432
mem:  2589696
mem:  2610688
mem:  2618368
mem:  2623488
mem:  2586112
mem:  2616832
mem:  2608640
mem:  2588160
mem:  2586112
mem:  2632704
mem:  2608640
mem:  2596864
mem:  2598400
mem:  2638848
mem:  2636800
mem:  2622464
mem:  2627584
mem:  2613248
mem:  2624512
mem:  2616320
mem:  2646016
mem:  2641408
mem:  2649088
mem:  2609152
mem:  2630144
mem:  2651136
mem:  2639360
mem:  2631168
mem:  2661888
mem:  2641408
mem:  2629632
mem:  2653184
mem:  2619392
mem:  2653696
mem:  2658816
mem:  2650624
mem:  2674176
mem:  2640384
mem:  2634752
mem:  2662912
mem:  2670592
mem:  2659840
mem:  2654208
mem:  2669056
mem:  2673152
mem:  2674688
mem:  2683392
mem:  2630144
mem:  2682880
mem:  2655232
mem:  2673664
mem:  2681344
mem:  2650112
mem:  2688000
mem:  2669056
mem:  2691072
mem:  2669568
mem:  2686976
mem:  2701824
mem:  2699776
mem:  2681856
mem:  2693120
mem:  2671616
mem:  2690048
mem:  2668544
mem:  2705408
mem:  2678784
mem:  2715648
mem:  2713600
mem:  2699264
mem:  2675200
mem:  2702336
mem:  2710016
mem:  2676224
mem:  2720256
mem:  2704896
mem:  2716160
mem:  2694656
mem:  2715648
mem:  2720768
mem:  2677248
mem:  2723840
mem:  2715648
mem:  2726912
mem:  2738176
mem:  2726400
mem:  2741248
mem:  2726912
mem:  2732032
mem:  2729984
mem:  2743808
mem:  2739200
mem:  2746880
mem:  2697216
mem:  2734080
mem:  2735616
mem:  2750464
mem:  2745856
mem:  2740224
mem:  2732032
mem:  2743296
mem:  2754560
mem:  2734080
mem:  2747904
mem:  2762752
mem:  2750976
mem:  2719744
mem:  2711552
mem:  2759168
mem:  2708480
mem:  2771968
mem:  2760192
mem:  2767872
mem:  2763264
mem:  2761216
mem:  2785792
mem:  2777600
mem:  2763264
mem:  2761216
mem:  2756608
mem:  2783744
mem:  2785280
mem:  2774528
mem:  2782208
mem:  2766848
mem:  2775552
mem:  2773504
mem:  2759168
mem:  2803200
mem:  2742784
mem:  2792960
mem:  2800640
mem:  2782720
mem:  2807296
mem:  2799104
mem:  2820096
mem:  2824192
mem:  2787840
mem:  2811392
mem:  2797056
mem:  2788864
mem:  2802688
mem:  2801664
mem:  2815488
mem:  2801152
mem:  2806272
mem:  2836992
mem:  2831360
mem:  2810880
mem:  2818560
mem:  2820096
mem:  2821632
mem:  2817024
mem:  2824704
mem:  2829824
mem:  2831360
mem:  2826752
mem:  2795520
mem:  2835968
mem:  2841088
mem:  2848768
mem:  2853888
mem:  2851840
mem:  2843648
mem:  2845184
mem:  2843136
mem:  2844672
mem:  2862080
mem:  2845184
mem:  2862592
mem:  2850816
mem:  2871808
mem:  2838016
mem:  2833408
mem:  2872832
mem:  2874368
mem:  2876928
mem:  2878464
mem:  2882560
mem:  2858496
mem:  2869760
mem:  2883584
mem:  2863104
mem:  2886656
mem:  2882048
mem:  2893312
mem:  2888704
mem:  2892800
mem:  2878464
mem:  2873856
mem:  2897408
mem:  2883072
mem:  2884608
mem:  2899456
mem:  2891264
mem:  2905088
mem:  2907648
mem:  2869248
mem:  2891264
mem:  2918400
mem:  2861568
mem:  2898432
mem:  2907136
mem:  2907648
mem:  2887168
mem:  2902016
mem:  2906112
mem:  2897920
mem:  2903040
mem:  2924032
mem:  2902528
mem:  2923520
mem:  2918912
mem:  2913280
mem:  2944000
mem:  2933248
mem:  2915328
mem:  2942464
mem:  2902528
mem:  2939392
mem:  2947072
mem:  2942464
mem:  2950144
mem:  2916352
mem:  2947072
mem:  2945024
mem:  2950144
mem:  2944512
mem:  2939904
mem:  2958336
mem:  2949120
mem:  2963968
mem:  2961920
mem:  2954752
mem:  2958848
mem:  2960384
mem:  2919424
mem:  2963456
mem:  2964992
mem:  2966528
mem:  2965504
mem:  2979328
mem:  2961408
mem:  2982400
mem:  2977792
mem:  2972160
mem:  2980864
mem:  2962944
mem:  2967040
mem:  2989056
mem:  2987008
mem:  2971648
mem:  2999808
mem:  2949120
mem:  2940928
mem:  2969088
mem:  2996224
mem:  2984448
mem:  2993152
mem:  2981376
mem:  2986496
mem:  3017216
mem:  2988544
mem:  2981376
mem:  3004928
mem:  3016192
mem:  3017728
mem:  3003392
mem:  3004928
mem:  2996736
mem:  2991104
mem:  3019264
mem:  3024384
mem:  3012608
mem:  3020288
mem:  3031552
mem:  3042816
mem:  2972672
mem:  2981376
mem:  3015680
mem:  3013632
mem:  3034624
mem:  3013120
mem:  3018240
mem:  3041792
mem:  3024896
mem:  3055616
mem:  3049984
mem:  3032064
mem:  3008000
mem:  3038720
mem:  3024384
mem:  3047936
mem:  3059200
mem:  3028992
mem:  3030528
mem:  3063808
mem:  3072512
mem:  3060736
mem:  3039232
mem:  3067392
mem:  3065344
mem:  3057152
mem:  3052544
mem:  3040768
mem:  3077632
mem:  3063296
mem:  3055104
mem:  3021312
mem:  3074048
mem:  3081728
mem:  3074560
mem:  3084800
mem:  3074048
mem:  3088896
mem:  3083264
mem:  3068928
mem:  3099648
mem:  3081728
mem:  3095552
mem:  3097088
mem:  3073024
mem:  3091456
mem:  3085824
mem:  3087360
mem:  3088896
mem:  3070976
mem:  3091968
mem:  3110400
mem:  3114496
mem:  3094016
mem:  3072512
mem:  3083776
mem:  3098624
mem:  3125760
mem:  3127296
mem:  3103232
mem:  3101184
mem:  3106304
mem:  3120128
mem:  3076608
mem:  3107328
mem:  3134464
mem:  3110400
mem:  3108352
mem:  3116032
mem:  3140608
mem:  3120128
mem:  3121664
mem:  3131904
mem:  3123712
mem:  3122688
mem:  3114496
mem:  3108864
mem:  3113984
mem:  3109376
mem:  3120640
mem:  3144192
mem:  3143168
mem:  3144704
mem:  3152384
mem:  3141632
mem:  3129856
mem:  3147264
mem:  3165696
mem:  3127296
mem:  3139584
mem:  3143680
mem:  3129344
mem:  3130880
mem:  3181056
mem:  3149824
mem:  3161088
mem:  3152896
mem:  3181056
mem:  3162112
mem:  3163648
mem:  3156480
mem:  3164160
mem:  3139072
mem:  3198976
mem:  3159040
mem:  3163136
mem:  3155968
mem:  3169792
mem:  3206656
mem:  3160576
mem:  3168256
mem:  3195392
mem:  3154432
mem:  3182592
mem:  3190272
mem:  3166208
mem:  3203072
mem:  3175424
mem:  3215872
mem:  3207680
mem:  3177472
mem:  3204608
mem:  3192832
mem:  3229696
mem:  3222528
mem:  3214336
mem:  3222016
mem:  3229696
mem:  3221504
mem:  3209728
mem:  3228160
mem:  3200512
mem:  3217920
mem:  3219456
mem:  3211264
mem:  3219968
mem:  3194880
mem:  3235328
mem:  3236864
mem:  3255296
mem:  3224064
mem:  3251200
mem:  3200512
mem:  3248128
mem:  3249664
mem:  3247616
mem:  3258880
mem:  3248128
mem:  3252224
mem:  3241472
mem:  3235840
mem:  3266560
mem:  3232768
mem:  3198976
mem:  3245568
mem:  3262976
mem:  3283968
mem:  3224576
mem:  3284480
mem:  3253248
mem:  3267072
mem:  3252736
mem:  3225088
mem:  3259392
mem:  3280384
mem:  3288064
mem:  3250688
mem:  3300864
mem:  3231744
mem:  3268608
mem:  3283456
mem:  3303424
mem:  3257344
mem:  3257856
mem:  3282432
mem:  3254784
mem:  3240448
mem:  3277312
mem:  3292160
mem:  3260928
mem:  3291648
mem:  3316224
mem:  3284992
mem:  3296256
mem:  3297792
mem:  3273728
mem:  3298304
mem:  3319296
mem:  3307520
mem:  3286016
mem:  3297280
mem:  3282944
mem:  3307520
mem:  3295744
mem:  3303424
mem:  3331584
mem:  3296768
mem:  3317760
mem:  3307008
mem:  3301376
mem:  3322368
mem:  3320320
mem:  3321856
mem:  3297792
mem:  3302912
mem:  3265536
mem:  3344896
mem:  3336704
mem:  3321344
mem:  3313152
mem:  3312128
mem:  3339264
mem:  3356672
mem:  3349504
mem:  3318272
mem:  3313664
mem:  3317760
mem:  3316736
mem:  3334144
mem:  3347968
mem:  3346944
mem:  3315712
mem:  3369472
mem:  3341824
mem:  3330048
mem:  3364352
mem:  3362304
mem:  3341824
mem:  3314176
mem:  3351040
mem:  3348992
mem:  3311616
mem:  3355648
mem:  3347456
mem:  3351552
mem:  3362816
mem:  3361792
mem:  3373056
mem:  3335680
mem:  3343360
mem:  3370496
mem:  3372032
mem:  3363840
mem:  3362816
mem:  3380224
mem:  3362304
mem:  3354112
mem:  3355648
mem:  3380224
mem:  3381760
mem:  3385856
mem:  3365376
mem:  3369472
mem:  3368448
mem:  3401728
mem:  3420160
mem:  3395072
mem:  3390464
mem:  3399168
mem:  3387392
mem:  3365888
mem:  3412480
mem:  3417600
mem:  3415552
mem:  3443712
mem:  3422208
mem:  3388416
mem:  3425280
mem:  3407360
