SLURM_JOBID=5049640
SLURM_JOB_NODELIST=svl7
SLURM_NNODES=1
SLURMTMPDIR=
working directory = /viscam/projects/objectfolder_benchmark/benchmarks/Multi_Sensory_3D_Reconstruction/code/models/MDN
Start_idx:  174
mem:  1536
mem:  1894400
mem:  1875968
mem:  1920000
mem:  1898496
mem:  1916928
mem:  1897984
mem:  1883648
mem:  1872896
mem:  1935360
mem:  1904128
mem:  1928704
mem:  1881600
mem:  1879552
mem:  1891840
mem:  1892352
mem:  1910784
mem:  1931776
mem:  1949184
mem:  1931264
mem:  1929216
mem:  1908736
mem:  1935872
mem:  1947136
mem:  1958400
mem:  1944064
mem:  1896960
mem:  1910784
mem:  1919488
mem:  1936896
mem:  1967616
mem:  1914368
mem:  1954816
mem:  1913856
mem:  1973760
mem:  1930240
mem:  1967104
mem:  1949184
mem:  1970176
mem:  1981440
mem:  1924608
mem:  1939456
mem:  1976320
mem:  1958400
mem:  1911296
mem:  1990656
mem:  1953280
mem:  1919488
mem:  1959936
mem:  1977344
mem:  1936384
mem:  1948672
mem:  1975808
mem:  1996800
mem:  2004480
mem:  1982976
mem:  1949184
mem:  1948160
mem:  1981440
mem:  1973248
mem:  2011136
mem:  1956864
mem:  1971712
mem:  1976832
mem:  1965056
mem:  1969152
mem:  2022912
mem:  2014720
mem:  2013696
mem:  2017792
mem:  2026496
mem:  2030592
mem:  1996800
mem:  2020352
mem:  2013184
mem:  1975808
mem:  2012672
mem:  2008064
mem:  2019328
mem:  2040320
mem:  2044416
mem:  1971712
mem:  2041344
mem:  2027008
mem:  1999360
mem:  2007040
mem:  2024448
mem:  2019840
mem:  2053120
mem:  2038784
mem:  2024448
mem:  2000384
mem:  2043392
mem:  2019328
mem:  2062336
mem:  2045440
mem:  2036224
mem:  2060800
mem:  2072064
mem:  2034688
