SLURM_JOBID=5050027
SLURM_JOB_NODELIST=svl17
SLURM_NNODES=1
SLURMTMPDIR=
working directory = /viscam/projects/objectfolder_benchmark/benchmarks/Multi_Sensory_3D_Reconstruction/code/models/MDN
Start_idx:  646
mem:  1536
mem:  1901568
mem:  1891840
mem:  1867776
mem:  1879040
mem:  1929216
mem:  1843200
mem:  1893376
mem:  1917952
mem:  1913344
mem:  1911296
mem:  1886208
mem:  1907200
mem:  1902592
mem:  1913856
mem:  1903104
mem:  1903616
mem:  1873408
mem:  1900544
mem:  1915392
mem:  1874432
mem:  1937920
mem:  1913856
mem:  1904640
mem:  1926656
mem:  1918464
mem:  1906688
mem:  1901056
mem:  1919488
mem:  1936896
mem:  1934848
mem:  1926656
mem:  1902592
mem:  1929728
mem:  1918976
mem:  1932800
mem:  1941504
mem:  1896960
mem:  1928704
mem:  1932800
mem:  1905152
mem:  1943040
mem:  1921536
mem:  1946112
mem:  1944064
mem:  1955328
mem:  1931264
mem:  1945088
mem:  1966080
mem:  1957888
mem:  1972736
mem:  1945088
mem:  1978368
mem:  1964032
mem:  2004480
mem:  1935360
mem:  1988096
mem:  1957888
mem:  1977856
mem:  1973248
mem:  1984512
mem:  1995776
mem:  1987584
mem:  1957376
mem:  1984512
mem:  1982464
mem:  2003456
mem:  2012160
mem:  1980928
mem:  1966592
mem:  1980416
mem:  2024448
mem:  2006528
mem:  1982464
mem:  2009600
mem:  1981952
mem:  1996800
mem:  2020352
mem:  1980416
mem:  2017280
mem:  1979904
mem:  2039808
mem:  1989120
mem:  1996800
mem:  2005504
mem:  1999872
mem:  2014720
mem:  2000384
mem:  1985024
mem:  2042368
mem:  2020864
mem:  2022400
mem:  2021376
mem:  2022912
mem:  2030592
mem:  2015232
mem:  2016768
mem:  2060800
mem:  2065920
mem:  2034688
