SLURM_JOBID=5050409
SLURM_JOB_NODELIST=svl1
SLURM_NNODES=1
SLURMTMPDIR=
working directory = /viscam/projects/objectfolder_benchmark/benchmarks/Multi_Sensory_3D_Reconstruction/code/models/MDN
Start_idx:  996
mem:  1536
mem:  1913856
mem:  1924608
mem:  1920000
mem:  1927680
mem:  1919488
mem:  1927168
mem:  1932288
mem:  1933824
mem:  1932800
mem:  1917440
mem:  1932288
mem:  1917952
mem:  1938944
mem:  1939456
mem:  1932288
mem:  1942528
mem:  1947648
mem:  1949184
mem:  1950720
mem:  1949696
mem:  1953792
mem:  1955328
mem:  1956864
mem:  1945088
mem:  1950208
mem:  1961472
mem:  1953280
mem:  1964544
mem:  1966080
mem:  1967616
mem:  1959424
mem:  1967104
mem:  1968640
mem:  1973760
mem:  1975296
mem:  1967104
mem:  1974784
mem:  1973760
mem:  1977856
mem:  1980416
mem:  1974784
mem:  1982464
mem:  1984000
mem:  1989120
mem:  1987072
mem:  1992192
mem:  1987584
mem:  1995264
mem:  1993216
mem:  1992192
mem:  1990144
mem:  1989120
mem:  1993216
mem:  2004480
mem:  2002432
mem:  2001408
mem:  2009088
mem:  2007040
mem:  1998848
mem:  1994240
mem:  2015232
mem:  2000896
mem:  2018304
mem:  2019840
mem:  2001920
mem:  2022912
mem:  2024448
mem:  2019840
mem:  2027520
mem:  2022912
mem:  2018304
mem:  2016256
mem:  2030080
mem:  2035200
mem:  2027008
mem:  2032128
mem:  2027520
mem:  2041344
mem:  2039296
mem:  2044416
mem:  2039808
mem:  2044928
mem:  2046464
mem:  2044416
mem:  2042368
mem:  2051072
mem:  2055168
mem:  2054144
mem:  2058240
mem:  2059776
mem:  2055168
mem:  2062848
mem:  2064384
mem:  2062336
mem:  2067456
mem:  2049536
mem:  2070528
mem:  2065920
mem:  2070016
