SLURM_JOBID=5049877
SLURM_JOB_NODELIST=svl9
SLURM_NNODES=1
SLURMTMPDIR=
working directory = /viscam/projects/objectfolder_benchmark/benchmarks/Multi_Sensory_3D_Reconstruction/code/models/MDN
Start_idx:  456
mem:  1536
mem:  1897984
mem:  1901568
mem:  1867776
mem:  1856000
mem:  1896448
mem:  1846784
mem:  1899520
mem:  1891328
mem:  1913344
mem:  1927168
mem:  1922560
mem:  1904640
mem:  1915904
mem:  1921024
mem:  1922560
mem:  1933824
mem:  1912320
mem:  1926144
mem:  1921536
mem:  1929216
mem:  1941504
mem:  1955328
mem:  1944576
mem:  1958400
mem:  1944064
mem:  1955328
mem:  1920512
mem:  1964544
mem:  1917440
mem:  1951744
mem:  1959424
mem:  1931776
mem:  1972224
mem:  1948160
mem:  1942528
mem:  1964544
mem:  1978368
mem:  1970176
mem:  1981440
mem:  1963520
mem:  1971200
mem:  1947136
mem:  1958400
mem:  1950208
mem:  1974784
mem:  1976320
mem:  1981440
mem:  1963520
mem:  1948160
mem:  1966592
mem:  1977856
mem:  1972224
mem:  1987072
mem:  2004480
mem:  1964544
mem:  1991680
mem:  2002944
mem:  1977856
mem:  1990144
mem:  1991680
mem:  1964032
mem:  1991168
mem:  1953792
mem:  1984512
mem:  1982464
mem:  1977856
mem:  1991680
mem:  1987072
mem:  1994752
mem:  2029056
mem:  1997824
mem:  2019840
mem:  2014208
mem:  2025472
mem:  1995264
mem:  2038272
mem:  2000896
mem:  2031616
mem:  2036736
mem:  2002944
mem:  2045952
mem:  2028032
mem:  2010112
mem:  2017792
mem:  2039808
mem:  2014720
mem:  2039296
mem:  2021376
mem:  2044928
mem:  2024448
mem:  2012672
mem:  2046976
mem:  2031616
mem:  2050048
mem:  2012672
mem:  2043392
mem:  2041344
mem:  2068480
mem:  2044416
