SLURM_JOBID=5049588
SLURM_JOB_NODELIST=svl1
SLURM_NNODES=1
SLURMTMPDIR=
working directory = /viscam/projects/objectfolder_benchmark/benchmarks/Multi_Sensory_3D_Reconstruction/code/models/MDN
Start_idx:  153
mem:  1536
mem:  1888256
mem:  1889280
mem:  1922560
mem:  1921536
mem:  1890304
mem:  1888256
mem:  1903104
mem:  1882624
mem:  1903616
mem:  1905152
mem:  1918976
mem:  1894912
mem:  1928192
mem:  1929728
mem:  1892352
mem:  1943552
mem:  1914880
mem:  1907712
mem:  1918976
mem:  1923072
mem:  1899008
mem:  1935872
mem:  1933824
mem:  1913344
mem:  1940480
mem:  1961472
mem:  1960448
mem:  1932800
mem:  1914880
mem:  1967616
mem:  1914368
mem:  1909760
mem:  1927168
mem:  1934848
mem:  1924096
mem:  1964544
mem:  1972224
mem:  1979904
mem:  1971712
mem:  1982976
mem:  1935872
mem:  1976320
mem:  1946112
mem:  1989120
mem:  1987072
mem:  1920512
mem:  1951232
mem:  1953792
mem:  1971200
mem:  1998336
mem:  1968128
mem:  1936896
mem:  1944576
mem:  1969152
mem:  1980416
mem:  1958912
mem:  1987072
mem:  1946112
mem:  1996288
mem:  1997824
mem:  1960448
mem:  2007040
mem:  1986560
mem:  1996800
mem:  1982464
mem:  1980416
mem:  1992704
mem:  1951744
mem:  2001920
mem:  2022912
mem:  2011136
mem:  2006528
mem:  2027520
mem:  2029056
mem:  2027008
mem:  2009088
mem:  2039808
mem:  1992704
mem:  2013696
mem:  2002944
mem:  2016768
mem:  2031616
mem:  2042880
mem:  2037248
mem:  2022912
mem:  2008576
mem:  2010112
mem:  2005504
mem:  2029056
mem:  2024448
mem:  2045440
mem:  1998336
mem:  2051072
mem:  2052608
mem:  2067456
mem:  2046976
mem:  2060800
mem:  2058752
mem:  2070016
