SLURM_JOBID=5049780
SLURM_JOB_NODELIST=svl1
SLURM_NNODES=1
SLURMTMPDIR=
working directory = /viscam/projects/objectfolder_benchmark/benchmarks/Multi_Sensory_3D_Reconstruction/code/models/MDN
Start_idx:  348
mem:  1536
mem:  1884672
mem:  1875968
mem:  1920000
mem:  1898496
mem:  1900032
mem:  1930752
mem:  1887232
mem:  1927680
mem:  1912320
mem:  1907712
mem:  1893376
mem:  1930240
mem:  1931776
mem:  1930752
mem:  1925120
mem:  1942528
mem:  1908736
mem:  1916416
mem:  1918976
mem:  1942528
mem:  1940480
mem:  1933312
mem:  1931264
mem:  1926656
mem:  1950208
mem:  1929728
mem:  1920512
mem:  1945088
mem:  1936896
mem:  1945600
mem:  1933824
mem:  1970688
mem:  1956352
mem:  1964032
mem:  1926656
mem:  1954816
mem:  1952768
mem:  1976320
mem:  1961984
mem:  1982976
mem:  1952768
mem:  1986048
mem:  1958400
mem:  1953792
mem:  1957888
mem:  1960448
mem:  1968128
mem:  1962496
mem:  1990656
mem:  1998336
mem:  1987584
mem:  1952768
mem:  1973760
mem:  2004480
mem:  2003456
mem:  1975808
mem:  1973760
mem:  1981440
mem:  1989120
mem:  2013696
mem:  1999360
mem:  2010624
mem:  1982976
mem:  1990656
mem:  2001920
mem:  1993728
mem:  1998848
mem:  2003968
mem:  1976320
mem:  1987584
mem:  2024448
mem:  2028544
mem:  2031104
mem:  2019328
mem:  2013696
mem:  2006528
mem:  2004480
mem:  2021888
mem:  2036736
mem:  2009088
mem:  1984000
mem:  2024448
mem:  2017280
mem:  2034688
mem:  2022912
mem:  2004992
mem:  2025984
mem:  2021376
mem:  2036224
mem:  2037760
mem:  2045440
mem:  2039808
mem:  2035200
mem:  2043904
mem:  2067456
mem:  2039808
mem:  2070528
mem:  2049024
mem:  2041856
