SLURM_JOBID=5050345
SLURM_JOB_NODELIST=svl12
SLURM_NNODES=1
SLURMTMPDIR=
working directory = /viscam/projects/objectfolder_benchmark/benchmarks/Multi_Sensory_3D_Reconstruction/code/models/MDN
Start_idx:  950
mem:  1536
mem:  1882112
mem:  1902592
mem:  1916416
mem:  1917952
mem:  1893888
mem:  1875968
mem:  1873920
mem:  1904640
mem:  1870848
mem:  1911296
mem:  1906688
mem:  1920512
mem:  1909760
mem:  1878528
mem:  1886208
mem:  1924096
mem:  1922048
mem:  1890816
mem:  1911808
mem:  1930240
mem:  1921024
mem:  1904128
mem:  1908224
mem:  1926656
mem:  1947648
mem:  1958912
mem:  1963008
mem:  1958400
mem:  1921024
mem:  1915392
mem:  1871872
mem:  1970688
mem:  1962496
mem:  1918976
mem:  1887744
mem:  1953792
mem:  1962496
mem:  1950720
mem:  1946112
mem:  1924608
mem:  1943040
mem:  1956864
mem:  1936384
mem:  1953792
mem:  1974784
mem:  1933824
mem:  1968128
mem:  1940480
mem:  1967616
mem:  1969152
mem:  1951232
mem:  1985536
mem:  1999360
mem:  2004480
mem:  1964544
mem:  1997824
mem:  1934848
mem:  1942528
mem:  1992704
mem:  1978368
mem:  1992192
mem:  1974272
mem:  1989120
mem:  1994240
mem:  2009088
mem:  1997312
mem:  2018304
mem:  1994240
mem:  2021376
mem:  1980416
mem:  2011136
mem:  2018816
mem:  1981440
mem:  2035200
mem:  2014720
mem:  2009088
mem:  2023936
mem:  2028032
mem:  2017280
mem:  2031104
mem:  2026496
mem:  2043904
mem:  2029568
mem:  1989632
mem:  2029056
mem:  2043904
mem:  2016256
mem:  1992192
mem:  2029056
mem:  2046464
mem:  2032128
mem:  2023936
mem:  2022912
mem:  2050048
mem:  2032128
mem:  2030080
mem:  2044928
mem:  2039296
mem:  1999360
