SLURM_JOBID=5050381
SLURM_JOB_NODELIST=svl18
SLURM_NNODES=1
SLURMTMPDIR=
working directory = /viscam/projects/objectfolder_benchmark/benchmarks/Multi_Sensory_3D_Reconstruction/code/models/MDN
Start_idx:  972
mem:  1536
mem:  1900544
mem:  1895424
mem:  1920000
mem:  1904640
mem:  1929216
mem:  1888256
mem:  1910272
mem:  1888768
mem:  1913344
mem:  1907712
mem:  1918976
mem:  1926656
mem:  1931776
mem:  1923584
mem:  1931264
mem:  1923072
mem:  1931776
mem:  1939456
mem:  1934848
mem:  1946112
mem:  1914880
mem:  1955328
mem:  1931264
mem:  1955840
mem:  1953792
mem:  1942016
mem:  1930240
mem:  1925632
mem:  1962496
mem:  1944576
mem:  1959424
mem:  1960960
mem:  1933312
mem:  1957888
mem:  1952256
mem:  1954816
mem:  1962496
mem:  1979904
mem:  1971712
mem:  1953792
mem:  1929728
mem:  1956864
mem:  1958400
mem:  1940480
mem:  1974784
mem:  1956864
mem:  1980416
mem:  1972224
mem:  1983488
mem:  1963008
mem:  1993728
mem:  1985536
mem:  1973760
mem:  1988608
mem:  1986560
mem:  1997824
mem:  1993216
mem:  1981440
mem:  1989120
mem:  2007552
mem:  2015232
mem:  1993728
mem:  2002432
mem:  2007552
mem:  1999360
mem:  1999872
mem:  2004992
mem:  2025984
mem:  2008064
mem:  2007040
mem:  2008576
mem:  2006528
mem:  2023936
mem:  2006016
mem:  2017280
mem:  2012672
mem:  2023936
mem:  2006016
mem:  2029568
mem:  2022400
mem:  2039808
mem:  2043904
mem:  2049024
mem:  2009088
mem:  2013184
mem:  2043904
mem:  2039296
mem:  2050560
mem:  2009600
mem:  2053632
mem:  2061312
mem:  2043392
mem:  2051072
mem:  2050048
mem:  2041856
mem:  2045952
mem:  2051072
mem:  2036736
mem:  2057728
