SLURM_JOBID=5050207
SLURM_JOB_NODELIST=svl9
SLURM_NNODES=1
SLURMTMPDIR=
working directory = /viscam/projects/objectfolder_benchmark/benchmarks/Multi_Sensory_3D_Reconstruction/code/models/MDN
Start_idx:  788
mem:  1536
mem:  1900544
mem:  1889280
mem:  1900544
mem:  1917952
mem:  1907200
mem:  1911296
mem:  1883648
mem:  1882624
mem:  1925632
mem:  1862656
mem:  1928704
mem:  1910784
mem:  1880576
mem:  1897984
mem:  1934848
mem:  1907200
mem:  1915904
mem:  1910272
mem:  1944576
mem:  1916928
mem:  1947648
mem:  1939456
mem:  1927680
mem:  1932800
mem:  1956352
mem:  1942016
mem:  1937408
mem:  1932800
mem:  1962496
mem:  1938432
mem:  1963008
mem:  1947648
mem:  1946624
mem:  1954304
mem:  1971712
mem:  1954816
mem:  1952768
mem:  1944576
mem:  1961984
mem:  1982976
mem:  1945600
mem:  1966592
mem:  1961984
mem:  1950208
mem:  1955328
mem:  1949696
mem:  1984000
mem:  1972224
mem:  1967616
mem:  1998336
mem:  1990144
mem:  1968640
mem:  1954304
mem:  1978880
mem:  1992704
mem:  1978368
mem:  1983488
mem:  1977856
mem:  1986560
mem:  1988096
mem:  1976320
mem:  1981440
mem:  2008576
mem:  1990656
mem:  2011648
mem:  1999872
mem:  1985536
mem:  2013696
mem:  2004480
mem:  1984000
mem:  1989120
mem:  1987072
mem:  2017792
mem:  2002432
mem:  2011136
mem:  2028544
mem:  2039808
mem:  2009600
mem:  2023424
mem:  2011648
mem:  2016768
mem:  2015744
mem:  2019840
mem:  2040832
mem:  2026496
mem:  2018304
mem:  2049024
mem:  2017792
mem:  2022912
mem:  2024448
mem:  2051584
mem:  2037248
mem:  2051072
mem:  2034176
mem:  2038272
mem:  2030080
mem:  2060800
mem:  2040320
mem:  2048000
