SLURM_JOBID=5050263
SLURM_JOB_NODELIST=svl10
SLURM_NNODES=1
SLURMTMPDIR=
working directory = /viscam/projects/objectfolder_benchmark/benchmarks/Multi_Sensory_3D_Reconstruction/code/models/MDN
Start_idx:  875
mem:  1536
mem:  1917440
mem:  1905152
mem:  1871360
mem:  1879040
mem:  1907200
mem:  1924608
mem:  1883648
mem:  1908224
mem:  1909760
mem:  1924608
mem:  1938432
mem:  1939968
mem:  1919488
mem:  1936896
mem:  1928704
mem:  1936384
mem:  1873408
mem:  1936896
mem:  1921536
mem:  1942528
mem:  1953792
mem:  1929728
mem:  1927680
mem:  1913344
mem:  1959936
mem:  1949184
mem:  1927680
mem:  1935360
mem:  1927168
mem:  1955328
mem:  1936384
mem:  1954816
mem:  1956352
mem:  1928704
mem:  1949696
mem:  1957376
mem:  1935872
mem:  1964032
mem:  1965568
mem:  1928192
mem:  1929728
mem:  1964032
mem:  1977856
mem:  1963520
mem:  1958912
mem:  1986048
mem:  1993728
mem:  1969664
mem:  1948160
mem:  1994752
mem:  1964544
mem:  1981952
mem:  1980928
mem:  1965568
mem:  1970688
mem:  1991680
mem:  1966592
mem:  1994752
mem:  1969664
mem:  2003968
mem:  1986048
mem:  1987584
mem:  1989120
mem:  2000384
mem:  1999360
mem:  1997312
mem:  2020864
mem:  1987072
mem:  2017792
mem:  2022912
mem:  2030592
mem:  1977344
mem:  2000896
mem:  1999872
mem:  2020864
mem:  2038272
mem:  2000896
mem:  1999872
mem:  1980928
mem:  2009088
mem:  2007040
mem:  2021888
mem:  2033152
mem:  2050560
mem:  2036224
mem:  2028032
mem:  2029568
mem:  2011648
mem:  2032640
mem:  2004992
mem:  2055168
mem:  2023936
mem:  2025472
mem:  2043904
mem:  2054144
mem:  2016768
mem:  2054656
mem:  2056192
mem:  2044416
