SLURM_JOBID=5049993
SLURM_JOB_NODELIST=svl3
SLURM_NNODES=1
SLURMTMPDIR=
working directory = /viscam/projects/objectfolder_benchmark/benchmarks/Multi_Sensory_3D_Reconstruction/code/models/MDN
Start_idx:  574
mem:  1536
mem:  1910272
mem:  1924608
mem:  1912832
mem:  1905664
mem:  1906176
mem:  1928192
mem:  1932288
mem:  1921536
mem:  1935360
mem:  1921024
mem:  1922560
mem:  1939968
mem:  1941504
mem:  1927168
mem:  1938432
mem:  1946112
mem:  1931776
mem:  1949184
mem:  1950720
mem:  1952256
mem:  1934336
mem:  1955328
mem:  1925120
mem:  1948672
mem:  1950208
mem:  1935872
mem:  1933824
mem:  1948672
mem:  1940480
mem:  1961472
mem:  1969152
mem:  1964544
mem:  1966080
mem:  1971200
mem:  1975296
mem:  1976832
mem:  1972224
mem:  1970176
mem:  1958400
mem:  1982976
mem:  1958912
mem:  1986048
mem:  1977856
mem:  1966080
mem:  1974784
mem:  1992192
mem:  1974272
mem:  1979392
mem:  1951744
mem:  1992192
mem:  1980416
mem:  1975808
mem:  1993216
mem:  1965568
mem:  1992704
mem:  2007552
mem:  1989632
mem:  2004480
mem:  2006016
mem:  2003968
mem:  2011648
mem:  1997312
mem:  2006016
mem:  2007552
mem:  2015232
mem:  2019328
mem:  2014720
mem:  2022400
mem:  1988608
mem:  2013184
mem:  2028032
mem:  2025984
mem:  2021376
mem:  1993728
mem:  2020864
mem:  2034688
mem:  2016768
mem:  2035200
mem:  2033152
mem:  2044416
mem:  2026496
mem:  2031616
mem:  2049024
mem:  2038272
mem:  2042368
mem:  2040320
mem:  2049024
mem:  2046976
mem:  2052096
mem:  2059776
mem:  2051584
mem:  2050560
mem:  2058240
mem:  2056192
mem:  2051584
mem:  2056704
mem:  2060800
mem:  2062336
mem:  2073600
