SLURM_JOBID=5050117
SLURM_JOB_NODELIST=svl9
SLURM_NNODES=1
SLURMTMPDIR=
working directory = /viscam/projects/objectfolder_benchmark/benchmarks/Multi_Sensory_3D_Reconstruction/code/models/MDN
Start_idx:  691
mem:  1536
mem:  1888256
mem:  1922048
mem:  1851904
mem:  1865728
mem:  1876992
mem:  1885696
mem:  1909248
mem:  1898496
mem:  1922048
mem:  1882112
mem:  1918976
mem:  1852416
mem:  1906176
mem:  1900544
mem:  1893376
mem:  1943552
mem:  1896448
mem:  1913856
mem:  1870336
mem:  1887744
mem:  1883136
mem:  1916416
mem:  1940992
mem:  1890304
mem:  1908736
mem:  1883648
mem:  1894912
mem:  1960960
mem:  1943040
mem:  1928704
mem:  1953280
mem:  1951232
mem:  1923584
mem:  1934848
mem:  1897472
mem:  1964544
mem:  1943040
mem:  1947136
mem:  1939968
mem:  1963520
mem:  1980928
mem:  1908224
mem:  1932800
mem:  1944064
mem:  1961472
mem:  1927680
mem:  1974272
mem:  1930752
mem:  1948160
mem:  1953280
mem:  1977856
mem:  1917440
mem:  1918976
mem:  1969152
mem:  1976832
mem:  1955328
mem:  1940992
mem:  2000896
mem:  1953792
mem:  1980928
mem:  1993216
mem:  1964544
mem:  1973248
mem:  2013696
mem:  1947136
mem:  1958400
mem:  1979392
mem:  1974784
mem:  1985024
mem:  1931776
mem:  2011136
mem:  2012672
mem:  1998336
mem:  2006016
mem:  1974784
mem:  2006528
mem:  2016768
mem:  2008576
mem:  2036736
mem:  2011648
mem:  1991168
mem:  1963520
mem:  2000384
mem:  2034688
mem:  2016768
mem:  2020864
mem:  2055168
mem:  2017792
mem:  2013184
mem:  2053632
mem:  2038272
mem:  2017792
mem:  2044928
mem:  2043904
mem:  2028544
mem:  2020352
mem:  2048512
mem:  2052608
mem:  2050560
