SLURM_JOBID=5050150
SLURM_JOB_NODELIST=svl9
SLURM_NNODES=1
SLURMTMPDIR=
working directory = /viscam/projects/objectfolder_benchmark/benchmarks/Multi_Sensory_3D_Reconstruction/code/models/MDN
Start_idx:  757
mem:  1536
mem:  1923584
mem:  1914880
mem:  1926144
mem:  1925120
mem:  1919488
mem:  1917440
mem:  1920000
mem:  1924096
mem:  1915904
mem:  1930752
mem:  1928704
mem:  1939968
mem:  1938944
mem:  1927168
mem:  1944576
mem:  1942528
mem:  1945088
mem:  1943040
mem:  1948160
mem:  1946112
mem:  1944064
mem:  1939456
mem:  1950720
mem:  1948672
mem:  1950208
mem:  1958912
mem:  1956864
mem:  1952256
mem:  1966080
mem:  1964032
mem:  1959424
mem:  1967104
mem:  1952768
mem:  1964032
mem:  1975296
mem:  1970688
mem:  1968640
mem:  1973760
mem:  1965568
mem:  1982976
mem:  1978368
mem:  1973760
mem:  1984000
mem:  1985536
mem:  1988096
mem:  1976320
mem:  1991168
mem:  1992704
mem:  1990656
mem:  1978880
mem:  1986560
mem:  2001408
mem:  2000384
mem:  1994752
mem:  1996288
mem:  1997824
mem:  2009088
mem:  1994752
mem:  1992704
mem:  2013696
mem:  1999360
mem:  2000896
mem:  2008576
mem:  2013696
mem:  2018816
mem:  2022912
mem:  2021888
mem:  2025984
mem:  2021376
mem:  2026496
mem:  2027008
mem:  2025984
mem:  2014208
mem:  2029056
mem:  2014720
mem:  2034688
mem:  2020352
mem:  2025472
mem:  2027008
mem:  2022400
mem:  2032640
mem:  2041344
mem:  2049024
mem:  2050560
mem:  2048512
mem:  2031616
mem:  2049024
mem:  2050560
mem:  2044928
mem:  2043904
mem:  2055168
mem:  2062848
mem:  2044928
mem:  2062336
mem:  2067456
mem:  2062848
mem:  2064384
mem:  2072064
mem:  2073600
