SLURM_JOBID=5049631
SLURM_JOB_NODELIST=svl2
SLURM_NNODES=1
SLURMTMPDIR=
working directory = /viscam/projects/objectfolder_benchmark/benchmarks/Multi_Sensory_3D_Reconstruction/code/models/MDN
Start_idx:  172
mem:  1536
mem:  1894400
mem:  1891840
mem:  1896960
mem:  1898496
mem:  1884160
mem:  1846784
mem:  1896960
mem:  1920512
mem:  1900032
mem:  1914880
mem:  1909248
mem:  1910784
mem:  1889280
mem:  1897984
mem:  1925120
mem:  1901056
mem:  1918464
mem:  1920000
mem:  1905664
mem:  1920512
mem:  1918464
mem:  1929728
mem:  1927680
mem:  1896448
mem:  1944064
mem:  1938432
mem:  1949696
mem:  1931776
mem:  1923584
mem:  1922560
mem:  1946112
mem:  1937920
mem:  1949184
mem:  1938432
mem:  1955840
mem:  1960960
mem:  1946624
mem:  1957888
mem:  1969152
mem:  1959936
mem:  1942016
mem:  1964032
mem:  1929216
mem:  1953792
mem:  1948160
mem:  1966592
mem:  1915904
mem:  1975808
mem:  1961472
mem:  1963008
mem:  1867264
mem:  1995264
mem:  1964032
mem:  1978880
mem:  1990144
mem:  1985536
mem:  1956864
mem:  1978880
mem:  1990144
mem:  1962496
mem:  1995776
mem:  1981440
mem:  2015744
mem:  1996800
mem:  1995776
mem:  1941504
mem:  1991680
mem:  2002944
mem:  2004480
mem:  1996288
mem:  1988096
mem:  1918976
mem:  2023936
mem:  1999872
mem:  2003968
mem:  2012672
mem:  2010624
mem:  2025472
mem:  1945600
mem:  2028544
mem:  1993728
mem:  2024448
mem:  2023424
mem:  1979904
mem:  2026496
mem:  2031616
mem:  2022400
mem:  2040832
mem:  2029056
mem:  2046464
mem:  2039296
mem:  2037248
mem:  2035200
mem:  2034176
mem:  1999360
mem:  2023936
mem:  2028032
mem:  2023424
mem:  2022400
