SLURM_JOBID=5050407
SLURM_JOB_NODELIST=svl9
SLURM_NNODES=1
SLURMTMPDIR=
working directory = /viscam/projects/objectfolder_benchmark/benchmarks/Multi_Sensory_3D_Reconstruction/code/models/MDN
Start_idx:  994
mem:  1536
mem:  1917440
mem:  1882112
mem:  1877504
mem:  1925120
mem:  1880576
mem:  1930752
mem:  1922560
mem:  1921536
mem:  1883136
mem:  1891840
mem:  1934848
mem:  1916928
mem:  1912320
mem:  1930752
mem:  1934848
mem:  1936384
mem:  1937920
mem:  1949184
mem:  1911808
mem:  1936384
mem:  1951232
mem:  1910272
mem:  1892352
mem:  1938944
mem:  1930752
mem:  1918976
mem:  1924096
mem:  1951232
mem:  1959936
mem:  1942016
mem:  1916928
mem:  1928192
mem:  1946624
mem:  1954304
mem:  1959424
mem:  1976832
mem:  1923584
mem:  1970176
mem:  1946112
mem:  1982976
mem:  1984512
mem:  1970176
mem:  1984000
mem:  1963520
mem:  1977344
mem:  1986048
mem:  1964544
mem:  1950208
mem:  1957888
mem:  1988608
mem:  1999872
mem:  1998848
mem:  1971200
mem:  1972736
mem:  1974272
mem:  1972224
mem:  2006528
mem:  1981440
mem:  2002432
mem:  1980928
mem:  2015232
mem:  1981440
mem:  2014720
mem:  2019840
mem:  1992192
mem:  1993728
mem:  2024448
mem:  2019840
mem:  1949696
mem:  1984000
mem:  1995264
mem:  1993216
mem:  1998336
mem:  1996288
mem:  1972224
mem:  1979904
mem:  2023936
mem:  2002432
mem:  1991680
mem:  2012672
mem:  2016768
mem:  2028032
mem:  2013696
mem:  2021376
mem:  2013184
mem:  2051072
mem:  2033152
mem:  2017792
mem:  2016768
mem:  2027008
mem:  2055168
mem:  2059264
mem:  1999872
mem:  2020864
mem:  2067456
mem:  2066432
mem:  2054656
mem:  2046464
mem:  2054144
