SLURM_JOBID=5049580
SLURM_JOB_NODELIST=svl1
SLURM_NNODES=1
SLURMTMPDIR=
working directory = /viscam/projects/objectfolder_benchmark/benchmarks/Multi_Sensory_3D_Reconstruction/code/models/MDN
Start_idx:  100
mem:  1536
mem:  1923584
mem:  1882112
mem:  1922560
mem:  1898496
mem:  1900032
mem:  1897984
mem:  1909248
mem:  1904640
mem:  1922048
mem:  1911296
mem:  1928704
mem:  1910784
mem:  1941504
mem:  1936896
mem:  1938432
mem:  1943552
mem:  1915904
mem:  1943040
mem:  1947136
mem:  1936384
mem:  1928192
mem:  1955328
mem:  1943552
mem:  1925632
mem:  1950208
mem:  1951744
mem:  1921536
mem:  1954816
mem:  1943040
mem:  1925120
mem:  1959424
mem:  1948672
mem:  1969664
mem:  1944576
mem:  1930240
mem:  1953792
mem:  1966080
mem:  1954304
mem:  1959424
mem:  1959936
mem:  1984512
mem:  1986048
mem:  1948672
mem:  1979392
mem:  1988096
mem:  1972736
mem:  1987584
mem:  1991680
mem:  1990656
mem:  1998336
mem:  1976832
mem:  1991680
mem:  1993216
mem:  1985024
mem:  2003456
mem:  1991680
mem:  1993216
mem:  1998336
mem:  2002432
mem:  2007552
mem:  2011648
mem:  1987584
mem:  2012160
mem:  1987072
mem:  2021376
mem:  2010624
mem:  2014720
mem:  2016256
mem:  2017792
mem:  2006016
mem:  2024448
mem:  2006528
mem:  2030080
mem:  2009600
mem:  1995264
mem:  2032128
mem:  2039808
mem:  2035200
mem:  2033152
mem:  2022400
mem:  2010624
mem:  2047488
mem:  2016256
mem:  2015232
mem:  2052096
mem:  2021888
mem:  2032128
mem:  2017792
mem:  2007040
mem:  2047488
mem:  2045440
mem:  2059264
mem:  2038784
mem:  2065920
mem:  2061312
mem:  2056704
mem:  2057216
mem:  2058752
mem:  2067456
