SLURM_JOBID=5050091
SLURM_JOB_NODELIST=svl1
SLURM_NNODES=1
SLURMTMPDIR=
working directory = /viscam/projects/objectfolder_benchmark/benchmarks/Multi_Sensory_3D_Reconstruction/code/models/MDN
Start_idx:  677
mem:  1536
mem:  1872384
mem:  1924608
mem:  1887232
mem:  1863168
mem:  1890304
mem:  1905152
mem:  1909248
mem:  1865728
mem:  1861120
mem:  1888256
mem:  1860608
mem:  1875456
mem:  1925632
mem:  1911296
mem:  1928704
mem:  1939968
mem:  1931776
mem:  1929728
mem:  1882624
mem:  1878016
mem:  1875968
mem:  1920000
mem:  1927680
mem:  1896448
mem:  1911296
mem:  1922560
mem:  1949696
mem:  1890304
mem:  1927168
mem:  1961472
mem:  1927680
mem:  1931776
mem:  1969664
mem:  1954304
mem:  1946112
mem:  1925632
mem:  1917440
mem:  1859584
mem:  1948672
mem:  1937920
mem:  1939456
mem:  1950720
mem:  1977856
mem:  1911296
mem:  1929728
mem:  1959424
mem:  1931776
mem:  1936896
mem:  1983488
mem:  1956864
mem:  1941504
mem:  1952768
mem:  1979904
mem:  1955840
mem:  1957376
mem:  1949184
mem:  1996800
mem:  1985024
mem:  1959936
mem:  1971200
mem:  1950720
mem:  1961984
mem:  1969664
mem:  2017280
mem:  1972736
mem:  1987584
mem:  1959936
mem:  2019840
mem:  2001920
mem:  1951232
mem:  1998848
mem:  1977344
mem:  1998336
mem:  1970688
mem:  2036736
mem:  1970176
mem:  1978880
mem:  2028032
mem:  2023424
mem:  2024960
mem:  1977856
mem:  2028032
mem:  2007552
mem:  2037248
mem:  1993728
mem:  2047488
mem:  2045440
mem:  2037248
mem:  2013184
mem:  1997824
mem:  2022400
mem:  2004480
mem:  2042368
mem:  2013696
mem:  2018816
mem:  2039808
mem:  2031616
mem:  2033152
mem:  1995776
