SLURM_JOBID=5050413
SLURM_JOB_NODELIST=svl17
SLURM_NNODES=1
SLURMTMPDIR=
working directory = /viscam/projects/objectfolder_benchmark/benchmarks/Multi_Sensory_3D_Reconstruction/code/models/MDN
Start_idx:  1000
mem:  1536
mem:  1917440
mem:  1911296
mem:  1903104
mem:  1849856
mem:  1913344
mem:  1907712
mem:  1912832
mem:  1904640
mem:  1903616
mem:  1917440
mem:  1909248
mem:  1907200
mem:  1919488
mem:  1933312
mem:  1931264
mem:  1933824
mem:  1937920
mem:  1929728
mem:  1905664
mem:  1913344
mem:  1924608
mem:  1945600
mem:  1917952
mem:  1954816
mem:  1918464
mem:  1939456
mem:  1947136
mem:  1954816
mem:  1950208
mem:  1942016
mem:  1930240
mem:  1935360
mem:  1966080
mem:  1948160
mem:  1969152
mem:  1963520
mem:  1966080
mem:  1970176
mem:  1919488
mem:  1937920
mem:  1968640
mem:  1972736
mem:  1929216
mem:  1982976
mem:  1980928
mem:  1969152
mem:  1987584
mem:  1962496
mem:  1974784
mem:  1963008
mem:  1996288
mem:  1949184
mem:  1951744
mem:  1949696
mem:  1976832
mem:  1972224
mem:  1964032
mem:  1978880
mem:  1989120
mem:  1984512
mem:  2009088
mem:  2010624
mem:  1969664
mem:  2013696
mem:  2001920
mem:  1991168
mem:  1989120
mem:  1987072
mem:  2017792
mem:  2003456
mem:  2001408
mem:  2000384
mem:  2017792
mem:  2012160
mem:  2023424
mem:  2016256
mem:  2004480
mem:  2031616
mem:  2013696
mem:  2021376
mem:  2014208
mem:  2037760
mem:  2042880
mem:  2037248
mem:  2032640
mem:  2018304
mem:  2051584
mem:  2034688
mem:  2042368
mem:  2030592
mem:  2051584
mem:  2040832
mem:  2052096
mem:  2040320
mem:  2038272
mem:  2059264
mem:  2058240
mem:  2058752
mem:  2038272
