SLURM_JOBID=5050156
SLURM_JOB_NODELIST=svl10
SLURM_NNODES=1
SLURMTMPDIR=
working directory = /viscam/projects/objectfolder_benchmark/benchmarks/Multi_Sensory_3D_Reconstruction/code/models/MDN
Start_idx:  763
mem:  1536
mem:  1907712
mem:  1905152
mem:  1828864
mem:  1894912
mem:  1909760
mem:  1879552
mem:  1889792
mem:  1885184
mem:  1922048
mem:  1905152
mem:  1841152
mem:  1885184
mem:  1925632
mem:  1917440
mem:  1889792
mem:  1901056
mem:  1908736
mem:  1916416
mem:  1911808
mem:  1880576
mem:  1914880
mem:  1900544
mem:  1905664
mem:  1890304
mem:  1905152
mem:  1887232
mem:  1930240
mem:  1929216
mem:  1940480
mem:  1948160
mem:  1937408
mem:  1941504
mem:  1927168
mem:  1942016
mem:  1930240
mem:  1945088
mem:  1923584
mem:  1905664
mem:  1923072
mem:  1973248
mem:  1926144
mem:  1921536
mem:  1984000
mem:  1950208
mem:  1961472
mem:  1939968
mem:  1981440
mem:  1956352
mem:  1926144
mem:  1949696
mem:  1945088
mem:  1991680
mem:  1948160
mem:  1943552
mem:  1960960
mem:  1985536
mem:  1950720
mem:  1998336
mem:  1959936
mem:  1943040
mem:  1956864
mem:  1948672
mem:  2002432
mem:  1955328
mem:  1986048
mem:  1974272
mem:  1952768
mem:  2010112
mem:  2023936
mem:  1984000
mem:  1962496
mem:  2010112
mem:  2010624
mem:  1964544
mem:  2007552
mem:  1989632
mem:  1946112
mem:  2002432
mem:  2007552
mem:  1970176
mem:  2013184
mem:  1996288
mem:  2000384
mem:  2001920
mem:  2022912
mem:  1992704
mem:  1987072
mem:  2017792
mem:  2032640
mem:  2008576
mem:  2039296
mem:  2010624
mem:  1996288
mem:  2013696
mem:  2009088
mem:  1985024
mem:  2006016
mem:  2017280
mem:  2022400
