SLURM_JOBID=5050179
SLURM_JOB_NODELIST=svl5
SLURM_NNODES=1
SLURMTMPDIR=
working directory = /viscam/projects/objectfolder_benchmark/benchmarks/Multi_Sensory_3D_Reconstruction/code/models/MDN
Start_idx:  767
mem:  1536
mem:  1923584
mem:  1899008
mem:  1904128
mem:  1888768
mem:  1897472
mem:  1917440
mem:  1928704
mem:  1921536
mem:  1915904
mem:  1933312
mem:  1918976
mem:  1939968
mem:  1922048
mem:  1897984
mem:  1934848
mem:  1930240
mem:  1947648
mem:  1946624
mem:  1938432
mem:  1952256
mem:  1908736
mem:  1945600
mem:  1915392
mem:  1938944
mem:  1927168
mem:  1935872
mem:  1917952
mem:  1938944
mem:  1962496
mem:  1948160
mem:  1969152
mem:  1937920
mem:  1930752
mem:  1971200
mem:  1949696
mem:  1967104
mem:  1968640
mem:  1957888
mem:  1971712
mem:  1970688
mem:  1968640
mem:  1954304
mem:  1975296
mem:  1963520
mem:  1974784
mem:  1988608
mem:  1970688
mem:  1985536
mem:  1948160
mem:  1998336
mem:  1987584
mem:  1975808
mem:  1983488
mem:  1981440
mem:  1970688
mem:  1978368
mem:  2002944
mem:  2004480
mem:  2002432
mem:  2010112
mem:  1979904
mem:  2016768
mem:  2012160
mem:  1968640
mem:  2021376
mem:  2003456
mem:  2024448
mem:  2000384
mem:  2001920
mem:  1990144
mem:  2024448
mem:  2022400
mem:  2014208
mem:  2012160
mem:  2030592
mem:  2032128
mem:  2023936
mem:  2008576
mem:  2042880
mem:  2044416
mem:  2016768
mem:  2024448
mem:  2049024
mem:  2018816
mem:  2032640
mem:  2053632
mem:  2041856
mem:  2017792
mem:  2042368
mem:  2046464
mem:  2041856
mem:  2043392
mem:  2058240
mem:  2046464
mem:  2067456
mem:  2039808
mem:  2041344
mem:  2062336
mem:  2073600
