SLURM_JOBID=5050025
SLURM_JOB_NODELIST=svl18
SLURM_NNODES=1
SLURMTMPDIR=
working directory = /viscam/projects/objectfolder_benchmark/benchmarks/Multi_Sensory_3D_Reconstruction/code/models/MDN
Start_idx:  644
mem:  1536
mem:  1910272
mem:  1918464
mem:  1883648
mem:  1898496
mem:  1919488
mem:  1888256
mem:  1903104
mem:  1898496
mem:  1900032
mem:  1907712
mem:  1903104
mem:  1920512
mem:  1906176
mem:  1913856
mem:  1909248
mem:  1920512
mem:  1928192
mem:  1933312
mem:  1938432
mem:  1913344
mem:  1924608
mem:  1926144
mem:  1924096
mem:  1938944
mem:  1940480
mem:  1951744
mem:  1921536
mem:  1915904
mem:  1946624
mem:  1928704
mem:  1943552
mem:  1945088
mem:  1933312
mem:  1940992
mem:  1943552
mem:  1947648
mem:  1949184
mem:  1964032
mem:  1946112
mem:  1953792
mem:  1951744
mem:  1944576
mem:  1985024
mem:  1982976
mem:  1949184
mem:  1949696
mem:  1984000
mem:  1979392
mem:  1954304
mem:  1949696
mem:  1958400
mem:  1972224
mem:  1971200
mem:  1946112
mem:  1953792
mem:  1965056
mem:  2005504
mem:  1968128
mem:  1976832
mem:  1981952
mem:  1960448
mem:  1993728
mem:  1989120
mem:  1980928
mem:  1986048
mem:  1974272
mem:  2008576
mem:  1965056
mem:  2017792
mem:  1993728
mem:  1981952
mem:  2002944
mem:  2004480
mem:  2015744
mem:  2017280
mem:  1999360
mem:  2008064
mem:  2025472
mem:  2003968
mem:  2038272
mem:  2030080
mem:  2002432
mem:  2033152
mem:  2009088
mem:  2022912
mem:  2024448
mem:  2006528
mem:  2031104
mem:  2032640
mem:  2001408
mem:  2016256
mem:  2040832
mem:  2038784
mem:  2046464
mem:  2038272
mem:  2043392
mem:  2064384
mem:  2036736
mem:  2032128
