SLURM_JOBID=5049999
SLURM_JOB_NODELIST=svl9
SLURM_NNODES=1
SLURMTMPDIR=
working directory = /viscam/projects/objectfolder_benchmark/benchmarks/Multi_Sensory_3D_Reconstruction/code/models/MDN
Start_idx:  580
mem:  1536
mem:  1862656
mem:  1875968
mem:  1877504
mem:  1902080
mem:  1864704
mem:  1872384
mem:  1873920
mem:  1917952
mem:  1900032
mem:  1907712
mem:  1925120
mem:  1939968
mem:  1892864
mem:  1933312
mem:  1918976
mem:  1916928
mem:  1912320
mem:  1910272
mem:  1937408
mem:  1932800
mem:  1918464
mem:  1881088
mem:  1927680
mem:  1903616
mem:  1888256
mem:  1916416
mem:  1933824
mem:  1925632
mem:  1904128
mem:  1951744
mem:  1959424
mem:  1915904
mem:  1943040
mem:  1934848
mem:  1907200
mem:  1944064
mem:  1945600
mem:  1948160
mem:  1981440
mem:  1934336
mem:  1962496
mem:  1960448
mem:  1919488
mem:  1963520
mem:  1920000
mem:  1972736
mem:  1984000
mem:  1936896
mem:  1955328
mem:  1972736
mem:  1967104
mem:  1921024
mem:  1990656
mem:  1978880
mem:  1973248
mem:  1985536
mem:  1989632
mem:  1949696
mem:  1970688
mem:  1984512
mem:  1966592
mem:  1997312
mem:  1992704
mem:  1997824
mem:  1950720
mem:  1977856
mem:  1995264
mem:  2006528
mem:  1992192
mem:  2003456
mem:  2011136
mem:  1987072
mem:  2010624
mem:  2019328
mem:  1978368
mem:  2012672
mem:  1985024
mem:  2018304
mem:  2020864
mem:  2009088
mem:  2004480
mem:  1959936
mem:  2039296
mem:  2015232
mem:  2013184
mem:  2028032
mem:  2019840
mem:  1995776
mem:  2029056
mem:  2001408
mem:  2022400
mem:  2043392
mem:  2042368
mem:  2023424
mem:  2038272
mem:  1985024
mem:  2054656
mem:  2019840
mem:  1999360
