SLURM_JOBID=5050228
SLURM_JOB_NODELIST=svl5
SLURM_NNODES=1
SLURMTMPDIR=
working directory = /viscam/projects/objectfolder_benchmark/benchmarks/Multi_Sensory_3D_Reconstruction/code/models/MDN
Start_idx:  845
mem:  1536
mem:  1921024
mem:  1924608
mem:  1926144
mem:  1927680
mem:  1900032
mem:  1911296
mem:  1932288
mem:  1933824
mem:  1922048
mem:  1905152
mem:  1889792
mem:  1939968
mem:  1929216
mem:  1939456
mem:  1925120
mem:  1924096
mem:  1937920
mem:  1900544
mem:  1947136
mem:  1920512
mem:  1883136
mem:  1906688
mem:  1911808
mem:  1923072
mem:  1959936
mem:  1935872
mem:  1947136
mem:  1938944
mem:  1950208
mem:  1961472
mem:  1959424
mem:  1908736
mem:  1972224
mem:  1932288
mem:  1975296
mem:  1964544
mem:  1923584
mem:  1940992
mem:  1930240
mem:  1937920
mem:  1955328
mem:  1970176
mem:  1948672
mem:  1989120
mem:  1988096
mem:  1969152
mem:  1984000
mem:  1989120
mem:  1996800
mem:  1992192
mem:  1999872
mem:  1985536
mem:  1983488
mem:  2004480
mem:  2006016
mem:  1936896
mem:  2002944
mem:  1991168
mem:  1980416
mem:  1971200
mem:  1986048
mem:  1987584
mem:  1998848
mem:  2003968
mem:  1999360
mem:  2007040
mem:  1998848
mem:  2022400
mem:  1969152
mem:  2029056
mem:  2030592
mem:  2032128
mem:  2014208
mem:  2019328
mem:  2036736
mem:  2012672
mem:  2037248
mem:  2021888
mem:  2040320
mem:  2034688
mem:  2016768
mem:  2012160
mem:  2046464
mem:  2008064
mem:  2026496
mem:  2028032
mem:  2033152
mem:  2044416
mem:  2029056
mem:  2059776
mem:  2051584
mem:  2053120
mem:  2048512
mem:  2050048
mem:  2032128
mem:  2059264
mem:  2066944
mem:  2072064
mem:  2060288
