SLURM_JOBID=5049708
SLURM_JOB_NODELIST=svl1
SLURM_NNODES=1
SLURMTMPDIR=
working directory = /viscam/projects/objectfolder_benchmark/benchmarks/Multi_Sensory_3D_Reconstruction/code/models/MDN
Start_idx:  256
mem:  1536
mem:  1907712
mem:  1891840
mem:  1890816
mem:  1886208
mem:  1884160
mem:  1905152
mem:  1850880
mem:  1885184
mem:  1870848
mem:  1897984
mem:  1858048
mem:  1926656
mem:  1919488
mem:  1907712
mem:  1942016
mem:  1891328
mem:  1899008
mem:  1916416
mem:  1940992
mem:  1874432
mem:  1912320
mem:  1903104
mem:  1947136
mem:  1938944
mem:  1944064
mem:  1942016
mem:  1947136
mem:  1958400
mem:  1901568
mem:  1942016
mem:  1953280
mem:  1906176
mem:  1956352
mem:  1948160
mem:  1965568
mem:  1957376
mem:  1968640
mem:  1909248
mem:  1942528
mem:  1924608
mem:  1933312
mem:  1960448
mem:  1981440
mem:  1959936
mem:  1957888
mem:  1953280
mem:  1913344
mem:  1989120
mem:  1973760
mem:  1972736
mem:  1938944
mem:  1968640
mem:  1987072
mem:  1988608
mem:  1941504
mem:  1952768
mem:  1967616
mem:  1961984
mem:  1982976
mem:  1949184
mem:  2011648
mem:  2003456
mem:  1996288
mem:  1984512
mem:  1999360
mem:  2016768
mem:  1981952
mem:  2016256
mem:  1992192
mem:  1976832
mem:  1988096
mem:  1977344
mem:  1972736
mem:  2009600
mem:  1997824
mem:  1970176
mem:  1971712
mem:  1998848
mem:  1984512
mem:  1999360
mem:  2026496
mem:  1992704
mem:  2010112
mem:  2031104
mem:  1984000
mem:  2030592
mem:  2006528
mem:  1988608
mem:  1993728
mem:  2001408
mem:  2041856
mem:  2030080
mem:  2022912
mem:  2052608
mem:  2038272
mem:  2049536
mem:  2019328
mem:  2046464
mem:  2057728
