SLURM_JOBID=5050012
SLURM_JOB_NODELIST=svl9
SLURM_NNODES=1
SLURMTMPDIR=
working directory = /viscam/projects/objectfolder_benchmark/benchmarks/Multi_Sensory_3D_Reconstruction/code/models/MDN
Start_idx:  591
mem:  1536
mem:  1865216
mem:  1879552
mem:  1890816
mem:  1902080
mem:  1893888
mem:  1885696
mem:  1922560
mem:  1924096
mem:  1874432
mem:  1917440
mem:  1916416
mem:  1898496
mem:  1906176
mem:  1900544
mem:  1905664
mem:  1942528
mem:  1908736
mem:  1913856
mem:  1921536
mem:  1907200
mem:  1885696
mem:  1910272
mem:  1931264
mem:  1909760
mem:  1936896
mem:  1932288
mem:  1930240
mem:  1942528
mem:  1956352
mem:  1909248
mem:  1947136
mem:  1957376
mem:  1956352
mem:  1948160
mem:  1939968
mem:  1912320
mem:  1920000
mem:  1956864
mem:  1969152
mem:  1976832
mem:  1935872
mem:  1986048
mem:  1964544
mem:  1985536
mem:  1971200
mem:  1949696
mem:  1954816
mem:  1985536
mem:  1977344
mem:  1988608
mem:  1941504
mem:  1952768
mem:  1977344
mem:  1959424
mem:  1986560
mem:  1958912
mem:  1967616
mem:  1981440
mem:  1979392
mem:  1981952
mem:  1966592
mem:  1981440
mem:  1998848
mem:  1971200
mem:  1970176
mem:  2007040
mem:  1985536
mem:  2003968
mem:  1982464
mem:  2019328
mem:  2001408
mem:  1996800
mem:  1994752
mem:  2012160
mem:  1988096
mem:  2012672
mem:  1968128
mem:  2038784
mem:  2019840
mem:  1979904
mem:  2007040
mem:  1979392
mem:  2017280
mem:  1992192
mem:  2016768
mem:  2028032
mem:  2016256
mem:  1994752
mem:  2009600
mem:  2030592
mem:  2041856
mem:  2027520
mem:  2015744
mem:  2046464
mem:  2018816
mem:  2062848
mem:  2009600
mem:  2065920
mem:  2044416
