SLURM_JOBID=5050205
SLURM_JOB_NODELIST=svl5
SLURM_NNODES=1
SLURMTMPDIR=
working directory = /viscam/projects/objectfolder_benchmark/benchmarks/Multi_Sensory_3D_Reconstruction/code/models/MDN
Start_idx:  787
mem:  1536
mem:  1917440
mem:  1905152
mem:  1861632
mem:  1902080
mem:  1870848
mem:  1856512
mem:  1858048
mem:  1904640
mem:  1867264
mem:  1859072
mem:  1844736
mem:  1849856
mem:  1915904
mem:  1920000
mem:  1931264
mem:  1904640
mem:  1895424
mem:  1881088
mem:  1927680
mem:  1926656
mem:  1921024
mem:  1939456
mem:  1947136
mem:  1923072
mem:  1911296
mem:  1945600
mem:  1921536
mem:  1906176
mem:  1897984
mem:  1883648
mem:  1897472
mem:  1931776
mem:  1946624
mem:  1948160
mem:  1924096
mem:  1905152
mem:  1943040
mem:  1947136
mem:  1936384
mem:  1928192
mem:  1933312
mem:  1970176
mem:  1975296
mem:  1950208
mem:  1909248
mem:  1988608
mem:  1912320
mem:  1914880
mem:  1938432
mem:  1946112
mem:  1925632
mem:  1985536
mem:  1983488
mem:  1985024
mem:  1986560
mem:  1985536
mem:  1948160
mem:  1929216
mem:  1951232
mem:  1929728
mem:  1999360
mem:  1993728
mem:  1989120
mem:  1961472
mem:  1986048
mem:  1999872
mem:  1989120
mem:  1948160
mem:  1930240
mem:  1974272
mem:  1943040
mem:  1999360
mem:  1969152
mem:  2006016
mem:  2007552
mem:  2035712
mem:  2010624
mem:  2018304
mem:  1955328
mem:  1976320
mem:  2020352
mem:  1953792
mem:  2029568
mem:  1995776
mem:  2032640
mem:  2011136
mem:  2033152
mem:  2037248
mem:  1984000
mem:  2034176
mem:  2041856
mem:  2021376
mem:  2051072
mem:  2020864
mem:  2057728
mem:  2053120
mem:  2012160
mem:  2050048
mem:  2018816
