SLURM_JOBID=5049660
SLURM_JOB_NODELIST=svl17
SLURM_NNODES=1
SLURMTMPDIR=
working directory = /viscam/projects/objectfolder_benchmark/benchmarks/Multi_Sensory_3D_Reconstruction/code/models/MDN
Start_idx:  187
mem:  1536
mem:  1871360
mem:  1901568
mem:  1894400
mem:  1898496
mem:  1929216
mem:  1914880
mem:  1910272
mem:  1908224
mem:  1883136
mem:  1888256
mem:  1909248
mem:  1927680
mem:  1909760
mem:  1943040
mem:  1903104
mem:  1946112
mem:  1912320
mem:  1929728
mem:  1909248
mem:  1913344
mem:  1908736
mem:  1906688
mem:  1953280
mem:  1893888
mem:  1934336
mem:  1918976
mem:  1933824
mem:  1915904
mem:  1927168
mem:  1948160
mem:  1930240
mem:  1937920
mem:  1952768
mem:  1944576
mem:  1933824
mem:  1963520
mem:  1955328
mem:  1979904
mem:  1952256
mem:  1944064
mem:  1955328
mem:  1947136
mem:  1948672
mem:  1944064
mem:  1971200
mem:  1940992
mem:  1954816
mem:  1959936
mem:  1925120
mem:  1966592
mem:  1970688
mem:  1975808
mem:  1977344
mem:  1943552
mem:  1954816
mem:  1984512
mem:  2009088
mem:  1968128
mem:  1999872
mem:  1965056
mem:  1999360
mem:  1987584
mem:  2014720
mem:  1980928
mem:  1995776
mem:  1997312
mem:  1985536
mem:  1954304
mem:  2001920
mem:  1976832
mem:  1991680
mem:  2032128
mem:  2010624
mem:  1951232
mem:  2004992
mem:  2022400
mem:  2020352
mem:  2002432
mem:  1949184
mem:  1986048
mem:  2010624
mem:  2014720
mem:  2023424
mem:  1986048
mem:  2003456
mem:  2024448
mem:  2025984
mem:  1988608
mem:  2032640
mem:  2037760
mem:  2058752
mem:  2014208
mem:  2032640
mem:  2056192
mem:  2024960
mem:  2023936
mem:  2044928
mem:  2039296
mem:  2028544
