SLURM_JOBID=5049815
SLURM_JOB_NODELIST=svl17
SLURM_NNODES=1
SLURMTMPDIR=
working directory = /viscam/projects/objectfolder_benchmark/benchmarks/Multi_Sensory_3D_Reconstruction/code/models/MDN
Start_idx:  371
mem:  1536
mem:  1920000
mem:  1899008
mem:  1910272
mem:  1872896
mem:  1925632
mem:  1927168
mem:  1861632
mem:  1917952
mem:  1896448
mem:  1901568
mem:  1938432
mem:  1914368
mem:  1906176
mem:  1939456
mem:  1915392
mem:  1871872
mem:  1931776
mem:  1923584
mem:  1905664
mem:  1930240
mem:  1947648
mem:  1942016
mem:  1921536
mem:  1946112
mem:  1950208
mem:  1912832
mem:  1960448
mem:  1964544
mem:  1952768
mem:  1925120
mem:  1924096
mem:  1931776
mem:  1966080
mem:  1954304
mem:  1969152
mem:  1924608
mem:  1956352
mem:  1928704
mem:  1939968
mem:  1934336
mem:  1945600
mem:  1940992
mem:  1932800
mem:  1979392
mem:  1990656
mem:  1956864
mem:  1948672
mem:  1969664
mem:  1973760
mem:  1953280
mem:  1974272
mem:  1956352
mem:  1980928
mem:  1969152
mem:  1970688
mem:  1972224
mem:  1989632
mem:  1968128
mem:  1986560
mem:  1961472
mem:  1993216
mem:  2007040
mem:  2014720
mem:  1990656
mem:  2005504
mem:  1974272
mem:  1982976
mem:  2012672
mem:  2014208
mem:  1980416
mem:  2017280
mem:  2000384
mem:  2010624
mem:  2012160
mem:  2011136
mem:  1993216
mem:  2016768
mem:  2012160
mem:  2027008
mem:  1992192
mem:  2020352
mem:  1992704
mem:  2035712
mem:  2028544
mem:  2016768
mem:  1998848
mem:  2055168
mem:  2044416
mem:  2025472
mem:  2050048
mem:  2048000
mem:  2014208
mem:  2029056
mem:  2036736
mem:  2051584
mem:  2059264
mem:  2054656
mem:  2033152
mem:  2044416
