SLURM_JOBID=5049725
SLURM_JOB_NODELIST=svl1
SLURM_NNODES=1
SLURMTMPDIR=
working directory = /viscam/projects/objectfolder_benchmark/benchmarks/Multi_Sensory_3D_Reconstruction/code/models/MDN
Start_idx:  268
mem:  1536
mem:  1904128
mem:  1908736
mem:  1910272
mem:  1911808
mem:  1923072
mem:  1924608
mem:  1916416
mem:  1885184
mem:  1929216
mem:  1917440
mem:  1928704
mem:  1930240
mem:  1889280
mem:  1943040
mem:  1934848
mem:  1916928
mem:  1941504
mem:  1907712
mem:  1931264
mem:  1938944
mem:  1930752
mem:  1949184
mem:  1927680
mem:  1952256
mem:  1937920
mem:  1955328
mem:  1963008
mem:  1948672
mem:  1944064
mem:  1957888
mem:  1963008
mem:  1967104
mem:  1923584
mem:  1961472
mem:  1959424
mem:  1973248
mem:  1966080
mem:  1944576
mem:  1965568
mem:  1982976
mem:  1974784
mem:  1976320
mem:  1964544
mem:  1979392
mem:  1990656
mem:  1972736
mem:  1984000
mem:  1973248
mem:  1994240
mem:  1994752
mem:  1974272
mem:  1985536
mem:  1970176
mem:  1955840
mem:  1992704
mem:  2007552
mem:  2002944
mem:  1997312
mem:  2009600
mem:  1997824
mem:  1970176
mem:  2003456
mem:  1992704
mem:  1994240
mem:  2008064
mem:  1990144
mem:  1982976
mem:  2016256
mem:  2008064
mem:  1967104
mem:  1991680
mem:  2018816
mem:  2031104
mem:  2003456
mem:  2017280
mem:  2022400
mem:  2030080
mem:  2006016
mem:  2020864
mem:  2015232
mem:  2033664
mem:  2034176
mem:  2033152
mem:  2008064
mem:  1984000
mem:  2040320
mem:  2029568
mem:  2056704
mem:  2044928
mem:  2043904
mem:  2045440
mem:  2037248
mem:  2044928
mem:  2065920
mem:  2002944
mem:  2014208
mem:  2051072
mem:  2062336
mem:  2031104
