SLURM_JOBID=5049757
SLURM_JOB_NODELIST=svl17
SLURM_NNODES=1
SLURMTMPDIR=
working directory = /viscam/projects/objectfolder_benchmark/benchmarks/Multi_Sensory_3D_Reconstruction/code/models/MDN
Start_idx:  290
mem:  1536
mem:  1910272
mem:  1918464
mem:  1916416
mem:  1925120
mem:  1926656
mem:  1921024
mem:  1922560
mem:  1927680
mem:  1906176
mem:  1905152
mem:  1922560
mem:  1924096
mem:  1922048
mem:  1923584
mem:  1944576
mem:  1939968
mem:  1922048
mem:  1936896
mem:  1931264
mem:  1932800
mem:  1953792
mem:  1951744
mem:  1943552
mem:  1954816
mem:  1936896
mem:  1961472
mem:  1953280
mem:  1960960
mem:  1956352
mem:  1957888
mem:  1956864
mem:  1970688
mem:  1966080
mem:  1964032
mem:  1959424
mem:  1963520
mem:  1974784
mem:  1979904
mem:  1981440
mem:  1969664
mem:  1978368
mem:  1960448
mem:  1987584
mem:  1989120
mem:  1977344
mem:  1988608
mem:  1991168
mem:  1995264
mem:  1983488
mem:  1998336
mem:  1990144
mem:  1998848
mem:  2002944
mem:  1991168
mem:  1992704
mem:  2004992
mem:  2002944
mem:  1998336
mem:  2009600
mem:  1997824
mem:  2011648
mem:  2016768
mem:  2018304
mem:  2017280
mem:  2005504
mem:  2013184
mem:  1995264
mem:  2006528
mem:  2023936
mem:  2019328
mem:  1981952
mem:  2012672
mem:  2033664
mem:  2012160
mem:  2020864
mem:  2002944
mem:  2039808
mem:  2031616
mem:  2030592
mem:  2038272
mem:  1997312
mem:  2047488
mem:  2049024
mem:  2044416
mem:  2049536
mem:  2028032
mem:  2049024
mem:  2046976
mem:  2032640
mem:  2059776
mem:  2006528
mem:  2043392
mem:  2031616
mem:  2065920
mem:  2064896
mem:  2059264
mem:  2057216
mem:  2072064
mem:  2073600
