SLURM_JOBID=5049563
SLURM_JOB_NODELIST=svl2
SLURM_NNODES=1
SLURMTMPDIR=
working directory = /viscam/projects/objectfolder_benchmark/benchmarks/Multi_Sensory_3D_Reconstruction/code/models/MDN
Start_idx:  88
mem:  1536
mem:  1917440
mem:  1922048
mem:  1881088
mem:  1898496
mem:  1897472
mem:  1908736
mem:  1928704
mem:  1902080
mem:  1880576
mem:  1905152
mem:  1925120
mem:  1891328
mem:  1892864
mem:  1913856
mem:  1925120
mem:  1903616
mem:  1896448
mem:  1949184
mem:  1909248
mem:  1923072
mem:  1918464
mem:  1949184
mem:  1931264
mem:  1948672
mem:  1944064
mem:  1958912
mem:  1959424
mem:  1960960
mem:  1930752
mem:  1942016
mem:  1916928
mem:  1912320
mem:  1956352
mem:  1944576
mem:  1942528
mem:  1937920
mem:  1956352
mem:  1973760
mem:  1920512
mem:  1950208
mem:  1945600
mem:  1950720
mem:  1977856
mem:  1959936
mem:  1984512
mem:  1992192
mem:  1961984
mem:  1946624
mem:  1983488
mem:  1963008
mem:  1960960
mem:  1966080
mem:  1964032
mem:  1969152
mem:  1957376
mem:  1991680
mem:  1960448
mem:  2004480
mem:  1998848
mem:  1968640
mem:  1986048
mem:  2000896
mem:  1973248
mem:  2000384
mem:  2017792
mem:  1997312
mem:  1969664
mem:  1996800
mem:  1995776
mem:  1996288
mem:  1991680
mem:  2002944
mem:  1994752
mem:  2003456
mem:  1991680
mem:  2038272
mem:  2004480
mem:  2002432
mem:  2039296
mem:  2015232
mem:  2020352
mem:  2028032
mem:  2013696
mem:  2008064
mem:  2010624
mem:  2047488
mem:  2041856
mem:  2021376
mem:  2036224
mem:  2028032
mem:  2032128
mem:  2033664
mem:  2048512
mem:  2042880
mem:  2028544
mem:  2049536
mem:  2041344
mem:  2062336
mem:  2034688
