SLURM_JOBID=5050259
SLURM_JOB_NODELIST=svl1
SLURM_NNODES=1
SLURMTMPDIR=
working directory = /viscam/projects/objectfolder_benchmark/benchmarks/Multi_Sensory_3D_Reconstruction/code/models/MDN
Start_idx:  871
mem:  1536
mem:  1920000
mem:  1895424
mem:  1906688
mem:  1895936
mem:  1890304
mem:  1927168
mem:  1912832
mem:  1917952
mem:  1935360
mem:  1927168
mem:  1905664
mem:  1904640
mem:  1937920
mem:  1923584
mem:  1899520
mem:  1907200
mem:  1912320
mem:  1943040
mem:  1925120
mem:  1903616
mem:  1914880
mem:  1913856
mem:  1934848
mem:  1909760
mem:  1924608
mem:  1916416
mem:  1933824
mem:  1945088
mem:  1952768
mem:  1942016
mem:  1939968
mem:  1935360
mem:  1962496
mem:  1954304
mem:  1971712
mem:  1951232
mem:  1962496
mem:  1947136
mem:  1942528
mem:  1957376
mem:  1984512
mem:  1960448
mem:  1987584
mem:  1930752
mem:  1978368
mem:  1947136
mem:  1987584
mem:  1959936
mem:  1961472
mem:  1998336
mem:  1977856
mem:  1989120
mem:  1971200
mem:  2000896
mem:  1999872
mem:  1972224
mem:  1976320
mem:  1981440
mem:  2009600
mem:  2003968
mem:  1979904
mem:  1968128
mem:  1998848
mem:  1978368
mem:  1982464
mem:  1997312
mem:  1985536
mem:  1987072
mem:  1992192
mem:  2009600
mem:  2030592
mem:  2012672
mem:  2004480
mem:  2022912
mem:  2027008
mem:  2032128
mem:  1998336
mem:  2002432
mem:  1988096
mem:  1995776
mem:  2007040
mem:  2037760
mem:  2039296
mem:  2024960
mem:  2016768
mem:  2050048
mem:  2022400
mem:  2056704
mem:  2006016
mem:  2011136
mem:  2041856
mem:  2023936
mem:  2048512
mem:  2033152
mem:  2054144
mem:  2045952
mem:  2057216
mem:  2013696
mem:  2057728
