SLURM_JOBID=5050405
SLURM_JOB_NODELIST=svl9
SLURM_NNODES=1
SLURMTMPDIR=
working directory = /viscam/projects/objectfolder_benchmark/benchmarks/Multi_Sensory_3D_Reconstruction/code/models/MDN
Start_idx:  992
mem:  1536
mem:  1878528
mem:  1852928
mem:  1887232
mem:  1882624
mem:  1867264
mem:  1899008
mem:  1906688
mem:  1901056
mem:  1870848
mem:  1878528
mem:  1883648
mem:  1914368
mem:  1879552
mem:  1917440
mem:  1918976
mem:  1916928
mem:  1934336
mem:  1920000
mem:  1921536
mem:  1893888
mem:  1895424
mem:  1926144
mem:  1917952
mem:  1923072
mem:  1907712
mem:  1961472
mem:  1939968
mem:  1913344
mem:  1940480
mem:  1896960
mem:  1946112
mem:  1935360
mem:  1904128
mem:  1905664
mem:  1936384
mem:  1947648
mem:  1894400
mem:  1921536
mem:  1916928
mem:  1982976
mem:  1965056
mem:  1960448
mem:  1965568
mem:  1930752
mem:  1967616
mem:  1933824
mem:  1938944
mem:  1943040
mem:  1922560
mem:  1943552
mem:  1960960
mem:  1969664
mem:  1971200
mem:  1943552
mem:  1970688
mem:  1975808
mem:  1956864
mem:  2000896
mem:  1976832
mem:  1978368
mem:  1989632
mem:  1987584
mem:  1992704
mem:  1965056
mem:  1972736
mem:  1968128
mem:  1956352
mem:  1973760
mem:  2005504
mem:  2009600
mem:  2020864
mem:  2012672
mem:  1988608
mem:  2025472
mem:  1997824
mem:  1979904
mem:  2007040
mem:  2002432
mem:  2001408
mem:  2024960
mem:  1997312
mem:  2024448
mem:  2013696
mem:  2031104
mem:  2016768
mem:  2001408
mem:  2019840
mem:  2023936
mem:  2044928
mem:  2050048
mem:  2032128
mem:  2062848
mem:  2051072
mem:  2011136
mem:  2038272
mem:  2043392
mem:  2006016
mem:  2036736
mem:  2038272
