SLURM_JOBID=5050137
SLURM_JOB_NODELIST=svl7
SLURM_NNODES=1
SLURMTMPDIR=
working directory = /viscam/projects/objectfolder_benchmark/benchmarks/Multi_Sensory_3D_Reconstruction/code/models/MDN
Start_idx:  747
mem:  1536
mem:  1907712
mem:  1921024
mem:  1922560
mem:  1915392
mem:  1897472
mem:  1930752
mem:  1932288
mem:  1924096
mem:  1896448
mem:  1936896
mem:  1925120
mem:  1926656
mem:  1922048
mem:  1901568
mem:  1911808
mem:  1946112
mem:  1922048
mem:  1943040
mem:  1921536
mem:  1932800
mem:  1924608
mem:  1939456
mem:  1927680
mem:  1942528
mem:  1959936
mem:  1920000
mem:  1959424
mem:  1938944
mem:  1956352
mem:  1942016
mem:  1933824
mem:  1951232
mem:  1972224
mem:  1942016
mem:  1946112
mem:  1957376
mem:  1952768
mem:  1970176
mem:  1955840
mem:  1960960
mem:  1978368
mem:  1960448
mem:  1964544
mem:  1969664
mem:  1977344
mem:  1947136
mem:  1970688
mem:  1959936
mem:  1973760
mem:  1988608
mem:  1974272
mem:  1988096
mem:  1987072
mem:  1994752
mem:  1999872
mem:  1962496
mem:  1993216
mem:  1994752
mem:  1982976
mem:  1988096
mem:  1992192
mem:  1991168
mem:  2018304
mem:  2016256
mem:  2017792
mem:  1984000
mem:  2011136
mem:  2010112
mem:  2021376
mem:  2029056
mem:  2024448
mem:  1996800
mem:  2023936
mem:  2006016
mem:  1991680
mem:  2028544
mem:  2030080
mem:  2015744
mem:  2030592
mem:  2021376
mem:  2010624
mem:  2034176
mem:  2017280
mem:  2024960
mem:  2007040
mem:  2037760
mem:  2035712
mem:  2044416
mem:  2015744
mem:  2024448
mem:  2045440
mem:  2056704
mem:  2064384
mem:  2017280
mem:  2035712
mem:  2036224
mem:  2044928
mem:  2056192
mem:  2040832
